model 06ab0d67e138c291a10460fb1fba628e74c001df2fbe7c05a60b85d8 state_dict has not been found
Model was not found
Namespace(co2=False, depth=5.0, disp=-1, domain='global', epoch=0, latitude=False, linsupres=False, lossfun='MSE', lr=0.01, lsrp_span=12, maxepoch=100, minibatch=2, mode='train', normalization='standard', num_workers=10, parts=[2, 2], persistent_workers=False, prefetch_factor=1, relog=False, rerun=False, sigma=8, temperature=True)
data_address /scratch/zanna/data/cm2.6/coarse_8_beneath_surface.zarr
epochs started
model ba4c19b045af244f92ef5415cc764437d466e1160cc3db553a461431 state_dict has been found
Loaded the existing model
Loaded the existing model
Namespace(co2=False, depth=5.0, disp=-1, domain='global', epoch=3, latitude=False, linsupres=False, lossfun='MSE', lr=0.01, lsrp_span=12, maxepoch=100, minibatch=16, mode='train', normalization='standard', num_workers=16, parts=[2, 2], persistent_workers=False, prefetch_factor=1, relog=False, rerun=False, sigma=8, temperature=True)
data_address /scratch/zanna/data/cm2.6/coarse_8_beneath_surface.zarr
epochs started
#epoch  3    val-loss:  2.4660558826044987  train-loss:  2.1268861261196434  lr:  0.01
#epoch  4    val-loss:  2.4510613115210282  train-loss:  2.1182628530077636  lr:  0.01
#epoch  5    val-loss:  2.4750435477808903  train-loss:  2.111938508693129  lr:  0.01
#epoch  6    val-loss:  2.5132967610108223  train-loss:  2.105637680273503  lr:  0.01
#epoch  7    val-loss:  2.467996697676809  train-loss:  2.1013751830905676  lr:  0.005
#epoch  8    val-loss:  2.4634169591100594  train-loss:  2.099256766960025  lr:  0.005
model ba4c19b045af244f92ef5415cc764437d466e1160cc3db553a461431 state_dict has been found
Loaded the existing model
Loaded the existing model
Namespace(co2=False, depth=5.0, disp=-1, domain='global', epoch=8, latitude=False, linsupres=False, lossfun='MSE', lr=0.01, lsrp_span=12, maxepoch=100, minibatch=16, mode='train', normalization='standard', num_workers=16, parts=[2, 2], persistent_workers=False, prefetch_factor=1, relog=False, rerun=False, sigma=8, temperature=True)
data_address /scratch/zanna/data/cm2.6/coarse_8_beneath_surface.zarr
epochs started
#epoch  8    val-loss:  2.467793922675283  train-loss:  2.1061790850944817  lr:  0.005
#epoch  9    val-loss:  2.4518220173685172  train-loss:  2.100900053512305  lr:  0.005
#epoch  10    val-loss:  2.475218559566297  train-loss:  2.0998616055585444  lr:  0.005
