data_address /scratch/zanna/data/cm2.6/coarse_8_beneath_surface.zarr
time #	 0
time #	 1
time #	 2
time #	 3
time #	 4
time #	 5
time #	 6
time #	 7
time #	 8
time #	 9
time #	 10
time #	 11
time #	 12
time #	 13
time #	 14
time #	 15
time #	 16
time #	 17
time #	 18
time #	 19
time #	 20
time #	 21
time #	 22
time #	 23
time #	 24
time #	 25
time #	 26
time #	 27
time #	 28
time #	 29
time #	 30
time #	 31
time #	 32
time #	 33
time #	 34
time #	 35
time #	 36
time #	 37
time #	 38
time #	 39
time #	 40
time #	 41
time #	 42
time #	 43
time #	 44
time #	 45
time #	 46
time #	 47
time #	 48
time #	 49
time #	 50
time #	 51
time #	 52
time #	 53
time #	 54
time #	 55
time #	 56
time #	 57
time #	 58
time #	 59
time #	 60
time #	 61
time #	 62
time #	 63
time #	 64
absolute:
		u:		[0.0, 0.055671769337262186]
		v:		[0.0, 0.037474237386016455]
		T:		[0.0, 8.307455977272356]
		Su:		[0.0, 0.006458207744821649]
		Sv:		[0.0, 0.0059531949069328675]
		ST:		[0.0, 0.025342071240709176]
		lsrp_res_Su:		[0.0, 0.00223726361940458]
		lsrp_res_Sv:		[0.0, 0.0019009509577667784]
		lsrp_res_ST:		[0.0, 0.009946550417562938]
standard:
		u:		[0.020272335656588744, 0.10264384338043626]
		v:		[-0.0004714469833636134, 0.06485260415427287]
		T:		[8.04790912760906, 7.688777168054676]
		Su:		[4.7686318971120164e-05, 0.01833302279231193]
		Sv:		[-0.00036115658745826683, 0.017211770675197777]
		ST:		[-3.6302802880595563e-05, 0.06457017232606588]
		lsrp_res_Su:		[-0.0004593539802173111, 0.0057335892540037675]
		lsrp_res_Sv:		[-0.0007214974214728089, 0.0048450873101508534]
		lsrp_res_ST:		[-0.00010244756449486458, 0.02210816674488513]
