data_address /scratch/zanna/data/cm2.6/coarse_16_beneath_surface.zarr
time #	 0
time #	 1
time #	 2
time #	 3
time #	 4
time #	 5
time #	 6
time #	 7
time #	 8
time #	 9
time #	 10
time #	 11
time #	 12
time #	 13
time #	 14
time #	 15
time #	 16
time #	 17
time #	 18
time #	 19
time #	 20
time #	 21
time #	 22
time #	 23
time #	 24
time #	 25
time #	 26
time #	 27
time #	 28
time #	 29
time #	 30
time #	 31
time #	 32
time #	 33
time #	 34
time #	 35
time #	 36
time #	 37
time #	 38
time #	 39
time #	 40
time #	 41
time #	 42
time #	 43
time #	 44
time #	 45
time #	 46
time #	 47
time #	 48
time #	 49
time #	 50
time #	 51
time #	 52
time #	 53
time #	 54
time #	 55
time #	 56
time #	 57
time #	 58
time #	 59
time #	 60
time #	 61
time #	 62
time #	 63
time #	 64
absolute:
		u:		[0.0, 0.04878400952536133]
		v:		[0.0, 0.02501769495477908]
		T:		[0.0, 8.5881757763152]
		Su:		[0.0, 0.0043978459737399325]
		Sv:		[0.0, 0.0043348495714961395]
		ST:		[0.0, 0.013371239692332127]
		lsrp_res_Su:		[0.0, 0.0028242487538062866]
		lsrp_res_Sv:		[0.0, 0.0027256475840774373]
		lsrp_res_ST:		[0.0, 0.0086059424504627]
standard:
		u:		[0.021309093494003877, 0.08962820441615302]
		v:		[0.0005218095951046572, 0.04145370654862388]
		T:		[7.881389628614944, 8.655021228359873]
		Su:		[-0.00041332114021772195, 0.01146487164556792]
		Sv:		[-0.0012260681297832996, 0.010349175521786158]
		ST:		[0.00025351401956019573, 0.03161914244633818]
		lsrp_res_Su:		[-0.0006180814642139013, 0.006324086669295886]
		lsrp_res_Sv:		[-0.0012263781511202513, 0.006043311991247318]
		lsrp_res_ST:		[0.0002714848286730298, 0.0177338731002346]
