data_address /scratch/zanna/data/cm2.6/coarse_16_beneath_surface.zarr
time #	 0
time #	 1
time #	 2
time #	 3
time #	 4
time #	 5
time #	 6
time #	 7
time #	 8
time #	 9
time #	 10
time #	 11
time #	 12
time #	 13
time #	 14
time #	 15
time #	 16
time #	 17
time #	 18
time #	 19
time #	 20
time #	 21
time #	 22
time #	 23
time #	 24
time #	 25
time #	 26
time #	 27
time #	 28
time #	 29
time #	 30
time #	 31
time #	 32
time #	 33
time #	 34
time #	 35
time #	 36
time #	 37
time #	 38
time #	 39
time #	 40
time #	 41
time #	 42
time #	 43
time #	 44
time #	 45
time #	 46
time #	 47
time #	 48
time #	 49
time #	 50
time #	 51
time #	 52
time #	 53
time #	 54
time #	 55
time #	 56
time #	 57
time #	 58
time #	 59
time #	 60
time #	 61
time #	 62
time #	 63
time #	 64
absolute:
		u:		[0.0, 0.013644285314074666]
		v:		[0.0, 0.008948579472842649]
		T:		[0.0, 2.0233718539526038]
		Su:		[0.0, 0.000469087954638193]
		Sv:		[0.0, 0.0004538553036425104]
		ST:		[0.0, 0.0006367354530457496]
		lsrp_res_Su:		[0.0, 0.0003038535839822675]
		lsrp_res_Sv:		[0.0, 0.0002831491785774822]
		lsrp_res_ST:		[0.0, 0.0004138629726842709]
standard:
		u:		[0.005818299390550131, 0.018985859924478314]
		v:		[-0.0019492922756183327, 0.013451875064250645]
		T:		[2.0233718539526038, 0.8590800863413863]
		Su:		[-8.536260898937844e-05, 0.0009496277805772385]
		Sv:		[-0.0001513993919640433, 0.0009214863772027858]
		ST:		[5.438648043308314e-07, 0.0013313869143784017]
		lsrp_res_Su:		[-7.442573241385623e-05, 0.0006048198499803454]
		lsrp_res_Sv:		[-0.0001306566969758263, 0.0005476562506444583]
		lsrp_res_ST:		[1.1497593004847547e-05, 0.0008340657862524604]
