data_address /scratch/zanna/data/cm2.6/coarse_12_beneath_surface.zarr
time #	 0
time #	 1
time #	 2
time #	 3
time #	 4
time #	 5
time #	 6
time #	 7
time #	 8
time #	 9
time #	 10
time #	 11
time #	 12
time #	 13
time #	 14
time #	 15
time #	 16
time #	 17
time #	 18
time #	 19
time #	 20
time #	 21
time #	 22
time #	 23
time #	 24
time #	 25
time #	 26
time #	 27
time #	 28
time #	 29
time #	 30
time #	 31
time #	 32
time #	 33
time #	 34
time #	 35
time #	 36
time #	 37
time #	 38
time #	 39
time #	 40
time #	 41
time #	 42
time #	 43
time #	 44
time #	 45
time #	 46
time #	 47
time #	 48
time #	 49
time #	 50
time #	 51
time #	 52
time #	 53
time #	 54
time #	 55
time #	 56
time #	 57
time #	 58
time #	 59
time #	 60
time #	 61
time #	 62
time #	 63
time #	 64
absolute:
		u:		[0.0, 0.014473099831978906]
		v:		[0.0, 0.010729484755803273]
		T:		[0.0, 2.101167191395267]
		Su:		[0.0, 0.0005728718556514494]
		Sv:		[0.0, 0.0005130735108043072]
		ST:		[0.0, 0.0007228616362623623]
		lsrp_res_Su:		[0.0, 0.00026900386162156096]
		lsrp_res_Sv:		[0.0, 0.00022574811501242207]
		lsrp_res_ST:		[0.0, 0.000334618616798534]
standard:
		u:		[0.004309719828998992, 0.021677790846844194]
		v:		[-0.0011496846697352328, 0.01736618985858216]
		T:		[2.101167191395267, 0.9637390647315655]
		Su:		[-1.30838968759104e-05, 0.001373289764499054]
		Sv:		[-6.220139843101628e-05, 0.0012463379481626286]
		ST:		[-7.893043158701634e-06, 0.001700973493251569]
		lsrp_res_Su:		[-4.943154103955408e-05, 0.0005869016465101167]
		lsrp_res_Sv:		[-9.077030115464185e-05, 0.0004897942122090173]
		lsrp_res_ST:		[1.2009575232000938e-05, 0.0007590026807362022]
