data_address /scratch/zanna/data/cm2.6/coarse_12_beneath_surface.zarr
time #	 0
time #	 1
time #	 2
time #	 3
time #	 4
time #	 5
time #	 6
time #	 7
time #	 8
time #	 9
time #	 10
time #	 11
time #	 12
time #	 13
time #	 14
time #	 15
time #	 16
time #	 17
time #	 18
time #	 19
time #	 20
time #	 21
time #	 22
time #	 23
time #	 24
time #	 25
time #	 26
time #	 27
time #	 28
time #	 29
time #	 30
time #	 31
time #	 32
time #	 33
time #	 34
time #	 35
time #	 36
time #	 37
time #	 38
time #	 39
time #	 40
time #	 41
time #	 42
time #	 43
time #	 44
time #	 45
time #	 46
time #	 47
time #	 48
time #	 49
time #	 50
time #	 51
time #	 52
time #	 53
time #	 54
time #	 55
time #	 56
time #	 57
time #	 58
time #	 59
time #	 60
time #	 61
time #	 62
time #	 63
time #	 64
absolute:
		u:		[0.0, 0.03463073894872017]
		v:		[0.0, 0.022379165184105092]
		T:		[0.0, 5.919822754281694]
		Su:		[0.0, 0.003234007794069335]
		Sv:		[0.0, 0.0032267750537571557]
		ST:		[0.0, 0.00860166420926044]
		lsrp_res_Su:		[0.0, 0.0017074217537890596]
		lsrp_res_Sv:		[0.0, 0.0015549264090533674]
		lsrp_res_ST:		[0.0, 0.0049650104467868295]
standard:
		u:		[0.01774637637313509, 0.05178100771134475]
		v:		[-0.0014563303737944355, 0.03695948231676139]
		T:		[5.919822754281694, 4.35921697271384]
		Su:		[-0.00017468612562978093, 0.00845631973656404]
		Sv:		[-0.0004636828577019732, 0.00866981350732021]
		ST:		[0.00014949220564930963, 0.025916432926362948]
		lsrp_res_Su:		[-0.0003376049198874574, 0.004294636467101515]
		lsrp_res_Sv:		[-0.0005998283198177922, 0.0038574512159300855]
		lsrp_res_ST:		[-3.7454619818877224e-05, 0.013616126279601943]
