data_address /scratch/zanna/data/cm2.6/coarse_16_beneath_surface.zarr
time #	 0
time #	 1
time #	 2
time #	 3
time #	 4
time #	 5
time #	 6
time #	 7
time #	 8
time #	 9
time #	 10
time #	 11
time #	 12
time #	 13
time #	 14
time #	 15
time #	 16
time #	 17
time #	 18
time #	 19
time #	 20
time #	 21
time #	 22
time #	 23
time #	 24
time #	 25
time #	 26
time #	 27
time #	 28
time #	 29
time #	 30
time #	 31
time #	 32
time #	 33
time #	 34
time #	 35
time #	 36
time #	 37
time #	 38
time #	 39
time #	 40
time #	 41
time #	 42
time #	 43
time #	 44
time #	 45
time #	 46
time #	 47
time #	 48
time #	 49
time #	 50
time #	 51
time #	 52
time #	 53
time #	 54
time #	 55
time #	 56
time #	 57
time #	 58
time #	 59
time #	 60
time #	 61
time #	 62
time #	 63
time #	 64
absolute:
		u:		[0.0, 0.07874161233045784]
		v:		[0.0, 0.0428629377153633]
		T:		[0.0, 9.885259135108111]
		Su:		[0.0, 0.004926387490549406]
		Sv:		[0.0, 0.005056995887424246]
		ST:		[0.0, 0.013549259246928397]
		lsrp_res_Su:		[0.0, 0.003134969959633499]
		lsrp_res_Sv:		[0.0, 0.003135915421566002]
		lsrp_res_ST:		[0.0, 0.008182024599053036]
standard:
		u:		[0.023640530325908203, 0.1168586448166422]
		v:		[0.01653573240296797, 0.05676756560507364]
		T:		[9.319130636195556, 9.386855173766998]
		Su:		[-0.0006367765348486152, 0.011893813802312704]
		Sv:		[-0.0015059343120717513, 0.01197507641225292]
		ST:		[0.0036980848453609387, 0.0316159567805561]
		lsrp_res_Su:		[-0.0007432119643170696, 0.007119447968935907]
		lsrp_res_Sv:		[-0.0015363890410764116, 0.006939517382185807]
		lsrp_res_ST:		[0.003088972615890827, 0.01742305046159643]
