data_address /scratch/zanna/data/cm2.6/coarse_4_beneath_surface.zarr
time #	 0
time #	 1
time #	 2
time #	 3
time #	 4
time #	 5
time #	 6
time #	 7
time #	 8
time #	 9
time #	 10
time #	 11
time #	 12
time #	 13
time #	 14
time #	 15
time #	 16
time #	 17
time #	 18
time #	 19
time #	 20
time #	 21
time #	 22
time #	 23
time #	 24
time #	 25
time #	 26
time #	 27
time #	 28
time #	 29
time #	 30
time #	 31
time #	 32
time #	 33
time #	 34
time #	 35
time #	 36
time #	 37
time #	 38
time #	 39
time #	 40
time #	 41
time #	 42
time #	 43
time #	 44
time #	 45
time #	 46
time #	 47
time #	 48
time #	 49
time #	 50
time #	 51
time #	 52
time #	 53
time #	 54
time #	 55
time #	 56
time #	 57
time #	 58
time #	 59
time #	 60
time #	 61
time #	 62
time #	 63
time #	 64
absolute:
		u:		[0.0, 0.06920529957232947]
		v:		[0.0, 0.051262436664049095]
		T:		[0.0, 8.910736000528484]
		Su:		[0.0, 0.006535508830097448]
		Sv:		[0.0, 0.00569468762552935]
		ST:		[0.0, 0.030230718148120096]
		lsrp_res_Su:		[0.0, 0.0012207316078977927]
		lsrp_res_Sv:		[0.0, 0.0009032842743830941]
		lsrp_res_ST:		[0.0, 0.006975898122388613]
standard:
		u:		[0.017693388461539745, 0.12578879988525105]
		v:		[-3.824850095664348e-05, 0.08845443476819677]
		T:		[8.611329819306992, 8.131286553580471]
		Su:		[0.0005251071059599143, 0.019502411769865377]
		Sv:		[0.0005385492753978835, 0.016944643327259118]
		ST:		[0.00021911006140684584, 0.07826198626946604]
		lsrp_res_Su:		[-0.0001872769136392656, 0.0031393566883232407]
		lsrp_res_Sv:		[-0.0002791567880022992, 0.002302109530678678]
		lsrp_res_ST:		[1.5265564044910117e-05, 0.01668432840698822]
