data_address /scratch/zanna/data/cm2.6/coarse_8_beneath_surface.zarr
time #	 0
time #	 1
time #	 2
time #	 3
time #	 4
time #	 5
time #	 6
time #	 7
time #	 8
time #	 9
time #	 10
time #	 11
time #	 12
time #	 13
time #	 14
time #	 15
time #	 16
time #	 17
time #	 18
time #	 19
time #	 20
time #	 21
time #	 22
time #	 23
time #	 24
time #	 25
time #	 26
time #	 27
time #	 28
time #	 29
time #	 30
time #	 31
time #	 32
time #	 33
time #	 34
time #	 35
time #	 36
time #	 37
time #	 38
time #	 39
time #	 40
time #	 41
time #	 42
time #	 43
time #	 44
time #	 45
time #	 46
time #	 47
time #	 48
time #	 49
time #	 50
time #	 51
time #	 52
time #	 53
time #	 54
time #	 55
time #	 56
time #	 57
time #	 58
time #	 59
time #	 60
time #	 61
time #	 62
time #	 63
time #	 64
absolute:
		u:		[0.0, 0.08949550031470412]
		v:		[0.0, 0.05682203875673371]
		T:		[0.0, 11.159047331870916]
		Su:		[0.0, 0.008220985422786655]
		Sv:		[0.0, 0.007847362760584878]
		ST:		[0.0, 0.02242832276688602]
		lsrp_res_Su:		[0.0, 0.0028116413976180315]
		lsrp_res_Sv:		[0.0, 0.0024501610662740125]
		lsrp_res_ST:		[0.0, 0.008089726608745074]
standard:
		u:		[0.013145520128785317, 0.1396522345520427]
		v:		[0.012424986753496122, 0.08427091899595064]
		T:		[10.552157624301651, 10.12498464147723]
		Su:		[2.619047126396688e-05, 0.021874359653167245]
		Sv:		[-0.0006193481080006396, 0.020967884122316552]
		ST:		[0.0033852521170969685, 0.05893566072782813]
		lsrp_res_Su:		[-0.0005735278388259809, 0.0071710795997208185]
		lsrp_res_Sv:		[-0.000993686610044732, 0.006232454452430635]
		lsrp_res_ST:		[0.0018943409036871757, 0.021347409326668267]
