data_address /scratch/zanna/data/cm2.6/coarse_4_beneath_surface.zarr
time #	 0
time #	 1
time #	 2
time #	 3
time #	 4
time #	 5
time #	 6
time #	 7
time #	 8
time #	 9
time #	 10
time #	 11
time #	 12
time #	 13
time #	 14
time #	 15
time #	 16
time #	 17
time #	 18
time #	 19
time #	 20
time #	 21
time #	 22
time #	 23
time #	 24
time #	 25
time #	 26
time #	 27
time #	 28
time #	 29
time #	 30
time #	 31
time #	 32
time #	 33
time #	 34
time #	 35
time #	 36
time #	 37
time #	 38
time #	 39
time #	 40
time #	 41
time #	 42
time #	 43
time #	 44
time #	 45
time #	 46
time #	 47
time #	 48
time #	 49
time #	 50
time #	 51
time #	 52
time #	 53
time #	 54
time #	 55
time #	 56
time #	 57
time #	 58
time #	 59
time #	 60
time #	 61
time #	 62
time #	 63
time #	 64
absolute:
		u:		[0.0, 0.02099065923307367]
		v:		[0.0, 0.017631729978233552]
		T:		[0.0, 2.442078339068681]
		Su:		[0.0, 0.0007658556758045054]
		Sv:		[0.0, 0.0006378566713042126]
		ST:		[0.0, 0.0010189280424007247]
		lsrp_res_Su:		[0.0, 0.0001497603643042212]
		lsrp_res_Sv:		[0.0, 0.00010231603584146267]
		lsrp_res_ST:		[0.0, 0.00018261425522848366]
standard:
		u:		[0.0035352170402661127, 0.03306795621797554]
		v:		[-0.0006163714978629897, 0.02903893075425674]
		T:		[2.4416198908657707, 1.1006724886633112]
		Su:		[6.457359697021921e-05, 0.0022432750482524405]
		Sv:		[6.831204173121604e-05, 0.0018254409597993097]
		ST:		[-2.4981836781578212e-05, 0.002958916016557387]
		lsrp_res_Su:		[-1.9525377161074626e-05, 0.0003865766172319903]
		lsrp_res_Sv:		[-3.50945724572762e-05, 0.00027031916908211456]
		lsrp_res_ST:		[-3.893543173927542e-07, 0.0004969160281124808]
