data_address /scratch/zanna/data/cm2.6/coarse_16_surface.zarr
time #	 0
time #	 1
time #	 2
time #	 3
time #	 4
time #	 5
time #	 6
time #	 7
time #	 8
time #	 9
time #	 10
time #	 11
time #	 12
time #	 13
time #	 14
time #	 15
time #	 16
time #	 17
time #	 18
time #	 19
time #	 20
time #	 21
time #	 22
time #	 23
time #	 24
time #	 25
time #	 26
time #	 27
time #	 28
time #	 29
time #	 30
time #	 31
time #	 32
time #	 33
time #	 34
time #	 35
time #	 36
time #	 37
time #	 38
time #	 39
time #	 40
time #	 41
time #	 42
time #	 43
time #	 44
time #	 45
time #	 46
time #	 47
time #	 48
time #	 49
time #	 50
time #	 51
time #	 52
time #	 53
time #	 54
time #	 55
time #	 56
time #	 57
time #	 58
time #	 59
time #	 60
time #	 61
time #	 62
time #	 63
time #	 64
absolute:
		u:		[0.0, 0.08492461400320718]
		v:		[0.0, 0.05301994706287386]
		T:		[0.0, 10.81373707151198]
		Su:		[0.0, 0.005247008890588015]
		Sv:		[0.0, 0.005315925380020775]
		ST:		[0.0, 0.014173041563259863]
		lsrp_res_Su:		[0.0, 0.0035089394654042355]
		lsrp_res_Sv:		[0.0, 0.00346458957870942]
		lsrp_res_ST:		[0.0, 0.008481434347778094]
standard:
		u:		[0.02111421206298291, 0.12523611323342482]
		v:		[0.01815155880473875, 0.06790490351883041]
		T:		[10.693578088624589, 8.620790908674099]
		Su:		[-0.0011231060477890507, 0.010924440218070949]
		Sv:		[-0.0018785578298698466, 0.011945428627442259]
		ST:		[0.003618071961186377, 0.02753266587749138]
		lsrp_res_Su:		[-0.0011563583119665439, 0.007193236946534141]
		lsrp_res_Sv:		[-0.002007286437692141, 0.007250466062945992]
		lsrp_res_ST:		[0.0033499585869376605, 0.016971912331907008]
