data_address /scratch/zanna/data/cm2.6/coarse_8_beneath_surface.zarr
time #	 0
time #	 1
time #	 2
time #	 3
time #	 4
time #	 5
time #	 6
time #	 7
time #	 8
time #	 9
time #	 10
time #	 11
time #	 12
time #	 13
time #	 14
time #	 15
time #	 16
time #	 17
time #	 18
time #	 19
time #	 20
time #	 21
time #	 22
time #	 23
time #	 24
time #	 25
time #	 26
time #	 27
time #	 28
time #	 29
time #	 30
time #	 31
time #	 32
time #	 33
time #	 34
time #	 35
time #	 36
time #	 37
time #	 38
time #	 39
time #	 40
time #	 41
time #	 42
time #	 43
time #	 44
time #	 45
time #	 46
time #	 47
time #	 48
time #	 49
time #	 50
time #	 51
time #	 52
time #	 53
time #	 54
time #	 55
time #	 56
time #	 57
time #	 58
time #	 59
time #	 60
time #	 61
time #	 62
time #	 63
time #	 64
absolute:
		u:		[0.0, 0.017046272955191937]
		v:		[0.0, 0.013600819466322972]
		T:		[0.0, 2.27873536161996]
		Su:		[0.0, 0.0007233888993925364]
		Sv:		[0.0, 0.0006281264268828635]
		ST:		[0.0, 0.0009219725648964492]
		lsrp_res_Su:		[0.0, 0.00022396933531716788]
		lsrp_res_Sv:		[0.0, 0.0001785997445958511]
		lsrp_res_ST:		[0.0, 0.00026678098849903387]
standard:
		u:		[0.004062707545317302, 0.026407216989429997]
		v:		[-0.0010414360380776298, 0.022895215370976777]
		T:		[2.278690536930235, 1.0596235158191336]
		Su:		[4.771745367821892e-05, 0.0020461977429946706]
		Sv:		[1.8099839580355658e-05, 0.0017939953271000834]
		ST:		[-2.5576859286231298e-05, 0.002527580853431161]
		lsrp_res_Su:		[-3.6331204419002425e-05, 0.000573698449589882]
		lsrp_res_Sv:		[-6.877429940851185e-05, 0.0004532724211828594]
		lsrp_res_ST:		[-1.1292772747815023e-06, 0.0007011436095642584]
