data_address /scratch/zanna/data/cm2.6/coarse_12_beneath_surface.zarr
time #	 0
time #	 1
time #	 2
time #	 3
time #	 4
time #	 5
time #	 6
time #	 7
time #	 8
time #	 9
time #	 10
time #	 11
time #	 12
time #	 13
time #	 14
time #	 15
time #	 16
time #	 17
time #	 18
time #	 19
time #	 20
time #	 21
time #	 22
time #	 23
time #	 24
time #	 25
time #	 26
time #	 27
time #	 28
time #	 29
time #	 30
time #	 31
time #	 32
time #	 33
time #	 34
time #	 35
time #	 36
time #	 37
time #	 38
time #	 39
time #	 40
time #	 41
time #	 42
time #	 43
time #	 44
time #	 45
time #	 46
time #	 47
time #	 48
time #	 49
time #	 50
time #	 51
time #	 52
time #	 53
time #	 54
time #	 55
time #	 56
time #	 57
time #	 58
time #	 59
time #	 60
time #	 61
time #	 62
time #	 63
time #	 64
absolute:
		u:		[0.0, 0.05159856266280468]
		v:		[0.0, 0.031326802442032106]
		T:		[0.0, 9.194196907248633]
		Su:		[0.0, 0.005697604030967964]
		Sv:		[0.0, 0.005459909144987939]
		ST:		[0.0, 0.017256884593390802]
		lsrp_res_Su:		[0.0, 0.0029273042147283028]
		lsrp_res_Sv:		[0.0, 0.002639894631021314]
		lsrp_res_ST:		[0.0, 0.009263618081486288]
standard:
		u:		[0.01971313493036583, 0.09518528854008468]
		v:		[0.0011275508087121855, 0.052690190026475535]
		T:		[8.476828072030893, 8.987624621636904]
		Su:		[-0.00033255220976460506, 0.014798987905579764]
		Sv:		[-0.0008762081518582033, 0.014359311688124593]
		ST:		[5.949501469047781e-05, 0.041130778225103755]
		lsrp_res_Su:		[-0.0006240495982493514, 0.007258594238357353]
		lsrp_res_Sv:		[-0.0010624130530530894, 0.006487102275770339]
		lsrp_res_ST:		[8.56893595418731e-05, 0.02050005749326701]
