data_address /scratch/zanna/data/cm2.6/coarse_8_surface.zarr
time #	 0
time #	 1
time #	 2
time #	 3
time #	 4
time #	 5
time #	 6
time #	 7
time #	 8
time #	 9
time #	 10
time #	 11
time #	 12
time #	 13
time #	 14
time #	 15
time #	 16
time #	 17
time #	 18
time #	 19
time #	 20
time #	 21
time #	 22
time #	 23
time #	 24
time #	 25
time #	 26
time #	 27
time #	 28
time #	 29
time #	 30
time #	 31
time #	 32
time #	 33
time #	 34
time #	 35
time #	 36
time #	 37
time #	 38
time #	 39
time #	 40
time #	 41
time #	 42
time #	 43
time #	 44
time #	 45
time #	 46
time #	 47
time #	 48
time #	 49
time #	 50
time #	 51
time #	 52
time #	 53
time #	 54
time #	 55
time #	 56
time #	 57
time #	 58
time #	 59
time #	 60
time #	 61
time #	 62
time #	 63
time #	 64
absolute:
		u:		[0.0, 0.0979717215149028]
		v:		[0.0, 0.06590998442922624]
		T:		[0.0, 11.809725232845343]
		Su:		[0.0, 0.009111545459237124]
		Sv:		[0.0, 0.008628404475684222]
		ST:		[0.0, 0.02511062022225401]
		lsrp_res_Su:		[0.0, 0.0034648608328157766]
		lsrp_res_Sv:		[0.0, 0.0030544133130080845]
		lsrp_res_ST:		[0.0, 0.009957988935282977]
standard:
		u:		[0.006674743536738507, 0.1527370035021378]
		v:		[0.014417513156181602, 0.09331871148869408]
		T:		[11.584922018072477, 9.533089586581024]
		Su:		[-0.0004374467373336732, 0.023659964840314292]
		Sv:		[-0.0010442890543163896, 0.02288763620458886]
		ST:		[0.0032092145245021, 0.06321964822908369]
		lsrp_res_Su:		[-0.0010052752752998126, 0.00887322362498873]
		lsrp_res_Sv:		[-0.001472097485424969, 0.00797960657962979]
		lsrp_res_ST:		[0.0021803951578717048, 0.026680140910626843]
