data_address /scratch/zanna/data/cm2.6/coarse_4_beneath_surface.zarr
time #	 0
time #	 1
time #	 2
time #	 3
time #	 4
time #	 5
time #	 6
time #	 7
time #	 8
time #	 9
time #	 10
time #	 11
time #	 12
time #	 13
time #	 14
time #	 15
time #	 16
time #	 17
time #	 18
time #	 19
time #	 20
time #	 21
time #	 22
time #	 23
time #	 24
time #	 25
time #	 26
time #	 27
time #	 28
time #	 29
time #	 30
time #	 31
time #	 32
time #	 33
time #	 34
time #	 35
time #	 36
time #	 37
time #	 38
time #	 39
time #	 40
time #	 41
time #	 42
time #	 43
time #	 44
time #	 45
time #	 46
time #	 47
time #	 48
time #	 49
time #	 50
time #	 51
time #	 52
time #	 53
time #	 54
time #	 55
time #	 56
time #	 57
time #	 58
time #	 59
time #	 60
time #	 61
time #	 62
time #	 63
time #	 64
absolute:
		u:		[0.0, 0.09797056100112006]
		v:		[0.0, 0.0685438280938741]
		T:		[0.0, 11.605262008965607]
		Su:		[0.0, 0.008199768534552237]
		Sv:		[0.0, 0.007439257699193296]
		ST:		[0.0, 0.02402815120464027]
		lsrp_res_Su:		[0.0, 0.0016645347905872843]
		lsrp_res_Sv:		[0.0, 0.0012759482487650412]
		lsrp_res_ST:		[0.0, 0.0055088583628315774]
standard:
		u:		[0.006213364286226927, 0.15419343090019957]
		v:		[0.010104293236417147, 0.10614084300017486]
		T:		[10.959448595142105, 10.477084969575852]
		Su:		[0.0005250470010469372, 0.022799470733596686]
		Sv:		[0.00048567164905272733, 0.020436021400831353]
		ST:		[0.0025233383195108153, 0.06759330987326784]
		lsrp_res_Su:		[-0.000279378333474872, 0.004485578376895769]
		lsrp_res_Sv:		[-0.00042896923794186436, 0.0035230618704631808]
		lsrp_res_ST:		[0.0007049543086503756, 0.01658366594785289]
