data_address /scratch/zanna/data/cm2.6/coarse_8_beneath_surface.zarr
time #	 0
time #	 1
time #	 2
time #	 3
time #	 4
time #	 5
time #	 6
time #	 7
time #	 8
time #	 9
time #	 10
time #	 11
time #	 12
time #	 13
time #	 14
time #	 15
time #	 16
time #	 17
time #	 18
time #	 19
time #	 20
time #	 21
time #	 22
time #	 23
time #	 24
time #	 25
time #	 26
time #	 27
time #	 28
time #	 29
time #	 30
time #	 31
time #	 32
time #	 33
time #	 34
time #	 35
time #	 36
time #	 37
time #	 38
time #	 39
time #	 40
time #	 41
time #	 42
time #	 43
time #	 44
time #	 45
time #	 46
time #	 47
time #	 48
time #	 49
time #	 50
time #	 51
time #	 52
time #	 53
time #	 54
time #	 55
time #	 56
time #	 57
time #	 58
time #	 59
time #	 60
time #	 61
time #	 62
time #	 63
time #	 64
absolute:
		u:		[0.0, 0.060444538888916266]
		v:		[0.0, 0.0418418704215704]
		T:		[0.0, 9.852574019702981]
		Su:		[0.0, 0.007176355030866959]
		Sv:		[0.0, 0.006628663017497655]
		ST:		[0.0, 0.02350674633034092]
		lsrp_res_Su:		[0.0, 0.002459117975754496]
		lsrp_res_Sv:		[0.0, 0.0021019364564284822]
		lsrp_res_ST:		[0.0, 0.009151234807581511]
standard:
		u:		[0.01700059633803323, 0.109753542203127]
		v:		[0.0010480156654033342, 0.0713782844352313]
		T:		[9.126091526355038, 9.397201921565557]
		Su:		[0.00013319322856988262, 0.019982048101819333]
		Sv:		[-0.0003733116434559867, 0.018678405410254163]
		ST:		[3.947073551334855e-05, 0.05957270793307278]
		lsrp_res_Su:		[-0.0004899838772623957, 0.006289850157890799]
		lsrp_res_Sv:		[-0.0007850210490945499, 0.005358426224341837]
		lsrp_res_ST:		[4.9712762822500466e-05, 0.021777630677486674]
