data_address /scratch/zanna/data/cm2.6/coarse_12_beneath_surface.zarr
time #	 0
time #	 1
time #	 2
time #	 3
time #	 4
time #	 5
time #	 6
time #	 7
time #	 8
time #	 9
time #	 10
time #	 11
time #	 12
time #	 13
time #	 14
time #	 15
time #	 16
time #	 17
time #	 18
time #	 19
time #	 20
time #	 21
time #	 22
time #	 23
time #	 24
time #	 25
time #	 26
time #	 27
time #	 28
time #	 29
time #	 30
time #	 31
time #	 32
time #	 33
time #	 34
time #	 35
time #	 36
time #	 37
time #	 38
time #	 39
time #	 40
time #	 41
time #	 42
time #	 43
time #	 44
time #	 45
time #	 46
time #	 47
time #	 48
time #	 49
time #	 50
time #	 51
time #	 52
time #	 53
time #	 54
time #	 55
time #	 56
time #	 57
time #	 58
time #	 59
time #	 60
time #	 61
time #	 62
time #	 63
time #	 64
absolute:
		u:		[0.0, 0.04078320621103999]
		v:		[0.0, 0.024787238968755242]
		T:		[0.0, 6.953602131258825]
		Su:		[0.0, 0.004133246122733453]
		Sv:		[0.0, 0.004095718716882475]
		ST:		[0.0, 0.013294442479387145]
		lsrp_res_Su:		[0.0, 0.002236553565299951]
		lsrp_res_Sv:		[0.0, 0.0020420587974741096]
		lsrp_res_ST:		[0.0, 0.008037953406844801]
standard:
		u:		[0.020504163284777298, 0.0649678590979579]
		v:		[-0.0012483982375089014, 0.04075542338365477]
		T:		[6.931663285803994, 5.893023013185782]
		Su:		[-0.00031329518004357825, 0.010845678555022926]
		Sv:		[-0.0007057456942461982, 0.011178003434610924]
		ST:		[0.00016812528509347848, 0.03353105841266206]
		lsrp_res_Su:		[-0.00048209418928341075, 0.005665996864331318]
		lsrp_res_Sv:		[-0.0008325488878261412, 0.00513344320414674]
		lsrp_res_ST:		[-4.355007111675797e-05, 0.018931272543431972]
