data_address /scratch/zanna/data/cm2.6/coarse_16_beneath_surface.zarr
time #	 0
time #	 1
time #	 2
time #	 3
time #	 4
time #	 5
time #	 6
time #	 7
time #	 8
time #	 9
time #	 10
time #	 11
time #	 12
time #	 13
time #	 14
time #	 15
time #	 16
time #	 17
time #	 18
time #	 19
time #	 20
time #	 21
time #	 22
time #	 23
time #	 24
time #	 25
time #	 26
time #	 27
time #	 28
time #	 29
time #	 30
time #	 31
time #	 32
time #	 33
time #	 34
time #	 35
time #	 36
time #	 37
time #	 38
time #	 39
time #	 40
time #	 41
time #	 42
time #	 43
time #	 44
time #	 45
time #	 46
time #	 47
time #	 48
time #	 49
time #	 50
time #	 51
time #	 52
time #	 53
time #	 54
time #	 55
time #	 56
time #	 57
time #	 58
time #	 59
time #	 60
time #	 61
time #	 62
time #	 63
time #	 64
absolute:
		u:		[0.0, 0.03226596963015966]
		v:		[0.0, 0.017482974799266998]
		T:		[0.0, 5.529393976309611]
		Su:		[0.0, 0.002365678746341622]
		Sv:		[0.0, 0.0025324353006110183]
		ST:		[0.0, 0.005931013320606185]
		lsrp_res_Su:		[0.0, 0.0016760525708738744]
		lsrp_res_Sv:		[0.0, 0.0016567693001355774]
		lsrp_res_ST:		[0.0, 0.004553463506846442]
standard:
		u:		[0.019844549447088584, 0.044526236241923776]
		v:		[-0.0021211838123216466, 0.026757702861912612]
		T:		[5.529393976309611, 4.155809721996416]
		Su:		[-0.0002901081266568837, 0.005488626523437758]
		Sv:		[-0.00061983810139183, 0.006120249491317629]
		ST:		[0.0002460413842821542, 0.015252928328426313]
		lsrp_res_Su:		[-0.0003534143709475495, 0.0037939014952237666]
		lsrp_res_Sv:		[-0.0006738040424571845, 0.0036950182332867007]
		lsrp_res_ST:		[0.00010686372874805196, 0.011438458610148574]
