data_address /scratch/zanna/data/cm2.6/coarse_4_beneath_surface.zarr
time #	 0
time #	 1
time #	 2
time #	 3
time #	 4
time #	 5
time #	 6
time #	 7
time #	 8
time #	 9
time #	 10
time #	 11
time #	 12
time #	 13
time #	 14
time #	 15
time #	 16
time #	 17
time #	 18
time #	 19
time #	 20
time #	 21
time #	 22
time #	 23
time #	 24
time #	 25
time #	 26
time #	 27
time #	 28
time #	 29
time #	 30
time #	 31
time #	 32
time #	 33
time #	 34
time #	 35
time #	 36
time #	 37
time #	 38
time #	 39
time #	 40
time #	 41
time #	 42
time #	 43
time #	 44
time #	 45
time #	 46
time #	 47
time #	 48
time #	 49
time #	 50
time #	 51
time #	 52
time #	 53
time #	 54
time #	 55
time #	 56
time #	 57
time #	 58
time #	 59
time #	 60
time #	 61
time #	 62
time #	 63
time #	 64
absolute:
		u:		[0.0, 0.07376915559328369]
		v:		[0.0, 0.05626934148224597]
		T:		[0.0, 10.463160647360674]
		Su:		[0.0, 0.007218876581862559]
		Sv:		[0.0, 0.006334407409451778]
		ST:		[0.0, 0.027988367426959367]
		lsrp_res_Su:		[0.0, 0.0013608907994306107]
		lsrp_res_Sv:		[0.0, 0.0010212745379787522]
		lsrp_res_ST:		[0.0, 0.006720139358976979]
standard:
		u:		[0.013567464675246632, 0.12997419879254152]
		v:		[0.0008803664891664264, 0.09600122919409967]
		T:		[9.729155659597867, 9.827169325396927]
		Su:		[0.0005911484840472672, 0.021127024826659645]
		Sv:		[0.0005993107764648289, 0.018432527293600856]
		ST:		[0.00011602513418524839, 0.07664903675891516]
		lsrp_res_Su:		[-0.0002094123655378938, 0.003548445109761957]
		lsrp_res_Sv:		[-0.00030867068918123095, 0.00265666589288958]
		lsrp_res_ST:		[-2.9544485522664794e-05, 0.017759433594016327]
