data_address /scratch/zanna/data/cm2.6/coarse_12_beneath_surface.zarr
time #	 0
time #	 1
time #	 2
time #	 3
time #	 4
time #	 5
time #	 6
time #	 7
time #	 8
time #	 9
time #	 10
time #	 11
time #	 12
time #	 13
time #	 14
time #	 15
time #	 16
time #	 17
time #	 18
time #	 19
time #	 20
time #	 21
time #	 22
time #	 23
time #	 24
time #	 25
time #	 26
time #	 27
time #	 28
time #	 29
time #	 30
time #	 31
time #	 32
time #	 33
time #	 34
time #	 35
time #	 36
time #	 37
time #	 38
time #	 39
time #	 40
time #	 41
time #	 42
time #	 43
time #	 44
time #	 45
time #	 46
time #	 47
time #	 48
time #	 49
time #	 50
time #	 51
time #	 52
time #	 53
time #	 54
time #	 55
time #	 56
time #	 57
time #	 58
time #	 59
time #	 60
time #	 61
time #	 62
time #	 63
time #	 64
absolute:
		u:		[0.0, 0.04770791578632738]
		v:		[0.0, 0.027423692840165402]
		T:		[0.0, 7.753419264005011]
		Su:		[0.0, 0.0049621741864835115]
		Sv:		[0.0, 0.004818087448027713]
		ST:		[0.0, 0.018295370256813985]
		lsrp_res_Su:		[0.0, 0.0026392651034227834]
		lsrp_res_Sv:		[0.0, 0.002383702110290615]
		lsrp_res_ST:		[0.0, 0.010325153986500702]
standard:
		u:		[0.0230145794479916, 0.087495280715897]
		v:		[-0.0008929383481317252, 0.04597070754436819]
		T:		[7.50645745643155, 7.419923003219468]
		Su:		[-0.00041416932436531, 0.01286427428565779]
		Sv:		[-0.0007986540767744744, 0.012934742156245965]
		ST:		[-5.487659070415195e-05, 0.043041825493026924]
		lsrp_res_Su:		[-0.0006205583015096105, 0.006605687262166203]
		lsrp_res_Sv:		[-0.0009792539635154114, 0.005897857210432599]
		lsrp_res_ST:		[-0.00018802597552606247, 0.021875530778089316]
