data_address /scratch/zanna/data/cm2.6/coarse_4_beneath_surface.zarr
time #	 0
time #	 1
time #	 2
time #	 3
time #	 4
time #	 5
time #	 6
time #	 7
time #	 8
time #	 9
time #	 10
time #	 11
time #	 12
time #	 13
time #	 14
time #	 15
time #	 16
time #	 17
time #	 18
time #	 19
time #	 20
time #	 21
time #	 22
time #	 23
time #	 24
time #	 25
time #	 26
time #	 27
time #	 28
time #	 29
time #	 30
time #	 31
time #	 32
time #	 33
time #	 34
time #	 35
time #	 36
time #	 37
time #	 38
time #	 39
time #	 40
time #	 41
time #	 42
time #	 43
time #	 44
time #	 45
time #	 46
time #	 47
time #	 48
time #	 49
time #	 50
time #	 51
time #	 52
time #	 53
time #	 54
time #	 55
time #	 56
time #	 57
time #	 58
time #	 59
time #	 60
time #	 61
time #	 62
time #	 63
time #	 64
absolute:
		u:		[0.0, 0.050081899697897315]
		v:		[0.0, 0.04107551714353838]
		T:		[0.0, 6.856409150862539]
		Su:		[0.0, 0.004223936639730691]
		Sv:		[0.0, 0.0036618009895579813]
		ST:		[0.0, 0.015014831134246736]
		lsrp_res_Su:		[0.0, 0.000721285290280304]
		lsrp_res_Sv:		[0.0, 0.0005118314757518581]
		lsrp_res_ST:		[0.0, 0.002816746855204833]
standard:
		u:		[0.013093365358590285, 0.08295946733872343]
		v:		[-0.0003513948996363145, 0.07124233983082569]
		T:		[6.850847085544865, 4.741192186825589]
		Su:		[0.0003935502559486005, 0.013150210007257085]
		Sv:		[0.00041826238460381264, 0.01133291383236053]
		ST:		[0.00019996484168277622, 0.051857797773496916]
		lsrp_res_Su:		[-9.428492168975083e-05, 0.001956952374119378]
		lsrp_res_Sv:		[-0.00014468636570402773, 0.0013786674249855137]
		lsrp_res_ST:		[-1.3342316801412677e-05, 0.008175802448333417]
