data_address /scratch/zanna/data/cm2.6/coarse_16_beneath_surface.zarr
time #	 0
time #	 1
time #	 2
time #	 3
time #	 4
time #	 5
time #	 6
time #	 7
time #	 8
time #	 9
time #	 10
time #	 11
time #	 12
time #	 13
time #	 14
time #	 15
time #	 16
time #	 17
time #	 18
time #	 19
time #	 20
time #	 21
time #	 22
time #	 23
time #	 24
time #	 25
time #	 26
time #	 27
time #	 28
time #	 29
time #	 30
time #	 31
time #	 32
time #	 33
time #	 34
time #	 35
time #	 36
time #	 37
time #	 38
time #	 39
time #	 40
time #	 41
time #	 42
time #	 43
time #	 44
time #	 45
time #	 46
time #	 47
time #	 48
time #	 49
time #	 50
time #	 51
time #	 52
time #	 53
time #	 54
time #	 55
time #	 56
time #	 57
time #	 58
time #	 59
time #	 60
time #	 61
time #	 62
time #	 63
time #	 64
absolute:
		u:		[0.0, 0.03794852191202808]
		v:		[0.0, 0.019632717091877597]
		T:		[0.0, 6.496362471238921]
		Su:		[0.0, 0.0030646634821189646]
		Sv:		[0.0, 0.003260085572546226]
		ST:		[0.0, 0.010027113864403558]
		lsrp_res_Su:		[0.0, 0.0021927557564124763]
		lsrp_res_Sv:		[0.0, 0.0021733772303011455]
		lsrp_res_ST:		[0.0, 0.007643608309524369]
standard:
		u:		[0.022600534438223994, 0.05449569749828232]
		v:		[-0.0022460595810054372, 0.03016725931408838]
		T:		[6.485154692443771, 5.661790425218294]
		Su:		[-0.00043515550922448214, 0.007120674379679574]
		Sv:		[-0.0009295125491341083, 0.007827332163229074]
		ST:		[0.00016970445693168676, 0.022890363478135348]
		lsrp_res_Su:		[-0.0005149584540521543, 0.004972955859832875]
		lsrp_res_Sv:		[-0.0009547101992577702, 0.00485230304864153]
		lsrp_res_ST:		[5.268459054373812e-05, 0.01704544496593135]
