data_address /scratch/zanna/data/cm2.6/coarse_4_surface.zarr
time #	 0
time #	 1
time #	 2
time #	 3
time #	 4
time #	 5
time #	 6
time #	 7
time #	 8
time #	 9
time #	 10
time #	 11
time #	 12
time #	 13
time #	 14
time #	 15
time #	 16
time #	 17
time #	 18
time #	 19
time #	 20
time #	 21
time #	 22
time #	 23
time #	 24
time #	 25
time #	 26
time #	 27
time #	 28
time #	 29
time #	 30
time #	 31
time #	 32
time #	 33
time #	 34
time #	 35
time #	 36
time #	 37
time #	 38
time #	 39
time #	 40
time #	 41
time #	 42
time #	 43
time #	 44
time #	 45
time #	 46
time #	 47
time #	 48
time #	 49
time #	 50
time #	 51
time #	 52
time #	 53
time #	 54
time #	 55
time #	 56
time #	 57
time #	 58
time #	 59
time #	 60
time #	 61
time #	 62
time #	 63
time #	 64
absolute:
		u:		[0.0, 0.10621169114170294]
		v:		[0.0, 0.07728578736191533]
		T:		[0.0, 12.094713919332893]
		Su:		[0.0, 0.009728301813637756]
		Sv:		[0.0, 0.008879377258323629]
		ST:		[0.0, 0.029955103307756418]
		lsrp_res_Su:		[0.0, 0.0023966743226181797]
		lsrp_res_Sv:		[0.0, 0.0019019278424796781]
		lsrp_res_ST:		[0.0, 0.008293684343117051]
standard:
		u:		[-0.0010619046986870947, 0.1659772057864156]
		v:		[0.013019047127993467, 0.11487066061588985]
		T:		[11.776079230131622, 10.013657069385262]
		Su:		[0.00010928827297941597, 0.026807609184890484]
		Sv:		[0.00014242507590822427, 0.024301758760335364]
		ST:		[0.002544831633702111, 0.08273540421734346]
		lsrp_res_Su:		[-0.0006135909589289826, 0.006627435203448854]
		lsrp_res_Sv:		[-0.0007444800265298453, 0.005360269028672929]
		lsrp_res_ST:		[0.000844825929885365, 0.026258157088413194]
