data_address /scratch/zanna/data/cm2.6/coarse_8_beneath_surface.zarr
time #	 0
time #	 1
time #	 2
time #	 3
time #	 4
time #	 5
time #	 6
time #	 7
time #	 8
time #	 9
time #	 10
time #	 11
time #	 12
time #	 13
time #	 14
time #	 15
time #	 16
time #	 17
time #	 18
time #	 19
time #	 20
time #	 21
time #	 22
time #	 23
time #	 24
time #	 25
time #	 26
time #	 27
time #	 28
time #	 29
time #	 30
time #	 31
time #	 32
time #	 33
time #	 34
time #	 35
time #	 36
time #	 37
time #	 38
time #	 39
time #	 40
time #	 41
time #	 42
time #	 43
time #	 44
time #	 45
time #	 46
time #	 47
time #	 48
time #	 49
time #	 50
time #	 51
time #	 52
time #	 53
time #	 54
time #	 55
time #	 56
time #	 57
time #	 58
time #	 59
time #	 60
time #	 61
time #	 62
time #	 63
time #	 64
absolute:
		u:		[0.0, 0.048382376295515284]
		v:		[0.0, 0.03419803174441409]
		T:		[0.0, 7.4936237218238535]
		Su:		[0.0, 0.005617333193114194]
		Sv:		[0.0, 0.005192732962618537]
		ST:		[0.0, 0.019700211775970946]
		lsrp_res_Su:		[0.0, 0.0019293655914086913]
		lsrp_res_Sv:		[0.0, 0.0016237614614872733]
		lsrp_res_ST:		[0.0, 0.00775847502250574]
standard:
		u:		[0.01899022688164054, 0.08191462900491231]
		v:		[-0.0007563718307673673, 0.05931525805557005]
		T:		[7.454704788562335, 6.10172518033395]
		Su:		[6.038201515112703e-05, 0.016466937501166186]
		Sv:		[-0.0003032590064897362, 0.015476826641124692]
		ST:		[0.00029299766312194703, 0.05698612026365304]
		lsrp_res_Su:		[-0.00037737606798641024, 0.0050945612202773945]
		lsrp_res_Sv:		[-0.0006076779561614969, 0.004274642193762056]
		lsrp_res_ST:		[-6.95422046255887e-05, 0.019145385778092765]
