data_address /scratch/zanna/data/cm2.6/coarse_12_beneath_surface.zarr
time #	 0
time #	 1
time #	 2
time #	 3
time #	 4
time #	 5
time #	 6
time #	 7
time #	 8
time #	 9
time #	 10
time #	 11
time #	 12
time #	 13
time #	 14
time #	 15
time #	 16
time #	 17
time #	 18
time #	 19
time #	 20
time #	 21
time #	 22
time #	 23
time #	 24
time #	 25
time #	 26
time #	 27
time #	 28
time #	 29
time #	 30
time #	 31
time #	 32
time #	 33
time #	 34
time #	 35
time #	 36
time #	 37
time #	 38
time #	 39
time #	 40
time #	 41
time #	 42
time #	 43
time #	 44
time #	 45
time #	 46
time #	 47
time #	 48
time #	 49
time #	 50
time #	 51
time #	 52
time #	 53
time #	 54
time #	 55
time #	 56
time #	 57
time #	 58
time #	 59
time #	 60
time #	 61
time #	 62
time #	 63
time #	 64
absolute:
		u:		[0.0, 0.08298575219095042]
		v:		[0.0, 0.04800145529907159]
		T:		[0.0, 10.634636202511855]
		Su:		[0.0, 0.006478572290318744]
		Sv:		[0.0, 0.006472571577468892]
		ST:		[0.0, 0.01740395869981905]
		lsrp_res_Su:		[0.0, 0.0032359371331728217]
		lsrp_res_Sv:		[0.0, 0.003019902213237318]
		lsrp_res_ST:		[0.0, 0.008618006740363652]
standard:
		u:		[0.01838762840507264, 0.1261619884331206]
		v:		[0.014071278496213225, 0.06731159369920772]
		T:		[10.057956490014421, 9.77609572844524]
		Su:		[-0.0004301583012764878, 0.015886987599308244]
		Sv:		[-0.0013401719357809126, 0.016459470257783416]
		ST:		[0.0035685386675645197, 0.042069877927658435]
		lsrp_res_Su:		[-0.0006907134336946566, 0.00788878881832164]
		lsrp_res_Sv:		[-0.001345798175803387, 0.007292887890980194]
		lsrp_res_ST:		[0.00257800589166825, 0.020373066482987354]
