data_address /scratch/zanna/data/cm2.6/coarse_4_beneath_surface.zarr
time #	 0
time #	 1
time #	 2
time #	 3
time #	 4
time #	 5
time #	 6
time #	 7
time #	 8
time #	 9
time #	 10
time #	 11
time #	 12
time #	 13
time #	 14
time #	 15
time #	 16
time #	 17
time #	 18
time #	 19
time #	 20
time #	 21
time #	 22
time #	 23
time #	 24
time #	 25
time #	 26
time #	 27
time #	 28
time #	 29
time #	 30
time #	 31
time #	 32
time #	 33
time #	 34
time #	 35
time #	 36
time #	 37
time #	 38
time #	 39
time #	 40
time #	 41
time #	 42
time #	 43
time #	 44
time #	 45
time #	 46
time #	 47
time #	 48
time #	 49
time #	 50
time #	 51
time #	 52
time #	 53
time #	 54
time #	 55
time #	 56
time #	 57
time #	 58
time #	 59
time #	 60
time #	 61
time #	 62
time #	 63
time #	 64
absolute:
		u:		[0.0, 0.06053265730343097]
		v:		[0.0, 0.04644300620999407]
		T:		[0.0, 7.968339031407122]
		Su:		[0.0, 0.005601687336703319]
		Sv:		[0.0, 0.004852288662276502]
		ST:		[0.0, 0.02364329719934664]
		lsrp_res_Su:		[0.0, 0.0010193714327667825]
		lsrp_res_Sv:		[0.0, 0.0007355521824803722]
		lsrp_res_ST:		[0.0, 0.00519282861581719]
standard:
		u:		[0.016637934862112336, 0.10553478083343952]
		v:		[-0.0001429280934314806, 0.08039308377301359]
		T:		[7.899507449142741, 6.399640500065863]
		Su:		[0.00045850822585776695, 0.01728348808187894]
		Sv:		[0.00047540636934974214, 0.01493125133620374]
		ST:		[0.00030556938600515015, 0.06840612787364418]
		lsrp_res_Su:		[-0.0001440293488421139, 0.002715251746979453]
		lsrp_res_Sv:		[-0.00022101676453564563, 0.0019394777142994872]
		lsrp_res_ST:		[-7.30417925574922e-06, 0.013329152128723671]
