data_address /scratch/zanna/data/cm2.6/coarse_8_beneath_surface.zarr
time #	 0
time #	 1
time #	 2
time #	 3
time #	 4
time #	 5
time #	 6
time #	 7
time #	 8
time #	 9
time #	 10
time #	 11
time #	 12
time #	 13
time #	 14
time #	 15
time #	 16
time #	 17
time #	 18
time #	 19
time #	 20
time #	 21
time #	 22
time #	 23
time #	 24
time #	 25
time #	 26
time #	 27
time #	 28
time #	 29
time #	 30
time #	 31
time #	 32
time #	 33
time #	 34
time #	 35
time #	 36
time #	 37
time #	 38
time #	 39
time #	 40
time #	 41
time #	 42
time #	 43
time #	 44
time #	 45
time #	 46
time #	 47
time #	 48
time #	 49
time #	 50
time #	 51
time #	 52
time #	 53
time #	 54
time #	 55
time #	 56
time #	 57
time #	 58
time #	 59
time #	 60
time #	 61
time #	 62
time #	 63
time #	 64
absolute:
		u:		[0.0, 0.040583689542134496]
		v:		[0.0, 0.030505354704955023]
		T:		[0.0, 6.437654349076233]
		Su:		[0.0, 0.004264092408919109]
		Sv:		[0.0, 0.003973264251703534]
		ST:		[0.0, 0.013029624326098084]
		lsrp_res_Su:		[0.0, 0.001409916779369493]
		lsrp_res_Sv:		[0.0, 0.0011804480319953284]
		lsrp_res_ST:		[0.0, 0.004514560160279371]
standard:
		u:		[0.01575048542531625, 0.065016926668094]
		v:		[-0.0008591708766611758, 0.05305859576705222]
		T:		[6.4374747348547965, 4.569606657435436]
		Su:		[0.00012933909219106304, 0.012485511313387241]
		Sv:		[-0.00013325490126585312, 0.011821512870108372]
		ST:		[0.00015425540167436733, 0.04519592943306164]
		lsrp_res_Su:		[-0.000252842661579916, 0.003744217069930378]
		lsrp_res_Sv:		[-0.0004208180236554971, 0.003133671000363487]
		lsrp_res_ST:		[-6.158491068386351e-05, 0.013120276609370693]
