model 7879ed6b73c2490cc0e98ef28865d3caf9b3bc23c642e45adc6a1b67 state_dict has not been found
Model was not found
torch.cuda.is_available():	 True
runargs:	 Namespace(co2=False, depth=55.0, disp=-1, domain='global', epoch=0, latitude=False, linsupres=False, lossfun='MSE', lr=0.01, lsrp_span=12, maxepoch=500, minibatch=4, mode='train', normalization='standard', num_workers=40, parts=[1, 1], persistent_workers=False, prefetch_factor=1, relog=True, rerun=True, sanity=False, sigma=8, temperature=True)
data_address /scratch/zanna/data/cm2.6/coarse_8_beneath_surface.zarr
using device: cuda:0
epochs started
#epoch  0    val-loss:  0.5910152855672335  train-loss:  0.889122566091828  lr:  0.01
#epoch  1    val-loss:  0.4260797249643426  train-loss:  0.44723231717944145  lr:  0.01
#epoch  2    val-loss:  0.3375816141304217  train-loss:  0.34206484974129125  lr:  0.01
#epoch  3    val-loss:  0.27786250334036977  train-loss:  0.26502019399777055  lr:  0.01
#epoch  4    val-loss:  0.23965684520570854  train-loss:  0.22022371651837602  lr:  0.01
#epoch  5    val-loss:  0.2027659761278253  train-loss:  0.1897004772326909  lr:  0.01
#epoch  6    val-loss:  0.1935800204151555  train-loss:  0.17253945977427065  lr:  0.01
#epoch  7    val-loss:  0.2051825978254017  train-loss:  0.16191336119663902  lr:  0.01
#epoch  8    val-loss:  0.1869455740640038  train-loss:  0.1542179296084214  lr:  0.01
#epoch  9    val-loss:  0.17726774827430122  train-loss:  0.14803365015541203  lr:  0.01
#epoch  10    val-loss:  0.1495925580200396  train-loss:  0.1418514880060684  lr:  0.01
#epoch  11    val-loss:  0.14878200229845548  train-loss:  0.1367814452969469  lr:  0.01
#epoch  12    val-loss:  0.1538717182059037  train-loss:  0.13489950803341344  lr:  0.01
#epoch  13    val-loss:  0.14325192884394997  train-loss:  0.13240144425071776  lr:  0.01
#epoch  14    val-loss:  0.15347887340344882  train-loss:  0.12723057821858674  lr:  0.01
#epoch  15    val-loss:  0.14068564223615745  train-loss:  0.1266985824040603  lr:  0.01
#epoch  16    val-loss:  0.14314202885878713  train-loss:  0.12498782068723813  lr:  0.01
#epoch  17    val-loss:  0.14989859493155228  train-loss:  0.12181015513488092  lr:  0.01
#epoch  18    val-loss:  0.17607252142931284  train-loss:  0.12131832211161964  lr:  0.01
#epoch  19    val-loss:  0.12378143401522386  train-loss:  0.11038143991027027  lr:  0.005
#epoch  20    val-loss:  0.13136393537646845  train-loss:  0.10900446231244132  lr:  0.005
#epoch  21    val-loss:  0.11920543015003204  train-loss:  0.10830584439099766  lr:  0.005
#epoch  22    val-loss:  0.11932454101349178  train-loss:  0.10794992063893005  lr:  0.005
#epoch  23    val-loss:  0.1252851811678786  train-loss:  0.10800789316999726  lr:  0.005
#epoch  24    val-loss:  0.12329343941650893  train-loss:  0.10760750295594335  lr:  0.005
#epoch  25    val-loss:  0.1189805457466527  train-loss:  0.10146023138076998  lr:  0.0025
#epoch  26    val-loss:  0.11345031739849794  train-loss:  0.10131383687257767  lr:  0.0025
#epoch  27    val-loss:  0.12562449982291773  train-loss:  0.10156425926834345  lr:  0.0025
#epoch  28    val-loss:  0.11585856895697744  train-loss:  0.10107601649360731  lr:  0.0025
#epoch  29    val-loss:  0.11181513337712538  train-loss:  0.10029096031212248  lr:  0.0025
#epoch  30    val-loss:  0.11385059788038857  train-loss:  0.1001750408031512  lr:  0.0025
#epoch  31    val-loss:  0.1172485688799306  train-loss:  0.10025447409134358  lr:  0.0025
#epoch  32    val-loss:  0.11400069649282255  train-loss:  0.09979097396717407  lr:  0.0025
#epoch  33    val-loss:  0.11059659758680745  train-loss:  0.09624469312257133  lr:  0.00125
#epoch  34    val-loss:  0.10809412559396342  train-loss:  0.09573895146604627  lr:  0.00125
#epoch  35    val-loss:  0.1114479766080254  train-loss:  0.09596611521556042  lr:  0.00125
#epoch  36    val-loss:  0.10791364272958354  train-loss:  0.09568138379836455  lr:  0.00125
#epoch  37    val-loss:  0.10858083202650673  train-loss:  0.09553874694393016  lr:  0.00125
#epoch  38    val-loss:  0.10851217806339264  train-loss:  0.09531363478163257  lr:  0.00125
#epoch  39    val-loss:  0.10802051150485088  train-loss:  0.0949797956563998  lr:  0.00125
#epoch  40    val-loss:  0.1078713740173139  train-loss:  0.09316541504813358  lr:  0.000625
#epoch  41    val-loss:  0.10579362629275572  train-loss:  0.09299919020850211  lr:  0.000625
#epoch  42    val-loss:  0.10625267264090087  train-loss:  0.0927687571675051  lr:  0.000625
#epoch  43    val-loss:  0.10636935030159198  train-loss:  0.09272492068703286  lr:  0.000625
#epoch  44    val-loss:  0.10653855298694812  train-loss:  0.09258614943246357  lr:  0.000625
#epoch  45    val-loss:  0.10505535257490058  train-loss:  0.09162509825546294  lr:  0.0003125
#epoch  46    val-loss:  0.10475662193800274  train-loss:  0.09155589752481319  lr:  0.0003125
#epoch  47    val-loss:  0.10465178795550999  train-loss:  0.09145041977171786  lr:  0.0003125
#epoch  48    val-loss:  0.10585813694878628  train-loss:  0.09139194354065694  lr:  0.0003125
#epoch  49    val-loss:  0.10462807432601326  train-loss:  0.09130601934157312  lr:  0.0003125
#epoch  50    val-loss:  0.10483760543559727  train-loss:  0.09127244193223305  lr:  0.0003125
#epoch  51    val-loss:  0.10506703626168401  train-loss:  0.0912488422181923  lr:  0.0003125
#epoch  52    val-loss:  0.10488814390019367  train-loss:  0.09110398005577736  lr:  0.0003125
#epoch  53    val-loss:  0.10452285330546529  train-loss:  0.09059865598101169  lr:  0.00015625
#epoch  54    val-loss:  0.10415040740841314  train-loss:  0.09060150527511723  lr:  0.00015625
#epoch  55    val-loss:  0.10357698837393209  train-loss:  0.09048481535864994  lr:  0.00015625
#epoch  56    val-loss:  0.10385529618514211  train-loss:  0.09056873372173868  lr:  0.00015625
#epoch  57    val-loss:  0.10416167033346076  train-loss:  0.09046622790629044  lr:  0.00015625
#epoch  58    val-loss:  0.1041225022391269  train-loss:  0.09037273706053384  lr:  0.00015625
#epoch  59    val-loss:  0.10366140188355195  train-loss:  0.09005286870524287  lr:  7.8125e-05
#epoch  60    val-loss:  0.10381288434329786  train-loss:  0.09014497767202556  lr:  7.8125e-05
#epoch  61    val-loss:  0.10524342169887141  train-loss:  0.09001462778542191  lr:  7.8125e-05
#epoch  62    val-loss:  0.10377097796452672  train-loss:  0.09002681673155166  lr:  3.90625e-05
#epoch  63    val-loss:  0.10410039519008837  train-loss:  0.08985133728128858  lr:  3.90625e-05
#epoch  64    val-loss:  0.10354698880722649  train-loss:  0.08982606779318303  lr:  3.90625e-05
#epoch  65    val-loss:  0.10355779254122784  train-loss:  0.08986849198117852  lr:  3.90625e-05
#epoch  66    val-loss:  0.10433410225730193  train-loss:  0.0898694900679402  lr:  3.90625e-05
#epoch  67    val-loss:  0.10372610350972727  train-loss:  0.08974508906248957  lr:  3.90625e-05
#epoch  68    val-loss:  0.10364674345443123  train-loss:  0.08973303347011097  lr:  1.953125e-05
#epoch  69    val-loss:  0.10539638525561283  train-loss:  0.08968228296726011  lr:  1.953125e-05
#epoch  70    val-loss:  0.10374905639573147  train-loss:  0.0897238265897613  lr:  1.953125e-05
#epoch  71    val-loss:  0.10312724505600177  train-loss:  0.0897609944222495  lr:  9.765625e-06
#epoch  72    val-loss:  0.10358074621150368  train-loss:  0.08966495937784202  lr:  9.765625e-06
#epoch  73    val-loss:  0.10356538193790536  train-loss:  0.08974708092864603  lr:  9.765625e-06
#epoch  74    val-loss:  0.10454691123021276  train-loss:  0.089749931008555  lr:  9.765625e-06
#epoch  75    val-loss:  0.10486756735726406  train-loss:  0.0897009945474565  lr:  4.8828125e-06
#epoch  76    val-loss:  0.10347956928767656  train-loss:  0.08971276524243876  lr:  4.8828125e-06
#epoch  77    val-loss:  0.1038486530122004  train-loss:  0.0896621085703373  lr:  4.8828125e-06
#epoch  78    val-loss:  0.10312279117734809  train-loss:  0.08965686790179461  lr:  2.44140625e-06
#epoch  79    val-loss:  0.10370117269064251  train-loss:  0.08966028317809105  lr:  2.44140625e-06
#epoch  80    val-loss:  0.10403557553103096  train-loss:  0.0896714131522458  lr:  2.44140625e-06
#epoch  81    val-loss:  0.10420790628383034  train-loss:  0.08966520460671745  lr:  1.220703125e-06
#epoch  82    val-loss:  0.10350321076418224  train-loss:  0.08966795713058673  lr:  1.220703125e-06
#epoch  83    val-loss:  0.10370738176923049  train-loss:  0.08967004143050872  lr:  1.220703125e-06
#epoch  84    val-loss:  0.10351826289766713  train-loss:  0.08968141957302578  lr:  6.103515625e-07
#epoch  85    val-loss:  0.10362140363768528  train-loss:  0.08968822957831435  lr:  6.103515625e-07
#epoch  86    val-loss:  0.10355446448451594  train-loss:  0.08967800685786642  lr:  6.103515625e-07
#epoch  87    val-loss:  0.10303603504833422  train-loss:  0.08975949118030258  lr:  3.0517578125e-07
#epoch  88    val-loss:  0.10415067210009224  train-loss:  0.08966439758660272  lr:  3.0517578125e-07
#epoch  89    val-loss:  0.10343790524884273  train-loss:  0.08962284930748865  lr:  3.0517578125e-07
#epoch  90    val-loss:  0.1031265305845361  train-loss:  0.08964808692689985  lr:  3.0517578125e-07
#epoch  91    val-loss:  0.10437122732400894  train-loss:  0.08963898665388115  lr:  1.52587890625e-07
#epoch  92    val-loss:  0.10342734699186526  train-loss:  0.08966150777996518  lr:  1.52587890625e-07
#epoch  93    val-loss:  0.10395362737931703  train-loss:  0.08961314073530957  lr:  1.52587890625e-07
#epoch  94    val-loss:  0.10361877475914202  train-loss:  0.08970927278278396  lr:  7.62939453125e-08
#epoch  95    val-loss:  0.10321934521198273  train-loss:  0.08966355209122412  lr:  7.62939453125e-08
#epoch  96    val-loss:  0.10468425484080064  train-loss:  0.08973584303748794  lr:  7.62939453125e-08
#epoch  97    val-loss:  0.10359182993048116  train-loss:  0.08965743897715583  lr:  3.814697265625e-08
#epoch  98    val-loss:  0.10423024430086739  train-loss:  0.08968215883942321  lr:  3.814697265625e-08
#epoch  99    val-loss:  0.10389162403972525  train-loss:  0.08959294759551995  lr:  3.814697265625e-08
#epoch  100    val-loss:  0.10376765931907453  train-loss:  0.08962749331840314  lr:  1.9073486328125e-08
#epoch  101    val-loss:  0.10364364871853277  train-loss:  0.08963126316666603  lr:  1.9073486328125e-08
#epoch  102    val-loss:  0.10423959713233144  train-loss:  0.0896140382392332  lr:  1.9073486328125e-08
#epoch  103    val-loss:  0.1032956105313803  train-loss:  0.08972373988945037  lr:  1.9073486328125e-08
#epoch  104    val-loss:  0.10343190047301744  train-loss:  0.08959599377703853  lr:  1.9073486328125e-08
#epoch  105    val-loss:  0.10363879407707013  train-loss:  0.08962954563321546  lr:  1.9073486328125e-08
#epoch  106    val-loss:  0.10353180844532817  train-loss:  0.08967196554294787  lr:  1.9073486328125e-08
#epoch  107    val-loss:  0.10349811260637484  train-loss:  0.0896428988489788  lr:  1.9073486328125e-08
#epoch  108    val-loss:  0.103980915718957  train-loss:  0.08962980072828941  lr:  1.9073486328125e-08
#epoch  109    val-loss:  0.10294655161468606  train-loss:  0.08965792681556195  lr:  1.9073486328125e-08
#epoch  110    val-loss:  0.10330717814596076  train-loss:  0.08965655404608697  lr:  1.9073486328125e-08
#epoch  111    val-loss:  0.10410686150977486  train-loss:  0.08962319701095112  lr:  1.9073486328125e-08
#epoch  112    val-loss:  0.10287320417793173  train-loss:  0.08966471671010368  lr:  1.9073486328125e-08
#epoch  113    val-loss:  0.1041049925904525  train-loss:  0.08962812335812487  lr:  1.9073486328125e-08
#epoch  114    val-loss:  0.10493463473884683  train-loss:  0.08967603094060905  lr:  1.9073486328125e-08
#epoch  115    val-loss:  0.10424290989574633  train-loss:  0.08963767284876667  lr:  1.9073486328125e-08
#epoch  116    val-loss:  0.1044755883907017  train-loss:  0.08967497272533365  lr:  1.9073486328125e-08
#epoch  117    val-loss:  0.10369871831253956  train-loss:  0.08961506930063479  lr:  1.9073486328125e-08
#epoch  118    val-loss:  0.10365716720882215  train-loss:  0.08967759145889431  lr:  1.9073486328125e-08
#epoch  119    val-loss:  0.10331229669483084  train-loss:  0.08964039094280452  lr:  1.9073486328125e-08
#epoch  120    val-loss:  0.10354463442375786  train-loss:  0.08957991618080996  lr:  1.9073486328125e-08
#epoch  121    val-loss:  0.1050901146311509  train-loss:  0.08970614304416813  lr:  1.9073486328125e-08
#epoch  122    val-loss:  0.10343151892486371  train-loss:  0.08961876900866628  lr:  1.9073486328125e-08
#epoch  123    val-loss:  0.10408867738748852  train-loss:  0.08962737684487365  lr:  1.9073486328125e-08
#epoch  124    val-loss:  0.10330548725630108  train-loss:  0.0896035683399532  lr:  1.9073486328125e-08
#epoch  125    val-loss:  0.10490044833798158  train-loss:  0.0896272994868923  lr:  1.9073486328125e-08
#epoch  126    val-loss:  0.10308814323262165  train-loss:  0.08970222194329835  lr:  1.9073486328125e-08
#epoch  127    val-loss:  0.10359525170765425  train-loss:  0.0896243660536129  lr:  1.9073486328125e-08
#epoch  128    val-loss:  0.10345980328948874  train-loss:  0.0896240136353299  lr:  1.9073486328125e-08
#epoch  129    val-loss:  0.1037949288361951  train-loss:  0.08964172643027268  lr:  1.9073486328125e-08
#epoch  130    val-loss:  0.103574606540956  train-loss:  0.08965685692965053  lr:  1.9073486328125e-08
#epoch  131    val-loss:  0.1049353362698304  train-loss:  0.08959050721023232  lr:  1.9073486328125e-08
#epoch  132    val-loss:  0.10362741233486879  train-loss:  0.08962141146184877  lr:  1.9073486328125e-08
#epoch  133    val-loss:  0.10531680403571379  train-loss:  0.08963336353190243  lr:  1.9073486328125e-08
#epoch  134    val-loss:  0.10486994566101777  train-loss:  0.08964673211448826  lr:  1.9073486328125e-08
#epoch  135    val-loss:  0.10412790155724476  train-loss:  0.08962177915964276  lr:  1.9073486328125e-08
#epoch  136    val-loss:  0.1048876227516877  train-loss:  0.08969713750411756  lr:  1.9073486328125e-08
#epoch  137    val-loss:  0.10350589963950609  train-loss:  0.08961665219976567  lr:  1.9073486328125e-08
#epoch  138    val-loss:  0.10410076301348836  train-loss:  0.08961103588808328  lr:  1.9073486328125e-08
#epoch  139    val-loss:  0.10360072749225717  train-loss:  0.08960199981811456  lr:  1.9073486328125e-08
#epoch  140    val-loss:  0.10492652262512006  train-loss:  0.08960324837244116  lr:  1.9073486328125e-08
#epoch  141    val-loss:  0.10463552490661018  train-loss:  0.08964900448336266  lr:  1.9073486328125e-08
#epoch  142    val-loss:  0.10359146563630355  train-loss:  0.08969160669948906  lr:  1.9073486328125e-08
#epoch  143    val-loss:  0.10493873961661991  train-loss:  0.08964560445747338  lr:  1.9073486328125e-08
#epoch  144    val-loss:  0.10352184074489694  train-loss:  0.0896285827329848  lr:  1.9073486328125e-08
#epoch  145    val-loss:  0.1036042437741631  train-loss:  0.08963613654486835  lr:  1.9073486328125e-08
#epoch  146    val-loss:  0.10315752225486856  train-loss:  0.08959089277777821  lr:  1.9073486328125e-08
#epoch  147    val-loss:  0.10492188208981564  train-loss:  0.08965233154594898  lr:  1.9073486328125e-08
#epoch  148    val-loss:  0.10482280583758104  train-loss:  0.08964473500964232  lr:  1.9073486328125e-08
#epoch  149    val-loss:  0.1034182270890788  train-loss:  0.08965538459597155  lr:  1.9073486328125e-08
#epoch  150    val-loss:  0.10336456212558244  train-loss:  0.08965366394841112  lr:  1.9073486328125e-08
#epoch  151    val-loss:  0.10368872041765012  train-loss:  0.08968936221208423  lr:  1.9073486328125e-08
#epoch  152    val-loss:  0.10344281518145611  train-loss:  0.0896789155958686  lr:  1.9073486328125e-08
#epoch  153    val-loss:  0.1034552000070873  train-loss:  0.08965021223411895  lr:  1.9073486328125e-08
#epoch  154    val-loss:  0.10417416887848001  train-loss:  0.08961733491742052  lr:  1.9073486328125e-08
#epoch  155    val-loss:  0.10487497597932816  train-loss:  0.08963954498176463  lr:  1.9073486328125e-08
#epoch  156    val-loss:  0.1032157763838768  train-loss:  0.0896611160133034  lr:  1.9073486328125e-08
#epoch  157    val-loss:  0.10311619702138398  train-loss:  0.08967572942492552  lr:  1.9073486328125e-08
#epoch  158    val-loss:  0.10354821148671602  train-loss:  0.08966028681606986  lr:  1.9073486328125e-08
#epoch  159    val-loss:  0.10289630333059713  train-loss:  0.08963208468048833  lr:  1.9073486328125e-08
#epoch  160    val-loss:  0.10314597934484482  train-loss:  0.08962130139116198  lr:  1.9073486328125e-08
#epoch  161    val-loss:  0.10343785662400096  train-loss:  0.08963147166650742  lr:  1.9073486328125e-08
#epoch  162    val-loss:  0.10355538365088011  train-loss:  0.08967532400856726  lr:  1.9073486328125e-08
#epoch  163    val-loss:  0.10389570617362072  train-loss:  0.08963765454245731  lr:  1.9073486328125e-08
#epoch  164    val-loss:  0.10449391132906864  train-loss:  0.08961627932148986  lr:  1.9073486328125e-08
#epoch  165    val-loss:  0.10402390517686542  train-loss:  0.08963294752174988  lr:  1.9073486328125e-08
#epoch  166    val-loss:  0.10531861844815706  train-loss:  0.089660088007804  lr:  1.9073486328125e-08
#epoch  167    val-loss:  0.10345236682578136  train-loss:  0.08965624516713433  lr:  1.9073486328125e-08
#epoch  168    val-loss:  0.10339951358343426  train-loss:  0.08957213879330084  lr:  1.9073486328125e-08
#epoch  169    val-loss:  0.10397800763970927  train-loss:  0.08961488888598979  lr:  1.9073486328125e-08
#epoch  170    val-loss:  0.10349186392206895  train-loss:  0.08957060566172004  lr:  1.9073486328125e-08
#epoch  171    val-loss:  0.10330796947604731  train-loss:  0.08963416432379745  lr:  1.9073486328125e-08
#epoch  172    val-loss:  0.10366044154292658  train-loss:  0.0896653110976331  lr:  1.9073486328125e-08
#epoch  173    val-loss:  0.10521544947435982  train-loss:  0.08958723378600553  lr:  1.9073486328125e-08
#epoch  174    val-loss:  0.10420394100640949  train-loss:  0.08966930527822115  lr:  1.9073486328125e-08
#epoch  175    val-loss:  0.10437133006359402  train-loss:  0.08960844282410108  lr:  1.9073486328125e-08
#epoch  176    val-loss:  0.10318621169579656  train-loss:  0.08962003397755325  lr:  1.9073486328125e-08
#epoch  177    val-loss:  0.10368652053569492  train-loss:  0.08962808706564829  lr:  1.9073486328125e-08
#epoch  178    val-loss:  0.10412464486925226  train-loss:  0.08961666078539565  lr:  1.9073486328125e-08
#epoch  179    val-loss:  0.10308941728190373  train-loss:  0.08961782522965223  lr:  1.9073486328125e-08
#epoch  180    val-loss:  0.10523407474944466  train-loss:  0.08962215768406168  lr:  1.9073486328125e-08
#epoch  181    val-loss:  0.1041255259984418  train-loss:  0.08965250116307288  lr:  1.9073486328125e-08
#epoch  182    val-loss:  0.10321036569382015  train-loss:  0.08966586497263052  lr:  1.9073486328125e-08
#epoch  183    val-loss:  0.10465609360682337  train-loss:  0.08964733249740675  lr:  1.9073486328125e-08
#epoch  184    val-loss:  0.10487262983071177  train-loss:  0.08959205518476665  lr:  1.9073486328125e-08
#epoch  185    val-loss:  0.10369670351869181  train-loss:  0.08961302641546354  lr:  1.9073486328125e-08
#epoch  186    val-loss:  0.10414371051286396  train-loss:  0.08969487011199817  lr:  1.9073486328125e-08
#epoch  187    val-loss:  0.10395912943701995  train-loss:  0.08959090657299384  lr:  1.9073486328125e-08
#epoch  188    val-loss:  0.10491741056505002  train-loss:  0.08964804525021464  lr:  1.9073486328125e-08
#epoch  189    val-loss:  0.10313777351065685  train-loss:  0.08957516751252115  lr:  1.9073486328125e-08
#epoch  190    val-loss:  0.10454345298440833  train-loss:  0.0896175644302275  lr:  1.9073486328125e-08
#epoch  191    val-loss:  0.10400345490167015  train-loss:  0.08963244096958078  lr:  1.9073486328125e-08
#epoch  192    val-loss:  0.10465517836181741  train-loss:  0.0896660475700628  lr:  1.9073486328125e-08
#epoch  193    val-loss:  0.10379249798624139  train-loss:  0.08968506209203042  lr:  1.9073486328125e-08
#epoch  194    val-loss:  0.10337896762709868  train-loss:  0.08959680411498994  lr:  1.9073486328125e-08
#epoch  195    val-loss:  0.10323094733451542  train-loss:  0.08962854478158988  lr:  1.9073486328125e-08
#epoch  196    val-loss:  0.10429012265644576  train-loss:  0.08962285632151179  lr:  1.9073486328125e-08
#epoch  197    val-loss:  0.10369621883881719  train-loss:  0.08965899582835846  lr:  1.9073486328125e-08
#epoch  198    val-loss:  0.10340973930923562  train-loss:  0.08965937307220884  lr:  1.9073486328125e-08
#epoch  199    val-loss:  0.1036336351382105  train-loss:  0.08972581001580693  lr:  1.9073486328125e-08
#epoch  200    val-loss:  0.10395641585713938  train-loss:  0.0896181212447118  lr:  1.9073486328125e-08
#epoch  201    val-loss:  0.10510933477627604  train-loss:  0.0896173287765123  lr:  1.9073486328125e-08
#epoch  202    val-loss:  0.10355156738507121  train-loss:  0.08961581913172267  lr:  1.9073486328125e-08
#epoch  203    val-loss:  0.10370726883411407  train-loss:  0.08964446987374686  lr:  1.9073486328125e-08
#epoch  204    val-loss:  0.10473688848708805  train-loss:  0.08968430387903936  lr:  1.9073486328125e-08
#epoch  205    val-loss:  0.1046173643124731  train-loss:  0.08965271973283961  lr:  1.9073486328125e-08
#epoch  206    val-loss:  0.10595709987376865  train-loss:  0.08959828538354486  lr:  1.9073486328125e-08
#epoch  207    val-loss:  0.10416016296336525  train-loss:  0.08972682669991627  lr:  1.9073486328125e-08
#epoch  208    val-loss:  0.10319966077804565  train-loss:  0.08962027428788133  lr:  1.9073486328125e-08
#epoch  209    val-loss:  0.10333802198108874  train-loss:  0.08964634733274579  lr:  1.9073486328125e-08
#epoch  210    val-loss:  0.10342273155325338  train-loss:  0.0896093106130138  lr:  1.9073486328125e-08
#epoch  211    val-loss:  0.10353530590471469  train-loss:  0.0896418605116196  lr:  1.9073486328125e-08
#epoch  212    val-loss:  0.10597597768432215  train-loss:  0.08963716114521958  lr:  1.9073486328125e-08
#epoch  213    val-loss:  0.10351258869233884  train-loss:  0.0895818711433094  lr:  1.9073486328125e-08
#epoch  214    val-loss:  0.10463501434577138  train-loss:  0.08963354607112706  lr:  1.9073486328125e-08
#epoch  215    val-loss:  0.10488718316743248  train-loss:  0.089728991209995  lr:  1.9073486328125e-08
#epoch  216    val-loss:  0.10337253150187041  train-loss:  0.08968666780856438  lr:  1.9073486328125e-08
#epoch  217    val-loss:  0.10397674927586004  train-loss:  0.08967478762497194  lr:  1.9073486328125e-08
#epoch  218    val-loss:  0.1033560637580721  train-loss:  0.08958412212086841  lr:  1.9073486328125e-08
#epoch  219    val-loss:  0.10488928658397574  train-loss:  0.08963848961866461  lr:  1.9073486328125e-08
#epoch  220    val-loss:  0.10395773853126325  train-loss:  0.08960804154048674  lr:  1.9073486328125e-08
#epoch  221    val-loss:  0.10320137088236056  train-loss:  0.08970147895161062  lr:  1.9073486328125e-08
#epoch  222    val-loss:  0.1036854594161636  train-loss:  0.08963867163402028  lr:  1.9073486328125e-08
#epoch  223    val-loss:  0.10381177067756653  train-loss:  0.0896315150312148  lr:  1.9073486328125e-08
#epoch  224    val-loss:  0.10287735689627497  train-loss:  0.08964889222988859  lr:  1.9073486328125e-08
#epoch  225    val-loss:  0.10557267971728977  train-loss:  0.08963100268738344  lr:  1.9073486328125e-08
#epoch  226    val-loss:  0.10367176956252049  train-loss:  0.08966375185991637  lr:  1.9073486328125e-08
#epoch  227    val-loss:  0.10402467925297587  train-loss:  0.0896616431127768  lr:  1.9073486328125e-08
#epoch  228    val-loss:  0.10334165747228422  train-loss:  0.08965289924526587  lr:  1.9073486328125e-08
#epoch  229    val-loss:  0.10399683290406277  train-loss:  0.08962034861906432  lr:  1.9073486328125e-08
#epoch  230    val-loss:  0.10393276261655908  train-loss:  0.08973734456230886  lr:  1.9073486328125e-08
#epoch  231    val-loss:  0.10435541562343899  train-loss:  0.08960914530325681  lr:  1.9073486328125e-08
#epoch  232    val-loss:  0.10351401763527017  train-loss:  0.0896018597704824  lr:  1.9073486328125e-08
#epoch  233    val-loss:  0.1048268448365362  train-loss:  0.08960492498590611  lr:  1.9073486328125e-08
#epoch  234    val-loss:  0.10339741997028652  train-loss:  0.08971338215633295  lr:  1.9073486328125e-08
#epoch  235    val-loss:  0.10400075426227168  train-loss:  0.08963824014062993  lr:  1.9073486328125e-08
#epoch  236    val-loss:  0.1034267846690981  train-loss:  0.08966034319018945  lr:  1.9073486328125e-08
#epoch  237    val-loss:  0.10381718724966049  train-loss:  0.08967194391880184  lr:  1.9073486328125e-08
#epoch  238    val-loss:  0.10302353532690751  train-loss:  0.08959201900870539  lr:  1.9073486328125e-08
#epoch  239    val-loss:  0.10379801651364878  train-loss:  0.08960486139403656  lr:  1.9073486328125e-08
#epoch  240    val-loss:  0.10470238524047952  train-loss:  0.08962413194240071  lr:  1.9073486328125e-08
#epoch  241    val-loss:  0.1033552359593542  train-loss:  0.08965740678831935  lr:  1.9073486328125e-08
#epoch  242    val-loss:  0.10351645632794029  train-loss:  0.08963012878666632  lr:  1.9073486328125e-08
#epoch  243    val-loss:  0.10411720566059414  train-loss:  0.0896740477764979  lr:  1.9073486328125e-08
#epoch  244    val-loss:  0.10320976298106344  train-loss:  0.08969637681730092  lr:  1.9073486328125e-08
#epoch  245    val-loss:  0.10311587350933175  train-loss:  0.08963349377154373  lr:  1.9073486328125e-08
#epoch  246    val-loss:  0.10391280721676976  train-loss:  0.08963812867295928  lr:  1.9073486328125e-08
#epoch  247    val-loss:  0.10396452522591541  train-loss:  0.0896338562888559  lr:  1.9073486328125e-08
#epoch  248    val-loss:  0.10396907988347505  train-loss:  0.08962045420776121  lr:  1.9073486328125e-08
#epoch  249    val-loss:  0.10340304202155064  train-loss:  0.08962961635552347  lr:  1.9073486328125e-08
#epoch  250    val-loss:  0.10324998082298982  train-loss:  0.0896308395313099  lr:  1.9073486328125e-08
#epoch  251    val-loss:  0.10369150771906502  train-loss:  0.08964870954514481  lr:  1.9073486328125e-08
#epoch  252    val-loss:  0.1037771905723371  train-loss:  0.0896830974961631  lr:  1.9073486328125e-08
#epoch  253    val-loss:  0.10443971698221408  train-loss:  0.08965627706493251  lr:  1.9073486328125e-08
#epoch  254    val-loss:  0.10365470498800278  train-loss:  0.08965784194879234  lr:  1.9073486328125e-08
#epoch  255    val-loss:  0.10408609674165123  train-loss:  0.0896179240080528  lr:  1.9073486328125e-08
#epoch  256    val-loss:  0.10408123386533637  train-loss:  0.08964691689470783  lr:  1.9073486328125e-08
#epoch  257    val-loss:  0.1044452323725349  train-loss:  0.08961425241432153  lr:  1.9073486328125e-08
#epoch  258    val-loss:  0.10384725504799892  train-loss:  0.08960239542648196  lr:  1.9073486328125e-08
#epoch  259    val-loss:  0.10353318601846695  train-loss:  0.08963371513527818  lr:  1.9073486328125e-08
#epoch  260    val-loss:  0.10358444640510961  train-loss:  0.08959836419671774  lr:  1.9073486328125e-08
#epoch  261    val-loss:  0.10302350277963437  train-loss:  0.08971218066290021  lr:  1.9073486328125e-08
#epoch  262    val-loss:  0.1037762651317998  train-loss:  0.0896258992725052  lr:  1.9073486328125e-08
#epoch  263    val-loss:  0.10390052709140275  train-loss:  0.08961350173922256  lr:  1.9073486328125e-08
#epoch  264    val-loss:  0.10353758617451317  train-loss:  0.08960697022848763  lr:  1.9073486328125e-08
#epoch  265    val-loss:  0.10486582705849096  train-loss:  0.08970019646221772  lr:  1.9073486328125e-08
#epoch  266    val-loss:  0.10417846943202771  train-loss:  0.08963900085655041  lr:  1.9073486328125e-08
#epoch  267    val-loss:  0.10467688033455297  train-loss:  0.089664308790816  lr:  1.9073486328125e-08
#epoch  268    val-loss:  0.10422494105602566  train-loss:  0.08967085936455987  lr:  1.9073486328125e-08
#epoch  269    val-loss:  0.10599119255417272  train-loss:  0.08971286806627177  lr:  1.9073486328125e-08
#epoch  270    val-loss:  0.10486783871525213  train-loss:  0.08970049212803133  lr:  1.9073486328125e-08
#epoch  271    val-loss:  0.1046169364922925  train-loss:  0.08966455920017324  lr:  1.9073486328125e-08
#epoch  272    val-loss:  0.10355490916653683  train-loss:  0.08968441927572712  lr:  1.9073486328125e-08
#epoch  273    val-loss:  0.10322003262607675  train-loss:  0.08969161380082369  lr:  1.9073486328125e-08
#epoch  274    val-loss:  0.10355884385736365  train-loss:  0.08958204413647763  lr:  1.9073486328125e-08
#epoch  275    val-loss:  0.10396391467044228  train-loss:  0.08965741918655112  lr:  1.9073486328125e-08
#epoch  276    val-loss:  0.10329462548619822  train-loss:  0.08969457531929947  lr:  1.9073486328125e-08
#epoch  277    val-loss:  0.10381012409925461  train-loss:  0.08966553388745524  lr:  1.9073486328125e-08
#epoch  278    val-loss:  0.10343492305592487  train-loss:  0.0896610181662254  lr:  1.9073486328125e-08
#epoch  279    val-loss:  0.1034384993346114  train-loss:  0.08962349873036146  lr:  1.9073486328125e-08
#epoch  280    val-loss:  0.10309964967401404  train-loss:  0.08958881546277553  lr:  1.9073486328125e-08
#epoch  281    val-loss:  0.10397953657727492  train-loss:  0.0896427313273307  lr:  1.9073486328125e-08
#epoch  282    val-loss:  0.10597397112532665  train-loss:  0.08960696472786367  lr:  1.9073486328125e-08
#epoch  283    val-loss:  0.10359290399049458  train-loss:  0.08969718142179772  lr:  1.9073486328125e-08
#epoch  284    val-loss:  0.10333210778863806  train-loss:  0.08959165518172085  lr:  1.9073486328125e-08
#epoch  285    val-loss:  0.10370049625635147  train-loss:  0.08959026576485485  lr:  1.9073486328125e-08
#epoch  286    val-loss:  0.10338570844185979  train-loss:  0.08965370210353285  lr:  1.9073486328125e-08
#epoch  287    val-loss:  0.10464278647774145  train-loss:  0.08965741345309652  lr:  1.9073486328125e-08
#epoch  288    val-loss:  0.10379532646191747  train-loss:  0.0895967987307813  lr:  1.9073486328125e-08
#epoch  289    val-loss:  0.10305154088296388  train-loss:  0.08970031223725528  lr:  1.9073486328125e-08
#epoch  290    val-loss:  0.10382313712647087  train-loss:  0.08968695031944662  lr:  1.9073486328125e-08
#epoch  291    val-loss:  0.10401507937594463  train-loss:  0.08969572116620839  lr:  1.9073486328125e-08
#epoch  292    val-loss:  0.10433485006031237  train-loss:  0.08963209233479574  lr:  1.9073486328125e-08
#epoch  293    val-loss:  0.10379936899009504  train-loss:  0.0896392545546405  lr:  1.9073486328125e-08
#epoch  294    val-loss:  0.10400747350956265  train-loss:  0.08963933543418534  lr:  1.9073486328125e-08
#epoch  295    val-loss:  0.103768542801079  train-loss:  0.08968507335521281  lr:  1.9073486328125e-08
#epoch  296    val-loss:  0.1048854397315728  train-loss:  0.08961223225924186  lr:  1.9073486328125e-08
#epoch  297    val-loss:  0.10423195675799721  train-loss:  0.08969837878248654  lr:  1.9073486328125e-08
#epoch  298    val-loss:  0.10536468891721022  train-loss:  0.08970647238311358  lr:  1.9073486328125e-08
#epoch  299    val-loss:  0.10449948397121932  train-loss:  0.08961411085329019  lr:  1.9073486328125e-08
#epoch  300    val-loss:  0.10340265067000139  train-loss:  0.08965298303519376  lr:  1.9073486328125e-08
#epoch  301    val-loss:  0.10359703867059004  train-loss:  0.08964499956346117  lr:  1.9073486328125e-08
#epoch  302    val-loss:  0.10385989593832116  train-loss:  0.08967862368444912  lr:  1.9073486328125e-08
#epoch  303    val-loss:  0.10319432851515319  train-loss:  0.08959768680506386  lr:  1.9073486328125e-08
#epoch  304    val-loss:  0.10366468523678027  train-loss:  0.08956779938307591  lr:  1.9073486328125e-08
#epoch  305    val-loss:  0.10394003163827092  train-loss:  0.08961020610877313  lr:  1.9073486328125e-08
#epoch  306    val-loss:  0.10397120447535264  train-loss:  0.0896556175139267  lr:  1.9073486328125e-08
#epoch  307    val-loss:  0.10416657869753085  train-loss:  0.08959911181591451  lr:  1.9073486328125e-08
#epoch  308    val-loss:  0.10418668310893209  train-loss:  0.08960560223204084  lr:  1.9073486328125e-08
#epoch  309    val-loss:  0.10412343003247913  train-loss:  0.0896401607315056  lr:  1.9073486328125e-08
#epoch  310    val-loss:  0.10445224297674079  train-loss:  0.08964705988182686  lr:  1.9073486328125e-08
#epoch  311    val-loss:  0.10595006260432695  train-loss:  0.08962635268107988  lr:  1.9073486328125e-08
#epoch  312    val-loss:  0.10454155543917104  train-loss:  0.08964102721074596  lr:  1.9073486328125e-08
#epoch  313    val-loss:  0.10400810563250591  train-loss:  0.08958578034071252  lr:  1.9073486328125e-08
#epoch  314    val-loss:  0.10519902212055106  train-loss:  0.08963604783639312  lr:  1.9073486328125e-08
#epoch  315    val-loss:  0.10554382714786027  train-loss:  0.08966126691666432  lr:  1.9073486328125e-08
#epoch  316    val-loss:  0.10439608167660863  train-loss:  0.08961401213309728  lr:  1.9073486328125e-08
#epoch  317    val-loss:  0.10344918033010081  train-loss:  0.08967100598965771  lr:  1.9073486328125e-08
#epoch  318    val-loss:  0.10306227011115927  train-loss:  0.08971311346977018  lr:  1.9073486328125e-08
#epoch  319    val-loss:  0.10354192751018625  train-loss:  0.08958787922165357  lr:  1.9073486328125e-08
#epoch  320    val-loss:  0.10538012338312049  train-loss:  0.08963146334281191  lr:  1.9073486328125e-08
#epoch  321    val-loss:  0.10425384734806262  train-loss:  0.08966667950153351  lr:  1.9073486328125e-08
#epoch  322    val-loss:  0.10394795631107531  train-loss:  0.08960108135943301  lr:  1.9073486328125e-08
#epoch  323    val-loss:  0.1036145694945988  train-loss:  0.08959640661487356  lr:  1.9073486328125e-08
#epoch  324    val-loss:  0.10340366041974018  train-loss:  0.08968204152188264  lr:  1.9073486328125e-08
#epoch  325    val-loss:  0.10422309409630925  train-loss:  0.08966122014680877  lr:  1.9073486328125e-08
#epoch  326    val-loss:  0.10421865119745857  train-loss:  0.08956224285066128  lr:  1.9073486328125e-08
#epoch  327    val-loss:  0.10424313890306573  train-loss:  0.08962959714699537  lr:  1.9073486328125e-08
#epoch  328    val-loss:  0.10422475479151073  train-loss:  0.08964327065041289  lr:  1.9073486328125e-08
#epoch  329    val-loss:  0.10334627996934087  train-loss:  0.08967642960487865  lr:  1.9073486328125e-08
#epoch  330    val-loss:  0.1032925432449893  train-loss:  0.08964354809722863  lr:  1.9073486328125e-08
#epoch  331    val-loss:  0.10406869845954995  train-loss:  0.08967639290494844  lr:  1.9073486328125e-08
#epoch  332    val-loss:  0.10342492672957872  train-loss:  0.08968855455168523  lr:  1.9073486328125e-08
#epoch  333    val-loss:  0.10345636308193207  train-loss:  0.08959587584831752  lr:  1.9073486328125e-08
#epoch  334    val-loss:  0.10395172591272153  train-loss:  0.0896420483768452  lr:  1.9073486328125e-08
#epoch  335    val-loss:  0.10361684545090324  train-loss:  0.08963597699766979  lr:  1.9073486328125e-08
#epoch  336    val-loss:  0.10394571172563653  train-loss:  0.08964458006084897  lr:  1.9073486328125e-08
#epoch  337    val-loss:  0.10354535673793994  train-loss:  0.08966621334548108  lr:  1.9073486328125e-08
#epoch  338    val-loss:  0.10336061174932279  train-loss:  0.08968001586617902  lr:  1.9073486328125e-08
#epoch  339    val-loss:  0.10368400184731734  train-loss:  0.08964734128676355  lr:  1.9073486328125e-08
#epoch  340    val-loss:  0.10523260306370885  train-loss:  0.08957716394797899  lr:  1.9073486328125e-08
#epoch  341    val-loss:  0.1036164148857719  train-loss:  0.08960721638868563  lr:  1.9073486328125e-08
#epoch  342    val-loss:  0.10329713672399521  train-loss:  0.08968043260392733  lr:  1.9073486328125e-08
#epoch  343    val-loss:  0.10352212308268798  train-loss:  0.08964017732068896  lr:  1.9073486328125e-08
#epoch  344    val-loss:  0.10451880175816386  train-loss:  0.08970569749362767  lr:  1.9073486328125e-08
#epoch  345    val-loss:  0.10484799821125834  train-loss:  0.08956152683822438  lr:  1.9073486328125e-08
#epoch  346    val-loss:  0.10345765360091862  train-loss:  0.08966847060946748  lr:  1.9073486328125e-08
#epoch  347    val-loss:  0.10288531764557488  train-loss:  0.08961745584383607  lr:  1.9073486328125e-08
#epoch  348    val-loss:  0.1031417744724374  train-loss:  0.08962066448293626  lr:  1.9073486328125e-08
#epoch  349    val-loss:  0.10365287057663265  train-loss:  0.08972167511819862  lr:  1.9073486328125e-08
#epoch  350    val-loss:  0.10524190413324457  train-loss:  0.0896381567872595  lr:  1.9073486328125e-08
#epoch  351    val-loss:  0.10337072963777341  train-loss:  0.0896301438624505  lr:  1.9073486328125e-08
#epoch  352    val-loss:  0.10322525862016176  train-loss:  0.0895931061822921  lr:  1.9073486328125e-08
#epoch  353    val-loss:  0.10588608682155609  train-loss:  0.08961889476631768  lr:  1.9073486328125e-08
#epoch  354    val-loss:  0.10356635090551879  train-loss:  0.08963613319792785  lr:  1.9073486328125e-08
#epoch  355    val-loss:  0.10332242007318296  train-loss:  0.08960438138456084  lr:  1.9073486328125e-08
#epoch  356    val-loss:  0.10336778195280778  train-loss:  0.08962047973182052  lr:  1.9073486328125e-08
#epoch  357    val-loss:  0.10446928480738088  train-loss:  0.0896430408465676  lr:  1.9073486328125e-08
#epoch  358    val-loss:  0.10366260456411462  train-loss:  0.08961585516226478  lr:  1.9073486328125e-08
#epoch  359    val-loss:  0.10423290023678228  train-loss:  0.08962782082380727  lr:  1.9073486328125e-08
#epoch  360    val-loss:  0.10351365059614182  train-loss:  0.08962511070421897  lr:  1.9073486328125e-08
#epoch  361    val-loss:  0.1031098075603184  train-loss:  0.08960473322076723  lr:  1.9073486328125e-08
#epoch  362    val-loss:  0.10332804957502767  train-loss:  0.08963959958055057  lr:  1.9073486328125e-08
#epoch  363    val-loss:  0.10393200893151133  train-loss:  0.08964294890756719  lr:  1.9073486328125e-08
#epoch  364    val-loss:  0.10466562093872774  train-loss:  0.08966265671188012  lr:  1.9073486328125e-08
#epoch  365    val-loss:  0.10317051489102214  train-loss:  0.08965210526366718  lr:  1.9073486328125e-08
#epoch  366    val-loss:  0.10374120779727634  train-loss:  0.08965557903866284  lr:  1.9073486328125e-08
#epoch  367    val-loss:  0.10397909424806896  train-loss:  0.08966207201592624  lr:  1.9073486328125e-08
#epoch  368    val-loss:  0.10366826857391157  train-loss:  0.08963363527436741  lr:  1.9073486328125e-08
#epoch  369    val-loss:  0.10341608641963256  train-loss:  0.08956334053073078  lr:  1.9073486328125e-08
#epoch  370    val-loss:  0.10397495917583767  train-loss:  0.0895629700680729  lr:  1.9073486328125e-08
#epoch  371    val-loss:  0.10333726594322606  train-loss:  0.08964676017058082  lr:  1.9073486328125e-08
#epoch  372    val-loss:  0.10451432317495346  train-loss:  0.08965559909120202  lr:  1.9073486328125e-08
#epoch  373    val-loss:  0.1041561282779041  train-loss:  0.08964209075202234  lr:  1.9073486328125e-08
#epoch  374    val-loss:  0.10326480865478516  train-loss:  0.08960917015792802  lr:  1.9073486328125e-08
#epoch  375    val-loss:  0.10293060776434447  train-loss:  0.0896864591341  lr:  1.9073486328125e-08
#epoch  376    val-loss:  0.10342341034035933  train-loss:  0.08969956153305247  lr:  1.9073486328125e-08
#epoch  377    val-loss:  0.10485122392052099  train-loss:  0.08955062850145623  lr:  1.9073486328125e-08
#epoch  378    val-loss:  0.10445293627287212  train-loss:  0.08959345132461749  lr:  1.9073486328125e-08
#epoch  379    val-loss:  0.10396572163230494  train-loss:  0.08959294526721351  lr:  1.9073486328125e-08
#epoch  380    val-loss:  0.10414367404423262  train-loss:  0.08965768432244658  lr:  1.9073486328125e-08
#epoch  381    val-loss:  0.10367168878254138  train-loss:  0.08962231589248404  lr:  1.9073486328125e-08
#epoch  382    val-loss:  0.10389015431466855  train-loss:  0.08965579158393666  lr:  1.9073486328125e-08
#epoch  383    val-loss:  0.10291505330487301  train-loss:  0.08966973525821231  lr:  1.9073486328125e-08
#epoch  384    val-loss:  0.10323184846263182  train-loss:  0.08964263246161863  lr:  1.9073486328125e-08
#epoch  385    val-loss:  0.10333605110645294  train-loss:  0.08964343823026866  lr:  1.9073486328125e-08
#epoch  386    val-loss:  0.10442837366932317  train-loss:  0.08962229156168178  lr:  1.9073486328125e-08
#epoch  387    val-loss:  0.10486749049864318  train-loss:  0.08967346890131012  lr:  1.9073486328125e-08
#epoch  388    val-loss:  0.10492427019696486  train-loss:  0.08966649690410122  lr:  1.9073486328125e-08
#epoch  389    val-loss:  0.10322193370053642  train-loss:  0.08964208117686212  lr:  1.9073486328125e-08
#epoch  390    val-loss:  0.1041917267598604  train-loss:  0.08962181943934411  lr:  1.9073486328125e-08
#epoch  391    val-loss:  0.10378072450035497  train-loss:  0.08961274262401275  lr:  1.9073486328125e-08
#epoch  392    val-loss:  0.1034728990573632  train-loss:  0.08966157285613008  lr:  1.9073486328125e-08
#epoch  393    val-loss:  0.1032130639804037  train-loss:  0.08967169368406758  lr:  1.9073486328125e-08
#epoch  394    val-loss:  0.10451105158579976  train-loss:  0.08966147879255004  lr:  1.9073486328125e-08
#epoch  395    val-loss:  0.10327630333210293  train-loss:  0.0895565029932186  lr:  1.9073486328125e-08
#epoch  396    val-loss:  0.1048998181757174  train-loss:  0.08963025832781568  lr:  1.9073486328125e-08
#epoch  397    val-loss:  0.10503663828498438  train-loss:  0.08964075057883747  lr:  1.9073486328125e-08
#epoch  398    val-loss:  0.1035699907102083  train-loss:  0.08962230655015446  lr:  1.9073486328125e-08
#epoch  399    val-loss:  0.10336326494028694  train-loss:  0.08962255666847341  lr:  1.9073486328125e-08
#epoch  400    val-loss:  0.10299862842810781  train-loss:  0.08966540065011941  lr:  1.9073486328125e-08
#epoch  401    val-loss:  0.10321887778608423  train-loss:  0.08967788779409602  lr:  1.9073486328125e-08
#epoch  402    val-loss:  0.10442835053330973  train-loss:  0.08962517700274475  lr:  1.9073486328125e-08
#epoch  403    val-loss:  0.10588903646720083  train-loss:  0.08968377628480084  lr:  1.9073486328125e-08
#epoch  404    val-loss:  0.10433958823743619  train-loss:  0.08964098856085911  lr:  1.9073486328125e-08
#epoch  405    val-loss:  0.10365826126776244  train-loss:  0.08962357978452928  lr:  1.9073486328125e-08
#epoch  406    val-loss:  0.10446158286772277  train-loss:  0.08968306277529337  lr:  1.9073486328125e-08
#epoch  407    val-loss:  0.1044381351063126  train-loss:  0.08958676760084927  lr:  1.9073486328125e-08
#epoch  408    val-loss:  0.10498903338846408  train-loss:  0.08966622239677235  lr:  1.9073486328125e-08
#epoch  409    val-loss:  0.10377069837168644  train-loss:  0.08968523333896883  lr:  1.9073486328125e-08
#epoch  410    val-loss:  0.1055531752736945  train-loss:  0.08962840324966237  lr:  1.9073486328125e-08
#epoch  411    val-loss:  0.10335109971071545  train-loss:  0.089629732305184  lr:  1.9073486328125e-08
#epoch  412    val-loss:  0.1059132371293871  train-loss:  0.08971888790256344  lr:  1.9073486328125e-08
#epoch  413    val-loss:  0.10483519615311372  train-loss:  0.08965449905372225  lr:  1.9073486328125e-08
#epoch  414    val-loss:  0.10379473159187719  train-loss:  0.0897116101696156  lr:  1.9073486328125e-08
#epoch  415    val-loss:  0.10316292980783864  train-loss:  0.08962797018466517  lr:  1.9073486328125e-08
#epoch  416    val-loss:  0.10421865511881678  train-loss:  0.0896285982162226  lr:  1.9073486328125e-08
#epoch  417    val-loss:  0.10303923840585508  train-loss:  0.08967084961477667  lr:  1.9073486328125e-08
#epoch  418    val-loss:  0.10417963878104561  train-loss:  0.08964576426660642  lr:  1.9073486328125e-08
#epoch  419    val-loss:  0.10400035702868511  train-loss:  0.08967876949463971  lr:  1.9073486328125e-08
#epoch  420    val-loss:  0.10362104091205095  train-loss:  0.08965071439160965  lr:  1.9073486328125e-08
#epoch  421    val-loss:  0.10340985538143861  train-loss:  0.08964229212142527  lr:  1.9073486328125e-08
#epoch  422    val-loss:  0.10328473974215358  train-loss:  0.0896373926079832  lr:  1.9073486328125e-08
#epoch  423    val-loss:  0.10352898663596104  train-loss:  0.08964096524869092  lr:  1.9073486328125e-08
#epoch  424    val-loss:  0.10466510920148146  train-loss:  0.0896416058531031  lr:  1.9073486328125e-08
#epoch  425    val-loss:  0.10386242482223008  train-loss:  0.08966898615472019  lr:  1.9073486328125e-08
#epoch  426    val-loss:  0.10341223094024156  train-loss:  0.08959925358067267  lr:  1.9073486328125e-08
#epoch  427    val-loss:  0.10361888534144352  train-loss:  0.08957266705692746  lr:  1.9073486328125e-08
#epoch  428    val-loss:  0.10391587920879063  train-loss:  0.08963487166329287  lr:  1.9073486328125e-08
#epoch  429    val-loss:  0.1035881571863827  train-loss:  0.08963535696966574  lr:  1.9073486328125e-08
#epoch  430    val-loss:  0.10351705198225222  train-loss:  0.08959230480832048  lr:  1.9073486328125e-08
#epoch  431    val-loss:  0.10368459593308599  train-loss:  0.08959806893835776  lr:  1.9073486328125e-08
#epoch  432    val-loss:  0.10438923929866992  train-loss:  0.08969170050113462  lr:  1.9073486328125e-08
#epoch  433    val-loss:  0.10411160870602257  train-loss:  0.08967176551232114  lr:  1.9073486328125e-08
#epoch  434    val-loss:  0.10426339154180728  train-loss:  0.08969641089788638  lr:  1.9073486328125e-08
#epoch  435    val-loss:  0.10301323352675688  train-loss:  0.08966347528621554  lr:  1.9073486328125e-08
#epoch  436    val-loss:  0.10340617753957447  train-loss:  0.08962576853809878  lr:  1.9073486328125e-08
#epoch  437    val-loss:  0.10379589505885777  train-loss:  0.08960843793465756  lr:  1.9073486328125e-08
#epoch  438    val-loss:  0.10316091187690433  train-loss:  0.0896549328463152  lr:  1.9073486328125e-08
#epoch  439    val-loss:  0.10434872343351967  train-loss:  0.08974039138411172  lr:  1.9073486328125e-08
#epoch  440    val-loss:  0.10414650879408184  train-loss:  0.08964613941498101  lr:  1.9073486328125e-08
#epoch  441    val-loss:  0.10350941082364634  train-loss:  0.08963226652122103  lr:  1.9073486328125e-08
#epoch  442    val-loss:  0.10380003287603981  train-loss:  0.08957263358752243  lr:  1.9073486328125e-08
#epoch  443    val-loss:  0.10365076323873118  train-loss:  0.08963672205572948  lr:  1.9073486328125e-08
#epoch  444    val-loss:  0.10361857437773754  train-loss:  0.08965130191063508  lr:  1.9073486328125e-08
#epoch  445    val-loss:  0.10306800901889801  train-loss:  0.08962138768401928  lr:  1.9073486328125e-08
#epoch  446    val-loss:  0.10352453863934467  train-loss:  0.08968375463155098  lr:  1.9073486328125e-08
#epoch  447    val-loss:  0.10463115376861472  train-loss:  0.08961591793922707  lr:  1.9073486328125e-08
#epoch  448    val-loss:  0.10397543562086005  train-loss:  0.0896641194995027  lr:  1.9073486328125e-08
#epoch  449    val-loss:  0.10341268856274455  train-loss:  0.08965301830903627  lr:  1.9073486328125e-08
#epoch  450    val-loss:  0.10350410993161954  train-loss:  0.08959114845492877  lr:  1.9073486328125e-08
#epoch  451    val-loss:  0.10334418204269911  train-loss:  0.08963336647138931  lr:  1.9073486328125e-08
#epoch  452    val-loss:  0.10401315438119989  train-loss:  0.08967547002248466  lr:  1.9073486328125e-08
#epoch  453    val-loss:  0.1044855596203553  train-loss:  0.08966918618534692  lr:  1.9073486328125e-08
#epoch  454    val-loss:  0.10447410415661962  train-loss:  0.08969981278642081  lr:  1.9073486328125e-08
#epoch  455    val-loss:  0.10432396476206027  train-loss:  0.089613402786199  lr:  1.9073486328125e-08
#epoch  456    val-loss:  0.10453282688793383  train-loss:  0.08963595892419107  lr:  1.9073486328125e-08
#epoch  457    val-loss:  0.10334860376621548  train-loss:  0.08966971185873263  lr:  1.9073486328125e-08
#epoch  458    val-loss:  0.10338730090542843  train-loss:  0.08965108191478066  lr:  1.9073486328125e-08
#epoch  459    val-loss:  0.1033224600710367  train-loss:  0.0897525814070832  lr:  1.9073486328125e-08
#epoch  460    val-loss:  0.10345429574188433  train-loss:  0.089636610558955  lr:  1.9073486328125e-08
#epoch  461    val-loss:  0.10320804385762465  train-loss:  0.08959578239591792  lr:  1.9073486328125e-08
#epoch  462    val-loss:  0.10367511055971447  train-loss:  0.08963479840895161  lr:  1.9073486328125e-08
#epoch  463    val-loss:  0.10337775475100468  train-loss:  0.08968329659546725  lr:  1.9073486328125e-08
#epoch  464    val-loss:  0.10434632277802418  train-loss:  0.0896464673569426  lr:  1.9073486328125e-08
#epoch  465    val-loss:  0.10397530503963169  train-loss:  0.08961820037802681  lr:  1.9073486328125e-08
#epoch  466    val-loss:  0.10341881137145192  train-loss:  0.08970711892470717  lr:  1.9073486328125e-08
#epoch  467    val-loss:  0.1034991443157196  train-loss:  0.08965490412083454  lr:  1.9073486328125e-08
#epoch  468    val-loss:  0.10321958755192004  train-loss:  0.08965079649351537  lr:  1.9073486328125e-08
#epoch  469    val-loss:  0.1036232172658569  train-loss:  0.08964445162564516  lr:  1.9073486328125e-08
#epoch  470    val-loss:  0.1039250669510741  train-loss:  0.08966362435603514  lr:  1.9073486328125e-08
#epoch  471    val-loss:  0.10342770697254884  train-loss:  0.08961486490443349  lr:  1.9073486328125e-08
#epoch  472    val-loss:  0.10309670826322154  train-loss:  0.08962735385284759  lr:  1.9073486328125e-08
#epoch  473    val-loss:  0.10504719183633202  train-loss:  0.08963272321852855  lr:  1.9073486328125e-08
#epoch  474    val-loss:  0.10588391517338  train-loss:  0.08966990569024347  lr:  1.9073486328125e-08
#epoch  475    val-loss:  0.1033201982316218  train-loss:  0.08960350771667436  lr:  1.9073486328125e-08
#epoch  476    val-loss:  0.10393280967285759  train-loss:  0.08964094228576869  lr:  1.9073486328125e-08
#epoch  477    val-loss:  0.10319064635979502  train-loss:  0.08964347906294279  lr:  1.9073486328125e-08
#epoch  478    val-loss:  0.10358240063253202  train-loss:  0.08963948281598277  lr:  1.9073486328125e-08
#epoch  479    val-loss:  0.1034250259399414  train-loss:  0.08964874516823329  lr:  1.9073486328125e-08
#epoch  480    val-loss:  0.10394903233176783  train-loss:  0.08961035349057056  lr:  1.9073486328125e-08
#epoch  481    val-loss:  0.1038046749798875  train-loss:  0.08968068510876037  lr:  1.9073486328125e-08
#epoch  482    val-loss:  0.10370453603957829  train-loss:  0.08960536532686092  lr:  1.9073486328125e-08
#epoch  483    val-loss:  0.10342633371290408  train-loss:  0.0896212489460595  lr:  1.9073486328125e-08
#epoch  484    val-loss:  0.10419274513658724  train-loss:  0.08959715839591809  lr:  1.9073486328125e-08
#epoch  485    val-loss:  0.10332693316434559  train-loss:  0.08960219344589859  lr:  1.9073486328125e-08
#epoch  486    val-loss:  0.1036663773028474  train-loss:  0.08958741012611426  lr:  1.9073486328125e-08
#epoch  487    val-loss:  0.10338181492529418  train-loss:  0.08963094942737371  lr:  1.9073486328125e-08
#epoch  488    val-loss:  0.10422955139687187  train-loss:  0.0896373818104621  lr:  1.9073486328125e-08
#epoch  489    val-loss:  0.10491565026735004  train-loss:  0.089625309308758  lr:  1.9073486328125e-08
#epoch  490    val-loss:  0.10303859177388643  train-loss:  0.08963170732022263  lr:  1.9073486328125e-08
#epoch  491    val-loss:  0.10352189878099843  train-loss:  0.08967869792832062  lr:  1.9073486328125e-08
#epoch  492    val-loss:  0.10493402300696623  train-loss:  0.08961865372839384  lr:  1.9073486328125e-08
#epoch  493    val-loss:  0.10399015130181062  train-loss:  0.08964930009096861  lr:  1.9073486328125e-08
#epoch  494    val-loss:  0.1035641474943412  train-loss:  0.08963914541527629  lr:  1.9073486328125e-08
#epoch  495    val-loss:  0.104222608632163  train-loss:  0.08968581381486729  lr:  1.9073486328125e-08
#epoch  496    val-loss:  0.10354201770142506  train-loss:  0.08968977682525292  lr:  1.9073486328125e-08
#epoch  497    val-loss:  0.10377073640886106  train-loss:  0.0895826782216318  lr:  1.9073486328125e-08
#epoch  498    val-loss:  0.1049656417024763  train-loss:  0.08968851380632259  lr:  1.9073486328125e-08
#epoch  499    val-loss:  0.103082958020662  train-loss:  0.0896010268770624  lr:  1.9073486328125e-08
