model a7764b5bb1e7c22d1c9600b53344e76b19474f1b2ca2332c8f11af90 state_dict has not been found
Model was not found
torch.cuda.is_available():	 True
runargs:	 Namespace(co2=False, depth=110.0, disp=-1, domain='global', epoch=0, latitude=True, linsupres=False, lossfun='MSE', lr=0.01, lsrp_span=12, maxepoch=500, minibatch=4, mode='train', normalization='standard', num_workers=40, parts=[1, 1], persistent_workers=False, prefetch_factor=1, relog=True, rerun=True, sanity=False, sigma=8, temperature=True)
data_address /scratch/zanna/data/cm2.6/coarse_8_beneath_surface.zarr
using device: cuda:0
epochs started
#epoch  0    val-loss:  0.46104152108493607  train-loss:  0.8488657638663426  lr:  0.01
#epoch  1    val-loss:  0.3240057104512265  train-loss:  0.353084365662653  lr:  0.01
#epoch  2    val-loss:  0.24489871530156387  train-loss:  0.24927365430630744  lr:  0.01
#epoch  3    val-loss:  0.20097172260284424  train-loss:  0.19784987269667909  lr:  0.01
#epoch  4    val-loss:  0.1818236802753649  train-loss:  0.17053016851423308  lr:  0.01
#epoch  5    val-loss:  0.16109464513628105  train-loss:  0.1522327505517751  lr:  0.01
#epoch  6    val-loss:  0.1512868145578786  train-loss:  0.14070982826524414  lr:  0.01
#epoch  7    val-loss:  0.15264229711733365  train-loss:  0.13215697687701322  lr:  0.01
#epoch  8    val-loss:  0.13620150991176305  train-loss:  0.1253641924704425  lr:  0.01
#epoch  9    val-loss:  0.13695662154963142  train-loss:  0.12187455914681777  lr:  0.01
#epoch  10    val-loss:  0.13787927282483955  train-loss:  0.11659335481817834  lr:  0.01
#epoch  11    val-loss:  0.13115460111906654  train-loss:  0.11474355612881482  lr:  0.01
#epoch  12    val-loss:  0.12506758147164396  train-loss:  0.11213952623074874  lr:  0.01
#epoch  13    val-loss:  0.12700056402306809  train-loss:  0.11006774150882848  lr:  0.01
#epoch  14    val-loss:  0.12228586211016304  train-loss:  0.1072367065353319  lr:  0.01
#epoch  15    val-loss:  0.12268904635780736  train-loss:  0.1044092821830418  lr:  0.01
#epoch  16    val-loss:  0.12399672011011525  train-loss:  0.10322640172671527  lr:  0.01
#epoch  17    val-loss:  0.11654644420272425  train-loss:  0.10242830761126243  lr:  0.01
#epoch  18    val-loss:  0.12299390490117826  train-loss:  0.09980777514283545  lr:  0.01
#epoch  19    val-loss:  0.11657414193216123  train-loss:  0.10000097437296063  lr:  0.01
#epoch  20    val-loss:  0.11065384784811422  train-loss:  0.09886596523574553  lr:  0.01
#epoch  21    val-loss:  0.11678004460899453  train-loss:  0.0967765518289525  lr:  0.01
#epoch  22    val-loss:  0.11441491034470107  train-loss:  0.09675657330080867  lr:  0.01
#epoch  23    val-loss:  0.11682966077014019  train-loss:  0.09457103445311077  lr:  0.01
#epoch  24    val-loss:  0.10250045045426018  train-loss:  0.08606918260920793  lr:  0.005
#epoch  25    val-loss:  0.1037899208696265  train-loss:  0.08547102368902415  lr:  0.005
#epoch  26    val-loss:  0.10368984349464115  train-loss:  0.08550098689738661  lr:  0.005
#epoch  27    val-loss:  0.10087764498434569  train-loss:  0.08538148700608872  lr:  0.005
#epoch  28    val-loss:  0.10283091742741435  train-loss:  0.08511861591250636  lr:  0.005
#epoch  29    val-loss:  0.10348938758436002  train-loss:  0.08457300422014669  lr:  0.005
#epoch  30    val-loss:  0.10765160228076734  train-loss:  0.08399552703485824  lr:  0.005
#epoch  31    val-loss:  0.09317849223550997  train-loss:  0.07972600610810332  lr:  0.0025
#epoch  32    val-loss:  0.09497602519236113  train-loss:  0.07947375209187157  lr:  0.0025
#epoch  33    val-loss:  0.09535898346649974  train-loss:  0.07940906460862607  lr:  0.0025
#epoch  34    val-loss:  0.09453250232495759  train-loss:  0.07895069275400601  lr:  0.0025
#epoch  35    val-loss:  0.09007812016888668  train-loss:  0.07653879586723633  lr:  0.00125
#epoch  36    val-loss:  0.09041795016903627  train-loss:  0.0764863163640257  lr:  0.00125
#epoch  37    val-loss:  0.09337517775987324  train-loss:  0.07622288458514959  lr:  0.00125
#epoch  38    val-loss:  0.09048349527936232  train-loss:  0.07616994940326549  lr:  0.00125
#epoch  39    val-loss:  0.08905233403569773  train-loss:  0.07474389133858494  lr:  0.000625
#epoch  40    val-loss:  0.08894617855548859  train-loss:  0.07466893308446743  lr:  0.000625
#epoch  41    val-loss:  0.09031165783342562  train-loss:  0.07460924357292242  lr:  0.000625
#epoch  42    val-loss:  0.08958999538107922  train-loss:  0.07445530543918721  lr:  0.000625
#epoch  43    val-loss:  0.08866904362251884  train-loss:  0.0744958005961962  lr:  0.000625
#epoch  44    val-loss:  0.08846250098002584  train-loss:  0.07425762046477757  lr:  0.000625
#epoch  45    val-loss:  0.08894045807813343  train-loss:  0.07415866330848075  lr:  0.000625
#epoch  46    val-loss:  0.08858268041359751  train-loss:  0.07402842055307701  lr:  0.000625
#epoch  47    val-loss:  0.0885521906771158  train-loss:  0.07400669826893136  lr:  0.000625
#epoch  48    val-loss:  0.08799387161668978  train-loss:  0.07323945479583926  lr:  0.0003125
#epoch  49    val-loss:  0.08874292985389107  train-loss:  0.07312633490073495  lr:  0.0003125
#epoch  50    val-loss:  0.08733357606749785  train-loss:  0.07310890266671777  lr:  0.0003125
#epoch  51    val-loss:  0.08848880505875538  train-loss:  0.07305419450858608  lr:  0.0003125
#epoch  52    val-loss:  0.08808928139899906  train-loss:  0.07299177991808392  lr:  0.0003125
#epoch  53    val-loss:  0.08808826419867967  train-loss:  0.07300423385458998  lr:  0.0003125
#epoch  54    val-loss:  0.08766111300179832  train-loss:  0.0725510188494809  lr:  0.00015625
#epoch  55    val-loss:  0.08819478005170822  train-loss:  0.07246061426121742  lr:  0.00015625
#epoch  56    val-loss:  0.08777779340744019  train-loss:  0.07245288079138845  lr:  0.00015625
#epoch  57    val-loss:  0.08648848259135296  train-loss:  0.07222888668184169  lr:  7.8125e-05
#epoch  58    val-loss:  0.08749800253855555  train-loss:  0.07220359248458408  lr:  7.8125e-05
#epoch  59    val-loss:  0.08663563351882131  train-loss:  0.07218449941137806  lr:  7.8125e-05
#epoch  60    val-loss:  0.0880862694037588  train-loss:  0.07213041005888954  lr:  7.8125e-05
#epoch  61    val-loss:  0.08658885995024129  train-loss:  0.072050148708513  lr:  3.90625e-05
#epoch  62    val-loss:  0.08684910951476348  train-loss:  0.0720560617337469  lr:  3.90625e-05
#epoch  63    val-loss:  0.08725394426207793  train-loss:  0.0720113645074889  lr:  3.90625e-05
#epoch  64    val-loss:  0.08682975643559505  train-loss:  0.0719328014383791  lr:  1.953125e-05
#epoch  65    val-loss:  0.08676324588687796  train-loss:  0.07195627449254971  lr:  1.953125e-05
#epoch  66    val-loss:  0.08687781699393925  train-loss:  0.07195796477026306  lr:  1.953125e-05
#epoch  67    val-loss:  0.08634997708232779  train-loss:  0.07187225559027866  lr:  9.765625e-06
#epoch  68    val-loss:  0.08724630231920041  train-loss:  0.07189819746417925  lr:  9.765625e-06
#epoch  69    val-loss:  0.08680690628917594  train-loss:  0.07192110610776581  lr:  9.765625e-06
#epoch  70    val-loss:  0.08725189064678393  train-loss:  0.07192537287482992  lr:  9.765625e-06
#epoch  71    val-loss:  0.08664089441299438  train-loss:  0.07188246757141314  lr:  4.8828125e-06
#epoch  72    val-loss:  0.08664492360855404  train-loss:  0.07184627137030475  lr:  4.8828125e-06
#epoch  73    val-loss:  0.08715678241692092  train-loss:  0.07185683539137244  lr:  4.8828125e-06
#epoch  74    val-loss:  0.08700280401267503  train-loss:  0.07184246281394735  lr:  2.44140625e-06
#epoch  75    val-loss:  0.08736227335114229  train-loss:  0.07187933701789007  lr:  2.44140625e-06
#epoch  76    val-loss:  0.08751093360938524  train-loss:  0.07189036620547995  lr:  2.44140625e-06
#epoch  77    val-loss:  0.08665683708692852  train-loss:  0.07186293914855924  lr:  1.220703125e-06
#epoch  78    val-loss:  0.08634512597008755  train-loss:  0.07185744150774553  lr:  1.220703125e-06
#epoch  79    val-loss:  0.08722956870731555  train-loss:  0.07190925139002502  lr:  1.220703125e-06
#epoch  80    val-loss:  0.08717133536150581  train-loss:  0.07185809937072918  lr:  6.103515625e-07
#epoch  81    val-loss:  0.08703761900726117  train-loss:  0.07185305457096547  lr:  6.103515625e-07
#epoch  82    val-loss:  0.08714170910810169  train-loss:  0.07188255513028707  lr:  6.103515625e-07
#epoch  83    val-loss:  0.08717690172948335  train-loss:  0.07183784354128875  lr:  3.0517578125e-07
#epoch  84    val-loss:  0.08716903117142226  train-loss:  0.0718496004701592  lr:  3.0517578125e-07
#epoch  85    val-loss:  0.08715425078806124  train-loss:  0.07187607532250695  lr:  3.0517578125e-07
#epoch  86    val-loss:  0.08651719085480038  train-loss:  0.07185714147635736  lr:  1.52587890625e-07
#epoch  87    val-loss:  0.0868911264758361  train-loss:  0.07188286900054663  lr:  1.52587890625e-07
#epoch  88    val-loss:  0.08651827981597499  train-loss:  0.07182382403698284  lr:  1.52587890625e-07
#epoch  89    val-loss:  0.08739400458963294  train-loss:  0.07187014460214414  lr:  7.62939453125e-08
#epoch  90    val-loss:  0.08666111568087026  train-loss:  0.07185956268222071  lr:  7.62939453125e-08
#epoch  91    val-loss:  0.08634128029409208  train-loss:  0.07186309514509048  lr:  7.62939453125e-08
#epoch  92    val-loss:  0.08744918202099047  train-loss:  0.0718459231138695  lr:  7.62939453125e-08
#epoch  93    val-loss:  0.08659053907582634  train-loss:  0.0718452905130107  lr:  7.62939453125e-08
#epoch  94    val-loss:  0.08711037980882745  train-loss:  0.07184634864097461  lr:  7.62939453125e-08
#epoch  95    val-loss:  0.0869289158206237  train-loss:  0.07187104420154355  lr:  3.814697265625e-08
#epoch  96    val-loss:  0.08659064652104127  train-loss:  0.07184506775229238  lr:  3.814697265625e-08
#epoch  97    val-loss:  0.08717932630526393  train-loss:  0.07183526575681753  lr:  3.814697265625e-08
#epoch  98    val-loss:  0.08714667825322402  train-loss:  0.07186785177327693  lr:  1.9073486328125e-08
#epoch  99    val-loss:  0.08673335376538728  train-loss:  0.07184092645184137  lr:  1.9073486328125e-08
#epoch  100    val-loss:  0.08735306796274687  train-loss:  0.071836212038761  lr:  1.9073486328125e-08
#epoch  101    val-loss:  0.08721556945850975  train-loss:  0.07188848170335405  lr:  1.9073486328125e-08
#epoch  102    val-loss:  0.08739740048584185  train-loss:  0.07184990181121975  lr:  1.9073486328125e-08
#epoch  103    val-loss:  0.08679854007143724  train-loss:  0.07185287831816822  lr:  1.9073486328125e-08
#epoch  104    val-loss:  0.08682024871048175  train-loss:  0.07183032257307786  lr:  1.9073486328125e-08
#epoch  105    val-loss:  0.08673288594735296  train-loss:  0.07184250187128782  lr:  1.9073486328125e-08
#epoch  106    val-loss:  0.0868765378468915  train-loss:  0.07185604324331507  lr:  1.9073486328125e-08
#epoch  107    val-loss:  0.08716224133968353  train-loss:  0.0718289878568612  lr:  1.9073486328125e-08
#epoch  108    val-loss:  0.086821837644828  train-loss:  0.0718738157156622  lr:  1.9073486328125e-08
#epoch  109    val-loss:  0.08685897525988127  train-loss:  0.07185107466648333  lr:  1.9073486328125e-08
#epoch  110    val-loss:  0.0871341691205376  train-loss:  0.0718301088490989  lr:  1.9073486328125e-08
#epoch  111    val-loss:  0.08746250052201121  train-loss:  0.07179617165820673  lr:  1.9073486328125e-08
#epoch  112    val-loss:  0.08742971757524892  train-loss:  0.07186246919445693  lr:  1.9073486328125e-08
#epoch  113    val-loss:  0.087795374424834  train-loss:  0.07186159426055383  lr:  1.9073486328125e-08
#epoch  114    val-loss:  0.0866825302180491  train-loss:  0.07184454394155182  lr:  1.9073486328125e-08
#epoch  115    val-loss:  0.08659517098414271  train-loss:  0.07181528536602855  lr:  1.9073486328125e-08
#epoch  116    val-loss:  0.08669842465927727  train-loss:  0.07182622140680905  lr:  1.9073486328125e-08
#epoch  117    val-loss:  0.08750485511202562  train-loss:  0.07185276161180809  lr:  1.9073486328125e-08
#epoch  118    val-loss:  0.0866298687301184  train-loss:  0.07189130417827982  lr:  1.9073486328125e-08
#epoch  119    val-loss:  0.087331097376974  train-loss:  0.07188243554264773  lr:  1.9073486328125e-08
#epoch  120    val-loss:  0.08632334478591618  train-loss:  0.0718280181317823  lr:  1.9073486328125e-08
#epoch  121    val-loss:  0.08704535192564915  train-loss:  0.0718506523699034  lr:  1.9073486328125e-08
#epoch  122    val-loss:  0.08697615681510222  train-loss:  0.071842357647256  lr:  1.9073486328125e-08
#epoch  123    val-loss:  0.08634819756997258  train-loss:  0.07183230278315023  lr:  1.9073486328125e-08
#epoch  124    val-loss:  0.08718148815004449  train-loss:  0.07185473752906546  lr:  1.9073486328125e-08
#epoch  125    val-loss:  0.08637382835149765  train-loss:  0.07188314831000753  lr:  1.9073486328125e-08
#epoch  126    val-loss:  0.08792784417930402  train-loss:  0.07182749029016122  lr:  1.9073486328125e-08
#epoch  127    val-loss:  0.08630805658666711  train-loss:  0.07187925398466177  lr:  1.9073486328125e-08
#epoch  128    val-loss:  0.08712501784688548  train-loss:  0.0718576378421858  lr:  1.9073486328125e-08
#epoch  129    val-loss:  0.08654327180824782  train-loss:  0.0718485652905656  lr:  1.9073486328125e-08
#epoch  130    val-loss:  0.08635595911427547  train-loss:  0.07184697885531932  lr:  1.9073486328125e-08
#epoch  131    val-loss:  0.08697311188045301  train-loss:  0.07187404244905338  lr:  1.9073486328125e-08
#epoch  132    val-loss:  0.0867961649047701  train-loss:  0.0718567990406882  lr:  1.9073486328125e-08
#epoch  133    val-loss:  0.08679559591569398  train-loss:  0.07183215329132508  lr:  1.9073486328125e-08
#epoch  134    val-loss:  0.08756083955890254  train-loss:  0.07179477253521327  lr:  1.9073486328125e-08
#epoch  135    val-loss:  0.08682316463244588  train-loss:  0.07186772531713359  lr:  1.9073486328125e-08
#epoch  136    val-loss:  0.08658325750576823  train-loss:  0.07182647861191072  lr:  1.9073486328125e-08
#epoch  137    val-loss:  0.08714808406014192  train-loss:  0.07183042741962709  lr:  1.9073486328125e-08
#epoch  138    val-loss:  0.08723094275123194  train-loss:  0.07186741751502268  lr:  1.9073486328125e-08
#epoch  139    val-loss:  0.08750982582569122  train-loss:  0.0718978361110203  lr:  1.9073486328125e-08
#epoch  140    val-loss:  0.08725481990136598  train-loss:  0.0718512074672617  lr:  1.9073486328125e-08
#epoch  141    val-loss:  0.08685059414098137  train-loss:  0.07186043397814501  lr:  1.9073486328125e-08
#epoch  142    val-loss:  0.08685519977619774  train-loss:  0.07188271370250732  lr:  1.9073486328125e-08
#epoch  143    val-loss:  0.08677660046439421  train-loss:  0.07184427601168863  lr:  1.9073486328125e-08
#epoch  144    val-loss:  0.08681840567212355  train-loss:  0.0718406935047824  lr:  1.9073486328125e-08
#epoch  145    val-loss:  0.0864831205261381  train-loss:  0.07184787538426463  lr:  1.9073486328125e-08
#epoch  146    val-loss:  0.08633096202423698  train-loss:  0.07186886161798611  lr:  1.9073486328125e-08
#epoch  147    val-loss:  0.08630786836147308  train-loss:  0.07180060753307771  lr:  1.9073486328125e-08
#epoch  148    val-loss:  0.08730703984436236  train-loss:  0.07183370387065224  lr:  1.9073486328125e-08
#epoch  149    val-loss:  0.08748632787089598  train-loss:  0.07187292660819367  lr:  1.9073486328125e-08
#epoch  150    val-loss:  0.08662220482763491  train-loss:  0.0718447623657994  lr:  1.9073486328125e-08
#epoch  151    val-loss:  0.08738596698171214  train-loss:  0.07189684975310229  lr:  1.9073486328125e-08
#epoch  152    val-loss:  0.08780747377558758  train-loss:  0.07184696818876546  lr:  1.9073486328125e-08
#epoch  153    val-loss:  0.08678231231476131  train-loss:  0.07182553134043701  lr:  1.9073486328125e-08
#epoch  154    val-loss:  0.08742149644776394  train-loss:  0.07179819961311296  lr:  1.9073486328125e-08
#epoch  155    val-loss:  0.08663295444689299  train-loss:  0.07185932662105188  lr:  1.9073486328125e-08
#epoch  156    val-loss:  0.08795607599772905  train-loss:  0.07186946403817274  lr:  1.9073486328125e-08
#epoch  157    val-loss:  0.08708753397590235  train-loss:  0.07183432238525711  lr:  1.9073486328125e-08
#epoch  158    val-loss:  0.08713663251776445  train-loss:  0.0718606653099414  lr:  1.9073486328125e-08
#epoch  159    val-loss:  0.08691692430722087  train-loss:  0.07186701042519417  lr:  1.9073486328125e-08
#epoch  160    val-loss:  0.08737417349689885  train-loss:  0.07184083561878651  lr:  1.9073486328125e-08
#epoch  161    val-loss:  0.0872565790226585  train-loss:  0.07190085704496596  lr:  1.9073486328125e-08
#epoch  162    val-loss:  0.08710448953666185  train-loss:  0.0718307408678811  lr:  1.9073486328125e-08
#epoch  163    val-loss:  0.08731653698180851  train-loss:  0.07183513182098977  lr:  1.9073486328125e-08
#epoch  164    val-loss:  0.08673537953903801  train-loss:  0.07185235293582082  lr:  1.9073486328125e-08
#epoch  165    val-loss:  0.08680615927043714  train-loss:  0.07185532469884492  lr:  1.9073486328125e-08
#epoch  166    val-loss:  0.08721883320494701  train-loss:  0.07179052056744695  lr:  1.9073486328125e-08
#epoch  167    val-loss:  0.08675827164398997  train-loss:  0.07183885245467536  lr:  1.9073486328125e-08
#epoch  168    val-loss:  0.08719208914982646  train-loss:  0.07189078454393893  lr:  1.9073486328125e-08
#epoch  169    val-loss:  0.08655415906717903  train-loss:  0.07184781978139654  lr:  1.9073486328125e-08
#epoch  170    val-loss:  0.08662833665546618  train-loss:  0.07182718903641216  lr:  1.9073486328125e-08
#epoch  171    val-loss:  0.08741224478734166  train-loss:  0.07189030517474748  lr:  1.9073486328125e-08
#epoch  172    val-loss:  0.08676617788641076  train-loss:  0.07187887877807952  lr:  1.9073486328125e-08
#epoch  173    val-loss:  0.08676319334067796  train-loss:  0.07182345254113898  lr:  1.9073486328125e-08
#epoch  174    val-loss:  0.08694345072696083  train-loss:  0.07183525346044917  lr:  1.9073486328125e-08
#epoch  175    val-loss:  0.08651110843608253  train-loss:  0.07183197492850013  lr:  1.9073486328125e-08
#epoch  176    val-loss:  0.08714142833885394  train-loss:  0.07184038781269919  lr:  1.9073486328125e-08
#epoch  177    val-loss:  0.0874519324616382  train-loss:  0.07182178032235242  lr:  1.9073486328125e-08
#epoch  178    val-loss:  0.08730933658386532  train-loss:  0.07186672088573687  lr:  1.9073486328125e-08
#epoch  179    val-loss:  0.08713567021645997  train-loss:  0.0718966263520997  lr:  1.9073486328125e-08
#epoch  180    val-loss:  0.08731716283057865  train-loss:  0.07187587194493972  lr:  1.9073486328125e-08
#epoch  181    val-loss:  0.08709076988069635  train-loss:  0.07188031147234142  lr:  1.9073486328125e-08
#epoch  182    val-loss:  0.08656105399131775  train-loss:  0.0717941308976151  lr:  1.9073486328125e-08
#epoch  183    val-loss:  0.08700186171029743  train-loss:  0.07189058378571644  lr:  1.9073486328125e-08
#epoch  184    val-loss:  0.08669883326480263  train-loss:  0.07184607279486954  lr:  1.9073486328125e-08
#epoch  185    val-loss:  0.08651851862668991  train-loss:  0.0718509357975563  lr:  1.9073486328125e-08
#epoch  186    val-loss:  0.0872226000616425  train-loss:  0.07181512704119086  lr:  1.9073486328125e-08
#epoch  187    val-loss:  0.08641080832795094  train-loss:  0.0718284856993705  lr:  1.9073486328125e-08
#epoch  188    val-loss:  0.08686888806129757  train-loss:  0.07187070086365566  lr:  1.9073486328125e-08
#epoch  189    val-loss:  0.08698272195301558  train-loss:  0.07186578985420056  lr:  1.9073486328125e-08
#epoch  190    val-loss:  0.08635924874167693  train-loss:  0.07184528821380809  lr:  1.9073486328125e-08
#epoch  191    val-loss:  0.08714724136026282  train-loss:  0.07184581093315501  lr:  1.9073486328125e-08
#epoch  192    val-loss:  0.08738941424771358  train-loss:  0.07183306553633884  lr:  1.9073486328125e-08
#epoch  193    val-loss:  0.08679639626490443  train-loss:  0.071821148856543  lr:  1.9073486328125e-08
#epoch  194    val-loss:  0.08651459295498698  train-loss:  0.07187534710101318  lr:  1.9073486328125e-08
#epoch  195    val-loss:  0.08632228876415052  train-loss:  0.07186282239854336  lr:  1.9073486328125e-08
#epoch  196    val-loss:  0.08711531836735575  train-loss:  0.07185262572602369  lr:  1.9073486328125e-08
#epoch  197    val-loss:  0.08662537171652443  train-loss:  0.07187819899991155  lr:  1.9073486328125e-08
#epoch  198    val-loss:  0.08623331079357549  train-loss:  0.07191091665299609  lr:  1.9073486328125e-08
#epoch  199    val-loss:  0.08660772952594255  train-loss:  0.07179948390694335  lr:  1.9073486328125e-08
#epoch  200    val-loss:  0.08746984483380067  train-loss:  0.0718487053818535  lr:  1.9073486328125e-08
#epoch  201    val-loss:  0.08675732502811834  train-loss:  0.07183450108277611  lr:  1.9073486328125e-08
#epoch  202    val-loss:  0.08677663693302556  train-loss:  0.07187642279313877  lr:  1.9073486328125e-08
#epoch  203    val-loss:  0.08663524177513625  train-loss:  0.0718735105911037  lr:  1.9073486328125e-08
#epoch  204    val-loss:  0.08708198094054272  train-loss:  0.07188645919086412  lr:  1.9073486328125e-08
#epoch  205    val-loss:  0.08654561560404928  train-loss:  0.07186919506057166  lr:  1.9073486328125e-08
#epoch  206    val-loss:  0.08677947599636882  train-loss:  0.07181692522135563  lr:  1.9073486328125e-08
#epoch  207    val-loss:  0.08650116936156624  train-loss:  0.07188391892123036  lr:  1.9073486328125e-08
#epoch  208    val-loss:  0.08632333851174305  train-loss:  0.07183946997974999  lr:  1.9073486328125e-08
#epoch  209    val-loss:  0.0872250928690559  train-loss:  0.07183146731404122  lr:  1.9073486328125e-08
#epoch  210    val-loss:  0.0872850151438462  train-loss:  0.07184473576489836  lr:  1.9073486328125e-08
#epoch  211    val-loss:  0.08721910809215747  train-loss:  0.07186871553130914  lr:  1.9073486328125e-08
#epoch  212    val-loss:  0.0867969644697089  train-loss:  0.07180953412898816  lr:  1.9073486328125e-08
#epoch  213    val-loss:  0.08679287802231939  train-loss:  0.07189390022540465  lr:  1.9073486328125e-08
#epoch  214    val-loss:  0.08684953341358587  train-loss:  0.07183204486500472  lr:  1.9073486328125e-08
#epoch  215    val-loss:  0.08661834974037974  train-loss:  0.07185997228953056  lr:  1.9073486328125e-08
#epoch  216    val-loss:  0.08680709216155504  train-loss:  0.07186520649702288  lr:  1.9073486328125e-08
#epoch  217    val-loss:  0.0866231357580737  train-loss:  0.07185640369425528  lr:  1.9073486328125e-08
#epoch  218    val-loss:  0.08676335803772274  train-loss:  0.07182844044291414  lr:  1.9073486328125e-08
#epoch  219    val-loss:  0.08650082388990804  train-loss:  0.07186964768334292  lr:  1.9073486328125e-08
#epoch  220    val-loss:  0.08735786417597219  train-loss:  0.07187481372966431  lr:  1.9073486328125e-08
#epoch  221    val-loss:  0.08675228294573332  train-loss:  0.07176549482392147  lr:  1.9073486328125e-08
#epoch  222    val-loss:  0.08700185896534669  train-loss:  0.07183837602497078  lr:  1.9073486328125e-08
#epoch  223    val-loss:  0.08628670479121961  train-loss:  0.07185281495912932  lr:  1.9073486328125e-08
#epoch  224    val-loss:  0.0874600508495381  train-loss:  0.07183092975174077  lr:  1.9073486328125e-08
#epoch  225    val-loss:  0.08685518448290072  train-loss:  0.07182389701483771  lr:  1.9073486328125e-08
#epoch  226    val-loss:  0.08677817096835688  train-loss:  0.07186032788013108  lr:  1.9073486328125e-08
#epoch  227    val-loss:  0.08632453138891019  train-loss:  0.07186797886970453  lr:  1.9073486328125e-08
#epoch  228    val-loss:  0.08688443271737349  train-loss:  0.07187173036800232  lr:  1.9073486328125e-08
#epoch  229    val-loss:  0.08693426259254154  train-loss:  0.07182201459363569  lr:  1.9073486328125e-08
#epoch  230    val-loss:  0.08660862045852762  train-loss:  0.07185321833821945  lr:  1.9073486328125e-08
#epoch  231    val-loss:  0.08659654306738  train-loss:  0.07184834982035682  lr:  1.9073486328125e-08
#epoch  232    val-loss:  0.08701448338596444  train-loss:  0.07183982376591302  lr:  1.9073486328125e-08
#epoch  233    val-loss:  0.08750017497100328  train-loss:  0.07181409234181046  lr:  1.9073486328125e-08
#epoch  234    val-loss:  0.08697360832440226  train-loss:  0.07186427598935552  lr:  1.9073486328125e-08
#epoch  235    val-loss:  0.08652098908236153  train-loss:  0.07180208653153386  lr:  1.9073486328125e-08
#epoch  236    val-loss:  0.08684437329831876  train-loss:  0.07182289380580187  lr:  1.9073486328125e-08
#epoch  237    val-loss:  0.08667578077629993  train-loss:  0.07187715676263906  lr:  1.9073486328125e-08
#epoch  238    val-loss:  0.08670744809665178  train-loss:  0.07185456162551418  lr:  1.9073486328125e-08
#epoch  239    val-loss:  0.08711494623046172  train-loss:  0.07183174398960546  lr:  1.9073486328125e-08
#epoch  240    val-loss:  0.08746010614068885  train-loss:  0.07185500257764943  lr:  1.9073486328125e-08
#epoch  241    val-loss:  0.08674061925787675  train-loss:  0.07186366751557216  lr:  1.9073486328125e-08
#epoch  242    val-loss:  0.08742905486571162  train-loss:  0.07186206853657495  lr:  1.9073486328125e-08
#epoch  243    val-loss:  0.08713029207367647  train-loss:  0.07183419581269845  lr:  1.9073486328125e-08
#epoch  244    val-loss:  0.08635471486731579  train-loss:  0.07183146421448328  lr:  1.9073486328125e-08
#epoch  245    val-loss:  0.0871419043917405  train-loss:  0.07186622542212717  lr:  1.9073486328125e-08
#epoch  246    val-loss:  0.08630622844947011  train-loss:  0.07185765510075726  lr:  1.9073486328125e-08
#epoch  247    val-loss:  0.08660314977169037  train-loss:  0.071903729083715  lr:  1.9073486328125e-08
#epoch  248    val-loss:  0.08736786481581237  train-loss:  0.07181005162419751  lr:  1.9073486328125e-08
#epoch  249    val-loss:  0.08654936167754625  train-loss:  0.0718844816001365  lr:  1.9073486328125e-08
#epoch  250    val-loss:  0.08671062871029503  train-loss:  0.07185910412226804  lr:  1.9073486328125e-08
#epoch  251    val-loss:  0.08700666027633767  train-loss:  0.0718498999485746  lr:  1.9073486328125e-08
#epoch  252    val-loss:  0.08796055144385288  train-loss:  0.0718397538003046  lr:  1.9073486328125e-08
#epoch  253    val-loss:  0.08731831649416372  train-loss:  0.07184681501530576  lr:  1.9073486328125e-08
#epoch  254    val-loss:  0.08683367818593979  train-loss:  0.07182768355414737  lr:  1.9073486328125e-08
#epoch  255    val-loss:  0.08692999380199533  train-loss:  0.071858387789689  lr:  1.9073486328125e-08
#epoch  256    val-loss:  0.08721911907196045  train-loss:  0.07186255641863681  lr:  1.9073486328125e-08
#epoch  257    val-loss:  0.08683347270676964  train-loss:  0.07185664077405818  lr:  1.9073486328125e-08
#epoch  258    val-loss:  0.08742187211388036  train-loss:  0.07188721602142323  lr:  1.9073486328125e-08
#epoch  259    val-loss:  0.08682789300617419  train-loss:  0.07188763613521587  lr:  1.9073486328125e-08
#epoch  260    val-loss:  0.08686514159566477  train-loss:  0.07183722712215967  lr:  1.9073486328125e-08
#epoch  261    val-loss:  0.08716125747090891  train-loss:  0.07184638826583978  lr:  1.9073486328125e-08
#epoch  262    val-loss:  0.08665103073182859  train-loss:  0.07186426146654412  lr:  1.9073486328125e-08
#epoch  263    val-loss:  0.08672745408196199  train-loss:  0.07184510870138183  lr:  1.9073486328125e-08
#epoch  264    val-loss:  0.08702544711138073  train-loss:  0.07181668252451345  lr:  1.9073486328125e-08
#epoch  265    val-loss:  0.08794233320575011  train-loss:  0.07185245762229897  lr:  1.9073486328125e-08
#epoch  266    val-loss:  0.08673944951672304  train-loss:  0.07185527004185133  lr:  1.9073486328125e-08
#epoch  267    val-loss:  0.08655129137792085  train-loss:  0.07188473819405772  lr:  1.9073486328125e-08
#epoch  268    val-loss:  0.08657733350992203  train-loss:  0.07184219307964668  lr:  1.9073486328125e-08
#epoch  269    val-loss:  0.08680948536646993  train-loss:  0.0718236214161152  lr:  1.9073486328125e-08
#epoch  270    val-loss:  0.08716397261933277  train-loss:  0.07184260486974381  lr:  1.9073486328125e-08
#epoch  271    val-loss:  0.08680243045091629  train-loss:  0.07186685749911703  lr:  1.9073486328125e-08
#epoch  272    val-loss:  0.08623039095025313  train-loss:  0.07190157746663317  lr:  1.9073486328125e-08
#epoch  273    val-loss:  0.08719647832606968  train-loss:  0.0718449739360949  lr:  1.9073486328125e-08
#epoch  274    val-loss:  0.08678452905855681  train-loss:  0.07186878356151283  lr:  1.9073486328125e-08
#epoch  275    val-loss:  0.08624041080474854  train-loss:  0.0718354363925755  lr:  1.9073486328125e-08
#epoch  276    val-loss:  0.08721648784060228  train-loss:  0.07187040644930676  lr:  1.9073486328125e-08
#epoch  277    val-loss:  0.08721143438627846  train-loss:  0.07180249085649848  lr:  1.9073486328125e-08
#epoch  278    val-loss:  0.08630858989138353  train-loss:  0.07185123347153421  lr:  1.9073486328125e-08
#epoch  279    val-loss:  0.08686322954140212  train-loss:  0.07186161393474322  lr:  1.9073486328125e-08
#epoch  280    val-loss:  0.0870258521876837  train-loss:  0.07183450023876503  lr:  1.9073486328125e-08
#epoch  281    val-loss:  0.08731036280330859  train-loss:  0.07182183186523616  lr:  1.9073486328125e-08
#epoch  282    val-loss:  0.08727429924826872  train-loss:  0.07182803831528872  lr:  1.9073486328125e-08
#epoch  283    val-loss:  0.08700028728497655  train-loss:  0.0718551250611199  lr:  1.9073486328125e-08
#epoch  284    val-loss:  0.08731097061383097  train-loss:  0.07188827026402578  lr:  1.9073486328125e-08
#epoch  285    val-loss:  0.08663375558037507  train-loss:  0.07187649389379658  lr:  1.9073486328125e-08
#epoch  286    val-loss:  0.08691631845737759  train-loss:  0.07184749527368695  lr:  1.9073486328125e-08
#epoch  287    val-loss:  0.08729947868146394  train-loss:  0.07182995535549708  lr:  1.9073486328125e-08
#epoch  288    val-loss:  0.08652776244439576  train-loss:  0.07183960231486708  lr:  1.9073486328125e-08
#epoch  289    val-loss:  0.08729357899803865  train-loss:  0.07190191479458008  lr:  1.9073486328125e-08
#epoch  290    val-loss:  0.08739894510884035  train-loss:  0.07184045609028544  lr:  1.9073486328125e-08
#epoch  291    val-loss:  0.08715193953953292  train-loss:  0.07184527718345635  lr:  1.9073486328125e-08
#epoch  292    val-loss:  0.08713406167532269  train-loss:  0.07184581010369584  lr:  1.9073486328125e-08
#epoch  293    val-loss:  0.08740086931931346  train-loss:  0.07183335139416158  lr:  1.9073486328125e-08
#epoch  294    val-loss:  0.08714007154891365  train-loss:  0.07185722925351001  lr:  1.9073486328125e-08
#epoch  295    val-loss:  0.08664249707209437  train-loss:  0.07188639332889579  lr:  1.9073486328125e-08
#epoch  296    val-loss:  0.08693023222057443  train-loss:  0.07185716184903868  lr:  1.9073486328125e-08
#epoch  297    val-loss:  0.08688530012180931  train-loss:  0.07181863431469537  lr:  1.9073486328125e-08
#epoch  298    val-loss:  0.08698758208437969  train-loss:  0.07187905447790399  lr:  1.9073486328125e-08
#epoch  299    val-loss:  0.08662051040875285  train-loss:  0.07182080420898274  lr:  1.9073486328125e-08
#epoch  300    val-loss:  0.08667242134872236  train-loss:  0.07184029206109699  lr:  1.9073486328125e-08
#epoch  301    val-loss:  0.08689589014178828  train-loss:  0.07182645914144814  lr:  1.9073486328125e-08
#epoch  302    val-loss:  0.08677532014093901  train-loss:  0.07186226881458424  lr:  1.9073486328125e-08
#epoch  303    val-loss:  0.08683795011357258  train-loss:  0.07184736717317719  lr:  1.9073486328125e-08
#epoch  304    val-loss:  0.08661108071866788  train-loss:  0.07179207942681387  lr:  1.9073486328125e-08
#epoch  305    val-loss:  0.08633001932972356  train-loss:  0.07186157099204138  lr:  1.9073486328125e-08
#epoch  306    val-loss:  0.08627405252895858  train-loss:  0.0718444800877478  lr:  1.9073486328125e-08
#epoch  307    val-loss:  0.08689141665634356  train-loss:  0.07185056357411668  lr:  1.9073486328125e-08
#epoch  308    val-loss:  0.08709590137004852  train-loss:  0.07184655191667844  lr:  1.9073486328125e-08
#epoch  309    val-loss:  0.08777571351904619  train-loss:  0.0718340836756397  lr:  1.9073486328125e-08
#epoch  310    val-loss:  0.08715263440420754  train-loss:  0.07185068726539612  lr:  1.9073486328125e-08
#epoch  311    val-loss:  0.08665320669349871  train-loss:  0.07184537634020671  lr:  1.9073486328125e-08
#epoch  312    val-loss:  0.0874838409455199  train-loss:  0.07183326798258349  lr:  1.9073486328125e-08
#epoch  313    val-loss:  0.08679365249056566  train-loss:  0.07187061611330137  lr:  1.9073486328125e-08
#epoch  314    val-loss:  0.08725464226383912  train-loss:  0.07183340223855339  lr:  1.9073486328125e-08
#epoch  315    val-loss:  0.08630079854475825  train-loss:  0.07187272162991576  lr:  1.9073486328125e-08
#epoch  316    val-loss:  0.08655458806376708  train-loss:  0.07183133508078754  lr:  1.9073486328125e-08
#epoch  317    val-loss:  0.08632225896182813  train-loss:  0.07184841117123142  lr:  1.9073486328125e-08
#epoch  318    val-loss:  0.08715115448361949  train-loss:  0.07191094213339966  lr:  1.9073486328125e-08
#epoch  319    val-loss:  0.08626202886041842  train-loss:  0.0718374089919962  lr:  1.9073486328125e-08
#epoch  320    val-loss:  0.08629977310958661  train-loss:  0.07185885260696523  lr:  1.9073486328125e-08
#epoch  321    val-loss:  0.08711424979724382  train-loss:  0.07185551611473784  lr:  1.9073486328125e-08
#epoch  322    val-loss:  0.08717491987504457  train-loss:  0.07184167344530579  lr:  1.9073486328125e-08
#epoch  323    val-loss:  0.0879351175145099  train-loss:  0.07190338542568497  lr:  1.9073486328125e-08
#epoch  324    val-loss:  0.08698478184248272  train-loss:  0.07187000979320146  lr:  1.9073486328125e-08
#epoch  325    val-loss:  0.0864963743247484  train-loss:  0.07184856417006813  lr:  1.9073486328125e-08
#epoch  326    val-loss:  0.08714743742817327  train-loss:  0.0718295672268141  lr:  1.9073486328125e-08
#epoch  327    val-loss:  0.08794956458242316  train-loss:  0.07184644407243468  lr:  1.9073486328125e-08
#epoch  328    val-loss:  0.08667381735224473  train-loss:  0.07184316600614693  lr:  1.9073486328125e-08
#epoch  329    val-loss:  0.08629993937517468  train-loss:  0.07185208520968445  lr:  1.9073486328125e-08
#epoch  330    val-loss:  0.08703351099240153  train-loss:  0.07189509421004914  lr:  1.9073486328125e-08
#epoch  331    val-loss:  0.08676403407987796  train-loss:  0.07186064918641932  lr:  1.9073486328125e-08
#epoch  332    val-loss:  0.08721615727010526  train-loss:  0.07187551504466683  lr:  1.9073486328125e-08
#epoch  333    val-loss:  0.08748214338955126  train-loss:  0.07185446631046943  lr:  1.9073486328125e-08
#epoch  334    val-loss:  0.08658296065895181  train-loss:  0.07186874334001914  lr:  1.9073486328125e-08
#epoch  335    val-loss:  0.08629442045563146  train-loss:  0.0718838065804448  lr:  1.9073486328125e-08
#epoch  336    val-loss:  0.08664007994689439  train-loss:  0.07184202823555097  lr:  1.9073486328125e-08
#epoch  337    val-loss:  0.0863602428059829  train-loss:  0.07182479320908897  lr:  1.9073486328125e-08
#epoch  338    val-loss:  0.08732677094246212  train-loss:  0.07182781353185419  lr:  1.9073486328125e-08
#epoch  339    val-loss:  0.0867694165361555  train-loss:  0.07184775412315503  lr:  1.9073486328125e-08
#epoch  340    val-loss:  0.08673783979917828  train-loss:  0.07188012260303367  lr:  1.9073486328125e-08
#epoch  341    val-loss:  0.08791451940411016  train-loss:  0.0718599563697353  lr:  1.9073486328125e-08
#epoch  342    val-loss:  0.08642964221929249  train-loss:  0.0718588356685359  lr:  1.9073486328125e-08
#epoch  343    val-loss:  0.08653268688603451  train-loss:  0.07188502015196718  lr:  1.9073486328125e-08
#epoch  344    val-loss:  0.0871822747745012  train-loss:  0.07184925302863121  lr:  1.9073486328125e-08
#epoch  345    val-loss:  0.08678888255044033  train-loss:  0.07187585793144535  lr:  1.9073486328125e-08
#epoch  346    val-loss:  0.08675844536015861  train-loss:  0.07182986475527287  lr:  1.9073486328125e-08
#epoch  347    val-loss:  0.08695502579212189  train-loss:  0.07187143532792106  lr:  1.9073486328125e-08
#epoch  348    val-loss:  0.08699439622853931  train-loss:  0.07184725711704232  lr:  1.9073486328125e-08
#epoch  349    val-loss:  0.08683544907130693  train-loss:  0.07184432915528305  lr:  1.9073486328125e-08
#epoch  350    val-loss:  0.08724241860603031  train-loss:  0.07182996466872282  lr:  1.9073486328125e-08
#epoch  351    val-loss:  0.086640417967972  train-loss:  0.07181356598448474  lr:  1.9073486328125e-08
#epoch  352    val-loss:  0.08696571384605609  train-loss:  0.07185941435454879  lr:  1.9073486328125e-08
#epoch  353    val-loss:  0.0867904228599448  train-loss:  0.07184162130579352  lr:  1.9073486328125e-08
#epoch  354    val-loss:  0.08661230653524399  train-loss:  0.07183004838589113  lr:  1.9073486328125e-08
#epoch  355    val-loss:  0.08793331055264723  train-loss:  0.0718642288557021  lr:  1.9073486328125e-08
#epoch  356    val-loss:  0.0868563593218201  train-loss:  0.07184964598855004  lr:  1.9073486328125e-08
#epoch  357    val-loss:  0.08710136068494696  train-loss:  0.07180458848597482  lr:  1.9073486328125e-08
#epoch  358    val-loss:  0.08629826103386126  train-loss:  0.07184415109804831  lr:  1.9073486328125e-08
#epoch  359    val-loss:  0.0872715037120016  train-loss:  0.0718396990414476  lr:  1.9073486328125e-08
#epoch  360    val-loss:  0.08703740882246118  train-loss:  0.07181998834130354  lr:  1.9073486328125e-08
#epoch  361    val-loss:  0.08642359783774928  train-loss:  0.07184152767877094  lr:  1.9073486328125e-08
#epoch  362    val-loss:  0.08627341805320037  train-loss:  0.07185619173105806  lr:  1.9073486328125e-08
#epoch  363    val-loss:  0.08719193660899212  train-loss:  0.07186946223373525  lr:  1.9073486328125e-08
#epoch  364    val-loss:  0.08688290260340038  train-loss:  0.07181535675772466  lr:  1.9073486328125e-08
#epoch  365    val-loss:  0.08684986045486048  train-loss:  0.07185894470603671  lr:  1.9073486328125e-08
#epoch  366    val-loss:  0.08631414214247152  train-loss:  0.07189323760394473  lr:  1.9073486328125e-08
#epoch  367    val-loss:  0.08712092826240941  train-loss:  0.07184981943282764  lr:  1.9073486328125e-08
#epoch  368    val-loss:  0.08677344808453008  train-loss:  0.07183365523815155  lr:  1.9073486328125e-08
#epoch  369    val-loss:  0.08684540932115756  train-loss:  0.07184335321653634  lr:  1.9073486328125e-08
#epoch  370    val-loss:  0.08705823672445197  train-loss:  0.07185738932457753  lr:  1.9073486328125e-08
#epoch  371    val-loss:  0.08653044739836141  train-loss:  0.07184258550114464  lr:  1.9073486328125e-08
#epoch  372    val-loss:  0.08699527931840796  train-loss:  0.07189997920067981  lr:  1.9073486328125e-08
#epoch  373    val-loss:  0.0864235813680448  train-loss:  0.07181763526750728  lr:  1.9073486328125e-08
#epoch  374    val-loss:  0.08732152181236368  train-loss:  0.07188032593694516  lr:  1.9073486328125e-08
#epoch  375    val-loss:  0.0874674390805395  train-loss:  0.07182003422349226  lr:  1.9073486328125e-08
#epoch  376    val-loss:  0.0866306965288363  train-loss:  0.07184254564344883  lr:  1.9073486328125e-08
#epoch  377    val-loss:  0.08654806684506566  train-loss:  0.07184740943193901  lr:  1.9073486328125e-08
#epoch  378    val-loss:  0.08744856087785018  train-loss:  0.0717924053024035  lr:  1.9073486328125e-08
#epoch  379    val-loss:  0.08666975325659702  train-loss:  0.07183579987031408  lr:  1.9073486328125e-08
#epoch  380    val-loss:  0.08667262525934923  train-loss:  0.07187338694348  lr:  1.9073486328125e-08
#epoch  381    val-loss:  0.08775513070194345  train-loss:  0.07189193600788713  lr:  1.9073486328125e-08
#epoch  382    val-loss:  0.08741328277085957  train-loss:  0.07182906261004973  lr:  1.9073486328125e-08
#epoch  383    val-loss:  0.08666743730243884  train-loss:  0.07186069796443917  lr:  1.9073486328125e-08
#epoch  384    val-loss:  0.08718180617219523  train-loss:  0.07186471490422264  lr:  1.9073486328125e-08
#epoch  385    val-loss:  0.08693774711144597  train-loss:  0.07183244262705557  lr:  1.9073486328125e-08
#epoch  386    val-loss:  0.08677749845542405  train-loss:  0.07185402663890272  lr:  1.9073486328125e-08
#epoch  387    val-loss:  0.0867508183184423  train-loss:  0.07181040587602183  lr:  1.9073486328125e-08
#epoch  388    val-loss:  0.08623588673378292  train-loss:  0.07182542799273506  lr:  1.9073486328125e-08
#epoch  389    val-loss:  0.08678953663298958  train-loss:  0.07186004525283352  lr:  1.9073486328125e-08
#epoch  390    val-loss:  0.08678665796392843  train-loss:  0.07186626264592633  lr:  1.9073486328125e-08
#epoch  391    val-loss:  0.08696816077357844  train-loss:  0.07183877797797322  lr:  1.9073486328125e-08
#epoch  392    val-loss:  0.08638432857237364  train-loss:  0.07184125058120117  lr:  1.9073486328125e-08
#epoch  393    val-loss:  0.0865964003299412  train-loss:  0.07189365164958872  lr:  1.9073486328125e-08
#epoch  394    val-loss:  0.08688020392468102  train-loss:  0.071833649839391  lr:  1.9073486328125e-08
#epoch  395    val-loss:  0.0868339883653741  train-loss:  0.0718748766958015  lr:  1.9073486328125e-08
#epoch  396    val-loss:  0.08631578872078344  train-loss:  0.07184745196718723  lr:  1.9073486328125e-08
#epoch  397    val-loss:  0.08705862258609973  train-loss:  0.0718371031107381  lr:  1.9073486328125e-08
#epoch  398    val-loss:  0.08734680908290963  train-loss:  0.07183043923578225  lr:  1.9073486328125e-08
#epoch  399    val-loss:  0.08722273181927831  train-loss:  0.07187227552640252  lr:  1.9073486328125e-08
#epoch  400    val-loss:  0.086495541036129  train-loss:  0.07182814148836769  lr:  1.9073486328125e-08
#epoch  401    val-loss:  0.08665445682249572  train-loss:  0.07184349032468162  lr:  1.9073486328125e-08
#epoch  402    val-loss:  0.08651464354050786  train-loss:  0.07190888415789232  lr:  1.9073486328125e-08
#epoch  403    val-loss:  0.08701248623822865  train-loss:  0.07187031541252509  lr:  1.9073486328125e-08
#epoch  404    val-loss:  0.08679552886046861  train-loss:  0.07185865129576996  lr:  1.9073486328125e-08
#epoch  405    val-loss:  0.08632583014274899  train-loss:  0.07183516133227386  lr:  1.9073486328125e-08
#epoch  406    val-loss:  0.08650606556942589  train-loss:  0.07183207430352923  lr:  1.9073486328125e-08
#epoch  407    val-loss:  0.08657579829818324  train-loss:  0.07183002191595733  lr:  1.9073486328125e-08
#epoch  408    val-loss:  0.08695051113241598  train-loss:  0.0718381978222169  lr:  1.9073486328125e-08
#epoch  409    val-loss:  0.08683226022281144  train-loss:  0.07186739367898554  lr:  1.9073486328125e-08
#epoch  410    val-loss:  0.08712475707656459  train-loss:  0.07187494050594978  lr:  1.9073486328125e-08
#epoch  411    val-loss:  0.08682458886974737  train-loss:  0.07184821757255122  lr:  1.9073486328125e-08
#epoch  412    val-loss:  0.0863529184931203  train-loss:  0.07184667277033441  lr:  1.9073486328125e-08
#epoch  413    val-loss:  0.08717031345555656  train-loss:  0.07187167833035346  lr:  1.9073486328125e-08
#epoch  414    val-loss:  0.08712707107004367  train-loss:  0.07183508481830359  lr:  1.9073486328125e-08
#epoch  415    val-loss:  0.0869460349020205  train-loss:  0.07182311509677675  lr:  1.9073486328125e-08
#epoch  416    val-loss:  0.08716916057624315  train-loss:  0.07184501792653464  lr:  1.9073486328125e-08
#epoch  417    val-loss:  0.08721318370417545  train-loss:  0.07186413087765686  lr:  1.9073486328125e-08
#epoch  418    val-loss:  0.08641289449051807  train-loss:  0.07188646009308286  lr:  1.9073486328125e-08
#epoch  419    val-loss:  0.08704330850588649  train-loss:  0.07182829281373415  lr:  1.9073486328125e-08
#epoch  420    val-loss:  0.08649272981442903  train-loss:  0.07185760683205444  lr:  1.9073486328125e-08
#epoch  421    val-loss:  0.08715159328360307  train-loss:  0.07185603326070122  lr:  1.9073486328125e-08
#epoch  422    val-loss:  0.0872842751835522  train-loss:  0.07181079991278239  lr:  1.9073486328125e-08
#epoch  423    val-loss:  0.0866310270993333  train-loss:  0.07184206029342022  lr:  1.9073486328125e-08
#epoch  424    val-loss:  0.08630983649115813  train-loss:  0.07186730322428048  lr:  1.9073486328125e-08
#epoch  425    val-loss:  0.08685227522724553  train-loss:  0.07187182121560909  lr:  1.9073486328125e-08
#epoch  426    val-loss:  0.0862624472693393  train-loss:  0.07189393529552035  lr:  1.9073486328125e-08
#epoch  427    val-loss:  0.0865384230488225  train-loss:  0.07187031477224082  lr:  1.9073486328125e-08
#epoch  428    val-loss:  0.08708962680477846  train-loss:  0.07186699367593974  lr:  1.9073486328125e-08
#epoch  429    val-loss:  0.08657992670410558  train-loss:  0.07183751818956807  lr:  1.9073486328125e-08
#epoch  430    val-loss:  0.08659197194011588  train-loss:  0.07185025267244782  lr:  1.9073486328125e-08
#epoch  431    val-loss:  0.08709304740554408  train-loss:  0.0718754732661182  lr:  1.9073486328125e-08
#epoch  432    val-loss:  0.08667386989844472  train-loss:  0.07186557605746202  lr:  1.9073486328125e-08
#epoch  433    val-loss:  0.08695710371983678  train-loss:  0.07184393735951744  lr:  1.9073486328125e-08
#epoch  434    val-loss:  0.08662548347523338  train-loss:  0.07186312724661548  lr:  1.9073486328125e-08
#epoch  435    val-loss:  0.08662397610513788  train-loss:  0.07181843390571885  lr:  1.9073486328125e-08
#epoch  436    val-loss:  0.0871936988673712  train-loss:  0.07185004235361703  lr:  1.9073486328125e-08
#epoch  437    val-loss:  0.08735115433994092  train-loss:  0.07185972854495049  lr:  1.9073486328125e-08
#epoch  438    val-loss:  0.0868800498153034  train-loss:  0.07188921139459126  lr:  1.9073486328125e-08
#epoch  439    val-loss:  0.08791598991343849  train-loss:  0.07187177534797229  lr:  1.9073486328125e-08
#epoch  440    val-loss:  0.08636977876487531  train-loss:  0.07183908025035635  lr:  1.9073486328125e-08
#epoch  441    val-loss:  0.08696995244214409  train-loss:  0.07181808174937032  lr:  1.9073486328125e-08
#epoch  442    val-loss:  0.08692649751901627  train-loss:  0.07183504859858658  lr:  1.9073486328125e-08
#epoch  443    val-loss:  0.08685374377589476  train-loss:  0.0718238438712433  lr:  1.9073486328125e-08
#epoch  444    val-loss:  0.08651329929891385  train-loss:  0.07185950590064749  lr:  1.9073486328125e-08
#epoch  445    val-loss:  0.08667929823461332  train-loss:  0.07189992693020031  lr:  1.9073486328125e-08
#epoch  446    val-loss:  0.086907139734218  train-loss:  0.071848675084766  lr:  1.9073486328125e-08
#epoch  447    val-loss:  0.08692691553580134  train-loss:  0.0718729095387971  lr:  1.9073486328125e-08
#epoch  448    val-loss:  0.08713710033579876  train-loss:  0.07182379969162866  lr:  1.9073486328125e-08
#epoch  449    val-loss:  0.08712477511481236  train-loss:  0.0718703126476612  lr:  1.9073486328125e-08
#epoch  450    val-loss:  0.0871299869920078  train-loss:  0.07181280542863533  lr:  1.9073486328125e-08
#epoch  451    val-loss:  0.08668240630312969  train-loss:  0.07181125046918169  lr:  1.9073486328125e-08
#epoch  452    val-loss:  0.08781401460108004  train-loss:  0.07183635080582462  lr:  1.9073486328125e-08
#epoch  453    val-loss:  0.08742626011371613  train-loss:  0.07185581413796172  lr:  1.9073486328125e-08
#epoch  454    val-loss:  0.08642766507048356  train-loss:  0.07187313077156432  lr:  1.9073486328125e-08
#epoch  455    val-loss:  0.0873681491142825  train-loss:  0.0718189935432747  lr:  1.9073486328125e-08
#epoch  456    val-loss:  0.08751129751142703  train-loss:  0.0718097559583839  lr:  1.9073486328125e-08
#epoch  457    val-loss:  0.08669715531562504  train-loss:  0.07183642161544412  lr:  1.9073486328125e-08
#epoch  458    val-loss:  0.08668305058228343  train-loss:  0.07186423643724993  lr:  1.9073486328125e-08
#epoch  459    val-loss:  0.0867218661465143  train-loss:  0.07187764110858552  lr:  1.9073486328125e-08
#epoch  460    val-loss:  0.08697209311159033  train-loss:  0.07184981158934534  lr:  1.9073486328125e-08
#epoch  461    val-loss:  0.08698405090131257  train-loss:  0.07185561928781681  lr:  1.9073486328125e-08
#epoch  462    val-loss:  0.0873966091557553  train-loss:  0.07185675503569655  lr:  1.9073486328125e-08
#epoch  463    val-loss:  0.08701883138794649  train-loss:  0.07187387502926867  lr:  1.9073486328125e-08
#epoch  464    val-loss:  0.08628751651236885  train-loss:  0.07188642834080383  lr:  1.9073486328125e-08
#epoch  465    val-loss:  0.08652607939745251  train-loss:  0.071831028588349  lr:  1.9073486328125e-08
#epoch  466    val-loss:  0.08678568585922844  train-loss:  0.07181376131484285  lr:  1.9073486328125e-08
#epoch  467    val-loss:  0.08730971303425338  train-loss:  0.07189417570771184  lr:  1.9073486328125e-08
#epoch  468    val-loss:  0.08796021734413348  train-loss:  0.07185723964357749  lr:  1.9073486328125e-08
#epoch  469    val-loss:  0.08730699121952057  train-loss:  0.0718818569148425  lr:  1.9073486328125e-08
#epoch  470    val-loss:  0.08712935408479289  train-loss:  0.07183178565173876  lr:  1.9073486328125e-08
#epoch  471    val-loss:  0.08713111555890034  train-loss:  0.071841483208118  lr:  1.9073486328125e-08
#epoch  472    val-loss:  0.08722619751566335  train-loss:  0.07184844836592674  lr:  1.9073486328125e-08
#epoch  473    val-loss:  0.08632696733662956  train-loss:  0.07183136731327977  lr:  1.9073486328125e-08
#epoch  474    val-loss:  0.08703751940476268  train-loss:  0.07182366691995412  lr:  1.9073486328125e-08
#epoch  475    val-loss:  0.08691852343709845  train-loss:  0.0718316555430647  lr:  1.9073486328125e-08
#epoch  476    val-loss:  0.08694969627418016  train-loss:  0.07182125782128423  lr:  1.9073486328125e-08
#epoch  477    val-loss:  0.08735865432965129  train-loss:  0.07183598038682248  lr:  1.9073486328125e-08
#epoch  478    val-loss:  0.08716683168160289  train-loss:  0.07183856391930021  lr:  1.9073486328125e-08
#epoch  479    val-loss:  0.08657209575176239  train-loss:  0.07186845000251196  lr:  1.9073486328125e-08
#epoch  480    val-loss:  0.08636266659749181  train-loss:  0.07186598019325174  lr:  1.9073486328125e-08
#epoch  481    val-loss:  0.08703513482683584  train-loss:  0.07185828583897091  lr:  1.9073486328125e-08
#epoch  482    val-loss:  0.0868177362962773  train-loss:  0.07181683272938244  lr:  1.9073486328125e-08
#epoch  483    val-loss:  0.08733365174971129  train-loss:  0.0718282656307565  lr:  1.9073486328125e-08
#epoch  484    val-loss:  0.08654782842648656  train-loss:  0.07187660908675753  lr:  1.9073486328125e-08
#epoch  485    val-loss:  0.08699234457392442  train-loss:  0.07183944815187715  lr:  1.9073486328125e-08
#epoch  486    val-loss:  0.08679883574184619  train-loss:  0.07185623659461271  lr:  1.9073486328125e-08
#epoch  487    val-loss:  0.08688654280022572  train-loss:  0.071860011696117  lr:  1.9073486328125e-08
#epoch  488    val-loss:  0.0862276797231875  train-loss:  0.07189094761270098  lr:  1.9073486328125e-08
#epoch  489    val-loss:  0.08723976580720198  train-loss:  0.07184810491162352  lr:  1.9073486328125e-08
#epoch  490    val-loss:  0.0870118435276182  train-loss:  0.07188072905410081  lr:  1.9073486328125e-08
#epoch  491    val-loss:  0.08702224453813151  train-loss:  0.07182877682498656  lr:  1.9073486328125e-08
#epoch  492    val-loss:  0.08672840108996943  train-loss:  0.07184556181891821  lr:  1.9073486328125e-08
#epoch  493    val-loss:  0.08660095067400682  train-loss:  0.0718175338988658  lr:  1.9073486328125e-08
#epoch  494    val-loss:  0.087106643538726  train-loss:  0.07185515546007082  lr:  1.9073486328125e-08
#epoch  495    val-loss:  0.08676856677783162  train-loss:  0.07185043976642191  lr:  1.9073486328125e-08
#epoch  496    val-loss:  0.08710955122583791  train-loss:  0.07189001384540461  lr:  1.9073486328125e-08
#epoch  497    val-loss:  0.08714394232160166  train-loss:  0.07182992558227852  lr:  1.9073486328125e-08
#epoch  498    val-loss:  0.08713572354693162  train-loss:  0.07188155836774968  lr:  1.9073486328125e-08
#epoch  499    val-loss:  0.08684841857144707  train-loss:  0.07179578533396125  lr:  1.9073486328125e-08
