model dfc2fc187c9a0af8c18521c5942d22162bf64b596a575c44eeecc30a state_dict has not been found
Model was not found
torch.cuda.is_available():	 True
runargs:	 Namespace(co2=False, depth=330.0, disp=-1, domain='global', epoch=0, latitude=True, linsupres=False, lossfun='MSE', lr=0.01, lsrp_span=12, maxepoch=500, minibatch=4, mode='train', normalization='standard', num_workers=40, parts=[1, 1], persistent_workers=False, prefetch_factor=1, relog=True, rerun=True, sanity=False, sigma=8, temperature=True)
data_address /scratch/zanna/data/cm2.6/coarse_8_beneath_surface.zarr
using device: cuda:0
epochs started
#epoch  0    val-loss:  0.40967763097662674  train-loss:  0.831455294508487  lr:  0.01
#epoch  1    val-loss:  0.29116871325593247  train-loss:  0.2920367165352218  lr:  0.01
#epoch  2    val-loss:  0.23047455047306262  train-loss:  0.21986779104918242  lr:  0.01
#epoch  3    val-loss:  0.1982569169057043  train-loss:  0.1888422413612716  lr:  0.01
#epoch  4    val-loss:  0.20505766335286593  train-loss:  0.1670912319677882  lr:  0.01
#epoch  5    val-loss:  0.1746770457217568  train-loss:  0.15100953407818452  lr:  0.01
#epoch  6    val-loss:  0.15778897624266774  train-loss:  0.14075312187196687  lr:  0.01
#epoch  7    val-loss:  0.14794355709301799  train-loss:  0.12861002286081202  lr:  0.01
#epoch  8    val-loss:  0.14462651077069735  train-loss:  0.12039315729634836  lr:  0.01
#epoch  9    val-loss:  0.1331288422408857  train-loss:  0.11375398118980229  lr:  0.01
#epoch  10    val-loss:  0.1329724220068831  train-loss:  0.10864982681232505  lr:  0.01
#epoch  11    val-loss:  0.11803104453965237  train-loss:  0.10392852293443866  lr:  0.01
#epoch  12    val-loss:  0.1283546082283321  train-loss:  0.10049420534051023  lr:  0.01
#epoch  13    val-loss:  0.12498579448775242  train-loss:  0.09704952596803196  lr:  0.01
#epoch  14    val-loss:  0.11170434834141481  train-loss:  0.09441491885809228  lr:  0.01
#epoch  15    val-loss:  0.11411825802765395  train-loss:  0.09193508647149429  lr:  0.01
#epoch  16    val-loss:  0.10558601743296574  train-loss:  0.09004004503367469  lr:  0.01
#epoch  17    val-loss:  0.1077238580113963  train-loss:  0.08605091617209837  lr:  0.01
#epoch  18    val-loss:  0.1020539610793716  train-loss:  0.08578663438674994  lr:  0.01
#epoch  19    val-loss:  0.10391751088594135  train-loss:  0.08495081582805142  lr:  0.01
#epoch  20    val-loss:  0.10413625130527898  train-loss:  0.08323087182361633  lr:  0.01
#epoch  21    val-loss:  0.09572088796841471  train-loss:  0.08095660823164508  lr:  0.01
#epoch  22    val-loss:  0.10102613387923491  train-loss:  0.07933174766367301  lr:  0.01
#epoch  23    val-loss:  0.10202439050925405  train-loss:  0.0795380002236925  lr:  0.01
#epoch  24    val-loss:  0.10123809819158755  train-loss:  0.07742082589538768  lr:  0.01
#epoch  25    val-loss:  0.08534227586106251  train-loss:  0.06845143261307385  lr:  0.005
#epoch  26    val-loss:  0.08448462541166105  train-loss:  0.06711111559707206  lr:  0.005
#epoch  27    val-loss:  0.08795873271791559  train-loss:  0.06762441903993022  lr:  0.005
#epoch  28    val-loss:  0.08444322214314812  train-loss:  0.06727108468476217  lr:  0.005
#epoch  29    val-loss:  0.0820409451660357  train-loss:  0.06715299903589766  lr:  0.005
#epoch  30    val-loss:  0.08603414775509584  train-loss:  0.06616120964463335  lr:  0.005
#epoch  31    val-loss:  0.08184321695252468  train-loss:  0.06750090987770818  lr:  0.005
#epoch  32    val-loss:  0.07888187781760567  train-loss:  0.06608348387817387  lr:  0.005
#epoch  33    val-loss:  0.08501581063396052  train-loss:  0.06560532833100297  lr:  0.005
#epoch  34    val-loss:  0.08397879922076275  train-loss:  0.06456525255634915  lr:  0.005
#epoch  35    val-loss:  0.08488238485235917  train-loss:  0.06493329475051723  lr:  0.005
#epoch  36    val-loss:  0.07507435310828059  train-loss:  0.060142673857626505  lr:  0.0025
#epoch  37    val-loss:  0.07790343973197435  train-loss:  0.059316385799320415  lr:  0.0025
#epoch  38    val-loss:  0.07444927645357031  train-loss:  0.059188940314925276  lr:  0.0025
#epoch  39    val-loss:  0.07441433715192895  train-loss:  0.058886553582851775  lr:  0.0025
#epoch  40    val-loss:  0.07361768186092377  train-loss:  0.058899506664602086  lr:  0.0025
#epoch  41    val-loss:  0.07433850239766271  train-loss:  0.0586609161546221  lr:  0.0025
#epoch  42    val-loss:  0.07522056134123552  train-loss:  0.05828647346061189  lr:  0.0025
#epoch  43    val-loss:  0.07473115701424449  train-loss:  0.058260660531232134  lr:  0.0025
#epoch  44    val-loss:  0.07176108423032258  train-loss:  0.055661184116615914  lr:  0.00125
#epoch  45    val-loss:  0.0709470996731206  train-loss:  0.05543707673496101  lr:  0.00125
#epoch  46    val-loss:  0.07131037567006915  train-loss:  0.0553965821309248  lr:  0.00125
#epoch  47    val-loss:  0.07116012000723888  train-loss:  0.05528323397447821  lr:  0.00125
#epoch  48    val-loss:  0.07144708617737419  train-loss:  0.055278724001254886  lr:  0.00125
#epoch  49    val-loss:  0.07126311722554658  train-loss:  0.05387503014935646  lr:  0.000625
#epoch  50    val-loss:  0.07073121753178145  train-loss:  0.05383255344349891  lr:  0.000625
#epoch  51    val-loss:  0.07019083005817313  train-loss:  0.05372245753824245  lr:  0.000625
#epoch  52    val-loss:  0.07023595783271287  train-loss:  0.05354442722455133  lr:  0.000625
#epoch  53    val-loss:  0.0698908626248962  train-loss:  0.05359717550163623  lr:  0.000625
#epoch  54    val-loss:  0.07039097225979755  train-loss:  0.05355250701541081  lr:  0.000625
#epoch  55    val-loss:  0.07005252022492259  train-loss:  0.05352649520500563  lr:  0.000625
#epoch  56    val-loss:  0.07028168988855261  train-loss:  0.05337507769581862  lr:  0.000625
#epoch  57    val-loss:  0.0696295503722994  train-loss:  0.052684746638988145  lr:  0.0003125
#epoch  58    val-loss:  0.06938594893405312  train-loss:  0.05256312247365713  lr:  0.0003125
#epoch  59    val-loss:  0.0690682432369182  train-loss:  0.052553841422195546  lr:  0.0003125
#epoch  60    val-loss:  0.06942207797577507  train-loss:  0.052527961786836386  lr:  0.0003125
#epoch  61    val-loss:  0.06913428714400843  train-loss:  0.05245890095829964  lr:  0.0003125
#epoch  62    val-loss:  0.06908377142328966  train-loss:  0.05246468516997993  lr:  0.0003125
#epoch  63    val-loss:  0.06896611381518214  train-loss:  0.052077739252126776  lr:  0.00015625
#epoch  64    val-loss:  0.06859780632351574  train-loss:  0.05199617879407015  lr:  0.00015625
#epoch  65    val-loss:  0.06870933818189721  train-loss:  0.052066909440327436  lr:  0.00015625
#epoch  66    val-loss:  0.06855724732342519  train-loss:  0.051999906718265265  lr:  0.00015625
#epoch  67    val-loss:  0.06901642170391585  train-loss:  0.051938667354988866  lr:  0.00015625
#epoch  68    val-loss:  0.068868803350549  train-loss:  0.05193172370491084  lr:  0.00015625
#epoch  69    val-loss:  0.06851938210035625  train-loss:  0.05191674019442871  lr:  0.00015625
#epoch  70    val-loss:  0.06918369782598395  train-loss:  0.051844887784682214  lr:  0.00015625
#epoch  71    val-loss:  0.06876042916586525  train-loss:  0.05186504735320341  lr:  0.00015625
#epoch  72    val-loss:  0.06894131553800482  train-loss:  0.051822823472321033  lr:  0.00015625
#epoch  73    val-loss:  0.06891552868642305  train-loss:  0.051629394365591  lr:  7.8125e-05
#epoch  74    val-loss:  0.068550968640729  train-loss:  0.051604669803055  lr:  7.8125e-05
#epoch  75    val-loss:  0.06856031951151396  train-loss:  0.05162717940402217  lr:  7.8125e-05
#epoch  76    val-loss:  0.06846200361063606  train-loss:  0.05147866420156788  lr:  3.90625e-05
#epoch  77    val-loss:  0.0687179141923001  train-loss:  0.05150873202364892  lr:  3.90625e-05
#epoch  78    val-loss:  0.0688407052504389  train-loss:  0.05143231824331451  lr:  3.90625e-05
#epoch  79    val-loss:  0.06849704643613413  train-loss:  0.05148104178078938  lr:  3.90625e-05
#epoch  80    val-loss:  0.0687162644769016  train-loss:  0.05141992155404296  lr:  1.953125e-05
#epoch  81    val-loss:  0.0684195298113321  train-loss:  0.051402252036496066  lr:  1.953125e-05
#epoch  82    val-loss:  0.06845961393494356  train-loss:  0.05140421653049998  lr:  1.953125e-05
#epoch  83    val-loss:  0.06848437103785966  train-loss:  0.05140589195070788  lr:  1.953125e-05
#epoch  84    val-loss:  0.0687840286838381  train-loss:  0.05138023859763052  lr:  1.953125e-05
#epoch  85    val-loss:  0.06891187986260966  train-loss:  0.051388576306635514  lr:  9.765625e-06
#epoch  86    val-loss:  0.06874717654366243  train-loss:  0.05137005267897621  lr:  9.765625e-06
#epoch  87    val-loss:  0.06875295740993399  train-loss:  0.05136088718427345  lr:  9.765625e-06
#epoch  88    val-loss:  0.06837098261243418  train-loss:  0.05133363224740606  lr:  4.8828125e-06
#epoch  89    val-loss:  0.06848880864287678  train-loss:  0.05136049567954615  lr:  4.8828125e-06
#epoch  90    val-loss:  0.06838758407454741  train-loss:  0.05136017350014299  lr:  4.8828125e-06
#epoch  91    val-loss:  0.06856058028183486  train-loss:  0.05135903290647548  lr:  4.8828125e-06
#epoch  92    val-loss:  0.06836562682139247  train-loss:  0.051318759069545195  lr:  2.44140625e-06
#epoch  93    val-loss:  0.06837282486652073  train-loss:  0.05134849817841314  lr:  2.44140625e-06
#epoch  94    val-loss:  0.06846277415752411  train-loss:  0.051317231336724944  lr:  2.44140625e-06
#epoch  95    val-loss:  0.06860129456771047  train-loss:  0.05134132623788901  lr:  1.220703125e-06
#epoch  96    val-loss:  0.06865245966534865  train-loss:  0.05133298515283968  lr:  1.220703125e-06
#epoch  97    val-loss:  0.068456309210313  train-loss:  0.05130158175597899  lr:  1.220703125e-06
#epoch  98    val-loss:  0.0688053994978729  train-loss:  0.051339561003260314  lr:  6.103515625e-07
#epoch  99    val-loss:  0.0683015420248634  train-loss:  0.05131349181465339  lr:  6.103515625e-07
#epoch  100    val-loss:  0.0683958071627115  train-loss:  0.05133991228649393  lr:  6.103515625e-07
#epoch  101    val-loss:  0.06851515330766376  train-loss:  0.051336830802029  lr:  6.103515625e-07
#epoch  102    val-loss:  0.0682780374037592  train-loss:  0.05129346009925939  lr:  6.103515625e-07
#epoch  103    val-loss:  0.06821318558956448  train-loss:  0.05133491077867802  lr:  6.103515625e-07
#epoch  104    val-loss:  0.06827378116155926  train-loss:  0.05132457897707354  lr:  6.103515625e-07
#epoch  105    val-loss:  0.06845027365182575  train-loss:  0.051327966488315724  lr:  6.103515625e-07
#epoch  106    val-loss:  0.06833267290341227  train-loss:  0.05131987307686359  lr:  6.103515625e-07
#epoch  107    val-loss:  0.0684952700608655  train-loss:  0.05134406691649929  lr:  3.0517578125e-07
#epoch  108    val-loss:  0.06826417461821907  train-loss:  0.05133530612511095  lr:  3.0517578125e-07
#epoch  109    val-loss:  0.06856703248463179  train-loss:  0.05133742942416575  lr:  3.0517578125e-07
#epoch  110    val-loss:  0.06868801344382136  train-loss:  0.05132150278950576  lr:  1.52587890625e-07
#epoch  111    val-loss:  0.06835285103634785  train-loss:  0.0512872401450295  lr:  1.52587890625e-07
#epoch  112    val-loss:  0.06830468342492454  train-loss:  0.05131557286949828  lr:  1.52587890625e-07
#epoch  113    val-loss:  0.06841982744242016  train-loss:  0.05131038303079549  lr:  7.62939453125e-08
#epoch  114    val-loss:  0.06838436934508775  train-loss:  0.05133332595869433  lr:  7.62939453125e-08
#epoch  115    val-loss:  0.0686142130901939  train-loss:  0.051262320892419666  lr:  7.62939453125e-08
#epoch  116    val-loss:  0.06820269360354073  train-loss:  0.0513282367028296  lr:  3.814697265625e-08
#epoch  117    val-loss:  0.06839222853121005  train-loss:  0.05130574091162998  lr:  3.814697265625e-08
#epoch  118    val-loss:  0.06860906003337157  train-loss:  0.051341633195988834  lr:  3.814697265625e-08
#epoch  119    val-loss:  0.06851091510371159  train-loss:  0.05135180785146076  lr:  3.814697265625e-08
#epoch  120    val-loss:  0.06848634465744621  train-loss:  0.051304375228937715  lr:  1.9073486328125e-08
#epoch  121    val-loss:  0.06866061373760826  train-loss:  0.05131471058120951  lr:  1.9073486328125e-08
#epoch  122    val-loss:  0.06857262590998098  train-loss:  0.051293222306412645  lr:  1.9073486328125e-08
#epoch  123    val-loss:  0.06839530679740403  train-loss:  0.05127623991575092  lr:  1.9073486328125e-08
#epoch  124    val-loss:  0.06890750284257688  train-loss:  0.051316288896487094  lr:  1.9073486328125e-08
#epoch  125    val-loss:  0.06860749188222383  train-loss:  0.051323955311090685  lr:  1.9073486328125e-08
#epoch  126    val-loss:  0.06861146382595364  train-loss:  0.05131214830907993  lr:  1.9073486328125e-08
#epoch  127    val-loss:  0.06855184780923944  train-loss:  0.0513241625885712  lr:  1.9073486328125e-08
#epoch  128    val-loss:  0.06871724952208369  train-loss:  0.05133940512314439  lr:  1.9073486328125e-08
#epoch  129    val-loss:  0.06821546742790624  train-loss:  0.051323205334483646  lr:  1.9073486328125e-08
#epoch  130    val-loss:  0.06851159820431157  train-loss:  0.05133422848302871  lr:  1.9073486328125e-08
#epoch  131    val-loss:  0.0681115610426978  train-loss:  0.051325252090464346  lr:  1.9073486328125e-08
#epoch  132    val-loss:  0.06828340731169048  train-loss:  0.05130663271120284  lr:  1.9073486328125e-08
#epoch  133    val-loss:  0.06826916748755857  train-loss:  0.051307521120179445  lr:  1.9073486328125e-08
#epoch  134    val-loss:  0.06836855803665362  train-loss:  0.051310042254044674  lr:  1.9073486328125e-08
#epoch  135    val-loss:  0.06845848497591521  train-loss:  0.051295589888468385  lr:  1.9073486328125e-08
#epoch  136    val-loss:  0.06840009085441891  train-loss:  0.051294734032126144  lr:  1.9073486328125e-08
#epoch  137    val-loss:  0.06879374384880066  train-loss:  0.05129386586486362  lr:  1.9073486328125e-08
#epoch  138    val-loss:  0.06860830948541038  train-loss:  0.05131270858692005  lr:  1.9073486328125e-08
#epoch  139    val-loss:  0.06870740691297933  train-loss:  0.051336114571313374  lr:  1.9073486328125e-08
#epoch  140    val-loss:  0.06861983239650726  train-loss:  0.051306100125657395  lr:  1.9073486328125e-08
#epoch  141    val-loss:  0.06852924196343672  train-loss:  0.0513328195665963  lr:  1.9073486328125e-08
#epoch  142    val-loss:  0.0683399980005465  train-loss:  0.05133818481408525  lr:  1.9073486328125e-08
#epoch  143    val-loss:  0.06859411299228668  train-loss:  0.05134328393614851  lr:  1.9073486328125e-08
#epoch  144    val-loss:  0.06825664953181618  train-loss:  0.05133624342852272  lr:  1.9073486328125e-08
#epoch  145    val-loss:  0.0686200131711207  train-loss:  0.051347615401027724  lr:  1.9073486328125e-08
#epoch  146    val-loss:  0.06858297751138084  train-loss:  0.051310549446498044  lr:  1.9073486328125e-08
#epoch  147    val-loss:  0.0685999416991284  train-loss:  0.05132454136037268  lr:  1.9073486328125e-08
#epoch  148    val-loss:  0.06871385166519567  train-loss:  0.05129949278489221  lr:  1.9073486328125e-08
#epoch  149    val-loss:  0.06836966934957002  train-loss:  0.05133630454656668  lr:  1.9073486328125e-08
#epoch  150    val-loss:  0.06860648056394175  train-loss:  0.05133624834707007  lr:  1.9073486328125e-08
#epoch  151    val-loss:  0.06844678050593327  train-loss:  0.05132874136324972  lr:  1.9073486328125e-08
#epoch  152    val-loss:  0.06840335381658454  train-loss:  0.051316798097104765  lr:  1.9073486328125e-08
#epoch  153    val-loss:  0.06830305762981113  train-loss:  0.05130915003246628  lr:  1.9073486328125e-08
#epoch  154    val-loss:  0.06867043046574843  train-loss:  0.05129347203182988  lr:  1.9073486328125e-08
#epoch  155    val-loss:  0.0684532366300884  train-loss:  0.05134911343338899  lr:  1.9073486328125e-08
#epoch  156    val-loss:  0.06860618920702684  train-loss:  0.05132782337022945  lr:  1.9073486328125e-08
#epoch  157    val-loss:  0.06844353166065718  train-loss:  0.051327214372577146  lr:  1.9073486328125e-08
#epoch  158    val-loss:  0.06844828317039892  train-loss:  0.05130492756143212  lr:  1.9073486328125e-08
#epoch  159    val-loss:  0.06853682390953365  train-loss:  0.051313188625499606  lr:  1.9073486328125e-08
#epoch  160    val-loss:  0.06861202497231333  train-loss:  0.05130806038505398  lr:  1.9073486328125e-08
#epoch  161    val-loss:  0.06866668752933804  train-loss:  0.05134024299331941  lr:  1.9073486328125e-08
#epoch  162    val-loss:  0.068650983273983  train-loss:  0.05133208136248868  lr:  1.9073486328125e-08
#epoch  163    val-loss:  0.06876504931010698  train-loss:  0.05132309498731047  lr:  1.9073486328125e-08
#epoch  164    val-loss:  0.06844769222171683  train-loss:  0.051326268701814115  lr:  1.9073486328125e-08
#epoch  165    val-loss:  0.06830439638150365  train-loss:  0.051338214354473166  lr:  1.9073486328125e-08
#epoch  166    val-loss:  0.06841516533964559  train-loss:  0.051308301350218244  lr:  1.9073486328125e-08
#epoch  167    val-loss:  0.06815255766636447  train-loss:  0.05131866146984976  lr:  1.9073486328125e-08
#epoch  168    val-loss:  0.06869004235455864  train-loss:  0.051364957296755165  lr:  1.9073486328125e-08
#epoch  169    val-loss:  0.06838891380711605  train-loss:  0.05132185028924141  lr:  1.9073486328125e-08
#epoch  170    val-loss:  0.06851263697210111  train-loss:  0.05134047596948221  lr:  1.9073486328125e-08
#epoch  171    val-loss:  0.06868570101888556  train-loss:  0.05136129721358884  lr:  1.9073486328125e-08
#epoch  172    val-loss:  0.06829013557810533  train-loss:  0.051317476129042916  lr:  1.9073486328125e-08
#epoch  173    val-loss:  0.06829022969070234  train-loss:  0.05130737008585129  lr:  1.9073486328125e-08
#epoch  174    val-loss:  0.06875610743698321  train-loss:  0.05131239170441404  lr:  1.9073486328125e-08
#epoch  175    val-loss:  0.06842457463866786  train-loss:  0.05129151587607339  lr:  1.9073486328125e-08
#epoch  176    val-loss:  0.06890332816462767  train-loss:  0.05131052841898054  lr:  1.9073486328125e-08
#epoch  177    val-loss:  0.06835596537903736  train-loss:  0.051290776318637654  lr:  1.9073486328125e-08
#epoch  178    val-loss:  0.06878002615351426  train-loss:  0.05130532321345527  lr:  1.9073486328125e-08
#epoch  179    val-loss:  0.06872508008229106  train-loss:  0.051300717910635285  lr:  1.9073486328125e-08
#epoch  180    val-loss:  0.06868477126485423  train-loss:  0.05135761832934804  lr:  1.9073486328125e-08
#epoch  181    val-loss:  0.06864351230232339  train-loss:  0.05127855272439774  lr:  1.9073486328125e-08
#epoch  182    val-loss:  0.06838032054273706  train-loss:  0.051323222447535954  lr:  1.9073486328125e-08
#epoch  183    val-loss:  0.06839938344139802  train-loss:  0.051328856468899176  lr:  1.9073486328125e-08
#epoch  184    val-loss:  0.06826394325808476  train-loss:  0.05134462163550779  lr:  1.9073486328125e-08
#epoch  185    val-loss:  0.06843669320407667  train-loss:  0.051324896994628944  lr:  1.9073486328125e-08
#epoch  186    val-loss:  0.06842855756220065  train-loss:  0.051324960120837204  lr:  1.9073486328125e-08
#epoch  187    val-loss:  0.06851691282109211  train-loss:  0.05131170235108584  lr:  1.9073486328125e-08
#epoch  188    val-loss:  0.06810309796741135  train-loss:  0.051326746281119995  lr:  1.9073486328125e-08
#epoch  189    val-loss:  0.06856401892084825  train-loss:  0.051345614658202976  lr:  1.9073486328125e-08
#epoch  190    val-loss:  0.06865520971386056  train-loss:  0.05129981602658518  lr:  1.9073486328125e-08
#epoch  191    val-loss:  0.06849219061826405  train-loss:  0.05131427130254451  lr:  1.9073486328125e-08
#epoch  192    val-loss:  0.06847620167230305  train-loss:  0.05129276553634554  lr:  1.9073486328125e-08
#epoch  193    val-loss:  0.06829781908737986  train-loss:  0.05128635498112999  lr:  1.9073486328125e-08
#epoch  194    val-loss:  0.0682207340080487  train-loss:  0.05127735927817412  lr:  1.9073486328125e-08
#epoch  195    val-loss:  0.06858677064117633  train-loss:  0.05134856008226052  lr:  1.9073486328125e-08
#epoch  196    val-loss:  0.06867671365800657  train-loss:  0.051306301917065866  lr:  1.9073486328125e-08
#epoch  197    val-loss:  0.06861400996383868  train-loss:  0.05132622650125995  lr:  1.9073486328125e-08
#epoch  198    val-loss:  0.06845344877556751  train-loss:  0.05134745477698743  lr:  1.9073486328125e-08
#epoch  199    val-loss:  0.06845473733387496  train-loss:  0.051327232577023096  lr:  1.9073486328125e-08
#epoch  200    val-loss:  0.06836530703463052  train-loss:  0.05132555482850876  lr:  1.9073486328125e-08
#epoch  201    val-loss:  0.06846708608301062  train-loss:  0.05132357933325693  lr:  1.9073486328125e-08
#epoch  202    val-loss:  0.06838310784415196  train-loss:  0.05138420760340523  lr:  1.9073486328125e-08
#epoch  203    val-loss:  0.06823046799553067  train-loss:  0.051338866556761786  lr:  1.9073486328125e-08
#epoch  204    val-loss:  0.06864003954749358  train-loss:  0.05133951133757364  lr:  1.9073486328125e-08
#epoch  205    val-loss:  0.06848167314341194  train-loss:  0.05133379819744732  lr:  1.9073486328125e-08
#epoch  206    val-loss:  0.06855409357108568  train-loss:  0.05130949958402198  lr:  1.9073486328125e-08
#epoch  207    val-loss:  0.06818790890668568  train-loss:  0.051324666157597676  lr:  1.9073486328125e-08
#epoch  208    val-loss:  0.06841465595521425  train-loss:  0.051325571941561066  lr:  1.9073486328125e-08
#epoch  209    val-loss:  0.0689041881184829  train-loss:  0.05131070225615986  lr:  1.9073486328125e-08
#epoch  210    val-loss:  0.06839788116906818  train-loss:  0.05131438521493692  lr:  1.9073486328125e-08
#epoch  211    val-loss:  0.06848404085949848  train-loss:  0.051292708652908914  lr:  1.9073486328125e-08
#epoch  212    val-loss:  0.06828722710672178  train-loss:  0.051293319440446794  lr:  1.9073486328125e-08
#epoch  213    val-loss:  0.06831940498791243  train-loss:  0.0513375027658185  lr:  1.9073486328125e-08
#epoch  214    val-loss:  0.06809142251548014  train-loss:  0.051307195841218345  lr:  1.9073486328125e-08
#epoch  215    val-loss:  0.06863529744901155  train-loss:  0.05132643705292139  lr:  1.9073486328125e-08
#epoch  216    val-loss:  0.06822111006630094  train-loss:  0.051323883919394575  lr:  1.9073486328125e-08
#epoch  217    val-loss:  0.06848757125829395  train-loss:  0.05128908378537744  lr:  1.9073486328125e-08
#epoch  218    val-loss:  0.06813132194311995  train-loss:  0.05133391811978072  lr:  1.9073486328125e-08
#epoch  219    val-loss:  0.06875820497148916  train-loss:  0.051352133887121454  lr:  1.9073486328125e-08
#epoch  220    val-loss:  0.06878538508164256  train-loss:  0.05131127506319899  lr:  1.9073486328125e-08
#epoch  221    val-loss:  0.0684607409332928  train-loss:  0.05128968830103986  lr:  1.9073486328125e-08
#epoch  222    val-loss:  0.06838527596310566  train-loss:  0.051298477526870556  lr:  1.9073486328125e-08
#epoch  223    val-loss:  0.06857236278684516  train-loss:  0.05132795161625836  lr:  1.9073486328125e-08
#epoch  224    val-loss:  0.06867886217016923  train-loss:  0.051348077729926445  lr:  1.9073486328125e-08
#epoch  225    val-loss:  0.06808600162989215  train-loss:  0.05127539536624681  lr:  1.9073486328125e-08
#epoch  226    val-loss:  0.06840718812064121  train-loss:  0.05130838001787197  lr:  1.9073486328125e-08
#epoch  227    val-loss:  0.06856839005884371  train-loss:  0.05130363209173083  lr:  1.9073486328125e-08
#epoch  228    val-loss:  0.06835664651895824  train-loss:  0.05133198051771615  lr:  1.9073486328125e-08
#epoch  229    val-loss:  0.06854189030433956  train-loss:  0.051326967106433585  lr:  1.9073486328125e-08
#epoch  230    val-loss:  0.0684564576337212  train-loss:  0.05131526320474222  lr:  1.9073486328125e-08
#epoch  231    val-loss:  0.06844683109145415  train-loss:  0.051334179734112695  lr:  1.9073486328125e-08
#epoch  232    val-loss:  0.06843508701575429  train-loss:  0.05128634376160335  lr:  1.9073486328125e-08
#epoch  233    val-loss:  0.06837793361199529  train-loss:  0.051320957179996185  lr:  1.9073486328125e-08
#epoch  234    val-loss:  0.06858414764467038  train-loss:  0.051338014847715385  lr:  1.9073486328125e-08
#epoch  235    val-loss:  0.06877586755313371  train-loss:  0.051285768393427134  lr:  1.9073486328125e-08
#epoch  236    val-loss:  0.06810267916635464  train-loss:  0.051296207384439185  lr:  1.9073486328125e-08
#epoch  237    val-loss:  0.0683974702107279  train-loss:  0.0513314936979441  lr:  1.9073486328125e-08
#epoch  238    val-loss:  0.0682931271822829  train-loss:  0.05132592676091008  lr:  1.9073486328125e-08
#epoch  239    val-loss:  0.06866114743446049  train-loss:  0.05132238726946525  lr:  1.9073486328125e-08
#epoch  240    val-loss:  0.06836283795143429  train-loss:  0.05130278205615468  lr:  1.9073486328125e-08
#epoch  241    val-loss:  0.06844276130983704  train-loss:  0.05132705974392593  lr:  1.9073486328125e-08
#epoch  242    val-loss:  0.06847613971484334  train-loss:  0.051287599562783726  lr:  1.9073486328125e-08
#epoch  243    val-loss:  0.06894350208734211  train-loss:  0.05130288713553455  lr:  1.9073486328125e-08
#epoch  244    val-loss:  0.06840729595799196  train-loss:  0.05131873139180243  lr:  1.9073486328125e-08
#epoch  245    val-loss:  0.06874676558532213  train-loss:  0.05135190617875196  lr:  1.9073486328125e-08
#epoch  246    val-loss:  0.06854617046682458  train-loss:  0.05133893442689441  lr:  1.9073486328125e-08
#epoch  247    val-loss:  0.0685639636296975  train-loss:  0.05134867886954453  lr:  1.9073486328125e-08
#epoch  248    val-loss:  0.06877240068034123  train-loss:  0.05134089489001781  lr:  1.9073486328125e-08
#epoch  249    val-loss:  0.06843012532121256  train-loss:  0.051341346523258835  lr:  1.9073486328125e-08
#epoch  250    val-loss:  0.068438227239408  train-loss:  0.05135557068570051  lr:  1.9073486328125e-08
#epoch  251    val-loss:  0.0686715955012723  train-loss:  0.051312928975676186  lr:  1.9073486328125e-08
#epoch  252    val-loss:  0.0686079847969507  train-loss:  0.0513209946511779  lr:  1.9073486328125e-08
#epoch  253    val-loss:  0.06878268012875005  train-loss:  0.05136769457021728  lr:  1.9073486328125e-08
#epoch  254    val-loss:  0.06826560591396533  train-loss:  0.05130241175356787  lr:  1.9073486328125e-08
#epoch  255    val-loss:  0.06852231958979055  train-loss:  0.05134217193699442  lr:  1.9073486328125e-08
#epoch  256    val-loss:  0.06844575350221835  train-loss:  0.051307645640918054  lr:  1.9073486328125e-08
#epoch  257    val-loss:  0.06859545488106578  train-loss:  0.05132355746172834  lr:  1.9073486328125e-08
#epoch  258    val-loss:  0.06862496584653854  train-loss:  0.05131860573601443  lr:  1.9073486328125e-08
#epoch  259    val-loss:  0.0682284428100837  train-loss:  0.05135961095220409  lr:  1.9073486328125e-08
#epoch  260    val-loss:  0.06834390014410019  train-loss:  0.05133717763237655  lr:  1.9073486328125e-08
#epoch  261    val-loss:  0.06890594684763958  train-loss:  0.051332301285583526  lr:  1.9073486328125e-08
#epoch  262    val-loss:  0.06851063276592054  train-loss:  0.05133818071044516  lr:  1.9073486328125e-08
#epoch  263    val-loss:  0.0682740505588682  train-loss:  0.05133233733067755  lr:  1.9073486328125e-08
#epoch  264    val-loss:  0.06843866133376171  train-loss:  0.051299905171617866  lr:  1.9073486328125e-08
#epoch  265    val-loss:  0.06862842095525641  train-loss:  0.05131159497250337  lr:  1.9073486328125e-08
#epoch  266    val-loss:  0.06815236944117044  train-loss:  0.05131253138824832  lr:  1.9073486328125e-08
#epoch  267    val-loss:  0.06820978400738616  train-loss:  0.051321499995538034  lr:  1.9073486328125e-08
#epoch  268    val-loss:  0.06865608064751876  train-loss:  0.051331791750271805  lr:  1.9073486328125e-08
#epoch  269    val-loss:  0.06856028382715426  train-loss:  0.05132565399981104  lr:  1.9073486328125e-08
#epoch  270    val-loss:  0.06892214323344983  train-loss:  0.05131312248704489  lr:  1.9073486328125e-08
#epoch  271    val-loss:  0.06828472096669047  train-loss:  0.05134768949938007  lr:  1.9073486328125e-08
#epoch  272    val-loss:  0.06845925709134654  train-loss:  0.05132291071640793  lr:  1.9073486328125e-08
#epoch  273    val-loss:  0.06879197531624844  train-loss:  0.05129650447634049  lr:  1.9073486328125e-08
#epoch  274    val-loss:  0.0682649239897728  train-loss:  0.05131284167873673  lr:  1.9073486328125e-08
#epoch  275    val-loss:  0.0684607483838734  train-loss:  0.051340304635232314  lr:  1.9073486328125e-08
#epoch  276    val-loss:  0.06844750713360936  train-loss:  0.05130690132500604  lr:  1.9073486328125e-08
#epoch  277    val-loss:  0.06852582489189349  train-loss:  0.0513051719754003  lr:  1.9073486328125e-08
#epoch  278    val-loss:  0.06857852127991225  train-loss:  0.051323852661880665  lr:  1.9073486328125e-08
#epoch  279    val-loss:  0.068346648231933  train-loss:  0.05132562563812826  lr:  1.9073486328125e-08
#epoch  280    val-loss:  0.06863253132293098  train-loss:  0.051332424613065086  lr:  1.9073486328125e-08
#epoch  281    val-loss:  0.06837897139944528  train-loss:  0.05130275611008983  lr:  1.9073486328125e-08
#epoch  282    val-loss:  0.06850620476823104  train-loss:  0.05135334900114685  lr:  1.9073486328125e-08
#epoch  283    val-loss:  0.06860670800271787  train-loss:  0.051321381819434464  lr:  1.9073486328125e-08
#epoch  284    val-loss:  0.0686063970390119  train-loss:  0.051331983326235786  lr:  1.9073486328125e-08
#epoch  285    val-loss:  0.06823932359877385  train-loss:  0.05132626685372088  lr:  1.9073486328125e-08
#epoch  286    val-loss:  0.0681434320776086  train-loss:  0.05128350424638484  lr:  1.9073486328125e-08
#epoch  287    val-loss:  0.06877611303015758  train-loss:  0.051347054017242044  lr:  1.9073486328125e-08
#epoch  288    val-loss:  0.06820162483736088  train-loss:  0.051337512297322974  lr:  1.9073486328125e-08
#epoch  289    val-loss:  0.06850176383005946  train-loss:  0.05135325399169233  lr:  1.9073486328125e-08
#epoch  290    val-loss:  0.06848268563810148  train-loss:  0.05131732659356203  lr:  1.9073486328125e-08
#epoch  291    val-loss:  0.06848634230463128  train-loss:  0.05132310379121918  lr:  1.9073486328125e-08
#epoch  292    val-loss:  0.06858653261473305  train-loss:  0.05133113617193885  lr:  1.9073486328125e-08
#epoch  293    val-loss:  0.06830332585071262  train-loss:  0.05133578692039009  lr:  1.9073486328125e-08
#epoch  294    val-loss:  0.06876462894050699  train-loss:  0.051337250421056524  lr:  1.9073486328125e-08
#epoch  295    val-loss:  0.06853194025002028  train-loss:  0.05131466373859439  lr:  1.9073486328125e-08
#epoch  296    val-loss:  0.06850438486588628  train-loss:  0.05132694717030972  lr:  1.9073486328125e-08
#epoch  297    val-loss:  0.06875626782053396  train-loss:  0.05129341573046986  lr:  1.9073486328125e-08
#epoch  298    val-loss:  0.06849855223768636  train-loss:  0.05133859445049893  lr:  1.9073486328125e-08
#epoch  299    val-loss:  0.06850761606505043  train-loss:  0.051288777714944445  lr:  1.9073486328125e-08
#epoch  300    val-loss:  0.06848695442864769  train-loss:  0.05131595249986276  lr:  1.9073486328125e-08
#epoch  301    val-loss:  0.06872622080539402  train-loss:  0.05132077552843839  lr:  1.9073486328125e-08
#epoch  302    val-loss:  0.06815647471107934  train-loss:  0.05134119551803451  lr:  1.9073486328125e-08
#epoch  303    val-loss:  0.06860510063798804  train-loss:  0.05130089586600661  lr:  1.9073486328125e-08
#epoch  304    val-loss:  0.06859196644080312  train-loss:  0.051278269427712075  lr:  1.9073486328125e-08
#epoch  305    val-loss:  0.06841963098237389  train-loss:  0.05131980960140936  lr:  1.9073486328125e-08
#epoch  306    val-loss:  0.06858920188326585  train-loss:  0.051325696709682234  lr:  1.9073486328125e-08
#epoch  307    val-loss:  0.06836655069338649  train-loss:  0.051309312621015124  lr:  1.9073486328125e-08
#epoch  308    val-loss:  0.06842175635852311  train-loss:  0.0513450899743475  lr:  1.9073486328125e-08
#epoch  309    val-loss:  0.06864791657579572  train-loss:  0.05133395675511565  lr:  1.9073486328125e-08
#epoch  310    val-loss:  0.06843319417614686  train-loss:  0.051330382193555124  lr:  1.9073486328125e-08
#epoch  311    val-loss:  0.06836874900679839  train-loss:  0.051360957135329954  lr:  1.9073486328125e-08
#epoch  312    val-loss:  0.06842638277693798  train-loss:  0.05133215922978707  lr:  1.9073486328125e-08
#epoch  313    val-loss:  0.06823025683039113  train-loss:  0.05131850215548184  lr:  1.9073486328125e-08
#epoch  314    val-loss:  0.06865680649092323  train-loss:  0.05131265272211749  lr:  1.9073486328125e-08
#epoch  315    val-loss:  0.06854535913781117  train-loss:  0.05129617499187589  lr:  1.9073486328125e-08
#epoch  316    val-loss:  0.06835881267723284  train-loss:  0.05129309286712669  lr:  1.9073486328125e-08
#epoch  317    val-loss:  0.0684440614361512  train-loss:  0.05134309000277426  lr:  1.9073486328125e-08
#epoch  318    val-loss:  0.06891396641731262  train-loss:  0.05133190847118385  lr:  1.9073486328125e-08
#epoch  319    val-loss:  0.06845430049457048  train-loss:  0.05131710054411087  lr:  1.9073486328125e-08
#epoch  320    val-loss:  0.06841993724045001  train-loss:  0.05131513964443002  lr:  1.9073486328125e-08
#epoch  321    val-loss:  0.06870681008225993  train-loss:  0.0512871013925178  lr:  1.9073486328125e-08
#epoch  322    val-loss:  0.06875173512258027  train-loss:  0.05130975386418868  lr:  1.9073486328125e-08
#epoch  323    val-loss:  0.06864134026201148  train-loss:  0.05133104282140266  lr:  1.9073486328125e-08
#epoch  324    val-loss:  0.06858460997280322  train-loss:  0.05129705832223408  lr:  1.9073486328125e-08
#epoch  325    val-loss:  0.06844601897816908  train-loss:  0.05131759318464901  lr:  1.9073486328125e-08
#epoch  326    val-loss:  0.06877797096967697  train-loss:  0.051307073270436376  lr:  1.9073486328125e-08
#epoch  327    val-loss:  0.06861865559690877  train-loss:  0.051348625172977336  lr:  1.9073486328125e-08
#epoch  328    val-loss:  0.06843581560410951  train-loss:  0.05131381782121025  lr:  1.9073486328125e-08
#epoch  329    val-loss:  0.06842139010366641  train-loss:  0.05132124506053515  lr:  1.9073486328125e-08
#epoch  330    val-loss:  0.06843008493122302  train-loss:  0.05134707360411994  lr:  1.9073486328125e-08
#epoch  331    val-loss:  0.0684370374993274  train-loss:  0.051351233647437766  lr:  1.9073486328125e-08
#epoch  332    val-loss:  0.06879668094609913  train-loss:  0.05131473821529653  lr:  1.9073486328125e-08
#epoch  333    val-loss:  0.06829926018652163  train-loss:  0.05129912197298836  lr:  1.9073486328125e-08
#epoch  334    val-loss:  0.06862762727235493  train-loss:  0.051312149938894436  lr:  1.9073486328125e-08
#epoch  335    val-loss:  0.068625901874743  train-loss:  0.051328285757335834  lr:  1.9073486328125e-08
#epoch  336    val-loss:  0.06837648192518636  train-loss:  0.051300983293913305  lr:  1.9073486328125e-08
#epoch  337    val-loss:  0.06843077940376181  train-loss:  0.0513155686785467  lr:  1.9073486328125e-08
#epoch  338    val-loss:  0.06843855859417665  train-loss:  0.05132457849686034  lr:  1.9073486328125e-08
#epoch  339    val-loss:  0.06826710465707277  train-loss:  0.05130751243268605  lr:  1.9073486328125e-08
#epoch  340    val-loss:  0.06814142591074894  train-loss:  0.05130684346659109  lr:  1.9073486328125e-08
#epoch  341    val-loss:  0.06838214319003255  train-loss:  0.05133208284678403  lr:  1.9073486328125e-08
#epoch  342    val-loss:  0.06850750195352655  train-loss:  0.05133784185454715  lr:  1.9073486328125e-08
#epoch  343    val-loss:  0.06823049720964934  train-loss:  0.05133677118283231  lr:  1.9073486328125e-08
#epoch  344    val-loss:  0.06891263237124995  train-loss:  0.05130383503274061  lr:  1.9073486328125e-08
#epoch  345    val-loss:  0.06844155059049004  train-loss:  0.051356932599446736  lr:  1.9073486328125e-08
#epoch  346    val-loss:  0.06816771685292847  train-loss:  0.051321171966264956  lr:  1.9073486328125e-08
#epoch  347    val-loss:  0.06878897783003356  train-loss:  0.05132277976372279  lr:  1.9073486328125e-08
#epoch  348    val-loss:  0.0684142269586262  train-loss:  0.05131230239931028  lr:  1.9073486328125e-08
#epoch  349    val-loss:  0.06827286474014584  train-loss:  0.05134299583733082  lr:  1.9073486328125e-08
#epoch  350    val-loss:  0.06845933042074505  train-loss:  0.05131289202836342  lr:  1.9073486328125e-08
#epoch  351    val-loss:  0.06859765084166276  train-loss:  0.05130406412354205  lr:  1.9073486328125e-08
#epoch  352    val-loss:  0.0681155308296806  train-loss:  0.051332836752408184  lr:  1.9073486328125e-08
#epoch  353    val-loss:  0.06831491934625726  train-loss:  0.051326640605111606  lr:  1.9073486328125e-08
#epoch  354    val-loss:  0.06814971115244062  train-loss:  0.05131941949366592  lr:  1.9073486328125e-08
#epoch  355    val-loss:  0.0686226824396535  train-loss:  0.051314815937075764  lr:  1.9073486328125e-08
#epoch  356    val-loss:  0.06806668090192895  train-loss:  0.05131662834901363  lr:  1.9073486328125e-08
#epoch  357    val-loss:  0.0686776622345573  train-loss:  0.051341083977604285  lr:  1.9073486328125e-08
#epoch  358    val-loss:  0.0685631997491184  train-loss:  0.05131373666517902  lr:  1.9073486328125e-08
#epoch  359    val-loss:  0.06845696309679433  train-loss:  0.051329747249837965  lr:  1.9073486328125e-08
#epoch  360    val-loss:  0.06862769942534597  train-loss:  0.051322460276423953  lr:  1.9073486328125e-08
#epoch  361    val-loss:  0.06853391308533519  train-loss:  0.05130363673379179  lr:  1.9073486328125e-08
#epoch  362    val-loss:  0.0685955023295001  train-loss:  0.05133454345923383  lr:  1.9073486328125e-08
#epoch  363    val-loss:  0.06893108902793181  train-loss:  0.05134909947810229  lr:  1.9073486328125e-08
#epoch  364    val-loss:  0.06835518424448214  train-loss:  0.05133324593771249  lr:  1.9073486328125e-08
#epoch  365    val-loss:  0.06850893756276683  train-loss:  0.05131701774371322  lr:  1.9073486328125e-08
#epoch  366    val-loss:  0.06843364630874835  train-loss:  0.05134391821047757  lr:  1.9073486328125e-08
#epoch  367    val-loss:  0.06880742782040646  train-loss:  0.05132789394701831  lr:  1.9073486328125e-08
#epoch  368    val-loss:  0.06839006237293545  train-loss:  0.05129492390551604  lr:  1.9073486328125e-08
#epoch  369    val-loss:  0.0680847616964265  train-loss:  0.05130340936011635  lr:  1.9073486328125e-08
#epoch  370    val-loss:  0.06842455424760517  train-loss:  0.05133978866797406  lr:  1.9073486328125e-08
#epoch  371    val-loss:  0.06861072033643723  train-loss:  0.05133855405438226  lr:  1.9073486328125e-08
#epoch  372    val-loss:  0.06862203384700574  train-loss:  0.051314840762643144  lr:  1.9073486328125e-08
#epoch  373    val-loss:  0.06853505616125308  train-loss:  0.05130187718896195  lr:  1.9073486328125e-08
#epoch  374    val-loss:  0.06877890190011576  train-loss:  0.051323041232535616  lr:  1.9073486328125e-08
#epoch  375    val-loss:  0.06836395632279546  train-loss:  0.05131925093883183  lr:  1.9073486328125e-08
#epoch  376    val-loss:  0.06845011209186755  train-loss:  0.05130568263120949  lr:  1.9073486328125e-08
#epoch  377    val-loss:  0.06821936310121887  train-loss:  0.0513158077665139  lr:  1.9073486328125e-08
#epoch  378    val-loss:  0.06868114753773338  train-loss:  0.05131460553093348  lr:  1.9073486328125e-08
#epoch  379    val-loss:  0.06820925580043542  train-loss:  0.051315027216332965  lr:  1.9073486328125e-08
#epoch  380    val-loss:  0.06839071606334887  train-loss:  0.05131681171769742  lr:  1.9073486328125e-08
#epoch  381    val-loss:  0.06865116365646061  train-loss:  0.05131200817413628  lr:  1.9073486328125e-08
#epoch  382    val-loss:  0.06868690958148554  train-loss:  0.05132442887406796  lr:  1.9073486328125e-08
#epoch  383    val-loss:  0.06822461968189791  train-loss:  0.05132152546138968  lr:  1.9073486328125e-08
#epoch  384    val-loss:  0.06849956434024007  train-loss:  0.05134932402870618  lr:  1.9073486328125e-08
#epoch  385    val-loss:  0.06860993645693127  train-loss:  0.05129324708832428  lr:  1.9073486328125e-08
#epoch  386    val-loss:  0.06819151361521922  train-loss:  0.05129674979252741  lr:  1.9073486328125e-08
#epoch  387    val-loss:  0.06844909293086905  train-loss:  0.05128185149806086  lr:  1.9073486328125e-08
#epoch  388    val-loss:  0.06848848375834916  train-loss:  0.05131581478053704  lr:  1.9073486328125e-08
#epoch  389    val-loss:  0.06849484851485804  train-loss:  0.05132117560424376  lr:  1.9073486328125e-08
#epoch  390    val-loss:  0.06842644081303947  train-loss:  0.05135571016580798  lr:  1.9073486328125e-08
#epoch  391    val-loss:  0.06863519314088319  train-loss:  0.05132527642126661  lr:  1.9073486328125e-08
#epoch  392    val-loss:  0.06872269628863585  train-loss:  0.05134211981203407  lr:  1.9073486328125e-08
#epoch  393    val-loss:  0.06837702738611322  train-loss:  0.05132784390298184  lr:  1.9073486328125e-08
#epoch  394    val-loss:  0.06807587805547212  train-loss:  0.05129840664449148  lr:  1.9073486328125e-08
#epoch  395    val-loss:  0.06850014038776096  train-loss:  0.05129274325736333  lr:  1.9073486328125e-08
#epoch  396    val-loss:  0.0684373151314886  train-loss:  0.05132300821423996  lr:  1.9073486328125e-08
#epoch  397    val-loss:  0.06850259711867884  train-loss:  0.05134855835058261  lr:  1.9073486328125e-08
#epoch  398    val-loss:  0.06846624730448973  train-loss:  0.051325605367310345  lr:  1.9073486328125e-08
#epoch  399    val-loss:  0.06845689329661821  train-loss:  0.051331804890651256  lr:  1.9073486328125e-08
#epoch  400    val-loss:  0.06859940761014034  train-loss:  0.05129570380086079  lr:  1.9073486328125e-08
#epoch  401    val-loss:  0.06823402074606795  train-loss:  0.05131109546346124  lr:  1.9073486328125e-08
#epoch  402    val-loss:  0.0682259727465479  train-loss:  0.051316791053977795  lr:  1.9073486328125e-08
#epoch  403    val-loss:  0.06840851393185164  train-loss:  0.051335651442059316  lr:  1.9073486328125e-08
#epoch  404    val-loss:  0.06814923431528241  train-loss:  0.051294290024088696  lr:  1.9073486328125e-08
#epoch  405    val-loss:  0.06874266580531471  train-loss:  0.051321743871085346  lr:  1.9073486328125e-08
#epoch  406    val-loss:  0.06843554424612146  train-loss:  0.05131120383157395  lr:  1.9073486328125e-08
#epoch  407    val-loss:  0.06836488097906113  train-loss:  0.051316111552296206  lr:  1.9073486328125e-08
#epoch  408    val-loss:  0.06857870989724209  train-loss:  0.05132059514289722  lr:  1.9073486328125e-08
#epoch  409    val-loss:  0.06851282755011007  train-loss:  0.05133934284094721  lr:  1.9073486328125e-08
#epoch  410    val-loss:  0.06878402084112167  train-loss:  0.05137094162637368  lr:  1.9073486328125e-08
#epoch  411    val-loss:  0.06834836657110013  train-loss:  0.0513115223729983  lr:  1.9073486328125e-08
#epoch  412    val-loss:  0.06853146262859043  train-loss:  0.05134899904078338  lr:  1.9073486328125e-08
#epoch  413    val-loss:  0.06890263016286649  train-loss:  0.05132684111595154  lr:  1.9073486328125e-08
#epoch  414    val-loss:  0.06890258742006201  train-loss:  0.05133599147666246  lr:  1.9073486328125e-08
#epoch  415    val-loss:  0.06856259546781841  train-loss:  0.05128931239596568  lr:  1.9073486328125e-08
#epoch  416    val-loss:  0.06888716824744877  train-loss:  0.05130074202315882  lr:  1.9073486328125e-08
#epoch  417    val-loss:  0.0684755307279135  train-loss:  0.05134703268413432  lr:  1.9073486328125e-08
#epoch  418    val-loss:  0.06852766381282556  train-loss:  0.051336034390260465  lr:  1.9073486328125e-08
#epoch  419    val-loss:  0.06846049114277489  train-loss:  0.051322507759323344  lr:  1.9073486328125e-08
#epoch  420    val-loss:  0.06860826321338352  train-loss:  0.05131481456919573  lr:  1.9073486328125e-08
#epoch  421    val-loss:  0.06875937981040854  train-loss:  0.05132354093075264  lr:  1.9073486328125e-08
#epoch  422    val-loss:  0.06844910979270935  train-loss:  0.05132261564722285  lr:  1.9073486328125e-08
#epoch  423    val-loss:  0.06848578821671636  train-loss:  0.051318145167897455  lr:  1.9073486328125e-08
#epoch  424    val-loss:  0.06858737100111811  train-loss:  0.05132266152941156  lr:  1.9073486328125e-08
#epoch  425    val-loss:  0.06825406829777517  train-loss:  0.05132228748698253  lr:  1.9073486328125e-08
#epoch  426    val-loss:  0.06844787691768847  train-loss:  0.051336745571461506  lr:  1.9073486328125e-08
#epoch  427    val-loss:  0.06840541213750839  train-loss:  0.0513476684136549  lr:  1.9073486328125e-08
#epoch  428    val-loss:  0.06864877515717556  train-loss:  0.05132525939552579  lr:  1.9073486328125e-08
#epoch  429    val-loss:  0.06824128349360667  train-loss:  0.051310581678990275  lr:  1.9073486328125e-08
#epoch  430    val-loss:  0.06814704619740185  train-loss:  0.05130497277423274  lr:  1.9073486328125e-08
#epoch  431    val-loss:  0.06862860525909223  train-loss:  0.05131957661069464  lr:  1.9073486328125e-08
#epoch  432    val-loss:  0.06829793398317538  train-loss:  0.05131093606178183  lr:  1.9073486328125e-08
#epoch  433    val-loss:  0.06855128156511407  train-loss:  0.051357912001549266  lr:  1.9073486328125e-08
#epoch  434    val-loss:  0.06861849638976548  train-loss:  0.05129114040755667  lr:  1.9073486328125e-08
#epoch  435    val-loss:  0.06849544789446027  train-loss:  0.05129966636013705  lr:  1.9073486328125e-08
#epoch  436    val-loss:  0.06867486003198121  train-loss:  0.05134326270490419  lr:  1.9073486328125e-08
#epoch  437    val-loss:  0.06878590074024703  train-loss:  0.051306116685736924  lr:  1.9073486328125e-08
#epoch  438    val-loss:  0.06810304385266806  train-loss:  0.05136344900529366  lr:  1.9073486328125e-08
#epoch  439    val-loss:  0.06860041539920003  train-loss:  0.05131366690329742  lr:  1.9073486328125e-08
#epoch  440    val-loss:  0.06871267839481957  train-loss:  0.051304439490195364  lr:  1.9073486328125e-08
#epoch  441    val-loss:  0.06860125260917764  train-loss:  0.05130774830467999  lr:  1.9073486328125e-08
#epoch  442    val-loss:  0.06837231508995358  train-loss:  0.05131861178961117  lr:  1.9073486328125e-08
#epoch  443    val-loss:  0.06810229428504642  train-loss:  0.05132105360098649  lr:  1.9073486328125e-08
#epoch  444    val-loss:  0.06842806151038722  train-loss:  0.051329940106370486  lr:  1.9073486328125e-08
#epoch  445    val-loss:  0.06840356831487857  train-loss:  0.051359144286834635  lr:  1.9073486328125e-08
#epoch  446    val-loss:  0.06835671357418362  train-loss:  0.05129210937593598  lr:  1.9073486328125e-08
#epoch  447    val-loss:  0.0687595947008384  train-loss:  0.05133376228332054  lr:  1.9073486328125e-08
#epoch  448    val-loss:  0.0686866684179557  train-loss:  0.051302072330145165  lr:  1.9073486328125e-08
#epoch  449    val-loss:  0.06868213219077964  train-loss:  0.051328603163710795  lr:  1.9073486328125e-08
#epoch  450    val-loss:  0.06890893492259477  train-loss:  0.05131594334670808  lr:  1.9073486328125e-08
#epoch  451    val-loss:  0.06820225186253849  train-loss:  0.051303636966622435  lr:  1.9073486328125e-08
#epoch  452    val-loss:  0.06840610268868898  train-loss:  0.05130312903202139  lr:  1.9073486328125e-08
#epoch  453    val-loss:  0.06848117983654926  train-loss:  0.05134342407109216  lr:  1.9073486328125e-08
#epoch  454    val-loss:  0.06852014088316967  train-loss:  0.05132818824495189  lr:  1.9073486328125e-08
#epoch  455    val-loss:  0.06847786550459109  train-loss:  0.0513072753965389  lr:  1.9073486328125e-08
#epoch  456    val-loss:  0.06833916628047039  train-loss:  0.051304043518030085  lr:  1.9073486328125e-08
#epoch  457    val-loss:  0.06830970315556777  train-loss:  0.05129644936823752  lr:  1.9073486328125e-08
#epoch  458    val-loss:  0.0683752796367595  train-loss:  0.05134125107724685  lr:  1.9073486328125e-08
#epoch  459    val-loss:  0.06812646887020062  train-loss:  0.05132635365589522  lr:  1.9073486328125e-08
#epoch  460    val-loss:  0.06857218789426904  train-loss:  0.051328248460777104  lr:  1.9073486328125e-08
#epoch  461    val-loss:  0.06855580328326476  train-loss:  0.05129446351202205  lr:  1.9073486328125e-08
#epoch  462    val-loss:  0.0687869759766679  train-loss:  0.05130935313354712  lr:  1.9073486328125e-08
#epoch  463    val-loss:  0.06844173528646168  train-loss:  0.051313567731995136  lr:  1.9073486328125e-08
#epoch  464    val-loss:  0.06859110805549119  train-loss:  0.05133559971000068  lr:  1.9073486328125e-08
#epoch  465    val-loss:  0.06840077003366068  train-loss:  0.05131577796419151  lr:  1.9073486328125e-08
#epoch  466    val-loss:  0.0682835202468069  train-loss:  0.0513184689625632  lr:  1.9073486328125e-08
#epoch  467    val-loss:  0.06876109540462494  train-loss:  0.051335036478121765  lr:  1.9073486328125e-08
#epoch  468    val-loss:  0.06860012835577915  train-loss:  0.05130979456589557  lr:  1.9073486328125e-08
#epoch  469    val-loss:  0.06872612198716715  train-loss:  0.05133682546147611  lr:  1.9073486328125e-08
#epoch  470    val-loss:  0.06866749572126489  train-loss:  0.05131483462173492  lr:  1.9073486328125e-08
#epoch  471    val-loss:  0.06852235645055771  train-loss:  0.05129830430087168  lr:  1.9073486328125e-08
#epoch  472    val-loss:  0.06840720615888897  train-loss:  0.051353734568692744  lr:  1.9073486328125e-08
#epoch  473    val-loss:  0.06847688634144633  train-loss:  0.05130808029207401  lr:  1.9073486328125e-08
#epoch  474    val-loss:  0.06838684685920414  train-loss:  0.05131364648696035  lr:  1.9073486328125e-08
#epoch  475    val-loss:  0.0687554972736459  train-loss:  0.05132128742116038  lr:  1.9073486328125e-08
#epoch  476    val-loss:  0.06879100830931413  train-loss:  0.05131199455354363  lr:  1.9073486328125e-08
#epoch  477    val-loss:  0.06846740998719868  train-loss:  0.051311943112523295  lr:  1.9073486328125e-08
#epoch  478    val-loss:  0.06890215528638739  train-loss:  0.051309474831214175  lr:  1.9073486328125e-08
#epoch  479    val-loss:  0.06859083003119419  train-loss:  0.05136562668485567  lr:  1.9073486328125e-08
#epoch  480    val-loss:  0.0687302429425089  train-loss:  0.05133432550064754  lr:  1.9073486328125e-08
#epoch  481    val-loss:  0.06864512594122636  train-loss:  0.051322456303751096  lr:  1.9073486328125e-08
#epoch  482    val-loss:  0.06851370632648468  train-loss:  0.05133444989041891  lr:  1.9073486328125e-08
#epoch  483    val-loss:  0.06871706835533443  train-loss:  0.05132008429791313  lr:  1.9073486328125e-08
#epoch  484    val-loss:  0.06835781351516121  train-loss:  0.051339202051167376  lr:  1.9073486328125e-08
#epoch  485    val-loss:  0.06839382922963093  train-loss:  0.05128710906137712  lr:  1.9073486328125e-08
#epoch  486    val-loss:  0.06822473693050836  train-loss:  0.05130626565369312  lr:  1.9073486328125e-08
#epoch  487    val-loss:  0.06835253183778964  train-loss:  0.05130384812946431  lr:  1.9073486328125e-08
#epoch  488    val-loss:  0.0684734245664195  train-loss:  0.051361771154915914  lr:  1.9073486328125e-08
#epoch  489    val-loss:  0.06864500516339352  train-loss:  0.05133201049466152  lr:  1.9073486328125e-08
#epoch  490    val-loss:  0.06853105716015163  train-loss:  0.05133891277364455  lr:  1.9073486328125e-08
#epoch  491    val-loss:  0.06842452366101115  train-loss:  0.05133209672931116  lr:  1.9073486328125e-08
#epoch  492    val-loss:  0.06842662511687529  train-loss:  0.05129451297398191  lr:  1.9073486328125e-08
#epoch  493    val-loss:  0.06860105614913137  train-loss:  0.05128841317491606  lr:  1.9073486328125e-08
#epoch  494    val-loss:  0.06874843569178331  train-loss:  0.05131397100922186  lr:  1.9073486328125e-08
#epoch  495    val-loss:  0.06857474305127796  train-loss:  0.0513520302483812  lr:  1.9073486328125e-08
#epoch  496    val-loss:  0.06865936478501872  train-loss:  0.05130414887389634  lr:  1.9073486328125e-08
#epoch  497    val-loss:  0.06868640215773332  train-loss:  0.051304807333508506  lr:  1.9073486328125e-08
#epoch  498    val-loss:  0.068587763136939  train-loss:  0.0512692410411546  lr:  1.9073486328125e-08
#epoch  499    val-loss:  0.06808748625611004  train-loss:  0.051290432224050164  lr:  1.9073486328125e-08
