model 631cceffa9fc739a6b75e45bf6c291253bc13487927a2918ed63e5ba state_dict has not been found
Model was not found
torch.cuda.is_available():	 True
runargs:	 Namespace(co2=False, depth=1497.0, disp=-1, domain='global', epoch=0, latitude=False, linsupres=False, lossfun='MSE', lr=0.01, lsrp_span=12, maxepoch=500, minibatch=4, mode='train', normalization='standard', num_workers=40, parts=[1, 1], persistent_workers=False, prefetch_factor=1, relog=True, rerun=True, sanity=False, sigma=8, temperature=True)
data_address /scratch/zanna/data/cm2.6/coarse_8_beneath_surface.zarr
using device: cuda:0
epochs started
#epoch  0    val-loss:  0.9191591990621466  train-loss:  1.2383464612066746  lr:  0.01
#epoch  1    val-loss:  0.8624273883669  train-loss:  0.6784819939639419  lr:  0.01
#epoch  2    val-loss:  0.7356418747650949  train-loss:  0.5983198398025706  lr:  0.01
#epoch  3    val-loss:  0.6120214430909408  train-loss:  0.4984881702112034  lr:  0.01
#epoch  4    val-loss:  0.5064399634536944  train-loss:  0.40810893825255334  lr:  0.01
#epoch  5    val-loss:  0.4142525525469529  train-loss:  0.3471898412099108  lr:  0.01
#epoch  6    val-loss:  0.38232436462452535  train-loss:  0.2831527658854611  lr:  0.01
#epoch  7    val-loss:  0.32310374786979273  train-loss:  0.2436070455587469  lr:  0.01
#epoch  8    val-loss:  0.3141719793018542  train-loss:  0.2164208195754327  lr:  0.01
#epoch  9    val-loss:  0.3045395730357421  train-loss:  0.19994484703056514  lr:  0.01
#epoch  10    val-loss:  0.3028278946876526  train-loss:  0.18388577649602666  lr:  0.01
#epoch  11    val-loss:  0.270551860332489  train-loss:  0.17178540426539257  lr:  0.01
#epoch  12    val-loss:  0.2625192011657514  train-loss:  0.1659749811515212  lr:  0.01
#epoch  13    val-loss:  0.25131513962620183  train-loss:  0.16216291656019166  lr:  0.01
#epoch  14    val-loss:  0.25950283674817337  train-loss:  0.157176349661313  lr:  0.01
#epoch  15    val-loss:  0.2399792702574479  train-loss:  0.15211545443162322  lr:  0.01
#epoch  16    val-loss:  0.23605805870733762  train-loss:  0.14677282256889157  lr:  0.01
#epoch  17    val-loss:  0.22259361257678584  train-loss:  0.14478263776982203  lr:  0.01
#epoch  18    val-loss:  0.2378542258551246  train-loss:  0.14060499329934828  lr:  0.01
#epoch  19    val-loss:  0.23709916441064133  train-loss:  0.14078986554523  lr:  0.01
#epoch  20    val-loss:  0.2136024197465495  train-loss:  0.13958829559851438  lr:  0.01
#epoch  21    val-loss:  0.21839137140073275  train-loss:  0.13552719002473168  lr:  0.01
#epoch  22    val-loss:  0.22219971449751602  train-loss:  0.13230554683832452  lr:  0.01
#epoch  23    val-loss:  0.23088104944480092  train-loss:  0.12835076014744118  lr:  0.01
#epoch  24    val-loss:  0.19882442841404363  train-loss:  0.11267989929183386  lr:  0.005
#epoch  25    val-loss:  0.19041906375634043  train-loss:  0.11101143385167234  lr:  0.005
#epoch  26    val-loss:  0.18899253089176982  train-loss:  0.10962046313215978  lr:  0.005
#epoch  27    val-loss:  0.18978202578268552  train-loss:  0.11028002298553474  lr:  0.005
#epoch  28    val-loss:  0.19054055292355387  train-loss:  0.1087404114950914  lr:  0.005
#epoch  29    val-loss:  0.20716889594730578  train-loss:  0.10929445721558295  lr:  0.005
#epoch  30    val-loss:  0.18220629425425278  train-loss:  0.10035926004638895  lr:  0.0025
#epoch  31    val-loss:  0.18084283878928736  train-loss:  0.09935451540513895  lr:  0.0025
#epoch  32    val-loss:  0.18196410568136917  train-loss:  0.09923370619071648  lr:  0.0025
#epoch  33    val-loss:  0.18400954494350835  train-loss:  0.09873805614188313  lr:  0.0025
#epoch  34    val-loss:  0.1813805236628181  train-loss:  0.09931523320847191  lr:  0.0025
#epoch  35    val-loss:  0.17806294952568255  train-loss:  0.09377864864654839  lr:  0.00125
#epoch  36    val-loss:  0.17634597499119609  train-loss:  0.09346435900079086  lr:  0.00125
#epoch  37    val-loss:  0.18078336747069107  train-loss:  0.09318388652172871  lr:  0.00125
#epoch  38    val-loss:  0.17684743278904966  train-loss:  0.09276457485975698  lr:  0.00125
#epoch  39    val-loss:  0.177587816589757  train-loss:  0.09266881868825294  lr:  0.00125
#epoch  40    val-loss:  0.17553941748644175  train-loss:  0.09018686946365051  lr:  0.000625
#epoch  41    val-loss:  0.17627375533706263  train-loss:  0.08971825090702623  lr:  0.000625
#epoch  42    val-loss:  0.17513841312182576  train-loss:  0.08945561561267823  lr:  0.000625
#epoch  43    val-loss:  0.17504426366404482  train-loss:  0.08931594877503812  lr:  0.000625
#epoch  44    val-loss:  0.17754762109957242  train-loss:  0.089148116792785  lr:  0.000625
#epoch  45    val-loss:  0.17460976384187998  train-loss:  0.0888053280650638  lr:  0.000625
#epoch  46    val-loss:  0.1755912460778889  train-loss:  0.08862800392671488  lr:  0.000625
#epoch  47    val-loss:  0.17620667658354106  train-loss:  0.08845097804442048  lr:  0.000625
#epoch  48    val-loss:  0.17505776176327154  train-loss:  0.08809239740367047  lr:  0.000625
#epoch  49    val-loss:  0.1752805796108748  train-loss:  0.08686865528579801  lr:  0.0003125
#epoch  50    val-loss:  0.17339454669701426  train-loss:  0.08659125777194276  lr:  0.0003125
#epoch  51    val-loss:  0.17556527335392802  train-loss:  0.08640732814092189  lr:  0.0003125
#epoch  52    val-loss:  0.17425189990746348  train-loss:  0.08634800385334529  lr:  0.0003125
#epoch  53    val-loss:  0.17339866726022019  train-loss:  0.08627747889840975  lr:  0.0003125
#epoch  54    val-loss:  0.17336508945414894  train-loss:  0.08542931050760671  lr:  0.00015625
#epoch  55    val-loss:  0.17541415832544627  train-loss:  0.08530979044735432  lr:  0.00015625
#epoch  56    val-loss:  0.17292854425154233  train-loss:  0.08535783915431239  lr:  0.00015625
#epoch  57    val-loss:  0.17726901957863256  train-loss:  0.08514601588831283  lr:  0.00015625
#epoch  58    val-loss:  0.1732753758367739  train-loss:  0.08512001726194285  lr:  0.00015625
#epoch  59    val-loss:  0.17366203665733337  train-loss:  0.08507310471031815  lr:  0.00015625
#epoch  60    val-loss:  0.17296462153133593  train-loss:  0.08470490324543789  lr:  7.8125e-05
#epoch  61    val-loss:  0.17473959530654706  train-loss:  0.08460830469266511  lr:  7.8125e-05
#epoch  62    val-loss:  0.17298951901887594  train-loss:  0.08465064445044845  lr:  7.8125e-05
#epoch  63    val-loss:  0.17320687049313596  train-loss:  0.08434849718469195  lr:  3.90625e-05
#epoch  64    val-loss:  0.17351306739606356  train-loss:  0.08434588943782728  lr:  3.90625e-05
#epoch  65    val-loss:  0.1742427780439979  train-loss:  0.08431928759091534  lr:  3.90625e-05
#epoch  66    val-loss:  0.17447520557202792  train-loss:  0.08422816242091358  lr:  1.953125e-05
#epoch  67    val-loss:  0.1720682508067081  train-loss:  0.08415517507819459  lr:  1.953125e-05
#epoch  68    val-loss:  0.17263014300873405  train-loss:  0.08422840145067312  lr:  1.953125e-05
#epoch  69    val-loss:  0.17325375974178314  train-loss:  0.08421712182462215  lr:  1.953125e-05
#epoch  70    val-loss:  0.17207191649236178  train-loss:  0.08416434447281063  lr:  1.953125e-05
#epoch  71    val-loss:  0.17321425519491496  train-loss:  0.08407416281988844  lr:  9.765625e-06
#epoch  72    val-loss:  0.1730895912960956  train-loss:  0.08411189602338709  lr:  9.765625e-06
#epoch  73    val-loss:  0.17299312353134155  train-loss:  0.08413848481723107  lr:  9.765625e-06
#epoch  74    val-loss:  0.1715043571434523  train-loss:  0.08405354534625076  lr:  4.8828125e-06
#epoch  75    val-loss:  0.17348914711098923  train-loss:  0.08405814209254459  lr:  4.8828125e-06
#epoch  76    val-loss:  0.1735184592636008  train-loss:  0.08405118650989607  lr:  4.8828125e-06
#epoch  77    val-loss:  0.17593334536803396  train-loss:  0.08405441569630057  lr:  4.8828125e-06
#epoch  78    val-loss:  0.17249353857416855  train-loss:  0.08404708845773712  lr:  2.44140625e-06
#epoch  79    val-loss:  0.17546823620796204  train-loss:  0.0840658716915641  lr:  2.44140625e-06
#epoch  80    val-loss:  0.1758014324464296  train-loss:  0.08403360605007038  lr:  2.44140625e-06
#epoch  81    val-loss:  0.17266447685266795  train-loss:  0.08407809725031257  lr:  1.220703125e-06
#epoch  82    val-loss:  0.17319566168283163  train-loss:  0.08403177410946228  lr:  1.220703125e-06
#epoch  83    val-loss:  0.17210671384083598  train-loss:  0.08402136102085933  lr:  1.220703125e-06
#epoch  84    val-loss:  0.17423228997933238  train-loss:  0.08399867004482076  lr:  6.103515625e-07
#epoch  85    val-loss:  0.17208634081639743  train-loss:  0.08407466328935698  lr:  6.103515625e-07
#epoch  86    val-loss:  0.1732001194828435  train-loss:  0.08406859962269664  lr:  6.103515625e-07
#epoch  87    val-loss:  0.1738929183859574  train-loss:  0.08405517478240654  lr:  3.0517578125e-07
#epoch  88    val-loss:  0.17158799343987516  train-loss:  0.08400015442748554  lr:  3.0517578125e-07
#epoch  89    val-loss:  0.17281873288907504  train-loss:  0.08403616136638448  lr:  3.0517578125e-07
#epoch  90    val-loss:  0.17486416038713956  train-loss:  0.08401702297851443  lr:  1.52587890625e-07
#epoch  91    val-loss:  0.17604226658218786  train-loss:  0.08400485452148132  lr:  1.52587890625e-07
#epoch  92    val-loss:  0.17248129374102542  train-loss:  0.08403985502081923  lr:  1.52587890625e-07
#epoch  93    val-loss:  0.17173571414069125  train-loss:  0.08406391274183989  lr:  7.62939453125e-08
#epoch  94    val-loss:  0.1729462758490914  train-loss:  0.08404829670325853  lr:  7.62939453125e-08
#epoch  95    val-loss:  0.1734096000069066  train-loss:  0.084055498969974  lr:  7.62939453125e-08
#epoch  96    val-loss:  0.17147883537568545  train-loss:  0.084117876336677  lr:  3.814697265625e-08
#epoch  97    val-loss:  0.17339650502330378  train-loss:  0.08402228271006607  lr:  3.814697265625e-08
#epoch  98    val-loss:  0.17186621380479714  train-loss:  0.08407424384495243  lr:  3.814697265625e-08
#epoch  99    val-loss:  0.17682450382333054  train-loss:  0.08399112068582326  lr:  3.814697265625e-08
#epoch  100    val-loss:  0.1759006247708672  train-loss:  0.08404583226365503  lr:  1.9073486328125e-08
#epoch  101    val-loss:  0.17449835256526344  train-loss:  0.08403533304226585  lr:  1.9073486328125e-08
#epoch  102    val-loss:  0.17282208800315857  train-loss:  0.0839924443862401  lr:  1.9073486328125e-08
#epoch  103    val-loss:  0.17283610372166885  train-loss:  0.08404165878891945  lr:  1.9073486328125e-08
#epoch  104    val-loss:  0.1764078304955834  train-loss:  0.08399617118993774  lr:  1.9073486328125e-08
#epoch  105    val-loss:  0.1720552162120217  train-loss:  0.0839813555649016  lr:  1.9073486328125e-08
#epoch  106    val-loss:  0.1733561613057789  train-loss:  0.08401691619656049  lr:  1.9073486328125e-08
#epoch  107    val-loss:  0.17233887785359434  train-loss:  0.08399507324793376  lr:  1.9073486328125e-08
#epoch  108    val-loss:  0.17180873296762766  train-loss:  0.08399792478303425  lr:  1.9073486328125e-08
#epoch  109    val-loss:  0.17170818620606473  train-loss:  0.0840544234670233  lr:  1.9073486328125e-08
#epoch  110    val-loss:  0.1749611481239921  train-loss:  0.08407568541588262  lr:  1.9073486328125e-08
#epoch  111    val-loss:  0.17190002140245939  train-loss:  0.0840115565515589  lr:  1.9073486328125e-08
#epoch  112    val-loss:  0.17173166102484652  train-loss:  0.08404092816635966  lr:  1.9073486328125e-08
#epoch  113    val-loss:  0.17189676040097288  train-loss:  0.08401437709107995  lr:  1.9073486328125e-08
#epoch  114    val-loss:  0.17440901618254812  train-loss:  0.08398396268603392  lr:  1.9073486328125e-08
#epoch  115    val-loss:  0.17457670365509234  train-loss:  0.08404536859598011  lr:  1.9073486328125e-08
#epoch  116    val-loss:  0.17160119273160634  train-loss:  0.08401193824829534  lr:  1.9073486328125e-08
#epoch  117    val-loss:  0.17204225612314125  train-loss:  0.08399185331654735  lr:  1.9073486328125e-08
#epoch  118    val-loss:  0.1745170323472274  train-loss:  0.08401168143609539  lr:  1.9073486328125e-08
#epoch  119    val-loss:  0.17203109750622197  train-loss:  0.08394821028923616  lr:  1.9073486328125e-08
#epoch  120    val-loss:  0.17312451412803248  train-loss:  0.08404445118503645  lr:  1.9073486328125e-08
#epoch  121    val-loss:  0.17340907454490662  train-loss:  0.08402150732581504  lr:  1.9073486328125e-08
#epoch  122    val-loss:  0.17476303248029007  train-loss:  0.08391465421300381  lr:  1.9073486328125e-08
#epoch  123    val-loss:  0.17139149496429845  train-loss:  0.08402047472191043  lr:  1.9073486328125e-08
#epoch  124    val-loss:  0.17303162264196495  train-loss:  0.0840299766859971  lr:  1.9073486328125e-08
#epoch  125    val-loss:  0.17613502474207626  train-loss:  0.08402412669965997  lr:  1.9073486328125e-08
#epoch  126    val-loss:  0.17269465484117208  train-loss:  0.08396630498464219  lr:  1.9073486328125e-08
#epoch  127    val-loss:  0.17321142240574486  train-loss:  0.08398368825146463  lr:  1.9073486328125e-08
#epoch  128    val-loss:  0.1746827183585418  train-loss:  0.0840386048075743  lr:  1.9073486328125e-08
#epoch  129    val-loss:  0.1720649474545529  train-loss:  0.08403971782536246  lr:  1.9073486328125e-08
#epoch  130    val-loss:  0.1730662968597914  train-loss:  0.08405245415633544  lr:  1.9073486328125e-08
#epoch  131    val-loss:  0.17470328588234751  train-loss:  0.08402363216737285  lr:  1.9073486328125e-08
#epoch  132    val-loss:  0.17471346729680112  train-loss:  0.08402971728355624  lr:  1.9073486328125e-08
#epoch  133    val-loss:  0.17311708393849826  train-loss:  0.08402327288058586  lr:  1.9073486328125e-08
#epoch  134    val-loss:  0.1747182591965324  train-loss:  0.08398971759015694  lr:  1.9073486328125e-08
#epoch  135    val-loss:  0.17138196449530751  train-loss:  0.08403531060321257  lr:  1.9073486328125e-08
#epoch  136    val-loss:  0.1762259077084692  train-loss:  0.08397326155682094  lr:  1.9073486328125e-08
#epoch  137    val-loss:  0.17341208614801107  train-loss:  0.08398508536629379  lr:  1.9073486328125e-08
#epoch  138    val-loss:  0.17192951864317843  train-loss:  0.08404198437347077  lr:  1.9073486328125e-08
#epoch  139    val-loss:  0.17315323101846794  train-loss:  0.08402470237342641  lr:  1.9073486328125e-08
#epoch  140    val-loss:  0.1761334146323957  train-loss:  0.08407252340111881  lr:  1.9073486328125e-08
#epoch  141    val-loss:  0.17155037898766368  train-loss:  0.08404677426733542  lr:  1.9073486328125e-08
#epoch  142    val-loss:  0.17305245760240054  train-loss:  0.08404150637215935  lr:  1.9073486328125e-08
#epoch  143    val-loss:  0.17473866202329336  train-loss:  0.0840381269226782  lr:  1.9073486328125e-08
#epoch  144    val-loss:  0.1742041550184551  train-loss:  0.08403275616001338  lr:  1.9073486328125e-08
#epoch  145    val-loss:  0.17328135355522759  train-loss:  0.08399402879877016  lr:  1.9073486328125e-08
#epoch  146    val-loss:  0.174896030049575  train-loss:  0.08406080451095477  lr:  1.9073486328125e-08
#epoch  147    val-loss:  0.17471577854532944  train-loss:  0.0840257728996221  lr:  1.9073486328125e-08
#epoch  148    val-loss:  0.17367341643885562  train-loss:  0.0840169757429976  lr:  1.9073486328125e-08
#epoch  149    val-loss:  0.17404300837140335  train-loss:  0.08405444247182459  lr:  1.9073486328125e-08
#epoch  150    val-loss:  0.17286230780576406  train-loss:  0.08399907912826166  lr:  1.9073486328125e-08
#epoch  151    val-loss:  0.17211636900901794  train-loss:  0.08399558084784076  lr:  1.9073486328125e-08
#epoch  152    val-loss:  0.17463266849517822  train-loss:  0.08402308230870403  lr:  1.9073486328125e-08
#epoch  153    val-loss:  0.1740523819860659  train-loss:  0.08400460303528234  lr:  1.9073486328125e-08
#epoch  154    val-loss:  0.1714928056064405  train-loss:  0.08406077700783499  lr:  1.9073486328125e-08
#epoch  155    val-loss:  0.1735573599213048  train-loss:  0.08404201257508248  lr:  1.9073486328125e-08
#epoch  156    val-loss:  0.17489821189328245  train-loss:  0.08404936178703792  lr:  1.9073486328125e-08
#epoch  157    val-loss:  0.17489548890214218  train-loss:  0.08407696188078262  lr:  1.9073486328125e-08
#epoch  158    val-loss:  0.17299931457168177  train-loss:  0.08400004936265759  lr:  1.9073486328125e-08
#epoch  159    val-loss:  0.1718780617964895  train-loss:  0.08404107662499882  lr:  1.9073486328125e-08
#epoch  160    val-loss:  0.17499689522542453  train-loss:  0.08407514433201868  lr:  1.9073486328125e-08
#epoch  161    val-loss:  0.1734975278377533  train-loss:  0.08396787956007756  lr:  1.9073486328125e-08
#epoch  162    val-loss:  0.1732515512328399  train-loss:  0.08400975438416936  lr:  1.9073486328125e-08
#epoch  163    val-loss:  0.17333374917507172  train-loss:  0.08408619483816437  lr:  1.9073486328125e-08
#epoch  164    val-loss:  0.17307741312604202  train-loss:  0.08399698839639314  lr:  1.9073486328125e-08
#epoch  165    val-loss:  0.1717829382733295  train-loss:  0.08408423920627683  lr:  1.9073486328125e-08
#epoch  166    val-loss:  0.17311599301664451  train-loss:  0.08405407299869694  lr:  1.9073486328125e-08
#epoch  167    val-loss:  0.17215780521693982  train-loss:  0.08403914660448208  lr:  1.9073486328125e-08
#epoch  168    val-loss:  0.17625893025021805  train-loss:  0.0840401706227567  lr:  1.9073486328125e-08
#epoch  169    val-loss:  0.17170147440935435  train-loss:  0.08406404475681484  lr:  1.9073486328125e-08
#epoch  170    val-loss:  0.17337450698802345  train-loss:  0.08399513809126802  lr:  1.9073486328125e-08
#epoch  171    val-loss:  0.17418098998697182  train-loss:  0.08404315073858015  lr:  1.9073486328125e-08
#epoch  172    val-loss:  0.17273497973617755  train-loss:  0.08407710480969399  lr:  1.9073486328125e-08
#epoch  173    val-loss:  0.17339791200662913  train-loss:  0.08404069711104967  lr:  1.9073486328125e-08
#epoch  174    val-loss:  0.1730161975873144  train-loss:  0.08401777455583215  lr:  1.9073486328125e-08
#epoch  175    val-loss:  0.1759827678140841  train-loss:  0.08401834691176191  lr:  1.9073486328125e-08
#epoch  176    val-loss:  0.17432856559753418  train-loss:  0.08403155801352113  lr:  1.9073486328125e-08
#epoch  177    val-loss:  0.17261745741492823  train-loss:  0.08403173901024275  lr:  1.9073486328125e-08
#epoch  178    val-loss:  0.17291111303003212  train-loss:  0.08404599098139443  lr:  1.9073486328125e-08
#epoch  179    val-loss:  0.17257851989645706  train-loss:  0.08405885173124261  lr:  1.9073486328125e-08
#epoch  180    val-loss:  0.1734444781353599  train-loss:  0.08401781326392666  lr:  1.9073486328125e-08
#epoch  181    val-loss:  0.17268584668636322  train-loss:  0.08404628964490257  lr:  1.9073486328125e-08
#epoch  182    val-loss:  0.17341543185083488  train-loss:  0.08405813307035714  lr:  1.9073486328125e-08
#epoch  183    val-loss:  0.17367513477802277  train-loss:  0.08404811087530106  lr:  1.9073486328125e-08
#epoch  184    val-loss:  0.17364327138976046  train-loss:  0.08401659387163818  lr:  1.9073486328125e-08
#epoch  185    val-loss:  0.17269981534857498  train-loss:  0.0839566737122368  lr:  1.9073486328125e-08
#epoch  186    val-loss:  0.17189210653305054  train-loss:  0.08409022988053039  lr:  1.9073486328125e-08
#epoch  187    val-loss:  0.17223050249250313  train-loss:  0.08404890520614572  lr:  1.9073486328125e-08
#epoch  188    val-loss:  0.1735690110608151  train-loss:  0.084029195306357  lr:  1.9073486328125e-08
#epoch  189    val-loss:  0.1749179731858404  train-loss:  0.08396424136299174  lr:  1.9073486328125e-08
#epoch  190    val-loss:  0.17301136568972939  train-loss:  0.08407743874704465  lr:  1.9073486328125e-08
#epoch  191    val-loss:  0.17234137889585996  train-loss:  0.08405157685047016  lr:  1.9073486328125e-08
#epoch  192    val-loss:  0.17358867588796115  train-loss:  0.0839781383110676  lr:  1.9073486328125e-08
#epoch  193    val-loss:  0.17578164840999402  train-loss:  0.08399928658036515  lr:  1.9073486328125e-08
#epoch  194    val-loss:  0.17241748069462023  train-loss:  0.08403883664868772  lr:  1.9073486328125e-08
#epoch  195    val-loss:  0.17333089128920906  train-loss:  0.08398374935495667  lr:  1.9073486328125e-08
#epoch  196    val-loss:  0.17450554982612007  train-loss:  0.0840589595027268  lr:  1.9073486328125e-08
#epoch  197    val-loss:  0.1729675884309568  train-loss:  0.08404664942645468  lr:  1.9073486328125e-08
#epoch  198    val-loss:  0.172214380220363  train-loss:  0.08400928188348189  lr:  1.9073486328125e-08
#epoch  199    val-loss:  0.17273630123389394  train-loss:  0.08403704414376989  lr:  1.9073486328125e-08
#epoch  200    val-loss:  0.17230250960902163  train-loss:  0.08403914124937728  lr:  1.9073486328125e-08
#epoch  201    val-loss:  0.17329596767300054  train-loss:  0.08409213431878015  lr:  1.9073486328125e-08
#epoch  202    val-loss:  0.1731799331150557  train-loss:  0.08402194801601581  lr:  1.9073486328125e-08
#epoch  203    val-loss:  0.17213177210406252  train-loss:  0.08400075242388994  lr:  1.9073486328125e-08
#epoch  204    val-loss:  0.17365787609627373  train-loss:  0.08405089602456428  lr:  1.9073486328125e-08
#epoch  205    val-loss:  0.17145659970609764  train-loss:  0.08401367758051492  lr:  1.9073486328125e-08
#epoch  206    val-loss:  0.1809500957790174  train-loss:  0.08397833738126792  lr:  1.9073486328125e-08
#epoch  207    val-loss:  0.17150459320921646  train-loss:  0.08401107270037755  lr:  1.9073486328125e-08
#epoch  208    val-loss:  0.17493250809217753  train-loss:  0.08398977873730473  lr:  1.9073486328125e-08
#epoch  209    val-loss:  0.17283624332202108  train-loss:  0.08402794590801932  lr:  1.9073486328125e-08
#epoch  210    val-loss:  0.17427986624993777  train-loss:  0.08404718432575464  lr:  1.9073486328125e-08
#epoch  211    val-loss:  0.173616540275122  train-loss:  0.0840607097488828  lr:  1.9073486328125e-08
#epoch  212    val-loss:  0.18095208469190097  train-loss:  0.0839992109395098  lr:  1.9073486328125e-08
#epoch  213    val-loss:  0.17415372870470347  train-loss:  0.08401131062419154  lr:  1.9073486328125e-08
#epoch  214    val-loss:  0.17146163002440803  train-loss:  0.08403532693046145  lr:  1.9073486328125e-08
#epoch  215    val-loss:  0.17468982229107305  train-loss:  0.08401271526236087  lr:  1.9073486328125e-08
#epoch  216    val-loss:  0.17620809846802762  train-loss:  0.08398876461433247  lr:  1.9073486328125e-08
#epoch  217    val-loss:  0.17169548806391263  train-loss:  0.08403531287331134  lr:  1.9073486328125e-08
#epoch  218    val-loss:  0.1728253599844481  train-loss:  0.0840451896074228  lr:  1.9073486328125e-08
#epoch  219    val-loss:  0.17468687342969993  train-loss:  0.08404467714717612  lr:  1.9073486328125e-08
#epoch  220    val-loss:  0.17168333734336652  train-loss:  0.08399938163347542  lr:  1.9073486328125e-08
#epoch  221    val-loss:  0.1742901700107675  train-loss:  0.08406971202930436  lr:  1.9073486328125e-08
#epoch  222    val-loss:  0.17204370545713524  train-loss:  0.08396688269567676  lr:  1.9073486328125e-08
#epoch  223    val-loss:  0.17577169051295832  train-loss:  0.0840648076555226  lr:  1.9073486328125e-08
#epoch  224    val-loss:  0.17177742327514448  train-loss:  0.08396821789210662  lr:  1.9073486328125e-08
#epoch  225    val-loss:  0.17372611086619527  train-loss:  0.08407837199047208  lr:  1.9073486328125e-08
#epoch  226    val-loss:  0.17268953590016617  train-loss:  0.0839487814810127  lr:  1.9073486328125e-08
#epoch  227    val-loss:  0.17229442063130831  train-loss:  0.08402704691980034  lr:  1.9073486328125e-08
#epoch  228    val-loss:  0.1757925991949282  train-loss:  0.08405361330369487  lr:  1.9073486328125e-08
#epoch  229    val-loss:  0.1717790827939385  train-loss:  0.08405635540839285  lr:  1.9073486328125e-08
#epoch  230    val-loss:  0.1731193206812206  train-loss:  0.08403728160192259  lr:  1.9073486328125e-08
#epoch  231    val-loss:  0.17175524721020147  train-loss:  0.08403116260888055  lr:  1.9073486328125e-08
#epoch  232    val-loss:  0.1733509615847939  train-loss:  0.08403608197113499  lr:  1.9073486328125e-08
#epoch  233    val-loss:  0.17359833576177297  train-loss:  0.08404196094488725  lr:  1.9073486328125e-08
#epoch  234    val-loss:  0.17263054847717285  train-loss:  0.08399788031238131  lr:  1.9073486328125e-08
#epoch  235    val-loss:  0.17177235844888186  train-loss:  0.08405681917793117  lr:  1.9073486328125e-08
#epoch  236    val-loss:  0.1736258040917547  train-loss:  0.08400451514171436  lr:  1.9073486328125e-08
#epoch  237    val-loss:  0.17209372865526298  train-loss:  0.08408853498985991  lr:  1.9073486328125e-08
#epoch  238    val-loss:  0.17391214637379898  train-loss:  0.08404645076370798  lr:  1.9073486328125e-08
#epoch  239    val-loss:  0.17202649775304293  train-loss:  0.08402980794198811  lr:  1.9073486328125e-08
#epoch  240    val-loss:  0.17147074561370046  train-loss:  0.08404399798018858  lr:  1.9073486328125e-08
#epoch  241    val-loss:  0.1762128582126216  train-loss:  0.0840235612122342  lr:  1.9073486328125e-08
#epoch  242    val-loss:  0.17427361952631096  train-loss:  0.08404250488092657  lr:  1.9073486328125e-08
#epoch  243    val-loss:  0.1728292382077167  train-loss:  0.08405566544388421  lr:  1.9073486328125e-08
#epoch  244    val-loss:  0.1731363134948831  train-loss:  0.08403338727657683  lr:  1.9073486328125e-08
#epoch  245    val-loss:  0.17421110523374458  train-loss:  0.08404127732501365  lr:  1.9073486328125e-08
#epoch  246    val-loss:  0.17307760684113754  train-loss:  0.08406832831678912  lr:  1.9073486328125e-08
#epoch  247    val-loss:  0.17226810047501012  train-loss:  0.08399905779515393  lr:  1.9073486328125e-08
#epoch  248    val-loss:  0.17181517889625147  train-loss:  0.08406436003861018  lr:  1.9073486328125e-08
#epoch  249    val-loss:  0.17344588355014198  train-loss:  0.08406123518943787  lr:  1.9073486328125e-08
#epoch  250    val-loss:  0.1734998986909264  train-loss:  0.08403499799896963  lr:  1.9073486328125e-08
#epoch  251    val-loss:  0.17216099641825022  train-loss:  0.08405912143643945  lr:  1.9073486328125e-08
#epoch  252    val-loss:  0.17578526939216413  train-loss:  0.08401809161296114  lr:  1.9073486328125e-08
#epoch  253    val-loss:  0.1718196617929559  train-loss:  0.0840243924758397  lr:  1.9073486328125e-08
#epoch  254    val-loss:  0.17463152424285286  train-loss:  0.08401477028382942  lr:  1.9073486328125e-08
#epoch  255    val-loss:  0.17260431066939705  train-loss:  0.08403487925534137  lr:  1.9073486328125e-08
#epoch  256    val-loss:  0.17191527627016367  train-loss:  0.08400923866429366  lr:  1.9073486328125e-08
#epoch  257    val-loss:  0.17150211883218666  train-loss:  0.08401475186110474  lr:  1.9073486328125e-08
#epoch  258    val-loss:  0.17680619108049492  train-loss:  0.0839973178517539  lr:  1.9073486328125e-08
#epoch  259    val-loss:  0.17624478120552867  train-loss:  0.08398732062778436  lr:  1.9073486328125e-08
#epoch  260    val-loss:  0.17313604056835175  train-loss:  0.08398951700655743  lr:  1.9073486328125e-08
#epoch  261    val-loss:  0.1739409040463598  train-loss:  0.08403848420130089  lr:  1.9073486328125e-08
#epoch  262    val-loss:  0.172171687609271  train-loss:  0.08411791271646507  lr:  1.9073486328125e-08
#epoch  263    val-loss:  0.17684731122694516  train-loss:  0.08405891474103555  lr:  1.9073486328125e-08
#epoch  264    val-loss:  0.1732751068316008  train-loss:  0.08407392518711276  lr:  1.9073486328125e-08
#epoch  265    val-loss:  0.1737026234990672  train-loss:  0.08403288511908613  lr:  1.9073486328125e-08
#epoch  266    val-loss:  0.1728473650781732  train-loss:  0.08405530062736943  lr:  1.9073486328125e-08
#epoch  267    val-loss:  0.17176505060572372  train-loss:  0.0840044163633138  lr:  1.9073486328125e-08
#epoch  268    val-loss:  0.17295105990610624  train-loss:  0.08403135096887127  lr:  1.9073486328125e-08
#epoch  269    val-loss:  0.1808055474569923  train-loss:  0.08400574172264896  lr:  1.9073486328125e-08
#epoch  270    val-loss:  0.17443667979616867  train-loss:  0.08402264933101833  lr:  1.9073486328125e-08
#epoch  271    val-loss:  0.17148612674913907  train-loss:  0.08402022154768929  lr:  1.9073486328125e-08
#epoch  272    val-loss:  0.17342774648415415  train-loss:  0.08398498964379542  lr:  1.9073486328125e-08
#epoch  273    val-loss:  0.17506786631910423  train-loss:  0.08398259297246113  lr:  1.9073486328125e-08
#epoch  274    val-loss:  0.173363701293343  train-loss:  0.08398475535796024  lr:  1.9073486328125e-08
#epoch  275    val-loss:  0.1717234308782377  train-loss:  0.0840297142858617  lr:  1.9073486328125e-08
#epoch  276    val-loss:  0.17418615441573293  train-loss:  0.08401761730783619  lr:  1.9073486328125e-08
#epoch  277    val-loss:  0.17208562477638847  train-loss:  0.08405328745720908  lr:  1.9073486328125e-08
#epoch  278    val-loss:  0.17405694801556437  train-loss:  0.0840205145359505  lr:  1.9073486328125e-08
#epoch  279    val-loss:  0.17332330502961812  train-loss:  0.08403783410903998  lr:  1.9073486328125e-08
#epoch  280    val-loss:  0.17255574621652303  train-loss:  0.08401812973897904  lr:  1.9073486328125e-08
#epoch  281    val-loss:  0.17227926222901596  train-loss:  0.08400805009296164  lr:  1.9073486328125e-08
#epoch  282    val-loss:  0.18084715698894702  train-loss:  0.08402503715478815  lr:  1.9073486328125e-08
#epoch  283    val-loss:  0.172940310678984  train-loss:  0.08403989710495807  lr:  1.9073486328125e-08
#epoch  284    val-loss:  0.17209217030751078  train-loss:  0.08406240626936778  lr:  1.9073486328125e-08
#epoch  285    val-loss:  0.17210071416277634  train-loss:  0.08401575448806398  lr:  1.9073486328125e-08
#epoch  286    val-loss:  0.17281730316187205  train-loss:  0.08404554284061305  lr:  1.9073486328125e-08
#epoch  287    val-loss:  0.17144555245575152  train-loss:  0.08400225031073205  lr:  1.9073486328125e-08
#epoch  288    val-loss:  0.17202615345779218  train-loss:  0.08402964271954261  lr:  1.9073486328125e-08
#epoch  289    val-loss:  0.17392876352134504  train-loss:  0.08405603688152041  lr:  1.9073486328125e-08
#epoch  290    val-loss:  0.17209725630910774  train-loss:  0.08398657556972466  lr:  1.9073486328125e-08
#epoch  291    val-loss:  0.171757520813691  train-loss:  0.0839983003679663  lr:  1.9073486328125e-08
#epoch  292    val-loss:  0.17197540010276594  train-loss:  0.08399005187675357  lr:  1.9073486328125e-08
#epoch  293    val-loss:  0.17579819575736397  train-loss:  0.08397737541235983  lr:  1.9073486328125e-08
#epoch  294    val-loss:  0.1722820785484816  train-loss:  0.08401944913202897  lr:  1.9073486328125e-08
#epoch  295    val-loss:  0.17580970729652204  train-loss:  0.08395443554036319  lr:  1.9073486328125e-08
#epoch  296    val-loss:  0.1735158499918486  train-loss:  0.08398480372852646  lr:  1.9073486328125e-08
#epoch  297    val-loss:  0.17465151454273023  train-loss:  0.0840109878918156  lr:  1.9073486328125e-08
#epoch  298    val-loss:  0.17318710841630636  train-loss:  0.0840288654435426  lr:  1.9073486328125e-08
#epoch  299    val-loss:  0.17155561713795914  train-loss:  0.08401299561955966  lr:  1.9073486328125e-08
#epoch  300    val-loss:  0.17467439488360756  train-loss:  0.0840336142864544  lr:  1.9073486328125e-08
#epoch  301    val-loss:  0.17301629013136813  train-loss:  0.08403539829305373  lr:  1.9073486328125e-08
#epoch  302    val-loss:  0.17677669540831917  train-loss:  0.08403189410455525  lr:  1.9073486328125e-08
#epoch  303    val-loss:  0.17325984098409353  train-loss:  0.0840122448571492  lr:  1.9073486328125e-08
#epoch  304    val-loss:  0.17226733659443103  train-loss:  0.08401989605044946  lr:  1.9073486328125e-08
#epoch  305    val-loss:  0.17303886460630516  train-loss:  0.0840492706920486  lr:  1.9073486328125e-08
#epoch  306    val-loss:  0.17224215520055672  train-loss:  0.08404454786796123  lr:  1.9073486328125e-08
#epoch  307    val-loss:  0.17281735727661535  train-loss:  0.08400836930377409  lr:  1.9073486328125e-08
#epoch  308    val-loss:  0.1719447507670051  train-loss:  0.08402508398285136  lr:  1.9073486328125e-08
#epoch  309    val-loss:  0.17261058170544474  train-loss:  0.08404173390590586  lr:  1.9073486328125e-08
#epoch  310    val-loss:  0.17176215115346408  train-loss:  0.0840402508911211  lr:  1.9073486328125e-08
#epoch  311    val-loss:  0.18083198133267855  train-loss:  0.08402643830049783  lr:  1.9073486328125e-08
#epoch  312    val-loss:  0.17309734617408953  train-loss:  0.08403834287310019  lr:  1.9073486328125e-08
#epoch  313    val-loss:  0.171771523983855  train-loss:  0.08403987082419917  lr:  1.9073486328125e-08
#epoch  314    val-loss:  0.17355677093330182  train-loss:  0.08404372920631431  lr:  1.9073486328125e-08
#epoch  315    val-loss:  0.17383992750393717  train-loss:  0.08395758495316841  lr:  1.9073486328125e-08
#epoch  316    val-loss:  0.17186775489857323  train-loss:  0.08397049398627132  lr:  1.9073486328125e-08
#epoch  317    val-loss:  0.17477834146273763  train-loss:  0.08396790162078105  lr:  1.9073486328125e-08
#epoch  318    val-loss:  0.17253266039647555  train-loss:  0.08411549459560774  lr:  1.9073486328125e-08
#epoch  319    val-loss:  0.1729721889684075  train-loss:  0.0840184357657563  lr:  1.9073486328125e-08
#epoch  320    val-loss:  0.17316657461618123  train-loss:  0.08403434390493203  lr:  1.9073486328125e-08
#epoch  321    val-loss:  0.17281540757731387  train-loss:  0.08406685368390754  lr:  1.9073486328125e-08
#epoch  322    val-loss:  0.1717682559239237  train-loss:  0.0840068556717597  lr:  1.9073486328125e-08
#epoch  323    val-loss:  0.1721111026249434  train-loss:  0.08403251017443836  lr:  1.9073486328125e-08
#epoch  324    val-loss:  0.1724706598018345  train-loss:  0.0840055181470234  lr:  1.9073486328125e-08
#epoch  325    val-loss:  0.1745888230047728  train-loss:  0.08403417957015336  lr:  1.9073486328125e-08
#epoch  326    val-loss:  0.17301968994893527  train-loss:  0.08402648990158923  lr:  1.9073486328125e-08
#epoch  327    val-loss:  0.17301110844863088  train-loss:  0.08405866913381033  lr:  1.9073486328125e-08
#epoch  328    val-loss:  0.17454144672343605  train-loss:  0.08400215473375283  lr:  1.9073486328125e-08
#epoch  329    val-loss:  0.17236958365691335  train-loss:  0.08402634845697321  lr:  1.9073486328125e-08
#epoch  330    val-loss:  0.17418335613451505  train-loss:  0.08397608590894379  lr:  1.9073486328125e-08
#epoch  331    val-loss:  0.17305174234666323  train-loss:  0.08402224903693423  lr:  1.9073486328125e-08
#epoch  332    val-loss:  0.17286802749884755  train-loss:  0.08402326022041962  lr:  1.9073486328125e-08
#epoch  333    val-loss:  0.17234285018945994  train-loss:  0.08401821128791198  lr:  1.9073486328125e-08
#epoch  334    val-loss:  0.17179452667110845  train-loss:  0.08402779145399109  lr:  1.9073486328125e-08
#epoch  335    val-loss:  0.17203505180383982  train-loss:  0.0839992496476043  lr:  1.9073486328125e-08
#epoch  336    val-loss:  0.17168698106941424  train-loss:  0.08398222646792419  lr:  1.9073486328125e-08
#epoch  337    val-loss:  0.17311728314349525  train-loss:  0.08405273145763204  lr:  1.9073486328125e-08
#epoch  338    val-loss:  0.17286621347854011  train-loss:  0.08402167998428922  lr:  1.9073486328125e-08
#epoch  339    val-loss:  0.17213530132645055  train-loss:  0.08401659192168154  lr:  1.9073486328125e-08
#epoch  340    val-loss:  0.1734891973043743  train-loss:  0.08402715891133994  lr:  1.9073486328125e-08
#epoch  341    val-loss:  0.17353270869506032  train-loss:  0.08406037409440614  lr:  1.9073486328125e-08
#epoch  342    val-loss:  0.17413529910539327  train-loss:  0.0840501259372104  lr:  1.9073486328125e-08
#epoch  343    val-loss:  0.1740169423191171  train-loss:  0.08406752633163705  lr:  1.9073486328125e-08
#epoch  344    val-loss:  0.17160617756216148  train-loss:  0.08401516627054662  lr:  1.9073486328125e-08
#epoch  345    val-loss:  0.1735500858018273  train-loss:  0.08400874710059725  lr:  1.9073486328125e-08
#epoch  346    val-loss:  0.1740229380758185  train-loss:  0.08401343569858  lr:  1.9073486328125e-08
#epoch  347    val-loss:  0.17172346224910334  train-loss:  0.08397626774967648  lr:  1.9073486328125e-08
#epoch  348    val-loss:  0.17497746489549937  train-loss:  0.08397279854398221  lr:  1.9073486328125e-08
#epoch  349    val-loss:  0.17347268368068494  train-loss:  0.08405969844898209  lr:  1.9073486328125e-08
#epoch  350    val-loss:  0.17346330771320745  train-loss:  0.08403048734180629  lr:  1.9073486328125e-08
#epoch  351    val-loss:  0.1729200905875156  train-loss:  0.08401515678269789  lr:  1.9073486328125e-08
#epoch  352    val-loss:  0.17495745263601603  train-loss:  0.08406935533275828  lr:  1.9073486328125e-08
#epoch  353    val-loss:  0.1808432113183172  train-loss:  0.08400326402625069  lr:  1.9073486328125e-08
#epoch  354    val-loss:  0.1732183498771567  train-loss:  0.08401282847626135  lr:  1.9073486328125e-08
#epoch  355    val-loss:  0.17315938755085594  train-loss:  0.08400101691950113  lr:  1.9073486328125e-08
#epoch  356    val-loss:  0.17286963603998484  train-loss:  0.08400354324840009  lr:  1.9073486328125e-08
#epoch  357    val-loss:  0.17158847968829305  train-loss:  0.08403388544684276  lr:  1.9073486328125e-08
#epoch  358    val-loss:  0.1726628667429874  train-loss:  0.0840557652991265  lr:  1.9073486328125e-08
#epoch  359    val-loss:  0.17453376242988988  train-loss:  0.0839582965709269  lr:  1.9073486328125e-08
#epoch  360    val-loss:  0.17221406494316302  train-loss:  0.08402816389570944  lr:  1.9073486328125e-08
#epoch  361    val-loss:  0.1743618445961099  train-loss:  0.08400335631449707  lr:  1.9073486328125e-08
#epoch  362    val-loss:  0.17238436404027438  train-loss:  0.08402506666607223  lr:  1.9073486328125e-08
#epoch  363    val-loss:  0.17169100752002314  train-loss:  0.084020072768908  lr:  1.9073486328125e-08
#epoch  364    val-loss:  0.17147613395201533  train-loss:  0.08399795638979413  lr:  1.9073486328125e-08
#epoch  365    val-loss:  0.17248355087481046  train-loss:  0.08402666414622217  lr:  1.9073486328125e-08
#epoch  366    val-loss:  0.17209904131136441  train-loss:  0.08400137195712887  lr:  1.9073486328125e-08
#epoch  367    val-loss:  0.17181946258795888  train-loss:  0.08403412636835128  lr:  1.9073486328125e-08
#epoch  368    val-loss:  0.1754426305231295  train-loss:  0.08402686766930856  lr:  1.9073486328125e-08
#epoch  369    val-loss:  0.17221951092544355  train-loss:  0.08399550500325859  lr:  1.9073486328125e-08
#epoch  370    val-loss:  0.17181403856528432  train-loss:  0.08401525067165494  lr:  1.9073486328125e-08
#epoch  371    val-loss:  0.17417716509417483  train-loss:  0.08408955982304178  lr:  1.9073486328125e-08
#epoch  372    val-loss:  0.17295481735154203  train-loss:  0.08400900103151798  lr:  1.9073486328125e-08
#epoch  373    val-loss:  0.17264548414631894  train-loss:  0.08401595943723805  lr:  1.9073486328125e-08
#epoch  374    val-loss:  0.17349626280759511  train-loss:  0.08402427480905317  lr:  1.9073486328125e-08
#epoch  375    val-loss:  0.17176771791357742  train-loss:  0.08408024779055268  lr:  1.9073486328125e-08
#epoch  376    val-loss:  0.17281556521591387  train-loss:  0.08406298063346185  lr:  1.9073486328125e-08
#epoch  377    val-loss:  0.17368508640088534  train-loss:  0.08405850609415211  lr:  1.9073486328125e-08
#epoch  378    val-loss:  0.1715694187503112  train-loss:  0.08399995882064104  lr:  1.9073486328125e-08
#epoch  379    val-loss:  0.17306108145337357  train-loss:  0.08405232083168812  lr:  1.9073486328125e-08
#epoch  380    val-loss:  0.17187739987122386  train-loss:  0.08409218330052681  lr:  1.9073486328125e-08
#epoch  381    val-loss:  0.17452506721019745  train-loss:  0.08403594366973266  lr:  1.9073486328125e-08
#epoch  382    val-loss:  0.17675212260923887  train-loss:  0.0840677300147945  lr:  1.9073486328125e-08
#epoch  383    val-loss:  0.17176834376234756  train-loss:  0.08402992432820611  lr:  1.9073486328125e-08
#epoch  384    val-loss:  0.1734533655016046  train-loss:  0.08401439327280968  lr:  1.9073486328125e-08
#epoch  385    val-loss:  0.17297652442204325  train-loss:  0.08403284545056522  lr:  1.9073486328125e-08
#epoch  386    val-loss:  0.17154373071695628  train-loss:  0.08402102958643809  lr:  1.9073486328125e-08
#epoch  387    val-loss:  0.17445400043537743  train-loss:  0.0840356916305609  lr:  1.9073486328125e-08
#epoch  388    val-loss:  0.17616922525983109  train-loss:  0.08404504624195397  lr:  1.9073486328125e-08
#epoch  389    val-loss:  0.1731600886897037  train-loss:  0.08398493492859416  lr:  1.9073486328125e-08
#epoch  390    val-loss:  0.17277315180552633  train-loss:  0.08404599415371194  lr:  1.9073486328125e-08
#epoch  391    val-loss:  0.17574335085718254  train-loss:  0.0840083381626755  lr:  1.9073486328125e-08
#epoch  392    val-loss:  0.17226863221118324  train-loss:  0.08401077194139361  lr:  1.9073486328125e-08
#epoch  393    val-loss:  0.17310823029593417  train-loss:  0.08403119337162934  lr:  1.9073486328125e-08
#epoch  394    val-loss:  0.17303256768929332  train-loss:  0.08402708655921742  lr:  1.9073486328125e-08
#epoch  395    val-loss:  0.1741359327968798  train-loss:  0.08401536452583969  lr:  1.9073486328125e-08
#epoch  396    val-loss:  0.17630842563353086  train-loss:  0.08402660992578603  lr:  1.9073486328125e-08
#epoch  397    val-loss:  0.17337506617370405  train-loss:  0.08400172638357617  lr:  1.9073486328125e-08
#epoch  398    val-loss:  0.1731053551560954  train-loss:  0.08400701986101922  lr:  1.9073486328125e-08
#epoch  399    val-loss:  0.17264555629930997  train-loss:  0.08401216540369205  lr:  1.9073486328125e-08
#epoch  400    val-loss:  0.1739204643588317  train-loss:  0.08404811579384841  lr:  1.9073486328125e-08
#epoch  401    val-loss:  0.17342185268276616  train-loss:  0.08402668713824823  lr:  1.9073486328125e-08
#epoch  402    val-loss:  0.17603233691893125  train-loss:  0.08401152037549764  lr:  1.9073486328125e-08
#epoch  403    val-loss:  0.18087056514463926  train-loss:  0.08400838848319836  lr:  1.9073486328125e-08
#epoch  404    val-loss:  0.17170395741337224  train-loss:  0.0840683777933009  lr:  1.9073486328125e-08
#epoch  405    val-loss:  0.17457640876895503  train-loss:  0.08397571841487661  lr:  1.9073486328125e-08
#epoch  406    val-loss:  0.17176682698099235  train-loss:  0.08406875055516139  lr:  1.9073486328125e-08
#epoch  407    val-loss:  0.1716362316357462  train-loss:  0.08403716361499391  lr:  1.9073486328125e-08
#epoch  408    val-loss:  0.17451803621492887  train-loss:  0.08403634058777243  lr:  1.9073486328125e-08
#epoch  409    val-loss:  0.17577831290270152  train-loss:  0.08403870774782263  lr:  1.9073486328125e-08
#epoch  410    val-loss:  0.17373243836980118  train-loss:  0.08401326855528168  lr:  1.9073486328125e-08
#epoch  411    val-loss:  0.17280759309467517  train-loss:  0.08400119905127212  lr:  1.9073486328125e-08
#epoch  412    val-loss:  0.18084481280100972  train-loss:  0.08402516972273588  lr:  1.9073486328125e-08
#epoch  413    val-loss:  0.17364238908416346  train-loss:  0.08401230776507873  lr:  1.9073486328125e-08
#epoch  414    val-loss:  0.17220745745458102  train-loss:  0.08403259437181987  lr:  1.9073486328125e-08
#epoch  415    val-loss:  0.17487884508936027  train-loss:  0.08402217106777243  lr:  1.9073486328125e-08
#epoch  416    val-loss:  0.17300618949689364  train-loss:  0.0840401828463655  lr:  1.9073486328125e-08
#epoch  417    val-loss:  0.17394458384890304  train-loss:  0.08403169095981866  lr:  1.9073486328125e-08
#epoch  418    val-loss:  0.1715305855399684  train-loss:  0.08402313891565427  lr:  1.9073486328125e-08
#epoch  419    val-loss:  0.17182376274937078  train-loss:  0.08399502266547643  lr:  1.9073486328125e-08
#epoch  420    val-loss:  0.1726895633496736  train-loss:  0.0840901984483935  lr:  1.9073486328125e-08
#epoch  421    val-loss:  0.17234510418615842  train-loss:  0.08401792735094205  lr:  1.9073486328125e-08
#epoch  422    val-loss:  0.17341499344298714  train-loss:  0.08404245486599393  lr:  1.9073486328125e-08
#epoch  423    val-loss:  0.1729290822618886  train-loss:  0.08407239045482129  lr:  1.9073486328125e-08
#epoch  424    val-loss:  0.17174786407696574  train-loss:  0.08396792100393213  lr:  1.9073486328125e-08
#epoch  425    val-loss:  0.1720781718429766  train-loss:  0.08402488846331835  lr:  1.9073486328125e-08
#epoch  426    val-loss:  0.17399331613590843  train-loss:  0.08401321593555622  lr:  1.9073486328125e-08
#epoch  427    val-loss:  0.173237617862852  train-loss:  0.08401757761021145  lr:  1.9073486328125e-08
#epoch  428    val-loss:  0.1730769849137256  train-loss:  0.08398586683324538  lr:  1.9073486328125e-08
#epoch  429    val-loss:  0.17339651208174856  train-loss:  0.08404095840523951  lr:  1.9073486328125e-08
#epoch  430    val-loss:  0.17300532679808767  train-loss:  0.08403411140898243  lr:  1.9073486328125e-08
#epoch  431    val-loss:  0.1721858688090977  train-loss:  0.08398480326286517  lr:  1.9073486328125e-08
#epoch  432    val-loss:  0.17169953568985588  train-loss:  0.08398416842101142  lr:  1.9073486328125e-08
#epoch  433    val-loss:  0.17133723199367523  train-loss:  0.08404374789097346  lr:  1.9073486328125e-08
#epoch  434    val-loss:  0.17461744342979632  train-loss:  0.08403681745403446  lr:  1.9073486328125e-08
#epoch  435    val-loss:  0.17170950848805278  train-loss:  0.08408830949338153  lr:  1.9073486328125e-08
#epoch  436    val-loss:  0.1727884380440963  train-loss:  0.0840145573602058  lr:  1.9073486328125e-08
#epoch  437    val-loss:  0.17573049115507225  train-loss:  0.0840381111484021  lr:  1.9073486328125e-08
#epoch  438    val-loss:  0.1748479447866741  train-loss:  0.08399867310072295  lr:  1.9073486328125e-08
#epoch  439    val-loss:  0.17174120874781357  train-loss:  0.08409462540294044  lr:  1.9073486328125e-08
#epoch  440    val-loss:  0.17131276271845164  train-loss:  0.08401888742810115  lr:  1.9073486328125e-08
#epoch  441    val-loss:  0.17315182246659933  train-loss:  0.08406051970086992  lr:  1.9073486328125e-08
#epoch  442    val-loss:  0.17205804194274701  train-loss:  0.08397362365212757  lr:  1.9073486328125e-08
#epoch  443    val-loss:  0.17217885349926196  train-loss:  0.08402746167848818  lr:  1.9073486328125e-08
#epoch  444    val-loss:  0.17457608643331027  train-loss:  0.08401437336578965  lr:  1.9073486328125e-08
#epoch  445    val-loss:  0.1735614836215973  train-loss:  0.08403585766791366  lr:  1.9073486328125e-08
#epoch  446    val-loss:  0.17340022168661418  train-loss:  0.08408237327239476  lr:  1.9073486328125e-08
#epoch  447    val-loss:  0.17358088101211347  train-loss:  0.08408461970975623  lr:  1.9073486328125e-08
#epoch  448    val-loss:  0.17171674025686165  train-loss:  0.08400870926561765  lr:  1.9073486328125e-08
#epoch  449    val-loss:  0.17283263724101217  train-loss:  0.08402816249872558  lr:  1.9073486328125e-08
#epoch  450    val-loss:  0.17422637421833842  train-loss:  0.08398944744840264  lr:  1.9073486328125e-08
#epoch  451    val-loss:  0.17565077700112997  train-loss:  0.08404941271874122  lr:  1.9073486328125e-08
#epoch  452    val-loss:  0.17678744071408323  train-loss:  0.08410793388611637  lr:  1.9073486328125e-08
#epoch  453    val-loss:  0.17174703667038366  train-loss:  0.08400224024080671  lr:  1.9073486328125e-08
#epoch  454    val-loss:  0.17150323014510305  train-loss:  0.08405911951558664  lr:  1.9073486328125e-08
#epoch  455    val-loss:  0.17603210242171036  train-loss:  0.08398558993940242  lr:  1.9073486328125e-08
#epoch  456    val-loss:  0.17307262514766894  train-loss:  0.08404268676531501  lr:  1.9073486328125e-08
#epoch  457    val-loss:  0.1728763039174833  train-loss:  0.08407293184427544  lr:  1.9073486328125e-08
#epoch  458    val-loss:  0.1724246371733515  train-loss:  0.08401500867330469  lr:  1.9073486328125e-08
#epoch  459    val-loss:  0.17308053139008975  train-loss:  0.0840727282629814  lr:  1.9073486328125e-08
#epoch  460    val-loss:  0.17330815839140037  train-loss:  0.08406126708723605  lr:  1.9073486328125e-08
#epoch  461    val-loss:  0.17503161022537633  train-loss:  0.08404763328144327  lr:  1.9073486328125e-08
#epoch  462    val-loss:  0.17449757927342466  train-loss:  0.08401195137412287  lr:  1.9073486328125e-08
#epoch  463    val-loss:  0.17287005405676992  train-loss:  0.08402067390852608  lr:  1.9073486328125e-08
#epoch  464    val-loss:  0.1759879581238094  train-loss:  0.08405608410248533  lr:  1.9073486328125e-08
#epoch  465    val-loss:  0.17183653696587212  train-loss:  0.08397463071742095  lr:  1.9073486328125e-08
#epoch  466    val-loss:  0.17474916028349022  train-loss:  0.08403225231450051  lr:  1.9073486328125e-08
#epoch  467    val-loss:  0.1731704355854737  train-loss:  0.08404440581216477  lr:  1.9073486328125e-08
#epoch  468    val-loss:  0.1725740699391616  train-loss:  0.08401766148745082  lr:  1.9073486328125e-08
#epoch  469    val-loss:  0.17295089285624654  train-loss:  0.08402775277500041  lr:  1.9073486328125e-08
#epoch  470    val-loss:  0.17676692338366257  train-loss:  0.08404227133723907  lr:  1.9073486328125e-08
#epoch  471    val-loss:  0.17336372639003553  train-loss:  0.08402122429106385  lr:  1.9073486328125e-08
#epoch  472    val-loss:  0.17324110630311465  train-loss:  0.0840418033185415  lr:  1.9073486328125e-08
#epoch  473    val-loss:  0.1733505788602327  train-loss:  0.08402703481260687  lr:  1.9073486328125e-08
#epoch  474    val-loss:  0.18081012446629374  train-loss:  0.0839488253404852  lr:  1.9073486328125e-08
#epoch  475    val-loss:  0.17280788170663933  train-loss:  0.0840212702169083  lr:  1.9073486328125e-08
#epoch  476    val-loss:  0.17209896994264504  train-loss:  0.084003699303139  lr:  1.9073486328125e-08
#epoch  477    val-loss:  0.1741726539636913  train-loss:  0.08407180552603677  lr:  1.9073486328125e-08
#epoch  478    val-loss:  0.17336996370240262  train-loss:  0.08403158682631329  lr:  1.9073486328125e-08
#epoch  479    val-loss:  0.17242783700164996  train-loss:  0.08398324268637225  lr:  1.9073486328125e-08
#epoch  480    val-loss:  0.1718564339374241  train-loss:  0.08404018374858424  lr:  1.9073486328125e-08
#epoch  481    val-loss:  0.17206086139929921  train-loss:  0.08399629415362142  lr:  1.9073486328125e-08
#epoch  482    val-loss:  0.17206875195628718  train-loss:  0.08403683829237707  lr:  1.9073486328125e-08
#epoch  483    val-loss:  0.17254503855579778  train-loss:  0.08400590947712772  lr:  1.9073486328125e-08
#epoch  484    val-loss:  0.17291432226959028  train-loss:  0.08397888016770594  lr:  1.9073486328125e-08
#epoch  485    val-loss:  0.17206187154117383  train-loss:  0.08401907357620075  lr:  1.9073486328125e-08
#epoch  486    val-loss:  0.17211948727306567  train-loss:  0.0840622502437327  lr:  1.9073486328125e-08
#epoch  487    val-loss:  0.1725572778990394  train-loss:  0.08404062644694932  lr:  1.9073486328125e-08
#epoch  488    val-loss:  0.17276241512675033  train-loss:  0.08408795631839894  lr:  1.9073486328125e-08
#epoch  489    val-loss:  0.17456695202149844  train-loss:  0.08400776356575079  lr:  1.9073486328125e-08
#epoch  490    val-loss:  0.17408185334582077  train-loss:  0.08400542076560669  lr:  1.9073486328125e-08
#epoch  491    val-loss:  0.17306139124067207  train-loss:  0.08405778321321122  lr:  1.9073486328125e-08
#epoch  492    val-loss:  0.17361354749453695  train-loss:  0.08400283573428169  lr:  1.9073486328125e-08
#epoch  493    val-loss:  0.1722748444268578  train-loss:  0.08402817958267406  lr:  1.9073486328125e-08
#epoch  494    val-loss:  0.17324458690066086  train-loss:  0.08401321675046347  lr:  1.9073486328125e-08
#epoch  495    val-loss:  0.17454705975557627  train-loss:  0.08398774333181791  lr:  1.9073486328125e-08
#epoch  496    val-loss:  0.1731942178387391  train-loss:  0.08403566791093908  lr:  1.9073486328125e-08
#epoch  497    val-loss:  0.1759756725085409  train-loss:  0.08399288373766467  lr:  1.9073486328125e-08
#epoch  498    val-loss:  0.17616881194867587  train-loss:  0.08404113174765371  lr:  1.9073486328125e-08
#epoch  499    val-loss:  0.17392564761011223  train-loss:  0.08404579397756606  lr:  1.9073486328125e-08
