model d8f9d8e35ffe0574e6ddbbe3b9e40047ea3de19fa2fa3e293d907d84 state_dict has not been found
Model was not found
torch.cuda.is_available():	 True
runargs:	 Namespace(co2=False, depth=181.0, disp=-1, domain='global', epoch=0, latitude=False, linsupres=False, lossfun='MSE', lr=0.01, lsrp_span=12, maxepoch=500, minibatch=4, mode='train', normalization='standard', num_workers=40, parts=[1, 1], persistent_workers=False, prefetch_factor=1, relog=True, rerun=True, sanity=False, sigma=8, temperature=True)
data_address /scratch/zanna/data/cm2.6/coarse_8_beneath_surface.zarr
using device: cuda:0
epochs started
#epoch  0    val-loss:  0.5307033893309141  train-loss:  0.8245389892254025  lr:  0.01
#epoch  1    val-loss:  0.3039499129119672  train-loss:  0.3202937497990206  lr:  0.01
#epoch  2    val-loss:  0.24466945936805323  train-loss:  0.2495804627542384  lr:  0.01
#epoch  3    val-loss:  0.22226014968596006  train-loss:  0.2079903546255082  lr:  0.01
#epoch  4    val-loss:  0.20855288442812467  train-loss:  0.17918600275879726  lr:  0.01
#epoch  5    val-loss:  0.1657029892268934  train-loss:  0.1610426502302289  lr:  0.01
#epoch  6    val-loss:  0.15375266577068128  train-loss:  0.14635569558595307  lr:  0.01
#epoch  7    val-loss:  0.15097573399543762  train-loss:  0.13649144681403413  lr:  0.01
#epoch  8    val-loss:  0.15538584558587326  train-loss:  0.13025508145801723  lr:  0.01
#epoch  9    val-loss:  0.14005114373407865  train-loss:  0.1239812086278107  lr:  0.01
#epoch  10    val-loss:  0.1353035098627994  train-loss:  0.11974089307477698  lr:  0.01
#epoch  11    val-loss:  0.12906465640193537  train-loss:  0.11527303623734042  lr:  0.01
#epoch  12    val-loss:  0.11962847137137463  train-loss:  0.11020905009354465  lr:  0.01
#epoch  13    val-loss:  0.125536090449283  train-loss:  0.1099987747729756  lr:  0.01
#epoch  14    val-loss:  0.13337770731825577  train-loss:  0.10527631302829832  lr:  0.01
#epoch  15    val-loss:  0.11247186911733527  train-loss:  0.10488014077418484  lr:  0.01
#epoch  16    val-loss:  0.11917521294794585  train-loss:  0.10067777149379253  lr:  0.01
#epoch  17    val-loss:  0.12258569660939668  train-loss:  0.10013969900319353  lr:  0.01
#epoch  18    val-loss:  0.11408333872493945  train-loss:  0.09815047774463892  lr:  0.01
#epoch  19    val-loss:  0.10474122786208202  train-loss:  0.08761247247457504  lr:  0.005
#epoch  20    val-loss:  0.10208370850274437  train-loss:  0.08699809166137129  lr:  0.005
#epoch  21    val-loss:  0.0994948917313626  train-loss:  0.08652035618433729  lr:  0.005
#epoch  22    val-loss:  0.10341023653745651  train-loss:  0.08611489675240591  lr:  0.005
#epoch  23    val-loss:  0.09693395581684615  train-loss:  0.08463154634227976  lr:  0.005
#epoch  24    val-loss:  0.10128297970483177  train-loss:  0.08415139128919691  lr:  0.005
#epoch  25    val-loss:  0.0940049659264715  train-loss:  0.08341625277535059  lr:  0.005
#epoch  26    val-loss:  0.10277644113490456  train-loss:  0.08342605081270449  lr:  0.005
#epoch  27    val-loss:  0.10521112696120613  train-loss:  0.08330859823036008  lr:  0.005
#epoch  28    val-loss:  0.09779384536178488  train-loss:  0.08235119169694372  lr:  0.005
#epoch  29    val-loss:  0.08977129584864567  train-loss:  0.07655740340123884  lr:  0.0025
#epoch  30    val-loss:  0.08913976306978025  train-loss:  0.0760497949377168  lr:  0.0025
#epoch  31    val-loss:  0.08802911090223413  train-loss:  0.0761555352655705  lr:  0.0025
#epoch  32    val-loss:  0.09249172359704971  train-loss:  0.07583877499564551  lr:  0.0025
#epoch  33    val-loss:  0.09005097103746314  train-loss:  0.07552510450477712  lr:  0.0025
#epoch  34    val-loss:  0.0905310225329901  train-loss:  0.07488282810663804  lr:  0.0025
#epoch  35    val-loss:  0.0864750076281397  train-loss:  0.07234312975197099  lr:  0.00125
#epoch  36    val-loss:  0.0859958435359754  train-loss:  0.07192520218086429  lr:  0.00125
#epoch  37    val-loss:  0.08548810333013535  train-loss:  0.07178828024188988  lr:  0.00125
#epoch  38    val-loss:  0.08619498422271327  train-loss:  0.07184915410471149  lr:  0.00125
#epoch  39    val-loss:  0.08591816848830174  train-loss:  0.07176976063055918  lr:  0.00125
#epoch  40    val-loss:  0.08514564876493655  train-loss:  0.0714368283515796  lr:  0.00125
#epoch  41    val-loss:  0.08726785763313896  train-loss:  0.07124135448248126  lr:  0.00125
#epoch  42    val-loss:  0.08666529545658513  train-loss:  0.07110123379970901  lr:  0.00125
#epoch  43    val-loss:  0.08480128096906762  train-loss:  0.07068612182047218  lr:  0.00125
#epoch  44    val-loss:  0.0854298546910286  train-loss:  0.07061134342802688  lr:  0.00125
#epoch  45    val-loss:  0.08417330839132008  train-loss:  0.0703865563555155  lr:  0.00125
#epoch  46    val-loss:  0.08384325159223456  train-loss:  0.07041071794810705  lr:  0.00125
#epoch  47    val-loss:  0.08562128755607103  train-loss:  0.06992901556077413  lr:  0.00125
#epoch  48    val-loss:  0.08379454048056352  train-loss:  0.06992719920526724  lr:  0.00125
#epoch  49    val-loss:  0.08371572510192268  train-loss:  0.06960054197406862  lr:  0.00125
#epoch  50    val-loss:  0.08506652085404647  train-loss:  0.06972610906814225  lr:  0.00125
#epoch  51    val-loss:  0.08384306454344799  train-loss:  0.06942593007988762  lr:  0.00125
#epoch  52    val-loss:  0.0849599163783224  train-loss:  0.06930360390106216  lr:  0.00125
#epoch  53    val-loss:  0.08217977497138475  train-loss:  0.0676344875828363  lr:  0.000625
#epoch  54    val-loss:  0.08190096248137324  train-loss:  0.06743222719524056  lr:  0.000625
#epoch  55    val-loss:  0.08160502267511267  train-loss:  0.0674134903238155  lr:  0.000625
#epoch  56    val-loss:  0.08203441179112385  train-loss:  0.06726950088341255  lr:  0.000625
#epoch  57    val-loss:  0.08187924325466156  train-loss:  0.06727003867854364  lr:  0.000625
#epoch  58    val-loss:  0.08184553055386794  train-loss:  0.06720403592044022  lr:  0.000625
#epoch  59    val-loss:  0.08107713335438778  train-loss:  0.06630991031124722  lr:  0.0003125
#epoch  60    val-loss:  0.08157703907866228  train-loss:  0.06627769308397546  lr:  0.0003125
#epoch  61    val-loss:  0.08092506504372547  train-loss:  0.06622769897512626  lr:  0.0003125
#epoch  62    val-loss:  0.08085946895574268  train-loss:  0.06614258995978162  lr:  0.0003125
#epoch  63    val-loss:  0.08077467507437656  train-loss:  0.06615192111348733  lr:  0.0003125
#epoch  64    val-loss:  0.08095635160019524  train-loss:  0.06601248764491174  lr:  0.0003125
#epoch  65    val-loss:  0.08141962007472389  train-loss:  0.06605514950933866  lr:  0.0003125
#epoch  66    val-loss:  0.08059468786967428  train-loss:  0.06594263043371029  lr:  0.0003125
#epoch  67    val-loss:  0.08036824433427107  train-loss:  0.06587619904894382  lr:  0.0003125
#epoch  68    val-loss:  0.08045529221233569  train-loss:  0.0658710137649905  lr:  0.0003125
#epoch  69    val-loss:  0.08104928426052395  train-loss:  0.06587718655646313  lr:  0.0003125
#epoch  70    val-loss:  0.08054049391495555  train-loss:  0.06572632156894542  lr:  0.0003125
#epoch  71    val-loss:  0.08001785019510671  train-loss:  0.06529862046591006  lr:  0.00015625
#epoch  72    val-loss:  0.08024562385521437  train-loss:  0.06524934328626841  lr:  0.00015625
#epoch  73    val-loss:  0.0802753422605364  train-loss:  0.0652628607058432  lr:  0.00015625
#epoch  74    val-loss:  0.08040698500056016  train-loss:  0.06524263946630526  lr:  0.00015625
#epoch  75    val-loss:  0.07982400177340758  train-loss:  0.06493511974986177  lr:  7.8125e-05
#epoch  76    val-loss:  0.08010436006282505  train-loss:  0.0649643018405186  lr:  7.8125e-05
#epoch  77    val-loss:  0.07999679093298159  train-loss:  0.06495894995168783  lr:  7.8125e-05
#epoch  78    val-loss:  0.07955113170962584  train-loss:  0.06491324424860068  lr:  7.8125e-05
#epoch  79    val-loss:  0.08015395661717967  train-loss:  0.06488953265943564  lr:  7.8125e-05
#epoch  80    val-loss:  0.07982106506824493  train-loss:  0.06489093290292658  lr:  7.8125e-05
#epoch  81    val-loss:  0.0804456444947343  train-loss:  0.06488787638954818  lr:  7.8125e-05
#epoch  82    val-loss:  0.0794339952500243  train-loss:  0.06475935317575932  lr:  3.90625e-05
#epoch  83    val-loss:  0.08009686791583111  train-loss:  0.06475384690565988  lr:  3.90625e-05
#epoch  84    val-loss:  0.08004759369712126  train-loss:  0.06473678558540996  lr:  3.90625e-05
#epoch  85    val-loss:  0.07969866261670464  train-loss:  0.06473641702905297  lr:  3.90625e-05
#epoch  86    val-loss:  0.07937353339634444  train-loss:  0.06466870925214607  lr:  1.953125e-05
#epoch  87    val-loss:  0.07969590119625393  train-loss:  0.06466956545773428  lr:  1.953125e-05
#epoch  88    val-loss:  0.07978318043445286  train-loss:  0.06464541953755543  lr:  1.953125e-05
#epoch  89    val-loss:  0.0802184198247759  train-loss:  0.06463382104993798  lr:  1.953125e-05
#epoch  90    val-loss:  0.0796285848084249  train-loss:  0.06459850029204972  lr:  9.765625e-06
#epoch  91    val-loss:  0.07969086930940025  train-loss:  0.06458560850296635  lr:  9.765625e-06
#epoch  92    val-loss:  0.07958568318894035  train-loss:  0.06463042010727804  lr:  9.765625e-06
#epoch  93    val-loss:  0.07974841955461  train-loss:  0.06457164429593831  lr:  4.8828125e-06
#epoch  94    val-loss:  0.07930891333441985  train-loss:  0.06455437919066753  lr:  4.8828125e-06
#epoch  95    val-loss:  0.0796674686042886  train-loss:  0.06459056459425483  lr:  4.8828125e-06
#epoch  96    val-loss:  0.0800632924625748  train-loss:  0.06457629485521466  lr:  4.8828125e-06
#epoch  97    val-loss:  0.0796873244015794  train-loss:  0.06459595677733887  lr:  4.8828125e-06
#epoch  98    val-loss:  0.0798264910515986  train-loss:  0.06458124236087315  lr:  2.44140625e-06
#epoch  99    val-loss:  0.07989004528836201  train-loss:  0.06456233847711701  lr:  2.44140625e-06
#epoch  100    val-loss:  0.07970730999582692  train-loss:  0.06452680613438133  lr:  2.44140625e-06
#epoch  101    val-loss:  0.0797060257510135  train-loss:  0.06455304850533139  lr:  1.220703125e-06
#epoch  102    val-loss:  0.07974681807191748  train-loss:  0.06456470965349581  lr:  1.220703125e-06
#epoch  103    val-loss:  0.08019479011234484  train-loss:  0.0645258070435375  lr:  1.220703125e-06
#epoch  104    val-loss:  0.07961089987503855  train-loss:  0.0645306240330683  lr:  6.103515625e-07
#epoch  105    val-loss:  0.07965238078644402  train-loss:  0.064540210107225  lr:  6.103515625e-07
#epoch  106    val-loss:  0.07978893032199458  train-loss:  0.06457157140539493  lr:  6.103515625e-07
#epoch  107    val-loss:  0.07955626868887951  train-loss:  0.06458648521220312  lr:  3.0517578125e-07
#epoch  108    val-loss:  0.07971894035213872  train-loss:  0.06455070919764694  lr:  3.0517578125e-07
#epoch  109    val-loss:  0.07968735145895105  train-loss:  0.06458318642398808  lr:  3.0517578125e-07
#epoch  110    val-loss:  0.07973555671541314  train-loss:  0.06456007075030357  lr:  1.52587890625e-07
#epoch  111    val-loss:  0.07973269059469826  train-loss:  0.06453101173974574  lr:  1.52587890625e-07
#epoch  112    val-loss:  0.07971356299362685  train-loss:  0.06454282853519544  lr:  1.52587890625e-07
#epoch  113    val-loss:  0.07967892642083921  train-loss:  0.06454292163834907  lr:  7.62939453125e-08
#epoch  114    val-loss:  0.07972458161805805  train-loss:  0.06454443922848441  lr:  7.62939453125e-08
#epoch  115    val-loss:  0.07981834011642557  train-loss:  0.06454218702856451  lr:  7.62939453125e-08
#epoch  116    val-loss:  0.0800181784127888  train-loss:  0.06455948190705385  lr:  3.814697265625e-08
#epoch  117    val-loss:  0.0798497780373222  train-loss:  0.06454746676899958  lr:  3.814697265625e-08
#epoch  118    val-loss:  0.07963847055246956  train-loss:  0.0645628170168493  lr:  3.814697265625e-08
#epoch  119    val-loss:  0.07932011234132867  train-loss:  0.06454383417440113  lr:  1.9073486328125e-08
#epoch  120    val-loss:  0.08011993373695173  train-loss:  0.06451994377130177  lr:  1.9073486328125e-08
#epoch  121    val-loss:  0.07986763511833392  train-loss:  0.06452578844618984  lr:  1.9073486328125e-08
#epoch  122    val-loss:  0.07961844025473845  train-loss:  0.06456457148306072  lr:  1.9073486328125e-08
#epoch  123    val-loss:  0.07966794504931099  train-loss:  0.06454563993611373  lr:  1.9073486328125e-08
#epoch  124    val-loss:  0.0796729271349154  train-loss:  0.06451806740369648  lr:  1.9073486328125e-08
#epoch  125    val-loss:  0.07984950197370429  train-loss:  0.06458223566005472  lr:  1.9073486328125e-08
#epoch  126    val-loss:  0.07939666705696206  train-loss:  0.0645355781307444  lr:  1.9073486328125e-08
#epoch  127    val-loss:  0.0799549527858433  train-loss:  0.06455056853883434  lr:  1.9073486328125e-08
#epoch  128    val-loss:  0.07961586509880267  train-loss:  0.06451570519129746  lr:  1.9073486328125e-08
#epoch  129    val-loss:  0.07994167428267629  train-loss:  0.06452631628781091  lr:  1.9073486328125e-08
#epoch  130    val-loss:  0.08009020905745656  train-loss:  0.06451677819131874  lr:  1.9073486328125e-08
#epoch  131    val-loss:  0.07979992737895564  train-loss:  0.06451666355133057  lr:  1.9073486328125e-08
#epoch  132    val-loss:  0.07963670907836211  train-loss:  0.06454162506270222  lr:  1.9073486328125e-08
#epoch  133    val-loss:  0.0798273415941941  train-loss:  0.06451271432160866  lr:  1.9073486328125e-08
#epoch  134    val-loss:  0.0798069920979048  train-loss:  0.0645571208151523  lr:  1.9073486328125e-08
#epoch  135    val-loss:  0.07966775603984531  train-loss:  0.06456501779030077  lr:  1.9073486328125e-08
#epoch  136    val-loss:  0.07980708150487197  train-loss:  0.06453969272843096  lr:  1.9073486328125e-08
#epoch  137    val-loss:  0.07967706063860341  train-loss:  0.06454256294819061  lr:  1.9073486328125e-08
#epoch  138    val-loss:  0.07970707628287767  train-loss:  0.06454151331854519  lr:  1.9073486328125e-08
#epoch  139    val-loss:  0.07950622862891148  train-loss:  0.06452265044208616  lr:  1.9073486328125e-08
#epoch  140    val-loss:  0.07984705465404611  train-loss:  0.06451265478972346  lr:  1.9073486328125e-08
#epoch  141    val-loss:  0.08002658698119615  train-loss:  0.06452731830358971  lr:  1.9073486328125e-08
#epoch  142    val-loss:  0.07983632621012236  train-loss:  0.06450903449149337  lr:  1.9073486328125e-08
#epoch  143    val-loss:  0.07978985380185277  train-loss:  0.06452948253718205  lr:  1.9073486328125e-08
#epoch  144    val-loss:  0.08002257739242755  train-loss:  0.06454275324358605  lr:  1.9073486328125e-08
#epoch  145    val-loss:  0.07998753574333693  train-loss:  0.06453829621023033  lr:  1.9073486328125e-08
#epoch  146    val-loss:  0.07964873588398884  train-loss:  0.06454486538132187  lr:  1.9073486328125e-08
#epoch  147    val-loss:  0.07981416190925397  train-loss:  0.06454893399495631  lr:  1.9073486328125e-08
#epoch  148    val-loss:  0.07968761026859283  train-loss:  0.06455322075635195  lr:  1.9073486328125e-08
#epoch  149    val-loss:  0.0797791661400544  train-loss:  0.06456330366199836  lr:  1.9073486328125e-08
#epoch  150    val-loss:  0.08018365972920467  train-loss:  0.06454579882847611  lr:  1.9073486328125e-08
#epoch  151    val-loss:  0.07985932027038775  train-loss:  0.06453820818569511  lr:  1.9073486328125e-08
#epoch  152    val-loss:  0.07963285752032932  train-loss:  0.06455659373023082  lr:  1.9073486328125e-08
#epoch  153    val-loss:  0.07982918149546574  train-loss:  0.06456500671629328  lr:  1.9073486328125e-08
#epoch  154    val-loss:  0.07979069414891694  train-loss:  0.06453943354426883  lr:  1.9073486328125e-08
#epoch  155    val-loss:  0.07969292096401516  train-loss:  0.06452335377980489  lr:  1.9073486328125e-08
#epoch  156    val-loss:  0.07959676102588051  train-loss:  0.0645579184347298  lr:  1.9073486328125e-08
#epoch  157    val-loss:  0.07960934937000275  train-loss:  0.06453945788962301  lr:  1.9073486328125e-08
#epoch  158    val-loss:  0.07991423928423931  train-loss:  0.06452713620092254  lr:  1.9073486328125e-08
#epoch  159    val-loss:  0.07969118968436592  train-loss:  0.06453774010878988  lr:  1.9073486328125e-08
#epoch  160    val-loss:  0.0796008549238506  train-loss:  0.06451736648159567  lr:  1.9073486328125e-08
#epoch  161    val-loss:  0.07986057471287877  train-loss:  0.06455238413764164  lr:  1.9073486328125e-08
#epoch  162    val-loss:  0.07998320225038026  train-loss:  0.0645655987173086  lr:  1.9073486328125e-08
#epoch  163    val-loss:  0.08004508638068249  train-loss:  0.06454602374287788  lr:  1.9073486328125e-08
#epoch  164    val-loss:  0.07973327095571317  train-loss:  0.06452460934815463  lr:  1.9073486328125e-08
#epoch  165    val-loss:  0.0797799319813126  train-loss:  0.06452924327459186  lr:  1.9073486328125e-08
#epoch  166    val-loss:  0.07977471853557386  train-loss:  0.06453824129130226  lr:  1.9073486328125e-08
#epoch  167    val-loss:  0.07935218316944022  train-loss:  0.06455156441370491  lr:  1.9073486328125e-08
#epoch  168    val-loss:  0.07961962881841157  train-loss:  0.06453901682107244  lr:  1.9073486328125e-08
#epoch  169    val-loss:  0.07974278926849365  train-loss:  0.06451314622245263  lr:  1.9073486328125e-08
#epoch  170    val-loss:  0.07977963121313798  train-loss:  0.06457722856430337  lr:  1.9073486328125e-08
#epoch  171    val-loss:  0.07988107949495316  train-loss:  0.06452995011932217  lr:  1.9073486328125e-08
#epoch  172    val-loss:  0.07966006704066929  train-loss:  0.06455794848443475  lr:  1.9073486328125e-08
#epoch  173    val-loss:  0.07965992116614391  train-loss:  0.06453348969807848  lr:  1.9073486328125e-08
#epoch  174    val-loss:  0.07999911080849798  train-loss:  0.06454883306287229  lr:  1.9073486328125e-08
#epoch  175    val-loss:  0.07967515211356313  train-loss:  0.06453894462902099  lr:  1.9073486328125e-08
#epoch  176    val-loss:  0.07975756886758302  train-loss:  0.06455930038646329  lr:  1.9073486328125e-08
#epoch  177    val-loss:  0.07975120450320997  train-loss:  0.0645174038654659  lr:  1.9073486328125e-08
#epoch  178    val-loss:  0.07969182768934652  train-loss:  0.06453423830680549  lr:  1.9073486328125e-08
#epoch  179    val-loss:  0.07936942851857136  train-loss:  0.06453366542700678  lr:  1.9073486328125e-08
#epoch  180    val-loss:  0.07966452366427372  train-loss:  0.06452962452021893  lr:  1.9073486328125e-08
#epoch  181    val-loss:  0.08011504576394432  train-loss:  0.06456603824335616  lr:  1.9073486328125e-08
#epoch  182    val-loss:  0.0796530713376246  train-loss:  0.06456191248435061  lr:  1.9073486328125e-08
#epoch  183    val-loss:  0.07968634955192867  train-loss:  0.06456740060821176  lr:  1.9073486328125e-08
#epoch  184    val-loss:  0.0796791346449601  train-loss:  0.06452204080414958  lr:  1.9073486328125e-08
#epoch  185    val-loss:  0.07964285267026801  train-loss:  0.06452395950327627  lr:  1.9073486328125e-08
#epoch  186    val-loss:  0.07970960006902092  train-loss:  0.0645236769632902  lr:  1.9073486328125e-08
#epoch  187    val-loss:  0.07962106991755336  train-loss:  0.06451387112610973  lr:  1.9073486328125e-08
#epoch  188    val-loss:  0.07966244416801553  train-loss:  0.06455961508618202  lr:  1.9073486328125e-08
#epoch  189    val-loss:  0.0796437498770262  train-loss:  0.06454693457635585  lr:  1.9073486328125e-08
#epoch  190    val-loss:  0.07975929583373823  train-loss:  0.06453253705694806  lr:  1.9073486328125e-08
#epoch  191    val-loss:  0.07958950180756419  train-loss:  0.06454554737138096  lr:  1.9073486328125e-08
#epoch  192    val-loss:  0.07969783913148076  train-loss:  0.06452305296261329  lr:  1.9073486328125e-08
#epoch  193    val-loss:  0.07970959222630451  train-loss:  0.06454688146186527  lr:  1.9073486328125e-08
#epoch  194    val-loss:  0.07933325202841508  train-loss:  0.0645433676399989  lr:  1.9073486328125e-08
#epoch  195    val-loss:  0.07968450063153316  train-loss:  0.06454858435608912  lr:  1.9073486328125e-08
#epoch  196    val-loss:  0.07983067474867168  train-loss:  0.06454766895330977  lr:  1.9073486328125e-08
#epoch  197    val-loss:  0.07935714055048793  train-loss:  0.06452042699675076  lr:  1.9073486328125e-08
#epoch  198    val-loss:  0.07935617315141778  train-loss:  0.06455809119506739  lr:  1.9073486328125e-08
#epoch  199    val-loss:  0.0796614093215842  train-loss:  0.06452500456362031  lr:  1.9073486328125e-08
#epoch  200    val-loss:  0.07962260395288467  train-loss:  0.06456792214885354  lr:  1.9073486328125e-08
#epoch  201    val-loss:  0.07989312982872913  train-loss:  0.06455204449594021  lr:  1.9073486328125e-08
#epoch  202    val-loss:  0.07932735038431067  train-loss:  0.06451929896138608  lr:  1.9073486328125e-08
#epoch  203    val-loss:  0.07985009998083115  train-loss:  0.064511606367887  lr:  1.9073486328125e-08
#epoch  204    val-loss:  0.0796983708676539  train-loss:  0.06453440776385833  lr:  1.9073486328125e-08
#epoch  205    val-loss:  0.08002707126893495  train-loss:  0.06452228387934156  lr:  1.9073486328125e-08
#epoch  206    val-loss:  0.08021116139073121  train-loss:  0.06452526374778245  lr:  1.9073486328125e-08
#epoch  207    val-loss:  0.0797408285893892  train-loss:  0.06458398736140225  lr:  1.9073486328125e-08
#epoch  208    val-loss:  0.07970912323186272  train-loss:  0.06455182198260445  lr:  1.9073486328125e-08
#epoch  209    val-loss:  0.08018853397745836  train-loss:  0.06452338569215499  lr:  1.9073486328125e-08
#epoch  210    val-loss:  0.07996251590942081  train-loss:  0.06451885236310773  lr:  1.9073486328125e-08
#epoch  211    val-loss:  0.07967322907949749  train-loss:  0.06452952414110769  lr:  1.9073486328125e-08
#epoch  212    val-loss:  0.08019739703128212  train-loss:  0.06455028288473841  lr:  1.9073486328125e-08
#epoch  213    val-loss:  0.07981340155789726  train-loss:  0.06453515123575926  lr:  1.9073486328125e-08
#epoch  214    val-loss:  0.08002901234124836  train-loss:  0.06454504096473102  lr:  1.9073486328125e-08
#epoch  215    val-loss:  0.07985405663126394  train-loss:  0.064540385370492  lr:  1.9073486328125e-08
#epoch  216    val-loss:  0.07967253931258854  train-loss:  0.06456219754181802  lr:  1.9073486328125e-08
#epoch  217    val-loss:  0.07976921451719184  train-loss:  0.06455197144532576  lr:  1.9073486328125e-08
#epoch  218    val-loss:  0.08019829580658361  train-loss:  0.0645342790230643  lr:  1.9073486328125e-08
#epoch  219    val-loss:  0.07981470266455098  train-loss:  0.06455139092577156  lr:  1.9073486328125e-08
#epoch  220    val-loss:  0.07971644205482382  train-loss:  0.06454320237389766  lr:  1.9073486328125e-08
#epoch  221    val-loss:  0.07972833043650578  train-loss:  0.06456230109324679  lr:  1.9073486328125e-08
#epoch  222    val-loss:  0.07971311791947014  train-loss:  0.0645404256938491  lr:  1.9073486328125e-08
#epoch  223    val-loss:  0.0797108047102627  train-loss:  0.06455080889281817  lr:  1.9073486328125e-08
#epoch  224    val-loss:  0.07972133159637451  train-loss:  0.064548922891845  lr:  1.9073486328125e-08
#epoch  225    val-loss:  0.07966871834114979  train-loss:  0.06451716832816601  lr:  1.9073486328125e-08
#epoch  226    val-loss:  0.07973676959150716  train-loss:  0.06456316749972757  lr:  1.9073486328125e-08
#epoch  227    val-loss:  0.07961641487322356  train-loss:  0.06455279527290259  lr:  1.9073486328125e-08
#epoch  228    val-loss:  0.07946755815493434  train-loss:  0.06455689403810538  lr:  1.9073486328125e-08
#epoch  229    val-loss:  0.07974350609277424  train-loss:  0.06451824418036267  lr:  1.9073486328125e-08
#epoch  230    val-loss:  0.08007725602702091  train-loss:  0.06460017748759128  lr:  1.9073486328125e-08
#epoch  231    val-loss:  0.08019441562263589  train-loss:  0.06455228473350871  lr:  1.9073486328125e-08
#epoch  232    val-loss:  0.07980611292939437  train-loss:  0.0645299074385548  lr:  1.9073486328125e-08
#epoch  233    val-loss:  0.07967539876699448  train-loss:  0.06450488668633625  lr:  1.9073486328125e-08
#epoch  234    val-loss:  0.0796962894107166  train-loss:  0.0645541426492855  lr:  1.9073486328125e-08
#epoch  235    val-loss:  0.07975855273635764  train-loss:  0.06454010840388946  lr:  1.9073486328125e-08
#epoch  236    val-loss:  0.07984104556472678  train-loss:  0.0645613544184016  lr:  1.9073486328125e-08
#epoch  237    val-loss:  0.07985509500691765  train-loss:  0.06455365483998321  lr:  1.9073486328125e-08
#epoch  238    val-loss:  0.07963484996243526  train-loss:  0.06453648852766491  lr:  1.9073486328125e-08
#epoch  239    val-loss:  0.07994466980821208  train-loss:  0.06457240089366678  lr:  1.9073486328125e-08
#epoch  240    val-loss:  0.08007326133941349  train-loss:  0.06453654455253854  lr:  1.9073486328125e-08
#epoch  241    val-loss:  0.07960461668278042  train-loss:  0.06456156766216736  lr:  1.9073486328125e-08
#epoch  242    val-loss:  0.07998080512410716  train-loss:  0.0645642686431529  lr:  1.9073486328125e-08
#epoch  243    val-loss:  0.07969360210393604  train-loss:  0.0645538108801702  lr:  1.9073486328125e-08
#epoch  244    val-loss:  0.07949736635935933  train-loss:  0.06455551805265713  lr:  1.9073486328125e-08
#epoch  245    val-loss:  0.07978403411413494  train-loss:  0.0645402026566444  lr:  1.9073486328125e-08
#epoch  246    val-loss:  0.08005196679579585  train-loss:  0.06455692005692981  lr:  1.9073486328125e-08
#epoch  247    val-loss:  0.07958991355017613  train-loss:  0.06453879555920139  lr:  1.9073486328125e-08
#epoch  248    val-loss:  0.07970648964768962  train-loss:  0.06452113333216403  lr:  1.9073486328125e-08
#epoch  249    val-loss:  0.07950827793071144  train-loss:  0.06451841074158438  lr:  1.9073486328125e-08
#epoch  250    val-loss:  0.07958787365963585  train-loss:  0.06455255440960173  lr:  1.9073486328125e-08
#epoch  251    val-loss:  0.07978615478465431  train-loss:  0.06455839153204579  lr:  1.9073486328125e-08
#epoch  252    val-loss:  0.07968670600338985  train-loss:  0.06454230078088585  lr:  1.9073486328125e-08
#epoch  253    val-loss:  0.08019075307406877  train-loss:  0.06452091230312362  lr:  1.9073486328125e-08
#epoch  254    val-loss:  0.07965538376256039  train-loss:  0.06452745095884893  lr:  1.9073486328125e-08
#epoch  255    val-loss:  0.08005303262095702  train-loss:  0.06451148813357577  lr:  1.9073486328125e-08
#epoch  256    val-loss:  0.07973625981494  train-loss:  0.0645286309736548  lr:  1.9073486328125e-08
#epoch  257    val-loss:  0.08003649468484678  train-loss:  0.06454965251032263  lr:  1.9073486328125e-08
#epoch  258    val-loss:  0.07989258672061719  train-loss:  0.06452978402376175  lr:  1.9073486328125e-08
#epoch  259    val-loss:  0.0795973390340805  train-loss:  0.06455213742447086  lr:  1.9073486328125e-08
#epoch  260    val-loss:  0.0793121013986437  train-loss:  0.06451088403991889  lr:  1.9073486328125e-08
#epoch  261    val-loss:  0.07966036780884392  train-loss:  0.06454746416420676  lr:  1.9073486328125e-08
#epoch  262    val-loss:  0.07994582778529118  train-loss:  0.06452455995895434  lr:  1.9073486328125e-08
#epoch  263    val-loss:  0.07986176876645339  train-loss:  0.06452089190133847  lr:  1.9073486328125e-08
#epoch  264    val-loss:  0.07952516565197393  train-loss:  0.06455331858887803  lr:  1.9073486328125e-08
#epoch  265    val-loss:  0.07966450209680356  train-loss:  0.0645758742466569  lr:  1.9073486328125e-08
#epoch  266    val-loss:  0.07974176383332203  train-loss:  0.06454427946300711  lr:  1.9073486328125e-08
#epoch  267    val-loss:  0.0801473385409305  train-loss:  0.06458883658342529  lr:  1.9073486328125e-08
#epoch  268    val-loss:  0.07976655309137545  train-loss:  0.06454431923339143  lr:  1.9073486328125e-08
#epoch  269    val-loss:  0.0802046327214492  train-loss:  0.06457331210549455  lr:  1.9073486328125e-08
#epoch  270    val-loss:  0.0797560873784517  train-loss:  0.06453290324134286  lr:  1.9073486328125e-08
#epoch  271    val-loss:  0.08003659703229603  train-loss:  0.06455625673697796  lr:  1.9073486328125e-08
#epoch  272    val-loss:  0.07967146525257512  train-loss:  0.06455020903376862  lr:  1.9073486328125e-08
#epoch  273    val-loss:  0.07969122419231817  train-loss:  0.06455758067022543  lr:  1.9073486328125e-08
#epoch  274    val-loss:  0.07967570777002134  train-loss:  0.06452934729168192  lr:  1.9073486328125e-08
#epoch  275    val-loss:  0.07974195911696083  train-loss:  0.06453488835541066  lr:  1.9073486328125e-08
#epoch  276    val-loss:  0.0798674508144981  train-loss:  0.06457645181217231  lr:  1.9073486328125e-08
#epoch  277    val-loss:  0.07994274677414644  train-loss:  0.06451164413010702  lr:  1.9073486328125e-08
#epoch  278    val-loss:  0.07978165032047975  train-loss:  0.06456282589351758  lr:  1.9073486328125e-08
#epoch  279    val-loss:  0.07954362387719907  train-loss:  0.0645160248677712  lr:  1.9073486328125e-08
#epoch  280    val-loss:  0.0793905277785502  train-loss:  0.06449633826559875  lr:  1.9073486328125e-08
#epoch  281    val-loss:  0.07961454124827134  train-loss:  0.06451720137556549  lr:  1.9073486328125e-08
#epoch  282    val-loss:  0.08021417652305804  train-loss:  0.06453162514662836  lr:  1.9073486328125e-08
#epoch  283    val-loss:  0.07931462557692277  train-loss:  0.0645370617712615  lr:  1.9073486328125e-08
#epoch  284    val-loss:  0.07932641631678532  train-loss:  0.064536599747953  lr:  1.9073486328125e-08
#epoch  285    val-loss:  0.07987368773472936  train-loss:  0.06452204535889905  lr:  1.9073486328125e-08
#epoch  286    val-loss:  0.07975963150200091  train-loss:  0.06456279469421133  lr:  1.9073486328125e-08
#epoch  287    val-loss:  0.08007069755541651  train-loss:  0.06453964709362481  lr:  1.9073486328125e-08
#epoch  288    val-loss:  0.0799967254462995  train-loss:  0.06449587320093997  lr:  1.9073486328125e-08
#epoch  289    val-loss:  0.0796353573861875  train-loss:  0.06456832474214025  lr:  1.9073486328125e-08
#epoch  290    val-loss:  0.07993605340781965  train-loss:  0.06455373535573017  lr:  1.9073486328125e-08
#epoch  291    val-loss:  0.0797646582910889  train-loss:  0.06454472450423054  lr:  1.9073486328125e-08
#epoch  292    val-loss:  0.08016568932094072  train-loss:  0.06454220342857298  lr:  1.9073486328125e-08
#epoch  293    val-loss:  0.07971157133579254  train-loss:  0.06454993662191555  lr:  1.9073486328125e-08
#epoch  294    val-loss:  0.07959790096471184  train-loss:  0.06453372196119744  lr:  1.9073486328125e-08
#epoch  295    val-loss:  0.07970299650179713  train-loss:  0.06456879471079446  lr:  1.9073486328125e-08
#epoch  296    val-loss:  0.07965477359922309  train-loss:  0.06455457642732654  lr:  1.9073486328125e-08
#epoch  297    val-loss:  0.07983278326298061  train-loss:  0.06452368342434056  lr:  1.9073486328125e-08
#epoch  298    val-loss:  0.0798026201756377  train-loss:  0.06457443989347667  lr:  1.9073486328125e-08
#epoch  299    val-loss:  0.08009633735606544  train-loss:  0.06455064327747095  lr:  1.9073486328125e-08
#epoch  300    val-loss:  0.07959768411360289  train-loss:  0.0645531531481538  lr:  1.9073486328125e-08
#epoch  301    val-loss:  0.0801041471330743  train-loss:  0.06453728752967436  lr:  1.9073486328125e-08
#epoch  302    val-loss:  0.07986374081749666  train-loss:  0.06453582934045698  lr:  1.9073486328125e-08
#epoch  303    val-loss:  0.07947497344330738  train-loss:  0.06450890541600529  lr:  1.9073486328125e-08
#epoch  304    val-loss:  0.07985450797959377  train-loss:  0.06454954386572354  lr:  1.9073486328125e-08
#epoch  305    val-loss:  0.08004655963496159  train-loss:  0.06458437176479492  lr:  1.9073486328125e-08
#epoch  306    val-loss:  0.07962874205488908  train-loss:  0.06456291805079672  lr:  1.9073486328125e-08
#epoch  307    val-loss:  0.07969955590210463  train-loss:  0.06452985737996642  lr:  1.9073486328125e-08
#epoch  308    val-loss:  0.07969106420090324  train-loss:  0.06454212860262487  lr:  1.9073486328125e-08
#epoch  309    val-loss:  0.08010036772803257  train-loss:  0.06451956470846198  lr:  1.9073486328125e-08
#epoch  310    val-loss:  0.08016990399674366  train-loss:  0.06456712367071304  lr:  1.9073486328125e-08
#epoch  311    val-loss:  0.08025225330340235  train-loss:  0.06450743961613625  lr:  1.9073486328125e-08
#epoch  312    val-loss:  0.07977268962483657  train-loss:  0.06454024689446669  lr:  1.9073486328125e-08
#epoch  313    val-loss:  0.07973099735222365  train-loss:  0.06449469107610639  lr:  1.9073486328125e-08
#epoch  314    val-loss:  0.07966578830229609  train-loss:  0.06457690462411847  lr:  1.9073486328125e-08
#epoch  315    val-loss:  0.07968569743005853  train-loss:  0.06453054881421849  lr:  1.9073486328125e-08
#epoch  316    val-loss:  0.08016203775217659  train-loss:  0.06455236376496032  lr:  1.9073486328125e-08
#epoch  317    val-loss:  0.07962603984694731  train-loss:  0.06453931609576102  lr:  1.9073486328125e-08
#epoch  318    val-loss:  0.07938571509562041  train-loss:  0.06451147685584147  lr:  1.9073486328125e-08
#epoch  319    val-loss:  0.07984426852903868  train-loss:  0.06454186848714016  lr:  1.9073486328125e-08
#epoch  320    val-loss:  0.07984805146330282  train-loss:  0.06456192488258239  lr:  1.9073486328125e-08
#epoch  321    val-loss:  0.0797825467429663  train-loss:  0.06452337450173218  lr:  1.9073486328125e-08
#epoch  322    val-loss:  0.07975872449184719  train-loss:  0.06453408801462501  lr:  1.9073486328125e-08
#epoch  323    val-loss:  0.0796609305237469  train-loss:  0.06452867577900179  lr:  1.9073486328125e-08
#epoch  324    val-loss:  0.0797019244024628  train-loss:  0.06454515219957102  lr:  1.9073486328125e-08
#epoch  325    val-loss:  0.07980766108161524  train-loss:  0.06452482545864768  lr:  1.9073486328125e-08
#epoch  326    val-loss:  0.08006441828451659  train-loss:  0.06452665849064942  lr:  1.9073486328125e-08
#epoch  327    val-loss:  0.0800347288972453  train-loss:  0.06452751344477292  lr:  1.9073486328125e-08
#epoch  328    val-loss:  0.07982580089255382  train-loss:  0.06455178488977253  lr:  1.9073486328125e-08
#epoch  329    val-loss:  0.07934020930214931  train-loss:  0.06456132530001923  lr:  1.9073486328125e-08
#epoch  330    val-loss:  0.07987554371356964  train-loss:  0.06453132603201084  lr:  1.9073486328125e-08
#epoch  331    val-loss:  0.08008841385966853  train-loss:  0.06455928180366755  lr:  1.9073486328125e-08
#epoch  332    val-loss:  0.08017961014258235  train-loss:  0.06455826161254663  lr:  1.9073486328125e-08
#epoch  333    val-loss:  0.0795450959550707  train-loss:  0.06453298284031916  lr:  1.9073486328125e-08
#epoch  334    val-loss:  0.07973847459805639  train-loss:  0.06454133705119602  lr:  1.9073486328125e-08
#epoch  335    val-loss:  0.07966100855877525  train-loss:  0.0645181293511996  lr:  1.9073486328125e-08
#epoch  336    val-loss:  0.07969909749533001  train-loss:  0.06453890680859331  lr:  1.9073486328125e-08
#epoch  337    val-loss:  0.08011202278890107  train-loss:  0.06455362672568299  lr:  1.9073486328125e-08
#epoch  338    val-loss:  0.07974432448023244  train-loss:  0.06454708268574905  lr:  1.9073486328125e-08
#epoch  339    val-loss:  0.07985859874047731  train-loss:  0.06451576900144573  lr:  1.9073486328125e-08
#epoch  340    val-loss:  0.07965386227557533  train-loss:  0.06452809665643144  lr:  1.9073486328125e-08
#epoch  341    val-loss:  0.08010429575255043  train-loss:  0.06453436575247906  lr:  1.9073486328125e-08
#epoch  342    val-loss:  0.07992942121468093  train-loss:  0.0645339206821518  lr:  1.9073486328125e-08
#epoch  343    val-loss:  0.0798307633713672  train-loss:  0.0645353459258331  lr:  1.9073486328125e-08
#epoch  344    val-loss:  0.08000366428965017  train-loss:  0.06455884751630947  lr:  1.9073486328125e-08
#epoch  345    val-loss:  0.0796514776976485  train-loss:  0.06453127035638317  lr:  1.9073486328125e-08
#epoch  346    val-loss:  0.0798642298108653  train-loss:  0.06455363478744403  lr:  1.9073486328125e-08
#epoch  347    val-loss:  0.07966490756524236  train-loss:  0.0645382847142173  lr:  1.9073486328125e-08
#epoch  348    val-loss:  0.0796114339640266  train-loss:  0.06450736685656011  lr:  1.9073486328125e-08
#epoch  349    val-loss:  0.08011066521468915  train-loss:  0.06455666679539718  lr:  1.9073486328125e-08
#epoch  350    val-loss:  0.07966685491172891  train-loss:  0.06452853127848357  lr:  1.9073486328125e-08
#epoch  351    val-loss:  0.08020544169764769  train-loss:  0.06453038071049377  lr:  1.9073486328125e-08
#epoch  352    val-loss:  0.07970446112908815  train-loss:  0.06453634741774295  lr:  1.9073486328125e-08
#epoch  353    val-loss:  0.08018123044779427  train-loss:  0.06451403362734709  lr:  1.9073486328125e-08
#epoch  354    val-loss:  0.07998374418208473  train-loss:  0.06454887044674251  lr:  1.9073486328125e-08
#epoch  355    val-loss:  0.07956599130442268  train-loss:  0.0645558539981721  lr:  1.9073486328125e-08
#epoch  356    val-loss:  0.0797327027509087  train-loss:  0.06454340417985804  lr:  1.9073486328125e-08
#epoch  357    val-loss:  0.0800486905010123  train-loss:  0.06452190161508042  lr:  1.9073486328125e-08
#epoch  358    val-loss:  0.07966167950316479  train-loss:  0.0645522411505226  lr:  1.9073486328125e-08
#epoch  359    val-loss:  0.07980571216658543  train-loss:  0.06455162410566118  lr:  1.9073486328125e-08
#epoch  360    val-loss:  0.07954649156645725  train-loss:  0.06455407496832777  lr:  1.9073486328125e-08
#epoch  361    val-loss:  0.07971695536061336  train-loss:  0.06452841899590567  lr:  1.9073486328125e-08
#epoch  362    val-loss:  0.07933673301809713  train-loss:  0.06455047978670336  lr:  1.9073486328125e-08
#epoch  363    val-loss:  0.07969510006277185  train-loss:  0.06455029839708004  lr:  1.9073486328125e-08
#epoch  364    val-loss:  0.08003808714841541  train-loss:  0.06454079154354986  lr:  1.9073486328125e-08
#epoch  365    val-loss:  0.07934865629986713  train-loss:  0.0645133627258474  lr:  1.9073486328125e-08
#epoch  366    val-loss:  0.07960699498653412  train-loss:  0.06457115644298028  lr:  1.9073486328125e-08
#epoch  367    val-loss:  0.07974143012573845  train-loss:  0.06454742696951143  lr:  1.9073486328125e-08
#epoch  368    val-loss:  0.07996497695383273  train-loss:  0.06455149270186666  lr:  1.9073486328125e-08
#epoch  369    val-loss:  0.07955505777346461  train-loss:  0.06451480831310619  lr:  1.9073486328125e-08
#epoch  370    val-loss:  0.07970730607446871  train-loss:  0.0645080103276996  lr:  1.9073486328125e-08
#epoch  371    val-loss:  0.07989399017472017  train-loss:  0.06455372121126857  lr:  1.9073486328125e-08
#epoch  372    val-loss:  0.07978014020543349  train-loss:  0.0645459582156036  lr:  1.9073486328125e-08
#epoch  373    val-loss:  0.08007317350098961  train-loss:  0.06454212690005079  lr:  1.9073486328125e-08
#epoch  374    val-loss:  0.0795972355102238  train-loss:  0.06451678650046233  lr:  1.9073486328125e-08
#epoch  375    val-loss:  0.07967956168086905  train-loss:  0.06456400583556388  lr:  1.9073486328125e-08
#epoch  376    val-loss:  0.08021103826008345  train-loss:  0.06457614827377256  lr:  1.9073486328125e-08
#epoch  377    val-loss:  0.07968626014496151  train-loss:  0.06451013118203264  lr:  1.9073486328125e-08
#epoch  378    val-loss:  0.08003969333673779  train-loss:  0.06454390508588403  lr:  1.9073486328125e-08
#epoch  379    val-loss:  0.08006509079744942  train-loss:  0.06452195088786539  lr:  1.9073486328125e-08
#epoch  380    val-loss:  0.07970899539558511  train-loss:  0.06453725583560299  lr:  1.9073486328125e-08
#epoch  381    val-loss:  0.07964692617717542  train-loss:  0.06454566643515136  lr:  1.9073486328125e-08
#epoch  382    val-loss:  0.07987668129958604  train-loss:  0.06453427657834254  lr:  1.9073486328125e-08
#epoch  383    val-loss:  0.07966328569148716  train-loss:  0.06456403121410403  lr:  1.9073486328125e-08
#epoch  384    val-loss:  0.07966648238269906  train-loss:  0.06453958107158542  lr:  1.9073486328125e-08
#epoch  385    val-loss:  0.0796821940886347  train-loss:  0.0645357897883514  lr:  1.9073486328125e-08
#epoch  386    val-loss:  0.08001381668605302  train-loss:  0.06451927444140892  lr:  1.9073486328125e-08
#epoch  387    val-loss:  0.07974451976387124  train-loss:  0.06452800256374758  lr:  1.9073486328125e-08
#epoch  388    val-loss:  0.07984431440892972  train-loss:  0.06454599267453887  lr:  1.9073486328125e-08
#epoch  389    val-loss:  0.07949516804594743  train-loss:  0.0645327455131337  lr:  1.9073486328125e-08
#epoch  390    val-loss:  0.07972242016541331  train-loss:  0.06454041965480428  lr:  1.9073486328125e-08
#epoch  391    val-loss:  0.0796966046879166  train-loss:  0.06451578644919209  lr:  1.9073486328125e-08
#epoch  392    val-loss:  0.07956806531077937  train-loss:  0.06454525793378707  lr:  1.9073486328125e-08
#epoch  393    val-loss:  0.07949530490134891  train-loss:  0.0645787151879631  lr:  1.9073486328125e-08
#epoch  394    val-loss:  0.07974892540981895  train-loss:  0.06454927251616027  lr:  1.9073486328125e-08
#epoch  395    val-loss:  0.07986542072735335  train-loss:  0.06451934878714383  lr:  1.9073486328125e-08
#epoch  396    val-loss:  0.07981009585292716  train-loss:  0.0645370760030346  lr:  1.9073486328125e-08
#epoch  397    val-loss:  0.0798588857838982  train-loss:  0.06455830299819354  lr:  1.9073486328125e-08
#epoch  398    val-loss:  0.07985300884435051  train-loss:  0.0645282248588046  lr:  1.9073486328125e-08
#epoch  399    val-loss:  0.07968088317858546  train-loss:  0.06453314327518456  lr:  1.9073486328125e-08
#epoch  400    val-loss:  0.07964079199652922  train-loss:  0.0645455619378481  lr:  1.9073486328125e-08
#epoch  401    val-loss:  0.07966676746544085  train-loss:  0.06455686243134551  lr:  1.9073486328125e-08
#epoch  402    val-loss:  0.07968903881938834  train-loss:  0.06456863372295629  lr:  1.9073486328125e-08
#epoch  403    val-loss:  0.08021330872648641  train-loss:  0.0645416991028469  lr:  1.9073486328125e-08
#epoch  404    val-loss:  0.08019200163452249  train-loss:  0.06455541148898192  lr:  1.9073486328125e-08
#epoch  405    val-loss:  0.07965569158917979  train-loss:  0.06455287666176446  lr:  1.9073486328125e-08
#epoch  406    val-loss:  0.08018851672348223  train-loss:  0.06453779868024867  lr:  1.9073486328125e-08
#epoch  407    val-loss:  0.08001225755402916  train-loss:  0.06452938992879353  lr:  1.9073486328125e-08
#epoch  408    val-loss:  0.07979039338074233  train-loss:  0.06455877544067334  lr:  1.9073486328125e-08
#epoch  409    val-loss:  0.0796856276298824  train-loss:  0.06455484016623814  lr:  1.9073486328125e-08
#epoch  410    val-loss:  0.07966160460522301  train-loss:  0.06450625137949828  lr:  1.9073486328125e-08
#epoch  411    val-loss:  0.08017755731155998  train-loss:  0.06454162496083882  lr:  1.9073486328125e-08
#epoch  412    val-loss:  0.08017909056261967  train-loss:  0.06454207947535906  lr:  1.9073486328125e-08
#epoch  413    val-loss:  0.07965155494840521  train-loss:  0.06452620039635804  lr:  1.9073486328125e-08
#epoch  414    val-loss:  0.07960868822900873  train-loss:  0.06454062719421927  lr:  1.9073486328125e-08
#epoch  415    val-loss:  0.07972635799332668  train-loss:  0.06452750258904416  lr:  1.9073486328125e-08
#epoch  416    val-loss:  0.07999664270564129  train-loss:  0.06451747674145736  lr:  1.9073486328125e-08
#epoch  417    val-loss:  0.07964889469899629  train-loss:  0.06456943922967184  lr:  1.9073486328125e-08
#epoch  418    val-loss:  0.0797371664329579  train-loss:  0.0645605177996913  lr:  1.9073486328125e-08
#epoch  419    val-loss:  0.07973489675082658  train-loss:  0.06453706212050747  lr:  1.9073486328125e-08
#epoch  420    val-loss:  0.07964887940569927  train-loss:  0.06455673834716436  lr:  1.9073486328125e-08
#epoch  421    val-loss:  0.07951863580628445  train-loss:  0.06456179637461901  lr:  1.9073486328125e-08
#epoch  422    val-loss:  0.07968055888226158  train-loss:  0.06451895495411009  lr:  1.9073486328125e-08
#epoch  423    val-loss:  0.07983061671257019  train-loss:  0.06452758362866007  lr:  1.9073486328125e-08
#epoch  424    val-loss:  0.08006684286029715  train-loss:  0.06455199066840578  lr:  1.9073486328125e-08
#epoch  425    val-loss:  0.07971201837062836  train-loss:  0.0645112767961109  lr:  1.9073486328125e-08
#epoch  426    val-loss:  0.07979005339898561  train-loss:  0.06455452504451387  lr:  1.9073486328125e-08
#epoch  427    val-loss:  0.07993127052721224  train-loss:  0.06452395611268003  lr:  1.9073486328125e-08
#epoch  428    val-loss:  0.08006362891510914  train-loss:  0.06454336737806443  lr:  1.9073486328125e-08
#epoch  429    val-loss:  0.07970585517193142  train-loss:  0.06453255868109409  lr:  1.9073486328125e-08
#epoch  430    val-loss:  0.08010347265946238  train-loss:  0.0645408064883668  lr:  1.9073486328125e-08
#epoch  431    val-loss:  0.079677462185684  train-loss:  0.0645610683131963  lr:  1.9073486328125e-08
#epoch  432    val-loss:  0.08019156675589711  train-loss:  0.06453648406022694  lr:  1.9073486328125e-08
#epoch  433    val-loss:  0.07968909567908238  train-loss:  0.06452642031945288  lr:  1.9073486328125e-08
#epoch  434    val-loss:  0.07989821151683205  train-loss:  0.06455608845863026  lr:  1.9073486328125e-08
#epoch  435    val-loss:  0.07970538696176127  train-loss:  0.06455036770785227  lr:  1.9073486328125e-08
#epoch  436    val-loss:  0.07976890943552319  train-loss:  0.06452589778928086  lr:  1.9073486328125e-08
#epoch  437    val-loss:  0.07969481733284499  train-loss:  0.06455887781339698  lr:  1.9073486328125e-08
#epoch  438    val-loss:  0.07963991361229043  train-loss:  0.06455219908093568  lr:  1.9073486328125e-08
#epoch  439    val-loss:  0.08017522057420329  train-loss:  0.06456658839306328  lr:  1.9073486328125e-08
#epoch  440    val-loss:  0.07970356902009562  train-loss:  0.06456570653244853  lr:  1.9073486328125e-08
#epoch  441    val-loss:  0.07951074368075321  train-loss:  0.06452768426970579  lr:  1.9073486328125e-08
#epoch  442    val-loss:  0.07993491856675398  train-loss:  0.06453268358018249  lr:  1.9073486328125e-08
#epoch  443    val-loss:  0.07966073406370063  train-loss:  0.06455081458261702  lr:  1.9073486328125e-08
#epoch  444    val-loss:  0.07964706577752766  train-loss:  0.06454721442423761  lr:  1.9073486328125e-08
#epoch  445    val-loss:  0.07965008326266941  train-loss:  0.06453677693207283  lr:  1.9073486328125e-08
#epoch  446    val-loss:  0.07975079746622789  train-loss:  0.06454281238256954  lr:  1.9073486328125e-08
#epoch  447    val-loss:  0.0796711346820781  train-loss:  0.06455897323030513  lr:  1.9073486328125e-08
#epoch  448    val-loss:  0.07967725827505714  train-loss:  0.06456695499946363  lr:  1.9073486328125e-08
#epoch  449    val-loss:  0.0797076982102896  train-loss:  0.06455420135171153  lr:  1.9073486328125e-08
#epoch  450    val-loss:  0.08000502147172626  train-loss:  0.06452393443032634  lr:  1.9073486328125e-08
#epoch  451    val-loss:  0.07953985702050359  train-loss:  0.06453721619618591  lr:  1.9073486328125e-08
#epoch  452    val-loss:  0.07986918013346822  train-loss:  0.06452493826509453  lr:  1.9073486328125e-08
#epoch  453    val-loss:  0.0800428923807646  train-loss:  0.06452214549062774  lr:  1.9073486328125e-08
#epoch  454    val-loss:  0.08005588972254803  train-loss:  0.06455112347612157  lr:  1.9073486328125e-08
#epoch  455    val-loss:  0.07968802357974805  train-loss:  0.06453924775996711  lr:  1.9073486328125e-08
#epoch  456    val-loss:  0.07973877262128026  train-loss:  0.06458231341093779  lr:  1.9073486328125e-08
#epoch  457    val-loss:  0.07976051419973373  train-loss:  0.06452807813184336  lr:  1.9073486328125e-08
#epoch  458    val-loss:  0.07938946665901887  train-loss:  0.0645664379990194  lr:  1.9073486328125e-08
#epoch  459    val-loss:  0.07969614392832707  train-loss:  0.06454356208269019  lr:  1.9073486328125e-08
#epoch  460    val-loss:  0.0795296983499276  train-loss:  0.06453313335077837  lr:  1.9073486328125e-08
#epoch  461    val-loss:  0.07970659081873141  train-loss:  0.06451538909459487  lr:  1.9073486328125e-08
#epoch  462    val-loss:  0.07963756903221733  train-loss:  0.06455355405341834  lr:  1.9073486328125e-08
#epoch  463    val-loss:  0.07976701894873067  train-loss:  0.06457148648041766  lr:  1.9073486328125e-08
#epoch  464    val-loss:  0.07967030256986618  train-loss:  0.0644900329207303  lr:  1.9073486328125e-08
#epoch  465    val-loss:  0.0797593573990621  train-loss:  0.06452293747861404  lr:  1.9073486328125e-08
#epoch  466    val-loss:  0.07965107536629627  train-loss:  0.06454664771445096  lr:  1.9073486328125e-08
#epoch  467    val-loss:  0.0793397246222747  train-loss:  0.06454363200464286  lr:  1.9073486328125e-08
#epoch  468    val-loss:  0.07937068492174149  train-loss:  0.06450551460147835  lr:  1.9073486328125e-08
#epoch  469    val-loss:  0.07985490952667437  train-loss:  0.06455023084708955  lr:  1.9073486328125e-08
#epoch  470    val-loss:  0.0798834907381158  train-loss:  0.06456043921934906  lr:  1.9073486328125e-08
#epoch  471    val-loss:  0.07952202268336948  train-loss:  0.06455510412342846  lr:  1.9073486328125e-08
#epoch  472    val-loss:  0.07968077808618546  train-loss:  0.06456072271976154  lr:  1.9073486328125e-08
#epoch  473    val-loss:  0.07984745855394162  train-loss:  0.06452849341440015  lr:  1.9073486328125e-08
#epoch  474    val-loss:  0.08021826885248486  train-loss:  0.06457689552917145  lr:  1.9073486328125e-08
#epoch  475    val-loss:  0.08020205756551341  train-loss:  0.06455441247089766  lr:  1.9073486328125e-08
#epoch  476    val-loss:  0.07998357634795339  train-loss:  0.06453034540754743  lr:  1.9073486328125e-08
#epoch  477    val-loss:  0.07972600977671773  train-loss:  0.06454285352083389  lr:  1.9073486328125e-08
#epoch  478    val-loss:  0.07980640507058094  train-loss:  0.06452860783610959  lr:  1.9073486328125e-08
#epoch  479    val-loss:  0.07933849998210606  train-loss:  0.06451959948753938  lr:  1.9073486328125e-08
#epoch  480    val-loss:  0.07972140061227899  train-loss:  0.064548069567536  lr:  1.9073486328125e-08
#epoch  481    val-loss:  0.07994551917440013  train-loss:  0.06453286157920957  lr:  1.9073486328125e-08
#epoch  482    val-loss:  0.07991442907797663  train-loss:  0.06455787662707735  lr:  1.9073486328125e-08
#epoch  483    val-loss:  0.07968327912845109  train-loss:  0.06451610516523942  lr:  1.9073486328125e-08
#epoch  484    val-loss:  0.07974313160306529  train-loss:  0.06455806615122128  lr:  1.9073486328125e-08
#epoch  485    val-loss:  0.07929911346811998  train-loss:  0.06450709074852057  lr:  1.9073486328125e-08
#epoch  486    val-loss:  0.07989253574296047  train-loss:  0.06453269545454532  lr:  1.9073486328125e-08
#epoch  487    val-loss:  0.07933151016109868  train-loss:  0.06456418056041002  lr:  1.9073486328125e-08
#epoch  488    val-loss:  0.07977340840979626  train-loss:  0.06453247032186482  lr:  1.9073486328125e-08
#epoch  489    val-loss:  0.07975820216693376  train-loss:  0.06453315957332961  lr:  1.9073486328125e-08
#epoch  490    val-loss:  0.07963802587044866  train-loss:  0.064543722444796  lr:  1.9073486328125e-08
#epoch  491    val-loss:  0.08012780233433373  train-loss:  0.06456064773374237  lr:  1.9073486328125e-08
#epoch  492    val-loss:  0.07971039884968807  train-loss:  0.06455144974461291  lr:  1.9073486328125e-08
#epoch  493    val-loss:  0.07960212152255208  train-loss:  0.06452823169820476  lr:  1.9073486328125e-08
#epoch  494    val-loss:  0.07996804463235956  train-loss:  0.06454979701084085  lr:  1.9073486328125e-08
#epoch  495    val-loss:  0.07995040989235828  train-loss:  0.06454026646679267  lr:  1.9073486328125e-08
#epoch  496    val-loss:  0.07961990645057276  train-loss:  0.06458279208163731  lr:  1.9073486328125e-08
#epoch  497    val-loss:  0.0796914614344898  train-loss:  0.06452231919683982  lr:  1.9073486328125e-08
#epoch  498    val-loss:  0.07982995753225527  train-loss:  0.06454691840917803  lr:  1.9073486328125e-08
#epoch  499    val-loss:  0.07964213310103667  train-loss:  0.06450969076831825  lr:  1.9073486328125e-08
