model 965d64b71a96edcdda40eb69c00c1b08225b2f9d6055ba127c36b596 state_dict has not been found
Model was not found
torch.cuda.is_available():	 True
runargs:	 Namespace(co2=False, depth=110.0, disp=-1, domain='global', epoch=0, latitude=True, linsupres=True, lossfun='MSE', lr=0.01, lsrp_span=12, maxepoch=500, minibatch=4, mode='train', normalization='standard', num_workers=40, parts=[1, 1], persistent_workers=False, prefetch_factor=1, relog=True, rerun=True, sanity=False, sigma=8, temperature=True)
data_address /scratch/zanna/data/cm2.6/coarse_8_beneath_surface.zarr
using device: cuda:0
epochs started
#epoch  0    val-loss:  1.365874208902058  train-loss:  1.7459077034145594  lr:  0.01
#epoch  1    val-loss:  0.9201393848971317  train-loss:  0.9808430448174477  lr:  0.01
#epoch  2    val-loss:  0.8311756723805478  train-loss:  0.7960549516137689  lr:  0.01
#epoch  3    val-loss:  0.8202895239779824  train-loss:  0.735559812746942  lr:  0.01
#epoch  4    val-loss:  0.7696951784585652  train-loss:  0.6946349237114191  lr:  0.01
#epoch  5    val-loss:  0.7398497368160047  train-loss:  0.6641712805721909  lr:  0.01
#epoch  6    val-loss:  0.7344234083828173  train-loss:  0.6401716659311205  lr:  0.01
#epoch  7    val-loss:  0.697904508364828  train-loss:  0.6184750802349299  lr:  0.01
#epoch  8    val-loss:  0.6901185355688396  train-loss:  0.6030655847862363  lr:  0.01
#epoch  9    val-loss:  0.6694727728241369  train-loss:  0.587746393866837  lr:  0.01
#epoch  10    val-loss:  0.6668722723659716  train-loss:  0.5759794770274311  lr:  0.01
#epoch  11    val-loss:  0.6533265992214805  train-loss:  0.5645958307432011  lr:  0.01
#epoch  12    val-loss:  0.6519456160695929  train-loss:  0.5537247663596645  lr:  0.01
#epoch  13    val-loss:  0.6356905604663649  train-loss:  0.5446860376978293  lr:  0.01
#epoch  14    val-loss:  0.6281312515861109  train-loss:  0.5381053941091523  lr:  0.01
#epoch  15    val-loss:  0.6254071812880667  train-loss:  0.5301669109612703  lr:  0.01
#epoch  16    val-loss:  0.6323616222331399  train-loss:  0.5227384193567559  lr:  0.01
#epoch  17    val-loss:  0.6164416012011076  train-loss:  0.5173695815028623  lr:  0.01
#epoch  18    val-loss:  0.6490779550451982  train-loss:  0.5119969870429486  lr:  0.01
#epoch  19    val-loss:  0.6105730941421107  train-loss:  0.5071388460928574  lr:  0.01
#epoch  20    val-loss:  0.6116262501791904  train-loss:  0.5016069686971605  lr:  0.01
#epoch  21    val-loss:  0.6123602547143635  train-loss:  0.49766792613081634  lr:  0.01
#epoch  22    val-loss:  0.595709248592979  train-loss:  0.4940882212249562  lr:  0.01
#epoch  23    val-loss:  0.5961382326326872  train-loss:  0.49098707363009453  lr:  0.01
#epoch  24    val-loss:  0.6054717898368835  train-loss:  0.48752434039488435  lr:  0.01
#epoch  25    val-loss:  0.6121686320555838  train-loss:  0.48444657085929066  lr:  0.01
#epoch  26    val-loss:  0.5663275938285025  train-loss:  0.4616489016916603  lr:  0.005
#epoch  27    val-loss:  0.5635563574339214  train-loss:  0.4581007221713662  lr:  0.005
#epoch  28    val-loss:  0.5693742413269846  train-loss:  0.45685532048810273  lr:  0.005
#epoch  29    val-loss:  0.5787632057541295  train-loss:  0.45570858230348676  lr:  0.005
#epoch  30    val-loss:  0.568224875550521  train-loss:  0.4538832865655422  lr:  0.005
#epoch  31    val-loss:  0.5555970982501381  train-loss:  0.4405825127614662  lr:  0.0025
#epoch  32    val-loss:  0.5606552864375868  train-loss:  0.43912913161329925  lr:  0.0025
#epoch  33    val-loss:  0.5577150896975869  train-loss:  0.43825793999712914  lr:  0.0025
#epoch  34    val-loss:  0.5591503977775574  train-loss:  0.4371639030287042  lr:  0.0025
#epoch  35    val-loss:  0.553710234792609  train-loss:  0.42992342193610966  lr:  0.00125
#epoch  36    val-loss:  0.5513819205133539  train-loss:  0.4289991728728637  lr:  0.00125
#epoch  37    val-loss:  0.5532745515045366  train-loss:  0.4283334097126499  lr:  0.00125
#epoch  38    val-loss:  0.5505628303477639  train-loss:  0.4278203865978867  lr:  0.00125
#epoch  39    val-loss:  0.5524737348682002  train-loss:  0.4270774730248377  lr:  0.00125
#epoch  40    val-loss:  0.5513366147091514  train-loss:  0.426710287341848  lr:  0.00125
#epoch  41    val-loss:  0.561838918610623  train-loss:  0.42594895069487393  lr:  0.00125
#epoch  42    val-loss:  0.5538536498421117  train-loss:  0.42190041742287576  lr:  0.000625
#epoch  43    val-loss:  0.5469368272706082  train-loss:  0.4213745581218973  lr:  0.000625
#epoch  44    val-loss:  0.549238854332974  train-loss:  0.42104412883054465  lr:  0.000625
#epoch  45    val-loss:  0.5499774484257949  train-loss:  0.42096637084614486  lr:  0.000625
#epoch  46    val-loss:  0.5499711852324637  train-loss:  0.42053348990157247  lr:  0.000625
#epoch  47    val-loss:  0.5515027846160688  train-loss:  0.4182856628904119  lr:  0.0003125
#epoch  48    val-loss:  0.5495130796181528  train-loss:  0.4181228263769299  lr:  0.0003125
#epoch  49    val-loss:  0.5528406626299808  train-loss:  0.41783023113384843  lr:  0.0003125
#epoch  50    val-loss:  0.5465847536137229  train-loss:  0.41679136001039296  lr:  0.00015625
#epoch  51    val-loss:  0.5502596387737676  train-loss:  0.41658785194158554  lr:  0.00015625
#epoch  52    val-loss:  0.5521015634662226  train-loss:  0.41639999637845904  lr:  0.00015625
#epoch  53    val-loss:  0.552496966562773  train-loss:  0.41639933874830604  lr:  0.00015625
#epoch  54    val-loss:  0.5532868535895097  train-loss:  0.41573972371406853  lr:  7.8125e-05
#epoch  55    val-loss:  0.5550540466057626  train-loss:  0.415696504060179  lr:  7.8125e-05
#epoch  56    val-loss:  0.5537124276161194  train-loss:  0.41557226644363254  lr:  7.8125e-05
#epoch  57    val-loss:  0.5462201708241513  train-loss:  0.4153147538891062  lr:  3.90625e-05
#epoch  58    val-loss:  0.5529986682691073  train-loss:  0.4153331459965557  lr:  3.90625e-05
#epoch  59    val-loss:  0.5489207019931391  train-loss:  0.41531621664762497  lr:  3.90625e-05
#epoch  60    val-loss:  0.5578849676408266  train-loss:  0.4152279255213216  lr:  3.90625e-05
#epoch  61    val-loss:  0.5486969210599598  train-loss:  0.41506792476866394  lr:  1.953125e-05
#epoch  62    val-loss:  0.5491265089888322  train-loss:  0.4149897125316784  lr:  1.953125e-05
#epoch  63    val-loss:  0.5517439685369793  train-loss:  0.41503569937776774  lr:  1.953125e-05
#epoch  64    val-loss:  0.5499775848890606  train-loss:  0.414892669650726  lr:  9.765625e-06
#epoch  65    val-loss:  0.5489680892542789  train-loss:  0.4149753343081102  lr:  9.765625e-06
#epoch  66    val-loss:  0.5503565057327873  train-loss:  0.41487716685514897  lr:  9.765625e-06
#epoch  67    val-loss:  0.5474391642369723  train-loss:  0.41487285448238254  lr:  4.8828125e-06
#epoch  68    val-loss:  0.5516953813402277  train-loss:  0.4149026907980442  lr:  4.8828125e-06
#epoch  69    val-loss:  0.5499990535409827  train-loss:  0.41478222981095314  lr:  4.8828125e-06
#epoch  70    val-loss:  0.5520545432442113  train-loss:  0.4148221139330417  lr:  2.44140625e-06
#epoch  71    val-loss:  0.5481755576635662  train-loss:  0.4148523631738499  lr:  2.44140625e-06
#epoch  72    val-loss:  0.5488279461860657  train-loss:  0.4148477637208998  lr:  2.44140625e-06
#epoch  73    val-loss:  0.5507127297552008  train-loss:  0.4148244857788086  lr:  1.220703125e-06
#epoch  74    val-loss:  0.5516952903647172  train-loss:  0.4147774655139074  lr:  1.220703125e-06
#epoch  75    val-loss:  0.553351817946685  train-loss:  0.41484839655458927  lr:  1.220703125e-06
#epoch  76    val-loss:  0.5533351757024464  train-loss:  0.41493738791905344  lr:  6.103515625e-07
#epoch  77    val-loss:  0.5481602533867485  train-loss:  0.41477920731995255  lr:  6.103515625e-07
#epoch  78    val-loss:  0.5470552852279261  train-loss:  0.41480354545637965  lr:  6.103515625e-07
#epoch  79    val-loss:  0.5517318687940899  train-loss:  0.41494048316963017  lr:  3.0517578125e-07
#epoch  80    val-loss:  0.5517573921304  train-loss:  0.41472632624208927  lr:  3.0517578125e-07
#epoch  81    val-loss:  0.5516405999660492  train-loss:  0.41481999563984573  lr:  3.0517578125e-07
#epoch  82    val-loss:  0.5511924420532427  train-loss:  0.4147653701948002  lr:  1.52587890625e-07
#epoch  83    val-loss:  0.5516168820230585  train-loss:  0.4147799893980846  lr:  1.52587890625e-07
#epoch  84    val-loss:  0.5520234735388505  train-loss:  0.41480762767605484  lr:  1.52587890625e-07
#epoch  85    val-loss:  0.5532611639876115  train-loss:  0.41479557915590703  lr:  7.62939453125e-08
#epoch  86    val-loss:  0.5482331749640013  train-loss:  0.4148271563462913  lr:  7.62939453125e-08
#epoch  87    val-loss:  0.5505645824106116  train-loss:  0.4147974414518103  lr:  7.62939453125e-08
#epoch  88    val-loss:  0.5487892251265677  train-loss:  0.41476208134554327  lr:  3.814697265625e-08
#epoch  89    val-loss:  0.5534453721422898  train-loss:  0.4147736757295206  lr:  3.814697265625e-08
#epoch  90    val-loss:  0.549397559542405  train-loss:  0.4148149393731728  lr:  3.814697265625e-08
#epoch  91    val-loss:  0.5459408069911756  train-loss:  0.41479968978092074  lr:  1.9073486328125e-08
#epoch  92    val-loss:  0.552758558800346  train-loss:  0.41477350681088865  lr:  1.9073486328125e-08
#epoch  93    val-loss:  0.5488610722516712  train-loss:  0.41482997650746256  lr:  1.9073486328125e-08
#epoch  94    val-loss:  0.5509132460543984  train-loss:  0.41480137698818  lr:  1.9073486328125e-08
#epoch  95    val-loss:  0.550803575076555  train-loss:  0.41477556445170194  lr:  1.9073486328125e-08
#epoch  96    val-loss:  0.5490098940698724  train-loss:  0.41482367226853967  lr:  1.9073486328125e-08
#epoch  97    val-loss:  0.5521015681718525  train-loss:  0.41484029311686754  lr:  1.9073486328125e-08
#epoch  98    val-loss:  0.5518744807494315  train-loss:  0.4148098920704797  lr:  1.9073486328125e-08
#epoch  99    val-loss:  0.5509487610114249  train-loss:  0.4147242138860747  lr:  1.9073486328125e-08
#epoch  100    val-loss:  0.5526947159516183  train-loss:  0.4148556611035019  lr:  1.9073486328125e-08
#epoch  101    val-loss:  0.5509145950016222  train-loss:  0.41484288894571364  lr:  1.9073486328125e-08
#epoch  102    val-loss:  0.5530249648972562  train-loss:  0.414777870872058  lr:  1.9073486328125e-08
#epoch  103    val-loss:  0.5501978115031594  train-loss:  0.41474906157236546  lr:  1.9073486328125e-08
#epoch  104    val-loss:  0.5501595657122763  train-loss:  0.414768410846591  lr:  1.9073486328125e-08
#epoch  105    val-loss:  0.5490153557375858  train-loss:  0.414813369163312  lr:  1.9073486328125e-08
#epoch  106    val-loss:  0.5502101716242338  train-loss:  0.4147854456678033  lr:  1.9073486328125e-08
#epoch  107    val-loss:  0.5514773036304274  train-loss:  0.4147042203694582  lr:  1.9073486328125e-08
#epoch  108    val-loss:  0.5502465822194752  train-loss:  0.4147635776316747  lr:  1.9073486328125e-08
#epoch  109    val-loss:  0.5494448291627985  train-loss:  0.41478610259946436  lr:  1.9073486328125e-08
#epoch  110    val-loss:  0.5519429821717111  train-loss:  0.41471660882234573  lr:  1.9073486328125e-08
#epoch  111    val-loss:  0.5526486697949862  train-loss:  0.4147915606154129  lr:  1.9073486328125e-08
#epoch  112    val-loss:  0.5534016835062128  train-loss:  0.4147751211421564  lr:  1.9073486328125e-08
#epoch  113    val-loss:  0.5561630035701551  train-loss:  0.4148514161352068  lr:  1.9073486328125e-08
#epoch  114    val-loss:  0.5496878906300193  train-loss:  0.4146708477055654  lr:  1.9073486328125e-08
#epoch  115    val-loss:  0.5490897517455252  train-loss:  0.41479313222225755  lr:  1.9073486328125e-08
#epoch  116    val-loss:  0.5493721805120769  train-loss:  0.4147507856832817  lr:  1.9073486328125e-08
#epoch  117    val-loss:  0.552679861846723  train-loss:  0.4147606046171859  lr:  1.9073486328125e-08
#epoch  118    val-loss:  0.5484784355289057  train-loss:  0.41476655181031674  lr:  1.9073486328125e-08
#epoch  119    val-loss:  0.5517076818566573  train-loss:  0.41490164620336145  lr:  1.9073486328125e-08
#epoch  120    val-loss:  0.5466550839574713  train-loss:  0.41482539381831884  lr:  1.9073486328125e-08
#epoch  121    val-loss:  0.5501142175574052  train-loss:  0.41479616763535887  lr:  1.9073486328125e-08
#epoch  122    val-loss:  0.5510818079898232  train-loss:  0.41478627920150757  lr:  1.9073486328125e-08
#epoch  123    val-loss:  0.5474963988128462  train-loss:  0.4147939528338611  lr:  1.9073486328125e-08
#epoch  124    val-loss:  0.5535850838611001  train-loss:  0.4148292407626286  lr:  1.9073486328125e-08
#epoch  125    val-loss:  0.5460242283971686  train-loss:  0.41475189046468586  lr:  1.9073486328125e-08
#epoch  126    val-loss:  0.5576252498124775  train-loss:  0.41474069945979863  lr:  1.9073486328125e-08
#epoch  127    val-loss:  0.5460173424921537  train-loss:  0.41484194435179234  lr:  1.9073486328125e-08
#epoch  128    val-loss:  0.5506425170521987  train-loss:  0.4148818488465622  lr:  1.9073486328125e-08
#epoch  129    val-loss:  0.5492446689229262  train-loss:  0.4147790763527155  lr:  1.9073486328125e-08
#epoch  130    val-loss:  0.5469256231659337  train-loss:  0.414788328926079  lr:  1.9073486328125e-08
#epoch  131    val-loss:  0.54989766133459  train-loss:  0.41486018616706133  lr:  1.9073486328125e-08
#epoch  132    val-loss:  0.5493895380120528  train-loss:  0.41479855217039585  lr:  1.9073486328125e-08
#epoch  133    val-loss:  0.5492991052175823  train-loss:  0.4148031586082652  lr:  1.9073486328125e-08
#epoch  134    val-loss:  0.553819013269324  train-loss:  0.41469781391788274  lr:  1.9073486328125e-08
#epoch  135    val-loss:  0.5487522655411771  train-loss:  0.4148128948872909  lr:  1.9073486328125e-08
#epoch  136    val-loss:  0.5488654218221966  train-loss:  0.4147824354004115  lr:  1.9073486328125e-08
#epoch  137    val-loss:  0.5521555793912787  train-loss:  0.41475136391818523  lr:  1.9073486328125e-08
#epoch  138    val-loss:  0.5519250882299322  train-loss:  0.41484062757808715  lr:  1.9073486328125e-08
#epoch  139    val-loss:  0.5527294309515702  train-loss:  0.41485232359264046  lr:  1.9073486328125e-08
#epoch  140    val-loss:  0.5520498595739666  train-loss:  0.41488450311589986  lr:  1.9073486328125e-08
#epoch  141    val-loss:  0.5503356237160532  train-loss:  0.4148285621777177  lr:  1.9073486328125e-08
#epoch  142    val-loss:  0.5504464569844698  train-loss:  0.4148829753976315  lr:  1.9073486328125e-08
#epoch  143    val-loss:  0.5494378962014851  train-loss:  0.4147720728069544  lr:  1.9073486328125e-08
#epoch  144    val-loss:  0.5502231026950636  train-loss:  0.4147625606274232  lr:  1.9073486328125e-08
#epoch  145    val-loss:  0.5482456307662161  train-loss:  0.4148457566043362  lr:  1.9073486328125e-08
#epoch  146    val-loss:  0.5464281769175279  train-loss:  0.4147410149453208  lr:  1.9073486328125e-08
#epoch  147    val-loss:  0.5475296331079382  train-loss:  0.41479081381112337  lr:  1.9073486328125e-08
#epoch  148    val-loss:  0.5531486696318576  train-loss:  0.4148272756719962  lr:  1.9073486328125e-08
#epoch  149    val-loss:  0.5535570320330168  train-loss:  0.4147408956196159  lr:  1.9073486328125e-08
#epoch  150    val-loss:  0.5493844120126021  train-loss:  0.4147797654150054  lr:  1.9073486328125e-08
#epoch  151    val-loss:  0.5535227813218769  train-loss:  0.4149085823446512  lr:  1.9073486328125e-08
#epoch  152    val-loss:  0.5563055574893951  train-loss:  0.414797720964998  lr:  1.9073486328125e-08
#epoch  153    val-loss:  0.5490307870664095  train-loss:  0.4147896347567439  lr:  1.9073486328125e-08
#epoch  154    val-loss:  0.5530980731311598  train-loss:  0.41476755414623767  lr:  1.9073486328125e-08
#epoch  155    val-loss:  0.548409890187414  train-loss:  0.4147609192878008  lr:  1.9073486328125e-08
#epoch  156    val-loss:  0.5575561821460724  train-loss:  0.41469281015452  lr:  1.9073486328125e-08
#epoch  157    val-loss:  0.5510314169682955  train-loss:  0.4147714514983818  lr:  1.9073486328125e-08
#epoch  158    val-loss:  0.5511920577601382  train-loss:  0.4148661142680794  lr:  1.9073486328125e-08
#epoch  159    val-loss:  0.5516557379772788  train-loss:  0.4147775436285883  lr:  1.9073486328125e-08
#epoch  160    val-loss:  0.5530541586248499  train-loss:  0.4148219283670187  lr:  1.9073486328125e-08
#epoch  161    val-loss:  0.5518148447337904  train-loss:  0.4148663888918236  lr:  1.9073486328125e-08
#epoch  162    val-loss:  0.5510893369975843  train-loss:  0.4147623514290899  lr:  1.9073486328125e-08
#epoch  163    val-loss:  0.5529193407610843  train-loss:  0.41485168877989054  lr:  1.9073486328125e-08
#epoch  164    val-loss:  0.5490052088310844  train-loss:  0.4147932940395549  lr:  1.9073486328125e-08
#epoch  165    val-loss:  0.5491588586255124  train-loss:  0.41485160286538303  lr:  1.9073486328125e-08
#epoch  166    val-loss:  0.551785409450531  train-loss:  0.4147447036812082  lr:  1.9073486328125e-08
#epoch  167    val-loss:  0.5490076102708515  train-loss:  0.41479095385875553  lr:  1.9073486328125e-08
#epoch  168    val-loss:  0.5517447324175584  train-loss:  0.41486251482274383  lr:  1.9073486328125e-08
#epoch  169    val-loss:  0.5488253580896478  train-loss:  0.4147590884240344  lr:  1.9073486328125e-08
#epoch  170    val-loss:  0.5493624931887576  train-loss:  0.41477404290344566  lr:  1.9073486328125e-08
#epoch  171    val-loss:  0.5530086096964384  train-loss:  0.41483712708577514  lr:  1.9073486328125e-08
#epoch  172    val-loss:  0.5491086777887846  train-loss:  0.4147354101296514  lr:  1.9073486328125e-08
#epoch  173    val-loss:  0.5492870933131168  train-loss:  0.41473593283444643  lr:  1.9073486328125e-08
#epoch  174    val-loss:  0.5507856215301313  train-loss:  0.4147902871482074  lr:  1.9073486328125e-08
#epoch  175    val-loss:  0.549704843445828  train-loss:  0.41479695099405944  lr:  1.9073486328125e-08
#epoch  176    val-loss:  0.5535261787866291  train-loss:  0.4147505891742185  lr:  1.9073486328125e-08
#epoch  177    val-loss:  0.5526812107939469  train-loss:  0.4147575112292543  lr:  1.9073486328125e-08
#epoch  178    val-loss:  0.5527363105824119  train-loss:  0.4148288427386433  lr:  1.9073486328125e-08
#epoch  179    val-loss:  0.5513643967477899  train-loss:  0.4148557299049571  lr:  1.9073486328125e-08
#epoch  180    val-loss:  0.5533606315913954  train-loss:  0.41488004359416664  lr:  1.9073486328125e-08
#epoch  181    val-loss:  0.5500390968824688  train-loss:  0.4148749215528369  lr:  1.9073486328125e-08
#epoch  182    val-loss:  0.5492314225748965  train-loss:  0.4147605925099924  lr:  1.9073486328125e-08
#epoch  183    val-loss:  0.5514686938963438  train-loss:  0.4148337834049016  lr:  1.9073486328125e-08
#epoch  184    val-loss:  0.5495548420830777  train-loss:  0.41482751758303493  lr:  1.9073486328125e-08
#epoch  185    val-loss:  0.5494408011436462  train-loss:  0.41484077635686845  lr:  1.9073486328125e-08
#epoch  186    val-loss:  0.5519323160773829  train-loss:  0.414799885940738  lr:  1.9073486328125e-08
#epoch  187    val-loss:  0.5481737177622946  train-loss:  0.4147260921308771  lr:  1.9073486328125e-08
#epoch  188    val-loss:  0.5494405423340044  train-loss:  0.4147643514443189  lr:  1.9073486328125e-08
#epoch  189    val-loss:  0.5510926058417872  train-loss:  0.4148220926290378  lr:  1.9073486328125e-08
#epoch  190    val-loss:  0.5469030973158384  train-loss:  0.41472803230863065  lr:  1.9073486328125e-08
#epoch  191    val-loss:  0.5513749969633002  train-loss:  0.41479576600249857  lr:  1.9073486328125e-08
#epoch  192    val-loss:  0.5533074924820348  train-loss:  0.4147664663614705  lr:  1.9073486328125e-08
#epoch  193    val-loss:  0.5493918155369005  train-loss:  0.4147524175932631  lr:  1.9073486328125e-08
#epoch  194    val-loss:  0.5490365969507318  train-loss:  0.4149118580389768  lr:  1.9073486328125e-08
#epoch  195    val-loss:  0.5478139174611945  train-loss:  0.41482299054041505  lr:  1.9073486328125e-08
#epoch  196    val-loss:  0.5513710222746196  train-loss:  0.4147796988254413  lr:  1.9073486328125e-08
#epoch  197    val-loss:  0.5492081453925685  train-loss:  0.41472015669569373  lr:  1.9073486328125e-08
#epoch  198    val-loss:  0.5463324440153021  train-loss:  0.41482470696792006  lr:  1.9073486328125e-08
#epoch  199    val-loss:  0.5482406443671176  train-loss:  0.41476137249264866  lr:  1.9073486328125e-08
#epoch  200    val-loss:  0.5533704506723505  train-loss:  0.41483468073420227  lr:  1.9073486328125e-08
#epoch  201    val-loss:  0.549030098475908  train-loss:  0.41479288158006966  lr:  1.9073486328125e-08
#epoch  202    val-loss:  0.5491133849871787  train-loss:  0.41476747510023415  lr:  1.9073486328125e-08
#epoch  203    val-loss:  0.5495281439078482  train-loss:  0.41480811417568475  lr:  1.9073486328125e-08
#epoch  204    val-loss:  0.551015904075221  train-loss:  0.414759682957083  lr:  1.9073486328125e-08
#epoch  205    val-loss:  0.5495473146438599  train-loss:  0.41477946750819683  lr:  1.9073486328125e-08
#epoch  206    val-loss:  0.5494890777688277  train-loss:  0.4146848126547411  lr:  1.9073486328125e-08
#epoch  207    val-loss:  0.5490511734234659  train-loss:  0.4148117888253182  lr:  1.9073486328125e-08
#epoch  208    val-loss:  0.5475030870814073  train-loss:  0.41480196453630924  lr:  1.9073486328125e-08
#epoch  209    val-loss:  0.5539180965800035  train-loss:  0.414767153095454  lr:  1.9073486328125e-08
#epoch  210    val-loss:  0.5524678214600212  train-loss:  0.4148433452937752  lr:  1.9073486328125e-08
#epoch  211    val-loss:  0.5523246871797662  train-loss:  0.41482609673403203  lr:  1.9073486328125e-08
#epoch  212    val-loss:  0.5493765034173664  train-loss:  0.41479749139398336  lr:  1.9073486328125e-08
#epoch  213    val-loss:  0.5509166843012759  train-loss:  0.41482578206341714  lr:  1.9073486328125e-08
#epoch  214    val-loss:  0.5495157022225229  train-loss:  0.41475564253050834  lr:  1.9073486328125e-08
#epoch  215    val-loss:  0.5489545746853477  train-loss:  0.41480229957960546  lr:  1.9073486328125e-08
#epoch  216    val-loss:  0.5499977971378126  train-loss:  0.414855495095253  lr:  1.9073486328125e-08
#epoch  217    val-loss:  0.5494785308837891  train-loss:  0.4148112680995837  lr:  1.9073486328125e-08
#epoch  218    val-loss:  0.5491922199726105  train-loss:  0.4147094349609688  lr:  1.9073486328125e-08
#epoch  219    val-loss:  0.5482766361613023  train-loss:  0.41481457732152194  lr:  1.9073486328125e-08
#epoch  220    val-loss:  0.5530256048629159  train-loss:  0.41487078717909753  lr:  1.9073486328125e-08
#epoch  221    val-loss:  0.5492955916806271  train-loss:  0.4146894217701629  lr:  1.9073486328125e-08
#epoch  222    val-loss:  0.5519421037874723  train-loss:  0.4147544513689354  lr:  1.9073486328125e-08
#epoch  223    val-loss:  0.5471936934872678  train-loss:  0.4148324358975515  lr:  1.9073486328125e-08
#epoch  224    val-loss:  0.5532927293526498  train-loss:  0.4147926534060389  lr:  1.9073486328125e-08
#epoch  225    val-loss:  0.5495381857219496  train-loss:  0.41473856230732054  lr:  1.9073486328125e-08
#epoch  226    val-loss:  0.5492912248561257  train-loss:  0.4148105656495318  lr:  1.9073486328125e-08
#epoch  227    val-loss:  0.5460167558569657  train-loss:  0.41484116949141026  lr:  1.9073486328125e-08
#epoch  228    val-loss:  0.5500353715921703  train-loss:  0.41481094574555755  lr:  1.9073486328125e-08
#epoch  229    val-loss:  0.5517547381551642  train-loss:  0.41473454679362476  lr:  1.9073486328125e-08
#epoch  230    val-loss:  0.548108066383161  train-loss:  0.41478320013266057  lr:  1.9073486328125e-08
#epoch  231    val-loss:  0.5481162243767789  train-loss:  0.4148403515573591  lr:  1.9073486328125e-08
#epoch  232    val-loss:  0.5510653022088503  train-loss:  0.41474229225423187  lr:  1.9073486328125e-08
#epoch  233    val-loss:  0.5534888004001818  train-loss:  0.41471850883681327  lr:  1.9073486328125e-08
#epoch  234    val-loss:  0.5511877254435891  train-loss:  0.41478899377398193  lr:  1.9073486328125e-08
#epoch  235    val-loss:  0.5472696549014041  train-loss:  0.4146541082300246  lr:  1.9073486328125e-08
#epoch  236    val-loss:  0.549626698619441  train-loss:  0.4147856622003019  lr:  1.9073486328125e-08
#epoch  237    val-loss:  0.5498442963549965  train-loss:  0.41482759872451425  lr:  1.9073486328125e-08
#epoch  238    val-loss:  0.5509675741195679  train-loss:  0.4147562412545085  lr:  1.9073486328125e-08
#epoch  239    val-loss:  0.5507787356251165  train-loss:  0.41478598990943283  lr:  1.9073486328125e-08
#epoch  240    val-loss:  0.5526466557854101  train-loss:  0.41476822819095105  lr:  1.9073486328125e-08
#epoch  241    val-loss:  0.5490292232287558  train-loss:  0.41479940735735  lr:  1.9073486328125e-08
#epoch  242    val-loss:  0.5536378465200725  train-loss:  0.4148267152486369  lr:  1.9073486328125e-08
#epoch  243    val-loss:  0.5533097919664884  train-loss:  0.41481998516246676  lr:  1.9073486328125e-08
#epoch  244    val-loss:  0.5478996179605785  train-loss:  0.4148146053776145  lr:  1.9073486328125e-08
#epoch  245    val-loss:  0.5508043169975281  train-loss:  0.4148121348116547  lr:  1.9073486328125e-08
#epoch  246    val-loss:  0.5460880555604634  train-loss:  0.4148102793842554  lr:  1.9073486328125e-08
#epoch  247    val-loss:  0.5486087955926594  train-loss:  0.4147953041829169  lr:  1.9073486328125e-08
#epoch  248    val-loss:  0.5531102920833387  train-loss:  0.414781539933756  lr:  1.9073486328125e-08
#epoch  249    val-loss:  0.5494177121865121  train-loss:  0.41478061757516116  lr:  1.9073486328125e-08
#epoch  250    val-loss:  0.5497020451646102  train-loss:  0.41481500305235386  lr:  1.9073486328125e-08
#epoch  251    val-loss:  0.5500157444100631  train-loss:  0.4148180136689916  lr:  1.9073486328125e-08
#epoch  252    val-loss:  0.5575620814373619  train-loss:  0.41482445306610316  lr:  1.9073486328125e-08
#epoch  253    val-loss:  0.5530563969361154  train-loss:  0.4147267726948485  lr:  1.9073486328125e-08
#epoch  254    val-loss:  0.5494351936014075  train-loss:  0.41484021733049303  lr:  1.9073486328125e-08
#epoch  255    val-loss:  0.5517347392282987  train-loss:  0.41475981182884425  lr:  1.9073486328125e-08
#epoch  256    val-loss:  0.5523466499228227  train-loss:  0.41475597745738924  lr:  1.9073486328125e-08
#epoch  257    val-loss:  0.5497521742394096  train-loss:  0.41475552786141634  lr:  1.9073486328125e-08
#epoch  258    val-loss:  0.5536584414933857  train-loss:  0.41482582374010235  lr:  1.9073486328125e-08
#epoch  259    val-loss:  0.5500137037352512  train-loss:  0.4148015056271106  lr:  1.9073486328125e-08
#epoch  260    val-loss:  0.5506826686231714  train-loss:  0.4147097314707935  lr:  1.9073486328125e-08
#epoch  261    val-loss:  0.5535226025079426  train-loss:  0.41483183950185776  lr:  1.9073486328125e-08
#epoch  262    val-loss:  0.549242775691183  train-loss:  0.41482795600313693  lr:  1.9073486328125e-08
#epoch  263    val-loss:  0.5513936155720761  train-loss:  0.41480619402136654  lr:  1.9073486328125e-08
#epoch  264    val-loss:  0.5512647126850329  train-loss:  0.41473219206091017  lr:  1.9073486328125e-08
#epoch  265    val-loss:  0.5573587417602539  train-loss:  0.41474902199115604  lr:  1.9073486328125e-08
#epoch  266    val-loss:  0.5492729011334871  train-loss:  0.414740028209053  lr:  1.9073486328125e-08
#epoch  267    val-loss:  0.549573518727955  train-loss:  0.4147658250294626  lr:  1.9073486328125e-08
#epoch  268    val-loss:  0.5479344804035989  train-loss:  0.4148037346312776  lr:  1.9073486328125e-08
#epoch  269    val-loss:  0.54988011560942  train-loss:  0.41473930364008993  lr:  1.9073486328125e-08
#epoch  270    val-loss:  0.5531965180447227  train-loss:  0.4147978127002716  lr:  1.9073486328125e-08
#epoch  271    val-loss:  0.5492927055609854  train-loss:  0.41482260392513126  lr:  1.9073486328125e-08
#epoch  272    val-loss:  0.5462503339114942  train-loss:  0.4148818819085136  lr:  1.9073486328125e-08
#epoch  273    val-loss:  0.5522444059974269  train-loss:  0.4148584664799273  lr:  1.9073486328125e-08
#epoch  274    val-loss:  0.550041913986206  train-loss:  0.41477433941327035  lr:  1.9073486328125e-08
#epoch  275    val-loss:  0.5462254568150169  train-loss:  0.41478257335256785  lr:  1.9073486328125e-08
#epoch  276    val-loss:  0.5518091258249784  train-loss:  0.4148225503740832  lr:  1.9073486328125e-08
#epoch  277    val-loss:  0.5511273631924077  train-loss:  0.4147409051656723  lr:  1.9073486328125e-08
#epoch  278    val-loss:  0.547686296074014  train-loss:  0.41485090798232704  lr:  1.9073486328125e-08
#epoch  279    val-loss:  0.5504993655179676  train-loss:  0.41482641629409045  lr:  1.9073486328125e-08
#epoch  280    val-loss:  0.5501447759176555  train-loss:  0.41475474380422384  lr:  1.9073486328125e-08
#epoch  281    val-loss:  0.5522099968634153  train-loss:  0.4147978946566582  lr:  1.9073486328125e-08
#epoch  282    val-loss:  0.5516238212585449  train-loss:  0.4147916705114767  lr:  1.9073486328125e-08
#epoch  283    val-loss:  0.5508263958127875  train-loss:  0.41474904876668006  lr:  1.9073486328125e-08
#epoch  284    val-loss:  0.5530876297699777  train-loss:  0.4148084030020982  lr:  1.9073486328125e-08
#epoch  285    val-loss:  0.5493755152350978  train-loss:  0.41484211664646864  lr:  1.9073486328125e-08
#epoch  286    val-loss:  0.5499898665829709  train-loss:  0.414800719358027  lr:  1.9073486328125e-08
#epoch  287    val-loss:  0.5528570256735149  train-loss:  0.4147244836203754  lr:  1.9073486328125e-08
#epoch  288    val-loss:  0.5491638811011064  train-loss:  0.4147409051656723  lr:  1.9073486328125e-08
#epoch  289    val-loss:  0.5519554191514066  train-loss:  0.4147497060475871  lr:  1.9073486328125e-08
#epoch  290    val-loss:  0.553639640933589  train-loss:  0.4148170967819169  lr:  1.9073486328125e-08
#epoch  291    val-loss:  0.5514874709279913  train-loss:  0.4147715274011716  lr:  1.9073486328125e-08
#epoch  292    val-loss:  0.5525062209681461  train-loss:  0.41471529740374535  lr:  1.9073486328125e-08
#epoch  293    val-loss:  0.5530078191506235  train-loss:  0.4148144330829382  lr:  1.9073486328125e-08
#epoch  294    val-loss:  0.550608820036838  train-loss:  0.4148126250365749  lr:  1.9073486328125e-08
#epoch  295    val-loss:  0.5494344203095687  train-loss:  0.4149439545581117  lr:  1.9073486328125e-08
#epoch  296    val-loss:  0.551538105073728  train-loss:  0.4147927555022761  lr:  1.9073486328125e-08
#epoch  297    val-loss:  0.5506238560927542  train-loss:  0.4148322297260165  lr:  1.9073486328125e-08
#epoch  298    val-loss:  0.5517101664292184  train-loss:  0.41474884341005236  lr:  1.9073486328125e-08
#epoch  299    val-loss:  0.5493725318657724  train-loss:  0.41474969882983714  lr:  1.9073486328125e-08
#epoch  300    val-loss:  0.5499636687730488  train-loss:  0.4146803800249472  lr:  1.9073486328125e-08
#epoch  301    val-loss:  0.5506686411405864  train-loss:  0.41484240046702325  lr:  1.9073486328125e-08
#epoch  302    val-loss:  0.5492919934423346  train-loss:  0.41477117396425456  lr:  1.9073486328125e-08
#epoch  303    val-loss:  0.5499138063506076  train-loss:  0.4147373472806066  lr:  1.9073486328125e-08
#epoch  304    val-loss:  0.5488998638956171  train-loss:  0.41474268201272935  lr:  1.9073486328125e-08
#epoch  305    val-loss:  0.547140066560946  train-loss:  0.41481632995419204  lr:  1.9073486328125e-08
#epoch  306    val-loss:  0.5473842197342923  train-loss:  0.41477923293132335  lr:  1.9073486328125e-08
#epoch  307    val-loss:  0.5502833598538449  train-loss:  0.4148053622338921  lr:  1.9073486328125e-08
#epoch  308    val-loss:  0.5507915365068536  train-loss:  0.4148072001989931  lr:  1.9073486328125e-08
#epoch  309    val-loss:  0.5556314242513556  train-loss:  0.414735455182381  lr:  1.9073486328125e-08
#epoch  310    val-loss:  0.5511540645047238  train-loss:  0.4148215191671625  lr:  1.9073486328125e-08
#epoch  311    val-loss:  0.5491232966121874  train-loss:  0.41474602627567947  lr:  1.9073486328125e-08
#epoch  312    val-loss:  0.553803330973575  train-loss:  0.41469993512146175  lr:  1.9073486328125e-08
#epoch  313    val-loss:  0.5500099925618422  train-loss:  0.41477535862941295  lr:  1.9073486328125e-08
#epoch  314    val-loss:  0.5519958561972568  train-loss:  0.41481494274921715  lr:  1.9073486328125e-08
#epoch  315    val-loss:  0.5465516008828816  train-loss:  0.414817902026698  lr:  1.9073486328125e-08
#epoch  316    val-loss:  0.5492523171399769  train-loss:  0.414757109596394  lr:  1.9073486328125e-08
#epoch  317    val-loss:  0.5468334696794811  train-loss:  0.4147392666200176  lr:  1.9073486328125e-08
#epoch  318    val-loss:  0.5533815371362787  train-loss:  0.4150361326755956  lr:  1.9073486328125e-08
#epoch  319    val-loss:  0.5461786906970175  train-loss:  0.4147402868838981  lr:  1.9073486328125e-08
#epoch  320    val-loss:  0.5467657164523476  train-loss:  0.4147301829652861  lr:  1.9073486328125e-08
#epoch  321    val-loss:  0.5505864118274889  train-loss:  0.41480667633004487  lr:  1.9073486328125e-08
#epoch  322    val-loss:  0.55149140169746  train-loss:  0.41477453720290214  lr:  1.9073486328125e-08
#epoch  323    val-loss:  0.5575107398786043  train-loss:  0.41493125748820603  lr:  1.9073486328125e-08
#epoch  324    val-loss:  0.5510064363479614  train-loss:  0.41475083376280963  lr:  1.9073486328125e-08
#epoch  325    val-loss:  0.5493420927148116  train-loss:  0.414735988015309  lr:  1.9073486328125e-08
#epoch  326    val-loss:  0.5506307796428078  train-loss:  0.4147891668835655  lr:  1.9073486328125e-08
#epoch  327    val-loss:  0.5575005082707656  train-loss:  0.4147656095447019  lr:  1.9073486328125e-08
#epoch  328    val-loss:  0.5498033197302568  train-loss:  0.41476833540946245  lr:  1.9073486328125e-08
#epoch  329    val-loss:  0.5465099450788999  train-loss:  0.4148078793659806  lr:  1.9073486328125e-08
#epoch  330    val-loss:  0.5507859556298507  train-loss:  0.41486031271051615  lr:  1.9073486328125e-08
#epoch  331    val-loss:  0.5495639223801462  train-loss:  0.4147172343218699  lr:  1.9073486328125e-08
#epoch  332    val-loss:  0.5513836051288404  train-loss:  0.41480701765976846  lr:  1.9073486328125e-08
#epoch  333    val-loss:  0.552987421813764  train-loss:  0.41478859609924257  lr:  1.9073486328125e-08
#epoch  334    val-loss:  0.5489538547239805  train-loss:  0.4148018625564873  lr:  1.9073486328125e-08
#epoch  335    val-loss:  0.5474087392029009  train-loss:  0.4148754724301398  lr:  1.9073486328125e-08
#epoch  336    val-loss:  0.5491681726355302  train-loss:  0.4148190631531179  lr:  1.9073486328125e-08
#epoch  337    val-loss:  0.5471720868035367  train-loss:  0.41469157848041505  lr:  1.9073486328125e-08
#epoch  338    val-loss:  0.5527112876114092  train-loss:  0.4146882926579565  lr:  1.9073486328125e-08
#epoch  339    val-loss:  0.5491814393746225  train-loss:  0.4148132582195103  lr:  1.9073486328125e-08
#epoch  340    val-loss:  0.5490750513578716  train-loss:  0.41476832947228104  lr:  1.9073486328125e-08
#epoch  341    val-loss:  0.5566264798766688  train-loss:  0.41477577784098685  lr:  1.9073486328125e-08
#epoch  342    val-loss:  0.5483017846157676  train-loss:  0.41483256744686514  lr:  1.9073486328125e-08
#epoch  343    val-loss:  0.5494224899693539  train-loss:  0.4148289308650419  lr:  1.9073486328125e-08
#epoch  344    val-loss:  0.5533442654107746  train-loss:  0.4147813597228378  lr:  1.9073486328125e-08
#epoch  345    val-loss:  0.5491449158442648  train-loss:  0.41481190943159163  lr:  1.9073486328125e-08
#epoch  346    val-loss:  0.5491587817668915  train-loss:  0.41481234785169363  lr:  1.9073486328125e-08
#epoch  347    val-loss:  0.5506781747466639  train-loss:  0.4148176326416433  lr:  1.9073486328125e-08
#epoch  348    val-loss:  0.5515775429575067  train-loss:  0.41485492582432926  lr:  1.9073486328125e-08
#epoch  349    val-loss:  0.5501644329020852  train-loss:  0.4147844430990517  lr:  1.9073486328125e-08
#epoch  350    val-loss:  0.5519132520023146  train-loss:  0.4147295852890238  lr:  1.9073486328125e-08
#epoch  351    val-loss:  0.549052423552463  train-loss:  0.4146650250768289  lr:  1.9073486328125e-08
#epoch  352    val-loss:  0.5495089104301051  train-loss:  0.41481036972254515  lr:  1.9073486328125e-08
#epoch  353    val-loss:  0.5495543323065105  train-loss:  0.4147163222078234  lr:  1.9073486328125e-08
#epoch  354    val-loss:  0.54853145699752  train-loss:  0.4148527530487627  lr:  1.9073486328125e-08
#epoch  355    val-loss:  0.5574686589993929  train-loss:  0.4148253366583958  lr:  1.9073486328125e-08
#epoch  356    val-loss:  0.5495832954582415  train-loss:  0.41473650850821286  lr:  1.9073486328125e-08
#epoch  357    val-loss:  0.5507521974413019  train-loss:  0.41473987721838057  lr:  1.9073486328125e-08
#epoch  358    val-loss:  0.5477845323713202  train-loss:  0.4147845368133858  lr:  1.9073486328125e-08
#epoch  359    val-loss:  0.5521865832178217  train-loss:  0.41476446960587054  lr:  1.9073486328125e-08
#epoch  360    val-loss:  0.550333675585295  train-loss:  0.41478575416840613  lr:  1.9073486328125e-08
#epoch  361    val-loss:  0.5479988973391684  train-loss:  0.41475777060259134  lr:  1.9073486328125e-08
#epoch  362    val-loss:  0.5472718100798758  train-loss:  0.4148648529080674  lr:  1.9073486328125e-08
#epoch  363    val-loss:  0.5534540979485763  train-loss:  0.41472650272771716  lr:  1.9073486328125e-08
#epoch  364    val-loss:  0.5507551494397616  train-loss:  0.4147206081543118  lr:  1.9073486328125e-08
#epoch  365    val-loss:  0.5501024817165575  train-loss:  0.4148212600266561  lr:  1.9073486328125e-08
#epoch  366    val-loss:  0.546907115923731  train-loss:  0.4148017953848466  lr:  1.9073486328125e-08
#epoch  367    val-loss:  0.5519420034007022  train-loss:  0.41480364627204835  lr:  1.9073486328125e-08
#epoch  368    val-loss:  0.5491390557665574  train-loss:  0.41476991621311754  lr:  1.9073486328125e-08
#epoch  369    val-loss:  0.5495495325640628  train-loss:  0.4148670871509239  lr:  1.9073486328125e-08
#epoch  370    val-loss:  0.5510623455047607  train-loss:  0.4147511871997267  lr:  1.9073486328125e-08
#epoch  371    val-loss:  0.5486646827898527  train-loss:  0.41469669132493436  lr:  1.9073486328125e-08
#epoch  372    val-loss:  0.5512034140135113  train-loss:  0.4148246726254001  lr:  1.9073486328125e-08
#epoch  373    val-loss:  0.5482754644594694  train-loss:  0.4147491861367598  lr:  1.9073486328125e-08
#epoch  374    val-loss:  0.5528378800341958  train-loss:  0.4148401959100738  lr:  1.9073486328125e-08
#epoch  375    val-loss:  0.553439946551072  train-loss:  0.41474176035262644  lr:  1.9073486328125e-08
#epoch  376    val-loss:  0.5482547094947413  train-loss:  0.41477273183409125  lr:  1.9073486328125e-08
#epoch  377    val-loss:  0.5490212769884812  train-loss:  0.41483277059160173  lr:  1.9073486328125e-08
#epoch  378    val-loss:  0.5531275303740251  train-loss:  0.41472099407110363  lr:  1.9073486328125e-08
#epoch  379    val-loss:  0.5500013765535856  train-loss:  0.41475964325945824  lr:  1.9073486328125e-08
#epoch  380    val-loss:  0.5496572318829989  train-loss:  0.4147986426251009  lr:  1.9073486328125e-08
#epoch  381    val-loss:  0.5557381432307394  train-loss:  0.41478547151200473  lr:  1.9073486328125e-08
#epoch  382    val-loss:  0.5528767328513297  train-loss:  0.4148011925863102  lr:  1.9073486328125e-08
#epoch  383    val-loss:  0.5491281873301456  train-loss:  0.41477280983235687  lr:  1.9073486328125e-08
#epoch  384    val-loss:  0.551663853620228  train-loss:  0.41484104248229414  lr:  1.9073486328125e-08
#epoch  385    val-loss:  0.5510086636794241  train-loss:  0.41481188917532563  lr:  1.9073486328125e-08
#epoch  386    val-loss:  0.5488865689227456  train-loss:  0.41492831555660814  lr:  1.9073486328125e-08
#epoch  387    val-loss:  0.5491467024150648  train-loss:  0.41477762581780553  lr:  1.9073486328125e-08
#epoch  388    val-loss:  0.5462019412141097  train-loss:  0.41474967543035746  lr:  1.9073486328125e-08
#epoch  389    val-loss:  0.5488799010452471  train-loss:  0.4148037057602778  lr:  1.9073486328125e-08
#epoch  390    val-loss:  0.5493273013516476  train-loss:  0.4148293719626963  lr:  1.9073486328125e-08
#epoch  391    val-loss:  0.5511774593277982  train-loss:  0.41473928571213037  lr:  1.9073486328125e-08
#epoch  392    val-loss:  0.5474445364977184  train-loss:  0.4147436609491706  lr:  1.9073486328125e-08
#epoch  393    val-loss:  0.5490730012718  train-loss:  0.4148332899203524  lr:  1.9073486328125e-08
#epoch  394    val-loss:  0.5495564937591553  train-loss:  0.4147807597182691  lr:  1.9073486328125e-08
#epoch  395    val-loss:  0.5504220033946791  train-loss:  0.4148026768816635  lr:  1.9073486328125e-08
#epoch  396    val-loss:  0.5467163622379303  train-loss:  0.41478720773011446  lr:  1.9073486328125e-08
#epoch  397    val-loss:  0.5521291023806522  train-loss:  0.41468923131469637  lr:  1.9073486328125e-08
#epoch  398    val-loss:  0.5534099073786485  train-loss:  0.41474143019877374  lr:  1.9073486328125e-08
#epoch  399    val-loss:  0.5518094458078083  train-loss:  0.41484197380486876  lr:  1.9073486328125e-08
#epoch  400    val-loss:  0.5465511052232039  train-loss:  0.4148173248395324  lr:  1.9073486328125e-08
#epoch  401    val-loss:  0.549517666038714  train-loss:  0.4148043579189107  lr:  1.9073486328125e-08
#epoch  402    val-loss:  0.5491373209576857  train-loss:  0.4148772368207574  lr:  1.9073486328125e-08
#epoch  403    val-loss:  0.551653482412037  train-loss:  0.4147325201192871  lr:  1.9073486328125e-08
#epoch  404    val-loss:  0.548939879003324  train-loss:  0.41483313555363566  lr:  1.9073486328125e-08
#epoch  405    val-loss:  0.5471531246837816  train-loss:  0.41477171203587204  lr:  1.9073486328125e-08
#epoch  406    val-loss:  0.5491644206799959  train-loss:  0.4147436768980697  lr:  1.9073486328125e-08
#epoch  407    val-loss:  0.5493227776728178  train-loss:  0.41479846788570285  lr:  1.9073486328125e-08
#epoch  408    val-loss:  0.5511081752024198  train-loss:  0.4147691138787195  lr:  1.9073486328125e-08
#epoch  409    val-loss:  0.5502230744612845  train-loss:  0.41486399178393185  lr:  1.9073486328125e-08
#epoch  410    val-loss:  0.5519196610701712  train-loss:  0.4147832590388134  lr:  1.9073486328125e-08
#epoch  411    val-loss:  0.5505977147503903  train-loss:  0.4148144241189584  lr:  1.9073486328125e-08
#epoch  412    val-loss:  0.5465430382050966  train-loss:  0.41470691992435604  lr:  1.9073486328125e-08
#epoch  413    val-loss:  0.5534037728058664  train-loss:  0.41484291141387075  lr:  1.9073486328125e-08
#epoch  414    val-loss:  0.5532475709915161  train-loss:  0.4148074327968061  lr:  1.9073486328125e-08
#epoch  415    val-loss:  0.5510441754993639  train-loss:  0.4147532805800438  lr:  1.9073486328125e-08
#epoch  416    val-loss:  0.553754564962889  train-loss:  0.41467482480220497  lr:  1.9073486328125e-08
#epoch  417    val-loss:  0.5522023815857736  train-loss:  0.41479799011722207  lr:  1.9073486328125e-08
#epoch  418    val-loss:  0.5478995881582561  train-loss:  0.4147716728039086  lr:  1.9073486328125e-08
#epoch  419    val-loss:  0.5512114778945321  train-loss:  0.4147359624039382  lr:  1.9073486328125e-08
#epoch  420    val-loss:  0.5486313857530293  train-loss:  0.41481014201417565  lr:  1.9073486328125e-08
#epoch  421    val-loss:  0.5509777618081946  train-loss:  0.41482418472878635  lr:  1.9073486328125e-08
#epoch  422    val-loss:  0.5519950280064031  train-loss:  0.41473588184453547  lr:  1.9073486328125e-08
#epoch  423    val-loss:  0.5496500103097213  train-loss:  0.414801363251172  lr:  1.9073486328125e-08
#epoch  424    val-loss:  0.547711160622145  train-loss:  0.4148086851928383  lr:  1.9073486328125e-08
#epoch  425    val-loss:  0.5503842218926078  train-loss:  0.41483692137990147  lr:  1.9073486328125e-08
#epoch  426    val-loss:  0.5467111154606468  train-loss:  0.41478501830715686  lr:  1.9073486328125e-08
#epoch  427    val-loss:  0.5488600479929071  train-loss:  0.4147653717081994  lr:  1.9073486328125e-08
#epoch  428    val-loss:  0.5505683798539011  train-loss:  0.41475112515036017  lr:  1.9073486328125e-08
#epoch  429    val-loss:  0.5490941185700265  train-loss:  0.4147949346806854  lr:  1.9073486328125e-08
#epoch  430    val-loss:  0.5483550272489849  train-loss:  0.4148034454556182  lr:  1.9073486328125e-08
#epoch  431    val-loss:  0.5508091857558802  train-loss:  0.41478066134732217  lr:  1.9073486328125e-08
#epoch  432    val-loss:  0.5509555967230546  train-loss:  0.4148221949581057  lr:  1.9073486328125e-08
#epoch  433    val-loss:  0.5510303174194536  train-loss:  0.4147556518437341  lr:  1.9073486328125e-08
#epoch  434    val-loss:  0.5489425408212762  train-loss:  0.41473280952777714  lr:  1.9073486328125e-08
#epoch  435    val-loss:  0.5494361723724165  train-loss:  0.4148146486841142  lr:  1.9073486328125e-08
#epoch  436    val-loss:  0.5509899101759258  train-loss:  0.41480859427247196  lr:  1.9073486328125e-08
#epoch  437    val-loss:  0.5530494420151961  train-loss:  0.41482649894896895  lr:  1.9073486328125e-08
#epoch  438    val-loss:  0.5492816018430811  train-loss:  0.4147898784140125  lr:  1.9073486328125e-08
#epoch  439    val-loss:  0.5574039565889459  train-loss:  0.4147976445965469  lr:  1.9073486328125e-08
#epoch  440    val-loss:  0.5469480972541007  train-loss:  0.4149059059564024  lr:  1.9073486328125e-08
#epoch  441    val-loss:  0.550945266296989  train-loss:  0.41476072336081415  lr:  1.9073486328125e-08
#epoch  442    val-loss:  0.5504870069654364  train-loss:  0.4147907607257366  lr:  1.9073486328125e-08
#epoch  443    val-loss:  0.5496669944963957  train-loss:  0.41476459382101893  lr:  1.9073486328125e-08
#epoch  444    val-loss:  0.5488015162317377  train-loss:  0.4147742376662791  lr:  1.9073486328125e-08
#epoch  445    val-loss:  0.5496220839651007  train-loss:  0.41481134248897433  lr:  1.9073486328125e-08
#epoch  446    val-loss:  0.5504061956154672  train-loss:  0.4147365535609424  lr:  1.9073486328125e-08
#epoch  447    val-loss:  0.5505708644264623  train-loss:  0.4149035532027483  lr:  1.9073486328125e-08
#epoch  448    val-loss:  0.551773843012358  train-loss:  0.41472207102924585  lr:  1.9073486328125e-08
#epoch  449    val-loss:  0.5505816591413397  train-loss:  0.41487676522228867  lr:  1.9073486328125e-08
#epoch  450    val-loss:  0.553630701805416  train-loss:  0.414828181033954  lr:  1.9073486328125e-08
#epoch  451    val-loss:  0.5490481226067794  train-loss:  0.4147389834979549  lr:  1.9073486328125e-08
#epoch  452    val-loss:  0.5563452620255319  train-loss:  0.41482777043711394  lr:  1.9073486328125e-08
#epoch  453    val-loss:  0.5532680436184532  train-loss:  0.414780292310752  lr:  1.9073486328125e-08
#epoch  454    val-loss:  0.5482297006406283  train-loss:  0.41476587927900255  lr:  1.9073486328125e-08
#epoch  455    val-loss:  0.5531586565469441  train-loss:  0.41478925524279475  lr:  1.9073486328125e-08
#epoch  456    val-loss:  0.5525281052840384  train-loss:  0.414671977981925  lr:  1.9073486328125e-08
#epoch  457    val-loss:  0.5510319502730119  train-loss:  0.41481335973367095  lr:  1.9073486328125e-08
#epoch  458    val-loss:  0.5497753290753615  train-loss:  0.41478282143361866  lr:  1.9073486328125e-08
#epoch  459    val-loss:  0.5488959519486678  train-loss:  0.4148724040715024  lr:  1.9073486328125e-08
#epoch  460    val-loss:  0.5513363982501783  train-loss:  0.41478513355832547  lr:  1.9073486328125e-08
#epoch  461    val-loss:  0.551964681399496  train-loss:  0.4148454893147573  lr:  1.9073486328125e-08
#epoch  462    val-loss:  0.5529669805576927  train-loss:  0.414750219671987  lr:  1.9073486328125e-08
#epoch  463    val-loss:  0.5511365266222703  train-loss:  0.41480799834243953  lr:  1.9073486328125e-08
#epoch  464    val-loss:  0.5472859504975771  train-loss:  0.4147451714379713  lr:  1.9073486328125e-08
#epoch  465    val-loss:  0.5491843725505628  train-loss:  0.414761648979038  lr:  1.9073486328125e-08
#epoch  466    val-loss:  0.5490091066611441  train-loss:  0.4147895312635228  lr:  1.9073486328125e-08
#epoch  467    val-loss:  0.552685863093326  train-loss:  0.41485702304635197  lr:  1.9073486328125e-08
#epoch  468    val-loss:  0.5576446605356116  train-loss:  0.41478147520683706  lr:  1.9073486328125e-08
#epoch  469    val-loss:  0.5531656914635709  train-loss:  0.414840716519393  lr:  1.9073486328125e-08
#epoch  470    val-loss:  0.5508963026498493  train-loss:  0.4147569239139557  lr:  1.9073486328125e-08
#epoch  471    val-loss:  0.5511140729251661  train-loss:  0.41480737505480647  lr:  1.9073486328125e-08
#epoch  472    val-loss:  0.5519548811410603  train-loss:  0.4147981432033703  lr:  1.9073486328125e-08
#epoch  473    val-loss:  0.5468848771170566  train-loss:  0.41471477318555117  lr:  1.9073486328125e-08
#epoch  474    val-loss:  0.5520233057047191  train-loss:  0.4146589443553239  lr:  1.9073486328125e-08
#epoch  475    val-loss:  0.5507621169090271  train-loss:  0.4147092215716839  lr:  1.9073486328125e-08
#epoch  476    val-loss:  0.5508208055245248  train-loss:  0.4147547824541107  lr:  1.9073486328125e-08
#epoch  477    val-loss:  0.5533141776135093  train-loss:  0.41482211428228766  lr:  1.9073486328125e-08
#epoch  478    val-loss:  0.5535514480189273  train-loss:  0.41483698529191315  lr:  1.9073486328125e-08
#epoch  479    val-loss:  0.5482082664966583  train-loss:  0.4148382507264614  lr:  1.9073486328125e-08
#epoch  480    val-loss:  0.5473779377184416  train-loss:  0.4148202328942716  lr:  1.9073486328125e-08
#epoch  481    val-loss:  0.5503101286135221  train-loss:  0.41487403656356037  lr:  1.9073486328125e-08
#epoch  482    val-loss:  0.5503666447965723  train-loss:  0.41477126558311284  lr:  1.9073486328125e-08
#epoch  483    val-loss:  0.5530434690023723  train-loss:  0.41470772365573794  lr:  1.9073486328125e-08
#epoch  484    val-loss:  0.5487726142531947  train-loss:  0.4148304369300604  lr:  1.9073486328125e-08
#epoch  485    val-loss:  0.5515933789704975  train-loss:  0.41476433898787946  lr:  1.9073486328125e-08
#epoch  486    val-loss:  0.5500035223207975  train-loss:  0.41484075016342103  lr:  1.9073486328125e-08
#epoch  487    val-loss:  0.5505691515771967  train-loss:  0.4147728563984856  lr:  1.9073486328125e-08
#epoch  488    val-loss:  0.5461532112799192  train-loss:  0.4148707911372185  lr:  1.9073486328125e-08
#epoch  489    val-loss:  0.5520605789987665  train-loss:  0.4148369862232357  lr:  1.9073486328125e-08
#epoch  490    val-loss:  0.5519089918387564  train-loss:  0.414852365385741  lr:  1.9073486328125e-08
#epoch  491    val-loss:  0.551818239061456  train-loss:  0.4147492590127513  lr:  1.9073486328125e-08
#epoch  492    val-loss:  0.5497839325352719  train-loss:  0.41474190982989967  lr:  1.9073486328125e-08
#epoch  493    val-loss:  0.5482302982556192  train-loss:  0.4148575549479574  lr:  1.9073486328125e-08
#epoch  494    val-loss:  0.550658498939715  train-loss:  0.41482131578959525  lr:  1.9073486328125e-08
#epoch  495    val-loss:  0.5495881061804923  train-loss:  0.41484387789387256  lr:  1.9073486328125e-08
#epoch  496    val-loss:  0.5507905577358446  train-loss:  0.41487174900248647  lr:  1.9073486328125e-08
#epoch  497    val-loss:  0.551674014643619  train-loss:  0.41480648261494935  lr:  1.9073486328125e-08
#epoch  498    val-loss:  0.5521329108037447  train-loss:  0.41474255884531885  lr:  1.9073486328125e-08
#epoch  499    val-loss:  0.5495508124953822  train-loss:  0.41470424458384514  lr:  1.9073486328125e-08
