model 7e1e9ed2d6904be9b789dc0fd2af6130c8d92b5e59625084c82f6539 state_dict has not been found
Model was not found
torch.cuda.is_available():	 True
runargs:	 Namespace(co2=False, depth=110.0, disp=-1, domain='global', epoch=0, latitude=False, linsupres=True, lossfun='MSE', lr=0.01, lsrp_span=12, maxepoch=500, minibatch=4, mode='train', normalization='standard', num_workers=40, parts=[1, 1], persistent_workers=False, prefetch_factor=1, relog=True, rerun=True, sanity=False, sigma=8, temperature=True)
data_address /scratch/zanna/data/cm2.6/coarse_8_beneath_surface.zarr
using device: cuda:0
epochs started
#epoch  0    val-loss:  1.567100167274475  train-loss:  1.840034358203411  lr:  0.01
#epoch  1    val-loss:  1.016315497850117  train-loss:  1.1423684291075915  lr:  0.01
#epoch  2    val-loss:  0.9136671643508109  train-loss:  0.8763450288679451  lr:  0.01
#epoch  3    val-loss:  0.836393227702693  train-loss:  0.7893317353446037  lr:  0.01
#epoch  4    val-loss:  0.8094923527617204  train-loss:  0.74204241624102  lr:  0.01
#epoch  5    val-loss:  0.7616859015665556  train-loss:  0.7057895832695067  lr:  0.01
#epoch  6    val-loss:  0.7337681368777627  train-loss:  0.6775259762071073  lr:  0.01
#epoch  7    val-loss:  0.7292769833614952  train-loss:  0.6548680828418583  lr:  0.01
#epoch  8    val-loss:  0.7250265667313024  train-loss:  0.6371895861811936  lr:  0.01
#epoch  9    val-loss:  0.701734439322823  train-loss:  0.6181839979253709  lr:  0.01
#epoch  10    val-loss:  0.7019605479742351  train-loss:  0.6047380662057549  lr:  0.01
#epoch  11    val-loss:  0.6711899104871248  train-loss:  0.5913410321809351  lr:  0.01
#epoch  12    val-loss:  0.6717596556011  train-loss:  0.5797412127722055  lr:  0.01
#epoch  13    val-loss:  0.6493517976058157  train-loss:  0.5681548315333202  lr:  0.01
#epoch  14    val-loss:  0.6359760259327135  train-loss:  0.5566954478854313  lr:  0.01
#epoch  15    val-loss:  0.6271093487739563  train-loss:  0.5485364493215457  lr:  0.01
#epoch  16    val-loss:  0.6228878215739602  train-loss:  0.5400462601101026  lr:  0.01
#epoch  17    val-loss:  0.6250071431461134  train-loss:  0.5327942351577803  lr:  0.01
#epoch  18    val-loss:  0.6226384200547871  train-loss:  0.5275994645198807  lr:  0.01
#epoch  19    val-loss:  0.6177040432628832  train-loss:  0.5213703690096736  lr:  0.01
#epoch  20    val-loss:  0.6105083038932398  train-loss:  0.5157921893987805  lr:  0.01
#epoch  21    val-loss:  0.5981261259631107  train-loss:  0.5114056337624788  lr:  0.01
#epoch  22    val-loss:  0.6004743513308073  train-loss:  0.5083194458857179  lr:  0.01
#epoch  23    val-loss:  0.5969771648708143  train-loss:  0.5038757839938626  lr:  0.01
#epoch  24    val-loss:  0.5970607148973566  train-loss:  0.501035216730088  lr:  0.01
#epoch  25    val-loss:  0.6020875416303936  train-loss:  0.4973387193167582  lr:  0.01
#epoch  26    val-loss:  0.5931878403613442  train-loss:  0.4935207139933482  lr:  0.01
#epoch  27    val-loss:  0.5935295255560624  train-loss:  0.4906911316793412  lr:  0.01
#epoch  28    val-loss:  0.5982036245496649  train-loss:  0.4875085282837972  lr:  0.01
#epoch  29    val-loss:  0.6020147016173915  train-loss:  0.48488296777941287  lr:  0.01
#epoch  30    val-loss:  0.5718483548415335  train-loss:  0.462654898641631  lr:  0.005
#epoch  31    val-loss:  0.5639421877108122  train-loss:  0.4597843608353287  lr:  0.005
#epoch  32    val-loss:  0.6000738394887823  train-loss:  0.4592170160030946  lr:  0.005
#epoch  33    val-loss:  0.5789375367917513  train-loss:  0.4580499685835093  lr:  0.005
#epoch  34    val-loss:  0.5720983806409334  train-loss:  0.4563427451066673  lr:  0.005
#epoch  35    val-loss:  0.5518667854760823  train-loss:  0.4440103601664305  lr:  0.0025
#epoch  36    val-loss:  0.5600137020412245  train-loss:  0.442544927704148  lr:  0.0025
#epoch  37    val-loss:  0.5556071432013261  train-loss:  0.44145999988541007  lr:  0.0025
#epoch  38    val-loss:  0.5548011080214852  train-loss:  0.4408655815059319  lr:  0.0025
#epoch  39    val-loss:  0.5525946350474107  train-loss:  0.4339977997587994  lr:  0.00125
#epoch  40    val-loss:  0.5486853185452913  train-loss:  0.4329574580769986  lr:  0.00125
#epoch  41    val-loss:  0.5488814178266024  train-loss:  0.43259784241672605  lr:  0.00125
#epoch  42    val-loss:  0.5524063627970847  train-loss:  0.4322763420641422  lr:  0.00125
#epoch  43    val-loss:  0.5532282622236955  train-loss:  0.43156052962876856  lr:  0.00125
#epoch  44    val-loss:  0.5458563817174811  train-loss:  0.42762187984772027  lr:  0.000625
#epoch  45    val-loss:  0.5509249944435922  train-loss:  0.4272175473161042  lr:  0.000625
#epoch  46    val-loss:  0.5511024155114826  train-loss:  0.4269126894650981  lr:  0.000625
#epoch  47    val-loss:  0.5463190831636128  train-loss:  0.4266095667844638  lr:  0.000625
#epoch  48    val-loss:  0.54756098985672  train-loss:  0.4246038611745462  lr:  0.0003125
#epoch  49    val-loss:  0.5450992003867501  train-loss:  0.4242650041123852  lr:  0.0003125
#epoch  50    val-loss:  0.5494656500063444  train-loss:  0.4240512498654425  lr:  0.0003125
#epoch  51    val-loss:  0.5496835316482344  train-loss:  0.42395717359613627  lr:  0.0003125
#epoch  52    val-loss:  0.5489711337967923  train-loss:  0.4239743546349928  lr:  0.0003125
#epoch  53    val-loss:  0.5498198333539461  train-loss:  0.4227656056173146  lr:  0.00015625
#epoch  54    val-loss:  0.5477809043307054  train-loss:  0.42258893221151084  lr:  0.00015625
#epoch  55    val-loss:  0.5467822190962339  train-loss:  0.42258952814154327  lr:  0.00015625
#epoch  56    val-loss:  0.5499114958863509  train-loss:  0.422036275267601  lr:  7.8125e-05
#epoch  57    val-loss:  0.5476354203726116  train-loss:  0.4219020508462563  lr:  7.8125e-05
#epoch  58    val-loss:  0.5516862555554038  train-loss:  0.42187790432944894  lr:  7.8125e-05
#epoch  59    val-loss:  0.5494636799159803  train-loss:  0.42152448755223304  lr:  3.90625e-05
#epoch  60    val-loss:  0.5500292276081286  train-loss:  0.4215328984428197  lr:  3.90625e-05
#epoch  61    val-loss:  0.5477986523979589  train-loss:  0.4214939047815278  lr:  3.90625e-05
#epoch  62    val-loss:  0.5479717913426851  train-loss:  0.4212378937518224  lr:  1.953125e-05
#epoch  63    val-loss:  0.549971342086792  train-loss:  0.42127395956777036  lr:  1.953125e-05
#epoch  64    val-loss:  0.5504286665665475  train-loss:  0.4212353873299435  lr:  1.953125e-05
#epoch  65    val-loss:  0.5480068796559384  train-loss:  0.4212480664718896  lr:  9.765625e-06
#epoch  66    val-loss:  0.5482036879188136  train-loss:  0.42113193590193987  lr:  9.765625e-06
#epoch  67    val-loss:  0.547865712328961  train-loss:  0.4211654437240213  lr:  9.765625e-06
#epoch  68    val-loss:  0.5504635776344099  train-loss:  0.42107972071971744  lr:  4.8828125e-06
#epoch  69    val-loss:  0.5475392906289351  train-loss:  0.42113859485834837  lr:  4.8828125e-06
#epoch  70    val-loss:  0.5512570927017614  train-loss:  0.4211452967720106  lr:  4.8828125e-06
#epoch  71    val-loss:  0.5473447881246868  train-loss:  0.4210793044185266  lr:  2.44140625e-06
#epoch  72    val-loss:  0.5480868283071016  train-loss:  0.4211791444104165  lr:  2.44140625e-06
#epoch  73    val-loss:  0.5483447470163044  train-loss:  0.42108520516194403  lr:  2.44140625e-06
#epoch  74    val-loss:  0.5538724127568697  train-loss:  0.4212041918653995  lr:  1.220703125e-06
#epoch  75    val-loss:  0.5455872149843919  train-loss:  0.42110854072961956  lr:  1.220703125e-06
#epoch  76    val-loss:  0.5505175010154122  train-loss:  0.4211041323142126  lr:  1.220703125e-06
#epoch  77    val-loss:  0.5456555093589582  train-loss:  0.4210938815958798  lr:  6.103515625e-07
#epoch  78    val-loss:  0.5470579799852873  train-loss:  0.4210839389124885  lr:  6.103515625e-07
#epoch  79    val-loss:  0.545402920559833  train-loss:  0.4210618451470509  lr:  6.103515625e-07
#epoch  80    val-loss:  0.5460958135755438  train-loss:  0.42116691591218114  lr:  3.0517578125e-07
#epoch  81    val-loss:  0.5495826445127788  train-loss:  0.42116450623143464  lr:  3.0517578125e-07
#epoch  82    val-loss:  0.5474730102639449  train-loss:  0.42105371691286564  lr:  3.0517578125e-07
#epoch  83    val-loss:  0.551194650562186  train-loss:  0.4211217013653368  lr:  1.52587890625e-07
#epoch  84    val-loss:  0.5481921340289869  train-loss:  0.4210575394099578  lr:  1.52587890625e-07
#epoch  85    val-loss:  0.5483518148723402  train-loss:  0.4211323665222153  lr:  1.52587890625e-07
#epoch  86    val-loss:  0.548090514383818  train-loss:  0.42104966926854104  lr:  7.62939453125e-08
#epoch  87    val-loss:  0.5477989535582694  train-loss:  0.4211493250913918  lr:  7.62939453125e-08
#epoch  88    val-loss:  0.5516546180373744  train-loss:  0.42106470244470984  lr:  7.62939453125e-08
#epoch  89    val-loss:  0.5500775732492146  train-loss:  0.4210743719013408  lr:  3.814697265625e-08
#epoch  90    val-loss:  0.5468880785138983  train-loss:  0.42106817569583654  lr:  3.814697265625e-08
#epoch  91    val-loss:  0.5466534118903311  train-loss:  0.42110585572663695  lr:  3.814697265625e-08
#epoch  92    val-loss:  0.5479882814382252  train-loss:  0.42116415628697723  lr:  1.9073486328125e-08
#epoch  93    val-loss:  0.5500514507293701  train-loss:  0.4211610334459692  lr:  1.9073486328125e-08
#epoch  94    val-loss:  0.5477586639554877  train-loss:  0.4211289662634954  lr:  1.9073486328125e-08
#epoch  95    val-loss:  0.5488728724027935  train-loss:  0.421052606892772  lr:  1.9073486328125e-08
#epoch  96    val-loss:  0.5547961216223868  train-loss:  0.4211638100678101  lr:  1.9073486328125e-08
#epoch  97    val-loss:  0.5486464657281575  train-loss:  0.4210930314147845  lr:  1.9073486328125e-08
#epoch  98    val-loss:  0.5507468408659885  train-loss:  0.4209891950013116  lr:  1.9073486328125e-08
#epoch  99    val-loss:  0.5473808159953669  train-loss:  0.4211304213386029  lr:  1.9073486328125e-08
#epoch  100    val-loss:  0.54535353497455  train-loss:  0.4211170490598306  lr:  1.9073486328125e-08
#epoch  101    val-loss:  0.5499792365651381  train-loss:  0.42106174607761204  lr:  1.9073486328125e-08
#epoch  102    val-loss:  0.5499343840699447  train-loss:  0.42108554660808295  lr:  1.9073486328125e-08
#epoch  103    val-loss:  0.5497656433205855  train-loss:  0.4210480225738138  lr:  1.9073486328125e-08
#epoch  104    val-loss:  0.5449858652917963  train-loss:  0.42111864231992513  lr:  1.9073486328125e-08
#epoch  105    val-loss:  0.5480709326894659  train-loss:  0.4210855298442766  lr:  1.9073486328125e-08
#epoch  106    val-loss:  0.5491037055065757  train-loss:  0.421128137037158  lr:  1.9073486328125e-08
#epoch  107    val-loss:  0.5483061294806632  train-loss:  0.42107891326304525  lr:  1.9073486328125e-08
#epoch  108    val-loss:  0.5519476532936096  train-loss:  0.42099666548892856  lr:  1.9073486328125e-08
#epoch  109    val-loss:  0.5473898319821608  train-loss:  0.42112314247060567  lr:  1.9073486328125e-08
#epoch  110    val-loss:  0.5486562691236797  train-loss:  0.42099095473531634  lr:  1.9073486328125e-08
#epoch  111    val-loss:  0.5496532242549094  train-loss:  0.4210723083233461  lr:  1.9073486328125e-08
#epoch  112    val-loss:  0.5474284887313843  train-loss:  0.4211528723826632  lr:  1.9073486328125e-08
#epoch  113    val-loss:  0.5498571678211814  train-loss:  0.4209713271120563  lr:  1.9073486328125e-08
#epoch  114    val-loss:  0.546601580946069  train-loss:  0.4210992295993492  lr:  1.9073486328125e-08
#epoch  115    val-loss:  0.5477498440366042  train-loss:  0.42107877461239696  lr:  1.9073486328125e-08
#epoch  116    val-loss:  0.5537858448530498  train-loss:  0.421120397048071  lr:  1.9073486328125e-08
#epoch  117    val-loss:  0.5513000833360773  train-loss:  0.4211093442281708  lr:  1.9073486328125e-08
#epoch  118    val-loss:  0.550050067274194  train-loss:  0.4209988641086966  lr:  1.9073486328125e-08
#epoch  119    val-loss:  0.5481875758422049  train-loss:  0.421109976246953  lr:  1.9073486328125e-08
#epoch  120    val-loss:  0.5514787059081229  train-loss:  0.42098396667279303  lr:  1.9073486328125e-08
#epoch  121    val-loss:  0.5470241951315027  train-loss:  0.42093374871183187  lr:  1.9073486328125e-08
#epoch  122    val-loss:  0.5447919949104911  train-loss:  0.4212045497260988  lr:  1.9073486328125e-08
#epoch  123    val-loss:  0.5508146929113489  train-loss:  0.42104021774139255  lr:  1.9073486328125e-08
#epoch  124    val-loss:  0.5481754337486467  train-loss:  0.4210484749637544  lr:  1.9073486328125e-08
#epoch  125    val-loss:  0.5468630602485255  train-loss:  0.42122463206760585  lr:  1.9073486328125e-08
#epoch  126    val-loss:  0.5468813965195104  train-loss:  0.4210509730037302  lr:  1.9073486328125e-08
#epoch  127    val-loss:  0.5502093810784189  train-loss:  0.4211086855502799  lr:  1.9073486328125e-08
#epoch  128    val-loss:  0.5451518014857644  train-loss:  0.4210398538270965  lr:  1.9073486328125e-08
#epoch  129    val-loss:  0.5513723429880644  train-loss:  0.421021314105019  lr:  1.9073486328125e-08
#epoch  130    val-loss:  0.5517200608002512  train-loss:  0.42096395639237016  lr:  1.9073486328125e-08
#epoch  131    val-loss:  0.5477034261352137  train-loss:  0.4210638195509091  lr:  1.9073486328125e-08
#epoch  132    val-loss:  0.5497981717712  train-loss:  0.4210711878258735  lr:  1.9073486328125e-08
#epoch  133    val-loss:  0.5470809497331318  train-loss:  0.4209602090995759  lr:  1.9073486328125e-08
#epoch  134    val-loss:  0.5475118348472997  train-loss:  0.42114664474502206  lr:  1.9073486328125e-08
#epoch  135    val-loss:  0.5506886212449325  train-loss:  0.4210992691805586  lr:  1.9073486328125e-08
#epoch  136    val-loss:  0.5468910932540894  train-loss:  0.4210579813225195  lr:  1.9073486328125e-08
#epoch  137    val-loss:  0.5485957547237998  train-loss:  0.4210615640040487  lr:  1.9073486328125e-08
#epoch  138    val-loss:  0.5498325542399758  train-loss:  0.42106945475097746  lr:  1.9073486328125e-08
#epoch  139    val-loss:  0.5509241066480938  train-loss:  0.42108883464243263  lr:  1.9073486328125e-08
#epoch  140    val-loss:  0.546810363468371  train-loss:  0.42105815652757883  lr:  1.9073486328125e-08
#epoch  141    val-loss:  0.5544708355476982  train-loss:  0.420998529298231  lr:  1.9073486328125e-08
#epoch  142    val-loss:  0.5481416018385636  train-loss:  0.4210746680619195  lr:  1.9073486328125e-08
#epoch  143    val-loss:  0.5479906389587804  train-loss:  0.4210253057535738  lr:  1.9073486328125e-08
#epoch  144    val-loss:  0.5479075218501844  train-loss:  0.42106776288710535  lr:  1.9073486328125e-08
#epoch  145    val-loss:  0.5501328832224796  train-loss:  0.4210723157739267  lr:  1.9073486328125e-08
#epoch  146    val-loss:  0.5466645956039429  train-loss:  0.4211776275187731  lr:  1.9073486328125e-08
#epoch  147    val-loss:  0.5477180355473569  train-loss:  0.42105879355221987  lr:  1.9073486328125e-08
#epoch  148    val-loss:  0.5470056596555208  train-loss:  0.4211386381648481  lr:  1.9073486328125e-08
#epoch  149    val-loss:  0.5453713677431408  train-loss:  0.42117700760718435  lr:  1.9073486328125e-08
#epoch  150    val-loss:  0.5499030508493122  train-loss:  0.4211707293288782  lr:  1.9073486328125e-08
#epoch  151    val-loss:  0.551344611142811  train-loss:  0.42101669986732304  lr:  1.9073486328125e-08
#epoch  152    val-loss:  0.5448541390268427  train-loss:  0.42108855093829334  lr:  1.9073486328125e-08
#epoch  153    val-loss:  0.5453933712683225  train-loss:  0.421017947839573  lr:  1.9073486328125e-08
#epoch  154    val-loss:  0.5516715049743652  train-loss:  0.42112125433050096  lr:  1.9073486328125e-08
#epoch  155    val-loss:  0.5453581543345201  train-loss:  0.42103711620438844  lr:  1.9073486328125e-08
#epoch  156    val-loss:  0.5470830327586124  train-loss:  0.4211433751042932  lr:  1.9073486328125e-08
#epoch  157    val-loss:  0.5466780693907487  train-loss:  0.4211279172450304  lr:  1.9073486328125e-08
#epoch  158    val-loss:  0.5480441388330961  train-loss:  0.42113018420059234  lr:  1.9073486328125e-08
#epoch  159    val-loss:  0.5471447878762296  train-loss:  0.4211222232552245  lr:  1.9073486328125e-08
#epoch  160    val-loss:  0.5466307323229941  train-loss:  0.4210714881774038  lr:  1.9073486328125e-08
#epoch  161    val-loss:  0.5503641304216886  train-loss:  0.4212260900530964  lr:  1.9073486328125e-08
#epoch  162    val-loss:  0.549984806462338  train-loss:  0.4212009245529771  lr:  1.9073486328125e-08
#epoch  163    val-loss:  0.5496702398124494  train-loss:  0.4211388382827863  lr:  1.9073486328125e-08
#epoch  164    val-loss:  0.5494419179464641  train-loss:  0.4210395193658769  lr:  1.9073486328125e-08
#epoch  165    val-loss:  0.5502587823491347  train-loss:  0.42107787542045116  lr:  1.9073486328125e-08
#epoch  166    val-loss:  0.5472889887659174  train-loss:  0.4210033006966114  lr:  1.9073486328125e-08
#epoch  167    val-loss:  0.5485747989855314  train-loss:  0.42106347205117345  lr:  1.9073486328125e-08
#epoch  168    val-loss:  0.5448609010169381  train-loss:  0.4210542320506647  lr:  1.9073486328125e-08
#epoch  169    val-loss:  0.5519151499396876  train-loss:  0.4210309722693637  lr:  1.9073486328125e-08
#epoch  170    val-loss:  0.5495570647089105  train-loss:  0.42105759121477604  lr:  1.9073486328125e-08
#epoch  171    val-loss:  0.5483865847713069  train-loss:  0.4211028170539066  lr:  1.9073486328125e-08
#epoch  172    val-loss:  0.5506880534322638  train-loss:  0.4211492429021746  lr:  1.9073486328125e-08
#epoch  173    val-loss:  0.5469518319556588  train-loss:  0.421102010528557  lr:  1.9073486328125e-08
#epoch  174    val-loss:  0.5487589992974934  train-loss:  0.4210959871998057  lr:  1.9073486328125e-08
#epoch  175    val-loss:  0.546731572402151  train-loss:  0.42104795132763684  lr:  1.9073486328125e-08
#epoch  176    val-loss:  0.5480948498374537  train-loss:  0.42107834108173847  lr:  1.9073486328125e-08
#epoch  177    val-loss:  0.5505073290122183  train-loss:  0.42108586453832686  lr:  1.9073486328125e-08
#epoch  178    val-loss:  0.5487024188041687  train-loss:  0.4210782080190256  lr:  1.9073486328125e-08
#epoch  179    val-loss:  0.5470044518771925  train-loss:  0.42105028277728707  lr:  1.9073486328125e-08
#epoch  180    val-loss:  0.5471614599227905  train-loss:  0.4211633261293173  lr:  1.9073486328125e-08
#epoch  181    val-loss:  0.5495903225321519  train-loss:  0.4211002188967541  lr:  1.9073486328125e-08
#epoch  182    val-loss:  0.548829574333994  train-loss:  0.4210343303857371  lr:  1.9073486328125e-08
#epoch  183    val-loss:  0.5469476298282021  train-loss:  0.42116688715759665  lr:  1.9073486328125e-08
#epoch  184    val-loss:  0.5451038840569948  train-loss:  0.42110965156462044  lr:  1.9073486328125e-08
#epoch  185    val-loss:  0.5508530359519156  train-loss:  0.42102669237647206  lr:  1.9073486328125e-08
#epoch  186    val-loss:  0.5501679982009687  train-loss:  0.4210298580583185  lr:  1.9073486328125e-08
#epoch  187    val-loss:  0.5491365288433275  train-loss:  0.42099363065790385  lr:  1.9073486328125e-08
#epoch  188    val-loss:  0.5457177099428678  train-loss:  0.4211477517383173  lr:  1.9073486328125e-08
#epoch  189    val-loss:  0.5471178826532865  train-loss:  0.42100278672296554  lr:  1.9073486328125e-08
#epoch  190    val-loss:  0.5494010793535333  train-loss:  0.4210401327582076  lr:  1.9073486328125e-08
#epoch  191    val-loss:  0.5494962303262008  train-loss:  0.4210828092182055  lr:  1.9073486328125e-08
#epoch  192    val-loss:  0.5467831241457086  train-loss:  0.42107057583052665  lr:  1.9073486328125e-08
#epoch  193    val-loss:  0.5456808005508623  train-loss:  0.4210840597515926  lr:  1.9073486328125e-08
#epoch  194    val-loss:  0.5476850114370647  train-loss:  0.4210601148661226  lr:  1.9073486328125e-08
#epoch  195    val-loss:  0.5491302389847604  train-loss:  0.4210785310715437  lr:  1.9073486328125e-08
#epoch  196    val-loss:  0.5478297754337913  train-loss:  0.42113714024890214  lr:  1.9073486328125e-08
#epoch  197    val-loss:  0.5476573172368502  train-loss:  0.42110104160383344  lr:  1.9073486328125e-08
#epoch  198    val-loss:  0.5481160330144983  train-loss:  0.4210959015181288  lr:  1.9073486328125e-08
#epoch  199    val-loss:  0.5504203423073417  train-loss:  0.42110981384757906  lr:  1.9073486328125e-08
#epoch  200    val-loss:  0.5494597742432042  train-loss:  0.4211127796443179  lr:  1.9073486328125e-08
#epoch  201    val-loss:  0.5462658295505926  train-loss:  0.4211307631339878  lr:  1.9073486328125e-08
#epoch  202    val-loss:  0.5474399234119215  train-loss:  0.4210699303075671  lr:  1.9073486328125e-08
#epoch  203    val-loss:  0.550858315668608  train-loss:  0.4210956555325538  lr:  1.9073486328125e-08
#epoch  204    val-loss:  0.5471575009195428  train-loss:  0.42113226011861116  lr:  1.9073486328125e-08
#epoch  205    val-loss:  0.5546499835817438  train-loss:  0.42109340988099575  lr:  1.9073486328125e-08
#epoch  206    val-loss:  0.551628661783118  train-loss:  0.4211145549779758  lr:  1.9073486328125e-08
#epoch  207    val-loss:  0.5516697874194697  train-loss:  0.4211165613960475  lr:  1.9073486328125e-08
#epoch  208    val-loss:  0.5480789604939913  train-loss:  0.4211133874487132  lr:  1.9073486328125e-08
#epoch  209    val-loss:  0.5499532473714728  train-loss:  0.42103541374672204  lr:  1.9073486328125e-08
#epoch  210    val-loss:  0.5480660953019795  train-loss:  0.4210539556806907  lr:  1.9073486328125e-08
#epoch  211    val-loss:  0.5487134017442402  train-loss:  0.42108325532171875  lr:  1.9073486328125e-08
#epoch  212    val-loss:  0.5513273759892112  train-loss:  0.42111291643232107  lr:  1.9073486328125e-08
#epoch  213    val-loss:  0.5451092469064813  train-loss:  0.42110409145243466  lr:  1.9073486328125e-08
#epoch  214    val-loss:  0.5547519388951754  train-loss:  0.42107940814457834  lr:  1.9073486328125e-08
#epoch  215    val-loss:  0.5476615742633217  train-loss:  0.4210506519302726  lr:  1.9073486328125e-08
#epoch  216    val-loss:  0.5444804037872114  train-loss:  0.42109013081062585  lr:  1.9073486328125e-08
#epoch  217    val-loss:  0.55203924681011  train-loss:  0.42123088240623474  lr:  1.9073486328125e-08
#epoch  218    val-loss:  0.5501524476628554  train-loss:  0.421056687599048  lr:  1.9073486328125e-08
#epoch  219    val-loss:  0.5479948489289534  train-loss:  0.420998303219676  lr:  1.9073486328125e-08
#epoch  220    val-loss:  0.5520711352950648  train-loss:  0.4211472934111953  lr:  1.9073486328125e-08
#epoch  221    val-loss:  0.5482298308297208  train-loss:  0.4210544291418046  lr:  1.9073486328125e-08
#epoch  222    val-loss:  0.5479787023443925  train-loss:  0.4211139213293791  lr:  1.9073486328125e-08
#epoch  223    val-loss:  0.5454799689744648  train-loss:  0.42113413161132485  lr:  1.9073486328125e-08
#epoch  224    val-loss:  0.5472570563617506  train-loss:  0.4210748744662851  lr:  1.9073486328125e-08
#epoch  225    val-loss:  0.5473317503929138  train-loss:  0.42111712333280593  lr:  1.9073486328125e-08
#epoch  226    val-loss:  0.5503546313235634  train-loss:  0.4211461666272953  lr:  1.9073486328125e-08
#epoch  227    val-loss:  0.549561619758606  train-loss:  0.4211513571208343  lr:  1.9073486328125e-08
#epoch  228    val-loss:  0.5446597980825525  train-loss:  0.4210765139432624  lr:  1.9073486328125e-08
#epoch  229    val-loss:  0.5502842445122568  train-loss:  0.42089921387378126  lr:  1.9073486328125e-08
#epoch  230    val-loss:  0.5498437520704771  train-loss:  0.42104909708723426  lr:  1.9073486328125e-08
#epoch  231    val-loss:  0.554566824122479  train-loss:  0.42110840941313654  lr:  1.9073486328125e-08
#epoch  232    val-loss:  0.5494767396073592  train-loss:  0.4210296089295298  lr:  1.9073486328125e-08
#epoch  233    val-loss:  0.547263702279643  train-loss:  0.42098630825057626  lr:  1.9073486328125e-08
#epoch  234    val-loss:  0.5471915853650946  train-loss:  0.4211583201540634  lr:  1.9073486328125e-08
#epoch  235    val-loss:  0.550287801968424  train-loss:  0.42105599609203637  lr:  1.9073486328125e-08
#epoch  236    val-loss:  0.5505240041958658  train-loss:  0.421074983663857  lr:  1.9073486328125e-08
#epoch  237    val-loss:  0.5515064581444389  train-loss:  0.4209784729173407  lr:  1.9073486328125e-08
#epoch  238    val-loss:  0.5471244423012984  train-loss:  0.421136345830746  lr:  1.9073486328125e-08
#epoch  239    val-loss:  0.5513175490655398  train-loss:  0.4211111773038283  lr:  1.9073486328125e-08
#epoch  240    val-loss:  0.5545836122412431  train-loss:  0.42114501900505275  lr:  1.9073486328125e-08
#epoch  241    val-loss:  0.5443107266175119  train-loss:  0.421073688659817  lr:  1.9073486328125e-08
#epoch  242    val-loss:  0.5479541766016107  train-loss:  0.4211590173654258  lr:  1.9073486328125e-08
#epoch  243    val-loss:  0.5484751713903326  train-loss:  0.4211514212656766  lr:  1.9073486328125e-08
#epoch  244    val-loss:  0.5463175867733202  train-loss:  0.42106779874302447  lr:  1.9073486328125e-08
#epoch  245    val-loss:  0.5477617288890638  train-loss:  0.42110868298914284  lr:  1.9073486328125e-08
#epoch  246    val-loss:  0.5499393689004999  train-loss:  0.42113144183531404  lr:  1.9073486328125e-08
#epoch  247    val-loss:  0.5490869534643072  train-loss:  0.42110551183577627  lr:  1.9073486328125e-08
#epoch  248    val-loss:  0.5520273133328086  train-loss:  0.4211278111906722  lr:  1.9073486328125e-08
#epoch  249    val-loss:  0.547690677015405  train-loss:  0.42108637117780745  lr:  1.9073486328125e-08
#epoch  250    val-loss:  0.5473268753603885  train-loss:  0.4210295050870627  lr:  1.9073486328125e-08
#epoch  251    val-loss:  0.5480262197946247  train-loss:  0.4210741870338097  lr:  1.9073486328125e-08
#epoch  252    val-loss:  0.5455078529684168  train-loss:  0.42104661744087934  lr:  1.9073486328125e-08
#epoch  253    val-loss:  0.5547975678192941  train-loss:  0.42097818630281836  lr:  1.9073486328125e-08
#epoch  254    val-loss:  0.5499610273461593  train-loss:  0.42108492797706276  lr:  1.9073486328125e-08
#epoch  255    val-loss:  0.5497885503266987  train-loss:  0.4210914793657139  lr:  1.9073486328125e-08
#epoch  256    val-loss:  0.5494496383165058  train-loss:  0.421019000466913  lr:  1.9073486328125e-08
#epoch  257    val-loss:  0.5540467877137033  train-loss:  0.4211851899744943  lr:  1.9073486328125e-08
#epoch  258    val-loss:  0.5472189156632674  train-loss:  0.4210918057942763  lr:  1.9073486328125e-08
#epoch  259    val-loss:  0.5450649167362013  train-loss:  0.42098814458586276  lr:  1.9073486328125e-08
#epoch  260    val-loss:  0.5476862945054707  train-loss:  0.4209864839212969  lr:  1.9073486328125e-08
#epoch  261    val-loss:  0.547565265705711  train-loss:  0.4210439765593037  lr:  1.9073486328125e-08
#epoch  262    val-loss:  0.551175738635816  train-loss:  0.4210619159275666  lr:  1.9073486328125e-08
#epoch  263    val-loss:  0.5479390119251452  train-loss:  0.421060717664659  lr:  1.9073486328125e-08
#epoch  264    val-loss:  0.5505697193898653  train-loss:  0.42108670773450285  lr:  1.9073486328125e-08
#epoch  265    val-loss:  0.5473866007829967  train-loss:  0.42115088691934943  lr:  1.9073486328125e-08
#epoch  266    val-loss:  0.5489862184775504  train-loss:  0.42102781357243657  lr:  1.9073486328125e-08
#epoch  267    val-loss:  0.5549517336644625  train-loss:  0.42109153512865305  lr:  1.9073486328125e-08
#epoch  268    val-loss:  0.5499353299015447  train-loss:  0.42108777340035886  lr:  1.9073486328125e-08
#epoch  269    val-loss:  0.5516219076357389  train-loss:  0.42108624579850584  lr:  1.9073486328125e-08
#epoch  270    val-loss:  0.5463642070167943  train-loss:  0.42107729671988636  lr:  1.9073486328125e-08
#epoch  271    val-loss:  0.5546570749659288  train-loss:  0.421074484125711  lr:  1.9073486328125e-08
#epoch  272    val-loss:  0.548592536072982  train-loss:  0.421119729639031  lr:  1.9073486328125e-08
#epoch  273    val-loss:  0.548390805721283  train-loss:  0.4211110136238858  lr:  1.9073486328125e-08
#epoch  274    val-loss:  0.548525399283359  train-loss:  0.42110856459476054  lr:  1.9073486328125e-08
#epoch  275    val-loss:  0.5521496910797922  train-loss:  0.42107248690444976  lr:  1.9073486328125e-08
#epoch  276    val-loss:  0.5481500186418232  train-loss:  0.4211302929325029  lr:  1.9073486328125e-08
#epoch  277    val-loss:  0.5513568457804228  train-loss:  0.4210833456600085  lr:  1.9073486328125e-08
#epoch  278    val-loss:  0.545421125073182  train-loss:  0.42109102418180555  lr:  1.9073486328125e-08
#epoch  279    val-loss:  0.5478685153158087  train-loss:  0.42100561421830207  lr:  1.9073486328125e-08
#epoch  280    val-loss:  0.5468215314965499  train-loss:  0.4210345111787319  lr:  1.9073486328125e-08
#epoch  281    val-loss:  0.549207191718252  train-loss:  0.421049609198235  lr:  1.9073486328125e-08
#epoch  282    val-loss:  0.5516026098477212  train-loss:  0.42103530559688807  lr:  1.9073486328125e-08
#epoch  283    val-loss:  0.5479914012708162  train-loss:  0.4211481175152585  lr:  1.9073486328125e-08
#epoch  284    val-loss:  0.5481284919537996  train-loss:  0.42099310294725  lr:  1.9073486328125e-08
#epoch  285    val-loss:  0.5506390270433927  train-loss:  0.4211340631591156  lr:  1.9073486328125e-08
#epoch  286    val-loss:  0.5498670402326082  train-loss:  0.42100019031204283  lr:  1.9073486328125e-08
#epoch  287    val-loss:  0.5550213581637332  train-loss:  0.42107007175218314  lr:  1.9073486328125e-08
#epoch  288    val-loss:  0.5512681901454926  train-loss:  0.42112125956919044  lr:  1.9073486328125e-08
#epoch  289    val-loss:  0.5474148361306441  train-loss:  0.4210682293632999  lr:  1.9073486328125e-08
#epoch  290    val-loss:  0.5513847046776822  train-loss:  0.42110769636929035  lr:  1.9073486328125e-08
#epoch  291    val-loss:  0.550116711541226  train-loss:  0.42108415288385004  lr:  1.9073486328125e-08
#epoch  292    val-loss:  0.5540029139895188  train-loss:  0.4211382430512458  lr:  1.9073486328125e-08
#epoch  293    val-loss:  0.5452397763729095  train-loss:  0.42113664699718356  lr:  1.9073486328125e-08
#epoch  294    val-loss:  0.5494196289464047  train-loss:  0.4210683428682387  lr:  1.9073486328125e-08
#epoch  295    val-loss:  0.545254332454581  train-loss:  0.42111892660614103  lr:  1.9073486328125e-08
#epoch  296    val-loss:  0.5455518490389774  train-loss:  0.4211669999640435  lr:  1.9073486328125e-08
#epoch  297    val-loss:  0.5474998558822431  train-loss:  0.4210285000735894  lr:  1.9073486328125e-08
#epoch  298    val-loss:  0.5478043713067707  train-loss:  0.420976402470842  lr:  1.9073486328125e-08
#epoch  299    val-loss:  0.5535458828273573  train-loss:  0.42117240733932704  lr:  1.9073486328125e-08
#epoch  300    val-loss:  0.5446483022288272  train-loss:  0.4211181813152507  lr:  1.9073486328125e-08
#epoch  301    val-loss:  0.5517019409882394  train-loss:  0.4211615186650306  lr:  1.9073486328125e-08
#epoch  302    val-loss:  0.5474523133353183  train-loss:  0.42107143672183156  lr:  1.9073486328125e-08
#epoch  303    val-loss:  0.546189358359889  train-loss:  0.42104927462060004  lr:  1.9073486328125e-08
#epoch  304    val-loss:  0.5511578337142342  train-loss:  0.4210934602888301  lr:  1.9073486328125e-08
#epoch  305    val-loss:  0.5494028110253183  train-loss:  0.4211846087127924  lr:  1.9073486328125e-08
#epoch  306    val-loss:  0.5494090099083749  train-loss:  0.42113077244721353  lr:  1.9073486328125e-08
#epoch  307    val-loss:  0.549072736187985  train-loss:  0.4210833751130849  lr:  1.9073486328125e-08
#epoch  308    val-loss:  0.5501311954699064  train-loss:  0.421044799964875  lr:  1.9073486328125e-08
#epoch  309    val-loss:  0.5499628656788876  train-loss:  0.4210315002128482  lr:  1.9073486328125e-08
#epoch  310    val-loss:  0.5544381251460627  train-loss:  0.4211710375966504  lr:  1.9073486328125e-08
#epoch  311    val-loss:  0.5513224476262143  train-loss:  0.42105360538698733  lr:  1.9073486328125e-08
#epoch  312    val-loss:  0.549233499326204  train-loss:  0.4210751496721059  lr:  1.9073486328125e-08
#epoch  313    val-loss:  0.5519454730184454  train-loss:  0.4210124396486208  lr:  1.9073486328125e-08
#epoch  314    val-loss:  0.5469600511224646  train-loss:  0.42112392268609256  lr:  1.9073486328125e-08
#epoch  315    val-loss:  0.5469437272925126  train-loss:  0.42114473367109895  lr:  1.9073486328125e-08
#epoch  316    val-loss:  0.5547083490773251  train-loss:  0.4210276254452765  lr:  1.9073486328125e-08
#epoch  317    val-loss:  0.544321596622467  train-loss:  0.4211464332183823  lr:  1.9073486328125e-08
#epoch  318    val-loss:  0.5472338387840673  train-loss:  0.42098302440717816  lr:  1.9073486328125e-08
#epoch  319    val-loss:  0.5483758261329249  train-loss:  0.4212129774969071  lr:  1.9073486328125e-08
#epoch  320    val-loss:  0.5474730071268583  train-loss:  0.42104446387384087  lr:  1.9073486328125e-08
#epoch  321    val-loss:  0.550315166774549  train-loss:  0.4210712829371914  lr:  1.9073486328125e-08
#epoch  322    val-loss:  0.5501118961133455  train-loss:  0.42111487372312695  lr:  1.9073486328125e-08
#epoch  323    val-loss:  0.5480800004381883  train-loss:  0.42116106068715453  lr:  1.9073486328125e-08
#epoch  324    val-loss:  0.5471906332593215  train-loss:  0.421098611317575  lr:  1.9073486328125e-08
#epoch  325    val-loss:  0.5479697255711806  train-loss:  0.42107932933140546  lr:  1.9073486328125e-08
#epoch  326    val-loss:  0.5488115188322569  train-loss:  0.42111415043473244  lr:  1.9073486328125e-08
#epoch  327    val-loss:  0.5487181261966103  train-loss:  0.4210732087958604  lr:  1.9073486328125e-08
#epoch  328    val-loss:  0.54769818876919  train-loss:  0.4210904808714986  lr:  1.9073486328125e-08
#epoch  329    val-loss:  0.5477765578972665  train-loss:  0.42110705585218966  lr:  1.9073486328125e-08
#epoch  330    val-loss:  0.5484817231956282  train-loss:  0.4211147812893614  lr:  1.9073486328125e-08
#epoch  331    val-loss:  0.5507719548125016  train-loss:  0.42104345350526273  lr:  1.9073486328125e-08
#epoch  332    val-loss:  0.5503642637478677  train-loss:  0.4211093158228323  lr:  1.9073486328125e-08
#epoch  333    val-loss:  0.5480333409811321  train-loss:  0.4211153717478737  lr:  1.9073486328125e-08
#epoch  334    val-loss:  0.5502402860867349  train-loss:  0.42116000270470977  lr:  1.9073486328125e-08
#epoch  335    val-loss:  0.5480840849248987  train-loss:  0.4211419883649796  lr:  1.9073486328125e-08
#epoch  336    val-loss:  0.5515178473372209  train-loss:  0.4210552420699969  lr:  1.9073486328125e-08
#epoch  337    val-loss:  0.5517450727914509  train-loss:  0.421137748635374  lr:  1.9073486328125e-08
#epoch  338    val-loss:  0.549547901279048  train-loss:  0.42106765892822295  lr:  1.9073486328125e-08
#epoch  339    val-loss:  0.5510474976740385  train-loss:  0.421188808279112  lr:  1.9073486328125e-08
#epoch  340    val-loss:  0.5470618919322365  train-loss:  0.4211309264646843  lr:  1.9073486328125e-08
#epoch  341    val-loss:  0.5500282362887734  train-loss:  0.4210899618919939  lr:  1.9073486328125e-08
#epoch  342    val-loss:  0.5481811354034826  train-loss:  0.42114141408819705  lr:  1.9073486328125e-08
#epoch  343    val-loss:  0.5458891987800598  train-loss:  0.4210460778558627  lr:  1.9073486328125e-08
#epoch  344    val-loss:  0.553705566807797  train-loss:  0.42116315255407244  lr:  1.9073486328125e-08
#epoch  345    val-loss:  0.5455776829468576  train-loss:  0.4211676287231967  lr:  1.9073486328125e-08
#epoch  346    val-loss:  0.5451226501088393  train-loss:  0.42113593441899866  lr:  1.9073486328125e-08
#epoch  347    val-loss:  0.5473152226523349  train-loss:  0.42109729535877705  lr:  1.9073486328125e-08
#epoch  348    val-loss:  0.5468767787280836  train-loss:  0.4210434464039281  lr:  1.9073486328125e-08
#epoch  349    val-loss:  0.5502710091440302  train-loss:  0.4211574128130451  lr:  1.9073486328125e-08
#epoch  350    val-loss:  0.5472492120767894  train-loss:  0.4210137977497652  lr:  1.9073486328125e-08
#epoch  351    val-loss:  0.5501320079753274  train-loss:  0.4211115000071004  lr:  1.9073486328125e-08
#epoch  352    val-loss:  0.5483102672978452  train-loss:  0.4210065307561308  lr:  1.9073486328125e-08
#epoch  353    val-loss:  0.5513445295785603  train-loss:  0.42101513408124447  lr:  1.9073486328125e-08
#epoch  354    val-loss:  0.5501262859294289  train-loss:  0.4211488099535927  lr:  1.9073486328125e-08
#epoch  355    val-loss:  0.5462752862980491  train-loss:  0.42121405189391226  lr:  1.9073486328125e-08
#epoch  356    val-loss:  0.5497405168257261  train-loss:  0.42117547418456525  lr:  1.9073486328125e-08
#epoch  357    val-loss:  0.5539775522131669  train-loss:  0.42111389560159296  lr:  1.9073486328125e-08
#epoch  358    val-loss:  0.5509561912009591  train-loss:  0.4210832885000855  lr:  1.9073486328125e-08
#epoch  359    val-loss:  0.5477140687013927  train-loss:  0.4210578567581251  lr:  1.9073486328125e-08
#epoch  360    val-loss:  0.5483707032705608  train-loss:  0.42093138466589153  lr:  1.9073486328125e-08
#epoch  361    val-loss:  0.5479710494217119  train-loss:  0.42105183261446655  lr:  1.9073486328125e-08
#epoch  362    val-loss:  0.5477874247651351  train-loss:  0.42107813141774386  lr:  1.9073486328125e-08
#epoch  363    val-loss:  0.5514744096680692  train-loss:  0.4211599314585328  lr:  1.9073486328125e-08
#epoch  364    val-loss:  0.5547488143569544  train-loss:  0.4211293909465894  lr:  1.9073486328125e-08
#epoch  365    val-loss:  0.5471062471992091  train-loss:  0.42105568980332464  lr:  1.9073486328125e-08
#epoch  366    val-loss:  0.5527637742067638  train-loss:  0.4211130456533283  lr:  1.9073486328125e-08
#epoch  367    val-loss:  0.5501240193843842  train-loss:  0.4210821468150243  lr:  1.9073486328125e-08
#epoch  368    val-loss:  0.5454071462154388  train-loss:  0.4210830631200224  lr:  1.9073486328125e-08
#epoch  369    val-loss:  0.548009001895001  train-loss:  0.4210810996592045  lr:  1.9073486328125e-08
#epoch  370    val-loss:  0.5514091080740878  train-loss:  0.42102683952543885  lr:  1.9073486328125e-08
#epoch  371    val-loss:  0.5483344071789792  train-loss:  0.4210702423006296  lr:  1.9073486328125e-08
#epoch  372    val-loss:  0.549159658582587  train-loss:  0.42116615222766995  lr:  1.9073486328125e-08
#epoch  373    val-loss:  0.5494133014427988  train-loss:  0.42118718300480396  lr:  1.9073486328125e-08
#epoch  374    val-loss:  0.5475943778690538  train-loss:  0.4211483846884221  lr:  1.9073486328125e-08
#epoch  375    val-loss:  0.5474768469208166  train-loss:  0.42103195760864764  lr:  1.9073486328125e-08
#epoch  376    val-loss:  0.5499983618133947  train-loss:  0.4211232594680041  lr:  1.9073486328125e-08
#epoch  377    val-loss:  0.547350591734836  train-loss:  0.420999952359125  lr:  1.9073486328125e-08
#epoch  378    val-loss:  0.5538066374628168  train-loss:  0.4212185152573511  lr:  1.9073486328125e-08
#epoch  379    val-loss:  0.5498090511874149  train-loss:  0.42108769272454083  lr:  1.9073486328125e-08
#epoch  380    val-loss:  0.550101217470671  train-loss:  0.4209654162405059  lr:  1.9073486328125e-08
#epoch  381    val-loss:  0.550146178195351  train-loss:  0.4210890221875161  lr:  1.9073486328125e-08
#epoch  382    val-loss:  0.5477480166836789  train-loss:  0.4210458443267271  lr:  1.9073486328125e-08
#epoch  383    val-loss:  0.5473094253163588  train-loss:  0.4210649848682806  lr:  1.9073486328125e-08
#epoch  384    val-loss:  0.5474404880875036  train-loss:  0.4211786778178066  lr:  1.9073486328125e-08
#epoch  385    val-loss:  0.5484454129871569  train-loss:  0.4210428991355002  lr:  1.9073486328125e-08
#epoch  386    val-loss:  0.5536913652169076  train-loss:  0.4210325775202364  lr:  1.9073486328125e-08
#epoch  387    val-loss:  0.5461649502578535  train-loss:  0.4211237651761621  lr:  1.9073486328125e-08
#epoch  388    val-loss:  0.5472127983444616  train-loss:  0.4210631784517318  lr:  1.9073486328125e-08
#epoch  389    val-loss:  0.5461124134691138  train-loss:  0.42117574403528124  lr:  1.9073486328125e-08
#epoch  390    val-loss:  0.5492019088644731  train-loss:  0.42106997943483293  lr:  1.9073486328125e-08
#epoch  391    val-loss:  0.545256959764581  train-loss:  0.42106147622689605  lr:  1.9073486328125e-08
#epoch  392    val-loss:  0.548162546597029  train-loss:  0.42106803169008344  lr:  1.9073486328125e-08
#epoch  393    val-loss:  0.5462416881009152  train-loss:  0.42118818685412407  lr:  1.9073486328125e-08
#epoch  394    val-loss:  0.5495079222478365  train-loss:  0.42110395652707666  lr:  1.9073486328125e-08
#epoch  395    val-loss:  0.5481540482295187  train-loss:  0.42112472851295024  lr:  1.9073486328125e-08
#epoch  396    val-loss:  0.5468677407816837  train-loss:  0.4210735714295879  lr:  1.9073486328125e-08
#epoch  397    val-loss:  0.5467582250896253  train-loss:  0.4211455564945936  lr:  1.9073486328125e-08
#epoch  398    val-loss:  0.5483181758930809  train-loss:  0.4210875997086987  lr:  1.9073486328125e-08
#epoch  399    val-loss:  0.5468927370874506  train-loss:  0.42107704374939203  lr:  1.9073486328125e-08
#epoch  400    val-loss:  0.5474046939297726  train-loss:  0.4210741800488904  lr:  1.9073486328125e-08
#epoch  401    val-loss:  0.549044734553287  train-loss:  0.42111140966881067  lr:  1.9073486328125e-08
#epoch  402    val-loss:  0.5468030226858038  train-loss:  0.4210904445499182  lr:  1.9073486328125e-08
#epoch  403    val-loss:  0.5516522338515834  train-loss:  0.42097980808466673  lr:  1.9073486328125e-08
#epoch  404    val-loss:  0.554129936193165  train-loss:  0.4211599080590531  lr:  1.9073486328125e-08
#epoch  405    val-loss:  0.5501707980507299  train-loss:  0.4211004023673013  lr:  1.9073486328125e-08
#epoch  406    val-loss:  0.5545149476904618  train-loss:  0.42095585563220084  lr:  1.9073486328125e-08
#epoch  407    val-loss:  0.5538284778594971  train-loss:  0.42108717223163694  lr:  1.9073486328125e-08
#epoch  408    val-loss:  0.5457972978290758  train-loss:  0.42119973222725093  lr:  1.9073486328125e-08
#epoch  409    val-loss:  0.5455349793559626  train-loss:  0.42109061568044126  lr:  1.9073486328125e-08
#epoch  410    val-loss:  0.5471017109720331  train-loss:  0.42105286673177034  lr:  1.9073486328125e-08
#epoch  411    val-loss:  0.5497744804934451  train-loss:  0.4210882588522509  lr:  1.9073486328125e-08
#epoch  412    val-loss:  0.5513694631425958  train-loss:  0.42115785740315914  lr:  1.9073486328125e-08
#epoch  413    val-loss:  0.54717576190045  train-loss:  0.4210008451482281  lr:  1.9073486328125e-08
#epoch  414    val-loss:  0.5525137029196087  train-loss:  0.42104834120254964  lr:  1.9073486328125e-08
#epoch  415    val-loss:  0.5464226101574144  train-loss:  0.42116063134744763  lr:  1.9073486328125e-08
#epoch  416    val-loss:  0.5487784115891707  train-loss:  0.4210126983234659  lr:  1.9073486328125e-08
#epoch  417    val-loss:  0.5474788844585419  train-loss:  0.4211031310260296  lr:  1.9073486328125e-08
#epoch  418    val-loss:  0.5515772857164082  train-loss:  0.4210938741452992  lr:  1.9073486328125e-08
#epoch  419    val-loss:  0.550295784285194  train-loss:  0.4210737111279741  lr:  1.9073486328125e-08
#epoch  420    val-loss:  0.5503768732673243  train-loss:  0.42112087400164455  lr:  1.9073486328125e-08
#epoch  421    val-loss:  0.5479785360788044  train-loss:  0.42105444229673594  lr:  1.9073486328125e-08
#epoch  422    val-loss:  0.5474084772561726  train-loss:  0.4209517118288204  lr:  1.9073486328125e-08
#epoch  423    val-loss:  0.5482467381577742  train-loss:  0.42101362661924213  lr:  1.9073486328125e-08
#epoch  424    val-loss:  0.554845248398028  train-loss:  0.42111330188345164  lr:  1.9073486328125e-08
#epoch  425    val-loss:  0.5488767169023815  train-loss:  0.4209742163075134  lr:  1.9073486328125e-08
#epoch  426    val-loss:  0.5448927189174452  train-loss:  0.4211323196068406  lr:  1.9073486328125e-08
#epoch  427    val-loss:  0.5503638073017723  train-loss:  0.42104013764765114  lr:  1.9073486328125e-08
#epoch  428    val-loss:  0.5498913087342915  train-loss:  0.4210341846337542  lr:  1.9073486328125e-08
#epoch  429    val-loss:  0.5482574230746219  train-loss:  0.4210720235714689  lr:  1.9073486328125e-08
#epoch  430    val-loss:  0.5515846170877156  train-loss:  0.4211515658535063  lr:  1.9073486328125e-08
#epoch  431    val-loss:  0.5484514801125777  train-loss:  0.42109263606835157  lr:  1.9073486328125e-08
#epoch  432    val-loss:  0.5550145318633631  train-loss:  0.4210491297999397  lr:  1.9073486328125e-08
#epoch  433    val-loss:  0.5502451720990633  train-loss:  0.42110284022055566  lr:  1.9073486328125e-08
#epoch  434    val-loss:  0.5475907121834002  train-loss:  0.42109744425397366  lr:  1.9073486328125e-08
#epoch  435    val-loss:  0.5473502623407465  train-loss:  0.42117934266570956  lr:  1.9073486328125e-08
#epoch  436    val-loss:  0.5495460064787614  train-loss:  0.4210854850243777  lr:  1.9073486328125e-08
#epoch  437    val-loss:  0.5453290343284607  train-loss:  0.4211925728013739  lr:  1.9073486328125e-08
#epoch  438    val-loss:  0.5469342219202142  train-loss:  0.42103575624059886  lr:  1.9073486328125e-08
#epoch  439    val-loss:  0.5543780860147978  train-loss:  0.4211018191417679  lr:  1.9073486328125e-08
#epoch  440    val-loss:  0.5507621169090271  train-loss:  0.42115509463474154  lr:  1.9073486328125e-08
#epoch  441    val-loss:  0.5509951114654541  train-loss:  0.4209811604814604  lr:  1.9073486328125e-08
#epoch  442    val-loss:  0.5510363892505044  train-loss:  0.42108379816636443  lr:  1.9073486328125e-08
#epoch  443    val-loss:  0.5484119371363991  train-loss:  0.4211162395076826  lr:  1.9073486328125e-08
#epoch  444    val-loss:  0.5500494210343612  train-loss:  0.4210969826672226  lr:  1.9073486328125e-08
#epoch  445    val-loss:  0.5470764072317826  train-loss:  0.42111906222999096  lr:  1.9073486328125e-08
#epoch  446    val-loss:  0.5485695145632091  train-loss:  0.42107933724764735  lr:  1.9073486328125e-08
#epoch  447    val-loss:  0.5470035138883089  train-loss:  0.4210303445579484  lr:  1.9073486328125e-08
#epoch  448    val-loss:  0.5514591242137709  train-loss:  0.4210044490173459  lr:  1.9073486328125e-08
#epoch  449    val-loss:  0.5468929974656356  train-loss:  0.4211116563528776  lr:  1.9073486328125e-08
#epoch  450    val-loss:  0.5479934184174788  train-loss:  0.4210890482645482  lr:  1.9073486328125e-08
#epoch  451    val-loss:  0.5447791626578883  train-loss:  0.42112566728610545  lr:  1.9073486328125e-08
#epoch  452    val-loss:  0.5471797397262171  train-loss:  0.4211514567723498  lr:  1.9073486328125e-08
#epoch  453    val-loss:  0.5537926868388527  train-loss:  0.4210619629593566  lr:  1.9073486328125e-08
#epoch  454    val-loss:  0.5537649769532053  train-loss:  0.4210853971308097  lr:  1.9073486328125e-08
#epoch  455    val-loss:  0.546344098291899  train-loss:  0.4211362657370046  lr:  1.9073486328125e-08
#epoch  456    val-loss:  0.5487702332044903  train-loss:  0.4211595399538055  lr:  1.9073486328125e-08
#epoch  457    val-loss:  0.549910401043139  train-loss:  0.4210864754859358  lr:  1.9073486328125e-08
#epoch  458    val-loss:  0.5473375085153078  train-loss:  0.4211611202917993  lr:  1.9073486328125e-08
#epoch  459    val-loss:  0.5484776794910431  train-loss:  0.4211658159038052  lr:  1.9073486328125e-08
#epoch  460    val-loss:  0.5478378848025673  train-loss:  0.42105803126469254  lr:  1.9073486328125e-08
#epoch  461    val-loss:  0.5480886211520747  train-loss:  0.4210426851641387  lr:  1.9073486328125e-08
#epoch  462    val-loss:  0.5501618949990523  train-loss:  0.42100153653882444  lr:  1.9073486328125e-08
#epoch  463    val-loss:  0.5496723244064733  train-loss:  0.42104413686320186  lr:  1.9073486328125e-08
#epoch  464    val-loss:  0.5469008825327221  train-loss:  0.4209776862990111  lr:  1.9073486328125e-08
#epoch  465    val-loss:  0.5500304714629525  train-loss:  0.4211503490805626  lr:  1.9073486328125e-08
#epoch  466    val-loss:  0.5445143972572527  train-loss:  0.4210832421667874  lr:  1.9073486328125e-08
#epoch  467    val-loss:  0.5475775081860391  train-loss:  0.42108130536507815  lr:  1.9073486328125e-08
#epoch  468    val-loss:  0.5473643980528179  train-loss:  0.42100818385370076  lr:  1.9073486328125e-08
#epoch  469    val-loss:  0.5486613166959662  train-loss:  0.4210937642492354  lr:  1.9073486328125e-08
#epoch  470    val-loss:  0.5475978129788449  train-loss:  0.42099504091311246  lr:  1.9073486328125e-08
#epoch  471    val-loss:  0.5477639781801324  train-loss:  0.421021094545722  lr:  1.9073486328125e-08
#epoch  472    val-loss:  0.5475751443913108  train-loss:  0.42109674273524433  lr:  1.9073486328125e-08
#epoch  473    val-loss:  0.5465073381599627  train-loss:  0.42102417652495205  lr:  1.9073486328125e-08
#epoch  474    val-loss:  0.5511960293117323  train-loss:  0.4211540707619861  lr:  1.9073486328125e-08
#epoch  475    val-loss:  0.5496162489840859  train-loss:  0.4211695463163778  lr:  1.9073486328125e-08
#epoch  476    val-loss:  0.5516300452382941  train-loss:  0.42101742269005626  lr:  1.9073486328125e-08
#epoch  477    val-loss:  0.5482911373439588  train-loss:  0.4210366331972182  lr:  1.9073486328125e-08
#epoch  478    val-loss:  0.549491778800362  train-loss:  0.42098267062101513  lr:  1.9073486328125e-08
#epoch  479    val-loss:  0.5478454091046986  train-loss:  0.42105594906024635  lr:  1.9073486328125e-08
#epoch  480    val-loss:  0.5520327718634355  train-loss:  0.4211033914471045  lr:  1.9073486328125e-08
#epoch  481    val-loss:  0.5513122222925487  train-loss:  0.42115072975866497  lr:  1.9073486328125e-08
#epoch  482    val-loss:  0.551219116700323  train-loss:  0.4211075643543154  lr:  1.9073486328125e-08
#epoch  483    val-loss:  0.5470450740111502  train-loss:  0.4210649689193815  lr:  1.9073486328125e-08
#epoch  484    val-loss:  0.5491197517043666  train-loss:  0.42106171406339854  lr:  1.9073486328125e-08
#epoch  485    val-loss:  0.5481812514756855  train-loss:  0.42109007528051734  lr:  1.9073486328125e-08
#epoch  486    val-loss:  0.5510084613373405  train-loss:  0.4210289161419496  lr:  1.9073486328125e-08
#epoch  487    val-loss:  0.547551901716935  train-loss:  0.42109319928567857  lr:  1.9073486328125e-08
#epoch  488    val-loss:  0.5501272396037453  train-loss:  0.42111505079083145  lr:  1.9073486328125e-08
#epoch  489    val-loss:  0.5461646412548266  train-loss:  0.4211141859414056  lr:  1.9073486328125e-08
#epoch  490    val-loss:  0.5478131755402214  train-loss:  0.42111237021163106  lr:  1.9073486328125e-08
#epoch  491    val-loss:  0.5514493412093112  train-loss:  0.42119575978722423  lr:  1.9073486328125e-08
#epoch  492    val-loss:  0.5458861150239643  train-loss:  0.4210490350378677  lr:  1.9073486328125e-08
#epoch  493    val-loss:  0.5494033380558616  train-loss:  0.42105747188907117  lr:  1.9073486328125e-08
#epoch  494    val-loss:  0.5499068969174435  train-loss:  0.4211160645354539  lr:  1.9073486328125e-08
#epoch  495    val-loss:  0.5475902776969107  train-loss:  0.42104745004326105  lr:  1.9073486328125e-08
#epoch  496    val-loss:  0.5474005827778264  train-loss:  0.42117801611311734  lr:  1.9073486328125e-08
#epoch  497    val-loss:  0.5450711171878012  train-loss:  0.42111525125801563  lr:  1.9073486328125e-08
#epoch  498    val-loss:  0.5471606505544562  train-loss:  0.42104983050376177  lr:  1.9073486328125e-08
#epoch  499    val-loss:  0.5478775407138624  train-loss:  0.4209846198791638  lr:  1.9073486328125e-08
