model 54ea7814c644a45e3de221b5d7b99f9179a2e5d12acf25fb5a1fefa6 state_dict has not been found
Model was not found
torch.cuda.is_available():	 True
runargs:	 Namespace(co2=False, depth=55.0, disp=-1, domain='global', epoch=0, latitude=True, linsupres=False, lossfun='MSE', lr=0.01, lsrp_span=12, maxepoch=500, minibatch=4, mode='train', normalization='standard', num_workers=40, parts=[1, 1], persistent_workers=False, prefetch_factor=1, relog=True, rerun=True, sanity=False, sigma=8, temperature=True)
data_address /scratch/zanna/data/cm2.6/coarse_8_beneath_surface.zarr
using device: cuda:0
epochs started
#epoch  0    val-loss:  0.5513904110381478  train-loss:  0.93384377239272  lr:  0.01
#epoch  1    val-loss:  0.4127958103230125  train-loss:  0.4594946395372972  lr:  0.01
#epoch  2    val-loss:  0.33548267264115184  train-loss:  0.3360975733376108  lr:  0.01
#epoch  3    val-loss:  0.26465258080708354  train-loss:  0.2558506506611593  lr:  0.01
#epoch  4    val-loss:  0.21572671830654144  train-loss:  0.20794550672871992  lr:  0.01
#epoch  5    val-loss:  0.1993965977116635  train-loss:  0.1799243635032326  lr:  0.01
#epoch  6    val-loss:  0.17044255137443542  train-loss:  0.16561658610589802  lr:  0.01
#epoch  7    val-loss:  0.16182833674706912  train-loss:  0.1551665016449988  lr:  0.01
#epoch  8    val-loss:  0.15492742155727587  train-loss:  0.14535484692896716  lr:  0.01
#epoch  9    val-loss:  0.1486391134952244  train-loss:  0.1410345410113223  lr:  0.01
#epoch  10    val-loss:  0.1498740338965466  train-loss:  0.1364315823011566  lr:  0.01
#epoch  11    val-loss:  0.1452562463910956  train-loss:  0.13137644453672692  lr:  0.01
#epoch  12    val-loss:  0.14537506825045535  train-loss:  0.1293205261172261  lr:  0.01
#epoch  13    val-loss:  0.1307075921642153  train-loss:  0.12664976896485314  lr:  0.01
#epoch  14    val-loss:  0.13702032832722916  train-loss:  0.12328899194835685  lr:  0.01
#epoch  15    val-loss:  0.14034269985399747  train-loss:  0.12203434074763209  lr:  0.01
#epoch  16    val-loss:  0.17273130856062235  train-loss:  0.11984678360749967  lr:  0.01
#epoch  17    val-loss:  0.1209536335970226  train-loss:  0.10894500551512465  lr:  0.005
#epoch  18    val-loss:  0.11791164114287025  train-loss:  0.1074931452749297  lr:  0.005
#epoch  19    val-loss:  0.12056279300074828  train-loss:  0.10710914197261445  lr:  0.005
#epoch  20    val-loss:  0.11888111265082109  train-loss:  0.10724615055369213  lr:  0.005
#epoch  21    val-loss:  0.12610322472296262  train-loss:  0.10545582353370264  lr:  0.005
#epoch  22    val-loss:  0.11264203567253916  train-loss:  0.10022910762927495  lr:  0.0025
#epoch  23    val-loss:  0.11169879412964771  train-loss:  0.09950208946247585  lr:  0.0025
#epoch  24    val-loss:  0.11569334919515409  train-loss:  0.09957105061039329  lr:  0.0025
#epoch  25    val-loss:  0.11197306725539659  train-loss:  0.09913377984776162  lr:  0.0025
#epoch  26    val-loss:  0.11176163781630366  train-loss:  0.09861695356084965  lr:  0.0025
#epoch  27    val-loss:  0.10683486179301613  train-loss:  0.09544119250494987  lr:  0.00125
#epoch  28    val-loss:  0.11061076741469533  train-loss:  0.09542163761216216  lr:  0.00125
#epoch  29    val-loss:  0.10826616067635386  train-loss:  0.09508056717459112  lr:  0.00125
#epoch  30    val-loss:  0.11082738794778522  train-loss:  0.09452127627446316  lr:  0.00125
#epoch  31    val-loss:  0.10628859581131685  train-loss:  0.09297359373886138  lr:  0.000625
#epoch  32    val-loss:  0.1043332364214094  train-loss:  0.09278087737038732  lr:  0.000625
#epoch  33    val-loss:  0.10441309135211141  train-loss:  0.09276977172703482  lr:  0.000625
#epoch  34    val-loss:  0.10529921478346775  train-loss:  0.09237558071617968  lr:  0.000625
#epoch  35    val-loss:  0.10474761418606106  train-loss:  0.0923100755608175  lr:  0.000625
#epoch  36    val-loss:  0.10363190777991947  train-loss:  0.09127249487210065  lr:  0.0003125
#epoch  37    val-loss:  0.1037593487846224  train-loss:  0.09118031122488901  lr:  0.0003125
#epoch  38    val-loss:  0.1042174112639929  train-loss:  0.09104827881674282  lr:  0.0003125
#epoch  39    val-loss:  0.10374571735921659  train-loss:  0.09104451502207667  lr:  0.0003125
#epoch  40    val-loss:  0.10280791748511164  train-loss:  0.09051941524376161  lr:  0.00015625
#epoch  41    val-loss:  0.10381807033952914  train-loss:  0.09040488026221283  lr:  0.00015625
#epoch  42    val-loss:  0.10375990679389552  train-loss:  0.0903066047176253  lr:  0.00015625
#epoch  43    val-loss:  0.10332599046983217  train-loss:  0.09035746788140386  lr:  0.00015625
#epoch  44    val-loss:  0.10419759075892598  train-loss:  0.08999909824342467  lr:  7.8125e-05
#epoch  45    val-loss:  0.10267482266614311  train-loss:  0.0899139485845808  lr:  7.8125e-05
#epoch  46    val-loss:  0.10261431728538714  train-loss:  0.08986453688703477  lr:  7.8125e-05
#epoch  47    val-loss:  0.10273882746696472  train-loss:  0.0898495786532294  lr:  7.8125e-05
#epoch  48    val-loss:  0.10258170295702784  train-loss:  0.08984732648241334  lr:  7.8125e-05
#epoch  49    val-loss:  0.10281710287458018  train-loss:  0.0898523531795945  lr:  7.8125e-05
#epoch  50    val-loss:  0.10261479216186624  train-loss:  0.08982276177266613  lr:  7.8125e-05
#epoch  51    val-loss:  0.10207710846474297  train-loss:  0.08978816377930343  lr:  7.8125e-05
#epoch  52    val-loss:  0.10293092539435938  train-loss:  0.08970235020387918  lr:  7.8125e-05
#epoch  53    val-loss:  0.10276160271544206  train-loss:  0.0896953055926133  lr:  7.8125e-05
#epoch  54    val-loss:  0.10283016178168748  train-loss:  0.08967932403902523  lr:  7.8125e-05
#epoch  55    val-loss:  0.10361388992322118  train-loss:  0.0895009859232232  lr:  3.90625e-05
#epoch  56    val-loss:  0.10269172254361604  train-loss:  0.08953176639624871  lr:  3.90625e-05
#epoch  57    val-loss:  0.10246304853966362  train-loss:  0.08948216465068981  lr:  3.90625e-05
#epoch  58    val-loss:  0.10293331585432354  train-loss:  0.08941730295191519  lr:  1.953125e-05
#epoch  59    val-loss:  0.10221387093004428  train-loss:  0.0893357684253715  lr:  1.953125e-05
#epoch  60    val-loss:  0.10323625018722132  train-loss:  0.0893546768638771  lr:  1.953125e-05
#epoch  61    val-loss:  0.10401880192129236  train-loss:  0.08931383336312138  lr:  9.765625e-06
#epoch  62    val-loss:  0.10384092715225722  train-loss:  0.08937344924197532  lr:  9.765625e-06
#epoch  63    val-loss:  0.10232700838854439  train-loss:  0.0893253396207001  lr:  9.765625e-06
#epoch  64    val-loss:  0.10249964069379003  train-loss:  0.08925409635412507  lr:  4.8828125e-06
#epoch  65    val-loss:  0.10381752840782467  train-loss:  0.08931034826673567  lr:  4.8828125e-06
#epoch  66    val-loss:  0.10258213234575171  train-loss:  0.08934161276556551  lr:  4.8828125e-06
#epoch  67    val-loss:  0.10262588097860939  train-loss:  0.08924816868966445  lr:  2.44140625e-06
#epoch  68    val-loss:  0.10314739966078808  train-loss:  0.08923221647273749  lr:  2.44140625e-06
#epoch  69    val-loss:  0.10238822628008692  train-loss:  0.08928976726019755  lr:  2.44140625e-06
#epoch  70    val-loss:  0.10276450295197337  train-loss:  0.08924165458302014  lr:  1.220703125e-06
#epoch  71    val-loss:  0.10204181898581355  train-loss:  0.08923818590119481  lr:  1.220703125e-06
#epoch  72    val-loss:  0.10342564237745185  train-loss:  0.08925106099923141  lr:  1.220703125e-06
#epoch  73    val-loss:  0.10249143211465132  train-loss:  0.08926290937233716  lr:  1.220703125e-06
#epoch  74    val-loss:  0.10243494298897292  train-loss:  0.0892327529436443  lr:  1.220703125e-06
#epoch  75    val-loss:  0.10289184827553599  train-loss:  0.08927859502728097  lr:  6.103515625e-07
#epoch  76    val-loss:  0.10319807615719344  train-loss:  0.0893164680164773  lr:  6.103515625e-07
#epoch  77    val-loss:  0.1041783882599128  train-loss:  0.0892694759531878  lr:  6.103515625e-07
#epoch  78    val-loss:  0.10262922393648248  train-loss:  0.08923967194277793  lr:  3.0517578125e-07
#epoch  79    val-loss:  0.10257181015453841  train-loss:  0.08923151693306863  lr:  3.0517578125e-07
#epoch  80    val-loss:  0.10302833624576267  train-loss:  0.08923324604984373  lr:  3.0517578125e-07
#epoch  81    val-loss:  0.10246712675220088  train-loss:  0.0892433223198168  lr:  1.52587890625e-07
#epoch  82    val-loss:  0.10286326118205723  train-loss:  0.08928517275489867  lr:  1.52587890625e-07
#epoch  83    val-loss:  0.10218547990447596  train-loss:  0.08917481653043069  lr:  1.52587890625e-07
#epoch  84    val-loss:  0.10259263688012173  train-loss:  0.08926076200441457  lr:  7.62939453125e-08
#epoch  85    val-loss:  0.10450416764146403  train-loss:  0.08926057818462141  lr:  7.62939453125e-08
#epoch  86    val-loss:  0.10317593028670863  train-loss:  0.08921187586383894  lr:  7.62939453125e-08
#epoch  87    val-loss:  0.10312180730857347  train-loss:  0.08923451104783453  lr:  3.814697265625e-08
#epoch  88    val-loss:  0.1039561664587573  train-loss:  0.08926304493797943  lr:  3.814697265625e-08
#epoch  89    val-loss:  0.10291682968014165  train-loss:  0.08929721274762414  lr:  3.814697265625e-08
#epoch  90    val-loss:  0.10182766302635796  train-loss:  0.08924173438572325  lr:  1.9073486328125e-08
#epoch  91    val-loss:  0.10235580998031717  train-loss:  0.08924489753553644  lr:  1.9073486328125e-08
#epoch  92    val-loss:  0.10291011866770293  train-loss:  0.0891748883004766  lr:  1.9073486328125e-08
#epoch  93    val-loss:  0.10399254529099715  train-loss:  0.0892250694159884  lr:  1.9073486328125e-08
#epoch  94    val-loss:  0.10286473914196617  train-loss:  0.08925344256567769  lr:  1.9073486328125e-08
#epoch  95    val-loss:  0.10216987603589107  train-loss:  0.08925729917245917  lr:  1.9073486328125e-08
#epoch  96    val-loss:  0.10337498744851664  train-loss:  0.08928184409160167  lr:  1.9073486328125e-08
#epoch  97    val-loss:  0.10234172642230988  train-loss:  0.08926181108108722  lr:  1.9073486328125e-08
#epoch  98    val-loss:  0.1026037017765798  train-loss:  0.08926466028788127  lr:  1.9073486328125e-08
#epoch  99    val-loss:  0.10235371479862615  train-loss:  0.08925090002594516  lr:  1.9073486328125e-08
#epoch  100    val-loss:  0.10326003361689418  train-loss:  0.08922422470641322  lr:  1.9073486328125e-08
#epoch  101    val-loss:  0.10284502020007685  train-loss:  0.08931388417840935  lr:  1.9073486328125e-08
#epoch  102    val-loss:  0.10288422790012862  train-loss:  0.08921827998710796  lr:  1.9073486328125e-08
#epoch  103    val-loss:  0.10250193233552732  train-loss:  0.0892927223467268  lr:  1.9073486328125e-08
#epoch  104    val-loss:  0.10241205951100901  train-loss:  0.08920639654388651  lr:  1.9073486328125e-08
#epoch  105    val-loss:  0.10379687775122493  train-loss:  0.08923686426714994  lr:  1.9073486328125e-08
#epoch  106    val-loss:  0.10213841066548698  train-loss:  0.08922701695701107  lr:  1.9073486328125e-08
#epoch  107    val-loss:  0.10218827544074309  train-loss:  0.0893445981782861  lr:  1.9073486328125e-08
#epoch  108    val-loss:  0.10242419219330738  train-loss:  0.089268598734634  lr:  1.9073486328125e-08
#epoch  109    val-loss:  0.10181782747569837  train-loss:  0.08929873502347618  lr:  1.9073486328125e-08
#epoch  110    val-loss:  0.10303732674372823  train-loss:  0.08921672793803737  lr:  1.9073486328125e-08
#epoch  111    val-loss:  0.10291101783514023  train-loss:  0.08917346323141828  lr:  1.9073486328125e-08
#epoch  112    val-loss:  0.10295214151081286  train-loss:  0.08925189962610602  lr:  1.9073486328125e-08
#epoch  113    val-loss:  0.10343719195378454  train-loss:  0.08925345956231467  lr:  1.9073486328125e-08
#epoch  114    val-loss:  0.10238540603926308  train-loss:  0.0892886811052449  lr:  1.9073486328125e-08
#epoch  115    val-loss:  0.10339196771383286  train-loss:  0.08924529034993611  lr:  1.9073486328125e-08
#epoch  116    val-loss:  0.10406199489769183  train-loss:  0.08917566653690301  lr:  1.9073486328125e-08
#epoch  117    val-loss:  0.10295391553326656  train-loss:  0.08918328024446964  lr:  1.9073486328125e-08
#epoch  118    val-loss:  0.10413791043193717  train-loss:  0.0893287458748091  lr:  1.9073486328125e-08
#epoch  119    val-loss:  0.10257125175312946  train-loss:  0.08922424481716007  lr:  1.9073486328125e-08
#epoch  120    val-loss:  0.10212393771660955  train-loss:  0.08918035455280915  lr:  1.9073486328125e-08
#epoch  121    val-loss:  0.10212546194854535  train-loss:  0.08926822719513439  lr:  1.9073486328125e-08
#epoch  122    val-loss:  0.10217805049921337  train-loss:  0.08926121622789651  lr:  1.9073486328125e-08
#epoch  123    val-loss:  0.10324330902413319  train-loss:  0.08920386285171844  lr:  1.9073486328125e-08
#epoch  124    val-loss:  0.10451310284827885  train-loss:  0.08926538427476771  lr:  1.9073486328125e-08
#epoch  125    val-loss:  0.10237118444944683  train-loss:  0.08924814843339846  lr:  1.9073486328125e-08
#epoch  126    val-loss:  0.10310532309507069  train-loss:  0.08921604693750851  lr:  1.9073486328125e-08
#epoch  127    val-loss:  0.10232898828230406  train-loss:  0.08927026024321094  lr:  1.9073486328125e-08
#epoch  128    val-loss:  0.10245062175549959  train-loss:  0.08920862840022892  lr:  1.9073486328125e-08
#epoch  129    val-loss:  0.10216379714639563  train-loss:  0.08924191148253158  lr:  1.9073486328125e-08
#epoch  130    val-loss:  0.10219712908330716  train-loss:  0.08924757700879127  lr:  1.9073486328125e-08
#epoch  131    val-loss:  0.10225704077043031  train-loss:  0.08928322259453125  lr:  1.9073486328125e-08
#epoch  132    val-loss:  0.1024742824466605  train-loss:  0.08922476685256697  lr:  1.9073486328125e-08
#epoch  133    val-loss:  0.10243184903734609  train-loss:  0.08920781343476847  lr:  1.9073486328125e-08
#epoch  134    val-loss:  0.10328326060583717  train-loss:  0.08920348156243563  lr:  1.9073486328125e-08
#epoch  135    val-loss:  0.10233370920545176  train-loss:  0.08929902361705899  lr:  1.9073486328125e-08
#epoch  136    val-loss:  0.10398613622314051  train-loss:  0.0891885706805624  lr:  1.9073486328125e-08
#epoch  137    val-loss:  0.10264916051375239  train-loss:  0.0892326373141259  lr:  1.9073486328125e-08
#epoch  138    val-loss:  0.10277673209968366  train-loss:  0.08927591037354432  lr:  1.9073486328125e-08
#epoch  139    val-loss:  0.1026302979964959  train-loss:  0.08926910578156821  lr:  1.9073486328125e-08
#epoch  140    val-loss:  0.10277431379807622  train-loss:  0.08923512129695155  lr:  1.9073486328125e-08
#epoch  141    val-loss:  0.10264225147272411  train-loss:  0.08924008419853635  lr:  1.9073486328125e-08
#epoch  142    val-loss:  0.10254814985551332  train-loss:  0.08926796686137095  lr:  1.9073486328125e-08
#epoch  143    val-loss:  0.10174557449002015  train-loss:  0.08924604192725383  lr:  1.9073486328125e-08
#epoch  144    val-loss:  0.1024009432447584  train-loss:  0.08930864415015094  lr:  1.9073486328125e-08
#epoch  145    val-loss:  0.10467191079729482  train-loss:  0.08919359266292304  lr:  1.9073486328125e-08
#epoch  146    val-loss:  0.1023876870933332  train-loss:  0.0892647632281296  lr:  1.9073486328125e-08
#epoch  147    val-loss:  0.10379050711267873  train-loss:  0.08925705484580249  lr:  1.9073486328125e-08
#epoch  148    val-loss:  0.10269535097636674  train-loss:  0.08921754988841712  lr:  1.9073486328125e-08
#epoch  149    val-loss:  0.10311036556959152  train-loss:  0.08931899271556176  lr:  1.9073486328125e-08
#epoch  150    val-loss:  0.10340310005765212  train-loss:  0.08920444076647982  lr:  1.9073486328125e-08
#epoch  151    val-loss:  0.10290522206770747  train-loss:  0.08925402708700858  lr:  1.9073486328125e-08
#epoch  152    val-loss:  0.10341164116796694  train-loss:  0.08921394028584473  lr:  1.9073486328125e-08
#epoch  153    val-loss:  0.10246570839693672  train-loss:  0.08922898740274832  lr:  1.9073486328125e-08
#epoch  154    val-loss:  0.10250961741334513  train-loss:  0.0892062967759557  lr:  1.9073486328125e-08
#epoch  155    val-loss:  0.10203530404128526  train-loss:  0.0892409396765288  lr:  1.9073486328125e-08
#epoch  156    val-loss:  0.10315815163286109  train-loss:  0.08926183092989959  lr:  1.9073486328125e-08
#epoch  157    val-loss:  0.10285096497912156  train-loss:  0.08922589209396392  lr:  1.9073486328125e-08
#epoch  158    val-loss:  0.10291623833932374  train-loss:  0.08924595205462538  lr:  1.9073486328125e-08
#epoch  159    val-loss:  0.10197249525471737  train-loss:  0.08925596694462001  lr:  1.9073486328125e-08
#epoch  160    val-loss:  0.10291119272771634  train-loss:  0.08927450785995461  lr:  1.9073486328125e-08
#epoch  161    val-loss:  0.10278707193700891  train-loss:  0.08923274662811309  lr:  1.9073486328125e-08
#epoch  162    val-loss:  0.10230364572060735  train-loss:  0.08923099594539963  lr:  1.9073486328125e-08
#epoch  163    val-loss:  0.1023919033376794  train-loss:  0.08920746279181913  lr:  1.9073486328125e-08
#epoch  164    val-loss:  0.1037891852228265  train-loss:  0.08921481491415761  lr:  1.9073486328125e-08
#epoch  165    val-loss:  0.10207454036725194  train-loss:  0.0892714188375976  lr:  1.9073486328125e-08
#epoch  166    val-loss:  0.1025754232939921  train-loss:  0.0891874932567589  lr:  1.9073486328125e-08
#epoch  167    val-loss:  0.10209779284502331  train-loss:  0.08926337421871722  lr:  1.9073486328125e-08
#epoch  168    val-loss:  0.10302840879088954  train-loss:  0.0892681329860352  lr:  1.9073486328125e-08
#epoch  169    val-loss:  0.1039918347408897  train-loss:  0.08920600978308357  lr:  1.9073486328125e-08
#epoch  170    val-loss:  0.10390627462612956  train-loss:  0.08919754179078154  lr:  1.9073486328125e-08
#epoch  171    val-loss:  0.10250175273732136  train-loss:  0.08923631146899424  lr:  1.9073486328125e-08
#epoch  172    val-loss:  0.10208903213864878  train-loss:  0.0892918532481417  lr:  1.9073486328125e-08
#epoch  173    val-loss:  0.10208247327490856  train-loss:  0.08927851327462122  lr:  1.9073486328125e-08
#epoch  174    val-loss:  0.10309609221784692  train-loss:  0.08923598544788547  lr:  1.9073486328125e-08
#epoch  175    val-loss:  0.1019777930096576  train-loss:  0.08919819185393862  lr:  1.9073486328125e-08
#epoch  176    val-loss:  0.10449744996271636  train-loss:  0.08922461132169701  lr:  1.9073486328125e-08
#epoch  177    val-loss:  0.10292425163482365  train-loss:  0.08916626972495578  lr:  1.9073486328125e-08
#epoch  178    val-loss:  0.10237723471302736  train-loss:  0.08923976719961502  lr:  1.9073486328125e-08
#epoch  179    val-loss:  0.10302233107780155  train-loss:  0.08925998531049117  lr:  1.9073486328125e-08
#epoch  180    val-loss:  0.1025936497669471  train-loss:  0.08922846749192104  lr:  1.9073486328125e-08
#epoch  181    val-loss:  0.10218629476271178  train-loss:  0.08930407007574104  lr:  1.9073486328125e-08
#epoch  182    val-loss:  0.10396890538303476  train-loss:  0.08923657881678082  lr:  1.9073486328125e-08
#epoch  183    val-loss:  0.102410305879618  train-loss:  0.08923256391426548  lr:  1.9073486328125e-08
#epoch  184    val-loss:  0.10226014295690938  train-loss:  0.08925381416338496  lr:  1.9073486328125e-08
#epoch  185    val-loss:  0.101946595860155  train-loss:  0.08920938058872707  lr:  1.9073486328125e-08
#epoch  186    val-loss:  0.10256347295485045  train-loss:  0.08921716932673007  lr:  1.9073486328125e-08
#epoch  187    val-loss:  0.10273523118935134  train-loss:  0.08918304700637236  lr:  1.9073486328125e-08
#epoch  188    val-loss:  0.10215585208252857  train-loss:  0.08924980787560344  lr:  1.9073486328125e-08
#epoch  189    val-loss:  0.10218898638298637  train-loss:  0.08923014099127613  lr:  1.9073486328125e-08
#epoch  190    val-loss:  0.10241934774737609  train-loss:  0.08929209053167142  lr:  1.9073486328125e-08
#epoch  191    val-loss:  0.10218074564871035  train-loss:  0.08920372274587862  lr:  1.9073486328125e-08
#epoch  192    val-loss:  0.10292538412307438  train-loss:  0.08921613820712082  lr:  1.9073486328125e-08
#epoch  193    val-loss:  0.10249881564002288  train-loss:  0.08918430903577246  lr:  1.9073486328125e-08
#epoch  194    val-loss:  0.10214318884046454  train-loss:  0.08927466478780843  lr:  1.9073486328125e-08
#epoch  195    val-loss:  0.10389075859596855  train-loss:  0.0892693052010145  lr:  1.9073486328125e-08
#epoch  196    val-loss:  0.10300994233081215  train-loss:  0.08923845447134227  lr:  1.9073486328125e-08
#epoch  197    val-loss:  0.10339298373774479  train-loss:  0.08928394995746203  lr:  1.9073486328125e-08
#epoch  198    val-loss:  0.1023081160689655  train-loss:  0.08930160303134471  lr:  1.9073486328125e-08
#epoch  199    val-loss:  0.10202058365470484  train-loss:  0.08913800661684945  lr:  1.9073486328125e-08
#epoch  200    val-loss:  0.10312270255465257  train-loss:  0.08925520436605439  lr:  1.9073486328125e-08
#epoch  201    val-loss:  0.1037827392942027  train-loss:  0.08920102714910172  lr:  1.9073486328125e-08
#epoch  202    val-loss:  0.10207380079909374  train-loss:  0.08932166753220372  lr:  1.9073486328125e-08
#epoch  203    val-loss:  0.10221763268897407  train-loss:  0.08923222226439975  lr:  1.9073486328125e-08
#epoch  204    val-loss:  0.10225372800701543  train-loss:  0.08933917942340486  lr:  1.9073486328125e-08
#epoch  205    val-loss:  0.10199039272571865  train-loss:  0.08923815737944096  lr:  1.9073486328125e-08
#epoch  206    val-loss:  0.10177318242035414  train-loss:  0.08920700618182309  lr:  1.9073486328125e-08
#epoch  207    val-loss:  0.10213904239629444  train-loss:  0.08926228844211437  lr:  1.9073486328125e-08
#epoch  208    val-loss:  0.10326412555418517  train-loss:  0.08921152126276866  lr:  1.9073486328125e-08
#epoch  209    val-loss:  0.10455652247918279  train-loss:  0.08919139381032437  lr:  1.9073486328125e-08
#epoch  210    val-loss:  0.1031983514365397  train-loss:  0.08924001720151864  lr:  1.9073486328125e-08
#epoch  211    val-loss:  0.10234457803399939  train-loss:  0.08929828490363434  lr:  1.9073486328125e-08
#epoch  212    val-loss:  0.10247897552816491  train-loss:  0.08922562372754328  lr:  1.9073486328125e-08
#epoch  213    val-loss:  0.10247020697907398  train-loss:  0.089285614551045  lr:  1.9073486328125e-08
#epoch  214    val-loss:  0.10218776605631176  train-loss:  0.08929702869500034  lr:  1.9073486328125e-08
#epoch  215    val-loss:  0.10343397330296666  train-loss:  0.08920452784514055  lr:  1.9073486328125e-08
#epoch  216    val-loss:  0.10255758778045052  train-loss:  0.08929510234156623  lr:  1.9073486328125e-08
#epoch  217    val-loss:  0.1039005635600341  train-loss:  0.08922358136624098  lr:  1.9073486328125e-08
#epoch  218    val-loss:  0.10210670922931872  train-loss:  0.08922299009282142  lr:  1.9073486328125e-08
#epoch  219    val-loss:  0.1031641642514028  train-loss:  0.08926248777424917  lr:  1.9073486328125e-08
#epoch  220    val-loss:  0.10243419400955502  train-loss:  0.08926361388876103  lr:  1.9073486328125e-08
#epoch  221    val-loss:  0.10383105199587972  train-loss:  0.08917616429971531  lr:  1.9073486328125e-08
#epoch  222    val-loss:  0.10240042680188229  train-loss:  0.08927125032641925  lr:  1.9073486328125e-08
#epoch  223    val-loss:  0.1037831031962445  train-loss:  0.08922975679161027  lr:  1.9073486328125e-08
#epoch  224    val-loss:  0.10252582870031658  train-loss:  0.08918238308979198  lr:  1.9073486328125e-08
#epoch  225    val-loss:  0.1021735197619388  train-loss:  0.08921240904601291  lr:  1.9073486328125e-08
#epoch  226    val-loss:  0.10210309608986504  train-loss:  0.08924519890570082  lr:  1.9073486328125e-08
#epoch  227    val-loss:  0.10234806647426203  train-loss:  0.08930434859939851  lr:  1.9073486328125e-08
#epoch  228    val-loss:  0.10212822885889757  train-loss:  0.08924828658928163  lr:  1.9073486328125e-08
#epoch  229    val-loss:  0.1019892186710709  train-loss:  0.0892136920883786  lr:  1.9073486328125e-08
#epoch  230    val-loss:  0.1020058366028886  train-loss:  0.08920106838922948  lr:  1.9073486328125e-08
#epoch  231    val-loss:  0.10203446996839423  train-loss:  0.08923833232256584  lr:  1.9073486328125e-08
#epoch  232    val-loss:  0.10308531279626645  train-loss:  0.08921907373587601  lr:  1.9073486328125e-08
#epoch  233    val-loss:  0.10316048405672375  train-loss:  0.08923912548925728  lr:  1.9073486328125e-08
#epoch  234    val-loss:  0.10219648049065941  train-loss:  0.089288121991558  lr:  1.9073486328125e-08
#epoch  235    val-loss:  0.10267408231371328  train-loss:  0.08920659087016247  lr:  1.9073486328125e-08
#epoch  236    val-loss:  0.1021468259002033  train-loss:  0.08928084548097104  lr:  1.9073486328125e-08
#epoch  237    val-loss:  0.10235721892432163  train-loss:  0.08928786116302945  lr:  1.9073486328125e-08
#epoch  238    val-loss:  0.10235138159049184  train-loss:  0.08928797233966179  lr:  1.9073486328125e-08
#epoch  239    val-loss:  0.10231430358008335  train-loss:  0.08918474445817992  lr:  1.9073486328125e-08
#epoch  240    val-loss:  0.10291871310848939  train-loss:  0.08924331364687532  lr:  1.9073486328125e-08
#epoch  241    val-loss:  0.10380141946830247  train-loss:  0.08923191807116382  lr:  1.9073486328125e-08
#epoch  242    val-loss:  0.10291537877760436  train-loss:  0.08927794653573073  lr:  1.9073486328125e-08
#epoch  243    val-loss:  0.10449125500101793  train-loss:  0.08922339792479761  lr:  1.9073486328125e-08
#epoch  244    val-loss:  0.10327498026584324  train-loss:  0.08921678861952387  lr:  1.9073486328125e-08
#epoch  245    val-loss:  0.10247239509695455  train-loss:  0.08924835504149087  lr:  1.9073486328125e-08
#epoch  246    val-loss:  0.10232779266018617  train-loss:  0.08922409801743925  lr:  1.9073486328125e-08
#epoch  247    val-loss:  0.10369708545898136  train-loss:  0.08932555926730856  lr:  1.9073486328125e-08
#epoch  248    val-loss:  0.10243635507006395  train-loss:  0.08925477197044529  lr:  1.9073486328125e-08
#epoch  249    val-loss:  0.10202806129267342  train-loss:  0.08926076494390145  lr:  1.9073486328125e-08
#epoch  250    val-loss:  0.10240811070329264  train-loss:  0.08927846999722533  lr:  1.9073486328125e-08
#epoch  251    val-loss:  0.10209672937267705  train-loss:  0.08927339751971886  lr:  1.9073486328125e-08
#epoch  252    val-loss:  0.10311957095798693  train-loss:  0.08933477016398683  lr:  1.9073486328125e-08
#epoch  253    val-loss:  0.10239362324538984  train-loss:  0.089283247012645  lr:  1.9073486328125e-08
#epoch  254    val-loss:  0.10244555888991606  train-loss:  0.0892614453623537  lr:  1.9073486328125e-08
#epoch  255    val-loss:  0.10196605716880999  train-loss:  0.08925890611135401  lr:  1.9073486328125e-08
#epoch  256    val-loss:  0.10233773173470247  train-loss:  0.0892220831301529  lr:  1.9073486328125e-08
#epoch  257    val-loss:  0.10175983254846774  train-loss:  0.08926219798740931  lr:  1.9073486328125e-08
#epoch  258    val-loss:  0.10268694201582357  train-loss:  0.08924268078408204  lr:  1.9073486328125e-08
#epoch  259    val-loss:  0.10256954164881456  train-loss:  0.08928699619718827  lr:  1.9073486328125e-08
#epoch  260    val-loss:  0.10252439387534794  train-loss:  0.08926597470417619  lr:  1.9073486328125e-08
#epoch  261    val-loss:  0.10449049504179704  train-loss:  0.0892424063931685  lr:  1.9073486328125e-08
#epoch  262    val-loss:  0.10392741466823377  train-loss:  0.08925238277879544  lr:  1.9073486328125e-08
#epoch  263    val-loss:  0.10239071555827793  train-loss:  0.08921778076910414  lr:  1.9073486328125e-08
#epoch  264    val-loss:  0.10310684458205574  train-loss:  0.08928140017087571  lr:  1.9073486328125e-08
#epoch  265    val-loss:  0.10309886265742152  train-loss:  0.08928713947534561  lr:  1.9073486328125e-08
#epoch  266    val-loss:  0.1020937703157726  train-loss:  0.0893381254572887  lr:  1.9073486328125e-08
#epoch  267    val-loss:  0.10217877163698799  train-loss:  0.08929664571769536  lr:  1.9073486328125e-08
#epoch  268    val-loss:  0.1041221904911493  train-loss:  0.08922289806650952  lr:  1.9073486328125e-08
#epoch  269    val-loss:  0.1017750380070586  train-loss:  0.08922194785554893  lr:  1.9073486328125e-08
#epoch  270    val-loss:  0.10448443497482099  train-loss:  0.08923002806841396  lr:  1.9073486328125e-08
#epoch  271    val-loss:  0.10208320813743692  train-loss:  0.08931038118316792  lr:  1.9073486328125e-08
#epoch  272    val-loss:  0.10225316607638409  train-loss:  0.08931902018957771  lr:  1.9073486328125e-08
#epoch  273    val-loss:  0.10271728901486647  train-loss:  0.08924116214620881  lr:  1.9073486328125e-08
#epoch  274    val-loss:  0.10238573543335262  train-loss:  0.08927448283066042  lr:  1.9073486328125e-08
#epoch  275    val-loss:  0.10227845844469573  train-loss:  0.08925911950063892  lr:  1.9073486328125e-08
#epoch  276    val-loss:  0.10257153134596975  train-loss:  0.08920482057146728  lr:  1.9073486328125e-08
#epoch  277    val-loss:  0.1022142113039368  train-loss:  0.08921224213554524  lr:  1.9073486328125e-08
#epoch  278    val-loss:  0.1038964508395446  train-loss:  0.08921961882151663  lr:  1.9073486328125e-08
#epoch  279    val-loss:  0.10250263386651089  train-loss:  0.08920266368659213  lr:  1.9073486328125e-08
#epoch  280    val-loss:  0.10210173694710982  train-loss:  0.08932827244279906  lr:  1.9073486328125e-08
#epoch  281    val-loss:  0.10233477503061295  train-loss:  0.08917687309440225  lr:  1.9073486328125e-08
#epoch  282    val-loss:  0.10314280853459709  train-loss:  0.08923436244367622  lr:  1.9073486328125e-08
#epoch  283    val-loss:  0.10218801349401474  train-loss:  0.08930246630916372  lr:  1.9073486328125e-08
#epoch  284    val-loss:  0.10259429718318738  train-loss:  0.08933355717454106  lr:  1.9073486328125e-08
#epoch  285    val-loss:  0.10221243885002639  train-loss:  0.08922384513425641  lr:  1.9073486328125e-08
#epoch  286    val-loss:  0.10226426861788097  train-loss:  0.08920044114347547  lr:  1.9073486328125e-08
#epoch  287    val-loss:  0.10237459446254529  train-loss:  0.08919426475767978  lr:  1.9073486328125e-08
#epoch  288    val-loss:  0.1021301762053841  train-loss:  0.08925175596959889  lr:  1.9073486328125e-08
#epoch  289    val-loss:  0.10322448062269311  train-loss:  0.0892986039398238  lr:  1.9073486328125e-08
#epoch  290    val-loss:  0.10289426775355089  train-loss:  0.08923773537389934  lr:  1.9073486328125e-08
#epoch  291    val-loss:  0.10218153188103124  train-loss:  0.08925624858238734  lr:  1.9073486328125e-08
#epoch  292    val-loss:  0.10256809858899367  train-loss:  0.08926531960605644  lr:  1.9073486328125e-08
#epoch  293    val-loss:  0.10289295605923  train-loss:  0.08923040531226434  lr:  1.9073486328125e-08
#epoch  294    val-loss:  0.10249718278646469  train-loss:  0.08925337443361059  lr:  1.9073486328125e-08
#epoch  295    val-loss:  0.1039284440247636  train-loss:  0.08925061699119397  lr:  1.9073486328125e-08
#epoch  296    val-loss:  0.10196597011465776  train-loss:  0.08927901749848388  lr:  1.9073486328125e-08
#epoch  297    val-loss:  0.10311672522833473  train-loss:  0.08921685910900123  lr:  1.9073486328125e-08
#epoch  298    val-loss:  0.10331165908198607  train-loss:  0.08923419198254123  lr:  1.9073486328125e-08
#epoch  299    val-loss:  0.10391575764668615  train-loss:  0.08922382886521518  lr:  1.9073486328125e-08
#epoch  300    val-loss:  0.1040980247290511  train-loss:  0.08929424636880867  lr:  1.9073486328125e-08
#epoch  301    val-loss:  0.10310394865901847  train-loss:  0.08920050601591356  lr:  1.9073486328125e-08
#epoch  302    val-loss:  0.10214288062170933  train-loss:  0.08919902119669132  lr:  1.9073486328125e-08
#epoch  303    val-loss:  0.10180204753812991  train-loss:  0.08922494287253357  lr:  1.9073486328125e-08
#epoch  304    val-loss:  0.10372531453245565  train-loss:  0.08916880341712385  lr:  1.9073486328125e-08
#epoch  305    val-loss:  0.10213186238941394  train-loss:  0.08927021894487552  lr:  1.9073486328125e-08
#epoch  306    val-loss:  0.10378209893640719  train-loss:  0.08921498915879056  lr:  1.9073486328125e-08
#epoch  307    val-loss:  0.10212787436811548  train-loss:  0.08920731820398942  lr:  1.9073486328125e-08
#epoch  308    val-loss:  0.10286802876936763  train-loss:  0.08926663125748746  lr:  1.9073486328125e-08
#epoch  309    val-loss:  0.10350495263149864  train-loss:  0.08925645455019549  lr:  1.9073486328125e-08
#epoch  310    val-loss:  0.1028969562367389  train-loss:  0.08924356068018824  lr:  1.9073486328125e-08
#epoch  311    val-loss:  0.10181998343844163  train-loss:  0.08925511108827777  lr:  1.9073486328125e-08
#epoch  312    val-loss:  0.10315529962903575  train-loss:  0.08927768829744309  lr:  1.9073486328125e-08
#epoch  313    val-loss:  0.10251023502726304  train-loss:  0.08921831846237183  lr:  1.9073486328125e-08
#epoch  314    val-loss:  0.10276922662007182  train-loss:  0.08932515105698258  lr:  1.9073486328125e-08
#epoch  315    val-loss:  0.10233352529375177  train-loss:  0.08927024228614755  lr:  1.9073486328125e-08
#epoch  316    val-loss:  0.10401297595940139  train-loss:  0.08922475238796324  lr:  1.9073486328125e-08
#epoch  317    val-loss:  0.10238846116944363  train-loss:  0.08927607352961786  lr:  1.9073486328125e-08
#epoch  318    val-loss:  0.10449189026104777  train-loss:  0.08930883658467792  lr:  1.9073486328125e-08
#epoch  319    val-loss:  0.10228364875442103  train-loss:  0.08925125384121202  lr:  1.9073486328125e-08
#epoch  320    val-loss:  0.1021273622387334  train-loss:  0.08926767588127404  lr:  1.9073486328125e-08
#epoch  321    val-loss:  0.10244311666802357  train-loss:  0.08929136357619427  lr:  1.9073486328125e-08
#epoch  322    val-loss:  0.10301533380621358  train-loss:  0.08920707469223998  lr:  1.9073486328125e-08
#epoch  323    val-loss:  0.10313125738972112  train-loss:  0.08930194468121044  lr:  1.9073486328125e-08
#epoch  324    val-loss:  0.10226253263260189  train-loss:  0.0892509053228423  lr:  1.9073486328125e-08
#epoch  325    val-loss:  0.10195248691659224  train-loss:  0.08924867343739606  lr:  1.9073486328125e-08
#epoch  326    val-loss:  0.10246139647145021  train-loss:  0.08920154543011449  lr:  1.9073486328125e-08
#epoch  327    val-loss:  0.10311002205861242  train-loss:  0.08923509140731767  lr:  1.9073486328125e-08
#epoch  328    val-loss:  0.1023533759932769  train-loss:  0.08923089582822286  lr:  1.9073486328125e-08
#epoch  329    val-loss:  0.10211580756463502  train-loss:  0.08925159071804956  lr:  1.9073486328125e-08
#epoch  330    val-loss:  0.10309385155376635  train-loss:  0.0892846715869382  lr:  1.9073486328125e-08
#epoch  331    val-loss:  0.10205495083018352  train-loss:  0.08927417028462514  lr:  1.9073486328125e-08
#epoch  332    val-loss:  0.10305393251933549  train-loss:  0.08930721392971464  lr:  1.9073486328125e-08
#epoch  333    val-loss:  0.10304131437289088  train-loss:  0.08925954019650817  lr:  1.9073486328125e-08
#epoch  334    val-loss:  0.10473339769401048  train-loss:  0.08927653220598586  lr:  1.9073486328125e-08
#epoch  335    val-loss:  0.10378714807723698  train-loss:  0.08928030743845738  lr:  1.9073486328125e-08
#epoch  336    val-loss:  0.10179210297371212  train-loss:  0.0892135341418907  lr:  1.9073486328125e-08
#epoch  337    val-loss:  0.10219154232426693  train-loss:  0.08926460985094309  lr:  1.9073486328125e-08
#epoch  338    val-loss:  0.10318445884867718  train-loss:  0.08924739740905352  lr:  1.9073486328125e-08
#epoch  339    val-loss:  0.10209677093907406  train-loss:  0.0892218108929228  lr:  1.9073486328125e-08
#epoch  340    val-loss:  0.10208686911746075  train-loss:  0.08927624006173573  lr:  1.9073486328125e-08
#epoch  341    val-loss:  0.10350832774450905  train-loss:  0.08922475390136242  lr:  1.9073486328125e-08
#epoch  342    val-loss:  0.1027548666063108  train-loss:  0.08921198765165173  lr:  1.9073486328125e-08
#epoch  343    val-loss:  0.10214564870846898  train-loss:  0.08926246812916361  lr:  1.9073486328125e-08
#epoch  344    val-loss:  0.10450604754058938  train-loss:  0.08925908742821775  lr:  1.9073486328125e-08
#epoch  345    val-loss:  0.10384059109185871  train-loss:  0.08924973936518654  lr:  1.9073486328125e-08
#epoch  346    val-loss:  0.10215398277107038  train-loss:  0.08921925845788792  lr:  1.9073486328125e-08
#epoch  347    val-loss:  0.1032132424022022  train-loss:  0.08923578658141196  lr:  1.9073486328125e-08
#epoch  348    val-loss:  0.1024117230584747  train-loss:  0.08922533708391711  lr:  1.9073486328125e-08
#epoch  349    val-loss:  0.10240037660849721  train-loss:  0.08928239418310113  lr:  1.9073486328125e-08
#epoch  350    val-loss:  0.10250733910422576  train-loss:  0.08925431672832929  lr:  1.9073486328125e-08
#epoch  351    val-loss:  0.1037432323945196  train-loss:  0.08921807003207505  lr:  1.9073486328125e-08
#epoch  352    val-loss:  0.10230428137277302  train-loss:  0.08928030365495943  lr:  1.9073486328125e-08
#epoch  353    val-loss:  0.10213654605965865  train-loss:  0.08925286598969251  lr:  1.9073486328125e-08
#epoch  354    val-loss:  0.10211536954892309  train-loss:  0.0891986045462545  lr:  1.9073486328125e-08
#epoch  355    val-loss:  0.10312574160726447  train-loss:  0.08922770965727977  lr:  1.9073486328125e-08
#epoch  356    val-loss:  0.1021720539582403  train-loss:  0.08928136920440011  lr:  1.9073486328125e-08
#epoch  357    val-loss:  0.10226925776193016  train-loss:  0.08925199761870317  lr:  1.9073486328125e-08
#epoch  358    val-loss:  0.10387543314381649  train-loss:  0.08918603238998912  lr:  1.9073486328125e-08
#epoch  359    val-loss:  0.10250984328357797  train-loss:  0.0892915852018632  lr:  1.9073486328125e-08
#epoch  360    val-loss:  0.10211021609996494  train-loss:  0.0892181841772981  lr:  1.9073486328125e-08
#epoch  361    val-loss:  0.10274507301418405  train-loss:  0.08925447566434741  lr:  1.9073486328125e-08
#epoch  362    val-loss:  0.10378130368496243  train-loss:  0.08923294604755938  lr:  1.9073486328125e-08
#epoch  363    val-loss:  0.10452816321661598  train-loss:  0.08926103447447531  lr:  1.9073486328125e-08
#epoch  364    val-loss:  0.1025002614447945  train-loss:  0.08917740965262055  lr:  1.9073486328125e-08
#epoch  365    val-loss:  0.10261830765950053  train-loss:  0.08923595838132314  lr:  1.9073486328125e-08
#epoch  366    val-loss:  0.10213982117803473  train-loss:  0.08925090890261345  lr:  1.9073486328125e-08
#epoch  367    val-loss:  0.10255553887078636  train-loss:  0.08923547956510447  lr:  1.9073486328125e-08
#epoch  368    val-loss:  0.1020703311813505  train-loss:  0.08924508446943946  lr:  1.9073486328125e-08
#epoch  369    val-loss:  0.10215690183012109  train-loss:  0.08920667975326069  lr:  1.9073486328125e-08
#epoch  370    val-loss:  0.10307218761820543  train-loss:  0.08928631988237612  lr:  1.9073486328125e-08
#epoch  371    val-loss:  0.1028452668535082  train-loss:  0.08924394377390854  lr:  1.9073486328125e-08
#epoch  372    val-loss:  0.10218924440835651  train-loss:  0.08926016348414123  lr:  1.9073486328125e-08
#epoch  373    val-loss:  0.10274345741460197  train-loss:  0.08923262893222272  lr:  1.9073486328125e-08
#epoch  374    val-loss:  0.10240234277750317  train-loss:  0.08924365838174708  lr:  1.9073486328125e-08
#epoch  375    val-loss:  0.10313646809050911  train-loss:  0.0892619184742216  lr:  1.9073486328125e-08
#epoch  376    val-loss:  0.1020190472665586  train-loss:  0.08920117988600396  lr:  1.9073486328125e-08
#epoch  377    val-loss:  0.10215057275797192  train-loss:  0.08920428494457155  lr:  1.9073486328125e-08
#epoch  378    val-loss:  0.10253078176787025  train-loss:  0.08922112113214098  lr:  1.9073486328125e-08
#epoch  379    val-loss:  0.10221863028250243  train-loss:  0.08926632700604387  lr:  1.9073486328125e-08
#epoch  380    val-loss:  0.10234445686403074  train-loss:  0.08924049491179176  lr:  1.9073486328125e-08
#epoch  381    val-loss:  0.1034948814072107  train-loss:  0.08925301214912906  lr:  1.9073486328125e-08
#epoch  382    val-loss:  0.10250106257827658  train-loss:  0.08922555003664456  lr:  1.9073486328125e-08
#epoch  383    val-loss:  0.1040508202032039  train-loss:  0.08923496812349185  lr:  1.9073486328125e-08
#epoch  384    val-loss:  0.10217889241482082  train-loss:  0.0892306488531176  lr:  1.9073486328125e-08
#epoch  385    val-loss:  0.10219267520465349  train-loss:  0.0892217219225131  lr:  1.9073486328125e-08
#epoch  386    val-loss:  0.10210244945789639  train-loss:  0.08920588449109346  lr:  1.9073486328125e-08
#epoch  387    val-loss:  0.10379993092072637  train-loss:  0.08922837127465755  lr:  1.9073486328125e-08
#epoch  388    val-loss:  0.10224987252762444  train-loss:  0.08917471545282751  lr:  1.9073486328125e-08
#epoch  389    val-loss:  0.10382201365734402  train-loss:  0.08923416788456962  lr:  1.9073486328125e-08
#epoch  390    val-loss:  0.102080747093025  train-loss:  0.08925699125393294  lr:  1.9073486328125e-08
#epoch  391    val-loss:  0.10222549501218293  train-loss:  0.08924524474423379  lr:  1.9073486328125e-08
#epoch  392    val-loss:  0.10267176322246853  train-loss:  0.08928864897461608  lr:  1.9073486328125e-08
#epoch  393    val-loss:  0.10225488833690945  train-loss:  0.08926928526489064  lr:  1.9073486328125e-08
#epoch  394    val-loss:  0.10222053802327107  train-loss:  0.0892041603801772  lr:  1.9073486328125e-08
#epoch  395    val-loss:  0.10261403337905281  train-loss:  0.08929226262262091  lr:  1.9073486328125e-08
#epoch  396    val-loss:  0.1021225644569648  train-loss:  0.08922239841194823  lr:  1.9073486328125e-08
#epoch  397    val-loss:  0.10334707639719311  train-loss:  0.08922401943709701  lr:  1.9073486328125e-08
#epoch  398    val-loss:  0.10289215963137777  train-loss:  0.08920375638990663  lr:  1.9073486328125e-08
#epoch  399    val-loss:  0.10312689958434355  train-loss:  0.08922875378630124  lr:  1.9073486328125e-08
#epoch  400    val-loss:  0.1025197925536256  train-loss:  0.08919702097773552  lr:  1.9073486328125e-08
#epoch  401    val-loss:  0.10219777414673253  train-loss:  0.08926194868399762  lr:  1.9073486328125e-08
#epoch  402    val-loss:  0.10212093670117228  train-loss:  0.08926156713278033  lr:  1.9073486328125e-08
#epoch  403    val-loss:  0.10242571564097154  train-loss:  0.0892448028025683  lr:  1.9073486328125e-08
#epoch  404    val-loss:  0.10216539509986576  train-loss:  0.08921016112435609  lr:  1.9073486328125e-08
#epoch  405    val-loss:  0.10262914315650337  train-loss:  0.08922515451558866  lr:  1.9073486328125e-08
#epoch  406    val-loss:  0.10215941463646136  train-loss:  0.08924605391803198  lr:  1.9073486328125e-08
#epoch  407    val-loss:  0.10398574604799873  train-loss:  0.08919024604256265  lr:  1.9073486328125e-08
#epoch  408    val-loss:  0.10218570851965954  train-loss:  0.08921948133502156  lr:  1.9073486328125e-08
#epoch  409    val-loss:  0.10263647335140329  train-loss:  0.08925555847235955  lr:  1.9073486328125e-08
#epoch  410    val-loss:  0.10255782737543709  train-loss:  0.08926251356024295  lr:  1.9073486328125e-08
#epoch  411    val-loss:  0.10248762565223794  train-loss:  0.08924884049338289  lr:  1.9073486328125e-08
#epoch  412    val-loss:  0.10234582110455162  train-loss:  0.08927582274191082  lr:  1.9073486328125e-08
#epoch  413    val-loss:  0.10458805215986151  train-loss:  0.08928985436796211  lr:  1.9073486328125e-08
#epoch  414    val-loss:  0.10446551755854958  train-loss:  0.0892221511749085  lr:  1.9073486328125e-08
#epoch  415    val-loss:  0.10218886521301772  train-loss:  0.08917982547427528  lr:  1.9073486328125e-08
#epoch  416    val-loss:  0.10449085541461643  train-loss:  0.08925883506890386  lr:  1.9073486328125e-08
#epoch  417    val-loss:  0.1023291953300175  train-loss:  0.08928340504644439  lr:  1.9073486328125e-08
#epoch  418    val-loss:  0.10272561758756638  train-loss:  0.08926060874364339  lr:  1.9073486328125e-08
#epoch  419    val-loss:  0.10308464969459333  train-loss:  0.08919435320422053  lr:  1.9073486328125e-08
#epoch  420    val-loss:  0.10471181257774956  train-loss:  0.08925132270087488  lr:  1.9073486328125e-08
#epoch  421    val-loss:  0.10251270509079884  train-loss:  0.08920900474186055  lr:  1.9073486328125e-08
#epoch  422    val-loss:  0.10253012729318518  train-loss:  0.08919863952905871  lr:  1.9073486328125e-08
#epoch  423    val-loss:  0.10392027701202192  train-loss:  0.08919860175228678  lr:  1.9073486328125e-08
#epoch  424    val-loss:  0.10388262765972238  train-loss:  0.08926332893315703  lr:  1.9073486328125e-08
#epoch  425    val-loss:  0.10255460794034757  train-loss:  0.08926473697647452  lr:  1.9073486328125e-08
#epoch  426    val-loss:  0.10228801126542844  train-loss:  0.08933245082153007  lr:  1.9073486328125e-08
#epoch  427    val-loss:  0.10215686614576139  train-loss:  0.08927030567429028  lr:  1.9073486328125e-08
#epoch  428    val-loss:  0.10228105987373151  train-loss:  0.08932553557679057  lr:  1.9073486328125e-08
#epoch  429    val-loss:  0.10214211281977202  train-loss:  0.08920838101767004  lr:  1.9073486328125e-08
#epoch  430    val-loss:  0.10208922467733685  train-loss:  0.08929186206660233  lr:  1.9073486328125e-08
#epoch  431    val-loss:  0.10227615896024202  train-loss:  0.0892635142954532  lr:  1.9073486328125e-08
#epoch  432    val-loss:  0.1023208930304176  train-loss:  0.08929161843843758  lr:  1.9073486328125e-08
#epoch  433    val-loss:  0.10218863110793264  train-loss:  0.08921637418097816  lr:  1.9073486328125e-08
#epoch  434    val-loss:  0.10339709528182682  train-loss:  0.08926108208834194  lr:  1.9073486328125e-08
#epoch  435    val-loss:  0.1039296545480427  train-loss:  0.08921232921420597  lr:  1.9073486328125e-08
#epoch  436    val-loss:  0.10233765369967411  train-loss:  0.08923713295371272  lr:  1.9073486328125e-08
#epoch  437    val-loss:  0.1023919519625212  train-loss:  0.08922747816541232  lr:  1.9073486328125e-08
#epoch  438    val-loss:  0.10225269198417664  train-loss:  0.08926763976342045  lr:  1.9073486328125e-08
#epoch  439    val-loss:  0.1030964427872708  train-loss:  0.08925948358955793  lr:  1.9073486328125e-08
#epoch  440    val-loss:  0.10258411223951139  train-loss:  0.08921464279410429  lr:  1.9073486328125e-08
#epoch  441    val-loss:  0.10221358545516666  train-loss:  0.08916643681004643  lr:  1.9073486328125e-08
#epoch  442    val-loss:  0.10213922003382131  train-loss:  0.08921054235543124  lr:  1.9073486328125e-08
#epoch  443    val-loss:  0.10219081922581322  train-loss:  0.08927684865193442  lr:  1.9073486328125e-08
#epoch  444    val-loss:  0.10215584423981215  train-loss:  0.08928599025239237  lr:  1.9073486328125e-08
#epoch  445    val-loss:  0.10236470558141407  train-loss:  0.08925011646351777  lr:  1.9073486328125e-08
#epoch  446    val-loss:  0.1021259227081349  train-loss:  0.08925757184624672  lr:  1.9073486328125e-08
#epoch  447    val-loss:  0.10312487302642119  train-loss:  0.08924634713912383  lr:  1.9073486328125e-08
#epoch  448    val-loss:  0.10305922949000408  train-loss:  0.0892509022669401  lr:  1.9073486328125e-08
#epoch  449    val-loss:  0.1022980471974925  train-loss:  0.0892245571303647  lr:  1.9073486328125e-08
#epoch  450    val-loss:  0.10449562574687757  train-loss:  0.08924318861681968  lr:  1.9073486328125e-08
#epoch  451    val-loss:  0.1040221887983774  train-loss:  0.08920819571358152  lr:  1.9073486328125e-08
#epoch  452    val-loss:  0.10342821557270854  train-loss:  0.08920619444688782  lr:  1.9073486328125e-08
#epoch  453    val-loss:  0.10290329628869106  train-loss:  0.0892213182814885  lr:  1.9073486328125e-08
#epoch  454    val-loss:  0.10274510477718554  train-loss:  0.08924109046347439  lr:  1.9073486328125e-08
#epoch  455    val-loss:  0.10288120061159134  train-loss:  0.08920666435733438  lr:  1.9073486328125e-08
#epoch  456    val-loss:  0.10292546294237438  train-loss:  0.08920652023516595  lr:  1.9073486328125e-08
#epoch  457    val-loss:  0.10234043629545915  train-loss:  0.08923820042400621  lr:  1.9073486328125e-08
#epoch  458    val-loss:  0.10234643636565459  train-loss:  0.08923764625797048  lr:  1.9073486328125e-08
#epoch  459    val-loss:  0.10208128471123545  train-loss:  0.08925809120410122  lr:  1.9073486328125e-08
#epoch  460    val-loss:  0.10219845803160417  train-loss:  0.08925279535469599  lr:  1.9073486328125e-08
#epoch  461    val-loss:  0.10198078343742772  train-loss:  0.08925147572881542  lr:  1.9073486328125e-08
#epoch  462    val-loss:  0.1027531698346138  train-loss:  0.08927480387501419  lr:  1.9073486328125e-08
#epoch  463    val-loss:  0.10306426294540104  train-loss:  0.08926405559759587  lr:  1.9073486328125e-08
#epoch  464    val-loss:  0.10380829949128001  train-loss:  0.08929031164734624  lr:  1.9073486328125e-08
#epoch  465    val-loss:  0.10225182850109904  train-loss:  0.08920711846440099  lr:  1.9073486328125e-08
#epoch  466    val-loss:  0.102462563859789  train-loss:  0.08920848704292439  lr:  1.9073486328125e-08
#epoch  467    val-loss:  0.10240332860695689  train-loss:  0.0892909491667524  lr:  1.9073486328125e-08
#epoch  468    val-loss:  0.10309493384863201  train-loss:  0.08924404840217903  lr:  1.9073486328125e-08
#epoch  469    val-loss:  0.10270511045267708  train-loss:  0.08932384153013118  lr:  1.9073486328125e-08
#epoch  470    val-loss:  0.1023101018447625  train-loss:  0.08928775903768837  lr:  1.9073486328125e-08
#epoch  471    val-loss:  0.10289195689715837  train-loss:  0.08924073388334364  lr:  1.9073486328125e-08
#epoch  472    val-loss:  0.10255996059430272  train-loss:  0.08921344034024514  lr:  1.9073486328125e-08
#epoch  473    val-loss:  0.102113250446947  train-loss:  0.08928449085215107  lr:  1.9073486328125e-08
#epoch  474    val-loss:  0.10242993227745358  train-loss:  0.0892447215737775  lr:  1.9073486328125e-08
#epoch  475    val-loss:  0.10311156785801838  train-loss:  0.0892672382760793  lr:  1.9073486328125e-08
#epoch  476    val-loss:  0.10322631111270503  train-loss:  0.0892135541071184  lr:  1.9073486328125e-08
#epoch  477    val-loss:  0.10286561203630347  train-loss:  0.08925203181570396  lr:  1.9073486328125e-08
#epoch  478    val-loss:  0.10450252537664614  train-loss:  0.08921929021016695  lr:  1.9073486328125e-08
#epoch  479    val-loss:  0.10411998159007023  train-loss:  0.08920819911872968  lr:  1.9073486328125e-08
#epoch  480    val-loss:  0.10263134617554515  train-loss:  0.08926658195559867  lr:  1.9073486328125e-08
#epoch  481    val-loss:  0.10214120188826009  train-loss:  0.08924488714546897  lr:  1.9073486328125e-08
#epoch  482    val-loss:  0.10263618473943911  train-loss:  0.08916599358781241  lr:  1.9073486328125e-08
#epoch  483    val-loss:  0.10272638852659025  train-loss:  0.08923607226461172  lr:  1.9073486328125e-08
#epoch  484    val-loss:  0.10396598122621838  train-loss:  0.0892854236299172  lr:  1.9073486328125e-08
#epoch  485    val-loss:  0.10239609605387638  train-loss:  0.08920726986252703  lr:  1.9073486328125e-08
#epoch  486    val-loss:  0.102494331566911  train-loss:  0.08924107643542811  lr:  1.9073486328125e-08
#epoch  487    val-loss:  0.10211834938902604  train-loss:  0.08922765188617632  lr:  1.9073486328125e-08
#epoch  488    val-loss:  0.10226171777436607  train-loss:  0.08926673920359462  lr:  1.9073486328125e-08
#epoch  489    val-loss:  0.10275966674089432  train-loss:  0.08922053486458026  lr:  1.9073486328125e-08
#epoch  490    val-loss:  0.1033318379991933  train-loss:  0.08928524915245362  lr:  1.9073486328125e-08
#epoch  491    val-loss:  0.10241597616358807  train-loss:  0.08926963337580673  lr:  1.9073486328125e-08
#epoch  492    val-loss:  0.1024850720637723  train-loss:  0.08930596741265617  lr:  1.9073486328125e-08
#epoch  493    val-loss:  0.10419206321239471  train-loss:  0.0892245460418053  lr:  1.9073486328125e-08
#epoch  494    val-loss:  0.1024631120656666  train-loss:  0.08923639132990502  lr:  1.9073486328125e-08
#epoch  495    val-loss:  0.10176435465875425  train-loss:  0.08922022613114677  lr:  1.9073486328125e-08
#epoch  496    val-loss:  0.10232339760190562  train-loss:  0.08934050251264125  lr:  1.9073486328125e-08
#epoch  497    val-loss:  0.103066585958004  train-loss:  0.08921180604374968  lr:  1.9073486328125e-08
#epoch  498    val-loss:  0.10255578199499532  train-loss:  0.08930240944027901  lr:  1.9073486328125e-08
#epoch  499    val-loss:  0.10216860865291796  train-loss:  0.0891328017169144  lr:  1.9073486328125e-08
