model ffbb0801798e579439daeb1fce1a752b765a055cd53fb65621b48543 state_dict has not been found
Model was not found
torch.cuda.is_available():	 True
runargs:	 Namespace(co2=False, depth=5.0, disp=-1, domain='global', epoch=0, latitude=True, linsupres=False, lossfun='MSE', lr=0.01, lsrp_span=12, maxepoch=500, minibatch=4, mode='train', normalization='standard', num_workers=40, parts=[1, 1], persistent_workers=False, prefetch_factor=1, relog=True, rerun=True, sanity=False, sigma=8, temperature=True)
data_address /scratch/zanna/data/cm2.6/coarse_8_beneath_surface.zarr
using device: cuda:0
epochs started
#epoch  0    val-loss:  0.4495725349376076  train-loss:  0.7968431123299524  lr:  0.01
#epoch  1    val-loss:  0.3295222065950695  train-loss:  0.35431433806661516  lr:  0.01
#epoch  2    val-loss:  0.3180648794299678  train-loss:  0.2645120710367337  lr:  0.01
#epoch  3    val-loss:  0.21958944985741063  train-loss:  0.21430885011795908  lr:  0.01
#epoch  4    val-loss:  0.20466066896915436  train-loss:  0.18707676674239337  lr:  0.01
#epoch  5    val-loss:  0.1799971939701783  train-loss:  0.16711701679741964  lr:  0.01
#epoch  6    val-loss:  0.16897237144018473  train-loss:  0.15567051788093522  lr:  0.01
#epoch  7    val-loss:  0.19481346246443296  train-loss:  0.1468478268943727  lr:  0.01
#epoch  8    val-loss:  0.1457457456149553  train-loss:  0.1388873501564376  lr:  0.01
#epoch  9    val-loss:  0.15451027531372874  train-loss:  0.13620892763719894  lr:  0.01
#epoch  10    val-loss:  0.14113990884078176  train-loss:  0.13095525046810508  lr:  0.01
#epoch  11    val-loss:  0.14490194304993279  train-loss:  0.12806388566968963  lr:  0.01
#epoch  12    val-loss:  0.14244886056372993  train-loss:  0.1256186117825564  lr:  0.01
#epoch  13    val-loss:  0.13131160720398552  train-loss:  0.12219720557914115  lr:  0.01
#epoch  14    val-loss:  0.1327481497275202  train-loss:  0.12009029847104102  lr:  0.01
#epoch  15    val-loss:  0.13295901998093254  train-loss:  0.11775807352387346  lr:  0.01
#epoch  16    val-loss:  0.1331176361755321  train-loss:  0.11697239632485434  lr:  0.01
#epoch  17    val-loss:  0.11350696494704798  train-loss:  0.1059629972151015  lr:  0.005
#epoch  18    val-loss:  0.11366792258463408  train-loss:  0.1056490323098842  lr:  0.005
#epoch  19    val-loss:  0.11549156786579835  train-loss:  0.10476266266778111  lr:  0.005
#epoch  20    val-loss:  0.11860657444125727  train-loss:  0.104779094515834  lr:  0.005
#epoch  21    val-loss:  0.11083543771191647  train-loss:  0.09909767194767483  lr:  0.0025
#epoch  22    val-loss:  0.10967525094747543  train-loss:  0.09883946375339292  lr:  0.0025
#epoch  23    val-loss:  0.1102234705498344  train-loss:  0.09833414811873809  lr:  0.0025
#epoch  24    val-loss:  0.10897938397369887  train-loss:  0.09843448572792113  lr:  0.0025
#epoch  25    val-loss:  0.11305835490164004  train-loss:  0.09837307195994072  lr:  0.0025
#epoch  26    val-loss:  0.10790349974444038  train-loss:  0.09768840594915673  lr:  0.0025
#epoch  27    val-loss:  0.10804202211530585  train-loss:  0.09744425865937956  lr:  0.0025
#epoch  28    val-loss:  0.10648408061579655  train-loss:  0.0969116420019418  lr:  0.0025
#epoch  29    val-loss:  0.10581661956874948  train-loss:  0.09662115090759471  lr:  0.0025
#epoch  30    val-loss:  0.10507751530722569  train-loss:  0.09635368967428803  lr:  0.0025
#epoch  31    val-loss:  0.102898365965015  train-loss:  0.09588735300349072  lr:  0.0025
#epoch  32    val-loss:  0.11080191519699599  train-loss:  0.09576206922065467  lr:  0.0025
#epoch  33    val-loss:  0.11355543724800411  train-loss:  0.09532351008965634  lr:  0.0025
#epoch  34    val-loss:  0.1083077858937414  train-loss:  0.09490318468306214  lr:  0.0025
#epoch  35    val-loss:  0.10031813069393761  train-loss:  0.09140002299682237  lr:  0.00125
#epoch  36    val-loss:  0.10156897024104469  train-loss:  0.09122364516952075  lr:  0.00125
#epoch  37    val-loss:  0.09999902467978627  train-loss:  0.09092558702104725  lr:  0.00125
#epoch  38    val-loss:  0.09968955226634678  train-loss:  0.09080695317243226  lr:  0.00125
#epoch  39    val-loss:  0.10547408226289247  train-loss:  0.09077188538503833  lr:  0.00125
#epoch  40    val-loss:  0.10022338832679548  train-loss:  0.09072078773169778  lr:  0.00125
#epoch  41    val-loss:  0.10110761970281601  train-loss:  0.09022468034527265  lr:  0.00125
#epoch  42    val-loss:  0.09847357555439598  train-loss:  0.08846023786463775  lr:  0.000625
#epoch  43    val-loss:  0.09908096257009004  train-loss:  0.08847934589721262  lr:  0.000625
#epoch  44    val-loss:  0.09770889815531279  train-loss:  0.08836435643024743  lr:  0.000625
#epoch  45    val-loss:  0.09867893473098152  train-loss:  0.0882378748501651  lr:  0.000625
#epoch  46    val-loss:  0.09809657539191999  train-loss:  0.08818490398698486  lr:  0.000625
#epoch  47    val-loss:  0.09835762256070187  train-loss:  0.08802203630330041  lr:  0.000625
#epoch  48    val-loss:  0.09690178028847042  train-loss:  0.08705325960181653  lr:  0.0003125
#epoch  49    val-loss:  0.09801628793540754  train-loss:  0.08699502350646071  lr:  0.0003125
#epoch  50    val-loss:  0.09636759169791874  train-loss:  0.08701413866947405  lr:  0.0003125
#epoch  51    val-loss:  0.09710965501634698  train-loss:  0.08689774919184856  lr:  0.0003125
#epoch  52    val-loss:  0.0968472694880084  train-loss:  0.08675032740575261  lr:  0.0003125
#epoch  53    val-loss:  0.09678193534675397  train-loss:  0.08673835880472325  lr:  0.0003125
#epoch  54    val-loss:  0.09688758693243328  train-loss:  0.08625709271291271  lr:  0.00015625
#epoch  55    val-loss:  0.09662127534025594  train-loss:  0.08618938925792463  lr:  0.00015625
#epoch  56    val-loss:  0.09663119088662298  train-loss:  0.08620606584008783  lr:  0.00015625
#epoch  57    val-loss:  0.09606300921816575  train-loss:  0.08591932532726787  lr:  7.8125e-05
#epoch  58    val-loss:  0.09653784295445994  train-loss:  0.08591072793933563  lr:  7.8125e-05
#epoch  59    val-loss:  0.09598714152449056  train-loss:  0.08588772561051883  lr:  7.8125e-05
#epoch  60    val-loss:  0.0964615878305937  train-loss:  0.08582816438865848  lr:  7.8125e-05
#epoch  61    val-loss:  0.09594992312945817  train-loss:  0.08580003611859865  lr:  7.8125e-05
#epoch  62    val-loss:  0.09617421109425395  train-loss:  0.08583687039208598  lr:  7.8125e-05
#epoch  63    val-loss:  0.09627013026099455  train-loss:  0.085766203206731  lr:  7.8125e-05
#epoch  64    val-loss:  0.09618260946712996  train-loss:  0.0857465002918616  lr:  7.8125e-05
#epoch  65    val-loss:  0.09600890584682163  train-loss:  0.08565846970304847  lr:  3.90625e-05
#epoch  66    val-loss:  0.09613664487474843  train-loss:  0.08562791082658805  lr:  3.90625e-05
#epoch  67    val-loss:  0.09553962789083782  train-loss:  0.08552868754486553  lr:  3.90625e-05
#epoch  68    val-loss:  0.09587657020280235  train-loss:  0.08555367641383782  lr:  3.90625e-05
#epoch  69    val-loss:  0.09599634024657701  train-loss:  0.08557775075314566  lr:  3.90625e-05
#epoch  70    val-loss:  0.0963332064841923  train-loss:  0.08558183963759802  lr:  3.90625e-05
#epoch  71    val-loss:  0.0958682330031144  train-loss:  0.08549753547413275  lr:  1.953125e-05
#epoch  72    val-loss:  0.09616663424592269  train-loss:  0.08550131172523834  lr:  1.953125e-05
#epoch  73    val-loss:  0.0961663209294018  train-loss:  0.08544206895749085  lr:  1.953125e-05
#epoch  74    val-loss:  0.09569029980584194  train-loss:  0.08540664540487342  lr:  9.765625e-06
#epoch  75    val-loss:  0.09621414699052509  train-loss:  0.08548109635012224  lr:  9.765625e-06
#epoch  76    val-loss:  0.09628342601813768  train-loss:  0.08549080684315413  lr:  9.765625e-06
#epoch  77    val-loss:  0.09565650475652594  train-loss:  0.08539869345258921  lr:  4.8828125e-06
#epoch  78    val-loss:  0.09538848109935459  train-loss:  0.08541522338055074  lr:  4.8828125e-06
#epoch  79    val-loss:  0.09576719215041712  train-loss:  0.08537602951400913  lr:  4.8828125e-06
#epoch  80    val-loss:  0.09593858883569115  train-loss:  0.08539565312094055  lr:  4.8828125e-06
#epoch  81    val-loss:  0.09571038970821782  train-loss:  0.08536892413394526  lr:  4.8828125e-06
#epoch  82    val-loss:  0.09560800226111162  train-loss:  0.08535237272735685  lr:  2.44140625e-06
#epoch  83    val-loss:  0.09594806558207462  train-loss:  0.08536150545114651  lr:  2.44140625e-06
#epoch  84    val-loss:  0.09601974173596031  train-loss:  0.08535284537356347  lr:  2.44140625e-06
#epoch  85    val-loss:  0.09618173265143444  train-loss:  0.085359546210384  lr:  1.220703125e-06
#epoch  86    val-loss:  0.095735339349822  train-loss:  0.08534919036901556  lr:  1.220703125e-06
#epoch  87    val-loss:  0.09601050850592162  train-loss:  0.0853754747658968  lr:  1.220703125e-06
#epoch  88    val-loss:  0.09565188578869167  train-loss:  0.08536649195593782  lr:  6.103515625e-07
#epoch  89    val-loss:  0.096189799277406  train-loss:  0.085401405376615  lr:  6.103515625e-07
#epoch  90    val-loss:  0.0957895270303676  train-loss:  0.08537505625281483  lr:  6.103515625e-07
#epoch  91    val-loss:  0.09560028424388484  train-loss:  0.08534973507630639  lr:  3.0517578125e-07
#epoch  92    val-loss:  0.09605426419722407  train-loss:  0.08532769262092188  lr:  3.0517578125e-07
#epoch  93    val-loss:  0.09563886531089481  train-loss:  0.08531970382318832  lr:  3.0517578125e-07
#epoch  94    val-loss:  0.09564058012083958  train-loss:  0.08535924536408857  lr:  1.52587890625e-07
#epoch  95    val-loss:  0.09580693942935843  train-loss:  0.08536274018115364  lr:  1.52587890625e-07
#epoch  96    val-loss:  0.09603959949393022  train-loss:  0.08537491070455872  lr:  1.52587890625e-07
#epoch  97    val-loss:  0.0955212845614082  train-loss:  0.08536322208237834  lr:  7.62939453125e-08
#epoch  98    val-loss:  0.09610034917530261  train-loss:  0.0854046928579919  lr:  7.62939453125e-08
#epoch  99    val-loss:  0.09593114217645243  train-loss:  0.08534785456140526  lr:  7.62939453125e-08
#epoch  100    val-loss:  0.0961012220696399  train-loss:  0.08534052921459079  lr:  3.814697265625e-08
#epoch  101    val-loss:  0.09560730582789372  train-loss:  0.08538928630878218  lr:  3.814697265625e-08
#epoch  102    val-loss:  0.09590156258721101  train-loss:  0.08541390785831027  lr:  3.814697265625e-08
#epoch  103    val-loss:  0.09598861673944875  train-loss:  0.08534857037011534  lr:  1.9073486328125e-08
#epoch  104    val-loss:  0.09590139004744981  train-loss:  0.08531682140892372  lr:  1.9073486328125e-08
#epoch  105    val-loss:  0.09596552660590724  train-loss:  0.08536694003851153  lr:  1.9073486328125e-08
#epoch  106    val-loss:  0.0954390423078286  train-loss:  0.08536515256855637  lr:  1.9073486328125e-08
#epoch  107    val-loss:  0.09595077720127608  train-loss:  0.08535329884034581  lr:  1.9073486328125e-08
#epoch  108    val-loss:  0.09588377648278286  train-loss:  0.08538813749328256  lr:  1.9073486328125e-08
#epoch  109    val-loss:  0.09583927730196401  train-loss:  0.08541423873975873  lr:  1.9073486328125e-08
#epoch  110    val-loss:  0.09588328082310527  train-loss:  0.08538727226550691  lr:  1.9073486328125e-08
#epoch  111    val-loss:  0.09605720678442403  train-loss:  0.0852985389647074  lr:  1.9073486328125e-08
#epoch  112    val-loss:  0.0959980087844949  train-loss:  0.08535751089220867  lr:  1.9073486328125e-08
#epoch  113    val-loss:  0.09639497258161243  train-loss:  0.08538810312165879  lr:  1.9073486328125e-08
#epoch  114    val-loss:  0.0960572118821897  train-loss:  0.08536519837798551  lr:  1.9073486328125e-08
#epoch  115    val-loss:  0.09602615472517516  train-loss:  0.08532593713607639  lr:  1.9073486328125e-08
#epoch  116    val-loss:  0.09570183801023584  train-loss:  0.08530408909427933  lr:  1.9073486328125e-08
#epoch  117    val-loss:  0.09606501969851945  train-loss:  0.08530856264405884  lr:  1.9073486328125e-08
#epoch  118    val-loss:  0.09566515331205569  train-loss:  0.08542352850781754  lr:  1.9073486328125e-08
#epoch  119    val-loss:  0.09618669709092692  train-loss:  0.0853874601307325  lr:  1.9073486328125e-08
#epoch  120    val-loss:  0.0956555879429767  train-loss:  0.08534496231004596  lr:  1.9073486328125e-08
#epoch  121    val-loss:  0.09613244666864998  train-loss:  0.0853711694071535  lr:  1.9073486328125e-08
#epoch  122    val-loss:  0.09581986971591648  train-loss:  0.08535402253619395  lr:  1.9073486328125e-08
#epoch  123    val-loss:  0.09560420795490868  train-loss:  0.08533272755448706  lr:  1.9073486328125e-08
#epoch  124    val-loss:  0.09614511696915877  train-loss:  0.08536536328028888  lr:  1.9073486328125e-08
#epoch  125    val-loss:  0.09556558492936586  train-loss:  0.08535258186748251  lr:  1.9073486328125e-08
#epoch  126    val-loss:  0.09604954641116292  train-loss:  0.08533538746996783  lr:  1.9073486328125e-08
#epoch  127    val-loss:  0.09560566160239671  train-loss:  0.08538317037164234  lr:  1.9073486328125e-08
#epoch  128    val-loss:  0.09610442542716076  train-loss:  0.0853057982167229  lr:  1.9073486328125e-08
#epoch  129    val-loss:  0.09571894022979234  train-loss:  0.08535987645154819  lr:  1.9073486328125e-08
#epoch  130    val-loss:  0.09567605351146899  train-loss:  0.08531527972081676  lr:  1.9073486328125e-08
#epoch  131    val-loss:  0.09611171013430546  train-loss:  0.08539480902254581  lr:  1.9073486328125e-08
#epoch  132    val-loss:  0.09576592437530819  train-loss:  0.08535263000521809  lr:  1.9073486328125e-08
#epoch  133    val-loss:  0.09576421701594402  train-loss:  0.08535653416765854  lr:  1.9073486328125e-08
#epoch  134    val-loss:  0.09633719607403404  train-loss:  0.08535322561510839  lr:  1.9073486328125e-08
#epoch  135    val-loss:  0.09609323465510418  train-loss:  0.08537261380115524  lr:  1.9073486328125e-08
#epoch  136    val-loss:  0.09562904309285314  train-loss:  0.08534159147529863  lr:  1.9073486328125e-08
#epoch  137    val-loss:  0.09601726108475735  train-loss:  0.08535136614227667  lr:  1.9073486328125e-08
#epoch  138    val-loss:  0.09625806855527978  train-loss:  0.08537027178681456  lr:  1.9073486328125e-08
#epoch  139    val-loss:  0.09629233181476593  train-loss:  0.08539089804980904  lr:  1.9073486328125e-08
#epoch  140    val-loss:  0.09624183570083819  train-loss:  0.08535856954404153  lr:  1.9073486328125e-08
#epoch  141    val-loss:  0.09571271076014168  train-loss:  0.08535004436271265  lr:  1.9073486328125e-08
#epoch  142    val-loss:  0.09618529677391052  train-loss:  0.08539959360496141  lr:  1.9073486328125e-08
#epoch  143    val-loss:  0.09578654326890644  train-loss:  0.08530266274465248  lr:  1.9073486328125e-08
#epoch  144    val-loss:  0.09588082370005156  train-loss:  0.08540710448869504  lr:  1.9073486328125e-08
#epoch  145    val-loss:  0.09559871530846546  train-loss:  0.08534737682202831  lr:  1.9073486328125e-08
#epoch  146    val-loss:  0.09555587094081075  train-loss:  0.08536707307212055  lr:  1.9073486328125e-08
#epoch  147    val-loss:  0.09533283075219706  train-loss:  0.08533735782839358  lr:  1.9073486328125e-08
#epoch  148    val-loss:  0.09622066899349815  train-loss:  0.0853801584453322  lr:  1.9073486328125e-08
#epoch  149    val-loss:  0.09628103046040785  train-loss:  0.08540106841246597  lr:  1.9073486328125e-08
#epoch  150    val-loss:  0.09605855181028969  train-loss:  0.08534043657709844  lr:  1.9073486328125e-08
#epoch  151    val-loss:  0.09626322945481852  train-loss:  0.0853501413075719  lr:  1.9073486328125e-08
#epoch  152    val-loss:  0.09638678243285731  train-loss:  0.08534584674634971  lr:  1.9073486328125e-08
#epoch  153    val-loss:  0.09576978808955143  train-loss:  0.08534453134052455  lr:  1.9073486328125e-08
#epoch  154    val-loss:  0.09616452102598391  train-loss:  0.08532206315430813  lr:  1.9073486328125e-08
#epoch  155    val-loss:  0.09579532632702276  train-loss:  0.08538288163254037  lr:  1.9073486328125e-08
#epoch  156    val-loss:  0.09605005305064351  train-loss:  0.0853514643968083  lr:  1.9073486328125e-08
#epoch  157    val-loss:  0.09560161044723109  train-loss:  0.08533745456952602  lr:  1.9073486328125e-08
#epoch  158    val-loss:  0.09565183834025734  train-loss:  0.0853916184278205  lr:  1.9073486328125e-08
#epoch  159    val-loss:  0.09572612455016688  train-loss:  0.08538630726980045  lr:  1.9073486328125e-08
#epoch  160    val-loss:  0.09591792602288096  train-loss:  0.08538107588537969  lr:  1.9073486328125e-08
#epoch  161    val-loss:  0.09625332253543954  train-loss:  0.08536678645759821  lr:  1.9073486328125e-08
#epoch  162    val-loss:  0.09602890987145274  train-loss:  0.0853473930619657  lr:  1.9073486328125e-08
#epoch  163    val-loss:  0.09608052867023568  train-loss:  0.0853345297218766  lr:  1.9073486328125e-08
#epoch  164    val-loss:  0.09591225573891088  train-loss:  0.0853910961013753  lr:  1.9073486328125e-08
#epoch  165    val-loss:  0.09611454802124124  train-loss:  0.08541302278172225  lr:  1.9073486328125e-08
#epoch  166    val-loss:  0.09577336083901555  train-loss:  0.08529654852463864  lr:  1.9073486328125e-08
#epoch  167    val-loss:  0.09558512113596264  train-loss:  0.08537403322407044  lr:  1.9073486328125e-08
#epoch  168    val-loss:  0.09591450150075712  train-loss:  0.08538689275155775  lr:  1.9073486328125e-08
#epoch  169    val-loss:  0.0956868282274196  train-loss:  0.08536271002958529  lr:  1.9073486328125e-08
#epoch  170    val-loss:  0.09594772912954029  train-loss:  0.08529471594374627  lr:  1.9073486328125e-08
#epoch  171    val-loss:  0.0961459977062125  train-loss:  0.08539363028830849  lr:  1.9073486328125e-08
#epoch  172    val-loss:  0.09611305202308454  train-loss:  0.08539095910964534  lr:  1.9073486328125e-08
#epoch  173    val-loss:  0.09610775779736669  train-loss:  0.08532609074609354  lr:  1.9073486328125e-08
#epoch  174    val-loss:  0.0960477908190928  train-loss:  0.08536451013060287  lr:  1.9073486328125e-08
#epoch  175    val-loss:  0.09574527646365918  train-loss:  0.0853359368047677  lr:  1.9073486328125e-08
#epoch  176    val-loss:  0.09616593310707494  train-loss:  0.08531048489385284  lr:  1.9073486328125e-08
#epoch  177    val-loss:  0.09607707944355513  train-loss:  0.08530298573896289  lr:  1.9073486328125e-08
#epoch  178    val-loss:  0.09607802919651333  train-loss:  0.085343977145385  lr:  1.9073486328125e-08
#epoch  179    val-loss:  0.09585992991924286  train-loss:  0.08534320385660976  lr:  1.9073486328125e-08
#epoch  180    val-loss:  0.09614981279561394  train-loss:  0.08538844104623422  lr:  1.9073486328125e-08
#epoch  181    val-loss:  0.09612686696805452  train-loss:  0.0854009321774356  lr:  1.9073486328125e-08
#epoch  182    val-loss:  0.09563727716082021  train-loss:  0.08536135440226644  lr:  1.9073486328125e-08
#epoch  183    val-loss:  0.09575272351503372  train-loss:  0.08533856671419926  lr:  1.9073486328125e-08
#epoch  184    val-loss:  0.09562774080979197  train-loss:  0.08536804295727052  lr:  1.9073486328125e-08
#epoch  185    val-loss:  0.09574322912253831  train-loss:  0.08535593983833678  lr:  1.9073486328125e-08
#epoch  186    val-loss:  0.09580235771442715  train-loss:  0.08534880107617937  lr:  1.9073486328125e-08
#epoch  187    val-loss:  0.0955419477663542  train-loss:  0.08537397114560008  lr:  1.9073486328125e-08
#epoch  188    val-loss:  0.09611418333492781  train-loss:  0.08536953682778403  lr:  1.9073486328125e-08
#epoch  189    val-loss:  0.09581497742941505  train-loss:  0.08536314126104116  lr:  1.9073486328125e-08
#epoch  190    val-loss:  0.09536924722947572  train-loss:  0.08534782406059094  lr:  1.9073486328125e-08
#epoch  191    val-loss:  0.09595514481004916  train-loss:  0.08532826180453412  lr:  1.9073486328125e-08
#epoch  192    val-loss:  0.09622069722727726  train-loss:  0.08533994655590504  lr:  1.9073486328125e-08
#epoch  193    val-loss:  0.09576209242406644  train-loss:  0.08532731211744249  lr:  1.9073486328125e-08
#epoch  194    val-loss:  0.09570963916025664  train-loss:  0.08538407605374232  lr:  1.9073486328125e-08
#epoch  195    val-loss:  0.09543719809306295  train-loss:  0.0853658170090057  lr:  1.9073486328125e-08
#epoch  196    val-loss:  0.09585282128108175  train-loss:  0.08537845712271519  lr:  1.9073486328125e-08
#epoch  197    val-loss:  0.09604635520985252  train-loss:  0.08535835228394717  lr:  1.9073486328125e-08
#epoch  198    val-loss:  0.09562509232445766  train-loss:  0.08538450827472843  lr:  1.9073486328125e-08
#epoch  199    val-loss:  0.09580926597118378  train-loss:  0.08528014106559567  lr:  1.9073486328125e-08
#epoch  200    val-loss:  0.09623856371954868  train-loss:  0.08537072216859087  lr:  1.9073486328125e-08
#epoch  201    val-loss:  0.09593422867749866  train-loss:  0.08534828468691558  lr:  1.9073486328125e-08
#epoch  202    val-loss:  0.09572215143002961  train-loss:  0.08536933103459887  lr:  1.9073486328125e-08
#epoch  203    val-loss:  0.09560460793344598  train-loss:  0.08535813575144857  lr:  1.9073486328125e-08
#epoch  204    val-loss:  0.096000127886471  train-loss:  0.0854063970327843  lr:  1.9073486328125e-08
#epoch  205    val-loss:  0.09574077513657119  train-loss:  0.08535635363659821  lr:  1.9073486328125e-08
#epoch  206    val-loss:  0.09577233579597975  train-loss:  0.08530723239528015  lr:  1.9073486328125e-08
#epoch  207    val-loss:  0.09569947186269258  train-loss:  0.0853914016042836  lr:  1.9073486328125e-08
#epoch  208    val-loss:  0.09557478992562544  train-loss:  0.08533155589248054  lr:  1.9073486328125e-08
#epoch  209    val-loss:  0.09614486364941847  train-loss:  0.0853430995484814  lr:  1.9073486328125e-08
#epoch  210    val-loss:  0.09612560938847692  train-loss:  0.08534600821440108  lr:  1.9073486328125e-08
#epoch  211    val-loss:  0.09555708185622566  train-loss:  0.08539752836804837  lr:  1.9073486328125e-08
#epoch  212    val-loss:  0.09578561116206019  train-loss:  0.08535949321230873  lr:  1.9073486328125e-08
#epoch  213    val-loss:  0.09597200155258179  train-loss:  0.08540192252257839  lr:  1.9073486328125e-08
#epoch  214    val-loss:  0.09608823453125201  train-loss:  0.08535253730951808  lr:  1.9073486328125e-08
#epoch  215    val-loss:  0.09609271272232658  train-loss:  0.0853547832230106  lr:  1.9073486328125e-08
#epoch  216    val-loss:  0.09602177103883341  train-loss:  0.08536520006600767  lr:  1.9073486328125e-08
#epoch  217    val-loss:  0.09590943040032136  train-loss:  0.08537721904576756  lr:  1.9073486328125e-08
#epoch  218    val-loss:  0.09563507727886501  train-loss:  0.08533593473839574  lr:  1.9073486328125e-08
#epoch  219    val-loss:  0.0957205519080162  train-loss:  0.0853485913539771  lr:  1.9073486328125e-08
#epoch  220    val-loss:  0.09613126045779179  train-loss:  0.08535391662735492  lr:  1.9073486328125e-08
#epoch  221    val-loss:  0.09597187293203253  train-loss:  0.085313806834165  lr:  1.9073486328125e-08
#epoch  222    val-loss:  0.09573344141244888  train-loss:  0.08536933080176823  lr:  1.9073486328125e-08
#epoch  223    val-loss:  0.09533654114133433  train-loss:  0.08534910657908767  lr:  1.9073486328125e-08
#epoch  224    val-loss:  0.09616208350972126  train-loss:  0.08532575631397776  lr:  1.9073486328125e-08
#epoch  225    val-loss:  0.0960667380376866  train-loss:  0.08533813207759522  lr:  1.9073486328125e-08
#epoch  226    val-loss:  0.09569772685828962  train-loss:  0.08533143374370411  lr:  1.9073486328125e-08
#epoch  227    val-loss:  0.09556268077147634  train-loss:  0.0853821225464344  lr:  1.9073486328125e-08
#epoch  228    val-loss:  0.09540992661526329  train-loss:  0.08538613127893768  lr:  1.9073486328125e-08
#epoch  229    val-loss:  0.09578302698700052  train-loss:  0.08534191956277937  lr:  1.9073486328125e-08
#epoch  230    val-loss:  0.09580188675930626  train-loss:  0.08532920342986472  lr:  1.9073486328125e-08
#epoch  231    val-loss:  0.09579168260097504  train-loss:  0.08536936776363291  lr:  1.9073486328125e-08
#epoch  232    val-loss:  0.09590763049690347  train-loss:  0.08536577245104127  lr:  1.9073486328125e-08
#epoch  233    val-loss:  0.09627353282351243  train-loss:  0.08537466771667823  lr:  1.9073486328125e-08
#epoch  234    val-loss:  0.0958325780535999  train-loss:  0.08538925330503844  lr:  1.9073486328125e-08
#epoch  235    val-loss:  0.09550954636774565  train-loss:  0.08531868495629169  lr:  1.9073486328125e-08
#epoch  236    val-loss:  0.09607084095478058  train-loss:  0.08531735109863803  lr:  1.9073486328125e-08
#epoch  237    val-loss:  0.09608014594567449  train-loss:  0.08536226878641173  lr:  1.9073486328125e-08
#epoch  238    val-loss:  0.09586883218664873  train-loss:  0.08535107009811327  lr:  1.9073486328125e-08
#epoch  239    val-loss:  0.09606103991207324  train-loss:  0.08533637324580923  lr:  1.9073486328125e-08
#epoch  240    val-loss:  0.09604135469386452  train-loss:  0.08537620076094754  lr:  1.9073486328125e-08
#epoch  241    val-loss:  0.09594546219235972  train-loss:  0.0853347962256521  lr:  1.9073486328125e-08
#epoch  242    val-loss:  0.09620250879149687  train-loss:  0.08539440794265829  lr:  1.9073486328125e-08
#epoch  243    val-loss:  0.09614086425618122  train-loss:  0.08535180581384338  lr:  1.9073486328125e-08
#epoch  244    val-loss:  0.09558358906131041  train-loss:  0.08533569728024304  lr:  1.9073486328125e-08
#epoch  245    val-loss:  0.09611155994628605  train-loss:  0.08537643580348231  lr:  1.9073486328125e-08
#epoch  246    val-loss:  0.09550028176684129  train-loss:  0.08534250885713845  lr:  1.9073486328125e-08
#epoch  247    val-loss:  0.09578025301820353  train-loss:  0.08539585254038684  lr:  1.9073486328125e-08
#epoch  248    val-loss:  0.09612698656947989  train-loss:  0.0853856229223311  lr:  1.9073486328125e-08
#epoch  249    val-loss:  0.09579295547384965  train-loss:  0.08537586854072288  lr:  1.9073486328125e-08
#epoch  250    val-loss:  0.09611783764864269  train-loss:  0.08533164771506563  lr:  1.9073486328125e-08
#epoch  251    val-loss:  0.09605166551313903  train-loss:  0.08535927048069425  lr:  1.9073486328125e-08
#epoch  252    val-loss:  0.096096523498234  train-loss:  0.08538078260608017  lr:  1.9073486328125e-08
#epoch  253    val-loss:  0.09605871180170461  train-loss:  0.08536890833056532  lr:  1.9073486328125e-08
#epoch  254    val-loss:  0.09577767472518117  train-loss:  0.08533857428119518  lr:  1.9073486328125e-08
#epoch  255    val-loss:  0.0957376537354369  train-loss:  0.08538329682778567  lr:  1.9073486328125e-08
#epoch  256    val-loss:  0.09553696999424383  train-loss:  0.0853621483547613  lr:  1.9073486328125e-08
#epoch  257    val-loss:  0.09578848551762731  train-loss:  0.0853615737578366  lr:  1.9073486328125e-08
#epoch  258    val-loss:  0.09624108044724715  train-loss:  0.08536806111806072  lr:  1.9073486328125e-08
#epoch  259    val-loss:  0.0959978923201561  train-loss:  0.08538224684889428  lr:  1.9073486328125e-08
#epoch  260    val-loss:  0.09614713137087069  train-loss:  0.0853560543328058  lr:  1.9073486328125e-08
#epoch  261    val-loss:  0.09613504025496934  train-loss:  0.0854045172163751  lr:  1.9073486328125e-08
#epoch  262    val-loss:  0.09591520420814816  train-loss:  0.08533502844511531  lr:  1.9073486328125e-08
#epoch  263    val-loss:  0.09586948470065468  train-loss:  0.08533963884110563  lr:  1.9073486328125e-08
#epoch  264    val-loss:  0.09590486515509455  train-loss:  0.08537384419469163  lr:  1.9073486328125e-08
#epoch  265    val-loss:  0.09605678523841657  train-loss:  0.08538425344158895  lr:  1.9073486328125e-08
#epoch  266    val-loss:  0.09555460591065257  train-loss:  0.08536391390953213  lr:  1.9073486328125e-08
#epoch  267    val-loss:  0.09575485045972623  train-loss:  0.08538935938850045  lr:  1.9073486328125e-08
#epoch  268    val-loss:  0.0956587752229289  train-loss:  0.08535742142703384  lr:  1.9073486328125e-08
#epoch  269    val-loss:  0.09580458073239577  train-loss:  0.08535080149886198  lr:  1.9073486328125e-08
#epoch  270    val-loss:  0.09615057353910647  train-loss:  0.08536874654237181  lr:  1.9073486328125e-08
#epoch  271    val-loss:  0.09610014016691007  train-loss:  0.08540577872190624  lr:  1.9073486328125e-08
#epoch  272    val-loss:  0.09562724358157108  train-loss:  0.08543198023107834  lr:  1.9073486328125e-08
#epoch  273    val-loss:  0.09609955235531456  train-loss:  0.08535816575749777  lr:  1.9073486328125e-08
#epoch  274    val-loss:  0.09587541614708148  train-loss:  0.08540099166566506  lr:  1.9073486328125e-08
#epoch  275    val-loss:  0.09566674812843926  train-loss:  0.08540152813657187  lr:  1.9073486328125e-08
#epoch  276    val-loss:  0.09577640930288717  train-loss:  0.08535500796278939  lr:  1.9073486328125e-08
#epoch  277    val-loss:  0.09597341990784596  train-loss:  0.0852992580330465  lr:  1.9073486328125e-08
#epoch  278    val-loss:  0.09542787114256307  train-loss:  0.08536425366764888  lr:  1.9073486328125e-08
#epoch  279    val-loss:  0.09615183111868407  train-loss:  0.08536233819904737  lr:  1.9073486328125e-08
#epoch  280    val-loss:  0.09606460991658662  train-loss:  0.0853396016464103  lr:  1.9073486328125e-08
#epoch  281    val-loss:  0.09547856999071021  train-loss:  0.08535078511340544  lr:  1.9073486328125e-08
#epoch  282    val-loss:  0.09581437236384342  train-loss:  0.08535149550880305  lr:  1.9073486328125e-08
#epoch  283    val-loss:  0.09581436059976879  train-loss:  0.08538964943727478  lr:  1.9073486328125e-08
#epoch  284    val-loss:  0.09617570238678079  train-loss:  0.085419647191884  lr:  1.9073486328125e-08
#epoch  285    val-loss:  0.09560261000143855  train-loss:  0.08533600717782974  lr:  1.9073486328125e-08
#epoch  286    val-loss:  0.09611265008386813  train-loss:  0.08533177030039951  lr:  1.9073486328125e-08
#epoch  287    val-loss:  0.09605138866524947  train-loss:  0.08532555520650931  lr:  1.9073486328125e-08
#epoch  288    val-loss:  0.09571877553274757  train-loss:  0.08534320147009566  lr:  1.9073486328125e-08
#epoch  289    val-loss:  0.0958690588411532  train-loss:  0.085411605425179  lr:  1.9073486328125e-08
#epoch  290    val-loss:  0.09619284381991938  train-loss:  0.08538962132297456  lr:  1.9073486328125e-08
#epoch  291    val-loss:  0.0959610641002655  train-loss:  0.08533249978790991  lr:  1.9073486328125e-08
#epoch  292    val-loss:  0.095921181534466  train-loss:  0.08534564697765745  lr:  1.9073486328125e-08
#epoch  293    val-loss:  0.09591668099164963  train-loss:  0.0853333685954567  lr:  1.9073486328125e-08
#epoch  294    val-loss:  0.09619883526312678  train-loss:  0.08536830346565694  lr:  1.9073486328125e-08
#epoch  295    val-loss:  0.09589677774592449  train-loss:  0.08541122591122985  lr:  1.9073486328125e-08
#epoch  296    val-loss:  0.09578503197745274  train-loss:  0.08535983195179142  lr:  1.9073486328125e-08
#epoch  297    val-loss:  0.09602624922990799  train-loss:  0.0853849530685693  lr:  1.9073486328125e-08
#epoch  298    val-loss:  0.09612396124162172  train-loss:  0.08537403290392831  lr:  1.9073486328125e-08
#epoch  299    val-loss:  0.09596271107071325  train-loss:  0.08531334358849563  lr:  1.9073486328125e-08
#epoch  300    val-loss:  0.09595009174786116  train-loss:  0.08537164045264944  lr:  1.9073486328125e-08
#epoch  301    val-loss:  0.09600330418662022  train-loss:  0.08531763675273396  lr:  1.9073486328125e-08
#epoch  302    val-loss:  0.0955725159300001  train-loss:  0.08533246064325795  lr:  1.9073486328125e-08
#epoch  303    val-loss:  0.0957606258360963  train-loss:  0.08534631508518942  lr:  1.9073486328125e-08
#epoch  304    val-loss:  0.09571993939186398  train-loss:  0.0853445702814497  lr:  1.9073486328125e-08
#epoch  305    val-loss:  0.0956324452632352  train-loss:  0.08537760438048281  lr:  1.9073486328125e-08
#epoch  306    val-loss:  0.09537169494126972  train-loss:  0.0853325682983268  lr:  1.9073486328125e-08
#epoch  307    val-loss:  0.0954326563759854  train-loss:  0.08535538770956919  lr:  1.9073486328125e-08
#epoch  308    val-loss:  0.09560867830326683  train-loss:  0.08533804470789619  lr:  1.9073486328125e-08
#epoch  309    val-loss:  0.09615194875943034  train-loss:  0.08537485791021027  lr:  1.9073486328125e-08
#epoch  310    val-loss:  0.09562028356288609  train-loss:  0.08537966758012772  lr:  1.9073486328125e-08
#epoch  311    val-loss:  0.09580456543909877  train-loss:  0.08533868726226501  lr:  1.9073486328125e-08
#epoch  312    val-loss:  0.09627087375051097  train-loss:  0.08537108163000084  lr:  1.9073486328125e-08
#epoch  313    val-loss:  0.09598762502795771  train-loss:  0.08536172230378725  lr:  1.9073486328125e-08
#epoch  314    val-loss:  0.0962475797063426  train-loss:  0.08533056735177524  lr:  1.9073486328125e-08
#epoch  315    val-loss:  0.0955259192146753  train-loss:  0.0853975668142084  lr:  1.9073486328125e-08
#epoch  316    val-loss:  0.09567368069761678  train-loss:  0.08534947119187564  lr:  1.9073486328125e-08
#epoch  317    val-loss:  0.09576348450623061  train-loss:  0.0853784243518021  lr:  1.9073486328125e-08
#epoch  318    val-loss:  0.09617372563010768  train-loss:  0.08539492197451182  lr:  1.9073486328125e-08
#epoch  319    val-loss:  0.09571157121344616  train-loss:  0.08537879920913838  lr:  1.9073486328125e-08
#epoch  320    val-loss:  0.09562052158932936  train-loss:  0.08537293929839507  lr:  1.9073486328125e-08
#epoch  321    val-loss:  0.09613948197741258  train-loss:  0.08531853824388236  lr:  1.9073486328125e-08
#epoch  322    val-loss:  0.09588686925800223  train-loss:  0.08531583196599968  lr:  1.9073486328125e-08
#epoch  323    val-loss:  0.09604872920011219  train-loss:  0.08542744355509058  lr:  1.9073486328125e-08
#epoch  324    val-loss:  0.095852976174731  train-loss:  0.08535530872177333  lr:  1.9073486328125e-08
#epoch  325    val-loss:  0.09574832571180243  train-loss:  0.08536811859812587  lr:  1.9073486328125e-08
#epoch  326    val-loss:  0.09612735400074407  train-loss:  0.08539796873810701  lr:  1.9073486328125e-08
#epoch  327    val-loss:  0.0960466512723973  train-loss:  0.08535491523798555  lr:  1.9073486328125e-08
#epoch  328    val-loss:  0.09612639326798289  train-loss:  0.08542788712657057  lr:  1.9073486328125e-08
#epoch  329    val-loss:  0.09563019989352477  train-loss:  0.08535172048141249  lr:  1.9073486328125e-08
#epoch  330    val-loss:  0.09591247925632879  train-loss:  0.08540145237930119  lr:  1.9073486328125e-08
#epoch  331    val-loss:  0.09569036764533896  train-loss:  0.08536071874550544  lr:  1.9073486328125e-08
#epoch  332    val-loss:  0.09595635533332825  train-loss:  0.08539031248074025  lr:  1.9073486328125e-08
#epoch  333    val-loss:  0.09603876228395261  train-loss:  0.08540838200133294  lr:  1.9073486328125e-08
#epoch  334    val-loss:  0.09562128821485921  train-loss:  0.08539753555669449  lr:  1.9073486328125e-08
#epoch  335    val-loss:  0.09532160429578078  train-loss:  0.08541851621703245  lr:  1.9073486328125e-08
#epoch  336    val-loss:  0.09584033999003862  train-loss:  0.0853498375217896  lr:  1.9073486328125e-08
#epoch  337    val-loss:  0.09564373759846938  train-loss:  0.08539126615505666  lr:  1.9073486328125e-08
#epoch  338    val-loss:  0.09617361896916439  train-loss:  0.08535562746692449  lr:  1.9073486328125e-08
#epoch  339    val-loss:  0.0961160714689054  train-loss:  0.0853282727766782  lr:  1.9073486328125e-08
#epoch  340    val-loss:  0.09554157013955869  train-loss:  0.08543097204528749  lr:  1.9073486328125e-08
#epoch  341    val-loss:  0.09653298635231822  train-loss:  0.08537177077960223  lr:  1.9073486328125e-08
#epoch  342    val-loss:  0.09554157366878108  train-loss:  0.08532997811562382  lr:  1.9073486328125e-08
#epoch  343    val-loss:  0.09573007257361162  train-loss:  0.08536484278738499  lr:  1.9073486328125e-08
#epoch  344    val-loss:  0.09617950884919417  train-loss:  0.08539698016829789  lr:  1.9073486328125e-08
#epoch  345    val-loss:  0.09596679124392961  train-loss:  0.0853720419399906  lr:  1.9073486328125e-08
#epoch  346    val-loss:  0.09561702569848612  train-loss:  0.08537725626956671  lr:  1.9073486328125e-08
#epoch  347    val-loss:  0.09608124157315806  train-loss:  0.08537226132466458  lr:  1.9073486328125e-08
#epoch  348    val-loss:  0.09570305245487314  train-loss:  0.08536500640911981  lr:  1.9073486328125e-08
#epoch  349    val-loss:  0.09588159346266796  train-loss:  0.08539974837913178  lr:  1.9073486328125e-08
#epoch  350    val-loss:  0.09616957644098684  train-loss:  0.08534258979489096  lr:  1.9073486328125e-08
#epoch  351    val-loss:  0.09572469325442064  train-loss:  0.08535353300976567  lr:  1.9073486328125e-08
#epoch  352    val-loss:  0.09620524315457595  train-loss:  0.0854112199449446  lr:  1.9073486328125e-08
#epoch  353    val-loss:  0.09612922919423957  train-loss:  0.08533070885459892  lr:  1.9073486328125e-08
#epoch  354    val-loss:  0.0956415267367112  train-loss:  0.08533712752978317  lr:  1.9073486328125e-08
#epoch  355    val-loss:  0.09605112711065694  train-loss:  0.08537671246449463  lr:  1.9073486328125e-08
#epoch  356    val-loss:  0.09606884890481045  train-loss:  0.08537059990339912  lr:  1.9073486328125e-08
#epoch  357    val-loss:  0.09603463701511684  train-loss:  0.08536596185876988  lr:  1.9073486328125e-08
#epoch  358    val-loss:  0.09539328946879036  train-loss:  0.08533623075345531  lr:  1.9073486328125e-08
#epoch  359    val-loss:  0.09617777913808823  train-loss:  0.08537417257321067  lr:  1.9073486328125e-08
#epoch  360    val-loss:  0.09605772675652254  train-loss:  0.0853408598632086  lr:  1.9073486328125e-08
#epoch  361    val-loss:  0.09556453988740318  train-loss:  0.08534390680142678  lr:  1.9073486328125e-08
#epoch  362    val-loss:  0.09533036970778515  train-loss:  0.08536769117927179  lr:  1.9073486328125e-08
#epoch  363    val-loss:  0.09617727524355839  train-loss:  0.08539251610636711  lr:  1.9073486328125e-08
#epoch  364    val-loss:  0.09624539433341277  train-loss:  0.0853013496962376  lr:  1.9073486328125e-08
#epoch  365    val-loss:  0.09570950544194172  train-loss:  0.08536852977704257  lr:  1.9073486328125e-08
#epoch  366    val-loss:  0.09561962712752192  train-loss:  0.08536979125346988  lr:  1.9073486328125e-08
#epoch  367    val-loss:  0.09601568038526334  train-loss:  0.08535347459837794  lr:  1.9073486328125e-08
#epoch  368    val-loss:  0.09572505911714152  train-loss:  0.08536516252206638  lr:  1.9073486328125e-08
#epoch  369    val-loss:  0.09609312956270419  train-loss:  0.08535506777116098  lr:  1.9073486328125e-08
#epoch  370    val-loss:  0.09594268587074782  train-loss:  0.0853721470630262  lr:  1.9073486328125e-08
#epoch  371    val-loss:  0.09556614411504645  train-loss:  0.08533794857794419  lr:  1.9073486328125e-08
#epoch  372    val-loss:  0.09582978212519695  train-loss:  0.08534492074977607  lr:  1.9073486328125e-08
#epoch  373    val-loss:  0.0955378573976065  train-loss:  0.08530141194933094  lr:  1.9073486328125e-08
#epoch  374    val-loss:  0.09608982934763557  train-loss:  0.08540221260045655  lr:  1.9073486328125e-08
#epoch  375    val-loss:  0.09623614816289199  train-loss:  0.0853324837225955  lr:  1.9073486328125e-08
#epoch  376    val-loss:  0.09582720814566863  train-loss:  0.08536419045412913  lr:  1.9073486328125e-08
#epoch  377    val-loss:  0.09580843817246587  train-loss:  0.08532893002848141  lr:  1.9073486328125e-08
#epoch  378    val-loss:  0.09612886882142017  train-loss:  0.08532077760901302  lr:  1.9073486328125e-08
#epoch  379    val-loss:  0.09565516169133939  train-loss:  0.08538190933177248  lr:  1.9073486328125e-08
#epoch  380    val-loss:  0.09606185829953144  train-loss:  0.08531990871415474  lr:  1.9073486328125e-08
#epoch  381    val-loss:  0.09614683373978264  train-loss:  0.08536828545038588  lr:  1.9073486328125e-08
#epoch  382    val-loss:  0.09617079010135249  train-loss:  0.08535656341700815  lr:  1.9073486328125e-08
#epoch  383    val-loss:  0.09570119020185973  train-loss:  0.08537414378952235  lr:  1.9073486328125e-08
#epoch  384    val-loss:  0.09593629523327477  train-loss:  0.08536890320829116  lr:  1.9073486328125e-08
#epoch  385    val-loss:  0.09582856336706563  train-loss:  0.08537154784426093  lr:  1.9073486328125e-08
#epoch  386    val-loss:  0.09560068383028633  train-loss:  0.08533101409557275  lr:  1.9073486328125e-08
#epoch  387    val-loss:  0.09593512549212105  train-loss:  0.08535429672338068  lr:  1.9073486328125e-08
#epoch  388    val-loss:  0.09567893845470328  train-loss:  0.08531526415026747  lr:  1.9073486328125e-08
#epoch  389    val-loss:  0.09597329834574148  train-loss:  0.08533879267633893  lr:  1.9073486328125e-08
#epoch  390    val-loss:  0.09573665222055033  train-loss:  0.08536990691209212  lr:  1.9073486328125e-08
#epoch  391    val-loss:  0.09584102583558936  train-loss:  0.08532339791418053  lr:  1.9073486328125e-08
#epoch  392    val-loss:  0.09545087108486577  train-loss:  0.08539754571393132  lr:  1.9073486328125e-08
#epoch  393    val-loss:  0.0957908277448855  train-loss:  0.085390601598192  lr:  1.9073486328125e-08
#epoch  394    val-loss:  0.096100840913622  train-loss:  0.08532999706221744  lr:  1.9073486328125e-08
#epoch  395    val-loss:  0.09576150108324855  train-loss:  0.08539448081864975  lr:  1.9073486328125e-08
#epoch  396    val-loss:  0.09562117841682936  train-loss:  0.08535682517685927  lr:  1.9073486328125e-08
#epoch  397    val-loss:  0.09617258176991814  train-loss:  0.08531553979264572  lr:  1.9073486328125e-08
#epoch  398    val-loss:  0.09616962663437191  train-loss:  0.08532907781773247  lr:  1.9073486328125e-08
#epoch  399    val-loss:  0.095798942603563  train-loss:  0.08537366712698713  lr:  1.9073486328125e-08
#epoch  400    val-loss:  0.0956307728039591  train-loss:  0.08538809992023744  lr:  1.9073486328125e-08
#epoch  401    val-loss:  0.09562526055072483  train-loss:  0.08535073630628176  lr:  1.9073486328125e-08
#epoch  402    val-loss:  0.09571087948585812  train-loss:  0.08537772312411107  lr:  1.9073486328125e-08
#epoch  403    val-loss:  0.09569675553786128  train-loss:  0.08537397562758997  lr:  1.9073486328125e-08
#epoch  404    val-loss:  0.09563427300829637  train-loss:  0.08536656622891314  lr:  1.9073486328125e-08
#epoch  405    val-loss:  0.09535341513784308  train-loss:  0.08537231173249893  lr:  1.9073486328125e-08
#epoch  406    val-loss:  0.09573087880485937  train-loss:  0.08539338855189271  lr:  1.9073486328125e-08
#epoch  407    val-loss:  0.0956375210693008  train-loss:  0.08534251857781783  lr:  1.9073486328125e-08
#epoch  408    val-loss:  0.09581720515301353  train-loss:  0.08532028700574301  lr:  1.9073486328125e-08
#epoch  409    val-loss:  0.09570063768248809  train-loss:  0.08536149890278466  lr:  1.9073486328125e-08
#epoch  410    val-loss:  0.09600674792339928  train-loss:  0.08537300527677871  lr:  1.9073486328125e-08
#epoch  411    val-loss:  0.09613812479533647  train-loss:  0.08537444515968673  lr:  1.9073486328125e-08
#epoch  412    val-loss:  0.09553722762747814  train-loss:  0.08536307752365246  lr:  1.9073486328125e-08
#epoch  413    val-loss:  0.09618513795890306  train-loss:  0.08539639844093472  lr:  1.9073486328125e-08
#epoch  414    val-loss:  0.09615632499519147  train-loss:  0.08536520868074149  lr:  1.9073486328125e-08
#epoch  415    val-loss:  0.09580264083648983  train-loss:  0.08531840436626226  lr:  1.9073486328125e-08
#epoch  416    val-loss:  0.09615430157435567  train-loss:  0.08533661838737316  lr:  1.9073486328125e-08
#epoch  417    val-loss:  0.09555616229772568  train-loss:  0.08539246529107913  lr:  1.9073486328125e-08
#epoch  418    val-loss:  0.09555230172056901  train-loss:  0.08537907904246822  lr:  1.9073486328125e-08
#epoch  419    val-loss:  0.09591788876997798  train-loss:  0.08532585168723017  lr:  1.9073486328125e-08
#epoch  420    val-loss:  0.09557894970241346  train-loss:  0.08532870962517336  lr:  1.9073486328125e-08
#epoch  421    val-loss:  0.09618385528263293  train-loss:  0.0853452218871098  lr:  1.9073486328125e-08
#epoch  422    val-loss:  0.09619358338807758  train-loss:  0.08533288174658082  lr:  1.9073486328125e-08
#epoch  423    val-loss:  0.09588872406043504  train-loss:  0.0853374871367123  lr:  1.9073486328125e-08
#epoch  424    val-loss:  0.09540519039881856  train-loss:  0.0853993873752188  lr:  1.9073486328125e-08
#epoch  425    val-loss:  0.09597654915169666  train-loss:  0.08537450374569744  lr:  1.9073486328125e-08
#epoch  426    val-loss:  0.09564167261123657  train-loss:  0.08542864368064329  lr:  1.9073486328125e-08
#epoch  427    val-loss:  0.09572767231025194  train-loss:  0.08538488237536512  lr:  1.9073486328125e-08
#epoch  428    val-loss:  0.09603643417358398  train-loss:  0.08535842728451826  lr:  1.9073486328125e-08
#epoch  429    val-loss:  0.09569730844936873  train-loss:  0.08533960510976613  lr:  1.9073486328125e-08
#epoch  430    val-loss:  0.09560523182153702  train-loss:  0.0853787706582807  lr:  1.9073486328125e-08
#epoch  431    val-loss:  0.09600950542249177  train-loss:  0.08539601467782632  lr:  1.9073486328125e-08
#epoch  432    val-loss:  0.0958411411235207  train-loss:  0.08533639527740888  lr:  1.9073486328125e-08
#epoch  433    val-loss:  0.09582993035253726  train-loss:  0.08537023104145192  lr:  1.9073486328125e-08
#epoch  434    val-loss:  0.09605381716238826  train-loss:  0.08535467312321998  lr:  1.9073486328125e-08
#epoch  435    val-loss:  0.09589084943658427  train-loss:  0.08535687459516339  lr:  1.9073486328125e-08
#epoch  436    val-loss:  0.09606793444407613  train-loss:  0.08531648566713557  lr:  1.9073486328125e-08
#epoch  437    val-loss:  0.09608413592765205  train-loss:  0.08535591477993876  lr:  1.9073486328125e-08
#epoch  438    val-loss:  0.09612368282518889  train-loss:  0.08539447715156712  lr:  1.9073486328125e-08
#epoch  439    val-loss:  0.09603590047673176  train-loss:  0.08539974200539291  lr:  1.9073486328125e-08
#epoch  440    val-loss:  0.09542005469924525  train-loss:  0.08532726045814343  lr:  1.9073486328125e-08
#epoch  441    val-loss:  0.09581725613067024  train-loss:  0.08533996649202891  lr:  1.9073486328125e-08
#epoch  442    val-loss:  0.09546772704312675  train-loss:  0.0853365040384233  lr:  1.9073486328125e-08
#epoch  443    val-loss:  0.09606689214706421  train-loss:  0.08533223209087737  lr:  1.9073486328125e-08
#epoch  444    val-loss:  0.0957721997248499  train-loss:  0.0853724546614103  lr:  1.9073486328125e-08
#epoch  445    val-loss:  0.09610962671668906  train-loss:  0.08538848694297485  lr:  1.9073486328125e-08
#epoch  446    val-loss:  0.09542704530452427  train-loss:  0.08534918670193292  lr:  1.9073486328125e-08
#epoch  447    val-loss:  0.09601888060569763  train-loss:  0.08539620088413358  lr:  1.9073486328125e-08
#epoch  448    val-loss:  0.09586201451326672  train-loss:  0.08530888351378962  lr:  1.9073486328125e-08
#epoch  449    val-loss:  0.09608012986810584  train-loss:  0.08539009297965094  lr:  1.9073486328125e-08
#epoch  450    val-loss:  0.09615988284349442  train-loss:  0.08534069693996571  lr:  1.9073486328125e-08
#epoch  451    val-loss:  0.09574330754970249  train-loss:  0.08533803722821176  lr:  1.9073486328125e-08
#epoch  452    val-loss:  0.09640441482004367  train-loss:  0.08538203110219911  lr:  1.9073486328125e-08
#epoch  453    val-loss:  0.09622625183118017  train-loss:  0.08537416806211695  lr:  1.9073486328125e-08
#epoch  454    val-loss:  0.09559864080265949  train-loss:  0.08534255446284078  lr:  1.9073486328125e-08
#epoch  455    val-loss:  0.09615710652188252  train-loss:  0.08535366941941902  lr:  1.9073486328125e-08
#epoch  456    val-loss:  0.09609975352099068  train-loss:  0.08533676638035104  lr:  1.9073486328125e-08
#epoch  457    val-loss:  0.09585949739343241  train-loss:  0.08536480279872194  lr:  1.9073486328125e-08
#epoch  458    val-loss:  0.09608067297621777  train-loss:  0.08536943394574337  lr:  1.9073486328125e-08
#epoch  459    val-loss:  0.09556164278795845  train-loss:  0.08534961892291903  lr:  1.9073486328125e-08
#epoch  460    val-loss:  0.0958247521990224  train-loss:  0.08534045342821628  lr:  1.9073486328125e-08
#epoch  461    val-loss:  0.09574921625225168  train-loss:  0.08532051791553386  lr:  1.9073486328125e-08
#epoch  462    val-loss:  0.09627976346957057  train-loss:  0.08536299457773566  lr:  1.9073486328125e-08
#epoch  463    val-loss:  0.09589738006654538  train-loss:  0.08538966558990069  lr:  1.9073486328125e-08
#epoch  464    val-loss:  0.09531338199188835  train-loss:  0.0853514559858013  lr:  1.9073486328125e-08
#epoch  465    val-loss:  0.09574013830799806  train-loss:  0.08531684399349615  lr:  1.9073486328125e-08
#epoch  466    val-loss:  0.09580873933277632  train-loss:  0.08535234729060903  lr:  1.9073486328125e-08
#epoch  467    val-loss:  0.09609803557395935  train-loss:  0.08541326902923174  lr:  1.9073486328125e-08
#epoch  468    val-loss:  0.09602689390119754  train-loss:  0.08536498752073385  lr:  1.9073486328125e-08
#epoch  469    val-loss:  0.0962132066488266  train-loss:  0.08537384879309684  lr:  1.9073486328125e-08
#epoch  470    val-loss:  0.09602075423064985  train-loss:  0.08535632106941193  lr:  1.9073486328125e-08
#epoch  471    val-loss:  0.09560352838353108  train-loss:  0.08534364550723694  lr:  1.9073486328125e-08
#epoch  472    val-loss:  0.0958035133386913  train-loss:  0.08538371909526177  lr:  1.9073486328125e-08
#epoch  473    val-loss:  0.09562620324523825  train-loss:  0.08535431631025858  lr:  1.9073486328125e-08
#epoch  474    val-loss:  0.09571587647262372  train-loss:  0.08536218936205842  lr:  1.9073486328125e-08
#epoch  475    val-loss:  0.09607222127287011  train-loss:  0.08533007139340043  lr:  1.9073486328125e-08
#epoch  476    val-loss:  0.09605130435604799  train-loss:  0.08533309705671854  lr:  1.9073486328125e-08
#epoch  477    val-loss:  0.09617372327729275  train-loss:  0.08533985036774538  lr:  1.9073486328125e-08
#epoch  478    val-loss:  0.09614571183919907  train-loss:  0.08534345775842667  lr:  1.9073486328125e-08
#epoch  479    val-loss:  0.09561421212397124  train-loss:  0.08535438435501419  lr:  1.9073486328125e-08
#epoch  480    val-loss:  0.09534831619576405  train-loss:  0.08542850558296777  lr:  1.9073486328125e-08
#epoch  481    val-loss:  0.09602050836149015  train-loss:  0.08537459239596501  lr:  1.9073486328125e-08
#epoch  482    val-loss:  0.09569177737361506  train-loss:  0.08532727728015743  lr:  1.9073486328125e-08
#epoch  483    val-loss:  0.09630159484712701  train-loss:  0.08536226887372322  lr:  1.9073486328125e-08
#epoch  484    val-loss:  0.0956351859004874  train-loss:  0.08540517810615711  lr:  1.9073486328125e-08
#epoch  485    val-loss:  0.09573515583025782  train-loss:  0.08536315552191809  lr:  1.9073486328125e-08
#epoch  486    val-loss:  0.09598291233966225  train-loss:  0.08537581324344501  lr:  1.9073486328125e-08
#epoch  487    val-loss:  0.09547042807466105  train-loss:  0.08543948529404588  lr:  1.9073486328125e-08
#epoch  488    val-loss:  0.09562858899957255  train-loss:  0.08533778664423153  lr:  1.9073486328125e-08
#epoch  489    val-loss:  0.09624017226068597  train-loss:  0.08533270779298618  lr:  1.9073486328125e-08
#epoch  490    val-loss:  0.09614530597862445  train-loss:  0.08537909682490863  lr:  1.9073486328125e-08
#epoch  491    val-loss:  0.09575030050779644  train-loss:  0.08529504961916246  lr:  1.9073486328125e-08
#epoch  492    val-loss:  0.09618729156883139  train-loss:  0.08535891759674996  lr:  1.9073486328125e-08
#epoch  493    val-loss:  0.09568708233143154  train-loss:  0.08537275125854649  lr:  1.9073486328125e-08
#epoch  494    val-loss:  0.09609646663853996  train-loss:  0.08539633787586354  lr:  1.9073486328125e-08
#epoch  495    val-loss:  0.09577499526111703  train-loss:  0.08531075529754162  lr:  1.9073486328125e-08
#epoch  496    val-loss:  0.09602656921273783  train-loss:  0.08541464485460892  lr:  1.9073486328125e-08
#epoch  497    val-loss:  0.09590672348674975  train-loss:  0.08534930771565996  lr:  1.9073486328125e-08
#epoch  498    val-loss:  0.09594338897027467  train-loss:  0.08535816307994537  lr:  1.9073486328125e-08
#epoch  499    val-loss:  0.0960558978350539  train-loss:  0.08531073576887138  lr:  1.9073486328125e-08
