model 3e9a33dac09c6347d8807b73acced623cfe69a001407fb62926d0815 state_dict has not been found
Model was not found
torch.cuda.is_available():	 True
runargs:	 Namespace(co2=False, depth=1497.0, disp=-1, domain='global', epoch=0, latitude=True, linsupres=True, lossfun='MSE', lr=0.01, lsrp_span=12, maxepoch=500, minibatch=4, mode='train', normalization='standard', num_workers=40, parts=[1, 1], persistent_workers=False, prefetch_factor=1, relog=True, rerun=True, sanity=False, sigma=8, temperature=True)
data_address /scratch/zanna/data/cm2.6/coarse_8_beneath_surface.zarr
using device: cuda:0
epochs started
#epoch  0    val-loss:  3.7403907273945056  train-loss:  2.222510612104088  lr:  0.01
#epoch  1    val-loss:  3.0850134021357487  train-loss:  1.9580912818200886  lr:  0.01
#epoch  2    val-loss:  2.3116710938905416  train-loss:  1.4184729298576713  lr:  0.01
#epoch  3    val-loss:  2.105300602160002  train-loss:  1.1813644510693848  lr:  0.01
#epoch  4    val-loss:  2.043575694686488  train-loss:  1.0846052842680365  lr:  0.01
#epoch  5    val-loss:  1.954706913546512  train-loss:  1.0395913037937135  lr:  0.01
#epoch  6    val-loss:  1.9526806693328054  train-loss:  1.0059597378131002  lr:  0.01
#epoch  7    val-loss:  1.898455312377528  train-loss:  0.9799488689750433  lr:  0.01
#epoch  8    val-loss:  1.8574525933516652  train-loss:  0.9596359410788864  lr:  0.01
#epoch  9    val-loss:  1.8753708036322343  train-loss:  0.9410719478037208  lr:  0.01
#epoch  10    val-loss:  1.81537453751815  train-loss:  0.923217826988548  lr:  0.01
#epoch  11    val-loss:  1.8021798510300486  train-loss:  0.911036403849721  lr:  0.01
#epoch  12    val-loss:  1.7742985675209446  train-loss:  0.8969917127396911  lr:  0.01
#epoch  13    val-loss:  1.7557960936897679  train-loss:  0.8834301275201142  lr:  0.01
#epoch  14    val-loss:  1.7592719479611045  train-loss:  0.8674811453092843  lr:  0.01
#epoch  15    val-loss:  1.739340763343008  train-loss:  0.8605587957426906  lr:  0.01
#epoch  16    val-loss:  1.7608375172866018  train-loss:  0.8437368075828999  lr:  0.01
#epoch  17    val-loss:  1.7583206515563161  train-loss:  0.8359683768358082  lr:  0.01
#epoch  18    val-loss:  1.7302853120000738  train-loss:  0.8220680225640535  lr:  0.01
#epoch  19    val-loss:  1.7099503466957493  train-loss:  0.8118548970669508  lr:  0.01
#epoch  20    val-loss:  1.7637940519734432  train-loss:  0.8008839141111821  lr:  0.01
#epoch  21    val-loss:  1.7056311494425724  train-loss:  0.7901005370076746  lr:  0.01
#epoch  22    val-loss:  1.7184141999796818  train-loss:  0.7844169025775045  lr:  0.01
#epoch  23    val-loss:  1.7173835101880526  train-loss:  0.77403703937307  lr:  0.01
#epoch  24    val-loss:  1.7087653749867489  train-loss:  0.7626894665881991  lr:  0.01
#epoch  25    val-loss:  1.6722651092629683  train-loss:  0.7131548547185957  lr:  0.005
#epoch  26    val-loss:  1.6620475743946277  train-loss:  0.7024380937218666  lr:  0.005
#epoch  27    val-loss:  1.6905919564397711  train-loss:  0.6966636599972844  lr:  0.005
#epoch  28    val-loss:  1.7012870123511867  train-loss:  0.6917101701255888  lr:  0.005
#epoch  29    val-loss:  1.6947161021985506  train-loss:  0.686400315258652  lr:  0.005
#epoch  30    val-loss:  1.702623022230048  train-loss:  0.6582966528367251  lr:  0.0025
#epoch  31    val-loss:  1.7009419579254954  train-loss:  0.6514147999696434  lr:  0.0025
#epoch  32    val-loss:  1.7127074505153455  train-loss:  0.6477109424304217  lr:  0.0025
#epoch  33    val-loss:  1.7003841462888216  train-loss:  0.6325141007546335  lr:  0.00125
#epoch  34    val-loss:  1.707454436703732  train-loss:  0.628926319302991  lr:  0.00125
#epoch  35    val-loss:  1.7108802418959768  train-loss:  0.6268097064457834  lr:  0.00125
#epoch  36    val-loss:  1.726291813348469  train-loss:  0.6180921850027516  lr:  0.000625
#epoch  37    val-loss:  1.7245405724174099  train-loss:  0.6160719497129321  lr:  0.000625
#epoch  38    val-loss:  1.7755881987119977  train-loss:  0.6150797909358516  lr:  0.000625
#epoch  39    val-loss:  1.7194703315433704  train-loss:  0.610171442036517  lr:  0.0003125
#epoch  40    val-loss:  1.7392039048044305  train-loss:  0.609364930074662  lr:  0.0003125
#epoch  41    val-loss:  1.7180650485189337  train-loss:  0.6086954778293148  lr:  0.0003125
#epoch  42    val-loss:  1.7197692707965249  train-loss:  0.6062948673497885  lr:  0.00015625
#epoch  43    val-loss:  1.7679175703149093  train-loss:  0.605825217324309  lr:  0.00015625
#epoch  44    val-loss:  1.7512203894163434  train-loss:  0.6056220420869067  lr:  0.00015625
#epoch  45    val-loss:  1.7196328514500667  train-loss:  0.604146950528957  lr:  7.8125e-05
#epoch  46    val-loss:  1.724464736486736  train-loss:  0.604033297044225  lr:  7.8125e-05
#epoch  47    val-loss:  1.7589642813331203  train-loss:  0.6035845342557877  lr:  7.8125e-05
#epoch  48    val-loss:  1.7635701706534939  train-loss:  0.6028456890489906  lr:  3.90625e-05
#epoch  49    val-loss:  1.7216004635158337  train-loss:  0.602745151729323  lr:  3.90625e-05
#epoch  50    val-loss:  1.7604081630706787  train-loss:  0.6025390767026693  lr:  3.90625e-05
#epoch  51    val-loss:  1.7353202606502331  train-loss:  0.6024056352907792  lr:  1.953125e-05
#epoch  52    val-loss:  1.72406226082852  train-loss:  0.6022611985681579  lr:  1.953125e-05
#epoch  53    val-loss:  1.7212181028566862  train-loss:  0.6024042333010584  lr:  1.953125e-05
#epoch  54    val-loss:  1.7244690656661987  train-loss:  0.6022575268289074  lr:  9.765625e-06
#epoch  55    val-loss:  1.722523293997112  train-loss:  0.6021615733625367  lr:  9.765625e-06
#epoch  56    val-loss:  1.7232046566511456  train-loss:  0.6021068436093628  lr:  9.765625e-06
#epoch  57    val-loss:  1.7590506139554476  train-loss:  0.6021052595460787  lr:  4.8828125e-06
#epoch  58    val-loss:  1.7199879131819074  train-loss:  0.6022665069904178  lr:  4.8828125e-06
#epoch  59    val-loss:  1.7496988522379022  train-loss:  0.6019737703027204  lr:  4.8828125e-06
#epoch  60    val-loss:  1.7206517206995111  train-loss:  0.6018319556023926  lr:  2.44140625e-06
#epoch  61    val-loss:  1.7414316817333824  train-loss:  0.602093287743628  lr:  2.44140625e-06
#epoch  62    val-loss:  1.743580931111386  train-loss:  0.6021111051086336  lr:  2.44140625e-06
#epoch  63    val-loss:  1.7334635257720947  train-loss:  0.6021327476482838  lr:  1.220703125e-06
#epoch  64    val-loss:  1.736397253839593  train-loss:  0.6023529323283583  lr:  1.220703125e-06
#epoch  65    val-loss:  1.742714618381701  train-loss:  0.6019179871072993  lr:  1.220703125e-06
#epoch  66    val-loss:  1.738360423790781  train-loss:  0.601828646613285  lr:  6.103515625e-07
#epoch  67    val-loss:  1.7694172921933626  train-loss:  0.6019344370579347  lr:  6.103515625e-07
#epoch  68    val-loss:  1.7348474891562211  train-loss:  0.6019028386799619  lr:  6.103515625e-07
#epoch  69    val-loss:  1.7392182789350812  train-loss:  0.6019718945026398  lr:  3.0517578125e-07
#epoch  70    val-loss:  1.7356599757545872  train-loss:  0.6019610430812463  lr:  3.0517578125e-07
#epoch  71    val-loss:  1.7423891958437467  train-loss:  0.6019099284894764  lr:  3.0517578125e-07
#epoch  72    val-loss:  1.7385792418530113  train-loss:  0.6020053765969351  lr:  1.52587890625e-07
#epoch  73    val-loss:  1.7505613439961483  train-loss:  0.6016677023144439  lr:  1.52587890625e-07
#epoch  74    val-loss:  1.7498035117199546  train-loss:  0.601972897304222  lr:  1.52587890625e-07
#epoch  75    val-loss:  1.7177996258986623  train-loss:  0.6018951068399474  lr:  7.62939453125e-08
#epoch  76    val-loss:  1.7263721227645874  train-loss:  0.6020343627315015  lr:  7.62939453125e-08
#epoch  77    val-loss:  1.7355726957321167  train-loss:  0.6016296712914482  lr:  7.62939453125e-08
#epoch  78    val-loss:  1.7693508486998708  train-loss:  0.6021582739194855  lr:  3.814697265625e-08
#epoch  79    val-loss:  1.7409012505882664  train-loss:  0.601894237450324  lr:  3.814697265625e-08
#epoch  80    val-loss:  1.737232440396359  train-loss:  0.6018114183098078  lr:  3.814697265625e-08
#epoch  81    val-loss:  1.7498108274058293  train-loss:  0.6020618524635211  lr:  1.9073486328125e-08
#epoch  82    val-loss:  1.7295599799407155  train-loss:  0.6020520784659311  lr:  1.9073486328125e-08
#epoch  83    val-loss:  1.7345577541150545  train-loss:  0.6018284895690158  lr:  1.9073486328125e-08
#epoch  84    val-loss:  1.7426019216838635  train-loss:  0.6019249487435445  lr:  1.9073486328125e-08
#epoch  85    val-loss:  1.826051812422903  train-loss:  0.6020303212571889  lr:  1.9073486328125e-08
#epoch  86    val-loss:  1.7683279953504865  train-loss:  0.6017419446725398  lr:  1.9073486328125e-08
#epoch  87    val-loss:  1.7374286400644403  train-loss:  0.6017007381888106  lr:  1.9073486328125e-08
#epoch  88    val-loss:  1.7433453610068874  train-loss:  0.6020057830028236  lr:  1.9073486328125e-08
#epoch  89    val-loss:  1.720384390730607  train-loss:  0.601842884789221  lr:  1.9073486328125e-08
#epoch  90    val-loss:  1.7279226968162937  train-loss:  0.6019849848235026  lr:  1.9073486328125e-08
#epoch  91    val-loss:  1.7594758523137946  train-loss:  0.6019053146010265  lr:  1.9073486328125e-08
#epoch  92    val-loss:  1.7161282865624679  train-loss:  0.601824497571215  lr:  1.9073486328125e-08
#epoch  93    val-loss:  1.7408903084303204  train-loss:  0.601928168325685  lr:  1.9073486328125e-08
#epoch  94    val-loss:  1.7311431671443738  train-loss:  0.6018782660830766  lr:  1.9073486328125e-08
#epoch  95    val-loss:  1.7516862844166003  train-loss:  0.6018701189896092  lr:  1.9073486328125e-08
#epoch  96    val-loss:  1.7387718589682328  train-loss:  0.6016685719368979  lr:  1.9073486328125e-08
#epoch  97    val-loss:  1.7428002043774253  train-loss:  0.6018993828911334  lr:  1.9073486328125e-08
#epoch  98    val-loss:  1.7402969661511873  train-loss:  0.6018918079789728  lr:  1.9073486328125e-08
#epoch  99    val-loss:  1.758130901738217  train-loss:  0.6019730831030756  lr:  1.9073486328125e-08
#epoch  100    val-loss:  1.730254562277543  train-loss:  0.6017089346423745  lr:  1.9073486328125e-08
#epoch  101    val-loss:  1.7313397181661505  train-loss:  0.6018074759049341  lr:  1.9073486328125e-08
#epoch  102    val-loss:  1.7257370446857654  train-loss:  0.6019149526255205  lr:  1.9073486328125e-08
#epoch  103    val-loss:  1.7358320073077553  train-loss:  0.6020814056973904  lr:  1.9073486328125e-08
#epoch  104    val-loss:  1.7377690076828003  train-loss:  0.6018668487668037  lr:  1.9073486328125e-08
#epoch  105    val-loss:  1.7406291020543951  train-loss:  0.6021164832636714  lr:  1.9073486328125e-08
#epoch  106    val-loss:  1.745708283625151  train-loss:  0.601911557954736  lr:  1.9073486328125e-08
#epoch  107    val-loss:  1.7342959077734696  train-loss:  0.6019159713760018  lr:  1.9073486328125e-08
#epoch  108    val-loss:  1.7394371471906964  train-loss:  0.602084880694747  lr:  1.9073486328125e-08
#epoch  109    val-loss:  1.7362886228059466  train-loss:  0.601831179112196  lr:  1.9073486328125e-08
#epoch  110    val-loss:  1.7383116609171818  train-loss:  0.6017719890223816  lr:  1.9073486328125e-08
#epoch  111    val-loss:  1.717361149035002  train-loss:  0.6017990779364482  lr:  1.9073486328125e-08
#epoch  112    val-loss:  1.7274638477124666  train-loss:  0.6017846766626462  lr:  1.9073486328125e-08
#epoch  113    val-loss:  1.7237850427627563  train-loss:  0.6018874564906582  lr:  1.9073486328125e-08
#epoch  114    val-loss:  1.733424186706543  train-loss:  0.6020132972626016  lr:  1.9073486328125e-08
#epoch  115    val-loss:  1.7400019231595492  train-loss:  0.6017719111405313  lr:  1.9073486328125e-08
#epoch  116    val-loss:  1.7401310519168252  train-loss:  0.6019224809715524  lr:  1.9073486328125e-08
#epoch  117    val-loss:  1.7176878452301025  train-loss:  0.6018953409511596  lr:  1.9073486328125e-08
#epoch  118    val-loss:  1.7368030924546092  train-loss:  0.6019325559027493  lr:  1.9073486328125e-08
#epoch  119    val-loss:  1.724088430404663  train-loss:  0.6018655282678083  lr:  1.9073486328125e-08
#epoch  120    val-loss:  1.7702661689959074  train-loss:  0.6019445540150627  lr:  1.9073486328125e-08
#epoch  121    val-loss:  1.746643718920256  train-loss:  0.601925028138794  lr:  1.9073486328125e-08
#epoch  122    val-loss:  1.7529457431090505  train-loss:  0.6021345218177885  lr:  1.9073486328125e-08
#epoch  123    val-loss:  1.7719537082471346  train-loss:  0.6020540345925838  lr:  1.9073486328125e-08
#epoch  124    val-loss:  1.8268539403614246  train-loss:  0.6018157211365178  lr:  1.9073486328125e-08
#epoch  125    val-loss:  1.7602791096034802  train-loss:  0.6019075440708548  lr:  1.9073486328125e-08
#epoch  126    val-loss:  1.723145146118967  train-loss:  0.6020218251505867  lr:  1.9073486328125e-08
#epoch  127    val-loss:  1.7606908396670693  train-loss:  0.6017245568800718  lr:  1.9073486328125e-08
#epoch  128    val-loss:  1.7486406878421181  train-loss:  0.6017460115253925  lr:  1.9073486328125e-08
#epoch  129    val-loss:  1.7479616027129323  train-loss:  0.6020202833460644  lr:  1.9073486328125e-08
#epoch  130    val-loss:  1.7682445174769352  train-loss:  0.6018404143396765  lr:  1.9073486328125e-08
#epoch  131    val-loss:  1.724296676485162  train-loss:  0.6015948368003592  lr:  1.9073486328125e-08
#epoch  132    val-loss:  1.750004109583403  train-loss:  0.6019154754467309  lr:  1.9073486328125e-08
#epoch  133    val-loss:  1.749784883699919  train-loss:  0.601922310423106  lr:  1.9073486328125e-08
#epoch  134    val-loss:  1.7260190436714573  train-loss:  0.601981642190367  lr:  1.9073486328125e-08
#epoch  135    val-loss:  1.7429390016355013  train-loss:  0.6019745292142034  lr:  1.9073486328125e-08
#epoch  136    val-loss:  1.7418481989910728  train-loss:  0.6018451909767464  lr:  1.9073486328125e-08
#epoch  137    val-loss:  1.7416838470258211  train-loss:  0.6019301358610392  lr:  1.9073486328125e-08
#epoch  138    val-loss:  1.7364092061394139  train-loss:  0.6021018740721047  lr:  1.9073486328125e-08
#epoch  139    val-loss:  1.7396698186272068  train-loss:  0.6020198238547891  lr:  1.9073486328125e-08
#epoch  140    val-loss:  1.7358753304732473  train-loss:  0.6018297432456166  lr:  1.9073486328125e-08
#epoch  141    val-loss:  1.7320444646634554  train-loss:  0.6018808095250279  lr:  1.9073486328125e-08
#epoch  142    val-loss:  1.7428218879197772  train-loss:  0.6019036202924326  lr:  1.9073486328125e-08
#epoch  143    val-loss:  1.7380068113929348  train-loss:  0.6019114300142974  lr:  1.9073486328125e-08
#epoch  144    val-loss:  1.7378994226455688  train-loss:  0.6019554001977667  lr:  1.9073486328125e-08
#epoch  145    val-loss:  1.7536409716857106  train-loss:  0.602094674250111  lr:  1.9073486328125e-08
#epoch  146    val-loss:  1.7592940518730564  train-loss:  0.6021010796539485  lr:  1.9073486328125e-08
#epoch  147    val-loss:  1.7563684488597668  train-loss:  0.6017590438714251  lr:  1.9073486328125e-08
#epoch  148    val-loss:  1.7299443797061318  train-loss:  0.6020621776115149  lr:  1.9073486328125e-08
#epoch  149    val-loss:  1.7276325853247392  train-loss:  0.6020015862304717  lr:  1.9073486328125e-08
#epoch  150    val-loss:  1.739175846702174  train-loss:  0.6023434380767867  lr:  1.9073486328125e-08
#epoch  151    val-loss:  1.719330448853342  train-loss:  0.6018312299856916  lr:  1.9073486328125e-08
#epoch  152    val-loss:  1.7215655100973029  train-loss:  0.6020238907076418  lr:  1.9073486328125e-08
#epoch  153    val-loss:  1.7502431493056447  train-loss:  0.6019641378661618  lr:  1.9073486328125e-08
#epoch  154    val-loss:  1.7421280396612067  train-loss:  0.6018519611097872  lr:  1.9073486328125e-08
#epoch  155    val-loss:  1.7411260604858398  train-loss:  0.6020088937366381  lr:  1.9073486328125e-08
#epoch  156    val-loss:  1.7211084679553383  train-loss:  0.6018705889582634  lr:  1.9073486328125e-08
#epoch  157    val-loss:  1.7327799232382524  train-loss:  0.6018135907361284  lr:  1.9073486328125e-08
#epoch  158    val-loss:  1.730034721525092  train-loss:  0.6020151525735855  lr:  1.9073486328125e-08
#epoch  159    val-loss:  1.7394206712120457  train-loss:  0.6019471376203  lr:  1.9073486328125e-08
#epoch  160    val-loss:  1.719118268866288  train-loss:  0.6020028460770845  lr:  1.9073486328125e-08
#epoch  161    val-loss:  1.7365670078679134  train-loss:  0.6018209890462458  lr:  1.9073486328125e-08
#epoch  162    val-loss:  1.7450654694908543  train-loss:  0.6021669503534213  lr:  1.9073486328125e-08
#epoch  163    val-loss:  1.728749852431448  train-loss:  0.6019313047872856  lr:  1.9073486328125e-08
#epoch  164    val-loss:  1.743253274967796  train-loss:  0.6018614032072946  lr:  1.9073486328125e-08
#epoch  165    val-loss:  1.7385852964300859  train-loss:  0.6018429663963616  lr:  1.9073486328125e-08
#epoch  166    val-loss:  1.7421857557798688  train-loss:  0.6017990844557062  lr:  1.9073486328125e-08
#epoch  167    val-loss:  1.7362264645727057  train-loss:  0.6018320742296055  lr:  1.9073486328125e-08
#epoch  168    val-loss:  1.7369629081926847  train-loss:  0.6018638274399564  lr:  1.9073486328125e-08
#epoch  169    val-loss:  1.7427069576163041  train-loss:  0.6019312345888466  lr:  1.9073486328125e-08
#epoch  170    val-loss:  1.756676943678605  train-loss:  0.6019812352024019  lr:  1.9073486328125e-08
#epoch  171    val-loss:  1.7410059979087429  train-loss:  0.6019597263075411  lr:  1.9073486328125e-08
#epoch  172    val-loss:  1.7398194953014976  train-loss:  0.6018397368025035  lr:  1.9073486328125e-08
#epoch  173    val-loss:  1.738950070581938  train-loss:  0.6017616506433114  lr:  1.9073486328125e-08
#epoch  174    val-loss:  1.736484314266004  train-loss:  0.6022237353026867  lr:  1.9073486328125e-08
#epoch  175    val-loss:  1.736564981309991  train-loss:  0.6022420789813623  lr:  1.9073486328125e-08
#epoch  176    val-loss:  1.8265269241834943  train-loss:  0.602011192124337  lr:  1.9073486328125e-08
#epoch  177    val-loss:  1.7172585412075645  train-loss:  0.6018434723373502  lr:  1.9073486328125e-08
#epoch  178    val-loss:  1.7282039617237293  train-loss:  0.601834392757155  lr:  1.9073486328125e-08
#epoch  179    val-loss:  1.7364440466228284  train-loss:  0.6020066443597898  lr:  1.9073486328125e-08
#epoch  180    val-loss:  1.7217764038788645  train-loss:  0.6019365101819858  lr:  1.9073486328125e-08
#epoch  181    val-loss:  1.746033329712717  train-loss:  0.6019000663654879  lr:  1.9073486328125e-08
#epoch  182    val-loss:  1.7423565262242366  train-loss:  0.6021512972656637  lr:  1.9073486328125e-08
#epoch  183    val-loss:  1.75035045648876  train-loss:  0.6020505547057837  lr:  1.9073486328125e-08
#epoch  184    val-loss:  1.7419523879101402  train-loss:  0.6018195854267105  lr:  1.9073486328125e-08
#epoch  185    val-loss:  1.7371124091901278  train-loss:  0.6019222917966545  lr:  1.9073486328125e-08
#epoch  186    val-loss:  1.7399242175252814  train-loss:  0.6022378064226359  lr:  1.9073486328125e-08
#epoch  187    val-loss:  1.792528365787707  train-loss:  0.6021089657442644  lr:  1.9073486328125e-08
#epoch  188    val-loss:  1.7244451736149036  train-loss:  0.601954746991396  lr:  1.9073486328125e-08
#epoch  189    val-loss:  1.751944993671618  train-loss:  0.6020735971396789  lr:  1.9073486328125e-08
#epoch  190    val-loss:  1.7626285929428904  train-loss:  0.6018912815488875  lr:  1.9073486328125e-08
#epoch  191    val-loss:  1.735057454360159  train-loss:  0.60246691852808  lr:  1.9073486328125e-08
#epoch  192    val-loss:  1.718517817948994  train-loss:  0.6019517641980201  lr:  1.9073486328125e-08
#epoch  193    val-loss:  1.7497046182030125  train-loss:  0.601777356932871  lr:  1.9073486328125e-08
#epoch  194    val-loss:  1.7481018994983875  train-loss:  0.6018760575680062  lr:  1.9073486328125e-08
#epoch  195    val-loss:  1.753568216374046  train-loss:  0.6015853628050536  lr:  1.9073486328125e-08
#epoch  196    val-loss:  1.735246137568825  train-loss:  0.6019387700362131  lr:  1.9073486328125e-08
#epoch  197    val-loss:  1.740407065341347  train-loss:  0.6020622295327485  lr:  1.9073486328125e-08
#epoch  198    val-loss:  1.7639668427015607  train-loss:  0.6018055273452774  lr:  1.9073486328125e-08
#epoch  199    val-loss:  1.7431932750501131  train-loss:  0.6020825910381973  lr:  1.9073486328125e-08
#epoch  200    val-loss:  1.7265492363979942  train-loss:  0.601854263455607  lr:  1.9073486328125e-08
#epoch  201    val-loss:  1.7403383694197003  train-loss:  0.6018383909249678  lr:  1.9073486328125e-08
#epoch  202    val-loss:  1.7652489072398136  train-loss:  0.6018290447536856  lr:  1.9073486328125e-08
#epoch  203    val-loss:  1.7417487470727218  train-loss:  0.6018516437616199  lr:  1.9073486328125e-08
#epoch  204    val-loss:  1.7430801015151174  train-loss:  0.60195299226325  lr:  1.9073486328125e-08
#epoch  205    val-loss:  1.7354959374979924  train-loss:  0.6021259913686663  lr:  1.9073486328125e-08
#epoch  206    val-loss:  1.737288468762448  train-loss:  0.6019377171760425  lr:  1.9073486328125e-08
#epoch  207    val-loss:  1.7478307548322176  train-loss:  0.6016759949270636  lr:  1.9073486328125e-08
#epoch  208    val-loss:  1.7727511932975368  train-loss:  0.6017968293745071  lr:  1.9073486328125e-08
#epoch  209    val-loss:  1.8270869945224963  train-loss:  0.6018458243925124  lr:  1.9073486328125e-08
#epoch  210    val-loss:  1.7310653046557778  train-loss:  0.6018192565534264  lr:  1.9073486328125e-08
#epoch  211    val-loss:  1.7415693057210822  train-loss:  0.6019255553837866  lr:  1.9073486328125e-08
#epoch  212    val-loss:  1.7476007561934621  train-loss:  0.6017971219262108  lr:  1.9073486328125e-08
#epoch  213    val-loss:  1.7583172885995162  train-loss:  0.6020379810361192  lr:  1.9073486328125e-08
#epoch  214    val-loss:  1.7217664404919273  train-loss:  0.6017096635187045  lr:  1.9073486328125e-08
#epoch  215    val-loss:  1.7397602357362445  train-loss:  0.6018167639849707  lr:  1.9073486328125e-08
#epoch  216    val-loss:  1.738535435576188  train-loss:  0.6019728849641979  lr:  1.9073486328125e-08
#epoch  217    val-loss:  1.7574937029888755  train-loss:  0.6020010716747493  lr:  1.9073486328125e-08
#epoch  218    val-loss:  1.735786745422765  train-loss:  0.601888328557834  lr:  1.9073486328125e-08
#epoch  219    val-loss:  1.7650301268226223  train-loss:  0.6019232743419707  lr:  1.9073486328125e-08
#epoch  220    val-loss:  1.7285998495001542  train-loss:  0.6016480003017932  lr:  1.9073486328125e-08
#epoch  221    val-loss:  1.740911784924959  train-loss:  0.60188651480712  lr:  1.9073486328125e-08
#epoch  222    val-loss:  1.7486809554852938  train-loss:  0.6019180015427992  lr:  1.9073486328125e-08
#epoch  223    val-loss:  1.7551336225710417  train-loss:  0.6020158048486337  lr:  1.9073486328125e-08
#epoch  224    val-loss:  1.7413830506174188  train-loss:  0.6018288795603439  lr:  1.9073486328125e-08
#epoch  225    val-loss:  1.7235734964671887  train-loss:  0.6019970393972471  lr:  1.9073486328125e-08
#epoch  226    val-loss:  1.7644129740564447  train-loss:  0.6018007699167356  lr:  1.9073486328125e-08
#epoch  227    val-loss:  1.7596901717938875  train-loss:  0.6018963909009472  lr:  1.9073486328125e-08
#epoch  228    val-loss:  1.7444564292305393  train-loss:  0.6018142615212128  lr:  1.9073486328125e-08
#epoch  229    val-loss:  1.7379089405662136  train-loss:  0.6018685586750507  lr:  1.9073486328125e-08
#epoch  230    val-loss:  1.7433920534033525  train-loss:  0.601990552037023  lr:  1.9073486328125e-08
#epoch  231    val-loss:  1.7447900019193952  train-loss:  0.6016817627241835  lr:  1.9073486328125e-08
#epoch  232    val-loss:  1.733548314947831  train-loss:  0.60173320164904  lr:  1.9073486328125e-08
#epoch  233    val-loss:  1.72830531471654  train-loss:  0.6017477612476796  lr:  1.9073486328125e-08
#epoch  234    val-loss:  1.7514117328744185  train-loss:  0.6016707794042304  lr:  1.9073486328125e-08
#epoch  235    val-loss:  1.7560887211247493  train-loss:  0.6018061066279188  lr:  1.9073486328125e-08
#epoch  236    val-loss:  1.7226716907400834  train-loss:  0.6018267381004989  lr:  1.9073486328125e-08
#epoch  237    val-loss:  1.7364617774361057  train-loss:  0.6017931088572368  lr:  1.9073486328125e-08
#epoch  238    val-loss:  1.759273698455409  train-loss:  0.6020580532494932  lr:  1.9073486328125e-08
#epoch  239    val-loss:  1.7446090108469914  train-loss:  0.6017502478789538  lr:  1.9073486328125e-08
#epoch  240    val-loss:  1.7162286984293085  train-loss:  0.6019623992033303  lr:  1.9073486328125e-08
#epoch  241    val-loss:  1.7411054372787476  train-loss:  0.6019685430219397  lr:  1.9073486328125e-08
#epoch  242    val-loss:  1.7218032196948403  train-loss:  0.6018736511468887  lr:  1.9073486328125e-08
#epoch  243    val-loss:  1.8282740931761892  train-loss:  0.6017673088936135  lr:  1.9073486328125e-08
#epoch  244    val-loss:  1.7729309232611405  train-loss:  0.601602915674448  lr:  1.9073486328125e-08
#epoch  245    val-loss:  1.7494180641676251  train-loss:  0.6019283826462924  lr:  1.9073486328125e-08
#epoch  246    val-loss:  1.7607443709122508  train-loss:  0.6017656706972048  lr:  1.9073486328125e-08
#epoch  247    val-loss:  1.7680902167370445  train-loss:  0.6016607637284324  lr:  1.9073486328125e-08
#epoch  248    val-loss:  1.7274642492595471  train-loss:  0.6020063360920176  lr:  1.9073486328125e-08
#epoch  249    val-loss:  1.7368597670605308  train-loss:  0.6019395261537284  lr:  1.9073486328125e-08
#epoch  250    val-loss:  1.735168638982271  train-loss:  0.6019250919343904  lr:  1.9073486328125e-08
#epoch  251    val-loss:  1.746573661503039  train-loss:  0.6018977639032528  lr:  1.9073486328125e-08
#epoch  252    val-loss:  1.7229777511797453  train-loss:  0.6017890606308356  lr:  1.9073486328125e-08
#epoch  253    val-loss:  1.7283938997670223  train-loss:  0.601871648337692  lr:  1.9073486328125e-08
#epoch  254    val-loss:  1.7505500944037187  train-loss:  0.6017437664559111  lr:  1.9073486328125e-08
#epoch  255    val-loss:  1.739410820760225  train-loss:  0.6017624040832743  lr:  1.9073486328125e-08
#epoch  256    val-loss:  1.74209725856781  train-loss:  0.601840105955489  lr:  1.9073486328125e-08
#epoch  257    val-loss:  1.7356596934167963  train-loss:  0.6021509598940611  lr:  1.9073486328125e-08
#epoch  258    val-loss:  1.724926747773823  train-loss:  0.6016643709735945  lr:  1.9073486328125e-08
#epoch  259    val-loss:  1.7385747683675665  train-loss:  0.6017095524584875  lr:  1.9073486328125e-08
#epoch  260    val-loss:  1.7427124475177966  train-loss:  0.6019754309672862  lr:  1.9073486328125e-08
#epoch  261    val-loss:  1.828207210490578  train-loss:  0.6018234153743833  lr:  1.9073486328125e-08
#epoch  262    val-loss:  1.759074838537919  train-loss:  0.6019595158286393  lr:  1.9073486328125e-08
#epoch  263    val-loss:  1.7597148418426514  train-loss:  0.6021258849650621  lr:  1.9073486328125e-08
#epoch  264    val-loss:  1.733239067228217  train-loss:  0.6019110173219815  lr:  1.9073486328125e-08
#epoch  265    val-loss:  1.7208351147802252  train-loss:  0.6017427272163332  lr:  1.9073486328125e-08
#epoch  266    val-loss:  1.734779483393619  train-loss:  0.601959845284  lr:  1.9073486328125e-08
#epoch  267    val-loss:  1.7477557972857827  train-loss:  0.601882329559885  lr:  1.9073486328125e-08
#epoch  268    val-loss:  1.7366857591428255  train-loss:  0.6017921266611665  lr:  1.9073486328125e-08
#epoch  269    val-loss:  1.7389210776278847  train-loss:  0.6016205822816119  lr:  1.9073486328125e-08
#epoch  270    val-loss:  1.82716072860517  train-loss:  0.6021367245120928  lr:  1.9073486328125e-08
#epoch  271    val-loss:  1.7381745890567177  train-loss:  0.6019489377504215  lr:  1.9073486328125e-08
#epoch  272    val-loss:  1.7650880060697858  train-loss:  0.6020981835899875  lr:  1.9073486328125e-08
#epoch  273    val-loss:  1.7405257099553157  train-loss:  0.6016916021471843  lr:  1.9073486328125e-08
#epoch  274    val-loss:  1.736949412446273  train-loss:  0.6020698841894045  lr:  1.9073486328125e-08
#epoch  275    val-loss:  1.7627183261670565  train-loss:  0.6020544937346131  lr:  1.9073486328125e-08
#epoch  276    val-loss:  1.742083612241243  train-loss:  0.6017963397316635  lr:  1.9073486328125e-08
#epoch  277    val-loss:  1.7338139257932965  train-loss:  0.6017760807881132  lr:  1.9073486328125e-08
#epoch  278    val-loss:  1.7522315100619668  train-loss:  0.6017606436507776  lr:  1.9073486328125e-08
#epoch  279    val-loss:  1.7407145374699642  train-loss:  0.6019524340517819  lr:  1.9073486328125e-08
#epoch  280    val-loss:  1.7452525339628522  train-loss:  0.6019374049501494  lr:  1.9073486328125e-08
#epoch  281    val-loss:  1.7383720372852527  train-loss:  0.6017451756633818  lr:  1.9073486328125e-08
#epoch  282    val-loss:  1.7361274392981279  train-loss:  0.6017381214769557  lr:  1.9073486328125e-08
#epoch  283    val-loss:  1.750234233705621  train-loss:  0.6017368021421134  lr:  1.9073486328125e-08
#epoch  284    val-loss:  1.7231527315942865  train-loss:  0.6020313758635893  lr:  1.9073486328125e-08
#epoch  285    val-loss:  1.7426613757484837  train-loss:  0.6018708971096203  lr:  1.9073486328125e-08
#epoch  286    val-loss:  1.7232204361965782  train-loss:  0.6019463666016236  lr:  1.9073486328125e-08
#epoch  287    val-loss:  1.7300647434435392  train-loss:  0.6018243270227686  lr:  1.9073486328125e-08
#epoch  288    val-loss:  1.7483973942304913  train-loss:  0.6017879500286654  lr:  1.9073486328125e-08
#epoch  289    val-loss:  1.7364889320574308  train-loss:  0.6017641620710492  lr:  1.9073486328125e-08
#epoch  290    val-loss:  1.7196113059395237  train-loss:  0.6020267884014174  lr:  1.9073486328125e-08
#epoch  291    val-loss:  1.735141867085507  train-loss:  0.6020420299610123  lr:  1.9073486328125e-08
#epoch  292    val-loss:  1.7251121244932477  train-loss:  0.6019474844215438  lr:  1.9073486328125e-08
#epoch  293    val-loss:  1.7272792113454718  train-loss:  0.6016967868199572  lr:  1.9073486328125e-08
#epoch  294    val-loss:  1.750431725853368  train-loss:  0.6018542012898251  lr:  1.9073486328125e-08
#epoch  295    val-loss:  1.7585006826802303  train-loss:  0.6017782704439014  lr:  1.9073486328125e-08
#epoch  296    val-loss:  1.7394893169403076  train-loss:  0.6018180254613981  lr:  1.9073486328125e-08
#epoch  297    val-loss:  1.736229934190449  train-loss:  0.6018693792866543  lr:  1.9073486328125e-08
#epoch  298    val-loss:  1.7395216352061222  train-loss:  0.601923328009434  lr:  1.9073486328125e-08
#epoch  299    val-loss:  1.7578921945471513  train-loss:  0.6018129900330678  lr:  1.9073486328125e-08
#epoch  300    val-loss:  1.7573855927115993  train-loss:  0.6019982660654932  lr:  1.9073486328125e-08
#epoch  301    val-loss:  1.7371744231173867  train-loss:  0.6019100315170363  lr:  1.9073486328125e-08
#epoch  302    val-loss:  1.7375029513710423  train-loss:  0.6017893025418743  lr:  1.9073486328125e-08
#epoch  303    val-loss:  1.7373059423346269  train-loss:  0.6019637493882328  lr:  1.9073486328125e-08
#epoch  304    val-loss:  1.7677388253964876  train-loss:  0.6018320933217183  lr:  1.9073486328125e-08
#epoch  305    val-loss:  1.7699778330953497  train-loss:  0.6019014724297449  lr:  1.9073486328125e-08
#epoch  306    val-loss:  1.7555870194184153  train-loss:  0.6018002032069489  lr:  1.9073486328125e-08
#epoch  307    val-loss:  1.7463716205797697  train-loss:  0.6018984381807968  lr:  1.9073486328125e-08
#epoch  308    val-loss:  1.733377877034639  train-loss:  0.601773793110624  lr:  1.9073486328125e-08
#epoch  309    val-loss:  1.722353263905174  train-loss:  0.6019749115221202  lr:  1.9073486328125e-08
#epoch  310    val-loss:  1.7336259641145404  train-loss:  0.6019255147548392  lr:  1.9073486328125e-08
#epoch  311    val-loss:  1.7274547752581144  train-loss:  0.60183404549025  lr:  1.9073486328125e-08
#epoch  312    val-loss:  1.726902961730957  train-loss:  0.6021712525980547  lr:  1.9073486328125e-08
#epoch  313    val-loss:  1.73797018904435  train-loss:  0.6018656749511138  lr:  1.9073486328125e-08
#epoch  314    val-loss:  1.7347595566197445  train-loss:  0.601910216617398  lr:  1.9073486328125e-08
#epoch  315    val-loss:  1.7593738656294973  train-loss:  0.6019609392387792  lr:  1.9073486328125e-08
#epoch  316    val-loss:  1.7416978007868718  train-loss:  0.6020685208495706  lr:  1.9073486328125e-08
#epoch  317    val-loss:  1.7615276888797158  train-loss:  0.6021033806027845  lr:  1.9073486328125e-08
#epoch  318    val-loss:  1.8273781287042719  train-loss:  0.601707385154441  lr:  1.9073486328125e-08
#epoch  319    val-loss:  1.762314419997366  train-loss:  0.6020494325784966  lr:  1.9073486328125e-08
#epoch  320    val-loss:  1.770113612476148  train-loss:  0.6019920281833038  lr:  1.9073486328125e-08
#epoch  321    val-loss:  1.7485644440901906  train-loss:  0.601970317773521  lr:  1.9073486328125e-08
#epoch  322    val-loss:  1.737451622360631  train-loss:  0.6017983614001423  lr:  1.9073486328125e-08
#epoch  323    val-loss:  1.722034673941763  train-loss:  0.6017796723172069  lr:  1.9073486328125e-08
#epoch  324    val-loss:  1.7522170669154118  train-loss:  0.6018243653234094  lr:  1.9073486328125e-08
#epoch  325    val-loss:  1.737441527216058  train-loss:  0.6021589078009129  lr:  1.9073486328125e-08
#epoch  326    val-loss:  1.7482021670592458  train-loss:  0.6021445190999657  lr:  1.9073486328125e-08
#epoch  327    val-loss:  1.7218736284657528  train-loss:  0.601709768990986  lr:  1.9073486328125e-08
#epoch  328    val-loss:  1.7355121499613713  train-loss:  0.6018140036612749  lr:  1.9073486328125e-08
#epoch  329    val-loss:  1.7690297678897255  train-loss:  0.6019970192573965  lr:  1.9073486328125e-08
#epoch  330    val-loss:  1.735893588317068  train-loss:  0.6016517243115231  lr:  1.9073486328125e-08
#epoch  331    val-loss:  1.7637429739299573  train-loss:  0.601742341183126  lr:  1.9073486328125e-08
#epoch  332    val-loss:  1.7347233860116256  train-loss:  0.6019122060388327  lr:  1.9073486328125e-08
#epoch  333    val-loss:  1.7241286917736656  train-loss:  0.6020058593712747  lr:  1.9073486328125e-08
#epoch  334    val-loss:  1.7550233163331683  train-loss:  0.6016981805441901  lr:  1.9073486328125e-08
#epoch  335    val-loss:  1.755455682152196  train-loss:  0.6018660997506231  lr:  1.9073486328125e-08
#epoch  336    val-loss:  1.7254513313895778  train-loss:  0.6018566889688373  lr:  1.9073486328125e-08
#epoch  337    val-loss:  1.7680883407592773  train-loss:  0.6020026449114084  lr:  1.9073486328125e-08
#epoch  338    val-loss:  1.7311719593248869  train-loss:  0.6020436557009816  lr:  1.9073486328125e-08
#epoch  339    val-loss:  1.7388266074030023  train-loss:  0.6020219207275659  lr:  1.9073486328125e-08
#epoch  340    val-loss:  1.7358896230396472  train-loss:  0.6020558762829751  lr:  1.9073486328125e-08
#epoch  341    val-loss:  1.7224724104529934  train-loss:  0.6018897939939052  lr:  1.9073486328125e-08
#epoch  342    val-loss:  1.7916208693855686  train-loss:  0.6018924275413156  lr:  1.9073486328125e-08
#epoch  343    val-loss:  1.7465641498565674  train-loss:  0.6017742437543347  lr:  1.9073486328125e-08
#epoch  344    val-loss:  1.8264939345811542  train-loss:  0.6020335461944342  lr:  1.9073486328125e-08
#epoch  345    val-loss:  1.7425690324682939  train-loss:  0.601849116734229  lr:  1.9073486328125e-08
#epoch  346    val-loss:  1.7353492536042865  train-loss:  0.6020638135960326  lr:  1.9073486328125e-08
#epoch  347    val-loss:  1.7360807029824508  train-loss:  0.6023068103240803  lr:  1.9073486328125e-08
#epoch  348    val-loss:  1.7516261841121472  train-loss:  0.6017956337891519  lr:  1.9073486328125e-08
#epoch  349    val-loss:  1.7388596973921124  train-loss:  0.6019620250444859  lr:  1.9073486328125e-08
#epoch  350    val-loss:  1.7239608576423244  train-loss:  0.6021738838171586  lr:  1.9073486328125e-08
#epoch  351    val-loss:  1.7677678559955798  train-loss:  0.6018028797116131  lr:  1.9073486328125e-08
#epoch  352    val-loss:  1.721038216038754  train-loss:  0.6020359359681606  lr:  1.9073486328125e-08
#epoch  353    val-loss:  1.7370655662135075  train-loss:  0.6021659655962139  lr:  1.9073486328125e-08
#epoch  354    val-loss:  1.7394416018536216  train-loss:  0.6017229754943401  lr:  1.9073486328125e-08
#epoch  355    val-loss:  1.721966730920892  train-loss:  0.6018608708400279  lr:  1.9073486328125e-08
#epoch  356    val-loss:  1.7239526384755184  train-loss:  0.6019595327088609  lr:  1.9073486328125e-08
#epoch  357    val-loss:  1.743907275952791  train-loss:  0.6018405033973977  lr:  1.9073486328125e-08
#epoch  358    val-loss:  1.7552025129920559  train-loss:  0.60160469613038  lr:  1.9073486328125e-08
#epoch  359    val-loss:  1.7232947475031803  train-loss:  0.6018553766189143  lr:  1.9073486328125e-08
#epoch  360    val-loss:  1.7461446335441189  train-loss:  0.6016890661558136  lr:  1.9073486328125e-08
#epoch  361    val-loss:  1.794765503782975  train-loss:  0.6018180247629061  lr:  1.9073486328125e-08
#epoch  362    val-loss:  1.7557527015083714  train-loss:  0.6018186947330832  lr:  1.9073486328125e-08
#epoch  363    val-loss:  1.8293172121047974  train-loss:  0.6017374596558511  lr:  1.9073486328125e-08
#epoch  364    val-loss:  1.7408070940720408  train-loss:  0.6020498056896031  lr:  1.9073486328125e-08
#epoch  365    val-loss:  1.7322463361840499  train-loss:  0.6021554712206125  lr:  1.9073486328125e-08
#epoch  366    val-loss:  1.7694452812797146  train-loss:  0.601892750011757  lr:  1.9073486328125e-08
#epoch  367    val-loss:  1.7406948051954572  train-loss:  0.6018099433276802  lr:  1.9073486328125e-08
#epoch  368    val-loss:  1.7637308083082501  train-loss:  0.60199796105735  lr:  1.9073486328125e-08
#epoch  369    val-loss:  1.722766073126542  train-loss:  0.602112210704945  lr:  1.9073486328125e-08
#epoch  370    val-loss:  1.7332676209901507  train-loss:  0.6018457332393155  lr:  1.9073486328125e-08
#epoch  371    val-loss:  1.7944840255536532  train-loss:  0.6018479637568817  lr:  1.9073486328125e-08
#epoch  372    val-loss:  1.7513654232025146  train-loss:  0.6016024608397856  lr:  1.9073486328125e-08
#epoch  373    val-loss:  1.7934827992790623  train-loss:  0.6019531947094947  lr:  1.9073486328125e-08
#epoch  374    val-loss:  1.72918607059278  train-loss:  0.6019878828665242  lr:  1.9073486328125e-08
#epoch  375    val-loss:  1.72647047670264  train-loss:  0.6017613805597648  lr:  1.9073486328125e-08
#epoch  376    val-loss:  1.743304873767652  train-loss:  0.6018955471226946  lr:  1.9073486328125e-08
#epoch  377    val-loss:  1.74546301992316  train-loss:  0.6017204525414854  lr:  1.9073486328125e-08
#epoch  378    val-loss:  1.7389830288134123  train-loss:  0.6017762020928785  lr:  1.9073486328125e-08
#epoch  379    val-loss:  1.7415198777851306  train-loss:  0.6019409978762269  lr:  1.9073486328125e-08
#epoch  380    val-loss:  1.735537234105562  train-loss:  0.6018302652519196  lr:  1.9073486328125e-08
#epoch  381    val-loss:  1.7203472978190373  train-loss:  0.6017580077750608  lr:  1.9073486328125e-08
#epoch  382    val-loss:  1.7411631408490633  train-loss:  0.6017081197351217  lr:  1.9073486328125e-08
#epoch  383    val-loss:  1.7386743708660728  train-loss:  0.6018601671094075  lr:  1.9073486328125e-08
#epoch  384    val-loss:  1.7342380473488255  train-loss:  0.601813355111517  lr:  1.9073486328125e-08
#epoch  385    val-loss:  1.7518658198808368  train-loss:  0.6019556804094464  lr:  1.9073486328125e-08
#epoch  386    val-loss:  1.7358068604218333  train-loss:  0.6018304824829102  lr:  1.9073486328125e-08
#epoch  387    val-loss:  1.741116015534652  train-loss:  0.6020554903661832  lr:  1.9073486328125e-08
#epoch  388    val-loss:  1.7625908224206221  train-loss:  0.6018517999909818  lr:  1.9073486328125e-08
#epoch  389    val-loss:  1.742685782281976  train-loss:  0.6015871447743848  lr:  1.9073486328125e-08
#epoch  390    val-loss:  1.7637546125211214  train-loss:  0.6020487996283919  lr:  1.9073486328125e-08
#epoch  391    val-loss:  1.7509192792992843  train-loss:  0.6017792742932215  lr:  1.9073486328125e-08
#epoch  392    val-loss:  1.7693118233429759  train-loss:  0.6019335844321176  lr:  1.9073486328125e-08
#epoch  393    val-loss:  1.7489103957226402  train-loss:  0.6017096083378419  lr:  1.9073486328125e-08
#epoch  394    val-loss:  1.722462679210462  train-loss:  0.602170184138231  lr:  1.9073486328125e-08
#epoch  395    val-loss:  1.731812458289297  train-loss:  0.6019622553139925  lr:  1.9073486328125e-08
#epoch  396    val-loss:  1.7687879675313045  train-loss:  0.6019564101006836  lr:  1.9073486328125e-08
#epoch  397    val-loss:  1.7405646913929989  train-loss:  0.601819796836935  lr:  1.9073486328125e-08
#epoch  398    val-loss:  1.7203456790823686  train-loss:  0.6021243390860036  lr:  1.9073486328125e-08
#epoch  399    val-loss:  1.7366779227005809  train-loss:  0.6017432175576687  lr:  1.9073486328125e-08
#epoch  400    val-loss:  1.761156345668592  train-loss:  0.6016993341036141  lr:  1.9073486328125e-08
#epoch  401    val-loss:  1.7415225003895007  train-loss:  0.6019706098595634  lr:  1.9073486328125e-08
#epoch  402    val-loss:  1.747007407640156  train-loss:  0.601945090573281  lr:  1.9073486328125e-08
#epoch  403    val-loss:  1.7492898137945878  train-loss:  0.6019699184689671  lr:  1.9073486328125e-08
#epoch  404    val-loss:  1.736154085711429  train-loss:  0.6021924214437604  lr:  1.9073486328125e-08
#epoch  405    val-loss:  1.771126195004112  train-loss:  0.6018754334654659  lr:  1.9073486328125e-08
#epoch  406    val-loss:  1.7508758243761564  train-loss:  0.6018771254457533  lr:  1.9073486328125e-08
#epoch  407    val-loss:  1.742146234763296  train-loss:  0.6016941055422649  lr:  1.9073486328125e-08
#epoch  408    val-loss:  1.7509432089956183  train-loss:  0.6017579063773155  lr:  1.9073486328125e-08
#epoch  409    val-loss:  1.7311491025121588  train-loss:  0.6018567248247564  lr:  1.9073486328125e-08
#epoch  410    val-loss:  1.740409399333753  train-loss:  0.6022369605489075  lr:  1.9073486328125e-08
#epoch  411    val-loss:  1.7419239533574957  train-loss:  0.6020597905153409  lr:  1.9073486328125e-08
#epoch  412    val-loss:  1.7587825875533254  train-loss:  0.6018979635555297  lr:  1.9073486328125e-08
#epoch  413    val-loss:  1.8280378831060309  train-loss:  0.6016727146925405  lr:  1.9073486328125e-08
#epoch  414    val-loss:  1.827549978306419  train-loss:  0.601777711766772  lr:  1.9073486328125e-08
#epoch  415    val-loss:  1.7508999109268188  train-loss:  0.6021293842932209  lr:  1.9073486328125e-08
#epoch  416    val-loss:  1.8266995643314563  train-loss:  0.6018878995673731  lr:  1.9073486328125e-08
#epoch  417    val-loss:  1.7410616184535779  train-loss:  0.6019955544034019  lr:  1.9073486328125e-08
#epoch  418    val-loss:  1.7931830004641884  train-loss:  0.6019541332498193  lr:  1.9073486328125e-08
#epoch  419    val-loss:  1.732557961815282  train-loss:  0.6017681651283056  lr:  1.9073486328125e-08
#epoch  420    val-loss:  1.7548706280557733  train-loss:  0.6020352368941531  lr:  1.9073486328125e-08
#epoch  421    val-loss:  1.7507327167611373  train-loss:  0.6016467222943902  lr:  1.9073486328125e-08
#epoch  422    val-loss:  1.724818882189299  train-loss:  0.601911153877154  lr:  1.9073486328125e-08
#epoch  423    val-loss:  1.75969145799938  train-loss:  0.6021209650207311  lr:  1.9073486328125e-08
#epoch  424    val-loss:  1.7531671524047852  train-loss:  0.6020314048510045  lr:  1.9073486328125e-08
#epoch  425    val-loss:  1.7380849123001099  train-loss:  0.6019724562065676  lr:  1.9073486328125e-08
#epoch  426    val-loss:  1.7633262558987266  train-loss:  0.6021186930593103  lr:  1.9073486328125e-08
#epoch  427    val-loss:  1.7477003712403147  train-loss:  0.6017776463413611  lr:  1.9073486328125e-08
#epoch  428    val-loss:  1.7447041712309186  train-loss:  0.6019539358094335  lr:  1.9073486328125e-08
#epoch  429    val-loss:  1.7471371826372648  train-loss:  0.6018712626537308  lr:  1.9073486328125e-08
#epoch  430    val-loss:  1.7415104853479486  train-loss:  0.6016209039371461  lr:  1.9073486328125e-08
#epoch  431    val-loss:  1.7434030959480686  train-loss:  0.6018636212684214  lr:  1.9073486328125e-08
#epoch  432    val-loss:  1.7596075974012677  train-loss:  0.6019624109612778  lr:  1.9073486328125e-08
#epoch  433    val-loss:  1.7485747588308234  train-loss:  0.6019678020384163  lr:  1.9073486328125e-08
#epoch  434    val-loss:  1.7406007490660016  train-loss:  0.6017373107606545  lr:  1.9073486328125e-08
#epoch  435    val-loss:  1.7589448125738847  train-loss:  0.6018958941567689  lr:  1.9073486328125e-08
#epoch  436    val-loss:  1.7433725281765586  train-loss:  0.6020889882929623  lr:  1.9073486328125e-08
#epoch  437    val-loss:  1.7283564241308915  train-loss:  0.6018384137423709  lr:  1.9073486328125e-08
#epoch  438    val-loss:  1.7226300992463763  train-loss:  0.6019154300447553  lr:  1.9073486328125e-08
#epoch  439    val-loss:  1.723481950006987  train-loss:  0.602005457971245  lr:  1.9073486328125e-08
#epoch  440    val-loss:  1.754619642307884  train-loss:  0.6019387791166082  lr:  1.9073486328125e-08
#epoch  441    val-loss:  1.7509720513695164  train-loss:  0.6018357096472755  lr:  1.9073486328125e-08
#epoch  442    val-loss:  1.7440574357384129  train-loss:  0.6020129632670432  lr:  1.9073486328125e-08
#epoch  443    val-loss:  1.7218150214145058  train-loss:  0.6019437164068222  lr:  1.9073486328125e-08
#epoch  444    val-loss:  1.748906737879703  train-loss:  0.6021010645199567  lr:  1.9073486328125e-08
#epoch  445    val-loss:  1.7352913994538157  train-loss:  0.6018550331937149  lr:  1.9073486328125e-08
#epoch  446    val-loss:  1.7473994932676618  train-loss:  0.6018549127038568  lr:  1.9073486328125e-08
#epoch  447    val-loss:  1.7369476243069297  train-loss:  0.6018010134575889  lr:  1.9073486328125e-08
#epoch  448    val-loss:  1.7368107155749672  train-loss:  0.6019879243103787  lr:  1.9073486328125e-08
#epoch  449    val-loss:  1.744110301921242  train-loss:  0.6015842632623389  lr:  1.9073486328125e-08
#epoch  450    val-loss:  1.8273947176180387  train-loss:  0.6018930311547592  lr:  1.9073486328125e-08
#epoch  451    val-loss:  1.7391929814690037  train-loss:  0.6016089767217636  lr:  1.9073486328125e-08
#epoch  452    val-loss:  1.7202988612024408  train-loss:  0.6017953372793272  lr:  1.9073486328125e-08
#epoch  453    val-loss:  1.718906935892607  train-loss:  0.6018889987608418  lr:  1.9073486328125e-08
#epoch  454    val-loss:  1.7926459124213772  train-loss:  0.6021181446267292  lr:  1.9073486328125e-08
#epoch  455    val-loss:  1.7200953207517926  train-loss:  0.601869975682348  lr:  1.9073486328125e-08
#epoch  456    val-loss:  1.7179724730943378  train-loss:  0.6019033705815673  lr:  1.9073486328125e-08
#epoch  457    val-loss:  1.7608322846262079  train-loss:  0.6017692890018225  lr:  1.9073486328125e-08
#epoch  458    val-loss:  1.7358118483894749  train-loss:  0.6020424379967153  lr:  1.9073486328125e-08
#epoch  459    val-loss:  1.7362270041515953  train-loss:  0.6017278607469052  lr:  1.9073486328125e-08
#epoch  460    val-loss:  1.751582471947921  train-loss:  0.6019667536020279  lr:  1.9073486328125e-08
#epoch  461    val-loss:  1.7356845830616199  train-loss:  0.6022208300419152  lr:  1.9073486328125e-08
#epoch  462    val-loss:  1.7268176016054655  train-loss:  0.6018496108008549  lr:  1.9073486328125e-08
#epoch  463    val-loss:  1.7350004095780223  train-loss:  0.6016965270973742  lr:  1.9073486328125e-08
#epoch  464    val-loss:  1.756474689433449  train-loss:  0.6018052803119645  lr:  1.9073486328125e-08
#epoch  465    val-loss:  1.7480660488730984  train-loss:  0.6019779645139351  lr:  1.9073486328125e-08
#epoch  466    val-loss:  1.7489045356449329  train-loss:  0.6020543822087348  lr:  1.9073486328125e-08
#epoch  467    val-loss:  1.7290231052197909  train-loss:  0.602126355515793  lr:  1.9073486328125e-08
#epoch  468    val-loss:  1.72275005516253  train-loss:  0.6018603568663821  lr:  1.9073486328125e-08
#epoch  469    val-loss:  1.7283174489673816  train-loss:  0.6015879715560004  lr:  1.9073486328125e-08
#epoch  470    val-loss:  1.7443849789468866  train-loss:  0.6018809757661074  lr:  1.9073486328125e-08
#epoch  471    val-loss:  1.7336101155532033  train-loss:  0.6017161717172712  lr:  1.9073486328125e-08
#epoch  472    val-loss:  1.7406337700392072  train-loss:  0.6018997377250344  lr:  1.9073486328125e-08
#epoch  473    val-loss:  1.7692748872857345  train-loss:  0.6019340539351106  lr:  1.9073486328125e-08
#epoch  474    val-loss:  1.7474640670575594  train-loss:  0.6020289162406698  lr:  1.9073486328125e-08
#epoch  475    val-loss:  1.7359526784796464  train-loss:  0.6017069547669962  lr:  1.9073486328125e-08
#epoch  476    val-loss:  1.7362599184638576  train-loss:  0.6017521591857076  lr:  1.9073486328125e-08
#epoch  477    val-loss:  1.7201079004689266  train-loss:  0.601878754561767  lr:  1.9073486328125e-08
#epoch  478    val-loss:  1.826649352123863  train-loss:  0.601799939526245  lr:  1.9073486328125e-08
#epoch  479    val-loss:  1.7362599937539351  train-loss:  0.6017754444619641  lr:  1.9073486328125e-08
#epoch  480    val-loss:  1.7703418919914646  train-loss:  0.6019805035321042  lr:  1.9073486328125e-08
#epoch  481    val-loss:  1.7464544773101807  train-loss:  0.6018524706596509  lr:  1.9073486328125e-08
#epoch  482    val-loss:  1.732291723552503  train-loss:  0.6020319192903116  lr:  1.9073486328125e-08
#epoch  483    val-loss:  1.7284348826659353  train-loss:  0.601818086928688  lr:  1.9073486328125e-08
#epoch  484    val-loss:  1.7427913828899986  train-loss:  0.601906044757925  lr:  1.9073486328125e-08
#epoch  485    val-loss:  1.7485142444309436  train-loss:  0.602078172727488  lr:  1.9073486328125e-08
#epoch  486    val-loss:  1.739073019278677  train-loss:  0.6016249284148216  lr:  1.9073486328125e-08
#epoch  487    val-loss:  1.7438672090831555  train-loss:  0.6019828008720651  lr:  1.9073486328125e-08
#epoch  488    val-loss:  1.76555093338615  train-loss:  0.6017545488430187  lr:  1.9073486328125e-08
#epoch  489    val-loss:  1.734641056311758  train-loss:  0.6019269970711321  lr:  1.9073486328125e-08
#epoch  490    val-loss:  1.7426282606626813  train-loss:  0.6015507286647335  lr:  1.9073486328125e-08
#epoch  491    val-loss:  1.7490298057857312  train-loss:  0.602081983583048  lr:  1.9073486328125e-08
#epoch  492    val-loss:  1.7346192033667314  train-loss:  0.6018189087044448  lr:  1.9073486328125e-08
#epoch  493    val-loss:  1.7365961388537758  train-loss:  0.6016739754704759  lr:  1.9073486328125e-08
#epoch  494    val-loss:  1.7509422239504362  train-loss:  0.6019100345438346  lr:  1.9073486328125e-08
#epoch  495    val-loss:  1.7386864611977024  train-loss:  0.6017618281766772  lr:  1.9073486328125e-08
#epoch  496    val-loss:  1.745962613507321  train-loss:  0.6019199917791411  lr:  1.9073486328125e-08
#epoch  497    val-loss:  1.7356352555124384  train-loss:  0.6019165811594576  lr:  1.9073486328125e-08
#epoch  498    val-loss:  1.7237618094996403  train-loss:  0.6019692041445524  lr:  1.9073486328125e-08
#epoch  499    val-loss:  1.723100825359947  train-loss:  0.6018149184528738  lr:  1.9073486328125e-08
