model 35595c54339a0da57d3be6d6b0ecfb004d1681435476a40c83ac52ea state_dict has not been found
Model was not found
torch.cuda.is_available():	 True
runargs:	 Namespace(co2=False, depth=330.0, disp=-1, domain='global', epoch=0, latitude=True, linsupres=True, lossfun='MSE', lr=0.01, lsrp_span=12, maxepoch=500, minibatch=4, mode='train', normalization='standard', num_workers=40, parts=[1, 1], persistent_workers=False, prefetch_factor=1, relog=True, rerun=True, sanity=False, sigma=8, temperature=True)
data_address /scratch/zanna/data/cm2.6/coarse_8_beneath_surface.zarr
using device: cuda:0
epochs started
#epoch  0    val-loss:  1.317312522938377  train-loss:  1.821400553919375  lr:  0.01
#epoch  1    val-loss:  0.9449433213786075  train-loss:  0.9656331117730588  lr:  0.01
#epoch  2    val-loss:  0.8307976848200748  train-loss:  0.782176579348743  lr:  0.01
#epoch  3    val-loss:  0.7941861999662299  train-loss:  0.7068853308446705  lr:  0.01
#epoch  4    val-loss:  0.7271686227698075  train-loss:  0.6555563199799508  lr:  0.01
#epoch  5    val-loss:  0.6972037679270694  train-loss:  0.6182913889642805  lr:  0.01
#epoch  6    val-loss:  0.6865260977494089  train-loss:  0.5919002564623952  lr:  0.01
#epoch  7    val-loss:  0.655645677917882  train-loss:  0.5724627351155505  lr:  0.01
#epoch  8    val-loss:  0.6545888907031009  train-loss:  0.5561555757885799  lr:  0.01
#epoch  9    val-loss:  0.6565786662854647  train-loss:  0.5413427385501564  lr:  0.01
#epoch  10    val-loss:  0.6476907824215136  train-loss:  0.5289761816384271  lr:  0.01
#epoch  11    val-loss:  0.6305726986182364  train-loss:  0.5185263727325946  lr:  0.01
#epoch  12    val-loss:  0.6074935448797125  train-loss:  0.5101329277968034  lr:  0.01
#epoch  13    val-loss:  0.6140643828793576  train-loss:  0.49915475538000464  lr:  0.01
#epoch  14    val-loss:  0.611705343974264  train-loss:  0.4962946370942518  lr:  0.01
#epoch  15    val-loss:  0.6175984018727353  train-loss:  0.48706143780145794  lr:  0.01
#epoch  16    val-loss:  0.5770087304868197  train-loss:  0.45406801241915673  lr:  0.005
#epoch  17    val-loss:  0.5631706683259261  train-loss:  0.45004705688916147  lr:  0.005
#epoch  18    val-loss:  0.5670597804220099  train-loss:  0.4469825766282156  lr:  0.005
#epoch  19    val-loss:  0.5690548514064989  train-loss:  0.4439653967274353  lr:  0.005
#epoch  20    val-loss:  0.558822291462045  train-loss:  0.44122632208745927  lr:  0.005
#epoch  21    val-loss:  0.5766937858179996  train-loss:  0.43762785266153514  lr:  0.005
#epoch  22    val-loss:  0.5591029869882684  train-loss:  0.43534596578683704  lr:  0.005
#epoch  23    val-loss:  0.5608418113306949  train-loss:  0.43322656385134906  lr:  0.005
#epoch  24    val-loss:  0.5413960563509088  train-loss:  0.4131867082323879  lr:  0.0025
#epoch  25    val-loss:  0.5433244830683658  train-loss:  0.41047690517734736  lr:  0.0025
#epoch  26    val-loss:  0.5352245067295275  train-loss:  0.40906273829750717  lr:  0.0025
#epoch  27    val-loss:  0.5418195253924319  train-loss:  0.4074512349907309  lr:  0.0025
#epoch  28    val-loss:  0.5381400632230859  train-loss:  0.40563109051436186  lr:  0.0025
#epoch  29    val-loss:  0.5320580429152438  train-loss:  0.4037903455318883  lr:  0.0025
#epoch  30    val-loss:  0.5376972869822854  train-loss:  0.40227275469806045  lr:  0.0025
#epoch  31    val-loss:  0.5481405948337755  train-loss:  0.40069225418847054  lr:  0.0025
#epoch  32    val-loss:  0.5500815040186832  train-loss:  0.39922418317291886  lr:  0.0025
#epoch  33    val-loss:  0.5325089300933638  train-loss:  0.3884457368403673  lr:  0.00125
#epoch  34    val-loss:  0.5251446099657762  train-loss:  0.3864728168118745  lr:  0.00125
#epoch  35    val-loss:  0.5240572534109417  train-loss:  0.38579213828779757  lr:  0.00125
#epoch  36    val-loss:  0.5257467266760374  train-loss:  0.38508779008407146  lr:  0.00125
#epoch  37    val-loss:  0.5239232009962985  train-loss:  0.3842159453779459  lr:  0.00125
#epoch  38    val-loss:  0.5213573684817866  train-loss:  0.38349992188159376  lr:  0.00125
#epoch  39    val-loss:  0.5245244550077539  train-loss:  0.38243985117878765  lr:  0.00125
#epoch  40    val-loss:  0.5231619053765347  train-loss:  0.3816299441969022  lr:  0.00125
#epoch  41    val-loss:  0.5318446018193898  train-loss:  0.3808325242716819  lr:  0.00125
#epoch  42    val-loss:  0.5196454540679329  train-loss:  0.3748051974689588  lr:  0.000625
#epoch  43    val-loss:  0.520471105450078  train-loss:  0.3741232450120151  lr:  0.000625
#epoch  44    val-loss:  0.5226549098366186  train-loss:  0.3735535319428891  lr:  0.000625
#epoch  45    val-loss:  0.5173015170975735  train-loss:  0.3731468899641186  lr:  0.000625
#epoch  46    val-loss:  0.5180151744892723  train-loss:  0.37271025322843343  lr:  0.000625
#epoch  47    val-loss:  0.5222003632470181  train-loss:  0.3722234652377665  lr:  0.000625
#epoch  48    val-loss:  0.5239292665531761  train-loss:  0.37188764347229153  lr:  0.000625
#epoch  49    val-loss:  0.5196269609426197  train-loss:  0.3688553258543834  lr:  0.0003125
#epoch  50    val-loss:  0.5197475489817167  train-loss:  0.36839147203136235  lr:  0.0003125
#epoch  51    val-loss:  0.5201677978038788  train-loss:  0.36817494384013116  lr:  0.0003125
#epoch  52    val-loss:  0.5219904200026864  train-loss:  0.36650886421557516  lr:  0.00015625
#epoch  53    val-loss:  0.520153881687867  train-loss:  0.3663369648857042  lr:  0.00015625
#epoch  54    val-loss:  0.5198225912294889  train-loss:  0.36617628298699856  lr:  0.00015625
#epoch  55    val-loss:  0.5192223771622306  train-loss:  0.3653377342270687  lr:  7.8125e-05
#epoch  56    val-loss:  0.5191804703913236  train-loss:  0.365177434287034  lr:  7.8125e-05
#epoch  57    val-loss:  0.517299201927687  train-loss:  0.3652057331055403  lr:  7.8125e-05
#epoch  58    val-loss:  0.5179119502243242  train-loss:  0.364720068522729  lr:  3.90625e-05
#epoch  59    val-loss:  0.5174963427217383  train-loss:  0.3646504102507606  lr:  3.90625e-05
#epoch  60    val-loss:  0.5198228155311785  train-loss:  0.3646126101957634  lr:  3.90625e-05
#epoch  61    val-loss:  0.518931978627255  train-loss:  0.3643341844435781  lr:  1.953125e-05
#epoch  62    val-loss:  0.5181096086376592  train-loss:  0.36430950788781047  lr:  1.953125e-05
#epoch  63    val-loss:  0.5195710486487338  train-loss:  0.36436390050221235  lr:  1.953125e-05
#epoch  64    val-loss:  0.516594543268806  train-loss:  0.36420815880410373  lr:  9.765625e-06
#epoch  65    val-loss:  0.5182831789317884  train-loss:  0.36417976999655366  lr:  9.765625e-06
#epoch  66    val-loss:  0.5167989793576693  train-loss:  0.36419300246052444  lr:  9.765625e-06
#epoch  67    val-loss:  0.5182673084108453  train-loss:  0.3642294475575909  lr:  9.765625e-06
#epoch  68    val-loss:  0.5189019174952256  train-loss:  0.36418964725453407  lr:  4.8828125e-06
#epoch  69    val-loss:  0.5166775317568528  train-loss:  0.3640287942253053  lr:  4.8828125e-06
#epoch  70    val-loss:  0.5190362647960061  train-loss:  0.36402948992326856  lr:  4.8828125e-06
#epoch  71    val-loss:  0.5182621980968275  train-loss:  0.36402249021921307  lr:  2.44140625e-06
#epoch  72    val-loss:  0.518706528764022  train-loss:  0.3640924203209579  lr:  2.44140625e-06
#epoch  73    val-loss:  0.5189638859347293  train-loss:  0.3640590056311339  lr:  2.44140625e-06
#epoch  74    val-loss:  0.5181265677276411  train-loss:  0.36403142707422376  lr:  1.220703125e-06
#epoch  75    val-loss:  0.5178350570954775  train-loss:  0.36405222257599235  lr:  1.220703125e-06
#epoch  76    val-loss:  0.5173681880298414  train-loss:  0.3640556918689981  lr:  1.220703125e-06
#epoch  77    val-loss:  0.5192226877338008  train-loss:  0.36410182947292924  lr:  6.103515625e-07
#epoch  78    val-loss:  0.5182501375675201  train-loss:  0.36402916186489165  lr:  6.103515625e-07
#epoch  79    val-loss:  0.5180981488604295  train-loss:  0.3641059760702774  lr:  6.103515625e-07
#epoch  80    val-loss:  0.519087574983898  train-loss:  0.3640094723086804  lr:  3.0517578125e-07
#epoch  81    val-loss:  0.5177816529023019  train-loss:  0.3640851463424042  lr:  3.0517578125e-07
#epoch  82    val-loss:  0.5189928553606334  train-loss:  0.3639619251480326  lr:  3.0517578125e-07
#epoch  83    val-loss:  0.5195162939397913  train-loss:  0.36399946408346295  lr:  1.52587890625e-07
#epoch  84    val-loss:  0.5199140341658341  train-loss:  0.3639785203849897  lr:  1.52587890625e-07
#epoch  85    val-loss:  0.5216520758051622  train-loss:  0.36402765836101025  lr:  1.52587890625e-07
#epoch  86    val-loss:  0.5198940211220792  train-loss:  0.3640095565933734  lr:  7.62939453125e-08
#epoch  87    val-loss:  0.5184302079050165  train-loss:  0.3639907904434949  lr:  7.62939453125e-08
#epoch  88    val-loss:  0.518685718900279  train-loss:  0.36407841998152435  lr:  7.62939453125e-08
#epoch  89    val-loss:  0.5182324130284158  train-loss:  0.3640274836216122  lr:  3.814697265625e-08
#epoch  90    val-loss:  0.5170335095179709  train-loss:  0.36402370186988264  lr:  3.814697265625e-08
#epoch  91    val-loss:  0.5171531125118858  train-loss:  0.3639296202454716  lr:  3.814697265625e-08
#epoch  92    val-loss:  0.5178613192156741  train-loss:  0.3639907219912857  lr:  1.9073486328125e-08
#epoch  93    val-loss:  0.5188068276957462  train-loss:  0.36401788773946464  lr:  1.9073486328125e-08
#epoch  94    val-loss:  0.5190667745314146  train-loss:  0.3639731665607542  lr:  1.9073486328125e-08
#epoch  95    val-loss:  0.5204666868636483  train-loss:  0.3640406923368573  lr:  1.9073486328125e-08
#epoch  96    val-loss:  0.5188325847450056  train-loss:  0.364103771164082  lr:  1.9073486328125e-08
#epoch  97    val-loss:  0.5187981489457583  train-loss:  0.3639708438422531  lr:  1.9073486328125e-08
#epoch  98    val-loss:  0.5196842708085713  train-loss:  0.36399686767254025  lr:  1.9073486328125e-08
#epoch  99    val-loss:  0.5176033393332833  train-loss:  0.3639685099478811  lr:  1.9073486328125e-08
#epoch  100    val-loss:  0.5169299291936975  train-loss:  0.36404156126081944  lr:  1.9073486328125e-08
#epoch  101    val-loss:  0.518898899617948  train-loss:  0.36411839665379375  lr:  1.9073486328125e-08
#epoch  102    val-loss:  0.5159758596043837  train-loss:  0.36398283031303436  lr:  1.9073486328125e-08
#epoch  103    val-loss:  0.5167745822354367  train-loss:  0.36400213465094566  lr:  1.9073486328125e-08
#epoch  104    val-loss:  0.5165339771069979  train-loss:  0.36402574565727264  lr:  1.9073486328125e-08
#epoch  105    val-loss:  0.5183097061358  train-loss:  0.3639839419629425  lr:  1.9073486328125e-08
#epoch  106    val-loss:  0.5175349994709617  train-loss:  0.3639995063422248  lr:  1.9073486328125e-08
#epoch  107    val-loss:  0.519576265623695  train-loss:  0.3640046602813527  lr:  1.9073486328125e-08
#epoch  108    val-loss:  0.5163955688476562  train-loss:  0.36397431266959757  lr:  1.9073486328125e-08
#epoch  109    val-loss:  0.5193177947872564  train-loss:  0.3640361411962658  lr:  1.9073486328125e-08
#epoch  110    val-loss:  0.5189767025018993  train-loss:  0.36400447180494666  lr:  1.9073486328125e-08
#epoch  111    val-loss:  0.5175829796414626  train-loss:  0.3640244255075231  lr:  1.9073486328125e-08
#epoch  112    val-loss:  0.5163480670828569  train-loss:  0.3640606056433171  lr:  1.9073486328125e-08
#epoch  113    val-loss:  0.5181490496585244  train-loss:  0.36402194714173675  lr:  1.9073486328125e-08
#epoch  114    val-loss:  0.5169041392050291  train-loss:  0.36401840671896935  lr:  1.9073486328125e-08
#epoch  115    val-loss:  0.5192029507536637  train-loss:  0.36404384952038527  lr:  1.9073486328125e-08
#epoch  116    val-loss:  0.5187269637459203  train-loss:  0.3639745421241969  lr:  1.9073486328125e-08
#epoch  117    val-loss:  0.5177214522110788  train-loss:  0.36404205672442913  lr:  1.9073486328125e-08
#epoch  118    val-loss:  0.5197010150081233  train-loss:  0.36402975604869425  lr:  1.9073486328125e-08
#epoch  119    val-loss:  0.5189115671735061  train-loss:  0.36408526299055666  lr:  1.9073486328125e-08
#epoch  120    val-loss:  0.5157902899541353  train-loss:  0.3639900190755725  lr:  1.9073486328125e-08
#epoch  121    val-loss:  0.5194479478032965  train-loss:  0.36406024207826704  lr:  1.9073486328125e-08
#epoch  122    val-loss:  0.5206559723929355  train-loss:  0.36401024379301816  lr:  1.9073486328125e-08
#epoch  123    val-loss:  0.517375531949495  train-loss:  0.36399775836616755  lr:  1.9073486328125e-08
#epoch  124    val-loss:  0.5214277615672663  train-loss:  0.3640177679480985  lr:  1.9073486328125e-08
#epoch  125    val-loss:  0.5172824200830961  train-loss:  0.3639569041552022  lr:  1.9073486328125e-08
#epoch  126    val-loss:  0.519682775986822  train-loss:  0.36398709879722446  lr:  1.9073486328125e-08
#epoch  127    val-loss:  0.5172580088439741  train-loss:  0.36401832732371986  lr:  1.9073486328125e-08
#epoch  128    val-loss:  0.5187997943476627  train-loss:  0.36413277580868453  lr:  1.9073486328125e-08
#epoch  129    val-loss:  0.5163199336905229  train-loss:  0.36399286065716296  lr:  1.9073486328125e-08
#epoch  130    val-loss:  0.5160629576758334  train-loss:  0.3639828620944172  lr:  1.9073486328125e-08
#epoch  131    val-loss:  0.5155321281207236  train-loss:  0.36400732095353305  lr:  1.9073486328125e-08
#epoch  132    val-loss:  0.5183968496950049  train-loss:  0.3639849505852908  lr:  1.9073486328125e-08
#epoch  133    val-loss:  0.518583705550746  train-loss:  0.36406966974027455  lr:  1.9073486328125e-08
#epoch  134    val-loss:  0.5175174443345321  train-loss:  0.36394561105407774  lr:  1.9073486328125e-08
#epoch  135    val-loss:  0.5185172228436721  train-loss:  0.3640103612560779  lr:  1.9073486328125e-08
#epoch  136    val-loss:  0.5190420903657612  train-loss:  0.3639626377262175  lr:  1.9073486328125e-08
#epoch  137    val-loss:  0.5198822727328852  train-loss:  0.3639928620541468  lr:  1.9073486328125e-08
#epoch  138    val-loss:  0.5192752715788389  train-loss:  0.3640094514703378  lr:  1.9073486328125e-08
#epoch  139    val-loss:  0.5202267954224035  train-loss:  0.36399119498673826  lr:  1.9073486328125e-08
#epoch  140    val-loss:  0.5188708305358887  train-loss:  0.36400894878897816  lr:  1.9073486328125e-08
#epoch  141    val-loss:  0.52018340951518  train-loss:  0.36402304109651595  lr:  1.9073486328125e-08
#epoch  142    val-loss:  0.5191689823803148  train-loss:  0.3640088214306161  lr:  1.9073486328125e-08
#epoch  143    val-loss:  0.5196673807344938  train-loss:  0.3639774537878111  lr:  1.9073486328125e-08
#epoch  144    val-loss:  0.5166809088305423  train-loss:  0.364057281287387  lr:  1.9073486328125e-08
#epoch  145    val-loss:  0.5185959339141846  train-loss:  0.36403094371780753  lr:  1.9073486328125e-08
#epoch  146    val-loss:  0.5175965773431879  train-loss:  0.36398811265826225  lr:  1.9073486328125e-08
#epoch  147    val-loss:  0.5186331617204767  train-loss:  0.36412122496403754  lr:  1.9073486328125e-08
#epoch  148    val-loss:  0.5205862694665006  train-loss:  0.3639403956476599  lr:  1.9073486328125e-08
#epoch  149    val-loss:  0.5176888704299927  train-loss:  0.3639760714722797  lr:  1.9073486328125e-08
#epoch  150    val-loss:  0.5190011027612185  train-loss:  0.3640025001950562  lr:  1.9073486328125e-08
#epoch  151    val-loss:  0.5177212310464758  train-loss:  0.3640324140433222  lr:  1.9073486328125e-08
#epoch  152    val-loss:  0.5177336460665652  train-loss:  0.36394109344109893  lr:  1.9073486328125e-08
#epoch  153    val-loss:  0.5183756947517395  train-loss:  0.36403345270082355  lr:  1.9073486328125e-08
#epoch  154    val-loss:  0.520513045160394  train-loss:  0.3639550469815731  lr:  1.9073486328125e-08
#epoch  155    val-loss:  0.518360153624886  train-loss:  0.36396505241282284  lr:  1.9073486328125e-08
#epoch  156    val-loss:  0.5196889576159025  train-loss:  0.3640125086531043  lr:  1.9073486328125e-08
#epoch  157    val-loss:  0.5191817613024461  train-loss:  0.36400713701732457  lr:  1.9073486328125e-08
#epoch  158    val-loss:  0.5190897678074083  train-loss:  0.36403998686000705  lr:  1.9073486328125e-08
#epoch  159    val-loss:  0.5199371560623771  train-loss:  0.36395965178962797  lr:  1.9073486328125e-08
#epoch  160    val-loss:  0.5181243231422022  train-loss:  0.363999045570381  lr:  1.9073486328125e-08
#epoch  161    val-loss:  0.5188200536527132  train-loss:  0.36411229870282114  lr:  1.9073486328125e-08
#epoch  162    val-loss:  0.5195328514826926  train-loss:  0.36404733115341514  lr:  1.9073486328125e-08
#epoch  163    val-loss:  0.5207104573124334  train-loss:  0.36400300287641585  lr:  1.9073486328125e-08
#epoch  164    val-loss:  0.5182258549489474  train-loss:  0.3639919663546607  lr:  1.9073486328125e-08
#epoch  165    val-loss:  0.5167018708429838  train-loss:  0.3640963376965374  lr:  1.9073486328125e-08
#epoch  166    val-loss:  0.5181195155570382  train-loss:  0.36397957673761994  lr:  1.9073486328125e-08
#epoch  167    val-loss:  0.516494443542079  train-loss:  0.3639934652019292  lr:  1.9073486328125e-08
#epoch  168    val-loss:  0.5190485433528298  train-loss:  0.36405954568181187  lr:  1.9073486328125e-08
#epoch  169    val-loss:  0.519046896382382  train-loss:  0.36396553984377533  lr:  1.9073486328125e-08
#epoch  170    val-loss:  0.5186696570170554  train-loss:  0.3639861015835777  lr:  1.9073486328125e-08
#epoch  171    val-loss:  0.5203675847304495  train-loss:  0.3640490174293518  lr:  1.9073486328125e-08
#epoch  172    val-loss:  0.5166801763208289  train-loss:  0.36397276259958744  lr:  1.9073486328125e-08
#epoch  173    val-loss:  0.5167247951030731  train-loss:  0.3640752611681819  lr:  1.9073486328125e-08
#epoch  174    val-loss:  0.5182845310160988  train-loss:  0.36396954604424536  lr:  1.9073486328125e-08
#epoch  175    val-loss:  0.5176347870575754  train-loss:  0.36402021162211895  lr:  1.9073486328125e-08
#epoch  176    val-loss:  0.5215998480194494  train-loss:  0.36399029300082475  lr:  1.9073486328125e-08
#epoch  177    val-loss:  0.5175936222076416  train-loss:  0.3639839042443782  lr:  1.9073486328125e-08
#epoch  178    val-loss:  0.5206768779378188  train-loss:  0.36398355138953775  lr:  1.9073486328125e-08
#epoch  179    val-loss:  0.5190181261614749  train-loss:  0.36400805320590734  lr:  1.9073486328125e-08
#epoch  180    val-loss:  0.518619041693838  train-loss:  0.3640764442970976  lr:  1.9073486328125e-08
#epoch  181    val-loss:  0.5194307267665863  train-loss:  0.3640092258574441  lr:  1.9073486328125e-08
#epoch  182    val-loss:  0.5189116393264971  train-loss:  0.363996974658221  lr:  1.9073486328125e-08
#epoch  183    val-loss:  0.517914963395972  train-loss:  0.36400536983273923  lr:  1.9073486328125e-08
#epoch  184    val-loss:  0.5178831768663306  train-loss:  0.36409028398338705  lr:  1.9073486328125e-08
#epoch  185    val-loss:  0.5181320372380709  train-loss:  0.3640886883949861  lr:  1.9073486328125e-08
#epoch  186    val-loss:  0.5182109490821236  train-loss:  0.36408415366895497  lr:  1.9073486328125e-08
#epoch  187    val-loss:  0.5179286818755301  train-loss:  0.3639338866341859  lr:  1.9073486328125e-08
#epoch  188    val-loss:  0.5157239672384764  train-loss:  0.3639788703294471  lr:  1.9073486328125e-08
#epoch  189    val-loss:  0.520231494778081  train-loss:  0.3640386607730761  lr:  1.9073486328125e-08
#epoch  190    val-loss:  0.5188461887209039  train-loss:  0.36398235615342855  lr:  1.9073486328125e-08
#epoch  191    val-loss:  0.5194447887571234  train-loss:  0.3640178047353402  lr:  1.9073486328125e-08
#epoch  192    val-loss:  0.5178401172161102  train-loss:  0.36397565354127437  lr:  1.9073486328125e-08
#epoch  193    val-loss:  0.5183510027433696  train-loss:  0.3639278660994023  lr:  1.9073486328125e-08
#epoch  194    val-loss:  0.5164822292955298  train-loss:  0.36399584996979684  lr:  1.9073486328125e-08
#epoch  195    val-loss:  0.5189433725256669  train-loss:  0.3640070976689458  lr:  1.9073486328125e-08
#epoch  196    val-loss:  0.5188329659010235  train-loss:  0.36396547476761043  lr:  1.9073486328125e-08
#epoch  197    val-loss:  0.518998417415117  train-loss:  0.3639683540677652  lr:  1.9073486328125e-08
#epoch  198    val-loss:  0.5167310598649477  train-loss:  0.36402238672599196  lr:  1.9073486328125e-08
#epoch  199    val-loss:  0.5182743856781408  train-loss:  0.3640263198176399  lr:  1.9073486328125e-08
#epoch  200    val-loss:  0.5173236351264151  train-loss:  0.3640467915683985  lr:  1.9073486328125e-08
#epoch  201    val-loss:  0.5184141005340376  train-loss:  0.3639745252439752  lr:  1.9073486328125e-08
#epoch  202    val-loss:  0.5197901396374953  train-loss:  0.36405242106411606  lr:  1.9073486328125e-08
#epoch  203    val-loss:  0.5179301092499181  train-loss:  0.36398492148146033  lr:  1.9073486328125e-08
#epoch  204    val-loss:  0.5196920194123921  train-loss:  0.3639425601577386  lr:  1.9073486328125e-08
#epoch  205    val-loss:  0.5176128290201488  train-loss:  0.3640045097563416  lr:  1.9073486328125e-08
#epoch  206    val-loss:  0.5194795586560902  train-loss:  0.3639179141027853  lr:  1.9073486328125e-08
#epoch  207    val-loss:  0.5161554625159815  train-loss:  0.3640193996252492  lr:  1.9073486328125e-08
#epoch  208    val-loss:  0.5176105718863638  train-loss:  0.3640664976555854  lr:  1.9073486328125e-08
#epoch  209    val-loss:  0.5213268948228735  train-loss:  0.36394492513500154  lr:  1.9073486328125e-08
#epoch  210    val-loss:  0.5167960273592096  train-loss:  0.36397992947604507  lr:  1.9073486328125e-08
#epoch  211    val-loss:  0.5189742806710695  train-loss:  0.36405500769615173  lr:  1.9073486328125e-08
#epoch  212    val-loss:  0.5183918036912617  train-loss:  0.36396610678639263  lr:  1.9073486328125e-08
#epoch  213    val-loss:  0.5175030639297084  train-loss:  0.364034689264372  lr:  1.9073486328125e-08
#epoch  214    val-loss:  0.5154281023301577  train-loss:  0.36397992237471044  lr:  1.9073486328125e-08
#epoch  215    val-loss:  0.5190234043096241  train-loss:  0.3640079889446497  lr:  1.9073486328125e-08
#epoch  216    val-loss:  0.5166874214222557  train-loss:  0.36410432611592114  lr:  1.9073486328125e-08
#epoch  217    val-loss:  0.518814250042564  train-loss:  0.3640174352331087  lr:  1.9073486328125e-08
#epoch  218    val-loss:  0.5164166139928918  train-loss:  0.36399490223266184  lr:  1.9073486328125e-08
#epoch  219    val-loss:  0.5199590184186634  train-loss:  0.3639670666307211  lr:  1.9073486328125e-08
#epoch  220    val-loss:  0.5210494697093964  train-loss:  0.36396454041823745  lr:  1.9073486328125e-08
#epoch  221    val-loss:  0.5183725529595425  train-loss:  0.3639463755534962  lr:  1.9073486328125e-08
#epoch  222    val-loss:  0.5178681486531308  train-loss:  0.36399569537024945  lr:  1.9073486328125e-08
#epoch  223    val-loss:  0.5185623608137432  train-loss:  0.36406198143959045  lr:  1.9073486328125e-08
#epoch  224    val-loss:  0.5203875664033388  train-loss:  0.3640448946971446  lr:  1.9073486328125e-08
#epoch  225    val-loss:  0.5154435085622888  train-loss:  0.3639734161552042  lr:  1.9073486328125e-08
#epoch  226    val-loss:  0.5199084172123357  train-loss:  0.36403102322947234  lr:  1.9073486328125e-08
#epoch  227    val-loss:  0.5171725906823811  train-loss:  0.364020504290238  lr:  1.9073486328125e-08
#epoch  228    val-loss:  0.5173597806378415  train-loss:  0.36406715272460133  lr:  1.9073486328125e-08
#epoch  229    val-loss:  0.519649653058303  train-loss:  0.36398860812187195  lr:  1.9073486328125e-08
#epoch  230    val-loss:  0.5184635378812489  train-loss:  0.36398170655593276  lr:  1.9073486328125e-08
#epoch  231    val-loss:  0.5184885922231173  train-loss:  0.36403102544136345  lr:  1.9073486328125e-08
#epoch  232    val-loss:  0.5191579335614255  train-loss:  0.36401118768844754  lr:  1.9073486328125e-08
#epoch  233    val-loss:  0.5174796000907296  train-loss:  0.36404788959771395  lr:  1.9073486328125e-08
#epoch  234    val-loss:  0.5207351806916689  train-loss:  0.36403394176159054  lr:  1.9073486328125e-08
#epoch  235    val-loss:  0.5190318399354031  train-loss:  0.3639908046461642  lr:  1.9073486328125e-08
#epoch  236    val-loss:  0.5154935529357508  train-loss:  0.3639705040259287  lr:  1.9073486328125e-08
#epoch  237    val-loss:  0.5169579982757568  train-loss:  0.3640417205169797  lr:  1.9073486328125e-08
#epoch  238    val-loss:  0.5177375078201294  train-loss:  0.36402705777436495  lr:  1.9073486328125e-08
#epoch  239    val-loss:  0.5196258253172824  train-loss:  0.36399846663698554  lr:  1.9073486328125e-08
#epoch  240    val-loss:  0.5175990462303162  train-loss:  0.36404651519842446  lr:  1.9073486328125e-08
#epoch  241    val-loss:  0.5183495910544145  train-loss:  0.36402958526741713  lr:  1.9073486328125e-08
#epoch  242    val-loss:  0.5184004902839661  train-loss:  0.3639537893468514  lr:  1.9073486328125e-08
#epoch  243    val-loss:  0.5213444374109569  train-loss:  0.36402715381700546  lr:  1.9073486328125e-08
#epoch  244    val-loss:  0.5174143816295423  train-loss:  0.36405041837133467  lr:  1.9073486328125e-08
#epoch  245    val-loss:  0.5188153307688864  train-loss:  0.3641458466881886  lr:  1.9073486328125e-08
#epoch  246    val-loss:  0.5171883608165541  train-loss:  0.36408344574738294  lr:  1.9073486328125e-08
#epoch  247    val-loss:  0.5189421725900549  train-loss:  0.3640216167550534  lr:  1.9073486328125e-08
#epoch  248    val-loss:  0.5209934491860239  train-loss:  0.36401135521009564  lr:  1.9073486328125e-08
#epoch  249    val-loss:  0.5177374309615085  train-loss:  0.3639929563505575  lr:  1.9073486328125e-08
#epoch  250    val-loss:  0.5169811970309207  train-loss:  0.36409817973617464  lr:  1.9073486328125e-08
#epoch  251    val-loss:  0.5196089509286379  train-loss:  0.3640091441338882  lr:  1.9073486328125e-08
#epoch  252    val-loss:  0.5198308590211367  train-loss:  0.36405483295675367  lr:  1.9073486328125e-08
#epoch  253    val-loss:  0.5206769312682905  train-loss:  0.3640126968966797  lr:  1.9073486328125e-08
#epoch  254    val-loss:  0.5184531619674281  train-loss:  0.36404798564035445  lr:  1.9073486328125e-08
#epoch  255    val-loss:  0.5198551730105752  train-loss:  0.36403200565837324  lr:  1.9073486328125e-08
#epoch  256    val-loss:  0.5190142816618869  train-loss:  0.36397935717832297  lr:  1.9073486328125e-08
#epoch  257    val-loss:  0.5198456692068201  train-loss:  0.36404475511517376  lr:  1.9073486328125e-08
#epoch  258    val-loss:  0.5192365850272932  train-loss:  0.36402527370955795  lr:  1.9073486328125e-08
#epoch  259    val-loss:  0.5170401899438155  train-loss:  0.36399874556809664  lr:  1.9073486328125e-08
#epoch  260    val-loss:  0.5192681127472928  train-loss:  0.3639645295916125  lr:  1.9073486328125e-08
#epoch  261    val-loss:  0.5215118401928952  train-loss:  0.3640032527036965  lr:  1.9073486328125e-08
#epoch  262    val-loss:  0.518728494644165  train-loss:  0.3640308001777157  lr:  1.9073486328125e-08
#epoch  263    val-loss:  0.5179049592269095  train-loss:  0.3640178993809968  lr:  1.9073486328125e-08
#epoch  264    val-loss:  0.5189645525656248  train-loss:  0.3639893794897944  lr:  1.9073486328125e-08
#epoch  265    val-loss:  0.5195304625912717  train-loss:  0.3640391828957945  lr:  1.9073486328125e-08
#epoch  266    val-loss:  0.5164895151790819  train-loss:  0.36397729779127985  lr:  1.9073486328125e-08
#epoch  267    val-loss:  0.5162169541183271  train-loss:  0.364029448479414  lr:  1.9073486328125e-08
#epoch  268    val-loss:  0.5196921558756578  train-loss:  0.364018268417567  lr:  1.9073486328125e-08
#epoch  269    val-loss:  0.519563144759128  train-loss:  0.36402388219721615  lr:  1.9073486328125e-08
#epoch  270    val-loss:  0.5214691130738509  train-loss:  0.36405645473860204  lr:  1.9073486328125e-08
#epoch  271    val-loss:  0.5167786463310844  train-loss:  0.3640615879558027  lr:  1.9073486328125e-08
#epoch  272    val-loss:  0.5165674702117318  train-loss:  0.3640128948027268  lr:  1.9073486328125e-08
#epoch  273    val-loss:  0.5199296725423712  train-loss:  0.3639936640392989  lr:  1.9073486328125e-08
#epoch  274    val-loss:  0.516559655729093  train-loss:  0.36397250229492784  lr:  1.9073486328125e-08
#epoch  275    val-loss:  0.5164519940551958  train-loss:  0.3640069010434672  lr:  1.9073486328125e-08
#epoch  276    val-loss:  0.5183126675455194  train-loss:  0.36406149435788393  lr:  1.9073486328125e-08
#epoch  277    val-loss:  0.5196178837826377  train-loss:  0.36400789639446884  lr:  1.9073486328125e-08
#epoch  278    val-loss:  0.5189664301119352  train-loss:  0.36401951336301863  lr:  1.9073486328125e-08
#epoch  279    val-loss:  0.5188547827695545  train-loss:  0.3640018288278952  lr:  1.9073486328125e-08
#epoch  280    val-loss:  0.5194493140044966  train-loss:  0.36406978056766093  lr:  1.9073486328125e-08
#epoch  281    val-loss:  0.519546069596943  train-loss:  0.3639712904114276  lr:  1.9073486328125e-08
#epoch  282    val-loss:  0.5189068113502703  train-loss:  0.3641289696097374  lr:  1.9073486328125e-08
#epoch  283    val-loss:  0.5204327357442755  train-loss:  0.3640458512818441  lr:  1.9073486328125e-08
#epoch  284    val-loss:  0.5188679208880976  train-loss:  0.36399163329042494  lr:  1.9073486328125e-08
#epoch  285    val-loss:  0.5178266559776507  train-loss:  0.3641202967846766  lr:  1.9073486328125e-08
#epoch  286    val-loss:  0.5155740443028902  train-loss:  0.3639811334433034  lr:  1.9073486328125e-08
#epoch  287    val-loss:  0.520672713455401  train-loss:  0.3640321248676628  lr:  1.9073486328125e-08
#epoch  288    val-loss:  0.5164519642528734  train-loss:  0.36402668489608914  lr:  1.9073486328125e-08
#epoch  289    val-loss:  0.5192015798468339  train-loss:  0.3639639903558418  lr:  1.9073486328125e-08
#epoch  290    val-loss:  0.5178702897147128  train-loss:  0.3640701047843322  lr:  1.9073486328125e-08
#epoch  291    val-loss:  0.5195305331757194  train-loss:  0.3640337558463216  lr:  1.9073486328125e-08
#epoch  292    val-loss:  0.5207378425096211  train-loss:  0.3639826438156888  lr:  1.9073486328125e-08
#epoch  293    val-loss:  0.5158826740164506  train-loss:  0.3640360622666776  lr:  1.9073486328125e-08
#epoch  294    val-loss:  0.5187707935508928  train-loss:  0.36404888122342527  lr:  1.9073486328125e-08
#epoch  295    val-loss:  0.5186740646236822  train-loss:  0.3640904048224911  lr:  1.9073486328125e-08
#epoch  296    val-loss:  0.5198581704967901  train-loss:  0.3640638580545783  lr:  1.9073486328125e-08
#epoch  297    val-loss:  0.5182641807355379  train-loss:  0.3640321905259043  lr:  1.9073486328125e-08
#epoch  298    val-loss:  0.5191142229657424  train-loss:  0.3640079938340932  lr:  1.9073486328125e-08
#epoch  299    val-loss:  0.5187837763836509  train-loss:  0.363982544047758  lr:  1.9073486328125e-08
#epoch  300    val-loss:  0.5188554572431665  train-loss:  0.36398089106660336  lr:  1.9073486328125e-08
#epoch  301    val-loss:  0.5181126908252114  train-loss:  0.36405990878120065  lr:  1.9073486328125e-08
#epoch  302    val-loss:  0.5166356343972055  train-loss:  0.36399478767998517  lr:  1.9073486328125e-08
#epoch  303    val-loss:  0.5199247630018937  train-loss:  0.3639978774590418  lr:  1.9073486328125e-08
#epoch  304    val-loss:  0.5188100871286894  train-loss:  0.3639669961994514  lr:  1.9073486328125e-08
#epoch  305    val-loss:  0.5159895906322881  train-loss:  0.3639583216281608  lr:  1.9073486328125e-08
#epoch  306    val-loss:  0.518904458535345  train-loss:  0.36401312972884625  lr:  1.9073486328125e-08
#epoch  307    val-loss:  0.5175908051039043  train-loss:  0.36407887912355363  lr:  1.9073486328125e-08
#epoch  308    val-loss:  0.5189397711502878  train-loss:  0.364064076798968  lr:  1.9073486328125e-08
#epoch  309    val-loss:  0.5187093678273653  train-loss:  0.3639757796190679  lr:  1.9073486328125e-08
#epoch  310    val-loss:  0.5192546813111556  train-loss:  0.3639800907112658  lr:  1.9073486328125e-08
#epoch  311    val-loss:  0.5171294729960593  train-loss:  0.3639974835095927  lr:  1.9073486328125e-08
#epoch  312    val-loss:  0.5176867717190793  train-loss:  0.36399429792072624  lr:  1.9073486328125e-08
#epoch  313    val-loss:  0.5169026334034769  train-loss:  0.3640027405926958  lr:  1.9073486328125e-08
#epoch  314    val-loss:  0.5189521328399056  train-loss:  0.3640702209668234  lr:  1.9073486328125e-08
#epoch  315    val-loss:  0.5174366267103898  train-loss:  0.3639721696963534  lr:  1.9073486328125e-08
#epoch  316    val-loss:  0.5190985626295993  train-loss:  0.3640350931091234  lr:  1.9073486328125e-08
#epoch  317    val-loss:  0.5168924519890233  train-loss:  0.3640329671325162  lr:  1.9073486328125e-08
#epoch  318    val-loss:  0.5214860831436358  train-loss:  0.36403006804175675  lr:  1.9073486328125e-08
#epoch  319    val-loss:  0.5165163811884428  train-loss:  0.3640744003932923  lr:  1.9073486328125e-08
#epoch  320    val-loss:  0.5157404651767329  train-loss:  0.36395146034192294  lr:  1.9073486328125e-08
#epoch  321    val-loss:  0.5189187071825329  train-loss:  0.36395723291207105  lr:  1.9073486328125e-08
#epoch  322    val-loss:  0.5187979905228866  train-loss:  0.36404119268991053  lr:  1.9073486328125e-08
#epoch  323    val-loss:  0.5199469374982935  train-loss:  0.36403062532190233  lr:  1.9073486328125e-08
#epoch  324    val-loss:  0.520673017752798  train-loss:  0.3639921776484698  lr:  1.9073486328125e-08
#epoch  325    val-loss:  0.5178229055906597  train-loss:  0.3639881395502016  lr:  1.9073486328125e-08
#epoch  326    val-loss:  0.5191083409284291  train-loss:  0.36402850202284753  lr:  1.9073486328125e-08
#epoch  327    val-loss:  0.519503841274663  train-loss:  0.3640272677876055  lr:  1.9073486328125e-08
#epoch  328    val-loss:  0.5167032103789481  train-loss:  0.3639538998249918  lr:  1.9073486328125e-08
#epoch  329    val-loss:  0.5156758004113248  train-loss:  0.3640440700110048  lr:  1.9073486328125e-08
#epoch  330    val-loss:  0.5189987985711348  train-loss:  0.3639908463228494  lr:  1.9073486328125e-08
#epoch  331    val-loss:  0.5194570579026875  train-loss:  0.36399383505340666  lr:  1.9073486328125e-08
#epoch  332    val-loss:  0.5186704303088941  train-loss:  0.3640124313533306  lr:  1.9073486328125e-08
#epoch  333    val-loss:  0.5158253453279796  train-loss:  0.3639973554527387  lr:  1.9073486328125e-08
#epoch  334    val-loss:  0.51894033582587  train-loss:  0.3639787872089073  lr:  1.9073486328125e-08
#epoch  335    val-loss:  0.5184009467300615  train-loss:  0.3641378784086555  lr:  1.9073486328125e-08
#epoch  336    val-loss:  0.517005421613392  train-loss:  0.3639868561876938  lr:  1.9073486328125e-08
#epoch  337    val-loss:  0.5159797919423956  train-loss:  0.3640016765566543  lr:  1.9073486328125e-08
#epoch  338    val-loss:  0.5169194152480677  train-loss:  0.36395497084595263  lr:  1.9073486328125e-08
#epoch  339    val-loss:  0.5166798249671334  train-loss:  0.3640274862991646  lr:  1.9073486328125e-08
#epoch  340    val-loss:  0.5163777705870176  train-loss:  0.3640201451489702  lr:  1.9073486328125e-08
#epoch  341    val-loss:  0.5177216325935564  train-loss:  0.363999996217899  lr:  1.9073486328125e-08
#epoch  342    val-loss:  0.5177382089589772  train-loss:  0.3640336290700361  lr:  1.9073486328125e-08
#epoch  343    val-loss:  0.5161531598944413  train-loss:  0.36406538903247565  lr:  1.9073486328125e-08
#epoch  344    val-loss:  0.521470772592645  train-loss:  0.3639646408846602  lr:  1.9073486328125e-08
#epoch  345    val-loss:  0.5183346365627489  train-loss:  0.36399952124338597  lr:  1.9073486328125e-08
#epoch  346    val-loss:  0.5168454992143732  train-loss:  0.3640178927453235  lr:  1.9073486328125e-08
#epoch  347    val-loss:  0.5186295399540349  train-loss:  0.36400963307823986  lr:  1.9073486328125e-08
#epoch  348    val-loss:  0.5178768885763068  train-loss:  0.3640009432565421  lr:  1.9073486328125e-08
#epoch  349    val-loss:  0.5166105157450626  train-loss:  0.36401550157461315  lr:  1.9073486328125e-08
#epoch  350    val-loss:  0.5187894058854956  train-loss:  0.3639726706314832  lr:  1.9073486328125e-08
#epoch  351    val-loss:  0.5190025677806452  train-loss:  0.3639776643831283  lr:  1.9073486328125e-08
#epoch  352    val-loss:  0.5152122535203633  train-loss:  0.36400882969610393  lr:  1.9073486328125e-08
#epoch  353    val-loss:  0.5169897691199654  train-loss:  0.3640075067523867  lr:  1.9073486328125e-08
#epoch  354    val-loss:  0.5166772902011871  train-loss:  0.36404788063373417  lr:  1.9073486328125e-08
#epoch  355    val-loss:  0.5197499802238063  train-loss:  0.3640044401399791  lr:  1.9073486328125e-08
#epoch  356    val-loss:  0.51554022337261  train-loss:  0.36401497025508434  lr:  1.9073486328125e-08
#epoch  357    val-loss:  0.5197742032377344  train-loss:  0.3640178076457232  lr:  1.9073486328125e-08
#epoch  358    val-loss:  0.5189356411758222  train-loss:  0.3640246968716383  lr:  1.9073486328125e-08
#epoch  359    val-loss:  0.5189217878015417  train-loss:  0.3640601350925863  lr:  1.9073486328125e-08
#epoch  360    val-loss:  0.5194769235033738  train-loss:  0.3640136645408347  lr:  1.9073486328125e-08
#epoch  361    val-loss:  0.5176003245930922  train-loss:  0.36400079901795834  lr:  1.9073486328125e-08
#epoch  362    val-loss:  0.5185968264153129  train-loss:  0.3641198119148612  lr:  1.9073486328125e-08
#epoch  363    val-loss:  0.5212578993094595  train-loss:  0.36398355348501354  lr:  1.9073486328125e-08
#epoch  364    val-loss:  0.5189019096525092  train-loss:  0.36402400862425566  lr:  1.9073486328125e-08
#epoch  365    val-loss:  0.5198803324448434  train-loss:  0.3640560858184472  lr:  1.9073486328125e-08
#epoch  366    val-loss:  0.5158041841105411  train-loss:  0.36406401148997247  lr:  1.9073486328125e-08
#epoch  367    val-loss:  0.5197141578322962  train-loss:  0.3640198298962787  lr:  1.9073486328125e-08
#epoch  368    val-loss:  0.5195063352584839  train-loss:  0.36397352803032845  lr:  1.9073486328125e-08
#epoch  369    val-loss:  0.5155124413339716  train-loss:  0.36403417214751244  lr:  1.9073486328125e-08
#epoch  370    val-loss:  0.5185983400595816  train-loss:  0.3640700246905908  lr:  1.9073486328125e-08
#epoch  371    val-loss:  0.5179239511489868  train-loss:  0.3639880898408592  lr:  1.9073486328125e-08
#epoch  372    val-loss:  0.5202675320600209  train-loss:  0.36400822561699897  lr:  1.9073486328125e-08
#epoch  373    val-loss:  0.5178462753170415  train-loss:  0.3640191509621218  lr:  1.9073486328125e-08
#epoch  374    val-loss:  0.5207676165982297  train-loss:  0.3640325431479141  lr:  1.9073486328125e-08
#epoch  375    val-loss:  0.5172924132723558  train-loss:  0.3640408379724249  lr:  1.9073486328125e-08
#epoch  376    val-loss:  0.5184098670357152  train-loss:  0.36397926684003323  lr:  1.9073486328125e-08
#epoch  377    val-loss:  0.5162474716964521  train-loss:  0.36400361522100866  lr:  1.9073486328125e-08
#epoch  378    val-loss:  0.5203086075029875  train-loss:  0.3640357651747763  lr:  1.9073486328125e-08
#epoch  379    val-loss:  0.518094086333325  train-loss:  0.364003018126823  lr:  1.9073486328125e-08
#epoch  380    val-loss:  0.5169828879205804  train-loss:  0.3639615182764828  lr:  1.9073486328125e-08
#epoch  381    val-loss:  0.5186799576407984  train-loss:  0.3639597191940993  lr:  1.9073486328125e-08
#epoch  382    val-loss:  0.5202192444550363  train-loss:  0.3639930058270693  lr:  1.9073486328125e-08
#epoch  383    val-loss:  0.5187633194421467  train-loss:  0.36405007482971996  lr:  1.9073486328125e-08
#epoch  384    val-loss:  0.5195457307915938  train-loss:  0.36405452981125563  lr:  1.9073486328125e-08
#epoch  385    val-loss:  0.5206380204150551  train-loss:  0.36405372549779713  lr:  1.9073486328125e-08
#epoch  386    val-loss:  0.516298455627341  train-loss:  0.3641394937876612  lr:  1.9073486328125e-08
#epoch  387    val-loss:  0.5186630016879031  train-loss:  0.364017934538424  lr:  1.9073486328125e-08
#epoch  388    val-loss:  0.5165329779449263  train-loss:  0.3639896670356393  lr:  1.9073486328125e-08
#epoch  389    val-loss:  0.5182189517899564  train-loss:  0.3639792460016906  lr:  1.9073486328125e-08
#epoch  390    val-loss:  0.5194211272816909  train-loss:  0.3640195410698652  lr:  1.9073486328125e-08
#epoch  391    val-loss:  0.520490680870257  train-loss:  0.36402113968506455  lr:  1.9073486328125e-08
#epoch  392    val-loss:  0.5180894308968594  train-loss:  0.36400215956382453  lr:  1.9073486328125e-08
#epoch  393    val-loss:  0.5177234050474668  train-loss:  0.36393183015752584  lr:  1.9073486328125e-08
#epoch  394    val-loss:  0.5153973635874296  train-loss:  0.3639955453108996  lr:  1.9073486328125e-08
#epoch  395    val-loss:  0.5199474362950576  train-loss:  0.3640095113078132  lr:  1.9073486328125e-08
#epoch  396    val-loss:  0.5158131091218245  train-loss:  0.364013971760869  lr:  1.9073486328125e-08
#epoch  397    val-loss:  0.5194054528286582  train-loss:  0.36402650619857013  lr:  1.9073486328125e-08
#epoch  398    val-loss:  0.5178609113944205  train-loss:  0.3640349570196122  lr:  1.9073486328125e-08
#epoch  399    val-loss:  0.5188367256992742  train-loss:  0.36405852623283863  lr:  1.9073486328125e-08
#epoch  400    val-loss:  0.5172437225517473  train-loss:  0.36402465554419905  lr:  1.9073486328125e-08
#epoch  401    val-loss:  0.5176461746818141  train-loss:  0.36401607864536345  lr:  1.9073486328125e-08
#epoch  402    val-loss:  0.5162197508310017  train-loss:  0.36404106160625815  lr:  1.9073486328125e-08
#epoch  403    val-loss:  0.5177308117088518  train-loss:  0.3639654207509011  lr:  1.9073486328125e-08
#epoch  404    val-loss:  0.5165436048256723  train-loss:  0.36399074364453554  lr:  1.9073486328125e-08
#epoch  405    val-loss:  0.5182582234081469  train-loss:  0.36404332518577576  lr:  1.9073486328125e-08
#epoch  406    val-loss:  0.5172927285495558  train-loss:  0.3640018997248262  lr:  1.9073486328125e-08
#epoch  407    val-loss:  0.5190098818979765  train-loss:  0.36400637053884566  lr:  1.9073486328125e-08
#epoch  408    val-loss:  0.5203781159300553  train-loss:  0.3639801834942773  lr:  1.9073486328125e-08
#epoch  409    val-loss:  0.5199648141860962  train-loss:  0.3640645939158276  lr:  1.9073486328125e-08
#epoch  410    val-loss:  0.5199313493151414  train-loss:  0.3639856136869639  lr:  1.9073486328125e-08
#epoch  411    val-loss:  0.5191427516309839  train-loss:  0.36400846764445305  lr:  1.9073486328125e-08
#epoch  412    val-loss:  0.5172537800512815  train-loss:  0.3640070897527039  lr:  1.9073486328125e-08
#epoch  413    val-loss:  0.5216300236551386  train-loss:  0.3639795361086726  lr:  1.9073486328125e-08
#epoch  414    val-loss:  0.5214335259638334  train-loss:  0.3640545310918242  lr:  1.9073486328125e-08
#epoch  415    val-loss:  0.5203474352234289  train-loss:  0.36394915834534913  lr:  1.9073486328125e-08
#epoch  416    val-loss:  0.5216475991826308  train-loss:  0.363978341803886  lr:  1.9073486328125e-08
#epoch  417    val-loss:  0.5186713447696284  train-loss:  0.36404934676829726  lr:  1.9073486328125e-08
#epoch  418    val-loss:  0.5181371569633484  train-loss:  0.36402499524410814  lr:  1.9073486328125e-08
#epoch  419    val-loss:  0.5187579550241169  train-loss:  0.3639946769690141  lr:  1.9073486328125e-08
#epoch  420    val-loss:  0.5185653598685014  train-loss:  0.36399611027445644  lr:  1.9073486328125e-08
#epoch  421    val-loss:  0.5191551258689479  train-loss:  0.36400623759254813  lr:  1.9073486328125e-08
#epoch  422    val-loss:  0.519390670876754  train-loss:  0.3639949799980968  lr:  1.9073486328125e-08
#epoch  423    val-loss:  0.5188227076279489  train-loss:  0.36401233973447233  lr:  1.9073486328125e-08
#epoch  424    val-loss:  0.5190717797530325  train-loss:  0.36396695557050407  lr:  1.9073486328125e-08
#epoch  425    val-loss:  0.5168990994754591  train-loss:  0.36394411884248257  lr:  1.9073486328125e-08
#epoch  426    val-loss:  0.5167221615189  train-loss:  0.3640127284452319  lr:  1.9073486328125e-08
#epoch  427    val-loss:  0.5174304184160734  train-loss:  0.3640176593326032  lr:  1.9073486328125e-08
#epoch  428    val-loss:  0.519859287299608  train-loss:  0.36401000525802374  lr:  1.9073486328125e-08
#epoch  429    val-loss:  0.5161392422098863  train-loss:  0.3640273166820407  lr:  1.9073486328125e-08
#epoch  430    val-loss:  0.5162831231167442  train-loss:  0.3640159561764449  lr:  1.9073486328125e-08
#epoch  431    val-loss:  0.5198625765348736  train-loss:  0.36403479706496  lr:  1.9073486328125e-08
#epoch  432    val-loss:  0.5176071995183041  train-loss:  0.3640419616131112  lr:  1.9073486328125e-08
#epoch  433    val-loss:  0.5204039655233684  train-loss:  0.36398078314960003  lr:  1.9073486328125e-08
#epoch  434    val-loss:  0.5191512249018017  train-loss:  0.3639940021093935  lr:  1.9073486328125e-08
#epoch  435    val-loss:  0.5189757331421501  train-loss:  0.36401377397123724  lr:  1.9073486328125e-08
#epoch  436    val-loss:  0.5200302710658625  train-loss:  0.36403449811041355  lr:  1.9073486328125e-08
#epoch  437    val-loss:  0.5208166492612738  train-loss:  0.3639763474930078  lr:  1.9073486328125e-08
#epoch  438    val-loss:  0.5154608974331304  train-loss:  0.3639915359672159  lr:  1.9073486328125e-08
#epoch  439    val-loss:  0.5195577191679102  train-loss:  0.36403935647103935  lr:  1.9073486328125e-08
#epoch  440    val-loss:  0.5188289692527369  train-loss:  0.36404903745278716  lr:  1.9073486328125e-08
#epoch  441    val-loss:  0.5203428142949155  train-loss:  0.3639798869844526  lr:  1.9073486328125e-08
#epoch  442    val-loss:  0.5172875178487677  train-loss:  0.3640083624050021  lr:  1.9073486328125e-08
#epoch  443    val-loss:  0.5155304058601982  train-loss:  0.3639678934123367  lr:  1.9073486328125e-08
#epoch  444    val-loss:  0.5174834241992549  train-loss:  0.3639941898873076  lr:  1.9073486328125e-08
#epoch  445    val-loss:  0.5169364511966705  train-loss:  0.36398204031866044  lr:  1.9073486328125e-08
#epoch  446    val-loss:  0.5174489664404016  train-loss:  0.36399405146948993  lr:  1.9073486328125e-08
#epoch  447    val-loss:  0.5184547650186639  train-loss:  0.36398472380824387  lr:  1.9073486328125e-08
#epoch  448    val-loss:  0.5189002830731241  train-loss:  0.36395685002207756  lr:  1.9073486328125e-08
#epoch  449    val-loss:  0.5196344256401062  train-loss:  0.3640686022117734  lr:  1.9073486328125e-08
#epoch  450    val-loss:  0.52132879432879  train-loss:  0.36400547868106514  lr:  1.9073486328125e-08
#epoch  451    val-loss:  0.518725147372798  train-loss:  0.36402487731538713  lr:  1.9073486328125e-08
#epoch  452    val-loss:  0.5179178244189212  train-loss:  0.36398400680627674  lr:  1.9073486328125e-08
#epoch  453    val-loss:  0.5180829967323103  train-loss:  0.36404169676825404  lr:  1.9073486328125e-08
#epoch  454    val-loss:  0.5175214268659291  train-loss:  0.3640152526786551  lr:  1.9073486328125e-08
#epoch  455    val-loss:  0.5179186902548137  train-loss:  0.3639546091435477  lr:  1.9073486328125e-08
#epoch  456    val-loss:  0.5177364804242787  train-loss:  0.3639515524264425  lr:  1.9073486328125e-08
#epoch  457    val-loss:  0.5178508507577997  train-loss:  0.3639819381060079  lr:  1.9073486328125e-08
#epoch  458    val-loss:  0.5172758635721708  train-loss:  0.36397512105759233  lr:  1.9073486328125e-08
#epoch  459    val-loss:  0.5164895120419954  train-loss:  0.3639712609583512  lr:  1.9073486328125e-08
#epoch  460    val-loss:  0.5204114725715235  train-loss:  0.3639883076539263  lr:  1.9073486328125e-08
#epoch  461    val-loss:  0.5195878697069067  train-loss:  0.3640071954578161  lr:  1.9073486328125e-08
#epoch  462    val-loss:  0.5202155097534782  train-loss:  0.36402271944098175  lr:  1.9073486328125e-08
#epoch  463    val-loss:  0.5188866681174228  train-loss:  0.3640307935420424  lr:  1.9073486328125e-08
#epoch  464    val-loss:  0.5187766693140331  train-loss:  0.36397311999462545  lr:  1.9073486328125e-08
#epoch  465    val-loss:  0.5174393465644435  train-loss:  0.364017945015803  lr:  1.9073486328125e-08
#epoch  466    val-loss:  0.5186213694120708  train-loss:  0.36394408938940614  lr:  1.9073486328125e-08
#epoch  467    val-loss:  0.5206713111777055  train-loss:  0.36409084766637534  lr:  1.9073486328125e-08
#epoch  468    val-loss:  0.5195169464537972  train-loss:  0.36403716856148094  lr:  1.9073486328125e-08
#epoch  469    val-loss:  0.520353974480378  train-loss:  0.36399732541758567  lr:  1.9073486328125e-08
#epoch  470    val-loss:  0.5197337787402304  train-loss:  0.363992563681677  lr:  1.9073486328125e-08
#epoch  471    val-loss:  0.5191248012216467  train-loss:  0.3640751858474687  lr:  1.9073486328125e-08
#epoch  472    val-loss:  0.5182560039194006  train-loss:  0.364065453177318  lr:  1.9073486328125e-08
#epoch  473    val-loss:  0.515767713910655  train-loss:  0.3639493017690256  lr:  1.9073486328125e-08
#epoch  474    val-loss:  0.5177862471655795  train-loss:  0.3639682214707136  lr:  1.9073486328125e-08
#epoch  475    val-loss:  0.5183392684710654  train-loss:  0.363965431926772  lr:  1.9073486328125e-08
#epoch  476    val-loss:  0.5183542323739905  train-loss:  0.36397379357367754  lr:  1.9073486328125e-08
#epoch  477    val-loss:  0.5179510587140134  train-loss:  0.3640645722625777  lr:  1.9073486328125e-08
#epoch  478    val-loss:  0.5212537693349939  train-loss:  0.3639738323399797  lr:  1.9073486328125e-08
#epoch  479    val-loss:  0.5196593278332761  train-loss:  0.36400638800114393  lr:  1.9073486328125e-08
#epoch  480    val-loss:  0.5183026210257882  train-loss:  0.3639947895426303  lr:  1.9073486328125e-08
#epoch  481    val-loss:  0.5196322516391152  train-loss:  0.3640554948942736  lr:  1.9073486328125e-08
#epoch  482    val-loss:  0.520297331245322  train-loss:  0.36398044822271913  lr:  1.9073486328125e-08
#epoch  483    val-loss:  0.520597368478775  train-loss:  0.36400898767169565  lr:  1.9073486328125e-08
#epoch  484    val-loss:  0.5189348851379595  train-loss:  0.36404268234036863  lr:  1.9073486328125e-08
#epoch  485    val-loss:  0.517976767138431  train-loss:  0.36408357915934175  lr:  1.9073486328125e-08
#epoch  486    val-loss:  0.5169711489426462  train-loss:  0.3639640170149505  lr:  1.9073486328125e-08
#epoch  487    val-loss:  0.5174444647211778  train-loss:  0.3639654304133728  lr:  1.9073486328125e-08
#epoch  488    val-loss:  0.5163954590496264  train-loss:  0.3640400043223053  lr:  1.9073486328125e-08
#epoch  489    val-loss:  0.5193312199492204  train-loss:  0.36395585467107594  lr:  1.9073486328125e-08
#epoch  490    val-loss:  0.5195689389580175  train-loss:  0.36402048903983086  lr:  1.9073486328125e-08
#epoch  491    val-loss:  0.5181473211238259  train-loss:  0.3640217144275084  lr:  1.9073486328125e-08
#epoch  492    val-loss:  0.5170650388065138  train-loss:  0.3640162101946771  lr:  1.9073486328125e-08
#epoch  493    val-loss:  0.5193929656555778  train-loss:  0.3640789439668879  lr:  1.9073486328125e-08
#epoch  494    val-loss:  0.5186356337446916  train-loss:  0.3639881684212014  lr:  1.9073486328125e-08
#epoch  495    val-loss:  0.5195600594344892  train-loss:  0.36403137631714344  lr:  1.9073486328125e-08
#epoch  496    val-loss:  0.5197299295350125  train-loss:  0.36403601721394807  lr:  1.9073486328125e-08
#epoch  497    val-loss:  0.519196198174828  train-loss:  0.36397736007347703  lr:  1.9073486328125e-08
#epoch  498    val-loss:  0.52061990374013  train-loss:  0.36394619289785624  lr:  1.9073486328125e-08
#epoch  499    val-loss:  0.5153818522628985  train-loss:  0.3640031061368063  lr:  1.9073486328125e-08
