model f29739035d8b9f1a0ddf9e36cfc401f53a60c78d623bbad31993e45b state_dict has not been found
Model was not found
torch.cuda.is_available():	 True
runargs:	 Namespace(co2=False, depth=5.0, disp=-1, domain='global', epoch=0, latitude=False, linsupres=False, lossfun='MSE', lr=0.01, lsrp_span=12, maxepoch=500, minibatch=4, mode='train', normalization='standard', num_workers=40, parts=[1, 1], persistent_workers=False, prefetch_factor=1, relog=True, rerun=True, sanity=False, sigma=8, temperature=True)
data_address /scratch/zanna/data/cm2.6/coarse_8_beneath_surface.zarr
using device: cuda:0
epochs started
#epoch  0    val-loss:  0.4654244043325123  train-loss:  0.7894332187715918  lr:  0.01
#epoch  1    val-loss:  0.31806373125628423  train-loss:  0.34169559995643795  lr:  0.01
#epoch  2    val-loss:  0.24019598568740644  train-loss:  0.2621090018074028  lr:  0.01
#epoch  3    val-loss:  0.2623640871361682  train-loss:  0.21669211250264198  lr:  0.01
#epoch  4    val-loss:  0.21841606105628766  train-loss:  0.19334689667448401  lr:  0.01
#epoch  5    val-loss:  0.1795919435588937  train-loss:  0.17555201950017363  lr:  0.01
#epoch  6    val-loss:  0.18401470701945455  train-loss:  0.16193040006328374  lr:  0.01
#epoch  7    val-loss:  0.16872533998991313  train-loss:  0.15347154421033338  lr:  0.01
#epoch  8    val-loss:  0.17012652441074974  train-loss:  0.14755709777818993  lr:  0.01
#epoch  9    val-loss:  0.15390702376240178  train-loss:  0.1411034190095961  lr:  0.01
#epoch  10    val-loss:  0.14107837331922432  train-loss:  0.13627231103600934  lr:  0.01
#epoch  11    val-loss:  0.14880159418833883  train-loss:  0.13279365169000812  lr:  0.01
#epoch  12    val-loss:  0.14270426411377757  train-loss:  0.13279676347156055  lr:  0.01
#epoch  13    val-loss:  0.13791521128855252  train-loss:  0.1269389820517972  lr:  0.01
#epoch  14    val-loss:  0.13733104890898654  train-loss:  0.12386207317467779  lr:  0.01
#epoch  15    val-loss:  0.13348454393838582  train-loss:  0.12332896908628754  lr:  0.01
#epoch  16    val-loss:  0.13110007149608513  train-loss:  0.12069955901824869  lr:  0.01
#epoch  17    val-loss:  0.1331129513288799  train-loss:  0.11979322507977486  lr:  0.01
#epoch  18    val-loss:  0.14470396465376803  train-loss:  0.11751943247509189  lr:  0.01
#epoch  19    val-loss:  0.12337016431908858  train-loss:  0.11654405808076262  lr:  0.01
#epoch  20    val-loss:  0.13118525986608706  train-loss:  0.11516147939255461  lr:  0.01
#epoch  21    val-loss:  0.13311392304144407  train-loss:  0.11381846186122857  lr:  0.01
#epoch  22    val-loss:  0.1270897541391222  train-loss:  0.11383536853827536  lr:  0.01
#epoch  23    val-loss:  0.11498017452265087  train-loss:  0.104193262552144  lr:  0.005
#epoch  24    val-loss:  0.11560639033192083  train-loss:  0.10336323035880923  lr:  0.005
#epoch  25    val-loss:  0.11982113122940063  train-loss:  0.1028982357820496  lr:  0.005
#epoch  26    val-loss:  0.11269777307384893  train-loss:  0.10326187635655515  lr:  0.005
#epoch  27    val-loss:  0.11313202820326153  train-loss:  0.10277818125905469  lr:  0.005
#epoch  28    val-loss:  0.12323256229099475  train-loss:  0.10261839517625049  lr:  0.005
#epoch  29    val-loss:  0.11656739798031356  train-loss:  0.10223728520213626  lr:  0.005
#epoch  30    val-loss:  0.10451998012630563  train-loss:  0.09675461304141209  lr:  0.0025
#epoch  31    val-loss:  0.10554086534600508  train-loss:  0.09653066503233276  lr:  0.0025
#epoch  32    val-loss:  0.10699590256339625  train-loss:  0.09639766166219488  lr:  0.0025
#epoch  33    val-loss:  0.10523004673029247  train-loss:  0.09642979726777412  lr:  0.0025
#epoch  34    val-loss:  0.1046671820314307  train-loss:  0.09348007146036252  lr:  0.00125
#epoch  35    val-loss:  0.10178906431323603  train-loss:  0.0933552427450195  lr:  0.00125
#epoch  36    val-loss:  0.10284716518301713  train-loss:  0.09330574900377542  lr:  0.00125
#epoch  37    val-loss:  0.10381764212721273  train-loss:  0.09322921663988382  lr:  0.00125
#epoch  38    val-loss:  0.10454869113470379  train-loss:  0.09296088179689832  lr:  0.00125
#epoch  39    val-loss:  0.1009846819858802  train-loss:  0.0915864908893127  lr:  0.000625
#epoch  40    val-loss:  0.10075486686668898  train-loss:  0.09147019541705959  lr:  0.000625
#epoch  41    val-loss:  0.09981210098454826  train-loss:  0.0913666735868901  lr:  0.000625
#epoch  42    val-loss:  0.1014817310006995  train-loss:  0.0911673185764812  lr:  0.000625
#epoch  43    val-loss:  0.10045133335025687  train-loss:  0.09108927604393102  lr:  0.000625
#epoch  44    val-loss:  0.09988476688924589  train-loss:  0.09102328482549638  lr:  0.000625
#epoch  45    val-loss:  0.09934066941863612  train-loss:  0.09016964782495052  lr:  0.0003125
#epoch  46    val-loss:  0.09901715266077142  train-loss:  0.09017002562177368  lr:  0.0003125
#epoch  47    val-loss:  0.09886386598411359  train-loss:  0.09009058639639989  lr:  0.0003125
#epoch  48    val-loss:  0.09936307449089854  train-loss:  0.09000122963334434  lr:  0.0003125
#epoch  49    val-loss:  0.09986166459949393  train-loss:  0.08996670722262934  lr:  0.0003125
#epoch  50    val-loss:  0.09967591103754546  train-loss:  0.08989828408812173  lr:  0.0003125
#epoch  51    val-loss:  0.09864123910665512  train-loss:  0.08943074132548645  lr:  0.00015625
#epoch  52    val-loss:  0.099476447623027  train-loss:  0.08938115712953731  lr:  0.00015625
#epoch  53    val-loss:  0.09881629794836044  train-loss:  0.08931707878946327  lr:  0.00015625
#epoch  54    val-loss:  0.09888607655700885  train-loss:  0.08934082902851515  lr:  0.00015625
#epoch  55    val-loss:  0.09837749600410461  train-loss:  0.0890748179226648  lr:  7.8125e-05
#epoch  56    val-loss:  0.09824738180951069  train-loss:  0.08906065693008713  lr:  7.8125e-05
#epoch  57    val-loss:  0.09834924536316018  train-loss:  0.08901419574976899  lr:  7.8125e-05
#epoch  58    val-loss:  0.09868879616260529  train-loss:  0.089000653475523  lr:  7.8125e-05
#epoch  59    val-loss:  0.09834337665846474  train-loss:  0.08899660030147061  lr:  7.8125e-05
#epoch  60    val-loss:  0.09815165518145812  train-loss:  0.08885017345892265  lr:  3.90625e-05
#epoch  61    val-loss:  0.0984926717846017  train-loss:  0.0888212681747973  lr:  3.90625e-05
#epoch  62    val-loss:  0.09863498767739848  train-loss:  0.0887971522170119  lr:  3.90625e-05
#epoch  63    val-loss:  0.09876439132188496  train-loss:  0.0887935976497829  lr:  3.90625e-05
#epoch  64    val-loss:  0.09851138097675223  train-loss:  0.08864689318579622  lr:  1.953125e-05
#epoch  65    val-loss:  0.09858263597676628  train-loss:  0.08874383638612926  lr:  1.953125e-05
#epoch  66    val-loss:  0.09835098174057509  train-loss:  0.08868670123047195  lr:  1.953125e-05
#epoch  67    val-loss:  0.09824098607427195  train-loss:  0.08862548272009008  lr:  9.765625e-06
#epoch  68    val-loss:  0.09866310499216381  train-loss:  0.08868877633358352  lr:  9.765625e-06
#epoch  69    val-loss:  0.09827436271466707  train-loss:  0.08866380527615547  lr:  9.765625e-06
#epoch  70    val-loss:  0.09844710599435003  train-loss:  0.0886652813933324  lr:  4.8828125e-06
#epoch  71    val-loss:  0.09836588211749729  train-loss:  0.0887023766990751  lr:  4.8828125e-06
#epoch  72    val-loss:  0.09864688233325355  train-loss:  0.08860766427824274  lr:  4.8828125e-06
#epoch  73    val-loss:  0.0986051481021078  train-loss:  0.08870137220947072  lr:  2.44140625e-06
#epoch  74    val-loss:  0.09865355295570273  train-loss:  0.0887167910404969  lr:  2.44140625e-06
#epoch  75    val-loss:  0.09787760596526296  train-loss:  0.08866058147395961  lr:  2.44140625e-06
#epoch  76    val-loss:  0.09847022396953482  train-loss:  0.08867554381140508  lr:  2.44140625e-06
#epoch  77    val-loss:  0.09797774019994233  train-loss:  0.08864848531084135  lr:  2.44140625e-06
#epoch  78    val-loss:  0.09824601796112563  train-loss:  0.0886973385931924  lr:  2.44140625e-06
#epoch  79    val-loss:  0.0978989526629448  train-loss:  0.08866116250283085  lr:  1.220703125e-06
#epoch  80    val-loss:  0.09811547790703021  train-loss:  0.08869221358327195  lr:  1.220703125e-06
#epoch  81    val-loss:  0.09849926045066432  train-loss:  0.08872166412766092  lr:  1.220703125e-06
#epoch  82    val-loss:  0.098440667124171  train-loss:  0.0886476328887511  lr:  6.103515625e-07
#epoch  83    val-loss:  0.09849969023152401  train-loss:  0.08865015293122269  lr:  6.103515625e-07
#epoch  84    val-loss:  0.09858795608344831  train-loss:  0.08863523506443016  lr:  6.103515625e-07
#epoch  85    val-loss:  0.09824630578881816  train-loss:  0.08871630244539119  lr:  3.0517578125e-07
#epoch  86    val-loss:  0.09851272639475371  train-loss:  0.08868558407993987  lr:  3.0517578125e-07
#epoch  87    val-loss:  0.09823451034332577  train-loss:  0.08870096152531914  lr:  3.0517578125e-07
#epoch  88    val-loss:  0.0987175271699303  train-loss:  0.08865939095267095  lr:  1.52587890625e-07
#epoch  89    val-loss:  0.09807802579904858  train-loss:  0.088711471616989  lr:  1.52587890625e-07
#epoch  90    val-loss:  0.09816008727801473  train-loss:  0.0886641918332316  lr:  1.52587890625e-07
#epoch  91    val-loss:  0.09811929338856747  train-loss:  0.08868337288731709  lr:  7.62939453125e-08
#epoch  92    val-loss:  0.09857283336551566  train-loss:  0.08865723412600346  lr:  7.62939453125e-08
#epoch  93    val-loss:  0.09852808635485799  train-loss:  0.08866335902712308  lr:  7.62939453125e-08
#epoch  94    val-loss:  0.09853842423150413  train-loss:  0.08869722890085541  lr:  3.814697265625e-08
#epoch  95    val-loss:  0.09818950334661886  train-loss:  0.08864257211098447  lr:  3.814697265625e-08
#epoch  96    val-loss:  0.09881766414956043  train-loss:  0.08868025295669213  lr:  3.814697265625e-08
#epoch  97    val-loss:  0.09838089542953592  train-loss:  0.08866257147747092  lr:  1.9073486328125e-08
#epoch  98    val-loss:  0.09874410221451208  train-loss:  0.08865941886324435  lr:  1.9073486328125e-08
#epoch  99    val-loss:  0.09819398232196506  train-loss:  0.08862537844106555  lr:  1.9073486328125e-08
#epoch  100    val-loss:  0.09800755075718227  train-loss:  0.08859490300528705  lr:  1.9073486328125e-08
#epoch  101    val-loss:  0.09825707815195385  train-loss:  0.08870379169820808  lr:  1.9073486328125e-08
#epoch  102    val-loss:  0.09869895012755144  train-loss:  0.08858379104640335  lr:  1.9073486328125e-08
#epoch  103    val-loss:  0.09797664418032295  train-loss:  0.08869908738415688  lr:  1.9073486328125e-08
#epoch  104    val-loss:  0.09816267498229679  train-loss:  0.08866520921583287  lr:  1.9073486328125e-08
#epoch  105    val-loss:  0.09833721698899019  train-loss:  0.08865104310098104  lr:  1.9073486328125e-08
#epoch  106    val-loss:  0.09814518219546269  train-loss:  0.08866846802993678  lr:  1.9073486328125e-08
#epoch  107    val-loss:  0.09857719587652307  train-loss:  0.08862390607828274  lr:  1.9073486328125e-08
#epoch  108    val-loss:  0.09847881095974069  train-loss:  0.08859099942492321  lr:  1.9073486328125e-08
#epoch  109    val-loss:  0.09825788203038667  train-loss:  0.08866406389279291  lr:  1.9073486328125e-08
#epoch  110    val-loss:  0.09841874477110411  train-loss:  0.08866335282800719  lr:  1.9073486328125e-08
#epoch  111    val-loss:  0.09841614647915489  train-loss:  0.08862033532932401  lr:  1.9073486328125e-08
#epoch  112    val-loss:  0.09827045861043428  train-loss:  0.08867760401335545  lr:  1.9073486328125e-08
#epoch  113    val-loss:  0.09839285635634472  train-loss:  0.08865820241044275  lr:  1.9073486328125e-08
#epoch  114    val-loss:  0.0978127121925354  train-loss:  0.08863181911874563  lr:  1.9073486328125e-08
#epoch  115    val-loss:  0.09829589136336979  train-loss:  0.08866939373547211  lr:  1.9073486328125e-08
#epoch  116    val-loss:  0.09872243043623473  train-loss:  0.08862821743241511  lr:  1.9073486328125e-08
#epoch  117    val-loss:  0.09845159242027685  train-loss:  0.08861930909915827  lr:  1.9073486328125e-08
#epoch  118    val-loss:  0.09826787561178207  train-loss:  0.08865810197312385  lr:  1.9073486328125e-08
#epoch  119    val-loss:  0.09848846220656444  train-loss:  0.08867187032592483  lr:  1.9073486328125e-08
#epoch  120    val-loss:  0.09845717368941558  train-loss:  0.0886391483945772  lr:  1.9073486328125e-08
#epoch  121    val-loss:  0.09802561331736415  train-loss:  0.088681404304225  lr:  1.9073486328125e-08
#epoch  122    val-loss:  0.09808209734527688  train-loss:  0.08864962225197814  lr:  1.9073486328125e-08
#epoch  123    val-loss:  0.09855135726301294  train-loss:  0.08867506493697874  lr:  1.9073486328125e-08
#epoch  124    val-loss:  0.09796084385169179  train-loss:  0.08865807903930545  lr:  1.9073486328125e-08
#epoch  125    val-loss:  0.09811118598047056  train-loss:  0.08865316570154391  lr:  1.9073486328125e-08
#epoch  126    val-loss:  0.09823929675315556  train-loss:  0.08867386713973247  lr:  1.9073486328125e-08
#epoch  127    val-loss:  0.09861555930815245  train-loss:  0.08869265101384372  lr:  1.9073486328125e-08
#epoch  128    val-loss:  0.09807707565395456  train-loss:  0.08866298638167791  lr:  1.9073486328125e-08
#epoch  129    val-loss:  0.09877086548428786  train-loss:  0.08864785989862867  lr:  1.9073486328125e-08
#epoch  130    val-loss:  0.0984733151762109  train-loss:  0.0886313725495711  lr:  1.9073486328125e-08
#epoch  131    val-loss:  0.09836991170519277  train-loss:  0.08863227450638078  lr:  1.9073486328125e-08
#epoch  132    val-loss:  0.09825591978273894  train-loss:  0.08861398705630563  lr:  1.9073486328125e-08
#epoch  133    val-loss:  0.09816659124274003  train-loss:  0.08860105302301235  lr:  1.9073486328125e-08
#epoch  134    val-loss:  0.09839746120728944  train-loss:  0.08864910714328289  lr:  1.9073486328125e-08
#epoch  135    val-loss:  0.0985161877776447  train-loss:  0.0886565298133064  lr:  1.9073486328125e-08
#epoch  136    val-loss:  0.09817136824131012  train-loss:  0.0886467480158899  lr:  1.9073486328125e-08
#epoch  137    val-loss:  0.09836096159721676  train-loss:  0.08863082714378834  lr:  1.9073486328125e-08
#epoch  138    val-loss:  0.09848274565056751  train-loss:  0.08859811324509792  lr:  1.9073486328125e-08
#epoch  139    val-loss:  0.09837209472530767  train-loss:  0.08859273575944826  lr:  1.9073486328125e-08
#epoch  140    val-loss:  0.09816244205361918  train-loss:  0.08866543689509854  lr:  1.9073486328125e-08
#epoch  141    val-loss:  0.09880031606084422  train-loss:  0.08862670679809526  lr:  1.9073486328125e-08
#epoch  142    val-loss:  0.09863098083358061  train-loss:  0.0886306605534628  lr:  1.9073486328125e-08
#epoch  143    val-loss:  0.09839152270241787  train-loss:  0.08863529088557698  lr:  1.9073486328125e-08
#epoch  144    val-loss:  0.09860485125529139  train-loss:  0.08861912169959396  lr:  1.9073486328125e-08
#epoch  145    val-loss:  0.0985953929392915  train-loss:  0.08865272093680687  lr:  1.9073486328125e-08
#epoch  146    val-loss:  0.0981686911300609  train-loss:  0.08864560164511204  lr:  1.9073486328125e-08
#epoch  147    val-loss:  0.09839890348283868  train-loss:  0.08860835872474127  lr:  1.9073486328125e-08
#epoch  148    val-loss:  0.09837937394255086  train-loss:  0.08861712459474802  lr:  1.9073486328125e-08
#epoch  149    val-loss:  0.09802142060116718  train-loss:  0.08863764299894683  lr:  1.9073486328125e-08
#epoch  150    val-loss:  0.09795478143190083  train-loss:  0.08867140355869196  lr:  1.9073486328125e-08
#epoch  151    val-loss:  0.09847037690250497  train-loss:  0.08861358091235161  lr:  1.9073486328125e-08
#epoch  152    val-loss:  0.09803375091991927  train-loss:  0.08869088007486425  lr:  1.9073486328125e-08
#epoch  153    val-loss:  0.09808348903530523  train-loss:  0.08859138615662232  lr:  1.9073486328125e-08
#epoch  154    val-loss:  0.09873433764043607  train-loss:  0.08867291320348158  lr:  1.9073486328125e-08
#epoch  155    val-loss:  0.09789517913994036  train-loss:  0.0886537975165993  lr:  1.9073486328125e-08
#epoch  156    val-loss:  0.09819512147652476  train-loss:  0.08859814959578216  lr:  1.9073486328125e-08
#epoch  157    val-loss:  0.09814366266915672  train-loss:  0.08869506494374946  lr:  1.9073486328125e-08
#epoch  158    val-loss:  0.09861961242399718  train-loss:  0.0886491329583805  lr:  1.9073486328125e-08
#epoch  159    val-loss:  0.09823722666815708  train-loss:  0.08860086943604983  lr:  1.9073486328125e-08
#epoch  160    val-loss:  0.09815629767744165  train-loss:  0.08865320033510216  lr:  1.9073486328125e-08
#epoch  161    val-loss:  0.09849289059638977  train-loss:  0.0886335420946125  lr:  1.9073486328125e-08
#epoch  162    val-loss:  0.09861949988101658  train-loss:  0.08869193340069614  lr:  1.9073486328125e-08
#epoch  163    val-loss:  0.09863342227120149  train-loss:  0.08866667840629816  lr:  1.9073486328125e-08
#epoch  164    val-loss:  0.09871576726436615  train-loss:  0.08864259024267085  lr:  1.9073486328125e-08
#epoch  165    val-loss:  0.09851773514559395  train-loss:  0.08868114306824282  lr:  1.9073486328125e-08
#epoch  166    val-loss:  0.09812876033155542  train-loss:  0.0886422302282881  lr:  1.9073486328125e-08
#epoch  167    val-loss:  0.09851028025150299  train-loss:  0.0886616860225331  lr:  1.9073486328125e-08
#epoch  168    val-loss:  0.09813840020644038  train-loss:  0.08863038069102913  lr:  1.9073486328125e-08
#epoch  169    val-loss:  0.09852385520935059  train-loss:  0.08868750574765727  lr:  1.9073486328125e-08
#epoch  170    val-loss:  0.09814667662507609  train-loss:  0.08857240862562321  lr:  1.9073486328125e-08
#epoch  171    val-loss:  0.09852795616576546  train-loss:  0.08866834366926923  lr:  1.9073486328125e-08
#epoch  172    val-loss:  0.09859348088502884  train-loss:  0.08868329180404544  lr:  1.9073486328125e-08
#epoch  173    val-loss:  0.09811035700534519  train-loss:  0.08865195739781484  lr:  1.9073486328125e-08
#epoch  174    val-loss:  0.09847828314492577  train-loss:  0.08869547763606533  lr:  1.9073486328125e-08
#epoch  175    val-loss:  0.0980779567831441  train-loss:  0.0886781130102463  lr:  1.9073486328125e-08
#epoch  176    val-loss:  0.09827236517479546  train-loss:  0.08863614680012688  lr:  1.9073486328125e-08
#epoch  177    val-loss:  0.09862381611999713  train-loss:  0.08862897296785377  lr:  1.9073486328125e-08
#epoch  178    val-loss:  0.09860979177449879  train-loss:  0.08860100130550563  lr:  1.9073486328125e-08
#epoch  179    val-loss:  0.09819713940745906  train-loss:  0.08863998152082786  lr:  1.9073486328125e-08
#epoch  180    val-loss:  0.09809194740496184  train-loss:  0.08864022517809644  lr:  1.9073486328125e-08
#epoch  181    val-loss:  0.09837211001860469  train-loss:  0.08862260263413191  lr:  1.9073486328125e-08
#epoch  182    val-loss:  0.09814109378739407  train-loss:  0.08865920631797053  lr:  1.9073486328125e-08
#epoch  183    val-loss:  0.0984779137529825  train-loss:  0.08865766614326276  lr:  1.9073486328125e-08
#epoch  184    val-loss:  0.09788253001476589  train-loss:  0.08866945200134069  lr:  1.9073486328125e-08
#epoch  185    val-loss:  0.09863502453816564  train-loss:  0.08857217791955918  lr:  1.9073486328125e-08
#epoch  186    val-loss:  0.0984341329649875  train-loss:  0.0886604338302277  lr:  1.9073486328125e-08
#epoch  187    val-loss:  0.09822411521484978  train-loss:  0.08865574162336998  lr:  1.9073486328125e-08
#epoch  188    val-loss:  0.09786667282644071  train-loss:  0.08861624929704703  lr:  1.9073486328125e-08
#epoch  189    val-loss:  0.09817917684191152  train-loss:  0.08860694195027463  lr:  1.9073486328125e-08
#epoch  190    val-loss:  0.09873074410777342  train-loss:  0.08866931809461676  lr:  1.9073486328125e-08
#epoch  191    val-loss:  0.09824280362380178  train-loss:  0.08863637514878064  lr:  1.9073486328125e-08
#epoch  192    val-loss:  0.09847940504550934  train-loss:  0.08867063486832194  lr:  1.9073486328125e-08
#epoch  193    val-loss:  0.0979452866472696  train-loss:  0.08862530419719405  lr:  1.9073486328125e-08
#epoch  194    val-loss:  0.09801198855826729  train-loss:  0.08858273396617733  lr:  1.9073486328125e-08
#epoch  195    val-loss:  0.09817289913955488  train-loss:  0.08863890962675214  lr:  1.9073486328125e-08
#epoch  196    val-loss:  0.09831189089699795  train-loss:  0.08871127848397009  lr:  1.9073486328125e-08
#epoch  197    val-loss:  0.09856446126573964  train-loss:  0.08865554767544381  lr:  1.9073486328125e-08
#epoch  198    val-loss:  0.09853833364812951  train-loss:  0.08869480268913321  lr:  1.9073486328125e-08
#epoch  199    val-loss:  0.09860024248298846  train-loss:  0.08867413771804422  lr:  1.9073486328125e-08
#epoch  200    val-loss:  0.09824625794824801  train-loss:  0.0886424855561927  lr:  1.9073486328125e-08
#epoch  201    val-loss:  0.09800828287475988  train-loss:  0.0886620874516666  lr:  1.9073486328125e-08
#epoch  202    val-loss:  0.09850315200655084  train-loss:  0.08869512865203433  lr:  1.9073486328125e-08
#epoch  203    val-loss:  0.09848675210224955  train-loss:  0.08864546054974198  lr:  1.9073486328125e-08
#epoch  204    val-loss:  0.09856330250438891  train-loss:  0.08872762304963544  lr:  1.9073486328125e-08
#epoch  205    val-loss:  0.09879769228006664  train-loss:  0.08867226276197471  lr:  1.9073486328125e-08
#epoch  206    val-loss:  0.0986612219559519  train-loss:  0.08867762316367589  lr:  1.9073486328125e-08
#epoch  207    val-loss:  0.0987211799151019  train-loss:  0.08867015282157809  lr:  1.9073486328125e-08
#epoch  208    val-loss:  0.09839790941853273  train-loss:  0.08862849575234577  lr:  1.9073486328125e-08
#epoch  209    val-loss:  0.09795162238572773  train-loss:  0.08864483627257869  lr:  1.9073486328125e-08
#epoch  210    val-loss:  0.09854635949197568  train-loss:  0.08859939870308153  lr:  1.9073486328125e-08
#epoch  211    val-loss:  0.09835829311295559  train-loss:  0.08862274314742535  lr:  1.9073486328125e-08
#epoch  212    val-loss:  0.0986724601764428  train-loss:  0.08863211399875581  lr:  1.9073486328125e-08
#epoch  213    val-loss:  0.09802442671437013  train-loss:  0.088600297778612  lr:  1.9073486328125e-08
#epoch  214    val-loss:  0.0988126706920172  train-loss:  0.08866055621183477  lr:  1.9073486328125e-08
#epoch  215    val-loss:  0.09836164234500182  train-loss:  0.08866049608332105  lr:  1.9073486328125e-08
#epoch  216    val-loss:  0.09815452875275361  train-loss:  0.0886333693342749  lr:  1.9073486328125e-08
#epoch  217    val-loss:  0.09851711008109544  train-loss:  0.08865695795975626  lr:  1.9073486328125e-08
#epoch  218    val-loss:  0.09794501332860243  train-loss:  0.08865177730331197  lr:  1.9073486328125e-08
#epoch  219    val-loss:  0.09835268753139596  train-loss:  0.08860421247663908  lr:  1.9073486328125e-08
#epoch  220    val-loss:  0.09857214634355746  train-loss:  0.08864114136667922  lr:  1.9073486328125e-08
#epoch  221    val-loss:  0.09837024737345545  train-loss:  0.08859924660646357  lr:  1.9073486328125e-08
#epoch  222    val-loss:  0.09834648590338857  train-loss:  0.08869231160497293  lr:  1.9073486328125e-08
#epoch  223    val-loss:  0.09797037902631257  train-loss:  0.08866811159532517  lr:  1.9073486328125e-08
#epoch  224    val-loss:  0.09822051070238415  train-loss:  0.08864674510550685  lr:  1.9073486328125e-08
#epoch  225    val-loss:  0.09818783912219499  train-loss:  0.08862214899272658  lr:  1.9073486328125e-08
#epoch  226    val-loss:  0.09863082868488211  train-loss:  0.0887012921157293  lr:  1.9073486328125e-08
#epoch  227    val-loss:  0.0982150231537066  train-loss:  0.08867394796106964  lr:  1.9073486328125e-08
#epoch  228    val-loss:  0.098074429913571  train-loss:  0.0886340297292918  lr:  1.9073486328125e-08
#epoch  229    val-loss:  0.09853111991756841  train-loss:  0.08858037571189925  lr:  1.9073486328125e-08
#epoch  230    val-loss:  0.09865526462856092  train-loss:  0.08869475487153977  lr:  1.9073486328125e-08
#epoch  231    val-loss:  0.09889086257470281  train-loss:  0.08864581849775277  lr:  1.9073486328125e-08
#epoch  232    val-loss:  0.09814924433043129  train-loss:  0.08856033679330721  lr:  1.9073486328125e-08
#epoch  233    val-loss:  0.098375288279433  train-loss:  0.08863814358483069  lr:  1.9073486328125e-08
#epoch  234    val-loss:  0.09812343787205846  train-loss:  0.08870242253760807  lr:  1.9073486328125e-08
#epoch  235    val-loss:  0.09854138015132201  train-loss:  0.08865905710263178  lr:  1.9073486328125e-08
#epoch  236    val-loss:  0.09850255909718965  train-loss:  0.08868735624128021  lr:  1.9073486328125e-08
#epoch  237    val-loss:  0.09850160463860161  train-loss:  0.08869078994030133  lr:  1.9073486328125e-08
#epoch  238    val-loss:  0.09819988631888439  train-loss:  0.08862826047698036  lr:  1.9073486328125e-08
#epoch  239    val-loss:  0.09873828331106588  train-loss:  0.08864248223835602  lr:  1.9073486328125e-08
#epoch  240    val-loss:  0.09882464220649317  train-loss:  0.0886389440856874  lr:  1.9073486328125e-08
#epoch  241    val-loss:  0.09817795769164436  train-loss:  0.08867673095664941  lr:  1.9073486328125e-08
#epoch  242    val-loss:  0.09861280573041815  train-loss:  0.0886889155372046  lr:  1.9073486328125e-08
#epoch  243    val-loss:  0.09858803215779756  train-loss:  0.08862486932775937  lr:  1.9073486328125e-08
#epoch  244    val-loss:  0.09795698954870827  train-loss:  0.0886611099995207  lr:  1.9073486328125e-08
#epoch  245    val-loss:  0.09825921293936278  train-loss:  0.08869144014897756  lr:  1.9073486328125e-08
#epoch  246    val-loss:  0.0986223514927061  train-loss:  0.08870679477695376  lr:  1.9073486328125e-08
#epoch  247    val-loss:  0.09823089641960044  train-loss:  0.08863808150636032  lr:  1.9073486328125e-08
#epoch  248    val-loss:  0.09844136669447548  train-loss:  0.08864671914489008  lr:  1.9073486328125e-08
#epoch  249    val-loss:  0.09861299944551367  train-loss:  0.08864457620074973  lr:  1.9073486328125e-08
#epoch  250    val-loss:  0.09819992004256499  train-loss:  0.08858249298646115  lr:  1.9073486328125e-08
#epoch  251    val-loss:  0.09827286240301635  train-loss:  0.08866641609347425  lr:  1.9073486328125e-08
#epoch  252    val-loss:  0.09797258792739165  train-loss:  0.08862276005675085  lr:  1.9073486328125e-08
#epoch  253    val-loss:  0.09895971221359152  train-loss:  0.088636405300349  lr:  1.9073486328125e-08
#epoch  254    val-loss:  0.09829365579705489  train-loss:  0.08867112128064036  lr:  1.9073486328125e-08
#epoch  255    val-loss:  0.09839259088039398  train-loss:  0.08862787752877921  lr:  1.9073486328125e-08
#epoch  256    val-loss:  0.09839735964411184  train-loss:  0.08862240973394364  lr:  1.9073486328125e-08
#epoch  257    val-loss:  0.09866871331867419  train-loss:  0.08867630182066932  lr:  1.9073486328125e-08
#epoch  258    val-loss:  0.09818660193368008  train-loss:  0.08865746814990416  lr:  1.9073486328125e-08
#epoch  259    val-loss:  0.09838126717429412  train-loss:  0.08862987632164732  lr:  1.9073486328125e-08
#epoch  260    val-loss:  0.09851761397562529  train-loss:  0.08861687063472345  lr:  1.9073486328125e-08
#epoch  261    val-loss:  0.09824589404620622  train-loss:  0.08862966383458115  lr:  1.9073486328125e-08
#epoch  262    val-loss:  0.09873152249737789  train-loss:  0.08861341219744645  lr:  1.9073486328125e-08
#epoch  263    val-loss:  0.09825105494574497  train-loss:  0.08866259685601108  lr:  1.9073486328125e-08
#epoch  264    val-loss:  0.09830871420471292  train-loss:  0.08866261976072565  lr:  1.9073486328125e-08
#epoch  265    val-loss:  0.09842744038293236  train-loss:  0.0886884759820532  lr:  1.9073486328125e-08
#epoch  266    val-loss:  0.09854380394283094  train-loss:  0.08864695797092281  lr:  1.9073486328125e-08
#epoch  267    val-loss:  0.09883376289355128  train-loss:  0.08867233665660024  lr:  1.9073486328125e-08
#epoch  268    val-loss:  0.09869533032178879  train-loss:  0.08863605270744301  lr:  1.9073486328125e-08
#epoch  269    val-loss:  0.09867827006076511  train-loss:  0.08865190771757625  lr:  1.9073486328125e-08
#epoch  270    val-loss:  0.09785500992285578  train-loss:  0.08866742631653324  lr:  1.9073486328125e-08
#epoch  271    val-loss:  0.09877619421795795  train-loss:  0.08867069394909777  lr:  1.9073486328125e-08
#epoch  272    val-loss:  0.09841746562405636  train-loss:  0.08868003718089312  lr:  1.9073486328125e-08
#epoch  273    val-loss:  0.09838388585730602  train-loss:  0.08873301395215094  lr:  1.9073486328125e-08
#epoch  274    val-loss:  0.09840109591421328  train-loss:  0.08869439689442515  lr:  1.9073486328125e-08
#epoch  275    val-loss:  0.09847023063584377  train-loss:  0.08865191153017804  lr:  1.9073486328125e-08
#epoch  276    val-loss:  0.09852450811549236  train-loss:  0.08867283229483292  lr:  1.9073486328125e-08
#epoch  277    val-loss:  0.09872410407191828  train-loss:  0.08866487894556485  lr:  1.9073486328125e-08
#epoch  278    val-loss:  0.09797955931801546  train-loss:  0.08866812047199346  lr:  1.9073486328125e-08
#epoch  279    val-loss:  0.09860750797547792  train-loss:  0.08863374197972007  lr:  1.9073486328125e-08
#epoch  280    val-loss:  0.09824157506227493  train-loss:  0.08863469667267054  lr:  1.9073486328125e-08
#epoch  281    val-loss:  0.09823040507341686  train-loss:  0.08866663751541637  lr:  1.9073486328125e-08
#epoch  282    val-loss:  0.09862359652393743  train-loss:  0.08864817806170322  lr:  1.9073486328125e-08
#epoch  283    val-loss:  0.09856335034495906  train-loss:  0.08870514945010655  lr:  1.9073486328125e-08
#epoch  284    val-loss:  0.09847782277747204  train-loss:  0.0886509325064253  lr:  1.9073486328125e-08
#epoch  285    val-loss:  0.09845229238271713  train-loss:  0.08865340673946775  lr:  1.9073486328125e-08
#epoch  286    val-loss:  0.09843703477006209  train-loss:  0.08862084208521992  lr:  1.9073486328125e-08
#epoch  287    val-loss:  0.0988188142839231  train-loss:  0.08863070333609357  lr:  1.9073486328125e-08
#epoch  288    val-loss:  0.0987447578656046  train-loss:  0.08863404509611428  lr:  1.9073486328125e-08
#epoch  289    val-loss:  0.09827981340257745  train-loss:  0.08865924659767188  lr:  1.9073486328125e-08
#epoch  290    val-loss:  0.09869462526158283  train-loss:  0.0886715802771505  lr:  1.9073486328125e-08
#epoch  291    val-loss:  0.09855256464920546  train-loss:  0.08873066975502297  lr:  1.9073486328125e-08
#epoch  292    val-loss:  0.0989387803956082  train-loss:  0.0886784412432462  lr:  1.9073486328125e-08
#epoch  293    val-loss:  0.09802919234100141  train-loss:  0.08868122918647714  lr:  1.9073486328125e-08
#epoch  294    val-loss:  0.09821299738005589  train-loss:  0.08862985478481278  lr:  1.9073486328125e-08
#epoch  295    val-loss:  0.09795246155638444  train-loss:  0.08864720567362383  lr:  1.9073486328125e-08
#epoch  296    val-loss:  0.0978879116867718  train-loss:  0.08867218476370908  lr:  1.9073486328125e-08
#epoch  297    val-loss:  0.09831297946603675  train-loss:  0.08864430550602265  lr:  1.9073486328125e-08
#epoch  298    val-loss:  0.09818506829048458  train-loss:  0.08865737266023643  lr:  1.9073486328125e-08
#epoch  299    val-loss:  0.09868834089291723  train-loss:  0.08864518385962583  lr:  1.9073486328125e-08
#epoch  300    val-loss:  0.09809262462352451  train-loss:  0.08869648139807396  lr:  1.9073486328125e-08
#epoch  301    val-loss:  0.09847762945451234  train-loss:  0.08869286140543409  lr:  1.9073486328125e-08
#epoch  302    val-loss:  0.0982247743951647  train-loss:  0.0886682562995702  lr:  1.9073486328125e-08
#epoch  303    val-loss:  0.09800337529496143  train-loss:  0.08860975527204573  lr:  1.9073486328125e-08
#epoch  304    val-loss:  0.09842584478227716  train-loss:  0.08862851528101601  lr:  1.9073486328125e-08
#epoch  305    val-loss:  0.0986301451921463  train-loss:  0.08860574490972795  lr:  1.9073486328125e-08
#epoch  306    val-loss:  0.09822570022783782  train-loss:  0.08873077519820072  lr:  1.9073486328125e-08
#epoch  307    val-loss:  0.09851117157622387  train-loss:  0.08864642947446555  lr:  1.9073486328125e-08
#epoch  308    val-loss:  0.09842986691939204  train-loss:  0.0886152712337207  lr:  1.9073486328125e-08
#epoch  309    val-loss:  0.09842336491534584  train-loss:  0.08863956562709063  lr:  1.9073486328125e-08
#epoch  310    val-loss:  0.09894018698679774  train-loss:  0.08863513433607295  lr:  1.9073486328125e-08
#epoch  311    val-loss:  0.09865596615954449  train-loss:  0.08863654828746803  lr:  1.9073486328125e-08
#epoch  312    val-loss:  0.09869974106550217  train-loss:  0.08870577620109543  lr:  1.9073486328125e-08
#epoch  313    val-loss:  0.09846443329986773  train-loss:  0.08863687748089433  lr:  1.9073486328125e-08
#epoch  314    val-loss:  0.09811402974944365  train-loss:  0.08865006247651763  lr:  1.9073486328125e-08
#epoch  315    val-loss:  0.09817659580393841  train-loss:  0.08870088489493355  lr:  1.9073486328125e-08
#epoch  316    val-loss:  0.09899689453212838  train-loss:  0.08864123630337417  lr:  1.9073486328125e-08
#epoch  317    val-loss:  0.09811502499015708  train-loss:  0.08872888336190954  lr:  1.9073486328125e-08
#epoch  318    val-loss:  0.09821330873589766  train-loss:  0.08864015064318664  lr:  1.9073486328125e-08
#epoch  319    val-loss:  0.09863702952861786  train-loss:  0.08861737893312238  lr:  1.9073486328125e-08
#epoch  320    val-loss:  0.0981683797742191  train-loss:  0.08864884224021807  lr:  1.9073486328125e-08
#epoch  321    val-loss:  0.09869190579966496  train-loss:  0.08864122215891257  lr:  1.9073486328125e-08
#epoch  322    val-loss:  0.09853201947714153  train-loss:  0.08868537392118014  lr:  1.9073486328125e-08
#epoch  323    val-loss:  0.09826417894739854  train-loss:  0.0886240782274399  lr:  1.9073486328125e-08
#epoch  324    val-loss:  0.09814425871560448  train-loss:  0.0886539138155058  lr:  1.9073486328125e-08
#epoch  325    val-loss:  0.09835290987240641  train-loss:  0.08864443827769719  lr:  1.9073486328125e-08
#epoch  326    val-loss:  0.09853594240389373  train-loss:  0.08859471770119853  lr:  1.9073486328125e-08
#epoch  327    val-loss:  0.09849825619082701  train-loss:  0.08868725536740385  lr:  1.9073486328125e-08
#epoch  328    val-loss:  0.09830965180146067  train-loss:  0.08868870363221504  lr:  1.9073486328125e-08
#epoch  329    val-loss:  0.09801446685665532  train-loss:  0.08865690368111245  lr:  1.9073486328125e-08
#epoch  330    val-loss:  0.0984812437703735  train-loss:  0.08865147441974841  lr:  1.9073486328125e-08
#epoch  331    val-loss:  0.09871349248446916  train-loss:  0.08864557134802453  lr:  1.9073486328125e-08
#epoch  332    val-loss:  0.09808599360679325  train-loss:  0.08872687863186002  lr:  1.9073486328125e-08
#epoch  333    val-loss:  0.09865695159686239  train-loss:  0.08864784025354311  lr:  1.9073486328125e-08
#epoch  334    val-loss:  0.09851291971771341  train-loss:  0.08861597825307399  lr:  1.9073486328125e-08
#epoch  335    val-loss:  0.09825283406596434  train-loss:  0.08863227517576888  lr:  1.9073486328125e-08
#epoch  336    val-loss:  0.09857657865474098  train-loss:  0.08863945439225063  lr:  1.9073486328125e-08
#epoch  337    val-loss:  0.09848084614465111  train-loss:  0.08865493745543063  lr:  1.9073486328125e-08
#epoch  338    val-loss:  0.09848671288866746  train-loss:  0.08866975456476212  lr:  1.9073486328125e-08
#epoch  339    val-loss:  0.09844535942140378  train-loss:  0.0886868630477693  lr:  1.9073486328125e-08
#epoch  340    val-loss:  0.09809160585466184  train-loss:  0.08860056108096614  lr:  1.9073486328125e-08
#epoch  341    val-loss:  0.09857075504566494  train-loss:  0.08866391846095212  lr:  1.9073486328125e-08
#epoch  342    val-loss:  0.09848509493627046  train-loss:  0.08867539474158548  lr:  1.9073486328125e-08
#epoch  343    val-loss:  0.09804698511173851  train-loss:  0.08866591597325169  lr:  1.9073486328125e-08
#epoch  344    val-loss:  0.0987724391253371  train-loss:  0.08868234569672495  lr:  1.9073486328125e-08
#epoch  345    val-loss:  0.09787997289707787  train-loss:  0.08861271006753668  lr:  1.9073486328125e-08
#epoch  346    val-loss:  0.09800838835929569  train-loss:  0.08879124047234654  lr:  1.9073486328125e-08
#epoch  347    val-loss:  0.0982675026906164  train-loss:  0.08865714640705846  lr:  1.9073486328125e-08
#epoch  348    val-loss:  0.09817160783629668  train-loss:  0.08866247496916912  lr:  1.9073486328125e-08
#epoch  349    val-loss:  0.0985789385281111  train-loss:  0.0886893234855961  lr:  1.9073486328125e-08
#epoch  350    val-loss:  0.09810870297645267  train-loss:  0.08866475592367351  lr:  1.9073486328125e-08
#epoch  351    val-loss:  0.09804613300059971  train-loss:  0.0886934082955122  lr:  1.9073486328125e-08
#epoch  352    val-loss:  0.09843667047588449  train-loss:  0.08863579446915537  lr:  1.9073486328125e-08
#epoch  353    val-loss:  0.09865970007683102  train-loss:  0.08863957860739902  lr:  1.9073486328125e-08
#epoch  354    val-loss:  0.09873324515003908  train-loss:  0.08864672225899994  lr:  1.9073486328125e-08
#epoch  355    val-loss:  0.09800003468990326  train-loss:  0.08860457199625671  lr:  1.9073486328125e-08
#epoch  356    val-loss:  0.09844364578786649  train-loss:  0.08860085642663762  lr:  1.9073486328125e-08
#epoch  357    val-loss:  0.09865268437485945  train-loss:  0.08864469183026813  lr:  1.9073486328125e-08
#epoch  358    val-loss:  0.09864368407349837  train-loss:  0.08861100839567371  lr:  1.9073486328125e-08
#epoch  359    val-loss:  0.09828692164860274  train-loss:  0.08863060548901558  lr:  1.9073486328125e-08
#epoch  360    val-loss:  0.09862492233514786  train-loss:  0.08864636995713226  lr:  1.9073486328125e-08
#epoch  361    val-loss:  0.09827944008927596  train-loss:  0.0886662944976706  lr:  1.9073486328125e-08
#epoch  362    val-loss:  0.09799225549948842  train-loss:  0.08865742670604959  lr:  1.9073486328125e-08
#epoch  363    val-loss:  0.09857175577627986  train-loss:  0.08865760764456354  lr:  1.9073486328125e-08
#epoch  364    val-loss:  0.09876446935691331  train-loss:  0.08866657654289156  lr:  1.9073486328125e-08
#epoch  365    val-loss:  0.0983056822105458  train-loss:  0.08868233620887622  lr:  1.9073486328125e-08
#epoch  366    val-loss:  0.09870222014816184  train-loss:  0.0886927435058169  lr:  1.9073486328125e-08
#epoch  367    val-loss:  0.09852453987849386  train-loss:  0.08866831337218173  lr:  1.9073486328125e-08
#epoch  368    val-loss:  0.09794353497655768  train-loss:  0.0885961452149786  lr:  1.9073486328125e-08
#epoch  369    val-loss:  0.09854435254084437  train-loss:  0.08862091234186664  lr:  1.9073486328125e-08
#epoch  370    val-loss:  0.09859002656058262  train-loss:  0.08862693179980852  lr:  1.9073486328125e-08
#epoch  371    val-loss:  0.09846909697118558  train-loss:  0.08870906446827576  lr:  1.9073486328125e-08
#epoch  372    val-loss:  0.09868921653220528  train-loss:  0.08863410097546875  lr:  1.9073486328125e-08
#epoch  373    val-loss:  0.09847672166008699  train-loss:  0.08864762063603848  lr:  1.9073486328125e-08
#epoch  374    val-loss:  0.0981700800751385  train-loss:  0.08862001064699143  lr:  1.9073486328125e-08
#epoch  375    val-loss:  0.09826206102182991  train-loss:  0.08866647008107975  lr:  1.9073486328125e-08
#epoch  376    val-loss:  0.09801579070718665  train-loss:  0.08873228830634616  lr:  1.9073486328125e-08
#epoch  377    val-loss:  0.09839376611144919  train-loss:  0.0885912645899225  lr:  1.9073486328125e-08
#epoch  378    val-loss:  0.09867388166879353  train-loss:  0.08862022898392752  lr:  1.9073486328125e-08
#epoch  379    val-loss:  0.0986699807016473  train-loss:  0.0886178850196302  lr:  1.9073486328125e-08
#epoch  380    val-loss:  0.09842882187742936  train-loss:  0.08864973610616289  lr:  1.9073486328125e-08
#epoch  381    val-loss:  0.09833752756056033  train-loss:  0.08866588037926704  lr:  1.9073486328125e-08
#epoch  382    val-loss:  0.09823242496503026  train-loss:  0.08866766563733108  lr:  1.9073486328125e-08
#epoch  383    val-loss:  0.09821283856504842  train-loss:  0.08864238500245847  lr:  1.9073486328125e-08
#epoch  384    val-loss:  0.09818421617934578  train-loss:  0.08867444033967331  lr:  1.9073486328125e-08
#epoch  385    val-loss:  0.09797717944571846  train-loss:  0.08864973756135441  lr:  1.9073486328125e-08
#epoch  386    val-loss:  0.0986480956014834  train-loss:  0.08867079060291871  lr:  1.9073486328125e-08
#epoch  387    val-loss:  0.09782287949009945  train-loss:  0.08856509617180564  lr:  1.9073486328125e-08
#epoch  388    val-loss:  0.09815234612477453  train-loss:  0.08870375732658431  lr:  1.9073486328125e-08
#epoch  389    val-loss:  0.09798201526466169  train-loss:  0.08867630051099695  lr:  1.9073486328125e-08
#epoch  390    val-loss:  0.09858682045811101  train-loss:  0.08864105146494694  lr:  1.9073486328125e-08
#epoch  391    val-loss:  0.09799941668384954  train-loss:  0.0886253077769652  lr:  1.9073486328125e-08
#epoch  392    val-loss:  0.09858119566189616  train-loss:  0.08866600776673295  lr:  1.9073486328125e-08
#epoch  393    val-loss:  0.09795973842081271  train-loss:  0.08867567960987799  lr:  1.9073486328125e-08
#epoch  394    val-loss:  0.09871779970432583  train-loss:  0.08865832272567786  lr:  1.9073486328125e-08
#epoch  395    val-loss:  0.09852476104309685  train-loss:  0.08860436044051312  lr:  1.9073486328125e-08
#epoch  396    val-loss:  0.09812548089968531  train-loss:  0.08868429131689481  lr:  1.9073486328125e-08
#epoch  397    val-loss:  0.09799933629600625  train-loss:  0.0886632195324637  lr:  1.9073486328125e-08
#epoch  398    val-loss:  0.09865952753706982  train-loss:  0.08862026306451298  lr:  1.9073486328125e-08
#epoch  399    val-loss:  0.09812227911070774  train-loss:  0.0886652875924483  lr:  1.9073486328125e-08
#epoch  400    val-loss:  0.09829330365908773  train-loss:  0.08867887064116076  lr:  1.9073486328125e-08
#epoch  401    val-loss:  0.09810889316232581  train-loss:  0.08869841127307154  lr:  1.9073486328125e-08
#epoch  402    val-loss:  0.09813095864496733  train-loss:  0.08864062061184086  lr:  1.9073486328125e-08
#epoch  403    val-loss:  0.09864962414691322  train-loss:  0.08867339382413775  lr:  1.9073486328125e-08
#epoch  404    val-loss:  0.09893685383232016  train-loss:  0.0887104535358958  lr:  1.9073486328125e-08
#epoch  405    val-loss:  0.09825586057022999  train-loss:  0.08859828955610283  lr:  1.9073486328125e-08
#epoch  406    val-loss:  0.0989503487944603  train-loss:  0.08868901312234811  lr:  1.9073486328125e-08
#epoch  407    val-loss:  0.09863093495368958  train-loss:  0.0886515929014422  lr:  1.9073486328125e-08
#epoch  408    val-loss:  0.09792521988090716  train-loss:  0.08869541907915846  lr:  1.9073486328125e-08
#epoch  409    val-loss:  0.0979703119710872  train-loss:  0.08867426955839619  lr:  1.9073486328125e-08
#epoch  410    val-loss:  0.09813948681480006  train-loss:  0.08863446282339282  lr:  1.9073486328125e-08
#epoch  411    val-loss:  0.09795822242372915  train-loss:  0.08862529607722536  lr:  1.9073486328125e-08
#epoch  412    val-loss:  0.09864499615995508  train-loss:  0.08866381971165538  lr:  1.9073486328125e-08
#epoch  413    val-loss:  0.09837922218598817  train-loss:  0.08862452948233113  lr:  1.9073486328125e-08
#epoch  414    val-loss:  0.09877887485842955  train-loss:  0.08862354303710163  lr:  1.9073486328125e-08
#epoch  415    val-loss:  0.09819816954826054  train-loss:  0.08860644954256713  lr:  1.9073486328125e-08
#epoch  416    val-loss:  0.09849189535567635  train-loss:  0.08864155624178238  lr:  1.9073486328125e-08
#epoch  417    val-loss:  0.09824552504639876  train-loss:  0.08869656029855832  lr:  1.9073486328125e-08
#epoch  418    val-loss:  0.09873369022419579  train-loss:  0.08864670057664625  lr:  1.9073486328125e-08
#epoch  419    val-loss:  0.09853620709557283  train-loss:  0.08865111443446949  lr:  1.9073486328125e-08
#epoch  420    val-loss:  0.09864707095058341  train-loss:  0.08867100279894657  lr:  1.9073486328125e-08
#epoch  421    val-loss:  0.09859297032419004  train-loss:  0.08861955144675449  lr:  1.9073486328125e-08
#epoch  422    val-loss:  0.09824715437073457  train-loss:  0.08864707502652891  lr:  1.9073486328125e-08
#epoch  423    val-loss:  0.09859344206358257  train-loss:  0.08864923103828914  lr:  1.9073486328125e-08
#epoch  424    val-loss:  0.09877556915345945  train-loss:  0.08863208850380033  lr:  1.9073486328125e-08
#epoch  425    val-loss:  0.09853595456010417  train-loss:  0.08862167640472762  lr:  1.9073486328125e-08
#epoch  426    val-loss:  0.09801180229375236  train-loss:  0.08863206041860394  lr:  1.9073486328125e-08
#epoch  427    val-loss:  0.09868042798418748  train-loss:  0.08863639540504664  lr:  1.9073486328125e-08
#epoch  428    val-loss:  0.09864520477621179  train-loss:  0.08870356361148879  lr:  1.9073486328125e-08
#epoch  429    val-loss:  0.09840379498506847  train-loss:  0.08865179255371913  lr:  1.9073486328125e-08
#epoch  430    val-loss:  0.09848604900272269  train-loss:  0.08864019071916118  lr:  1.9073486328125e-08
#epoch  431    val-loss:  0.09833008874403804  train-loss:  0.08859666602802463  lr:  1.9073486328125e-08
#epoch  432    val-loss:  0.09902927161831605  train-loss:  0.08861416488070972  lr:  1.9073486328125e-08
#epoch  433    val-loss:  0.09848352913793765  train-loss:  0.08868051471654326  lr:  1.9073486328125e-08
#epoch  434    val-loss:  0.09837792617710013  train-loss:  0.08869759200024419  lr:  1.9073486328125e-08
#epoch  435    val-loss:  0.09830334076755926  train-loss:  0.0887280618189834  lr:  1.9073486328125e-08
#epoch  436    val-loss:  0.09847270422860195  train-loss:  0.08862471021711826  lr:  1.9073486328125e-08
#epoch  437    val-loss:  0.09795352973436054  train-loss:  0.08864324213936925  lr:  1.9073486328125e-08
#epoch  438    val-loss:  0.09822536338316767  train-loss:  0.08865228472859599  lr:  1.9073486328125e-08
#epoch  439    val-loss:  0.09894184807413503  train-loss:  0.08863578276941553  lr:  1.9073486328125e-08
#epoch  440    val-loss:  0.0985031606335389  train-loss:  0.08862824109382927  lr:  1.9073486328125e-08
#epoch  441    val-loss:  0.09828341360154905  train-loss:  0.08863759913947433  lr:  1.9073486328125e-08
#epoch  442    val-loss:  0.09871609195282585  train-loss:  0.08858713798690587  lr:  1.9073486328125e-08
#epoch  443    val-loss:  0.09823618162619441  train-loss:  0.08866875056992285  lr:  1.9073486328125e-08
#epoch  444    val-loss:  0.0983050045998473  train-loss:  0.08865099740796722  lr:  1.9073486328125e-08
#epoch  445    val-loss:  0.09831793057291131  train-loss:  0.08862274253624491  lr:  1.9073486328125e-08
#epoch  446    val-loss:  0.09834519067877218  train-loss:  0.0886868555098772  lr:  1.9073486328125e-08
#epoch  447    val-loss:  0.09847977482958843  train-loss:  0.08858525397954509  lr:  1.9073486328125e-08
#epoch  448    val-loss:  0.09854902640769356  train-loss:  0.08862304140347987  lr:  1.9073486328125e-08
#epoch  449    val-loss:  0.0981719929136728  train-loss:  0.08866710678557865  lr:  1.9073486328125e-08
#epoch  450    val-loss:  0.0985612732015158  train-loss:  0.08866814462817274  lr:  1.9073486328125e-08
#epoch  451    val-loss:  0.09817425553735934  train-loss:  0.08862029379815795  lr:  1.9073486328125e-08
#epoch  452    val-loss:  0.0983202033921292  train-loss:  0.08868647913914174  lr:  1.9073486328125e-08
#epoch  453    val-loss:  0.09864132459226407  train-loss:  0.08866694089374505  lr:  1.9073486328125e-08
#epoch  454    val-loss:  0.09868826952419783  train-loss:  0.08869002279243432  lr:  1.9073486328125e-08
#epoch  455    val-loss:  0.09813419298121803  train-loss:  0.0886093303852249  lr:  1.9073486328125e-08
#epoch  456    val-loss:  0.09872931516484211  train-loss:  0.08863214470329694  lr:  1.9073486328125e-08
#epoch  457    val-loss:  0.09844434849525753  train-loss:  0.08866326345014386  lr:  1.9073486328125e-08
#epoch  458    val-loss:  0.09807613452798442  train-loss:  0.08867596264462918  lr:  1.9073486328125e-08
#epoch  459    val-loss:  0.09793786939821746  train-loss:  0.08861869931570254  lr:  1.9073486328125e-08
#epoch  460    val-loss:  0.09859078338271693  train-loss:  0.08864678657846525  lr:  1.9073486328125e-08
#epoch  461    val-loss:  0.0984150598707952  train-loss:  0.088655694242334  lr:  1.9073486328125e-08
#epoch  462    val-loss:  0.09825799574977473  train-loss:  0.08867312665097415  lr:  1.9073486328125e-08
#epoch  463    val-loss:  0.0984589496725484  train-loss:  0.08868669308139943  lr:  1.9073486328125e-08
#epoch  464    val-loss:  0.09812869602128078  train-loss:  0.08865102511481382  lr:  1.9073486328125e-08
#epoch  465    val-loss:  0.09850910070695375  train-loss:  0.08860561359324493  lr:  1.9073486328125e-08
#epoch  466    val-loss:  0.09805382199977573  train-loss:  0.08868558626272716  lr:  1.9073486328125e-08
#epoch  467    val-loss:  0.09850215519729413  train-loss:  0.08870135448523797  lr:  1.9073486328125e-08
#epoch  468    val-loss:  0.09828011887638193  train-loss:  0.08864022346097045  lr:  1.9073486328125e-08
#epoch  469    val-loss:  0.09865520737673107  train-loss:  0.08865421521477401  lr:  1.9073486328125e-08
#epoch  470    val-loss:  0.09823609104281977  train-loss:  0.088665187737206  lr:  1.9073486328125e-08
#epoch  471    val-loss:  0.09857632337432158  train-loss:  0.08861643433920108  lr:  1.9073486328125e-08
#epoch  472    val-loss:  0.09836179057234212  train-loss:  0.0886467442905996  lr:  1.9073486328125e-08
#epoch  473    val-loss:  0.09801458685021651  train-loss:  0.0886442958144471  lr:  1.9073486328125e-08
#epoch  474    val-loss:  0.09864158693112825  train-loss:  0.08871286749490537  lr:  1.9073486328125e-08
#epoch  475    val-loss:  0.09795156513389788  train-loss:  0.08864890231052414  lr:  1.9073486328125e-08
#epoch  476    val-loss:  0.09887216514662693  train-loss:  0.08863797230878845  lr:  1.9073486328125e-08
#epoch  477    val-loss:  0.0984050137431998  train-loss:  0.08860313115292229  lr:  1.9073486328125e-08
#epoch  478    val-loss:  0.09825103769176885  train-loss:  0.08862132733338512  lr:  1.9073486328125e-08
#epoch  479    val-loss:  0.09805088803956383  train-loss:  0.08864254297805019  lr:  1.9073486328125e-08
#epoch  480    val-loss:  0.0985164485479656  train-loss:  0.08860987314255908  lr:  1.9073486328125e-08
#epoch  481    val-loss:  0.09872459032033619  train-loss:  0.08868404116947204  lr:  1.9073486328125e-08
#epoch  482    val-loss:  0.09844503355653662  train-loss:  0.08864653468481265  lr:  1.9073486328125e-08
#epoch  483    val-loss:  0.09813430630847027  train-loss:  0.0887033429753501  lr:  1.9073486328125e-08
#epoch  484    val-loss:  0.0985098449807418  train-loss:  0.08860554301645607  lr:  1.9073486328125e-08
#epoch  485    val-loss:  0.09848023754985709  train-loss:  0.08862341026542708  lr:  1.9073486328125e-08
#epoch  486    val-loss:  0.09848294093420631  train-loss:  0.08864143452956341  lr:  1.9073486328125e-08
#epoch  487    val-loss:  0.0980140159004613  train-loss:  0.08865079173119739  lr:  1.9073486328125e-08
#epoch  488    val-loss:  0.09870787984446476  train-loss:  0.08866777617367916  lr:  1.9073486328125e-08
#epoch  489    val-loss:  0.09784072676771566  train-loss:  0.08863275378826074  lr:  1.9073486328125e-08
#epoch  490    val-loss:  0.09823758625670483  train-loss:  0.08865745418006554  lr:  1.9073486328125e-08
#epoch  491    val-loss:  0.0984335302522308  train-loss:  0.08865677323774435  lr:  1.9073486328125e-08
#epoch  492    val-loss:  0.09788556318534047  train-loss:  0.08865293939015828  lr:  1.9073486328125e-08
#epoch  493    val-loss:  0.09824139389552568  train-loss:  0.08862633898388594  lr:  1.9073486328125e-08
#epoch  494    val-loss:  0.0986420382794581  train-loss:  0.08867274338263087  lr:  1.9073486328125e-08
#epoch  495    val-loss:  0.09833650173325288  train-loss:  0.08861115705803968  lr:  1.9073486328125e-08
#epoch  496    val-loss:  0.09858818783571846  train-loss:  0.08868870080914348  lr:  1.9073486328125e-08
#epoch  497    val-loss:  0.09797805390859905  train-loss:  0.08864149279543199  lr:  1.9073486328125e-08
#epoch  498    val-loss:  0.0981614793601789  train-loss:  0.08865913687623106  lr:  1.9073486328125e-08
#epoch  499    val-loss:  0.0983200328130471  train-loss:  0.08860660120262764  lr:  1.9073486328125e-08
