model 5fafc4fff28c935b8b5ad99db07545d844ddcb7a4f7643dba45f1ab6 state_dict has not been found
Model was not found
torch.cuda.is_available():	 True
runargs:	 Namespace(co2=False, depth=330.0, disp=-1, domain='global', epoch=0, latitude=False, linsupres=True, lossfun='MSE', lr=0.01, lsrp_span=12, maxepoch=500, minibatch=4, mode='train', normalization='standard', num_workers=40, parts=[1, 1], persistent_workers=False, prefetch_factor=1, relog=True, rerun=True, sanity=False, sigma=8, temperature=True)
data_address /scratch/zanna/data/cm2.6/coarse_8_beneath_surface.zarr
using device: cuda:0
epochs started
#epoch  0    val-loss:  1.572562757291292  train-loss:  1.9514546650461853  lr:  0.01
#epoch  1    val-loss:  1.0566310098296718  train-loss:  1.123684390913695  lr:  0.01
#epoch  2    val-loss:  0.9445269170560335  train-loss:  0.8480981278698891  lr:  0.01
#epoch  3    val-loss:  0.8291030149710806  train-loss:  0.7480122176930308  lr:  0.01
#epoch  4    val-loss:  0.7712857785977816  train-loss:  0.6885922313667834  lr:  0.01
#epoch  5    val-loss:  0.7298938318302757  train-loss:  0.651299309451133  lr:  0.01
#epoch  6    val-loss:  0.7034024753068623  train-loss:  0.6228387439623475  lr:  0.01
#epoch  7    val-loss:  0.6796012646273563  train-loss:  0.5968500711023808  lr:  0.01
#epoch  8    val-loss:  0.6632311814709714  train-loss:  0.5792119475081563  lr:  0.01
#epoch  9    val-loss:  0.6508024209424069  train-loss:  0.5638948032865301  lr:  0.01
#epoch  10    val-loss:  0.6463954511441683  train-loss:  0.5477687482489273  lr:  0.01
#epoch  11    val-loss:  0.647086827378524  train-loss:  0.5371123804943636  lr:  0.01
#epoch  12    val-loss:  0.6236694392405058  train-loss:  0.5267525806557387  lr:  0.01
#epoch  13    val-loss:  0.6148020185922322  train-loss:  0.5152703640051186  lr:  0.01
#epoch  14    val-loss:  0.6127150560680189  train-loss:  0.5072407223051414  lr:  0.01
#epoch  15    val-loss:  0.6179200003021642  train-loss:  0.49961958453059196  lr:  0.01
#epoch  16    val-loss:  0.6018249988555908  train-loss:  0.4916696323780343  lr:  0.01
#epoch  17    val-loss:  0.5976210267920243  train-loss:  0.4856353315990418  lr:  0.01
#epoch  18    val-loss:  0.5927047949088248  train-loss:  0.4783444319618866  lr:  0.01
#epoch  19    val-loss:  0.5732166327928242  train-loss:  0.47231764846947044  lr:  0.01
#epoch  20    val-loss:  0.58109135063071  train-loss:  0.46687270898837596  lr:  0.01
#epoch  21    val-loss:  0.5644749057920355  train-loss:  0.4607284632511437  lr:  0.01
#epoch  22    val-loss:  0.5790933276477613  train-loss:  0.4577504708431661  lr:  0.01
#epoch  23    val-loss:  0.5748029006154913  train-loss:  0.45193292456679046  lr:  0.01
#epoch  24    val-loss:  0.556999219091315  train-loss:  0.4495569273130968  lr:  0.01
#epoch  25    val-loss:  0.5595592040764658  train-loss:  0.4445238208863884  lr:  0.01
#epoch  26    val-loss:  0.557544890202974  train-loss:  0.44043741351924837  lr:  0.01
#epoch  27    val-loss:  0.560394431415357  train-loss:  0.4363139846827835  lr:  0.01
#epoch  28    val-loss:  0.5270579300428692  train-loss:  0.41125915956217796  lr:  0.005
#epoch  29    val-loss:  0.5217244154528567  train-loss:  0.40743230818770826  lr:  0.005
#epoch  30    val-loss:  0.5307291306947407  train-loss:  0.40600324084516615  lr:  0.005
#epoch  31    val-loss:  0.5298076758259221  train-loss:  0.40469746571034193  lr:  0.005
#epoch  32    val-loss:  0.5446350041188692  train-loss:  0.4031118651619181  lr:  0.005
#epoch  33    val-loss:  0.5117570381415518  train-loss:  0.3888492106925696  lr:  0.0025
#epoch  34    val-loss:  0.5090558701439908  train-loss:  0.38654028344899416  lr:  0.0025
#epoch  35    val-loss:  0.5150985796200601  train-loss:  0.3861219073878601  lr:  0.0025
#epoch  36    val-loss:  0.5143265222248278  train-loss:  0.3848145556403324  lr:  0.0025
#epoch  37    val-loss:  0.5137236008518621  train-loss:  0.38376734824851155  lr:  0.0025
#epoch  38    val-loss:  0.5060589046854722  train-loss:  0.3758781967917457  lr:  0.00125
#epoch  39    val-loss:  0.5066192416768325  train-loss:  0.374951523845084  lr:  0.00125
#epoch  40    val-loss:  0.5107992103225306  train-loss:  0.3742746781790629  lr:  0.00125
#epoch  41    val-loss:  0.5098265707492828  train-loss:  0.3738386017503217  lr:  0.00125
#epoch  42    val-loss:  0.5055340010868875  train-loss:  0.36929220613092184  lr:  0.000625
#epoch  43    val-loss:  0.505720505588933  train-loss:  0.3687370464904234  lr:  0.000625
#epoch  44    val-loss:  0.504620086205633  train-loss:  0.36842862819321454  lr:  0.000625
#epoch  45    val-loss:  0.5041720898527848  train-loss:  0.36808949219994247  lr:  0.000625
#epoch  46    val-loss:  0.5037248432636261  train-loss:  0.3677981892833486  lr:  0.000625
#epoch  47    val-loss:  0.5039753474687275  train-loss:  0.36733324476517737  lr:  0.000625
#epoch  48    val-loss:  0.5040080406163868  train-loss:  0.36696532112546265  lr:  0.000625
#epoch  49    val-loss:  0.5054353177547455  train-loss:  0.3667170119006187  lr:  0.000625
#epoch  50    val-loss:  0.5030950464700398  train-loss:  0.3642709164414555  lr:  0.0003125
#epoch  51    val-loss:  0.5027064853592923  train-loss:  0.3640131620923057  lr:  0.0003125
#epoch  52    val-loss:  0.5029755375887218  train-loss:  0.3638773232232779  lr:  0.0003125
#epoch  53    val-loss:  0.5040842310378426  train-loss:  0.36372532800305635  lr:  0.0003125
#epoch  54    val-loss:  0.5027555446875723  train-loss:  0.3634115991881117  lr:  0.0003125
#epoch  55    val-loss:  0.5025324617561541  train-loss:  0.362226752913557  lr:  0.00015625
#epoch  56    val-loss:  0.5028550420936785  train-loss:  0.36211095133330673  lr:  0.00015625
#epoch  57    val-loss:  0.5033993564153972  train-loss:  0.361924726748839  lr:  0.00015625
#epoch  58    val-loss:  0.5059669300129539  train-loss:  0.3618494401453063  lr:  0.00015625
#epoch  59    val-loss:  0.503458343054119  train-loss:  0.36119764239992946  lr:  7.8125e-05
#epoch  60    val-loss:  0.5026267390502127  train-loss:  0.3611339732306078  lr:  7.8125e-05
#epoch  61    val-loss:  0.5045036171611986  train-loss:  0.36108279624022543  lr:  7.8125e-05
#epoch  62    val-loss:  0.5018992627921858  train-loss:  0.36075142107438296  lr:  3.90625e-05
#epoch  63    val-loss:  0.503010315330405  train-loss:  0.36074879323132336  lr:  3.90625e-05
#epoch  64    val-loss:  0.504208975716641  train-loss:  0.36063022445887327  lr:  3.90625e-05
#epoch  65    val-loss:  0.504106382006093  train-loss:  0.3606509284581989  lr:  3.90625e-05
#epoch  66    val-loss:  0.5041823936136145  train-loss:  0.36037472111638635  lr:  1.953125e-05
#epoch  67    val-loss:  0.5036051461571142  train-loss:  0.3603254265617579  lr:  1.953125e-05
#epoch  68    val-loss:  0.5042268053481453  train-loss:  0.3603924745693803  lr:  1.953125e-05
#epoch  69    val-loss:  0.5032874424206583  train-loss:  0.36030949791893363  lr:  9.765625e-06
#epoch  70    val-loss:  0.5039944021325362  train-loss:  0.36025098303798586  lr:  9.765625e-06
#epoch  71    val-loss:  0.5022765162744021  train-loss:  0.3603729362366721  lr:  9.765625e-06
#epoch  72    val-loss:  0.5018891739217859  train-loss:  0.3602733180159703  lr:  4.8828125e-06
#epoch  73    val-loss:  0.5020048477147755  train-loss:  0.36027667101006955  lr:  4.8828125e-06
#epoch  74    val-loss:  0.5037676503783778  train-loss:  0.3601572521729395  lr:  4.8828125e-06
#epoch  75    val-loss:  0.5043560062584124  train-loss:  0.3602145655313507  lr:  2.44140625e-06
#epoch  76    val-loss:  0.503974785930232  train-loss:  0.36017450073268265  lr:  2.44140625e-06
#epoch  77    val-loss:  0.5039680662908053  train-loss:  0.36024475505109876  lr:  2.44140625e-06
#epoch  78    val-loss:  0.502704940344158  train-loss:  0.36021722212899476  lr:  1.220703125e-06
#epoch  79    val-loss:  0.5031835013314298  train-loss:  0.36018341209273785  lr:  1.220703125e-06
#epoch  80    val-loss:  0.5040952782881888  train-loss:  0.3601826875237748  lr:  1.220703125e-06
#epoch  81    val-loss:  0.5039138135157133  train-loss:  0.3602118092821911  lr:  6.103515625e-07
#epoch  82    val-loss:  0.5018514724154222  train-loss:  0.36014038138091564  lr:  6.103515625e-07
#epoch  83    val-loss:  0.5035624504089355  train-loss:  0.36027617717627436  lr:  6.103515625e-07
#epoch  84    val-loss:  0.5037283348409753  train-loss:  0.3602037610253319  lr:  3.0517578125e-07
#epoch  85    val-loss:  0.5034311429450387  train-loss:  0.3601830187253654  lr:  3.0517578125e-07
#epoch  86    val-loss:  0.5018665963097623  train-loss:  0.3601243698503822  lr:  3.0517578125e-07
#epoch  87    val-loss:  0.50422277105482  train-loss:  0.3601292461389676  lr:  1.52587890625e-07
#epoch  88    val-loss:  0.5016424969622963  train-loss:  0.360113154980354  lr:  1.52587890625e-07
#epoch  89    val-loss:  0.5027520562473097  train-loss:  0.3601112674223259  lr:  1.52587890625e-07
#epoch  90    val-loss:  0.5020710386727986  train-loss:  0.3601241811411455  lr:  1.52587890625e-07
#epoch  91    val-loss:  0.5019775597672713  train-loss:  0.3601556714856997  lr:  1.52587890625e-07
#epoch  92    val-loss:  0.5016641099202005  train-loss:  0.3601561008254066  lr:  7.62939453125e-08
#epoch  93    val-loss:  0.5019046162304125  train-loss:  0.3601912531303242  lr:  7.62939453125e-08
#epoch  94    val-loss:  0.5020265547852767  train-loss:  0.3600933243287727  lr:  7.62939453125e-08
#epoch  95    val-loss:  0.5037185236027366  train-loss:  0.3602048371685669  lr:  3.814697265625e-08
#epoch  96    val-loss:  0.5030905698475084  train-loss:  0.36018149368464947  lr:  3.814697265625e-08
#epoch  97    val-loss:  0.5021096483657235  train-loss:  0.36021858488675207  lr:  3.814697265625e-08
#epoch  98    val-loss:  0.5024798810482025  train-loss:  0.36015537893399596  lr:  1.9073486328125e-08
#epoch  99    val-loss:  0.5029899336789784  train-loss:  0.360189585480839  lr:  1.9073486328125e-08
#epoch  100    val-loss:  0.5038605897050155  train-loss:  0.3602191441459581  lr:  1.9073486328125e-08
#epoch  101    val-loss:  0.5028360611514041  train-loss:  0.3602446170989424  lr:  1.9073486328125e-08
#epoch  102    val-loss:  0.5020632477183091  train-loss:  0.3602170329540968  lr:  1.9073486328125e-08
#epoch  103    val-loss:  0.5027166306972504  train-loss:  0.36020418477710336  lr:  1.9073486328125e-08
#epoch  104    val-loss:  0.501851310855464  train-loss:  0.3601658314000815  lr:  1.9073486328125e-08
#epoch  105    val-loss:  0.5036143425263857  train-loss:  0.36016237002331764  lr:  1.9073486328125e-08
#epoch  106    val-loss:  0.5032965133064672  train-loss:  0.36018469801638275  lr:  1.9073486328125e-08
#epoch  107    val-loss:  0.5021399275252694  train-loss:  0.36019476142246276  lr:  1.9073486328125e-08
#epoch  108    val-loss:  0.5036993387498354  train-loss:  0.36015251697972417  lr:  1.9073486328125e-08
#epoch  109    val-loss:  0.5011709410893289  train-loss:  0.3601323670009151  lr:  1.9073486328125e-08
#epoch  110    val-loss:  0.5044338342390562  train-loss:  0.3601918804924935  lr:  1.9073486328125e-08
#epoch  111    val-loss:  0.5023155510425568  train-loss:  0.3602131875231862  lr:  1.9073486328125e-08
#epoch  112    val-loss:  0.5012815218222769  train-loss:  0.36017608747351915  lr:  1.9073486328125e-08
#epoch  113    val-loss:  0.5024830149976831  train-loss:  0.36015327100176364  lr:  1.9073486328125e-08
#epoch  114    val-loss:  0.5038858071753853  train-loss:  0.36018396355211735  lr:  1.9073486328125e-08
#epoch  115    val-loss:  0.5042720044914045  train-loss:  0.3602378434734419  lr:  1.9073486328125e-08
#epoch  116    val-loss:  0.5036320890250959  train-loss:  0.3601630259072408  lr:  1.9073486328125e-08
#epoch  117    val-loss:  0.5039314345309609  train-loss:  0.3601480715442449  lr:  1.9073486328125e-08
#epoch  118    val-loss:  0.5029501993405191  train-loss:  0.3602223035413772  lr:  1.9073486328125e-08
#epoch  119    val-loss:  0.5010080964941728  train-loss:  0.3601653999648988  lr:  1.9073486328125e-08
#epoch  120    val-loss:  0.506430530234387  train-loss:  0.36006258719135076  lr:  1.9073486328125e-08
#epoch  121    val-loss:  0.5031605770713404  train-loss:  0.36017183819785714  lr:  1.9073486328125e-08
#epoch  122    val-loss:  0.502731044041483  train-loss:  0.36020371317863464  lr:  1.9073486328125e-08
#epoch  123    val-loss:  0.5013433051736731  train-loss:  0.3601312803803012  lr:  1.9073486328125e-08
#epoch  124    val-loss:  0.503652097363221  train-loss:  0.3601267560152337  lr:  1.9073486328125e-08
#epoch  125    val-loss:  0.5031862651046953  train-loss:  0.3602393082110211  lr:  1.9073486328125e-08
#epoch  126    val-loss:  0.5026243501587918  train-loss:  0.3601284803589806  lr:  1.9073486328125e-08
#epoch  127    val-loss:  0.504554459923192  train-loss:  0.3601900050416589  lr:  1.9073486328125e-08
#epoch  128    val-loss:  0.5027334454812502  train-loss:  0.360146428225562  lr:  1.9073486328125e-08
#epoch  129    val-loss:  0.507067001179645  train-loss:  0.36015643819700927  lr:  1.9073486328125e-08
#epoch  130    val-loss:  0.5065173632220218  train-loss:  0.36014610528945923  lr:  1.9073486328125e-08
#epoch  131    val-loss:  0.503574821509813  train-loss:  0.36019663931801915  lr:  1.9073486328125e-08
#epoch  132    val-loss:  0.5027979063360315  train-loss:  0.36014627281110734  lr:  1.9073486328125e-08
#epoch  133    val-loss:  0.5030424798789778  train-loss:  0.36020397604443133  lr:  1.9073486328125e-08
#epoch  134    val-loss:  0.503654094118821  train-loss:  0.3601919061038643  lr:  1.9073486328125e-08
#epoch  135    val-loss:  0.5014499661169554  train-loss:  0.360202201991342  lr:  1.9073486328125e-08
#epoch  136    val-loss:  0.5032086639027846  train-loss:  0.3601531684398651  lr:  1.9073486328125e-08
#epoch  137    val-loss:  0.5017764113451305  train-loss:  0.36012423620559275  lr:  1.9073486328125e-08
#epoch  138    val-loss:  0.5025353745410317  train-loss:  0.36015583283733577  lr:  1.9073486328125e-08
#epoch  139    val-loss:  0.5028756449097082  train-loss:  0.3602516910759732  lr:  1.9073486328125e-08
#epoch  140    val-loss:  0.5027447076220262  train-loss:  0.36016359890345484  lr:  1.9073486328125e-08
#epoch  141    val-loss:  0.5030450883664583  train-loss:  0.360143173369579  lr:  1.9073486328125e-08
#epoch  142    val-loss:  0.5020548795398913  train-loss:  0.3601461364887655  lr:  1.9073486328125e-08
#epoch  143    val-loss:  0.5038666380079169  train-loss:  0.3601845334051177  lr:  1.9073486328125e-08
#epoch  144    val-loss:  0.5034540483826085  train-loss:  0.36020157136954367  lr:  1.9073486328125e-08
#epoch  145    val-loss:  0.504347551810114  train-loss:  0.3601916986517608  lr:  1.9073486328125e-08
#epoch  146    val-loss:  0.5020251603502977  train-loss:  0.3602273635333404  lr:  1.9073486328125e-08
#epoch  147    val-loss:  0.5038241791097742  train-loss:  0.36016376805491745  lr:  1.9073486328125e-08
#epoch  148    val-loss:  0.5024570195298446  train-loss:  0.36024143418762833  lr:  1.9073486328125e-08
#epoch  149    val-loss:  0.5019080952594155  train-loss:  0.3602398020448163  lr:  1.9073486328125e-08
#epoch  150    val-loss:  0.5024652324224773  train-loss:  0.36015831492841244  lr:  1.9073486328125e-08
#epoch  151    val-loss:  0.5038109327617445  train-loss:  0.3601746616186574  lr:  1.9073486328125e-08
#epoch  152    val-loss:  0.5026955667294954  train-loss:  0.36022096301894635  lr:  1.9073486328125e-08
#epoch  153    val-loss:  0.502202426132403  train-loss:  0.36015782388858497  lr:  1.9073486328125e-08
#epoch  154    val-loss:  0.5012087994500211  train-loss:  0.3601279135327786  lr:  1.9073486328125e-08
#epoch  155    val-loss:  0.5043823797451822  train-loss:  0.3601437653414905  lr:  1.9073486328125e-08
#epoch  156    val-loss:  0.5021270011600695  train-loss:  0.36018615611828864  lr:  1.9073486328125e-08
#epoch  157    val-loss:  0.5020145350380948  train-loss:  0.3601838907925412  lr:  1.9073486328125e-08
#epoch  158    val-loss:  0.5018764593099293  train-loss:  0.36016318714246154  lr:  1.9073486328125e-08
#epoch  159    val-loss:  0.5011401364677831  train-loss:  0.3601758220465854  lr:  1.9073486328125e-08
#epoch  160    val-loss:  0.5019741983790147  train-loss:  0.36014756420627236  lr:  1.9073486328125e-08
#epoch  161    val-loss:  0.5041744316879072  train-loss:  0.3602572486270219  lr:  1.9073486328125e-08
#epoch  162    val-loss:  0.504448021713056  train-loss:  0.3602032605558634  lr:  1.9073486328125e-08
#epoch  163    val-loss:  0.5026917771289223  train-loss:  0.3601721052546054  lr:  1.9073486328125e-08
#epoch  164    val-loss:  0.5032935785619836  train-loss:  0.36010401567909867  lr:  1.9073486328125e-08
#epoch  165    val-loss:  0.5019259719472182  train-loss:  0.36016337538603693  lr:  1.9073486328125e-08
#epoch  166    val-loss:  0.5030408972188046  train-loss:  0.360144923790358  lr:  1.9073486328125e-08
#epoch  167    val-loss:  0.5012066928963912  train-loss:  0.36013223277404904  lr:  1.9073486328125e-08
#epoch  168    val-loss:  0.5016702476300692  train-loss:  0.36013741372153163  lr:  1.9073486328125e-08
#epoch  169    val-loss:  0.5037542361962167  train-loss:  0.3601347504882142  lr:  1.9073486328125e-08
#epoch  170    val-loss:  0.5032122119476921  train-loss:  0.36016678740270436  lr:  1.9073486328125e-08
#epoch  171    val-loss:  0.5035528101419148  train-loss:  0.36021449661348015  lr:  1.9073486328125e-08
#epoch  172    val-loss:  0.5045745043378127  train-loss:  0.3601947710849345  lr:  1.9073486328125e-08
#epoch  173    val-loss:  0.5043127568144548  train-loss:  0.3601407145615667  lr:  1.9073486328125e-08
#epoch  174    val-loss:  0.5035385912970493  train-loss:  0.36009120161179453  lr:  1.9073486328125e-08
#epoch  175    val-loss:  0.5018493297852968  train-loss:  0.36011082702316344  lr:  1.9073486328125e-08
#epoch  176    val-loss:  0.5027463922375127  train-loss:  0.3601533039472997  lr:  1.9073486328125e-08
#epoch  177    val-loss:  0.504037552758267  train-loss:  0.36012570036109537  lr:  1.9073486328125e-08
#epoch  178    val-loss:  0.5022862773192557  train-loss:  0.36013460776302963  lr:  1.9073486328125e-08
#epoch  179    val-loss:  0.5027416411199068  train-loss:  0.36014301294926554  lr:  1.9073486328125e-08
#epoch  180    val-loss:  0.50445472566705  train-loss:  0.3601975856581703  lr:  1.9073486328125e-08
#epoch  181    val-loss:  0.5039210272462744  train-loss:  0.3602365789702162  lr:  1.9073486328125e-08
#epoch  182    val-loss:  0.5036254933005885  train-loss:  0.3601923801470548  lr:  1.9073486328125e-08
#epoch  183    val-loss:  0.5052349928178286  train-loss:  0.36019299388863146  lr:  1.9073486328125e-08
#epoch  184    val-loss:  0.5044561185334858  train-loss:  0.36021508218254894  lr:  1.9073486328125e-08
#epoch  185    val-loss:  0.5045422284226668  train-loss:  0.36016837402712554  lr:  1.9073486328125e-08
#epoch  186    val-loss:  0.5024382126958746  train-loss:  0.3601671535288915  lr:  1.9073486328125e-08
#epoch  187    val-loss:  0.5034266224032954  train-loss:  0.3601122455438599  lr:  1.9073486328125e-08
#epoch  188    val-loss:  0.5042170019526231  train-loss:  0.3602011348120868  lr:  1.9073486328125e-08
#epoch  189    val-loss:  0.5019539484852239  train-loss:  0.3601282548625022  lr:  1.9073486328125e-08
#epoch  190    val-loss:  0.503249129182414  train-loss:  0.3601520948577672  lr:  1.9073486328125e-08
#epoch  191    val-loss:  0.5035182127827093  train-loss:  0.3601775412680581  lr:  1.9073486328125e-08
#epoch  192    val-loss:  0.5048915853625849  train-loss:  0.3601384941721335  lr:  1.9073486328125e-08
#epoch  193    val-loss:  0.5036026898183321  train-loss:  0.36023214901797473  lr:  1.9073486328125e-08
#epoch  194    val-loss:  0.5013020901303542  train-loss:  0.36022989137563854  lr:  1.9073486328125e-08
#epoch  195    val-loss:  0.5036989952388563  train-loss:  0.36018146469723433  lr:  1.9073486328125e-08
#epoch  196    val-loss:  0.5036654268440447  train-loss:  0.36018495983444154  lr:  1.9073486328125e-08
#epoch  197    val-loss:  0.5020934562934073  train-loss:  0.36019606317859143  lr:  1.9073486328125e-08
#epoch  198    val-loss:  0.5009743398741672  train-loss:  0.3601978898514062  lr:  1.9073486328125e-08
#epoch  199    val-loss:  0.5044869717798734  train-loss:  0.36014781682752073  lr:  1.9073486328125e-08
#epoch  200    val-loss:  0.50384668613735  train-loss:  0.3601650889031589  lr:  1.9073486328125e-08
#epoch  201    val-loss:  0.5028277415978281  train-loss:  0.3602146232733503  lr:  1.9073486328125e-08
#epoch  202    val-loss:  0.5017336748148266  train-loss:  0.36012812482658774  lr:  1.9073486328125e-08
#epoch  203    val-loss:  0.5037829107359836  train-loss:  0.360154376947321  lr:  1.9073486328125e-08
#epoch  204    val-loss:  0.5053834805363103  train-loss:  0.36019993864465505  lr:  1.9073486328125e-08
#epoch  205    val-loss:  0.5030384330373061  train-loss:  0.3602082502329722  lr:  1.9073486328125e-08
#epoch  206    val-loss:  0.5054143384883278  train-loss:  0.360189595608972  lr:  1.9073486328125e-08
#epoch  207    val-loss:  0.5014631026669553  train-loss:  0.3602605960331857  lr:  1.9073486328125e-08
#epoch  208    val-loss:  0.5040068516605779  train-loss:  0.3602053002687171  lr:  1.9073486328125e-08
#epoch  209    val-loss:  0.5028392845078519  train-loss:  0.3601985916029662  lr:  1.9073486328125e-08
#epoch  210    val-loss:  0.5038508004263827  train-loss:  0.36010490206535906  lr:  1.9073486328125e-08
#epoch  211    val-loss:  0.502105923075425  train-loss:  0.36011270247399807  lr:  1.9073486328125e-08
#epoch  212    val-loss:  0.5053759687825253  train-loss:  0.36017711891327053  lr:  1.9073486328125e-08
#epoch  213    val-loss:  0.5020327426885304  train-loss:  0.36016658204607666  lr:  1.9073486328125e-08
#epoch  214    val-loss:  0.5032231494000083  train-loss:  0.3601411848794669  lr:  1.9073486328125e-08
#epoch  215    val-loss:  0.5035976328347859  train-loss:  0.36023735196795315  lr:  1.9073486328125e-08
#epoch  216    val-loss:  0.5014116544472543  train-loss:  0.3602450719336048  lr:  1.9073486328125e-08
#epoch  217    val-loss:  0.5036667146180805  train-loss:  0.36029938713181764  lr:  1.9073486328125e-08
#epoch  218    val-loss:  0.5027771419600436  train-loss:  0.3601232474902645  lr:  1.9073486328125e-08
#epoch  219    val-loss:  0.5037547381300675  train-loss:  0.36016120749991387  lr:  1.9073486328125e-08
#epoch  220    val-loss:  0.5024621972912237  train-loss:  0.3602453542407602  lr:  1.9073486328125e-08
#epoch  221    val-loss:  0.5030927171832636  train-loss:  0.36016943876165897  lr:  1.9073486328125e-08
#epoch  222    val-loss:  0.5033194124698639  train-loss:  0.3601182895945385  lr:  1.9073486328125e-08
#epoch  223    val-loss:  0.5035462551995328  train-loss:  0.3602413368644193  lr:  1.9073486328125e-08
#epoch  224    val-loss:  0.5009955873614863  train-loss:  0.3601773021509871  lr:  1.9073486328125e-08
#epoch  225    val-loss:  0.5046674656240564  train-loss:  0.3601586240110919  lr:  1.9073486328125e-08
#epoch  226    val-loss:  0.5043882758993852  train-loss:  0.36018105782568455  lr:  1.9073486328125e-08
#epoch  227    val-loss:  0.5035175837968525  train-loss:  0.36021304118912667  lr:  1.9073486328125e-08
#epoch  228    val-loss:  0.5014244678773379  train-loss:  0.36013602069579065  lr:  1.9073486328125e-08
#epoch  229    val-loss:  0.5017979129364616  train-loss:  0.3601389970863238  lr:  1.9073486328125e-08
#epoch  230    val-loss:  0.502399996707314  train-loss:  0.3602227467345074  lr:  1.9073486328125e-08
#epoch  231    val-loss:  0.5029449180552834  train-loss:  0.3602428939193487  lr:  1.9073486328125e-08
#epoch  232    val-loss:  0.503238149379429  train-loss:  0.3601466972613707  lr:  1.9073486328125e-08
#epoch  233    val-loss:  0.5026582526533228  train-loss:  0.3601761490572244  lr:  1.9073486328125e-08
#epoch  234    val-loss:  0.5027760988787601  train-loss:  0.36017942160833627  lr:  1.9073486328125e-08
#epoch  235    val-loss:  0.5020067832971874  train-loss:  0.3601295616244897  lr:  1.9073486328125e-08
#epoch  236    val-loss:  0.5043318726514515  train-loss:  0.3601102357497439  lr:  1.9073486328125e-08
#epoch  237    val-loss:  0.5039648099949485  train-loss:  0.3601756232092157  lr:  1.9073486328125e-08
#epoch  238    val-loss:  0.5040721924681413  train-loss:  0.36019164172466844  lr:  1.9073486328125e-08
#epoch  239    val-loss:  0.5070605999545047  train-loss:  0.36021304433234036  lr:  1.9073486328125e-08
#epoch  240    val-loss:  0.5027983549394106  train-loss:  0.3601713852258399  lr:  1.9073486328125e-08
#epoch  241    val-loss:  0.5018101538482466  train-loss:  0.36018935102038085  lr:  1.9073486328125e-08
#epoch  242    val-loss:  0.5034144630557612  train-loss:  0.36019579437561333  lr:  1.9073486328125e-08
#epoch  243    val-loss:  0.5024088056463945  train-loss:  0.3601997443474829  lr:  1.9073486328125e-08
#epoch  244    val-loss:  0.5008227746737631  train-loss:  0.3601361612090841  lr:  1.9073486328125e-08
#epoch  245    val-loss:  0.5026035779400876  train-loss:  0.3601615109946579  lr:  1.9073486328125e-08
#epoch  246    val-loss:  0.5026754313393643  train-loss:  0.36024798615835607  lr:  1.9073486328125e-08
#epoch  247    val-loss:  0.5035680406971982  train-loss:  0.36021400964818895  lr:  1.9073486328125e-08
#epoch  248    val-loss:  0.503591913925974  train-loss:  0.36018365144263953  lr:  1.9073486328125e-08
#epoch  249    val-loss:  0.5017217256520924  train-loss:  0.3601453660521656  lr:  1.9073486328125e-08
#epoch  250    val-loss:  0.501121229247043  train-loss:  0.3601649167248979  lr:  1.9073486328125e-08
#epoch  251    val-loss:  0.5032844778738523  train-loss:  0.3601846295641735  lr:  1.9073486328125e-08
#epoch  252    val-loss:  0.5039617152590501  train-loss:  0.36020785209257156  lr:  1.9073486328125e-08
#epoch  253    val-loss:  0.5028731101437619  train-loss:  0.3600910271052271  lr:  1.9073486328125e-08
#epoch  254    val-loss:  0.5028434599700727  train-loss:  0.36016124475281686  lr:  1.9073486328125e-08
#epoch  255    val-loss:  0.5042701834126523  train-loss:  0.3601444868836552  lr:  1.9073486328125e-08
#epoch  256    val-loss:  0.5022511341069874  train-loss:  0.36017099441960454  lr:  1.9073486328125e-08
#epoch  257    val-loss:  0.5037753472202703  train-loss:  0.360230085789226  lr:  1.9073486328125e-08
#epoch  258    val-loss:  0.5028083763624492  train-loss:  0.3601902623195201  lr:  1.9073486328125e-08
#epoch  259    val-loss:  0.5018112894735838  train-loss:  0.3601900249486789  lr:  1.9073486328125e-08
#epoch  260    val-loss:  0.5019902288913727  train-loss:  0.3601484113605693  lr:  1.9073486328125e-08
#epoch  261    val-loss:  0.5043117952974219  train-loss:  0.3602851494215429  lr:  1.9073486328125e-08
#epoch  262    val-loss:  0.50716905844839  train-loss:  0.3601146071450785  lr:  1.9073486328125e-08
#epoch  263    val-loss:  0.5029401151757491  train-loss:  0.3601628129836172  lr:  1.9073486328125e-08
#epoch  264    val-loss:  0.502467691898346  train-loss:  0.36020692822057754  lr:  1.9073486328125e-08
#epoch  265    val-loss:  0.5025889010805833  train-loss:  0.360240685287863  lr:  1.9073486328125e-08
#epoch  266    val-loss:  0.5026030085588756  train-loss:  0.36010546423494816  lr:  1.9073486328125e-08
#epoch  267    val-loss:  0.5034480141965967  train-loss:  0.3601803715573624  lr:  1.9073486328125e-08
#epoch  268    val-loss:  0.502381045567362  train-loss:  0.3601817691233009  lr:  1.9073486328125e-08
#epoch  269    val-loss:  0.5053736787093314  train-loss:  0.3602154495893046  lr:  1.9073486328125e-08
#epoch  270    val-loss:  0.5038098504668788  train-loss:  0.3602223388152197  lr:  1.9073486328125e-08
#epoch  271    val-loss:  0.5028187679617029  train-loss:  0.36016004136763513  lr:  1.9073486328125e-08
#epoch  272    val-loss:  0.5017651194020322  train-loss:  0.3601667615585029  lr:  1.9073486328125e-08
#epoch  273    val-loss:  0.5044289215614921  train-loss:  0.360163671663031  lr:  1.9073486328125e-08
#epoch  274    val-loss:  0.5019888266136772  train-loss:  0.3601690180366859  lr:  1.9073486328125e-08
#epoch  275    val-loss:  0.5034796924967515  train-loss:  0.36020502587780356  lr:  1.9073486328125e-08
#epoch  276    val-loss:  0.5034119769146568  train-loss:  0.36017505067866296  lr:  1.9073486328125e-08
#epoch  277    val-loss:  0.5073460544410505  train-loss:  0.36014318268280476  lr:  1.9073486328125e-08
#epoch  278    val-loss:  0.5018796058077561  train-loss:  0.3602051107445732  lr:  1.9073486328125e-08
#epoch  279    val-loss:  0.5016606418710006  train-loss:  0.36007135757245123  lr:  1.9073486328125e-08
#epoch  280    val-loss:  0.5025812779602251  train-loss:  0.3601768754888326  lr:  1.9073486328125e-08
#epoch  281    val-loss:  0.5035348989461598  train-loss:  0.36010986054316163  lr:  1.9073486328125e-08
#epoch  282    val-loss:  0.5054934495373776  train-loss:  0.36013954714871943  lr:  1.9073486328125e-08
#epoch  283    val-loss:  0.5019632985717372  train-loss:  0.36016492871567607  lr:  1.9073486328125e-08
#epoch  284    val-loss:  0.5008975926198458  train-loss:  0.3601201033452526  lr:  1.9073486328125e-08
#epoch  285    val-loss:  0.5037373476906827  train-loss:  0.360201065777801  lr:  1.9073486328125e-08
#epoch  286    val-loss:  0.5033570763311888  train-loss:  0.3601494231261313  lr:  1.9073486328125e-08
#epoch  287    val-loss:  0.5028532210149264  train-loss:  0.36015469464473426  lr:  1.9073486328125e-08
#epoch  288    val-loss:  0.5071898730177629  train-loss:  0.360201696283184  lr:  1.9073486328125e-08
#epoch  289    val-loss:  0.5040692796832636  train-loss:  0.36017193691805005  lr:  1.9073486328125e-08
#epoch  290    val-loss:  0.5070775951209822  train-loss:  0.3601588546298444  lr:  1.9073486328125e-08
#epoch  291    val-loss:  0.5019660419539401  train-loss:  0.36012111068703234  lr:  1.9073486328125e-08
#epoch  292    val-loss:  0.5030455369698373  train-loss:  0.3602184950141236  lr:  1.9073486328125e-08
#epoch  293    val-loss:  0.5038571326356185  train-loss:  0.3601706261979416  lr:  1.9073486328125e-08
#epoch  294    val-loss:  0.5035161658337242  train-loss:  0.3601769417291507  lr:  1.9073486328125e-08
#epoch  295    val-loss:  0.5037389821127841  train-loss:  0.36021669837646186  lr:  1.9073486328125e-08
#epoch  296    val-loss:  0.5045502656384518  train-loss:  0.3601915657054633  lr:  1.9073486328125e-08
#epoch  297    val-loss:  0.5039758776363573  train-loss:  0.3601322554750368  lr:  1.9073486328125e-08
#epoch  298    val-loss:  0.5034620416791815  train-loss:  0.3601713397074491  lr:  1.9073486328125e-08
#epoch  299    val-loss:  0.5035792055882906  train-loss:  0.3602500647539273  lr:  1.9073486328125e-08
#epoch  300    val-loss:  0.502713509296116  train-loss:  0.36014066508505493  lr:  1.9073486328125e-08
#epoch  301    val-loss:  0.5064839720726013  train-loss:  0.3601356368744746  lr:  1.9073486328125e-08
#epoch  302    val-loss:  0.5031488631900988  train-loss:  0.36012237949762493  lr:  1.9073486328125e-08
#epoch  303    val-loss:  0.5008430778980255  train-loss:  0.3602027893066406  lr:  1.9073486328125e-08
#epoch  304    val-loss:  0.503812744429237  train-loss:  0.36021619103848934  lr:  1.9073486328125e-08
#epoch  305    val-loss:  0.5024400667140358  train-loss:  0.3602424142882228  lr:  1.9073486328125e-08
#epoch  306    val-loss:  0.503645165970451  train-loss:  0.3601122139953077  lr:  1.9073486328125e-08
#epoch  307    val-loss:  0.5022523575707486  train-loss:  0.36016172100789845  lr:  1.9073486328125e-08
#epoch  308    val-loss:  0.502589308901837  train-loss:  0.36015709361527115  lr:  1.9073486328125e-08
#epoch  309    val-loss:  0.5041845409493697  train-loss:  0.36015775497071445  lr:  1.9073486328125e-08
#epoch  310    val-loss:  0.5028499364852905  train-loss:  0.3602057242533192  lr:  1.9073486328125e-08
#epoch  311    val-loss:  0.5054263958805486  train-loss:  0.3601708747446537  lr:  1.9073486328125e-08
#epoch  312    val-loss:  0.5031897127628326  train-loss:  0.36010655807331204  lr:  1.9073486328125e-08
#epoch  313    val-loss:  0.5038147349106638  train-loss:  0.36006943113170564  lr:  1.9073486328125e-08
#epoch  314    val-loss:  0.5044515572096172  train-loss:  0.3601863563526422  lr:  1.9073486328125e-08
#epoch  315    val-loss:  0.504463045220626  train-loss:  0.3601438475307077  lr:  1.9073486328125e-08
#epoch  316    val-loss:  0.5029683285637906  train-loss:  0.36017404426820576  lr:  1.9073486328125e-08
#epoch  317    val-loss:  0.50237574702815  train-loss:  0.36016683431807905  lr:  1.9073486328125e-08
#epoch  318    val-loss:  0.50295342897114  train-loss:  0.36012712225783616  lr:  1.9073486328125e-08
#epoch  319    val-loss:  0.5021107871281473  train-loss:  0.3602599462028593  lr:  1.9073486328125e-08
#epoch  320    val-loss:  0.5031489212262003  train-loss:  0.3601343659684062  lr:  1.9073486328125e-08
#epoch  321    val-loss:  0.5025797721586729  train-loss:  0.36025598843116313  lr:  1.9073486328125e-08
#epoch  322    val-loss:  0.5018317605319776  train-loss:  0.36016298015601933  lr:  1.9073486328125e-08
#epoch  323    val-loss:  0.5033860049749675  train-loss:  0.3602538259001449  lr:  1.9073486328125e-08
#epoch  324    val-loss:  0.5024548376861372  train-loss:  0.3601616880623624  lr:  1.9073486328125e-08
#epoch  325    val-loss:  0.5040292473215806  train-loss:  0.36018164828419685  lr:  1.9073486328125e-08
#epoch  326    val-loss:  0.5037127419521934  train-loss:  0.36015003896318376  lr:  1.9073486328125e-08
#epoch  327    val-loss:  0.5035278938318554  train-loss:  0.360160767682828  lr:  1.9073486328125e-08
#epoch  328    val-loss:  0.5037519147521571  train-loss:  0.3602555237011984  lr:  1.9073486328125e-08
#epoch  329    val-loss:  0.501408544025923  train-loss:  0.36024621361866593  lr:  1.9073486328125e-08
#epoch  330    val-loss:  0.5034766040350261  train-loss:  0.36015510000288486  lr:  1.9073486328125e-08
#epoch  331    val-loss:  0.5027107110148982  train-loss:  0.36026947631035  lr:  1.9073486328125e-08
#epoch  332    val-loss:  0.503004673280214  train-loss:  0.3602068849140778  lr:  1.9073486328125e-08
#epoch  333    val-loss:  0.5014176619680304  train-loss:  0.36018193513154984  lr:  1.9073486328125e-08
#epoch  334    val-loss:  0.5019115288006631  train-loss:  0.36018415028229356  lr:  1.9073486328125e-08
#epoch  335    val-loss:  0.5038763190570631  train-loss:  0.3601781442994252  lr:  1.9073486328125e-08
#epoch  336    val-loss:  0.5025671046031149  train-loss:  0.3600987563841045  lr:  1.9073486328125e-08
#epoch  337    val-loss:  0.5065344117189708  train-loss:  0.36018689593765885  lr:  1.9073486328125e-08
#epoch  338    val-loss:  0.5034548106946444  train-loss:  0.360184101969935  lr:  1.9073486328125e-08
#epoch  339    val-loss:  0.5037573889682168  train-loss:  0.3601488241693005  lr:  1.9073486328125e-08
#epoch  340    val-loss:  0.5045339386714133  train-loss:  0.36011892184615135  lr:  1.9073486328125e-08
#epoch  341    val-loss:  0.5042399858173571  train-loss:  0.360129521926865  lr:  1.9073486328125e-08
#epoch  342    val-loss:  0.5034122341557553  train-loss:  0.3601661989232525  lr:  1.9073486328125e-08
#epoch  343    val-loss:  0.5022429572908502  train-loss:  0.36022336478345096  lr:  1.9073486328125e-08
#epoch  344    val-loss:  0.5040266215801239  train-loss:  0.36020470468793064  lr:  1.9073486328125e-08
#epoch  345    val-loss:  0.5046246804689106  train-loss:  0.36019288073293865  lr:  1.9073486328125e-08
#epoch  346    val-loss:  0.5020020447279278  train-loss:  0.360195649205707  lr:  1.9073486328125e-08
#epoch  347    val-loss:  0.5012424948968386  train-loss:  0.3601553877815604  lr:  1.9073486328125e-08
#epoch  348    val-loss:  0.5023591330176905  train-loss:  0.36016229074448347  lr:  1.9073486328125e-08
#epoch  349    val-loss:  0.504425397044734  train-loss:  0.3601642631692812  lr:  1.9073486328125e-08
#epoch  350    val-loss:  0.5046119015467795  train-loss:  0.36011178290937096  lr:  1.9073486328125e-08
#epoch  351    val-loss:  0.5025175402038976  train-loss:  0.36020824406296015  lr:  1.9073486328125e-08
#epoch  352    val-loss:  0.5041270757976332  train-loss:  0.36015057552140206  lr:  1.9073486328125e-08
#epoch  353    val-loss:  0.5054303564523396  train-loss:  0.36016286665108055  lr:  1.9073486328125e-08
#epoch  354    val-loss:  0.504486178096972  train-loss:  0.36020825942978263  lr:  1.9073486328125e-08
#epoch  355    val-loss:  0.5010058424974743  train-loss:  0.36030155851040035  lr:  1.9073486328125e-08
#epoch  356    val-loss:  0.5033219001795116  train-loss:  0.3602511673234403  lr:  1.9073486328125e-08
#epoch  357    val-loss:  0.50411887702189  train-loss:  0.36013799416832626  lr:  1.9073486328125e-08
#epoch  358    val-loss:  0.5045686395544755  train-loss:  0.36014339490793645  lr:  1.9073486328125e-08
#epoch  359    val-loss:  0.5039850787112587  train-loss:  0.36013022903352976  lr:  1.9073486328125e-08
#epoch  360    val-loss:  0.5018038843807421  train-loss:  0.360137524548918  lr:  1.9073486328125e-08
#epoch  361    val-loss:  0.5027195152483488  train-loss:  0.3601845916127786  lr:  1.9073486328125e-08
#epoch  362    val-loss:  0.5014548003673553  train-loss:  0.360264225397259  lr:  1.9073486328125e-08
#epoch  363    val-loss:  0.5021834310732389  train-loss:  0.36023905978072435  lr:  1.9073486328125e-08
#epoch  364    val-loss:  0.502853650795786  train-loss:  0.3602356706978753  lr:  1.9073486328125e-08
#epoch  365    val-loss:  0.502754082805232  train-loss:  0.36018147214781493  lr:  1.9073486328125e-08
#epoch  366    val-loss:  0.5026795707250896  train-loss:  0.36013289587572217  lr:  1.9073486328125e-08
#epoch  367    val-loss:  0.502071173567521  train-loss:  0.36015894974116236  lr:  1.9073486328125e-08
#epoch  368    val-loss:  0.5034671363077665  train-loss:  0.3601787354564294  lr:  1.9073486328125e-08
#epoch  369    val-loss:  0.5013223588466644  train-loss:  0.36017080664169043  lr:  1.9073486328125e-08
#epoch  370    val-loss:  0.5023422554919594  train-loss:  0.3601882684743032  lr:  1.9073486328125e-08
#epoch  371    val-loss:  0.5034598692467338  train-loss:  0.36016350076533854  lr:  1.9073486328125e-08
#epoch  372    val-loss:  0.5031026241026426  train-loss:  0.3602438111556694  lr:  1.9073486328125e-08
#epoch  373    val-loss:  0.5038748650174392  train-loss:  0.3601738061988726  lr:  1.9073486328125e-08
#epoch  374    val-loss:  0.5013451607603776  train-loss:  0.36014423496089876  lr:  1.9073486328125e-08
#epoch  375    val-loss:  0.5012593285033577  train-loss:  0.360163948033005  lr:  1.9073486328125e-08
#epoch  376    val-loss:  0.5022059741773104  train-loss:  0.3601603176211938  lr:  1.9073486328125e-08
#epoch  377    val-loss:  0.5024955115820232  train-loss:  0.3601600268157199  lr:  1.9073486328125e-08
#epoch  378    val-loss:  0.5038292517787532  train-loss:  0.3602315046591684  lr:  1.9073486328125e-08
#epoch  379    val-loss:  0.5028811614764365  train-loss:  0.3601897354237735  lr:  1.9073486328125e-08
#epoch  380    val-loss:  0.5027784469880556  train-loss:  0.36017751949839294  lr:  1.9073486328125e-08
#epoch  381    val-loss:  0.5027040588228326  train-loss:  0.3601834672736004  lr:  1.9073486328125e-08
#epoch  382    val-loss:  0.5032012023423847  train-loss:  0.3601971579482779  lr:  1.9073486328125e-08
#epoch  383    val-loss:  0.5013933573898516  train-loss:  0.3601979464292526  lr:  1.9073486328125e-08
#epoch  384    val-loss:  0.50120778146543  train-loss:  0.3601468608248979  lr:  1.9073486328125e-08
#epoch  385    val-loss:  0.5035446035234552  train-loss:  0.36019284068606794  lr:  1.9073486328125e-08
#epoch  386    val-loss:  0.5039321388068952  train-loss:  0.36016353964805603  lr:  1.9073486328125e-08
#epoch  387    val-loss:  0.503786110564282  train-loss:  0.36018714506644756  lr:  1.9073486328125e-08
#epoch  388    val-loss:  0.5030749283338848  train-loss:  0.3601245629834011  lr:  1.9073486328125e-08
#epoch  389    val-loss:  0.5008387189162405  train-loss:  0.3601934222970158  lr:  1.9073486328125e-08
#epoch  390    val-loss:  0.5025841813338431  train-loss:  0.3602235614089295  lr:  1.9073486328125e-08
#epoch  391    val-loss:  0.5034928745345065  train-loss:  0.36014497792348266  lr:  1.9073486328125e-08
#epoch  392    val-loss:  0.5015559165101302  train-loss:  0.36018589697778225  lr:  1.9073486328125e-08
#epoch  393    val-loss:  0.5013739984286459  train-loss:  0.36015283805318177  lr:  1.9073486328125e-08
#epoch  394    val-loss:  0.5032839210409867  train-loss:  0.3602224215865135  lr:  1.9073486328125e-08
#epoch  395    val-loss:  0.5033719147506514  train-loss:  0.3602147187339142  lr:  1.9073486328125e-08
#epoch  396    val-loss:  0.5032821893692017  train-loss:  0.36010617844294757  lr:  1.9073486328125e-08
#epoch  397    val-loss:  0.5030589495834551  train-loss:  0.3601783901685849  lr:  1.9073486328125e-08
#epoch  398    val-loss:  0.5022587148766768  train-loss:  0.36014176812022924  lr:  1.9073486328125e-08
#epoch  399    val-loss:  0.5022662815294767  train-loss:  0.360194145468995  lr:  1.9073486328125e-08
#epoch  400    val-loss:  0.5039160581011521  train-loss:  0.36015977908391505  lr:  1.9073486328125e-08
#epoch  401    val-loss:  0.5036695238791014  train-loss:  0.36019025603309274  lr:  1.9073486328125e-08
#epoch  402    val-loss:  0.5020406371668765  train-loss:  0.3601692308438942  lr:  1.9073486328125e-08
#epoch  403    val-loss:  0.5054628801973242  train-loss:  0.36019431450404227  lr:  1.9073486328125e-08
#epoch  404    val-loss:  0.5028845197276065  train-loss:  0.3602099829586223  lr:  1.9073486328125e-08
#epoch  405    val-loss:  0.502804066005506  train-loss:  0.360126260551624  lr:  1.9073486328125e-08
#epoch  406    val-loss:  0.5029451564738625  train-loss:  0.3601360236061737  lr:  1.9073486328125e-08
#epoch  407    val-loss:  0.5038314885214755  train-loss:  0.3601939033251256  lr:  1.9073486328125e-08
#epoch  408    val-loss:  0.5036981137175309  train-loss:  0.3602888419991359  lr:  1.9073486328125e-08
#epoch  409    val-loss:  0.5037219493012679  train-loss:  0.36014049453660846  lr:  1.9073486328125e-08
#epoch  410    val-loss:  0.5046392349820388  train-loss:  0.36014611390419304  lr:  1.9073486328125e-08
#epoch  411    val-loss:  0.5023806157865023  train-loss:  0.3602321163052693  lr:  1.9073486328125e-08
#epoch  412    val-loss:  0.5052935669296666  train-loss:  0.3601560917450115  lr:  1.9073486328125e-08
#epoch  413    val-loss:  0.5029429416907462  train-loss:  0.36009036283940077  lr:  1.9073486328125e-08
#epoch  414    val-loss:  0.5025090920297723  train-loss:  0.36016629880759865  lr:  1.9073486328125e-08
#epoch  415    val-loss:  0.5017411191212503  train-loss:  0.36016411788295954  lr:  1.9073486328125e-08
#epoch  416    val-loss:  0.5034471907113728  train-loss:  0.3601654180092737  lr:  1.9073486328125e-08
#epoch  417    val-loss:  0.5039871021320945  train-loss:  0.3601794416317716  lr:  1.9073486328125e-08
#epoch  418    val-loss:  0.5015665433908764  train-loss:  0.360153365181759  lr:  1.9073486328125e-08
#epoch  419    val-loss:  0.501884462017762  train-loss:  0.36019439436495304  lr:  1.9073486328125e-08
#epoch  420    val-loss:  0.5042894012049625  train-loss:  0.36017869249917567  lr:  1.9073486328125e-08
#epoch  421    val-loss:  0.5015292732339156  train-loss:  0.36016769625712186  lr:  1.9073486328125e-08
#epoch  422    val-loss:  0.5009964986851341  train-loss:  0.36009220022242516  lr:  1.9073486328125e-08
#epoch  423    val-loss:  0.5021109706477115  train-loss:  0.3601668032351881  lr:  1.9073486328125e-08
#epoch  424    val-loss:  0.5030328521603032  train-loss:  0.3601844242075458  lr:  1.9073486328125e-08
#epoch  425    val-loss:  0.5037120439504322  train-loss:  0.3601117698708549  lr:  1.9073486328125e-08
#epoch  426    val-loss:  0.5019303513200659  train-loss:  0.360203183372505  lr:  1.9073486328125e-08
#epoch  427    val-loss:  0.5044269357856951  train-loss:  0.3601926933042705  lr:  1.9073486328125e-08
#epoch  428    val-loss:  0.5029504283478385  train-loss:  0.360120001481846  lr:  1.9073486328125e-08
#epoch  429    val-loss:  0.5019459269548717  train-loss:  0.360174342058599  lr:  1.9073486328125e-08
#epoch  430    val-loss:  0.5065773741195077  train-loss:  0.360223705181852  lr:  1.9073486328125e-08
#epoch  431    val-loss:  0.5039146887628656  train-loss:  0.360160602373071  lr:  1.9073486328125e-08
#epoch  432    val-loss:  0.5030557011303148  train-loss:  0.36016707005910575  lr:  1.9073486328125e-08
#epoch  433    val-loss:  0.5013112002297452  train-loss:  0.36014608084224164  lr:  1.9073486328125e-08
#epoch  434    val-loss:  0.5036266571597049  train-loss:  0.36018818232696503  lr:  1.9073486328125e-08
#epoch  435    val-loss:  0.5012746892477337  train-loss:  0.3601526239654049  lr:  1.9073486328125e-08
#epoch  436    val-loss:  0.5033529714534157  train-loss:  0.36012496054172516  lr:  1.9073486328125e-08
#epoch  437    val-loss:  0.5037882547629507  train-loss:  0.36022080725524575  lr:  1.9073486328125e-08
#epoch  438    val-loss:  0.5020216687729484  train-loss:  0.3601341935573146  lr:  1.9073486328125e-08
#epoch  439    val-loss:  0.5027311083517576  train-loss:  0.36019850010052323  lr:  1.9073486328125e-08
#epoch  440    val-loss:  0.5012895715864081  train-loss:  0.36027060565538704  lr:  1.9073486328125e-08
#epoch  441    val-loss:  0.502701029965752  train-loss:  0.3602111662039533  lr:  1.9073486328125e-08
#epoch  442    val-loss:  0.506761737559971  train-loss:  0.360138175310567  lr:  1.9073486328125e-08
#epoch  443    val-loss:  0.5037990463407416  train-loss:  0.3602128600468859  lr:  1.9073486328125e-08
#epoch  444    val-loss:  0.5026286087538067  train-loss:  0.3601512520108372  lr:  1.9073486328125e-08
#epoch  445    val-loss:  0.5027315098988382  train-loss:  0.3601256717229262  lr:  1.9073486328125e-08
#epoch  446    val-loss:  0.5016446474351381  train-loss:  0.36017068987712264  lr:  1.9073486328125e-08
#epoch  447    val-loss:  0.5047533104294225  train-loss:  0.3601807872764766  lr:  1.9073486328125e-08
#epoch  448    val-loss:  0.5024554431438446  train-loss:  0.3601632334757596  lr:  1.9073486328125e-08
#epoch  449    val-loss:  0.5026349864507976  train-loss:  0.3601451013237238  lr:  1.9073486328125e-08
#epoch  450    val-loss:  0.50331711769104  train-loss:  0.3601389399264008  lr:  1.9073486328125e-08
#epoch  451    val-loss:  0.5011463651531621  train-loss:  0.3601713766111061  lr:  1.9073486328125e-08
#epoch  452    val-loss:  0.5029455156702745  train-loss:  0.3601305664051324  lr:  1.9073486328125e-08
#epoch  453    val-loss:  0.5041080195652811  train-loss:  0.36013172182720155  lr:  1.9073486328125e-08
#epoch  454    val-loss:  0.5038534434218156  train-loss:  0.3601420490304008  lr:  1.9073486328125e-08
#epoch  455    val-loss:  0.5019776146662863  train-loss:  0.3601593093480915  lr:  1.9073486328125e-08
#epoch  456    val-loss:  0.5032939095246164  train-loss:  0.36022798786871135  lr:  1.9073486328125e-08
#epoch  457    val-loss:  0.5035166473765122  train-loss:  0.36017870903015137  lr:  1.9073486328125e-08
#epoch  458    val-loss:  0.501277965934653  train-loss:  0.36024697846733034  lr:  1.9073486328125e-08
#epoch  459    val-loss:  0.5033780571661497  train-loss:  0.3602055076044053  lr:  1.9073486328125e-08
#epoch  460    val-loss:  0.5016269040735144  train-loss:  0.3601747015491128  lr:  1.9073486328125e-08
#epoch  461    val-loss:  0.5042524008374465  train-loss:  0.3601355174323544  lr:  1.9073486328125e-08
#epoch  462    val-loss:  0.5031235814094543  train-loss:  0.36012337752617896  lr:  1.9073486328125e-08
#epoch  463    val-loss:  0.5032638609409332  train-loss:  0.3601517566712573  lr:  1.9073486328125e-08
#epoch  464    val-loss:  0.5019491707023821  train-loss:  0.36013415886554867  lr:  1.9073486328125e-08
#epoch  465    val-loss:  0.5017537835397219  train-loss:  0.3601598165696487  lr:  1.9073486328125e-08
#epoch  466    val-loss:  0.5023887235867349  train-loss:  0.3601811043918133  lr:  1.9073486328125e-08
#epoch  467    val-loss:  0.5018027660093809  train-loss:  0.360123032820411  lr:  1.9073486328125e-08
#epoch  468    val-loss:  0.5029558366850803  train-loss:  0.3601127271540463  lr:  1.9073486328125e-08
#epoch  469    val-loss:  0.5021625725846541  train-loss:  0.3602233037818223  lr:  1.9073486328125e-08
#epoch  470    val-loss:  0.5031036122849113  train-loss:  0.36015838372986764  lr:  1.9073486328125e-08
#epoch  471    val-loss:  0.5015737006538793  train-loss:  0.36027238925453275  lr:  1.9073486328125e-08
#epoch  472    val-loss:  0.5025778852011028  train-loss:  0.360196242807433  lr:  1.9073486328125e-08
#epoch  473    val-loss:  0.5030664174180282  train-loss:  0.36008643568493426  lr:  1.9073486328125e-08
#epoch  474    val-loss:  0.5052250466848675  train-loss:  0.36021190881729126  lr:  1.9073486328125e-08
#epoch  475    val-loss:  0.5023898403895529  train-loss:  0.3603025624761358  lr:  1.9073486328125e-08
#epoch  476    val-loss:  0.5069586728748522  train-loss:  0.36013808788266033  lr:  1.9073486328125e-08
#epoch  477    val-loss:  0.5028581854544187  train-loss:  0.36014582752250135  lr:  1.9073486328125e-08
#epoch  478    val-loss:  0.5030251866892764  train-loss:  0.3601214337395504  lr:  1.9073486328125e-08
#epoch  479    val-loss:  0.5012777196733575  train-loss:  0.36018316727131605  lr:  1.9073486328125e-08
#epoch  480    val-loss:  0.5037780294292852  train-loss:  0.36012365971691906  lr:  1.9073486328125e-08
#epoch  481    val-loss:  0.5069411538149181  train-loss:  0.36023950029630214  lr:  1.9073486328125e-08
#epoch  482    val-loss:  0.5037427607335543  train-loss:  0.3602444358402863  lr:  1.9073486328125e-08
#epoch  483    val-loss:  0.5027289704272622  train-loss:  0.3601358695887029  lr:  1.9073486328125e-08
#epoch  484    val-loss:  0.5023603517758218  train-loss:  0.36014548409730196  lr:  1.9073486328125e-08
#epoch  485    val-loss:  0.5010309313472948  train-loss:  0.36013021727558225  lr:  1.9073486328125e-08
#epoch  486    val-loss:  0.5038480476329201  train-loss:  0.3601253494853154  lr:  1.9073486328125e-08
#epoch  487    val-loss:  0.5013592807870162  train-loss:  0.36020722275134176  lr:  1.9073486328125e-08
#epoch  488    val-loss:  0.502173651205866  train-loss:  0.36022386176045984  lr:  1.9073486328125e-08
#epoch  489    val-loss:  0.5036737903168327  train-loss:  0.36014536826405674  lr:  1.9073486328125e-08
#epoch  490    val-loss:  0.5041677104799371  train-loss:  0.3602094545494765  lr:  1.9073486328125e-08
#epoch  491    val-loss:  0.5063612116010565  train-loss:  0.360138195566833  lr:  1.9073486328125e-08
#epoch  492    val-loss:  0.5046952978560799  train-loss:  0.3601614290382713  lr:  1.9073486328125e-08
#epoch  493    val-loss:  0.5037169189829576  train-loss:  0.3601322565227747  lr:  1.9073486328125e-08
#epoch  494    val-loss:  0.5043296312030993  train-loss:  0.3601737777935341  lr:  1.9073486328125e-08
#epoch  495    val-loss:  0.5039225691243222  train-loss:  0.360226429766044  lr:  1.9073486328125e-08
#epoch  496    val-loss:  0.5013936224736666  train-loss:  0.36023137404117733  lr:  1.9073486328125e-08
#epoch  497    val-loss:  0.5036189038502542  train-loss:  0.36018974194303155  lr:  1.9073486328125e-08
#epoch  498    val-loss:  0.5030921791729174  train-loss:  0.3601964288391173  lr:  1.9073486328125e-08
#epoch  499    val-loss:  0.5040225888553419  train-loss:  0.3601755736162886  lr:  1.9073486328125e-08
