model 39876664b83a3ed7f8be4d4954639173a2285b5574d68f8ea4714fe4 state_dict has not been found
Model was not found
torch.cuda.is_available():	 True
runargs:	 Namespace(co2=False, depth=330.0, disp=-1, domain='global', epoch=0, latitude=False, linsupres=False, lossfun='MSE', lr=0.01, lsrp_span=12, maxepoch=500, minibatch=4, mode='train', normalization='standard', num_workers=40, parts=[1, 1], persistent_workers=False, prefetch_factor=1, relog=True, rerun=True, sanity=False, sigma=8, temperature=True)
data_address /scratch/zanna/data/cm2.6/coarse_8_beneath_surface.zarr
using device: cuda:0
epochs started
#epoch  0    val-loss:  0.4524719542578647  train-loss:  0.8763959554489702  lr:  0.01
#epoch  1    val-loss:  0.28345952065367447  train-loss:  0.30574989243177697  lr:  0.01
#epoch  2    val-loss:  0.25145729827253444  train-loss:  0.23201141215395182  lr:  0.01
#epoch  3    val-loss:  0.22868972075612923  train-loss:  0.20343530282843858  lr:  0.01
#epoch  4    val-loss:  0.21117640639606275  train-loss:  0.1817466194042936  lr:  0.01
#epoch  5    val-loss:  0.18265906525285622  train-loss:  0.16738001548219472  lr:  0.01
#epoch  6    val-loss:  0.18688393031295977  train-loss:  0.15402112546144053  lr:  0.01
#epoch  7    val-loss:  0.16516919826206408  train-loss:  0.1442023584677372  lr:  0.01
#epoch  8    val-loss:  0.15685467265154185  train-loss:  0.13659478045883588  lr:  0.01
#epoch  9    val-loss:  0.1667160987854004  train-loss:  0.12910506068146788  lr:  0.01
#epoch  10    val-loss:  0.15455830489334307  train-loss:  0.12394712408422492  lr:  0.01
#epoch  11    val-loss:  0.13387887650414518  train-loss:  0.11701265611918643  lr:  0.01
#epoch  12    val-loss:  0.1497344837376946  train-loss:  0.111966009484604  lr:  0.01
#epoch  13    val-loss:  0.12583616219068827  train-loss:  0.10957505952683277  lr:  0.01
#epoch  14    val-loss:  0.15592921956589348  train-loss:  0.10434780173818581  lr:  0.01
#epoch  15    val-loss:  0.1158980225261889  train-loss:  0.10206333806854673  lr:  0.01
#epoch  16    val-loss:  0.12448048003410038  train-loss:  0.09860203153220937  lr:  0.01
#epoch  17    val-loss:  0.11978593625520405  train-loss:  0.09724350494798273  lr:  0.01
#epoch  18    val-loss:  0.12183716304992374  train-loss:  0.0939504882262554  lr:  0.01
#epoch  19    val-loss:  0.1046646629509173  train-loss:  0.08276067033875734  lr:  0.005
#epoch  20    val-loss:  0.10154860662786584  train-loss:  0.08152619263273664  lr:  0.005
#epoch  21    val-loss:  0.09711011107030668  train-loss:  0.08107435531564988  lr:  0.005
#epoch  22    val-loss:  0.09537981764266365  train-loss:  0.07996361225377768  lr:  0.005
#epoch  23    val-loss:  0.09327556153661326  train-loss:  0.07938652843586169  lr:  0.005
#epoch  24    val-loss:  0.09263228977981366  train-loss:  0.07843437226256356  lr:  0.005
#epoch  25    val-loss:  0.10010177798961338  train-loss:  0.07778398779919371  lr:  0.005
#epoch  26    val-loss:  0.0972297866093485  train-loss:  0.07747302055940963  lr:  0.005
#epoch  27    val-loss:  0.09942344536906794  train-loss:  0.07699266701820306  lr:  0.005
#epoch  28    val-loss:  0.08444669960360777  train-loss:  0.07062423138995655  lr:  0.0025
#epoch  29    val-loss:  0.08599372678681423  train-loss:  0.0699925506778527  lr:  0.0025
#epoch  30    val-loss:  0.08649476813642602  train-loss:  0.06962235225364566  lr:  0.0025
#epoch  31    val-loss:  0.08454286620805138  train-loss:  0.06957782099198084  lr:  0.0025
#epoch  32    val-loss:  0.08185060008576042  train-loss:  0.06638489592296537  lr:  0.00125
#epoch  33    val-loss:  0.0811028609934606  train-loss:  0.06590355571825057  lr:  0.00125
#epoch  34    val-loss:  0.08045400130121332  train-loss:  0.06573999307875056  lr:  0.00125
#epoch  35    val-loss:  0.08178753641090895  train-loss:  0.06556512297538575  lr:  0.00125
#epoch  36    val-loss:  0.08135125903706801  train-loss:  0.06529330421471968  lr:  0.00125
#epoch  37    val-loss:  0.08083232805917137  train-loss:  0.0651750139950309  lr:  0.00125
#epoch  38    val-loss:  0.07871620553104501  train-loss:  0.06340139421808999  lr:  0.000625
#epoch  39    val-loss:  0.07874502006329988  train-loss:  0.06320923780731391  lr:  0.000625
#epoch  40    val-loss:  0.07932925694867184  train-loss:  0.0631863325543236  lr:  0.000625
#epoch  41    val-loss:  0.07913758252796374  train-loss:  0.06307950754126068  lr:  0.000625
#epoch  42    val-loss:  0.0780640228798515  train-loss:  0.06203086160530802  lr:  0.0003125
#epoch  43    val-loss:  0.07805080594200837  train-loss:  0.062006711566937156  lr:  0.0003125
#epoch  44    val-loss:  0.07824794712819551  train-loss:  0.061890494005638175  lr:  0.0003125
#epoch  45    val-loss:  0.07737968038571508  train-loss:  0.061876529434812255  lr:  0.0003125
#epoch  46    val-loss:  0.07745374896024403  train-loss:  0.06175760889891535  lr:  0.0003125
#epoch  47    val-loss:  0.07886972082288642  train-loss:  0.061758691095747054  lr:  0.0003125
#epoch  48    val-loss:  0.07746172343429766  train-loss:  0.061622255147085525  lr:  0.0003125
#epoch  49    val-loss:  0.07710483317312442  train-loss:  0.06107482413062826  lr:  0.00015625
#epoch  50    val-loss:  0.0771323454223181  train-loss:  0.060979759917245246  lr:  0.00015625
#epoch  51    val-loss:  0.07680713973547283  train-loss:  0.060923124285181984  lr:  0.00015625
#epoch  52    val-loss:  0.07712387724926598  train-loss:  0.060998421264230274  lr:  0.00015625
#epoch  53    val-loss:  0.07716962342199526  train-loss:  0.06090464265435003  lr:  0.00015625
#epoch  54    val-loss:  0.07685821817109459  train-loss:  0.060803333995863795  lr:  0.00015625
#epoch  55    val-loss:  0.07661002756733644  train-loss:  0.0605463005049387  lr:  7.8125e-05
#epoch  56    val-loss:  0.07686328848725871  train-loss:  0.06056732234719675  lr:  7.8125e-05
#epoch  57    val-loss:  0.07683833962992619  train-loss:  0.060522202620632015  lr:  7.8125e-05
#epoch  58    val-loss:  0.07717242052680567  train-loss:  0.060476016165921465  lr:  7.8125e-05
#epoch  59    val-loss:  0.07665723679881346  train-loss:  0.060300571101834066  lr:  3.90625e-05
#epoch  60    val-loss:  0.07670394527284723  train-loss:  0.060344329656800255  lr:  3.90625e-05
#epoch  61    val-loss:  0.07675714986888986  train-loss:  0.06030585114785936  lr:  3.90625e-05
#epoch  62    val-loss:  0.07640045920484945  train-loss:  0.06022084069263656  lr:  1.953125e-05
#epoch  63    val-loss:  0.07679289265682823  train-loss:  0.06021358563157264  lr:  1.953125e-05
#epoch  64    val-loss:  0.07686909680303775  train-loss:  0.060191355893039145  lr:  1.953125e-05
#epoch  65    val-loss:  0.07683548213619935  train-loss:  0.06019634922267869  lr:  1.953125e-05
#epoch  66    val-loss:  0.0766648226662686  train-loss:  0.06014744121057447  lr:  9.765625e-06
#epoch  67    val-loss:  0.07668523882564746  train-loss:  0.060109024692792445  lr:  9.765625e-06
#epoch  68    val-loss:  0.0766155006069886  train-loss:  0.06009459697816055  lr:  9.765625e-06
#epoch  69    val-loss:  0.0765543752594998  train-loss:  0.060106474586063996  lr:  4.8828125e-06
#epoch  70    val-loss:  0.07670615731101287  train-loss:  0.06013081096170936  lr:  4.8828125e-06
#epoch  71    val-loss:  0.07650055461808254  train-loss:  0.060123121889773756  lr:  4.8828125e-06
#epoch  72    val-loss:  0.07656452608735938  train-loss:  0.06006422720383853  lr:  2.44140625e-06
#epoch  73    val-loss:  0.07656275402558477  train-loss:  0.060102985677076504  lr:  2.44140625e-06
#epoch  74    val-loss:  0.07660097275909625  train-loss:  0.06010783708188683  lr:  2.44140625e-06
#epoch  75    val-loss:  0.0767970198863431  train-loss:  0.06009848610847257  lr:  1.220703125e-06
#epoch  76    val-loss:  0.07693665827575483  train-loss:  0.060094168366049416  lr:  1.220703125e-06
#epoch  77    val-loss:  0.07689389704089415  train-loss:  0.06013230356620625  lr:  1.220703125e-06
#epoch  78    val-loss:  0.07647617827904851  train-loss:  0.06009412520506885  lr:  6.103515625e-07
#epoch  79    val-loss:  0.07685871108582146  train-loss:  0.06006204143341165  lr:  6.103515625e-07
#epoch  80    val-loss:  0.07699777225130483  train-loss:  0.060074911583797075  lr:  6.103515625e-07
#epoch  81    val-loss:  0.07674614026358254  train-loss:  0.06006790339597501  lr:  3.0517578125e-07
#epoch  82    val-loss:  0.07631760561152508  train-loss:  0.060087107674917206  lr:  3.0517578125e-07
#epoch  83    val-loss:  0.07683382575449191  train-loss:  0.06015475829190109  lr:  3.0517578125e-07
#epoch  84    val-loss:  0.0767700762340897  train-loss:  0.060119575791759416  lr:  3.0517578125e-07
#epoch  85    val-loss:  0.07664393319895393  train-loss:  0.060107461918960325  lr:  3.0517578125e-07
#epoch  86    val-loss:  0.07631519515263407  train-loss:  0.06009113370964769  lr:  1.52587890625e-07
#epoch  87    val-loss:  0.07655893109346691  train-loss:  0.06012333431863226  lr:  1.52587890625e-07
#epoch  88    val-loss:  0.07644654575147126  train-loss:  0.06011105376819614  lr:  1.52587890625e-07
#epoch  89    val-loss:  0.07659073134786204  train-loss:  0.06009458244079724  lr:  7.62939453125e-08
#epoch  90    val-loss:  0.07636876051363192  train-loss:  0.06007049897743855  lr:  7.62939453125e-08
#epoch  91    val-loss:  0.0766074665282902  train-loss:  0.060083297634264454  lr:  7.62939453125e-08
#epoch  92    val-loss:  0.07647776329203655  train-loss:  0.06008038741128985  lr:  3.814697265625e-08
#epoch  93    val-loss:  0.07633459058247115  train-loss:  0.060084494325565174  lr:  3.814697265625e-08
#epoch  94    val-loss:  0.07631719151609823  train-loss:  0.06005847727647051  lr:  3.814697265625e-08
#epoch  95    val-loss:  0.07668170176054302  train-loss:  0.060095857552369125  lr:  1.9073486328125e-08
#epoch  96    val-loss:  0.07648924816595881  train-loss:  0.060069919301895425  lr:  1.9073486328125e-08
#epoch  97    val-loss:  0.07639794326142262  train-loss:  0.06010344142850954  lr:  1.9073486328125e-08
#epoch  98    val-loss:  0.0764408550764385  train-loss:  0.060104254123871215  lr:  1.9073486328125e-08
#epoch  99    val-loss:  0.07664859138037029  train-loss:  0.060100580187281594  lr:  1.9073486328125e-08
#epoch  100    val-loss:  0.07690495801599402  train-loss:  0.06005466225906275  lr:  1.9073486328125e-08
#epoch  101    val-loss:  0.07650827302744515  train-loss:  0.060117061919299886  lr:  1.9073486328125e-08
#epoch  102    val-loss:  0.07641088884127767  train-loss:  0.06010127560875844  lr:  1.9073486328125e-08
#epoch  103    val-loss:  0.0764234807146223  train-loss:  0.06006512483872939  lr:  1.9073486328125e-08
#epoch  104    val-loss:  0.07659615968403063  train-loss:  0.06005331412598025  lr:  1.9073486328125e-08
#epoch  105    val-loss:  0.07666442739336114  train-loss:  0.06005560366611462  lr:  1.9073486328125e-08
#epoch  106    val-loss:  0.07660698733831707  train-loss:  0.060080233379267156  lr:  1.9073486328125e-08
#epoch  107    val-loss:  0.07652054570223156  train-loss:  0.06010443346167449  lr:  1.9073486328125e-08
#epoch  108    val-loss:  0.07661599391385128  train-loss:  0.06006728189822752  lr:  1.9073486328125e-08
#epoch  109    val-loss:  0.07659735373760525  train-loss:  0.060073524320614524  lr:  1.9073486328125e-08
#epoch  110    val-loss:  0.0767402005823035  train-loss:  0.060131050035124645  lr:  1.9073486328125e-08
#epoch  111    val-loss:  0.07667717729744158  train-loss:  0.06006328032526653  lr:  1.9073486328125e-08
#epoch  112    val-loss:  0.0765527667183625  train-loss:  0.06006694698589854  lr:  1.9073486328125e-08
#epoch  113    val-loss:  0.07660865862118571  train-loss:  0.06007362637319602  lr:  1.9073486328125e-08
#epoch  114    val-loss:  0.07671162799785011  train-loss:  0.06008063882472925  lr:  1.9073486328125e-08
#epoch  115    val-loss:  0.07667710475231472  train-loss:  0.06011679170478601  lr:  1.9073486328125e-08
#epoch  116    val-loss:  0.07658898712773073  train-loss:  0.060109759637271054  lr:  1.9073486328125e-08
#epoch  117    val-loss:  0.07668544273627431  train-loss:  0.06007704917283263  lr:  1.9073486328125e-08
#epoch  118    val-loss:  0.07649061868065282  train-loss:  0.06010274839354679  lr:  1.9073486328125e-08
#epoch  119    val-loss:  0.07619607605432209  train-loss:  0.06007598890573718  lr:  1.9073486328125e-08
#epoch  120    val-loss:  0.07695783831571278  train-loss:  0.06004548305645585  lr:  1.9073486328125e-08
#epoch  121    val-loss:  0.07661238744070656  train-loss:  0.060052782369893976  lr:  1.9073486328125e-08
#epoch  122    val-loss:  0.07655529717081472  train-loss:  0.060091968029155396  lr:  1.9073486328125e-08
#epoch  123    val-loss:  0.07625848407808103  train-loss:  0.060092069863458164  lr:  1.9073486328125e-08
#epoch  124    val-loss:  0.07656403670185491  train-loss:  0.06005479166924488  lr:  1.9073486328125e-08
#epoch  125    val-loss:  0.07683248857134267  train-loss:  0.0601066687668208  lr:  1.9073486328125e-08
#epoch  126    val-loss:  0.07649546704794231  train-loss:  0.060076861205743626  lr:  1.9073486328125e-08
#epoch  127    val-loss:  0.07684265077114105  train-loss:  0.060087053061579354  lr:  1.9073486328125e-08
#epoch  128    val-loss:  0.07654950571687598  train-loss:  0.06005837312841322  lr:  1.9073486328125e-08
#epoch  129    val-loss:  0.07686115879761546  train-loss:  0.06007055941154249  lr:  1.9073486328125e-08
#epoch  130    val-loss:  0.07690412551164627  train-loss:  0.06006451605935581  lr:  1.9073486328125e-08
#epoch  131    val-loss:  0.07656302420716536  train-loss:  0.06004990324436221  lr:  1.9073486328125e-08
#epoch  132    val-loss:  0.07648532837629318  train-loss:  0.060107595098088495  lr:  1.9073486328125e-08
#epoch  133    val-loss:  0.076468273605171  train-loss:  0.06007925886660814  lr:  1.9073486328125e-08
#epoch  134    val-loss:  0.07654559494633424  train-loss:  0.06007518763362896  lr:  1.9073486328125e-08
#epoch  135    val-loss:  0.07637439001547663  train-loss:  0.06010410915769171  lr:  1.9073486328125e-08
#epoch  136    val-loss:  0.07678890934115962  train-loss:  0.06008989909605589  lr:  1.9073486328125e-08
#epoch  137    val-loss:  0.07639937926279872  train-loss:  0.060074782304582186  lr:  1.9073486328125e-08
#epoch  138    val-loss:  0.0766347556522018  train-loss:  0.06007151221274398  lr:  1.9073486328125e-08
#epoch  139    val-loss:  0.076490854746417  train-loss:  0.060075449728174135  lr:  1.9073486328125e-08
#epoch  140    val-loss:  0.07677842558998811  train-loss:  0.0600265816465253  lr:  1.9073486328125e-08
#epoch  141    val-loss:  0.07650754639976903  train-loss:  0.06007515039527789  lr:  1.9073486328125e-08
#epoch  142    val-loss:  0.07656533035792802  train-loss:  0.060062734453822486  lr:  1.9073486328125e-08
#epoch  143    val-loss:  0.07656809413119366  train-loss:  0.06008897893480025  lr:  1.9073486328125e-08
#epoch  144    val-loss:  0.0767858361727313  train-loss:  0.06007628083170857  lr:  1.9073486328125e-08
#epoch  145    val-loss:  0.07684484908455297  train-loss:  0.06005734884820413  lr:  1.9073486328125e-08
#epoch  146    val-loss:  0.07637002201456773  train-loss:  0.060097126304754056  lr:  1.9073486328125e-08
#epoch  147    val-loss:  0.07661310975488864  train-loss:  0.06011849617061671  lr:  1.9073486328125e-08
#epoch  148    val-loss:  0.07648448763709319  train-loss:  0.06013142256415449  lr:  1.9073486328125e-08
#epoch  149    val-loss:  0.0765763183957652  train-loss:  0.06011132198909763  lr:  1.9073486328125e-08
#epoch  150    val-loss:  0.07644607871770859  train-loss:  0.06011416843102779  lr:  1.9073486328125e-08
#epoch  151    val-loss:  0.07670180342699352  train-loss:  0.0600812275079079  lr:  1.9073486328125e-08
#epoch  152    val-loss:  0.07656788982843098  train-loss:  0.06007262313505635  lr:  1.9073486328125e-08
#epoch  153    val-loss:  0.07658789150024715  train-loss:  0.060095482593169436  lr:  1.9073486328125e-08
#epoch  154    val-loss:  0.07651262573505703  train-loss:  0.06010339639033191  lr:  1.9073486328125e-08
#epoch  155    val-loss:  0.07682166758336519  train-loss:  0.060046753322239965  lr:  1.9073486328125e-08
#epoch  156    val-loss:  0.0763384790012711  train-loss:  0.060082387979491614  lr:  1.9073486328125e-08
#epoch  157    val-loss:  0.07635236296214555  train-loss:  0.060072764797951095  lr:  1.9073486328125e-08
#epoch  158    val-loss:  0.07659687886112615  train-loss:  0.06008252972969785  lr:  1.9073486328125e-08
#epoch  159    val-loss:  0.07654455539427306  train-loss:  0.06008815532550216  lr:  1.9073486328125e-08
#epoch  160    val-loss:  0.07637318302141993  train-loss:  0.06007640899042599  lr:  1.9073486328125e-08
#epoch  161    val-loss:  0.07689571262974489  train-loss:  0.06009595235809684  lr:  1.9073486328125e-08
#epoch  162    val-loss:  0.0768608309720692  train-loss:  0.06009895555325784  lr:  1.9073486328125e-08
#epoch  163    val-loss:  0.07669241216621901  train-loss:  0.060063018812797964  lr:  1.9073486328125e-08
#epoch  164    val-loss:  0.07650223021444522  train-loss:  0.06005036734859459  lr:  1.9073486328125e-08
#epoch  165    val-loss:  0.07641371025850899  train-loss:  0.06008040643064305  lr:  1.9073486328125e-08
#epoch  166    val-loss:  0.07641368359327316  train-loss:  0.06007888002204709  lr:  1.9073486328125e-08
#epoch  167    val-loss:  0.07627429068088531  train-loss:  0.06011062643665355  lr:  1.9073486328125e-08
#epoch  168    val-loss:  0.07662646119531832  train-loss:  0.06011251402378548  lr:  1.9073486328125e-08
#epoch  169    val-loss:  0.07664087179460023  train-loss:  0.06003435740421992  lr:  1.9073486328125e-08
#epoch  170    val-loss:  0.07656313988723253  train-loss:  0.0601183101098286  lr:  1.9073486328125e-08
#epoch  171    val-loss:  0.07683419593070683  train-loss:  0.06008000785368495  lr:  1.9073486328125e-08
#epoch  172    val-loss:  0.0766549400593105  train-loss:  0.060110049351351336  lr:  1.9073486328125e-08
#epoch  173    val-loss:  0.07669822793257863  train-loss:  0.06002737570088357  lr:  1.9073486328125e-08
#epoch  174    val-loss:  0.07674610575563029  train-loss:  0.060066769845434465  lr:  1.9073486328125e-08
#epoch  175    val-loss:  0.07656332262252506  train-loss:  0.06004155873961281  lr:  1.9073486328125e-08
#epoch  176    val-loss:  0.07664092865429427  train-loss:  0.060091039500548504  lr:  1.9073486328125e-08
#epoch  177    val-loss:  0.07668410633739672  train-loss:  0.06007960000715684  lr:  1.9073486328125e-08
#epoch  178    val-loss:  0.07644343336946086  train-loss:  0.060080740819103085  lr:  1.9073486328125e-08
#epoch  179    val-loss:  0.0764950106018468  train-loss:  0.06008371649659239  lr:  1.9073486328125e-08
#epoch  180    val-loss:  0.07667313947489388  train-loss:  0.060065746525651775  lr:  1.9073486328125e-08
#epoch  181    val-loss:  0.07676509140353453  train-loss:  0.06009789981180802  lr:  1.9073486328125e-08
#epoch  182    val-loss:  0.0766883555211519  train-loss:  0.060098278714576736  lr:  1.9073486328125e-08
#epoch  183    val-loss:  0.07667499506159832  train-loss:  0.06011269874579739  lr:  1.9073486328125e-08
#epoch  184    val-loss:  0.07680421440224898  train-loss:  0.06003769727249164  lr:  1.9073486328125e-08
#epoch  185    val-loss:  0.07666401133725517  train-loss:  0.06007751620199997  lr:  1.9073486328125e-08
#epoch  186    val-loss:  0.07663791548264653  train-loss:  0.060078479393268935  lr:  1.9073486328125e-08
#epoch  187    val-loss:  0.07663564736905851  train-loss:  0.06007349627907388  lr:  1.9073486328125e-08
#epoch  188    val-loss:  0.07680030206316396  train-loss:  0.060119448840850964  lr:  1.9073486328125e-08
#epoch  189    val-loss:  0.0764576455480174  train-loss:  0.060072813867009245  lr:  1.9073486328125e-08
#epoch  190    val-loss:  0.07651097954888093  train-loss:  0.06009393511340022  lr:  1.9073486328125e-08
#epoch  191    val-loss:  0.07663535522787195  train-loss:  0.06011022655002307  lr:  1.9073486328125e-08
#epoch  192    val-loss:  0.07669757855565924  train-loss:  0.0600521079468308  lr:  1.9073486328125e-08
#epoch  193    val-loss:  0.07692558396803706  train-loss:  0.06008547455712687  lr:  1.9073486328125e-08
#epoch  194    val-loss:  0.07636072172930367  train-loss:  0.06007801726809703  lr:  1.9073486328125e-08
#epoch  195    val-loss:  0.07665667643672541  train-loss:  0.06009200474363752  lr:  1.9073486328125e-08
#epoch  196    val-loss:  0.07662038701145273  train-loss:  0.060082995405537076  lr:  1.9073486328125e-08
#epoch  197    val-loss:  0.07632431740823545  train-loss:  0.06005082628689706  lr:  1.9073486328125e-08
#epoch  198    val-loss:  0.07630677403588045  train-loss:  0.06006443612568546  lr:  1.9073486328125e-08
#epoch  199    val-loss:  0.07666554223549993  train-loss:  0.06005049111263361  lr:  1.9073486328125e-08
#epoch  200    val-loss:  0.07663078449274364  train-loss:  0.06007227863301523  lr:  1.9073486328125e-08
#epoch  201    val-loss:  0.07651342020223015  train-loss:  0.06010358153434936  lr:  1.9073486328125e-08
#epoch  202    val-loss:  0.07636834132043939  train-loss:  0.06003698834683746  lr:  1.9073486328125e-08
#epoch  203    val-loss:  0.07669379444498765  train-loss:  0.0600711483421037  lr:  1.9073486328125e-08
#epoch  204    val-loss:  0.07673586669721101  train-loss:  0.06010322252404876  lr:  1.9073486328125e-08
#epoch  205    val-loss:  0.07646514357704866  train-loss:  0.060071212210459635  lr:  1.9073486328125e-08
#epoch  206    val-loss:  0.07686294772123035  train-loss:  0.06009087183338124  lr:  1.9073486328125e-08
#epoch  207    val-loss:  0.07641556584521343  train-loss:  0.06012923717207741  lr:  1.9073486328125e-08
#epoch  208    val-loss:  0.07670154893084576  train-loss:  0.06007193436380476  lr:  1.9073486328125e-08
#epoch  209    val-loss:  0.07649411182654531  train-loss:  0.060057835129555315  lr:  1.9073486328125e-08
#epoch  210    val-loss:  0.07678997085282677  train-loss:  0.060070591964176856  lr:  1.9073486328125e-08
#epoch  211    val-loss:  0.0764082819223404  train-loss:  0.06007336260518059  lr:  1.9073486328125e-08
#epoch  212    val-loss:  0.07686344808653782  train-loss:  0.06010008728480898  lr:  1.9073486328125e-08
#epoch  213    val-loss:  0.07657841985162936  train-loss:  0.060061933763790876  lr:  1.9073486328125e-08
#epoch  214    val-loss:  0.07655779821308036  train-loss:  0.06007761080400087  lr:  1.9073486328125e-08
#epoch  215    val-loss:  0.07655905657692959  train-loss:  0.060082308351411484  lr:  1.9073486328125e-08
#epoch  216    val-loss:  0.07660547094909768  train-loss:  0.06010622679605149  lr:  1.9073486328125e-08
#epoch  217    val-loss:  0.0766273768324601  train-loss:  0.060099943744717166  lr:  1.9073486328125e-08
#epoch  218    val-loss:  0.07649070377412595  train-loss:  0.060080649724113755  lr:  1.9073486328125e-08
#epoch  219    val-loss:  0.07656115058221315  train-loss:  0.06005085133074317  lr:  1.9073486328125e-08
#epoch  220    val-loss:  0.07650279449789148  train-loss:  0.0600738348584855  lr:  1.9073486328125e-08
#epoch  221    val-loss:  0.07663825311158833  train-loss:  0.06010130305367056  lr:  1.9073486328125e-08
#epoch  222    val-loss:  0.07674993260910637  train-loss:  0.06008529981772881  lr:  1.9073486328125e-08
#epoch  223    val-loss:  0.07691077731157604  train-loss:  0.06008797862159554  lr:  1.9073486328125e-08
#epoch  224    val-loss:  0.07655468230184756  train-loss:  0.060123663672129624  lr:  1.9073486328125e-08
#epoch  225    val-loss:  0.0766278556302974  train-loss:  0.060065123296226375  lr:  1.9073486328125e-08
#epoch  226    val-loss:  0.07670173676390397  train-loss:  0.060131653444841504  lr:  1.9073486328125e-08
#epoch  227    val-loss:  0.07665478555779708  train-loss:  0.060101648661657237  lr:  1.9073486328125e-08
#epoch  228    val-loss:  0.07641327224279705  train-loss:  0.06009788483788725  lr:  1.9073486328125e-08
#epoch  229    val-loss:  0.0763386519331681  train-loss:  0.060053775130654685  lr:  1.9073486328125e-08
#epoch  230    val-loss:  0.07668503491502059  train-loss:  0.060167224874021485  lr:  1.9073486328125e-08
#epoch  231    val-loss:  0.07651959398859426  train-loss:  0.06011498157749884  lr:  1.9073486328125e-08
#epoch  232    val-loss:  0.07659233792832024  train-loss:  0.0600666486134287  lr:  1.9073486328125e-08
#epoch  233    val-loss:  0.07649926096200943  train-loss:  0.0600757096108282  lr:  1.9073486328125e-08
#epoch  234    val-loss:  0.07641017633049112  train-loss:  0.060069763552746736  lr:  1.9073486328125e-08
#epoch  235    val-loss:  0.07644604773897874  train-loss:  0.060094589891377836  lr:  1.9073486328125e-08
#epoch  236    val-loss:  0.07686708828336314  train-loss:  0.060128964149043895  lr:  1.9073486328125e-08
#epoch  237    val-loss:  0.07670569772783078  train-loss:  0.060108551173470914  lr:  1.9073486328125e-08
#epoch  238    val-loss:  0.07656252776321612  train-loss:  0.06007150480581913  lr:  1.9073486328125e-08
#epoch  239    val-loss:  0.07690050805869855  train-loss:  0.06010643301124219  lr:  1.9073486328125e-08
#epoch  240    val-loss:  0.07650542925847204  train-loss:  0.06007178805884905  lr:  1.9073486328125e-08
#epoch  241    val-loss:  0.0766077049468693  train-loss:  0.06010770688590128  lr:  1.9073486328125e-08
#epoch  242    val-loss:  0.07672114160500075  train-loss:  0.06011384566954803  lr:  1.9073486328125e-08
#epoch  243    val-loss:  0.07643907007418181  train-loss:  0.060061170705012046  lr:  1.9073486328125e-08
#epoch  244    val-loss:  0.07640386804154045  train-loss:  0.06006380025064573  lr:  1.9073486328125e-08
#epoch  245    val-loss:  0.07659987634734104  train-loss:  0.06006774809793569  lr:  1.9073486328125e-08
#epoch  246    val-loss:  0.07666878872796108  train-loss:  0.06012708386697341  lr:  1.9073486328125e-08
#epoch  247    val-loss:  0.0766545287088344  train-loss:  0.060104302887339145  lr:  1.9073486328125e-08
#epoch  248    val-loss:  0.07665863241020002  train-loss:  0.06005822334554978  lr:  1.9073486328125e-08
#epoch  249    val-loss:  0.07639631080000024  train-loss:  0.060049970212276094  lr:  1.9073486328125e-08
#epoch  250    val-loss:  0.07632885559609062  train-loss:  0.060085833436460234  lr:  1.9073486328125e-08
#epoch  251    val-loss:  0.07673075442251406  train-loss:  0.0600892767397454  lr:  1.9073486328125e-08
#epoch  252    val-loss:  0.0768706520137034  train-loss:  0.060064981793402694  lr:  1.9073486328125e-08
#epoch  253    val-loss:  0.07650865261491976  train-loss:  0.06004174309782684  lr:  1.9073486328125e-08
#epoch  254    val-loss:  0.07650198826664373  train-loss:  0.06006050489668269  lr:  1.9073486328125e-08
#epoch  255    val-loss:  0.07674478974781539  train-loss:  0.06008427287451923  lr:  1.9073486328125e-08
#epoch  256    val-loss:  0.07661101222038269  train-loss:  0.06008625363756437  lr:  1.9073486328125e-08
#epoch  257    val-loss:  0.07659158777249486  train-loss:  0.06010473323112819  lr:  1.9073486328125e-08
#epoch  258    val-loss:  0.07660477137879322  train-loss:  0.06007633793342393  lr:  1.9073486328125e-08
#epoch  259    val-loss:  0.07655346903361772  train-loss:  0.06009991982136853  lr:  1.9073486328125e-08
#epoch  260    val-loss:  0.07633285185224131  train-loss:  0.06006873384467326  lr:  1.9073486328125e-08
#epoch  261    val-loss:  0.07661880944904528  train-loss:  0.060097258508903906  lr:  1.9073486328125e-08
#epoch  262    val-loss:  0.07695045008471138  train-loss:  0.06003998467349447  lr:  1.9073486328125e-08
#epoch  263    val-loss:  0.07667253950708791  train-loss:  0.060069951141485944  lr:  1.9073486328125e-08
#epoch  264    val-loss:  0.07647302589918438  train-loss:  0.06010276873712428  lr:  1.9073486328125e-08
#epoch  265    val-loss:  0.07651290179867494  train-loss:  0.06011207423580345  lr:  1.9073486328125e-08
#epoch  266    val-loss:  0.07649446239596919  train-loss:  0.0600740252120886  lr:  1.9073486328125e-08
#epoch  267    val-loss:  0.07656736711138173  train-loss:  0.060090478451456875  lr:  1.9073486328125e-08
#epoch  268    val-loss:  0.07643704704548183  train-loss:  0.060073141779867  lr:  1.9073486328125e-08
#epoch  269    val-loss:  0.07690194209939555  train-loss:  0.060149025957798585  lr:  1.9073486328125e-08
#epoch  270    val-loss:  0.07674072290721692  train-loss:  0.060087390447733924  lr:  1.9073486328125e-08
#epoch  271    val-loss:  0.0764556801632831  train-loss:  0.06010610263911076  lr:  1.9073486328125e-08
#epoch  272    val-loss:  0.0764323520032983  train-loss:  0.06007881439290941  lr:  1.9073486328125e-08
#epoch  273    val-loss:  0.0766678354457805  train-loss:  0.06008990673581138  lr:  1.9073486328125e-08
#epoch  274    val-loss:  0.07638191549401534  train-loss:  0.06010080782289151  lr:  1.9073486328125e-08
#epoch  275    val-loss:  0.0766052725283723  train-loss:  0.06009236951649655  lr:  1.9073486328125e-08
#epoch  276    val-loss:  0.0767851173877716  train-loss:  0.06010942473949399  lr:  1.9073486328125e-08
#epoch  277    val-loss:  0.07688473674811815  train-loss:  0.060051682783523574  lr:  1.9073486328125e-08
#epoch  278    val-loss:  0.07657413419924285  train-loss:  0.060082269585109316  lr:  1.9073486328125e-08
#epoch  279    val-loss:  0.07640077997195094  train-loss:  0.06006574376078788  lr:  1.9073486328125e-08
#epoch  280    val-loss:  0.07649339343372144  train-loss:  0.06003030025749467  lr:  1.9073486328125e-08
#epoch  281    val-loss:  0.07663423528796748  train-loss:  0.06005959205504041  lr:  1.9073486328125e-08
#epoch  282    val-loss:  0.07686051883195576  train-loss:  0.060045396763598546  lr:  1.9073486328125e-08
#epoch  283    val-loss:  0.07630018262486708  train-loss:  0.06006996057112701  lr:  1.9073486328125e-08
#epoch  284    val-loss:  0.07624350527399465  train-loss:  0.06006998800148722  lr:  1.9073486328125e-08
#epoch  285    val-loss:  0.07671307811611577  train-loss:  0.060056054062442854  lr:  1.9073486328125e-08
#epoch  286    val-loss:  0.07659654907490078  train-loss:  0.060077369373175316  lr:  1.9073486328125e-08
#epoch  287    val-loss:  0.07647730370885447  train-loss:  0.06011035347182769  lr:  1.9073486328125e-08
#epoch  288    val-loss:  0.07690356514955822  train-loss:  0.06004236785520334  lr:  1.9073486328125e-08
#epoch  289    val-loss:  0.0765640947379564  train-loss:  0.060124487412394956  lr:  1.9073486328125e-08
#epoch  290    val-loss:  0.07691946900204609  train-loss:  0.0601241308322642  lr:  1.9073486328125e-08
#epoch  291    val-loss:  0.0763640391983484  train-loss:  0.06010936504753772  lr:  1.9073486328125e-08
#epoch  292    val-loss:  0.07650496771461085  train-loss:  0.06011142321221996  lr:  1.9073486328125e-08
#epoch  293    val-loss:  0.07694741142423529  train-loss:  0.060076551206293516  lr:  1.9073486328125e-08
#epoch  294    val-loss:  0.0766637395871313  train-loss:  0.060065657205996104  lr:  1.9073486328125e-08
#epoch  295    val-loss:  0.07688224080361818  train-loss:  0.06012598061352037  lr:  1.9073486328125e-08
#epoch  296    val-loss:  0.07679581210801475  train-loss:  0.06011052591202315  lr:  1.9073486328125e-08
#epoch  297    val-loss:  0.07664048907003905  train-loss:  0.060067395112128  lr:  1.9073486328125e-08
#epoch  298    val-loss:  0.07645275365365178  train-loss:  0.060144482282339595  lr:  1.9073486328125e-08
#epoch  299    val-loss:  0.07669051030748769  train-loss:  0.060078617636463605  lr:  1.9073486328125e-08
#epoch  300    val-loss:  0.0765645284401743  train-loss:  0.06008592988655437  lr:  1.9073486328125e-08
#epoch  301    val-loss:  0.07691098043793126  train-loss:  0.06010205279744696  lr:  1.9073486328125e-08
#epoch  302    val-loss:  0.07666425681427906  train-loss:  0.06005225554690696  lr:  1.9073486328125e-08
#epoch  303    val-loss:  0.07638111867402729  train-loss:  0.060069812534493394  lr:  1.9073486328125e-08
#epoch  304    val-loss:  0.07668916881084442  train-loss:  0.0600811379699735  lr:  1.9073486328125e-08
#epoch  305    val-loss:  0.07668646385795191  train-loss:  0.06011761819536332  lr:  1.9073486328125e-08
#epoch  306    val-loss:  0.07666928164268795  train-loss:  0.06006628359318711  lr:  1.9073486328125e-08
#epoch  307    val-loss:  0.07646452517885911  train-loss:  0.06004473591747228  lr:  1.9073486328125e-08
#epoch  308    val-loss:  0.07662197908288554  train-loss:  0.06009346207429189  lr:  1.9073486328125e-08
#epoch  309    val-loss:  0.07678892267377753  train-loss:  0.06008539740287233  lr:  1.9073486328125e-08
#epoch  310    val-loss:  0.07651886579237487  train-loss:  0.06009867144166492  lr:  1.9073486328125e-08
#epoch  311    val-loss:  0.07688321094763906  train-loss:  0.0600705503456993  lr:  1.9073486328125e-08
#epoch  312    val-loss:  0.07652127742767334  train-loss:  0.06005988555261865  lr:  1.9073486328125e-08
#epoch  313    val-loss:  0.07663982832118084  train-loss:  0.06005436379928142  lr:  1.9073486328125e-08
#epoch  314    val-loss:  0.07671004769049193  train-loss:  0.06010973814409226  lr:  1.9073486328125e-08
#epoch  315    val-loss:  0.07666752016858051  train-loss:  0.06005117719178088  lr:  1.9073486328125e-08
#epoch  316    val-loss:  0.07656079334648032  train-loss:  0.060069583108997904  lr:  1.9073486328125e-08
#epoch  317    val-loss:  0.07653452416783885  train-loss:  0.060071723215514794  lr:  1.9073486328125e-08
#epoch  318    val-loss:  0.07653932194960744  train-loss:  0.06009577654185705  lr:  1.9073486328125e-08
#epoch  319    val-loss:  0.0766143873333931  train-loss:  0.06012876550084911  lr:  1.9073486328125e-08
#epoch  320    val-loss:  0.07647119776198738  train-loss:  0.060079634000430815  lr:  1.9073486328125e-08
#epoch  321    val-loss:  0.07641957425757458  train-loss:  0.06011023119208403  lr:  1.9073486328125e-08
#epoch  322    val-loss:  0.07632712666925631  train-loss:  0.06008782646676991  lr:  1.9073486328125e-08
#epoch  323    val-loss:  0.07663552815976896  train-loss:  0.06006010236160364  lr:  1.9073486328125e-08
#epoch  324    val-loss:  0.07640435311355089  train-loss:  0.06009140593232587  lr:  1.9073486328125e-08
#epoch  325    val-loss:  0.07661874906012886  train-loss:  0.06005538473255001  lr:  1.9073486328125e-08
#epoch  326    val-loss:  0.07673215042603643  train-loss:  0.06006233821972273  lr:  1.9073486328125e-08
#epoch  327    val-loss:  0.07672005734945599  train-loss:  0.06007702356146183  lr:  1.9073486328125e-08
#epoch  328    val-loss:  0.07663232911574214  train-loss:  0.06012453307630494  lr:  1.9073486328125e-08
#epoch  329    val-loss:  0.07628846952789708  train-loss:  0.06011545927322004  lr:  1.9073486328125e-08
#epoch  330    val-loss:  0.07677718604865827  train-loss:  0.06007479390245862  lr:  1.9073486328125e-08
#epoch  331    val-loss:  0.07665282213374187  train-loss:  0.06012486945837736  lr:  1.9073486328125e-08
#epoch  332    val-loss:  0.07659964537934254  train-loss:  0.0600671880383743  lr:  1.9073486328125e-08
#epoch  333    val-loss:  0.07647020448195307  train-loss:  0.06007246999070048  lr:  1.9073486328125e-08
#epoch  334    val-loss:  0.07637219013352144  train-loss:  0.06006664664892014  lr:  1.9073486328125e-08
#epoch  335    val-loss:  0.07665768030442689  train-loss:  0.060061141397454776  lr:  1.9073486328125e-08
#epoch  336    val-loss:  0.07646462360495015  train-loss:  0.06006400479236618  lr:  1.9073486328125e-08
#epoch  337    val-loss:  0.07691919450697146  train-loss:  0.06009622509009205  lr:  1.9073486328125e-08
#epoch  338    val-loss:  0.07661378383636475  train-loss:  0.06008524265780579  lr:  1.9073486328125e-08
#epoch  339    val-loss:  0.07673989667704231  train-loss:  0.06008096977893729  lr:  1.9073486328125e-08
#epoch  340    val-loss:  0.07670609143219496  train-loss:  0.060059151393943466  lr:  1.9073486328125e-08
#epoch  341    val-loss:  0.07702826277205818  train-loss:  0.06009088474093005  lr:  1.9073486328125e-08
#epoch  342    val-loss:  0.07682202913259205  train-loss:  0.060075472749304026  lr:  1.9073486328125e-08
#epoch  343    val-loss:  0.07667837213528783  train-loss:  0.06007302184298169  lr:  1.9073486328125e-08
#epoch  344    val-loss:  0.07665716543009407  train-loss:  0.0600889655033825  lr:  1.9073486328125e-08
#epoch  345    val-loss:  0.07683030319841284  train-loss:  0.06005593028385192  lr:  1.9073486328125e-08
#epoch  346    val-loss:  0.0766042118009768  train-loss:  0.06010834265907761  lr:  1.9073486328125e-08
#epoch  347    val-loss:  0.07651089014191377  train-loss:  0.06007219720049761  lr:  1.9073486328125e-08
#epoch  348    val-loss:  0.07637080707048115  train-loss:  0.060050502681406215  lr:  1.9073486328125e-08
#epoch  349    val-loss:  0.07700237592584208  train-loss:  0.0600944380130386  lr:  1.9073486328125e-08
#epoch  350    val-loss:  0.07673243825372897  train-loss:  0.06007705185038503  lr:  1.9073486328125e-08
#epoch  351    val-loss:  0.0764287404323879  train-loss:  0.060089525853982195  lr:  1.9073486328125e-08
#epoch  352    val-loss:  0.07672737029037978  train-loss:  0.060105054260930046  lr:  1.9073486328125e-08
#epoch  353    val-loss:  0.07686310692837364  train-loss:  0.06005935787106864  lr:  1.9073486328125e-08
#epoch  354    val-loss:  0.07683138470900686  train-loss:  0.06007634673733264  lr:  1.9073486328125e-08
#epoch  355    val-loss:  0.07646633880703073  train-loss:  0.060084316006395966  lr:  1.9073486328125e-08
#epoch  356    val-loss:  0.07658686645721134  train-loss:  0.06008333060890436  lr:  1.9073486328125e-08
#epoch  357    val-loss:  0.07673005053871557  train-loss:  0.060045212201657705  lr:  1.9073486328125e-08
#epoch  358    val-loss:  0.07670523500756214  train-loss:  0.06009017312317155  lr:  1.9073486328125e-08
#epoch  359    val-loss:  0.07666239338485818  train-loss:  0.06008619429485407  lr:  1.9073486328125e-08
#epoch  360    val-loss:  0.07648928502672597  train-loss:  0.06009134325722698  lr:  1.9073486328125e-08
#epoch  361    val-loss:  0.07659178070331875  train-loss:  0.06005605352402199  lr:  1.9073486328125e-08
#epoch  362    val-loss:  0.0762926198934254  train-loss:  0.06010223529301584  lr:  1.9073486328125e-08
#epoch  363    val-loss:  0.07647694529671419  train-loss:  0.060100116083049215  lr:  1.9073486328125e-08
#epoch  364    val-loss:  0.07648210149062307  train-loss:  0.06008084396307822  lr:  1.9073486328125e-08
#epoch  365    val-loss:  0.07648643655212302  train-loss:  0.06004170067899395  lr:  1.9073486328125e-08
#epoch  366    val-loss:  0.07658051268050545  train-loss:  0.06009429745608941  lr:  1.9073486328125e-08
#epoch  367    val-loss:  0.07636678022773642  train-loss:  0.06007762037916109  lr:  1.9073486328125e-08
#epoch  368    val-loss:  0.07687741635661376  train-loss:  0.0601028039236553  lr:  1.9073486328125e-08
#epoch  369    val-loss:  0.07646060656560094  train-loss:  0.05999851186061278  lr:  1.9073486328125e-08
#epoch  370    val-loss:  0.07645951289879649  train-loss:  0.060049548163078725  lr:  1.9073486328125e-08
#epoch  371    val-loss:  0.0767752100762568  train-loss:  0.06010903629066888  lr:  1.9073486328125e-08
#epoch  372    val-loss:  0.0765080695089541  train-loss:  0.060106147269834764  lr:  1.9073486328125e-08
#epoch  373    val-loss:  0.07674151070808109  train-loss:  0.060088521291618235  lr:  1.9073486328125e-08
#epoch  374    val-loss:  0.07641271658633884  train-loss:  0.060061165524530225  lr:  1.9073486328125e-08
#epoch  375    val-loss:  0.07659365511254261  train-loss:  0.06011297543591354  lr:  1.9073486328125e-08
#epoch  376    val-loss:  0.07646629841704118  train-loss:  0.06010117460391484  lr:  1.9073486328125e-08
#epoch  377    val-loss:  0.07655198244672072  train-loss:  0.06003274553222582  lr:  1.9073486328125e-08
#epoch  378    val-loss:  0.07659583930906497  train-loss:  0.060079090180806816  lr:  1.9073486328125e-08
#epoch  379    val-loss:  0.07670780585000389  train-loss:  0.060030543405446224  lr:  1.9073486328125e-08
#epoch  380    val-loss:  0.07661605665558263  train-loss:  0.06010293390136212  lr:  1.9073486328125e-08
#epoch  381    val-loss:  0.07649719636691243  train-loss:  0.06008162020589225  lr:  1.9073486328125e-08
#epoch  382    val-loss:  0.07664791769103001  train-loss:  0.06007774740282912  lr:  1.9073486328125e-08
#epoch  383    val-loss:  0.07654391346793425  train-loss:  0.060156120161991566  lr:  1.9073486328125e-08
#epoch  384    val-loss:  0.0763698828063513  train-loss:  0.0600824054563418  lr:  1.9073486328125e-08
#epoch  385    val-loss:  0.0765552105087983  train-loss:  0.06008060935710091  lr:  1.9073486328125e-08
#epoch  386    val-loss:  0.07659616752674706  train-loss:  0.060100335991592146  lr:  1.9073486328125e-08
#epoch  387    val-loss:  0.07669293605967571  train-loss:  0.06007644784403965  lr:  1.9073486328125e-08
#epoch  388    val-loss:  0.0768158769136981  train-loss:  0.060109186597401276  lr:  1.9073486328125e-08
#epoch  389    val-loss:  0.07637910976221687  train-loss:  0.0600838551617926  lr:  1.9073486328125e-08
#epoch  390    val-loss:  0.07645177958827269  train-loss:  0.060120776601252146  lr:  1.9073486328125e-08
#epoch  391    val-loss:  0.07690487880455821  train-loss:  0.06008130889676977  lr:  1.9073486328125e-08
#epoch  392    val-loss:  0.07642952980179536  train-loss:  0.06011081757606007  lr:  1.9073486328125e-08
#epoch  393    val-loss:  0.07639728447324351  train-loss:  0.06009661388816312  lr:  1.9073486328125e-08
#epoch  394    val-loss:  0.07652360318522704  train-loss:  0.060083465330535546  lr:  1.9073486328125e-08
#epoch  395    val-loss:  0.07681529576841153  train-loss:  0.06002817505213898  lr:  1.9073486328125e-08
#epoch  396    val-loss:  0.07685815346868415  train-loss:  0.06009201215056237  lr:  1.9073486328125e-08
#epoch  397    val-loss:  0.07655848954853259  train-loss:  0.06009699417336378  lr:  1.9073486328125e-08
#epoch  398    val-loss:  0.07663729512377788  train-loss:  0.06008605954411905  lr:  1.9073486328125e-08
#epoch  399    val-loss:  0.07636847582302596  train-loss:  0.06009149811870884  lr:  1.9073486328125e-08
#epoch  400    val-loss:  0.07657568823350103  train-loss:  0.060091252278652973  lr:  1.9073486328125e-08
#epoch  401    val-loss:  0.07669373484034288  train-loss:  0.06009842673665844  lr:  1.9073486328125e-08
#epoch  402    val-loss:  0.07668503726783552  train-loss:  0.060110563921625726  lr:  1.9073486328125e-08
#epoch  403    val-loss:  0.07686520054152138  train-loss:  0.06008832350198645  lr:  1.9073486328125e-08
#epoch  404    val-loss:  0.0765372353949045  train-loss:  0.06011868092173245  lr:  1.9073486328125e-08
#epoch  405    val-loss:  0.07650328741261833  train-loss:  0.06007126173062716  lr:  1.9073486328125e-08
#epoch  406    val-loss:  0.07655594341064755  train-loss:  0.0600895722018322  lr:  1.9073486328125e-08
#epoch  407    val-loss:  0.0765857731825427  train-loss:  0.060070194871514104  lr:  1.9073486328125e-08
#epoch  408    val-loss:  0.07674782644761236  train-loss:  0.06011119490722194  lr:  1.9073486328125e-08
#epoch  409    val-loss:  0.07688250235821072  train-loss:  0.060108570571173914  lr:  1.9073486328125e-08
#epoch  410    val-loss:  0.07666066288948059  train-loss:  0.06006392967537977  lr:  1.9073486328125e-08
#epoch  411    val-loss:  0.07642358698342976  train-loss:  0.060061519470764324  lr:  1.9073486328125e-08
#epoch  412    val-loss:  0.0768504923111514  train-loss:  0.060120722322608344  lr:  1.9073486328125e-08
#epoch  413    val-loss:  0.0764821132546977  train-loss:  0.06007508283073548  lr:  1.9073486328125e-08
#epoch  414    val-loss:  0.07655237458254162  train-loss:  0.0600929443462519  lr:  1.9073486328125e-08
#epoch  415    val-loss:  0.07642497279142078  train-loss:  0.06006030181015376  lr:  1.9073486328125e-08
#epoch  416    val-loss:  0.07669083264313246  train-loss:  0.060065706638852134  lr:  1.9073486328125e-08
#epoch  417    val-loss:  0.07657602664671447  train-loss:  0.060080300594563596  lr:  1.9073486328125e-08
#epoch  418    val-loss:  0.07642939176998641  train-loss:  0.06007565547770355  lr:  1.9073486328125e-08
#epoch  419    val-loss:  0.07633835822343826  train-loss:  0.060046083832276054  lr:  1.9073486328125e-08
#epoch  420    val-loss:  0.07662501578268252  train-loss:  0.0600869567861082  lr:  1.9073486328125e-08
#epoch  421    val-loss:  0.07644251341882505  train-loss:  0.06010154850082472  lr:  1.9073486328125e-08
#epoch  422    val-loss:  0.07635425070398733  train-loss:  0.06006977472861763  lr:  1.9073486328125e-08
#epoch  423    val-loss:  0.07655167265942223  train-loss:  0.06007947208127007  lr:  1.9073486328125e-08
#epoch  424    val-loss:  0.07647334862696498  train-loss:  0.06012815637222957  lr:  1.9073486328125e-08
#epoch  425    val-loss:  0.07675321753087797  train-loss:  0.06009243048902135  lr:  1.9073486328125e-08
#epoch  426    val-loss:  0.07657510748035029  train-loss:  0.06010186493222136  lr:  1.9073486328125e-08
#epoch  427    val-loss:  0.07681061288243846  train-loss:  0.060063837110647  lr:  1.9073486328125e-08
#epoch  428    val-loss:  0.07680728247291163  train-loss:  0.06008441936864983  lr:  1.9073486328125e-08
#epoch  429    val-loss:  0.07639866400706141  train-loss:  0.060049125328077935  lr:  1.9073486328125e-08
#epoch  430    val-loss:  0.07691661464540582  train-loss:  0.060065167548600584  lr:  1.9073486328125e-08
#epoch  431    val-loss:  0.07670613417499944  train-loss:  0.06008581633795984  lr:  1.9073486328125e-08
#epoch  432    val-loss:  0.07652189778654199  train-loss:  0.060053894005250186  lr:  1.9073486328125e-08
#epoch  433    val-loss:  0.07629848193181188  train-loss:  0.06007244992360938  lr:  1.9073486328125e-08
#epoch  434    val-loss:  0.07668663012353998  train-loss:  0.06008459169242997  lr:  1.9073486328125e-08
#epoch  435    val-loss:  0.07658630217376508  train-loss:  0.06008528698293958  lr:  1.9073486328125e-08
#epoch  436    val-loss:  0.07662149832436912  train-loss:  0.06009317631833255  lr:  1.9073486328125e-08
#epoch  437    val-loss:  0.07692819990609821  train-loss:  0.060086394878453575  lr:  1.9073486328125e-08
#epoch  438    val-loss:  0.07639744956242411  train-loss:  0.06006536500353832  lr:  1.9073486328125e-08
#epoch  439    val-loss:  0.07651387704046149  train-loss:  0.06007291529385839  lr:  1.9073486328125e-08
#epoch  440    val-loss:  0.0763151167254699  train-loss:  0.060117533153970726  lr:  1.9073486328125e-08
#epoch  441    val-loss:  0.07649954447620794  train-loss:  0.060076501351431943  lr:  1.9073486328125e-08
#epoch  442    val-loss:  0.07684248999545448  train-loss:  0.06007833949115593  lr:  1.9073486328125e-08
#epoch  443    val-loss:  0.07666586849250291  train-loss:  0.06009766858187504  lr:  1.9073486328125e-08
#epoch  444    val-loss:  0.07647238867847543  train-loss:  0.060101762355770916  lr:  1.9073486328125e-08
#epoch  445    val-loss:  0.07645588760313235  train-loss:  0.0600584050262114  lr:  1.9073486328125e-08
#epoch  446    val-loss:  0.07641817472482983  train-loss:  0.060119774818303995  lr:  1.9073486328125e-08
#epoch  447    val-loss:  0.07668812259247429  train-loss:  0.060100799208157696  lr:  1.9073486328125e-08
#epoch  448    val-loss:  0.07646677995982923  train-loss:  0.06010657786100637  lr:  1.9073486328125e-08
#epoch  449    val-loss:  0.0764425220458131  train-loss:  0.06011988905083854  lr:  1.9073486328125e-08
#epoch  450    val-loss:  0.07670315394276067  train-loss:  0.060077052941778675  lr:  1.9073486328125e-08
#epoch  451    val-loss:  0.07636769821769313  train-loss:  0.06008591967110988  lr:  1.9073486328125e-08
#epoch  452    val-loss:  0.07665068342497475  train-loss:  0.06007038940151688  lr:  1.9073486328125e-08
#epoch  453    val-loss:  0.07662522126185267  train-loss:  0.06004385768028442  lr:  1.9073486328125e-08
#epoch  454    val-loss:  0.07663077743429887  train-loss:  0.06006728041393217  lr:  1.9073486328125e-08
#epoch  455    val-loss:  0.07674231733146467  train-loss:  0.060060968055040576  lr:  1.9073486328125e-08
#epoch  456    val-loss:  0.07653877844935969  train-loss:  0.06009073341556359  lr:  1.9073486328125e-08
#epoch  457    val-loss:  0.07661430812195728  train-loss:  0.06009837756573688  lr:  1.9073486328125e-08
#epoch  458    val-loss:  0.07633606579742934  train-loss:  0.060130838450277224  lr:  1.9073486328125e-08
#epoch  459    val-loss:  0.07656714359396383  train-loss:  0.06005529235699214  lr:  1.9073486328125e-08
#epoch  460    val-loss:  0.07630115590597454  train-loss:  0.06010580177826341  lr:  1.9073486328125e-08
#epoch  461    val-loss:  0.07669536494895031  train-loss:  0.06006375122524332  lr:  1.9073486328125e-08
#epoch  462    val-loss:  0.07647574771391719  train-loss:  0.06007297683390789  lr:  1.9073486328125e-08
#epoch  463    val-loss:  0.0765824451258308  train-loss:  0.0601383716420969  lr:  1.9073486328125e-08
#epoch  464    val-loss:  0.0766005908188067  train-loss:  0.060057522656279616  lr:  1.9073486328125e-08
#epoch  465    val-loss:  0.07639169300857343  train-loss:  0.06004499411210418  lr:  1.9073486328125e-08
#epoch  466    val-loss:  0.07663394942095406  train-loss:  0.06010078913823236  lr:  1.9073486328125e-08
#epoch  467    val-loss:  0.07627391815185547  train-loss:  0.060052791639463976  lr:  1.9073486328125e-08
#epoch  468    val-loss:  0.07659603067134556  train-loss:  0.06007083052827511  lr:  1.9073486328125e-08
#epoch  469    val-loss:  0.07658383642372332  train-loss:  0.06007797755592037  lr:  1.9073486328125e-08
#epoch  470    val-loss:  0.07672219488181566  train-loss:  0.06008046728675254  lr:  1.9073486328125e-08
#epoch  471    val-loss:  0.07635441618530374  train-loss:  0.06011885276529938  lr:  1.9073486328125e-08
#epoch  472    val-loss:  0.07649839355757362  train-loss:  0.06010773984598927  lr:  1.9073486328125e-08
#epoch  473    val-loss:  0.07655653592787291  train-loss:  0.06009565723070409  lr:  1.9073486328125e-08
#epoch  474    val-loss:  0.0768394979991411  train-loss:  0.06010146359039936  lr:  1.9073486328125e-08
#epoch  475    val-loss:  0.07642385598860289  train-loss:  0.06009238610567991  lr:  1.9073486328125e-08
#epoch  476    val-loss:  0.07685870598805578  train-loss:  0.06006105203414336  lr:  1.9073486328125e-08
#epoch  477    val-loss:  0.07657436124588314  train-loss:  0.06007713818689808  lr:  1.9073486328125e-08
#epoch  478    val-loss:  0.07655935773724004  train-loss:  0.06012115643534344  lr:  1.9073486328125e-08
#epoch  479    val-loss:  0.07630023595533873  train-loss:  0.06005113279388752  lr:  1.9073486328125e-08
#epoch  480    val-loss:  0.07664717341724195  train-loss:  0.060130347264930606  lr:  1.9073486328125e-08
#epoch  481    val-loss:  0.07685574026484239  train-loss:  0.06006009590055328  lr:  1.9073486328125e-08
#epoch  482    val-loss:  0.07668937389787875  train-loss:  0.06009837430610787  lr:  1.9073486328125e-08
#epoch  483    val-loss:  0.07638040067333925  train-loss:  0.060080607581767254  lr:  1.9073486328125e-08
#epoch  484    val-loss:  0.0764613077044487  train-loss:  0.06010443660488818  lr:  1.9073486328125e-08
#epoch  485    val-loss:  0.07624354331116927  train-loss:  0.06006086469278671  lr:  1.9073486328125e-08
#epoch  486    val-loss:  0.07673172495867077  train-loss:  0.06008362393185962  lr:  1.9073486328125e-08
#epoch  487    val-loss:  0.07629048941951048  train-loss:  0.0600943216268206  lr:  1.9073486328125e-08
#epoch  488    val-loss:  0.07645057416275929  train-loss:  0.06007747871626634  lr:  1.9073486328125e-08
#epoch  489    val-loss:  0.07670394684139051  train-loss:  0.060081547519075684  lr:  1.9073486328125e-08
#epoch  490    val-loss:  0.07656012632344898  train-loss:  0.060079024551669136  lr:  1.9073486328125e-08
#epoch  491    val-loss:  0.07692828499957134  train-loss:  0.060102284856839105  lr:  1.9073486328125e-08
#epoch  492    val-loss:  0.07686085214740351  train-loss:  0.0601117256883299  lr:  1.9073486328125e-08
#epoch  493    val-loss:  0.07665164219705682  train-loss:  0.060095016815466806  lr:  1.9073486328125e-08
#epoch  494    val-loss:  0.07681797876169807  train-loss:  0.06005711060424801  lr:  1.9073486328125e-08
#epoch  495    val-loss:  0.07673959512459605  train-loss:  0.060086889687227085  lr:  1.9073486328125e-08
#epoch  496    val-loss:  0.07638676935120632  train-loss:  0.060133069739094935  lr:  1.9073486328125e-08
#epoch  497    val-loss:  0.07691042595788052  train-loss:  0.06005593357258476  lr:  1.9073486328125e-08
#epoch  498    val-loss:  0.07680329053025496  train-loss:  0.060122235838207416  lr:  1.9073486328125e-08
#epoch  499    val-loss:  0.07657209274015929  train-loss:  0.060092697240179405  lr:  1.9073486328125e-08
