model a5d407455a9bbb9306517ff3096205a12559cb931f51e5b076971677 state_dict has not been found
Model was not found
torch.cuda.is_available():	 True
runargs:	 Namespace(co2=False, depth=5.0, disp=-1, domain='global', epoch=0, latitude=True, linsupres=True, lossfun='MSE', lr=0.01, lsrp_span=12, maxepoch=500, minibatch=4, mode='train', normalization='standard', num_workers=40, parts=[1, 1], persistent_workers=False, prefetch_factor=1, relog=True, rerun=True, sanity=False, sigma=8, temperature=True)
data_address /scratch/zanna/data/cm2.6/coarse_8_beneath_surface.zarr
using device: cuda:0
epochs started
#epoch  0    val-loss:  1.642720297763222  train-loss:  2.0721040023490787  lr:  0.01
#epoch  1    val-loss:  1.1414732180143659  train-loss:  1.2659021653234959  lr:  0.01
#epoch  2    val-loss:  1.1333052045420597  train-loss:  1.042047151364386  lr:  0.01
#epoch  3    val-loss:  0.9714286233249464  train-loss:  0.964901240542531  lr:  0.01
#epoch  4    val-loss:  0.9395305922156886  train-loss:  0.9149541074875742  lr:  0.01
#epoch  5    val-loss:  0.9127941068850065  train-loss:  0.8765736545901746  lr:  0.01
#epoch  6    val-loss:  0.9104111853398775  train-loss:  0.8439602877479047  lr:  0.01
#epoch  7    val-loss:  0.8619546388324938  train-loss:  0.820615716278553  lr:  0.01
#epoch  8    val-loss:  0.8880025964034232  train-loss:  0.796222243225202  lr:  0.01
#epoch  9    val-loss:  0.8483499821863676  train-loss:  0.7776935382280499  lr:  0.01
#epoch  10    val-loss:  0.8589484221056888  train-loss:  0.7586638308130205  lr:  0.01
#epoch  11    val-loss:  0.8809981691209894  train-loss:  0.7452341089956462  lr:  0.01
#epoch  12    val-loss:  0.8220522090008384  train-loss:  0.7306825581472367  lr:  0.01
#epoch  13    val-loss:  0.7771811673515722  train-loss:  0.7162465883884579  lr:  0.01
#epoch  14    val-loss:  0.7829335237804212  train-loss:  0.7069339528679848  lr:  0.01
#epoch  15    val-loss:  0.7585681143559908  train-loss:  0.6949616619385779  lr:  0.01
#epoch  16    val-loss:  0.7588549256324768  train-loss:  0.6875414510723203  lr:  0.01
#epoch  17    val-loss:  0.7481711287247507  train-loss:  0.6805715004447848  lr:  0.01
#epoch  18    val-loss:  0.7727223603348983  train-loss:  0.6719766708556563  lr:  0.01
#epoch  19    val-loss:  0.7515789489997061  train-loss:  0.6675701630301774  lr:  0.01
#epoch  20    val-loss:  0.7392147057934811  train-loss:  0.6604549593757838  lr:  0.01
#epoch  21    val-loss:  0.7376893633290341  train-loss:  0.653209917480126  lr:  0.01
#epoch  22    val-loss:  0.7182654644313612  train-loss:  0.6499940259382129  lr:  0.01
#epoch  23    val-loss:  0.7319077974871585  train-loss:  0.6453369266819209  lr:  0.01
#epoch  24    val-loss:  0.7470480329112003  train-loss:  0.6435520306695253  lr:  0.01
#epoch  25    val-loss:  0.7235674356159411  train-loss:  0.6375517593696713  lr:  0.01
#epoch  26    val-loss:  0.6916459234137284  train-loss:  0.611805081134662  lr:  0.005
#epoch  27    val-loss:  0.6871886849403381  train-loss:  0.6070647884625942  lr:  0.005
#epoch  28    val-loss:  0.6890895868602552  train-loss:  0.6062572973314673  lr:  0.005
#epoch  29    val-loss:  0.6911759909830595  train-loss:  0.6038470172788948  lr:  0.005
#epoch  30    val-loss:  0.6999498386132089  train-loss:  0.602109326981008  lr:  0.005
#epoch  31    val-loss:  0.6814675801678708  train-loss:  0.5870290377642959  lr:  0.0025
#epoch  32    val-loss:  0.684805503017024  train-loss:  0.584801038261503  lr:  0.0025
#epoch  33    val-loss:  0.6796417110844662  train-loss:  0.5832521147094667  lr:  0.0025
#epoch  34    val-loss:  0.6855491556619343  train-loss:  0.5823850764427334  lr:  0.0025
#epoch  35    val-loss:  0.6715888945679915  train-loss:  0.5811850046738982  lr:  0.0025
#epoch  36    val-loss:  0.6837776899337769  train-loss:  0.580328336218372  lr:  0.0025
#epoch  37    val-loss:  0.678642401569768  train-loss:  0.5794043182395399  lr:  0.0025
#epoch  38    val-loss:  0.6759710782452634  train-loss:  0.5783681636676192  lr:  0.0025
#epoch  39    val-loss:  0.6699491080484892  train-loss:  0.5694246841594577  lr:  0.00125
#epoch  40    val-loss:  0.6709565363432232  train-loss:  0.5684144494589418  lr:  0.00125
#epoch  41    val-loss:  0.6755464202479312  train-loss:  0.5675368527881801  lr:  0.00125
#epoch  42    val-loss:  0.6776550035727652  train-loss:  0.5669490189757198  lr:  0.00125
#epoch  43    val-loss:  0.6670064392842745  train-loss:  0.5624129010830075  lr:  0.000625
#epoch  44    val-loss:  0.6660068380205255  train-loss:  0.5618336775805801  lr:  0.000625
#epoch  45    val-loss:  0.6716577912631788  train-loss:  0.5616622308734804  lr:  0.000625
#epoch  46    val-loss:  0.6711890195545397  train-loss:  0.5612285898532718  lr:  0.000625
#epoch  47    val-loss:  0.6723050475120544  train-loss:  0.5608142609708011  lr:  0.000625
#epoch  48    val-loss:  0.6674131970656546  train-loss:  0.5584381087683141  lr:  0.0003125
#epoch  49    val-loss:  0.6697014131044087  train-loss:  0.5580259093549103  lr:  0.0003125
#epoch  50    val-loss:  0.664070537215785  train-loss:  0.55788958305493  lr:  0.0003125
#epoch  51    val-loss:  0.6680307043226141  train-loss:  0.5577697481494397  lr:  0.0003125
#epoch  52    val-loss:  0.6700107141544944  train-loss:  0.5574831094127148  lr:  0.0003125
#epoch  53    val-loss:  0.6701069191882485  train-loss:  0.5574344829656184  lr:  0.0003125
#epoch  54    val-loss:  0.6705074874978316  train-loss:  0.5559501214884222  lr:  0.00015625
#epoch  55    val-loss:  0.6721397920658714  train-loss:  0.5557977997232229  lr:  0.00015625
#epoch  56    val-loss:  0.6703320804395174  train-loss:  0.555754738394171  lr:  0.00015625
#epoch  57    val-loss:  0.6646982149073952  train-loss:  0.5550511167384684  lr:  7.8125e-05
#epoch  58    val-loss:  0.6698855318521199  train-loss:  0.5550702235195786  lr:  7.8125e-05
#epoch  59    val-loss:  0.6674615521180002  train-loss:  0.5549167837016284  lr:  7.8125e-05
#epoch  60    val-loss:  0.6710060176096464  train-loss:  0.5545076224952936  lr:  3.90625e-05
#epoch  61    val-loss:  0.6661150612329182  train-loss:  0.5546224329154938  lr:  3.90625e-05
#epoch  62    val-loss:  0.6678020828648618  train-loss:  0.554485093569383  lr:  3.90625e-05
#epoch  63    val-loss:  0.6698749755558214  train-loss:  0.5542360183317214  lr:  1.953125e-05
#epoch  64    val-loss:  0.6684509703987523  train-loss:  0.5542997284792364  lr:  1.953125e-05
#epoch  65    val-loss:  0.6672657790936922  train-loss:  0.5542146451771259  lr:  1.953125e-05
#epoch  66    val-loss:  0.6686586047473707  train-loss:  0.5540831505786628  lr:  9.765625e-06
#epoch  67    val-loss:  0.6652073044525949  train-loss:  0.5540770555380732  lr:  9.765625e-06
#epoch  68    val-loss:  0.6664451141106454  train-loss:  0.5540155814960599  lr:  9.765625e-06
#epoch  69    val-loss:  0.6671584185801054  train-loss:  0.5540647241286933  lr:  4.8828125e-06
#epoch  70    val-loss:  0.670987678201575  train-loss:  0.5540270498022437  lr:  4.8828125e-06
#epoch  71    val-loss:  0.6662017797168932  train-loss:  0.5540905646048486  lr:  4.8828125e-06
#epoch  72    val-loss:  0.6691667563036868  train-loss:  0.5541181254666299  lr:  2.44140625e-06
#epoch  73    val-loss:  0.6694022636664542  train-loss:  0.553995740134269  lr:  2.44140625e-06
#epoch  74    val-loss:  0.6665744875606737  train-loss:  0.5539420773275197  lr:  2.44140625e-06
#epoch  75    val-loss:  0.6700804704114011  train-loss:  0.5539792277850211  lr:  1.220703125e-06
#epoch  76    val-loss:  0.6698786616325378  train-loss:  0.554253620794043  lr:  1.220703125e-06
#epoch  77    val-loss:  0.6675142865431937  train-loss:  0.5539592583663762  lr:  1.220703125e-06
#epoch  78    val-loss:  0.6647785996135912  train-loss:  0.5540298277046531  lr:  6.103515625e-07
#epoch  79    val-loss:  0.666908229652204  train-loss:  0.5541178965941072  lr:  6.103515625e-07
#epoch  80    val-loss:  0.6684739275982505  train-loss:  0.5539391585625708  lr:  6.103515625e-07
#epoch  81    val-loss:  0.6665732295889604  train-loss:  0.5539544159546494  lr:  3.0517578125e-07
#epoch  82    val-loss:  0.6655133711664301  train-loss:  0.5539008353371173  lr:  3.0517578125e-07
#epoch  83    val-loss:  0.6692505855309335  train-loss:  0.5539961536414921  lr:  3.0517578125e-07
#epoch  84    val-loss:  0.6690505272463748  train-loss:  0.5540678759571165  lr:  1.52587890625e-07
#epoch  85    val-loss:  0.6700089040555453  train-loss:  0.5539622132200748  lr:  1.52587890625e-07
#epoch  86    val-loss:  0.666960032362687  train-loss:  0.55401521618478  lr:  1.52587890625e-07
#epoch  87    val-loss:  0.6681081809495625  train-loss:  0.5539642742369324  lr:  7.62939453125e-08
#epoch  88    val-loss:  0.6664636480180841  train-loss:  0.5539828960318118  lr:  7.62939453125e-08
#epoch  89    val-loss:  0.6697883198135778  train-loss:  0.553997779963538  lr:  7.62939453125e-08
#epoch  90    val-loss:  0.6683784848765323  train-loss:  0.5540273752994835  lr:  3.814697265625e-08
#epoch  91    val-loss:  0.6639852115982458  train-loss:  0.5539635915774852  lr:  3.814697265625e-08
#epoch  92    val-loss:  0.6694262247336539  train-loss:  0.5539278646465391  lr:  3.814697265625e-08
#epoch  93    val-loss:  0.666189642328965  train-loss:  0.5539727609138936  lr:  3.814697265625e-08
#epoch  94    val-loss:  0.6655966137584887  train-loss:  0.5539840396959335  lr:  3.814697265625e-08
#epoch  95    val-loss:  0.668002934832322  train-loss:  0.5539819307159632  lr:  1.9073486328125e-08
#epoch  96    val-loss:  0.6694673237047697  train-loss:  0.553897260222584  lr:  1.9073486328125e-08
#epoch  97    val-loss:  0.6649238090766104  train-loss:  0.5540088356938213  lr:  1.9073486328125e-08
#epoch  98    val-loss:  0.6687710787120619  train-loss:  0.5539950695820153  lr:  1.9073486328125e-08
#epoch  99    val-loss:  0.6681536216484872  train-loss:  0.5540010132826865  lr:  1.9073486328125e-08
#epoch  100    val-loss:  0.6690400399659809  train-loss:  0.5539896700065583  lr:  1.9073486328125e-08
#epoch  101    val-loss:  0.6657567933986062  train-loss:  0.554063250310719  lr:  1.9073486328125e-08
#epoch  102    val-loss:  0.6679309826148184  train-loss:  0.5539633762091398  lr:  1.9073486328125e-08
#epoch  103    val-loss:  0.6686392897053769  train-loss:  0.5539169877301902  lr:  1.9073486328125e-08
#epoch  104    val-loss:  0.6670371607730263  train-loss:  0.5539982363115996  lr:  1.9073486328125e-08
#epoch  105    val-loss:  0.667414737375159  train-loss:  0.5540019641630352  lr:  1.9073486328125e-08
#epoch  106    val-loss:  0.6652003181608099  train-loss:  0.5540098196361214  lr:  1.9073486328125e-08
#epoch  107    val-loss:  0.6692989123495001  train-loss:  0.5539572443813086  lr:  1.9073486328125e-08
#epoch  108    val-loss:  0.6671271857462431  train-loss:  0.5539357808884233  lr:  1.9073486328125e-08
#epoch  109    val-loss:  0.6670173877163937  train-loss:  0.5540093493182212  lr:  1.9073486328125e-08
#epoch  110    val-loss:  0.6688935286120364  train-loss:  0.5539612639695406  lr:  1.9073486328125e-08
#epoch  111    val-loss:  0.669647615206869  train-loss:  0.553957563592121  lr:  1.9073486328125e-08
#epoch  112    val-loss:  0.6680822529290852  train-loss:  0.553975727641955  lr:  1.9073486328125e-08
#epoch  113    val-loss:  0.6712271163338109  train-loss:  0.5541014666669071  lr:  1.9073486328125e-08
#epoch  114    val-loss:  0.6694946602771157  train-loss:  0.5539464666508138  lr:  1.9073486328125e-08
#epoch  115    val-loss:  0.6693011710518285  train-loss:  0.5539980127941817  lr:  1.9073486328125e-08
#epoch  116    val-loss:  0.6671344135936937  train-loss:  0.5540034577716142  lr:  1.9073486328125e-08
#epoch  117    val-loss:  0.6695693072519804  train-loss:  0.5539302977267653  lr:  1.9073486328125e-08
#epoch  118    val-loss:  0.6678267246798465  train-loss:  0.5539209223352373  lr:  1.9073486328125e-08
#epoch  119    val-loss:  0.6698361133274279  train-loss:  0.5540452988352627  lr:  1.9073486328125e-08
#epoch  120    val-loss:  0.6657093700609709  train-loss:  0.5540021245833486  lr:  1.9073486328125e-08
#epoch  121    val-loss:  0.6671538290224577  train-loss:  0.5539884911850095  lr:  1.9073486328125e-08
#epoch  122    val-loss:  0.6683811325775949  train-loss:  0.5540236587403342  lr:  1.9073486328125e-08
#epoch  123    val-loss:  0.6651362557160226  train-loss:  0.5539957159198821  lr:  1.9073486328125e-08
#epoch  124    val-loss:  0.6698353102332667  train-loss:  0.5540747916093096  lr:  1.9073486328125e-08
#epoch  125    val-loss:  0.6644309915994343  train-loss:  0.5539345479337499  lr:  1.9073486328125e-08
#epoch  126    val-loss:  0.6711310932510778  train-loss:  0.5539423213340342  lr:  1.9073486328125e-08
#epoch  127    val-loss:  0.6641792058944702  train-loss:  0.5540426697116345  lr:  1.9073486328125e-08
#epoch  128    val-loss:  0.6696511601146898  train-loss:  0.5539322721306235  lr:  1.9073486328125e-08
#epoch  129    val-loss:  0.6666675147257353  train-loss:  0.5539694686885923  lr:  1.9073486328125e-08
#epoch  130    val-loss:  0.6662735029270774  train-loss:  0.5539465576875955  lr:  1.9073486328125e-08
#epoch  131    val-loss:  0.6687924705053631  train-loss:  0.554082311457023  lr:  1.9073486328125e-08
#epoch  132    val-loss:  0.6678214230035481  train-loss:  0.5540312340017408  lr:  1.9073486328125e-08
#epoch  133    val-loss:  0.667470822208806  train-loss:  0.5540587657596916  lr:  1.9073486328125e-08
#epoch  134    val-loss:  0.6705959219681589  train-loss:  0.5538718753959984  lr:  1.9073486328125e-08
#epoch  135    val-loss:  0.6669044839708429  train-loss:  0.5539396159583703  lr:  1.9073486328125e-08
#epoch  136    val-loss:  0.6663173060668143  train-loss:  0.5539034681860358  lr:  1.9073486328125e-08
#epoch  137    val-loss:  0.6695283118047213  train-loss:  0.5540131132584065  lr:  1.9073486328125e-08
#epoch  138    val-loss:  0.6708511772908663  train-loss:  0.5539234571624547  lr:  1.9073486328125e-08
#epoch  139    val-loss:  0.6684983247204831  train-loss:  0.5540613560006022  lr:  1.9073486328125e-08
#epoch  140    val-loss:  0.6709631995150918  train-loss:  0.5540886155795306  lr:  1.9073486328125e-08
#epoch  141    val-loss:  0.6670498534252769  train-loss:  0.5539934216067195  lr:  1.9073486328125e-08
#epoch  142    val-loss:  0.6697825758080733  train-loss:  0.554082996211946  lr:  1.9073486328125e-08
#epoch  143    val-loss:  0.667584456895527  train-loss:  0.5539492282550782  lr:  1.9073486328125e-08
#epoch  144    val-loss:  0.6670101253609908  train-loss:  0.5539423731388524  lr:  1.9073486328125e-08
#epoch  145    val-loss:  0.6654253225577506  train-loss:  0.5539693932514638  lr:  1.9073486328125e-08
#epoch  146    val-loss:  0.664620578289032  train-loss:  0.553927498171106  lr:  1.9073486328125e-08
#epoch  147    val-loss:  0.6647534182197169  train-loss:  0.5539596325252205  lr:  1.9073486328125e-08
#epoch  148    val-loss:  0.669128700306541  train-loss:  0.5540010675322264  lr:  1.9073486328125e-08
#epoch  149    val-loss:  0.6703154193727594  train-loss:  0.5540421917103231  lr:  1.9073486328125e-08
#epoch  150    val-loss:  0.6690306600771452  train-loss:  0.5540169512387365  lr:  1.9073486328125e-08
#epoch  151    val-loss:  0.6700415799492284  train-loss:  0.5540195098146796  lr:  1.9073486328125e-08
#epoch  152    val-loss:  0.6715528180724696  train-loss:  0.5539866851177067  lr:  1.9073486328125e-08
#epoch  153    val-loss:  0.6671610192248696  train-loss:  0.5540241836570203  lr:  1.9073486328125e-08
#epoch  154    val-loss:  0.6689294984466151  train-loss:  0.5540630253963172  lr:  1.9073486328125e-08
#epoch  155    val-loss:  0.6663191349882829  train-loss:  0.5540026687085629  lr:  1.9073486328125e-08
#epoch  156    val-loss:  0.6707983456159893  train-loss:  0.5538940350525081  lr:  1.9073486328125e-08
#epoch  157    val-loss:  0.6660953320954975  train-loss:  0.5539348491001874  lr:  1.9073486328125e-08
#epoch  158    val-loss:  0.6657764033267373  train-loss:  0.5540931529831141  lr:  1.9073486328125e-08
#epoch  159    val-loss:  0.6673426251662405  train-loss:  0.5540115495678037  lr:  1.9073486328125e-08
#epoch  160    val-loss:  0.6677195837623194  train-loss:  0.5540765686891973  lr:  1.9073486328125e-08
#epoch  161    val-loss:  0.67098678726899  train-loss:  0.5540424259379506  lr:  1.9073486328125e-08
#epoch  162    val-loss:  0.6688406404696012  train-loss:  0.5540154168847948  lr:  1.9073486328125e-08
#epoch  163    val-loss:  0.6708060534376847  train-loss:  0.5538863711990416  lr:  1.9073486328125e-08
#epoch  164    val-loss:  0.6673188303646288  train-loss:  0.5540582677349448  lr:  1.9073486328125e-08
#epoch  165    val-loss:  0.6677456153066534  train-loss:  0.5539824843872339  lr:  1.9073486328125e-08
#epoch  166    val-loss:  0.6672560384399012  train-loss:  0.5540099856443703  lr:  1.9073486328125e-08
#epoch  167    val-loss:  0.6673658082359716  train-loss:  0.5539771176408976  lr:  1.9073486328125e-08
#epoch  168    val-loss:  0.6685270290625723  train-loss:  0.5540584500413388  lr:  1.9073486328125e-08
#epoch  169    val-loss:  0.6667459105190477  train-loss:  0.5539008076302707  lr:  1.9073486328125e-08
#epoch  170    val-loss:  0.6680955384906969  train-loss:  0.5539911352097988  lr:  1.9073486328125e-08
#epoch  171    val-loss:  0.6691612318942421  train-loss:  0.5540176024660468  lr:  1.9073486328125e-08
#epoch  172    val-loss:  0.6675876943688643  train-loss:  0.5540378580335528  lr:  1.9073486328125e-08
#epoch  173    val-loss:  0.6676610237673709  train-loss:  0.55396629543975  lr:  1.9073486328125e-08
#epoch  174    val-loss:  0.6680332673223395  train-loss:  0.5540439812466502  lr:  1.9073486328125e-08
#epoch  175    val-loss:  0.6683359742164612  train-loss:  0.5540276784449816  lr:  1.9073486328125e-08
#epoch  176    val-loss:  0.6701162237870065  train-loss:  0.5539244862738997  lr:  1.9073486328125e-08
#epoch  177    val-loss:  0.6697561991842169  train-loss:  0.5539626248646528  lr:  1.9073486328125e-08
#epoch  178    val-loss:  0.6707876105057565  train-loss:  0.553946721367538  lr:  1.9073486328125e-08
#epoch  179    val-loss:  0.6684664048646626  train-loss:  0.5540375320706517  lr:  1.9073486328125e-08
#epoch  180    val-loss:  0.6700231840735987  train-loss:  0.5539971042890102  lr:  1.9073486328125e-08
#epoch  181    val-loss:  0.667375385761261  train-loss:  0.5540886768139899  lr:  1.9073486328125e-08
#epoch  182    val-loss:  0.6664158639154936  train-loss:  0.5539872993249446  lr:  1.9073486328125e-08
#epoch  183    val-loss:  0.666470584116484  train-loss:  0.5539690230507404  lr:  1.9073486328125e-08
#epoch  184    val-loss:  0.6654360325712907  train-loss:  0.554036776535213  lr:  1.9073486328125e-08
#epoch  185    val-loss:  0.6684071139285439  train-loss:  0.5539349103346467  lr:  1.9073486328125e-08
#epoch  186    val-loss:  0.6675742111707988  train-loss:  0.5539450615178794  lr:  1.9073486328125e-08
#epoch  187    val-loss:  0.6651772543003684  train-loss:  0.5539888440398499  lr:  1.9073486328125e-08
#epoch  188    val-loss:  0.6690815373470909  train-loss:  0.5539809816982597  lr:  1.9073486328125e-08
#epoch  189    val-loss:  0.6681205818527624  train-loss:  0.5540619250386953  lr:  1.9073486328125e-08
#epoch  190    val-loss:  0.663986485255392  train-loss:  0.5538994126254693  lr:  1.9073486328125e-08
#epoch  191    val-loss:  0.6694546592862982  train-loss:  0.5539954262785614  lr:  1.9073486328125e-08
#epoch  192    val-loss:  0.66997597405785  train-loss:  0.5539464924950153  lr:  1.9073486328125e-08
#epoch  193    val-loss:  0.6674339300707767  train-loss:  0.5539657075423747  lr:  1.9073486328125e-08
#epoch  194    val-loss:  0.6662894079559728  train-loss:  0.5540651042247191  lr:  1.9073486328125e-08
#epoch  195    val-loss:  0.6643125728556984  train-loss:  0.5540237249806523  lr:  1.9073486328125e-08
#epoch  196    val-loss:  0.6685007120433607  train-loss:  0.5539433029480278  lr:  1.9073486328125e-08
#epoch  197    val-loss:  0.669726202362462  train-loss:  0.553993753856048  lr:  1.9073486328125e-08
#epoch  198    val-loss:  0.6661982630428515  train-loss:  0.5539584148209542  lr:  1.9073486328125e-08
#epoch  199    val-loss:  0.6663072736639726  train-loss:  0.5539484731853008  lr:  1.9073486328125e-08
#epoch  200    val-loss:  0.6702261723970112  train-loss:  0.5540098391938955  lr:  1.9073486328125e-08
#epoch  201    val-loss:  0.667514051261701  train-loss:  0.5540200541727245  lr:  1.9073486328125e-08
#epoch  202    val-loss:  0.6670172402733251  train-loss:  0.5540101118385792  lr:  1.9073486328125e-08
#epoch  203    val-loss:  0.6658972376271298  train-loss:  0.5539044227916747  lr:  1.9073486328125e-08
#epoch  204    val-loss:  0.6687371887658772  train-loss:  0.5539538738084957  lr:  1.9073486328125e-08
#epoch  205    val-loss:  0.6684780183591341  train-loss:  0.5538915460929275  lr:  1.9073486328125e-08
#epoch  206    val-loss:  0.6676434372600756  train-loss:  0.55388292693533  lr:  1.9073486328125e-08
#epoch  207    val-loss:  0.6665946025597421  train-loss:  0.5539840639103204  lr:  1.9073486328125e-08
#epoch  208    val-loss:  0.6653490192011783  train-loss:  0.554068312048912  lr:  1.9073486328125e-08
#epoch  209    val-loss:  0.6698623801532545  train-loss:  0.5539542234037071  lr:  1.9073486328125e-08
#epoch  210    val-loss:  0.6693207025527954  train-loss:  0.5539521926548332  lr:  1.9073486328125e-08
#epoch  211    val-loss:  0.665431631238837  train-loss:  0.5540498013142496  lr:  1.9073486328125e-08
#epoch  212    val-loss:  0.6672707545129877  train-loss:  0.5539877966511995  lr:  1.9073486328125e-08
#epoch  213    val-loss:  0.6678390973492673  train-loss:  0.5541221275925636  lr:  1.9073486328125e-08
#epoch  214    val-loss:  0.6690335085517481  train-loss:  0.5539529100060463  lr:  1.9073486328125e-08
#epoch  215    val-loss:  0.6697043149094832  train-loss:  0.5539245335385203  lr:  1.9073486328125e-08
#epoch  216    val-loss:  0.6682947528989691  train-loss:  0.554091386962682  lr:  1.9073486328125e-08
#epoch  217    val-loss:  0.6681905577057287  train-loss:  0.5539990556426346  lr:  1.9073486328125e-08
#epoch  218    val-loss:  0.6674210178224664  train-loss:  0.5539392458740622  lr:  1.9073486328125e-08
#epoch  219    val-loss:  0.6667408660838479  train-loss:  0.5539959399029613  lr:  1.9073486328125e-08
#epoch  220    val-loss:  0.6706838356821161  train-loss:  0.5540109346620739  lr:  1.9073486328125e-08
#epoch  221    val-loss:  0.6680122990357248  train-loss:  0.553861869731918  lr:  1.9073486328125e-08
#epoch  222    val-loss:  0.6668837603769804  train-loss:  0.5539634741144255  lr:  1.9073486328125e-08
#epoch  223    val-loss:  0.664920333184694  train-loss:  0.5539822559803724  lr:  1.9073486328125e-08
#epoch  224    val-loss:  0.669227521670492  train-loss:  0.553984449012205  lr:  1.9073486328125e-08
#epoch  225    val-loss:  0.6689391355765494  train-loss:  0.5540467482060194  lr:  1.9073486328125e-08
#epoch  226    val-loss:  0.6670489436701724  train-loss:  0.5540079716593027  lr:  1.9073486328125e-08
#epoch  227    val-loss:  0.6645072165288424  train-loss:  0.5540032344870269  lr:  1.9073486328125e-08
#epoch  228    val-loss:  0.6653819241021809  train-loss:  0.5539981126785278  lr:  1.9073486328125e-08
#epoch  229    val-loss:  0.6670361255344591  train-loss:  0.5539156417362392  lr:  1.9073486328125e-08
#epoch  230    val-loss:  0.6662635426772269  train-loss:  0.5539482787717134  lr:  1.9073486328125e-08
#epoch  231    val-loss:  0.6660762209641305  train-loss:  0.5540182734839618  lr:  1.9073486328125e-08
#epoch  232    val-loss:  0.6684492732349195  train-loss:  0.5539461590815336  lr:  1.9073486328125e-08
#epoch  233    val-loss:  0.670462335410871  train-loss:  0.5539748254232109  lr:  1.9073486328125e-08
#epoch  234    val-loss:  0.66835996351744  train-loss:  0.553948710905388  lr:  1.9073486328125e-08
#epoch  235    val-loss:  0.6645860201434085  train-loss:  0.5538506611483172  lr:  1.9073486328125e-08
#epoch  236    val-loss:  0.6686354655968515  train-loss:  0.553952832473442  lr:  1.9073486328125e-08
#epoch  237    val-loss:  0.669668436050415  train-loss:  0.5539868155028671  lr:  1.9073486328125e-08
#epoch  238    val-loss:  0.6682512320970234  train-loss:  0.5540103886742145  lr:  1.9073486328125e-08
#epoch  239    val-loss:  0.6688681935009203  train-loss:  0.5539564630016685  lr:  1.9073486328125e-08
#epoch  240    val-loss:  0.6693279053035536  train-loss:  0.5539938933216035  lr:  1.9073486328125e-08
#epoch  241    val-loss:  0.6676105605928522  train-loss:  0.5539406412281096  lr:  1.9073486328125e-08
#epoch  242    val-loss:  0.6698344067523354  train-loss:  0.5539970193058252  lr:  1.9073486328125e-08
#epoch  243    val-loss:  0.669706570474725  train-loss:  0.5540683236904442  lr:  1.9073486328125e-08
#epoch  244    val-loss:  0.665137065084357  train-loss:  0.5539231630973518  lr:  1.9073486328125e-08
#epoch  245    val-loss:  0.6701924863614535  train-loss:  0.5539950761012733  lr:  1.9073486328125e-08
#epoch  246    val-loss:  0.6641491620164168  train-loss:  0.5540427917148918  lr:  1.9073486328125e-08
#epoch  247    val-loss:  0.666851426425733  train-loss:  0.5539857752155513  lr:  1.9073486328125e-08
#epoch  248    val-loss:  0.6708626433422691  train-loss:  0.554039315553382  lr:  1.9073486328125e-08
#epoch  249    val-loss:  0.6684412454303942  train-loss:  0.5539761584950611  lr:  1.9073486328125e-08
#epoch  250    val-loss:  0.6698401695803592  train-loss:  0.5540046351961792  lr:  1.9073486328125e-08
#epoch  251    val-loss:  0.6675108514334026  train-loss:  0.5539970386307687  lr:  1.9073486328125e-08
#epoch  252    val-loss:  0.6710330624329416  train-loss:  0.5539714517071843  lr:  1.9073486328125e-08
#epoch  253    val-loss:  0.6708297290300068  train-loss:  0.5540335548575968  lr:  1.9073486328125e-08
#epoch  254    val-loss:  0.6678259780532435  train-loss:  0.5539824995212257  lr:  1.9073486328125e-08
#epoch  255    val-loss:  0.6672856462629217  train-loss:  0.5539410605560988  lr:  1.9073486328125e-08
#epoch  256    val-loss:  0.6653958057102404  train-loss:  0.5538676109863445  lr:  1.9073486328125e-08
#epoch  257    val-loss:  0.6672343329379433  train-loss:  0.5540046737296507  lr:  1.9073486328125e-08
#epoch  258    val-loss:  0.6706633881518715  train-loss:  0.5540694694500417  lr:  1.9073486328125e-08
#epoch  259    val-loss:  0.6686017387791684  train-loss:  0.5539817865937948  lr:  1.9073486328125e-08
#epoch  260    val-loss:  0.6698222913240132  train-loss:  0.5539515619166195  lr:  1.9073486328125e-08
#epoch  261    val-loss:  0.6698390496404547  train-loss:  0.5540137640200555  lr:  1.9073486328125e-08
#epoch  262    val-loss:  0.6682970210125572  train-loss:  0.5540167780127376  lr:  1.9073486328125e-08
#epoch  263    val-loss:  0.6681901185136092  train-loss:  0.5540081469807774  lr:  1.9073486328125e-08
#epoch  264    val-loss:  0.6685124918034202  train-loss:  0.5540206441655755  lr:  1.9073486328125e-08
#epoch  265    val-loss:  0.6705730745666906  train-loss:  0.5539557992015034  lr:  1.9073486328125e-08
#epoch  266    val-loss:  0.6673017928474828  train-loss:  0.5538517439272255  lr:  1.9073486328125e-08
#epoch  267    val-loss:  0.6668173262947484  train-loss:  0.5539448508061469  lr:  1.9073486328125e-08
#epoch  268    val-loss:  0.6671544846735502  train-loss:  0.5539369150064886  lr:  1.9073486328125e-08
#epoch  269    val-loss:  0.6672416235271253  train-loss:  0.5539030529325828  lr:  1.9073486328125e-08
#epoch  270    val-loss:  0.669732856123071  train-loss:  0.5539489993825555  lr:  1.9073486328125e-08
#epoch  271    val-loss:  0.6675659167139154  train-loss:  0.5540441778721288  lr:  1.9073486328125e-08
#epoch  272    val-loss:  0.6660348333810505  train-loss:  0.5541897148359567  lr:  1.9073486328125e-08
#epoch  273    val-loss:  0.6690608796320463  train-loss:  0.5539981718175113  lr:  1.9073486328125e-08
#epoch  274    val-loss:  0.6667643409026297  train-loss:  0.5539488920476288  lr:  1.9073486328125e-08
#epoch  275    val-loss:  0.6662659237259313  train-loss:  0.5539898201823235  lr:  1.9073486328125e-08
#epoch  276    val-loss:  0.667534003132268  train-loss:  0.5539863009471446  lr:  1.9073486328125e-08
#epoch  277    val-loss:  0.6690250133213244  train-loss:  0.5538454501656815  lr:  1.9073486328125e-08
#epoch  278    val-loss:  0.6644680186321861  train-loss:  0.5539974269922823  lr:  1.9073486328125e-08
#epoch  279    val-loss:  0.6697972009056493  train-loss:  0.5539721923414618  lr:  1.9073486328125e-08
#epoch  280    val-loss:  0.6674430495814273  train-loss:  0.5539356109220535  lr:  1.9073486328125e-08
#epoch  281    val-loss:  0.6643205065476266  train-loss:  0.5539761080872267  lr:  1.9073486328125e-08
#epoch  282    val-loss:  0.6661789040816458  train-loss:  0.5540322712622583  lr:  1.9073486328125e-08
#epoch  283    val-loss:  0.6682961426283184  train-loss:  0.5539458224084228  lr:  1.9073486328125e-08
#epoch  284    val-loss:  0.6700404568722373  train-loss:  0.5540404606144875  lr:  1.9073486328125e-08
#epoch  285    val-loss:  0.665520539409236  train-loss:  0.5539281960809603  lr:  1.9073486328125e-08
#epoch  286    val-loss:  0.6692567938252499  train-loss:  0.5539165160153061  lr:  1.9073486328125e-08
#epoch  287    val-loss:  0.6707497741046705  train-loss:  0.5539546604268253  lr:  1.9073486328125e-08
#epoch  288    val-loss:  0.6664724506829914  train-loss:  0.5539168765535578  lr:  1.9073486328125e-08
#epoch  289    val-loss:  0.6666100809448644  train-loss:  0.5539621177595109  lr:  1.9073486328125e-08
#epoch  290    val-loss:  0.6699913269595096  train-loss:  0.5540381304454058  lr:  1.9073486328125e-08
#epoch  291    val-loss:  0.6694202705433494  train-loss:  0.5539498983416706  lr:  1.9073486328125e-08
#epoch  292    val-loss:  0.6695558209168283  train-loss:  0.5539140966720879  lr:  1.9073486328125e-08
#epoch  293    val-loss:  0.6678310224884435  train-loss:  0.5540299694985151  lr:  1.9073486328125e-08
#epoch  294    val-loss:  0.6695349530169838  train-loss:  0.5540089807473123  lr:  1.9073486328125e-08
#epoch  295    val-loss:  0.6681129524582311  train-loss:  0.5540207008598372  lr:  1.9073486328125e-08
#epoch  296    val-loss:  0.6667700253034893  train-loss:  0.5539823789149523  lr:  1.9073486328125e-08
#epoch  297    val-loss:  0.6685066160402799  train-loss:  0.5539401220157743  lr:  1.9073486328125e-08
#epoch  298    val-loss:  0.6704132839253074  train-loss:  0.5539462002925575  lr:  1.9073486328125e-08
#epoch  299    val-loss:  0.6682528257369995  train-loss:  0.5539031554944813  lr:  1.9073486328125e-08
#epoch  300    val-loss:  0.6685667979089838  train-loss:  0.5539591745473444  lr:  1.9073486328125e-08
#epoch  301    val-loss:  0.6678367821793807  train-loss:  0.5539426608011127  lr:  1.9073486328125e-08
#epoch  302    val-loss:  0.6674849045904059  train-loss:  0.5539607682731003  lr:  1.9073486328125e-08
#epoch  303    val-loss:  0.6676251825533415  train-loss:  0.5539216345641762  lr:  1.9073486328125e-08
#epoch  304    val-loss:  0.6676027492473  train-loss:  0.5539449825882912  lr:  1.9073486328125e-08
#epoch  305    val-loss:  0.6655870330961127  train-loss:  0.5540017341263592  lr:  1.9073486328125e-08
#epoch  306    val-loss:  0.6652444036383378  train-loss:  0.5539621040225029  lr:  1.9073486328125e-08
#epoch  307    val-loss:  0.6653567583937394  train-loss:  0.5539874727837741  lr:  1.9073486328125e-08
#epoch  308    val-loss:  0.6652800785867792  train-loss:  0.5540468015242368  lr:  1.9073486328125e-08
#epoch  309    val-loss:  0.6718190500610753  train-loss:  0.5539918090216815  lr:  1.9073486328125e-08
#epoch  310    val-loss:  0.6657245096407438  train-loss:  0.5539487120695412  lr:  1.9073486328125e-08
#epoch  311    val-loss:  0.6684383436253196  train-loss:  0.5539732459001243  lr:  1.9073486328125e-08
#epoch  312    val-loss:  0.6704281411672893  train-loss:  0.5539306250866503  lr:  1.9073486328125e-08
#epoch  313    val-loss:  0.6687753796577454  train-loss:  0.5539665161632001  lr:  1.9073486328125e-08
#epoch  314    val-loss:  0.6706366633114061  train-loss:  0.5539317897055298  lr:  1.9073486328125e-08
#epoch  315    val-loss:  0.6642678725092035  train-loss:  0.55404316005297  lr:  1.9073486328125e-08
#epoch  316    val-loss:  0.6664835685177853  train-loss:  0.5539489947259426  lr:  1.9073486328125e-08
#epoch  317    val-loss:  0.6665499994629308  train-loss:  0.5539448843337595  lr:  1.9073486328125e-08
#epoch  318    val-loss:  0.6697111568952862  train-loss:  0.5541830423753709  lr:  1.9073486328125e-08
#epoch  319    val-loss:  0.6665313934025011  train-loss:  0.5540134983602911  lr:  1.9073486328125e-08
#epoch  320    val-loss:  0.6657451391220093  train-loss:  0.5539857181720436  lr:  1.9073486328125e-08
#epoch  321    val-loss:  0.6697122705610175  train-loss:  0.5540087281260639  lr:  1.9073486328125e-08
#epoch  322    val-loss:  0.6689546955259222  train-loss:  0.5539748866576701  lr:  1.9073486328125e-08
#epoch  323    val-loss:  0.6707699047891718  train-loss:  0.5540730083594099  lr:  1.9073486328125e-08
#epoch  324    val-loss:  0.6682843126748738  train-loss:  0.553979819174856  lr:  1.9073486328125e-08
#epoch  325    val-loss:  0.6678913831710815  train-loss:  0.5539994139689952  lr:  1.9073486328125e-08
#epoch  326    val-loss:  0.6698091406571237  train-loss:  0.5540558451320976  lr:  1.9073486328125e-08
#epoch  327    val-loss:  0.6710880681088096  train-loss:  0.5539625342935324  lr:  1.9073486328125e-08
#epoch  328    val-loss:  0.6698799948943289  train-loss:  0.55393818160519  lr:  1.9073486328125e-08
#epoch  329    val-loss:  0.6653499038595903  train-loss:  0.5539620199706405  lr:  1.9073486328125e-08
#epoch  330    val-loss:  0.6679483777598331  train-loss:  0.5540706024039537  lr:  1.9073486328125e-08
#epoch  331    val-loss:  0.6666358521110133  train-loss:  0.5539196459576488  lr:  1.9073486328125e-08
#epoch  332    val-loss:  0.6682762723220023  train-loss:  0.5540910330601037  lr:  1.9073486328125e-08
#epoch  333    val-loss:  0.6680360091359991  train-loss:  0.5540588572621346  lr:  1.9073486328125e-08
#epoch  334    val-loss:  0.6653894342874226  train-loss:  0.553928195615299  lr:  1.9073486328125e-08
#epoch  335    val-loss:  0.6647760021059137  train-loss:  0.5540819510351866  lr:  1.9073486328125e-08
#epoch  336    val-loss:  0.668380037734383  train-loss:  0.5539880143478513  lr:  1.9073486328125e-08
#epoch  337    val-loss:  0.6658727056101749  train-loss:  0.5539161050692201  lr:  1.9073486328125e-08
#epoch  338    val-loss:  0.6691714399739316  train-loss:  0.5539491642266512  lr:  1.9073486328125e-08
#epoch  339    val-loss:  0.667945573204442  train-loss:  0.5539161176420748  lr:  1.9073486328125e-08
#epoch  340    val-loss:  0.6670808886226854  train-loss:  0.554076922358945  lr:  1.9073486328125e-08
#epoch  341    val-loss:  0.6716429591178894  train-loss:  0.5539871295914054  lr:  1.9073486328125e-08
#epoch  342    val-loss:  0.6648909167239541  train-loss:  0.5539839225821197  lr:  1.9073486328125e-08
#epoch  343    val-loss:  0.6669285956181978  train-loss:  0.5540225249715149  lr:  1.9073486328125e-08
#epoch  344    val-loss:  0.6698823477092543  train-loss:  0.5539855728857219  lr:  1.9073486328125e-08
#epoch  345    val-loss:  0.6677910842393574  train-loss:  0.5539143178611994  lr:  1.9073486328125e-08
#epoch  346    val-loss:  0.6676071505797537  train-loss:  0.5539909363724291  lr:  1.9073486328125e-08
#epoch  347    val-loss:  0.6681452487644396  train-loss:  0.5539769907481968  lr:  1.9073486328125e-08
#epoch  348    val-loss:  0.6664109731975355  train-loss:  0.5541073505301028  lr:  1.9073486328125e-08
#epoch  349    val-loss:  0.6667293623874062  train-loss:  0.5540231228806078  lr:  1.9073486328125e-08
#epoch  350    val-loss:  0.6699522702317489  train-loss:  0.5538982588332146  lr:  1.9073486328125e-08
#epoch  351    val-loss:  0.6669702278940302  train-loss:  0.5539589072577655  lr:  1.9073486328125e-08
#epoch  352    val-loss:  0.6688596825850638  train-loss:  0.5540201319381595  lr:  1.9073486328125e-08
#epoch  353    val-loss:  0.6682072281837463  train-loss:  0.5539599438197911  lr:  1.9073486328125e-08
#epoch  354    val-loss:  0.665279391564821  train-loss:  0.5539217272307724  lr:  1.9073486328125e-08
#epoch  355    val-loss:  0.6708688924187108  train-loss:  0.5540523087838665  lr:  1.9073486328125e-08
#epoch  356    val-loss:  0.6690025266848112  train-loss:  0.5540236970409751  lr:  1.9073486328125e-08
#epoch  357    val-loss:  0.6687496586849815  train-loss:  0.5539603128563613  lr:  1.9073486328125e-08
#epoch  358    val-loss:  0.664579262858943  train-loss:  0.5539435858372599  lr:  1.9073486328125e-08
#epoch  359    val-loss:  0.6697584453381991  train-loss:  0.554002522258088  lr:  1.9073486328125e-08
#epoch  360    val-loss:  0.6673288219853452  train-loss:  0.5539148796815425  lr:  1.9073486328125e-08
#epoch  361    val-loss:  0.6650209552363345  train-loss:  0.553889547009021  lr:  1.9073486328125e-08
#epoch  362    val-loss:  0.6647693734419974  train-loss:  0.5540056983008981  lr:  1.9073486328125e-08
#epoch  363    val-loss:  0.6697175565518831  train-loss:  0.55399289005436  lr:  1.9073486328125e-08
#epoch  364    val-loss:  0.6696807334297582  train-loss:  0.5538772724103183  lr:  1.9073486328125e-08
#epoch  365    val-loss:  0.6666235515945836  train-loss:  0.5540844479110092  lr:  1.9073486328125e-08
#epoch  366    val-loss:  0.6656957958873949  train-loss:  0.5539072726387531  lr:  1.9073486328125e-08
#epoch  367    val-loss:  0.6694164464348241  train-loss:  0.5538813837338239  lr:  1.9073486328125e-08
#epoch  368    val-loss:  0.6672046529619318  train-loss:  0.5540483118966222  lr:  1.9073486328125e-08
#epoch  369    val-loss:  0.6687098710160506  train-loss:  0.554020261974074  lr:  1.9073486328125e-08
#epoch  370    val-loss:  0.6682306716316625  train-loss:  0.5538588791387156  lr:  1.9073486328125e-08
#epoch  371    val-loss:  0.6652460004154005  train-loss:  0.5538836666382849  lr:  1.9073486328125e-08
#epoch  372    val-loss:  0.6684400690229315  train-loss:  0.5540022207424045  lr:  1.9073486328125e-08
#epoch  373    val-loss:  0.6648204044291848  train-loss:  0.5539486184716225  lr:  1.9073486328125e-08
#epoch  374    val-loss:  0.6708389802982933  train-loss:  0.5540264421142638  lr:  1.9073486328125e-08
#epoch  375    val-loss:  0.6703100988739416  train-loss:  0.5539460047148168  lr:  1.9073486328125e-08
#epoch  376    val-loss:  0.6663440654152318  train-loss:  0.554011550731957  lr:  1.9073486328125e-08
#epoch  377    val-loss:  0.6665551442849008  train-loss:  0.553923717699945  lr:  1.9073486328125e-08
#epoch  378    val-loss:  0.6687448150233218  train-loss:  0.5539916693232954  lr:  1.9073486328125e-08
#epoch  379    val-loss:  0.6659748397375408  train-loss:  0.5539372044149786  lr:  1.9073486328125e-08
#epoch  380    val-loss:  0.6701753798284029  train-loss:  0.553927757544443  lr:  1.9073486328125e-08
#epoch  381    val-loss:  0.6715785045372812  train-loss:  0.5539656238397583  lr:  1.9073486328125e-08
#epoch  382    val-loss:  0.6687011436412209  train-loss:  0.5539689610013738  lr:  1.9073486328125e-08
#epoch  383    val-loss:  0.6668116262084559  train-loss:  0.554033249267377  lr:  1.9073486328125e-08
#epoch  384    val-loss:  0.6692621896141454  train-loss:  0.5539992244448513  lr:  1.9073486328125e-08
#epoch  385    val-loss:  0.6685738092974612  train-loss:  0.5540131810121238  lr:  1.9073486328125e-08
#epoch  386    val-loss:  0.6675138598994205  train-loss:  0.5540716438554227  lr:  1.9073486328125e-08
#epoch  387    val-loss:  0.6677013070959794  train-loss:  0.5540502903750166  lr:  1.9073486328125e-08
#epoch  388    val-loss:  0.666023452030985  train-loss:  0.5539013401139528  lr:  1.9073486328125e-08
#epoch  389    val-loss:  0.6673139678804498  train-loss:  0.55400580028072  lr:  1.9073486328125e-08
#epoch  390    val-loss:  0.6674680647097135  train-loss:  0.5540614130441099  lr:  1.9073486328125e-08
#epoch  391    val-loss:  0.6681808484228033  train-loss:  0.5538872936740518  lr:  1.9073486328125e-08
#epoch  392    val-loss:  0.6654445717209264  train-loss:  0.5539942898321897  lr:  1.9073486328125e-08
#epoch  393    val-loss:  0.6676579462854486  train-loss:  0.5540352496318519  lr:  1.9073486328125e-08
#epoch  394    val-loss:  0.669196041006791  train-loss:  0.5539020504802465  lr:  1.9073486328125e-08
#epoch  395    val-loss:  0.6665421191014742  train-loss:  0.5540254309307784  lr:  1.9073486328125e-08
#epoch  396    val-loss:  0.6652123269281889  train-loss:  0.5540519894566387  lr:  1.9073486328125e-08
#epoch  397    val-loss:  0.670889465432418  train-loss:  0.5539174217265099  lr:  1.9073486328125e-08
#epoch  398    val-loss:  0.6700191623286197  train-loss:  0.5539616427849978  lr:  1.9073486328125e-08
#epoch  399    val-loss:  0.6661674097964638  train-loss:  0.554047989891842  lr:  1.9073486328125e-08
#epoch  400    val-loss:  0.6647637141378302  train-loss:  0.553929194342345  lr:  1.9073486328125e-08
#epoch  401    val-loss:  0.6654624656627053  train-loss:  0.5540937259793282  lr:  1.9073486328125e-08
#epoch  402    val-loss:  0.6665157801226566  train-loss:  0.5539993597194552  lr:  1.9073486328125e-08
#epoch  403    val-loss:  0.6665085742348119  train-loss:  0.5539135087747127  lr:  1.9073486328125e-08
#epoch  404    val-loss:  0.667037330175701  train-loss:  0.554085990646854  lr:  1.9073486328125e-08
#epoch  405    val-loss:  0.6652513020916989  train-loss:  0.5539578807074577  lr:  1.9073486328125e-08
#epoch  406    val-loss:  0.6676922816979257  train-loss:  0.5540344264591113  lr:  1.9073486328125e-08
#epoch  407    val-loss:  0.6663574074444018  train-loss:  0.5539608162362128  lr:  1.9073486328125e-08
#epoch  408    val-loss:  0.6682869572388498  train-loss:  0.5539794716751203  lr:  1.9073486328125e-08
#epoch  409    val-loss:  0.6670003000058626  train-loss:  0.5540928693953902  lr:  1.9073486328125e-08
#epoch  410    val-loss:  0.6690320717661005  train-loss:  0.5540530340513214  lr:  1.9073486328125e-08
#epoch  411    val-loss:  0.6698045824703417  train-loss:  0.5540117952041328  lr:  1.9073486328125e-08
#epoch  412    val-loss:  0.6642021285860162  train-loss:  0.5539588748943061  lr:  1.9073486328125e-08
#epoch  413    val-loss:  0.6699009663180301  train-loss:  0.5540059595368803  lr:  1.9073486328125e-08
#epoch  414    val-loss:  0.6699674537307337  train-loss:  0.5540166245773435  lr:  1.9073486328125e-08
#epoch  415    val-loss:  0.6682735085487366  train-loss:  0.5539562350604683  lr:  1.9073486328125e-08
#epoch  416    val-loss:  0.6702494997727243  train-loss:  0.5538507014280185  lr:  1.9073486328125e-08
#epoch  417    val-loss:  0.6649369785660192  train-loss:  0.5540530099533498  lr:  1.9073486328125e-08
#epoch  418    val-loss:  0.6654924028798154  train-loss:  0.5539738805964589  lr:  1.9073486328125e-08
#epoch  419    val-loss:  0.6685887857487327  train-loss:  0.5539409205084667  lr:  1.9073486328125e-08
#epoch  420    val-loss:  0.6655266724134746  train-loss:  0.5539513743715361  lr:  1.9073486328125e-08
#epoch  421    val-loss:  0.6704745010325783  train-loss:  0.5539390223566443  lr:  1.9073486328125e-08
#epoch  422    val-loss:  0.6699221447894448  train-loss:  0.5539586758241057  lr:  1.9073486328125e-08
#epoch  423    val-loss:  0.6683712193840429  train-loss:  0.55399613478221  lr:  1.9073486328125e-08
#epoch  424    val-loss:  0.6641956065830431  train-loss:  0.5540408240631223  lr:  1.9073486328125e-08
#epoch  425    val-loss:  0.6685073156105844  train-loss:  0.5539378020912409  lr:  1.9073486328125e-08
#epoch  426    val-loss:  0.6666342396485178  train-loss:  0.5540026181843132  lr:  1.9073486328125e-08
#epoch  427    val-loss:  0.6673288972754228  train-loss:  0.5538700395263731  lr:  1.9073486328125e-08
#epoch  428    val-loss:  0.6687753451497931  train-loss:  0.5539284436963499  lr:  1.9073486328125e-08
#epoch  429    val-loss:  0.6666771236218905  train-loss:  0.5539820061530918  lr:  1.9073486328125e-08
#epoch  430    val-loss:  0.6647886727985582  train-loss:  0.5539471958763897  lr:  1.9073486328125e-08
#epoch  431    val-loss:  0.6685867874245894  train-loss:  0.5540735917165875  lr:  1.9073486328125e-08
#epoch  432    val-loss:  0.6681062045850252  train-loss:  0.5538874086923897  lr:  1.9073486328125e-08
#epoch  433    val-loss:  0.6685486435890198  train-loss:  0.553919643163681  lr:  1.9073486328125e-08
#epoch  434    val-loss:  0.6693924194888065  train-loss:  0.5539148722309619  lr:  1.9073486328125e-08
#epoch  435    val-loss:  0.6683444318018461  train-loss:  0.5539942013565451  lr:  1.9073486328125e-08
#epoch  436    val-loss:  0.668694367534236  train-loss:  0.5539741290267557  lr:  1.9073486328125e-08
#epoch  437    val-loss:  0.6704388731404355  train-loss:  0.5540282650617883  lr:  1.9073486328125e-08
#epoch  438    val-loss:  0.6688257926388791  train-loss:  0.5540692857466638  lr:  1.9073486328125e-08
#epoch  439    val-loss:  0.6708850923337435  train-loss:  0.554030698724091  lr:  1.9073486328125e-08
#epoch  440    val-loss:  0.6643306832564505  train-loss:  0.5539943110197783  lr:  1.9073486328125e-08
#epoch  441    val-loss:  0.668401206794538  train-loss:  0.5539526182692498  lr:  1.9073486328125e-08
#epoch  442    val-loss:  0.6654142172713029  train-loss:  0.5540142438840121  lr:  1.9073486328125e-08
#epoch  443    val-loss:  0.6692224960578116  train-loss:  0.553957846481353  lr:  1.9073486328125e-08
#epoch  444    val-loss:  0.667270839214325  train-loss:  0.5540574472397566  lr:  1.9073486328125e-08
#epoch  445    val-loss:  0.6696715292177702  train-loss:  0.5540125416591763  lr:  1.9073486328125e-08
#epoch  446    val-loss:  0.6653756718886527  train-loss:  0.5539821838028729  lr:  1.9073486328125e-08
#epoch  447    val-loss:  0.6680823282191628  train-loss:  0.5539542804472148  lr:  1.9073486328125e-08
#epoch  448    val-loss:  0.6688390060474998  train-loss:  0.5538430734304711  lr:  1.9073486328125e-08
#epoch  449    val-loss:  0.6682627828497636  train-loss:  0.5540941879153252  lr:  1.9073486328125e-08
#epoch  450    val-loss:  0.6701260052229229  train-loss:  0.5540212038904428  lr:  1.9073486328125e-08
#epoch  451    val-loss:  0.666848383451763  train-loss:  0.5539214890450239  lr:  1.9073486328125e-08
#epoch  452    val-loss:  0.6719604950202139  train-loss:  0.5539730240125209  lr:  1.9073486328125e-08
#epoch  453    val-loss:  0.6698677351600245  train-loss:  0.5539734216872603  lr:  1.9073486328125e-08
#epoch  454    val-loss:  0.6654190295620969  train-loss:  0.5539666977711022  lr:  1.9073486328125e-08
#epoch  455    val-loss:  0.6696405442137467  train-loss:  0.5539912917884067  lr:  1.9073486328125e-08
#epoch  456    val-loss:  0.6692819846303839  train-loss:  0.5538765954552218  lr:  1.9073486328125e-08
#epoch  457    val-loss:  0.6682652485998053  train-loss:  0.5540046074893326  lr:  1.9073486328125e-08
#epoch  458    val-loss:  0.6701711635840567  train-loss:  0.5540129593573511  lr:  1.9073486328125e-08
#epoch  459    val-loss:  0.6670482848819933  train-loss:  0.5539971296675503  lr:  1.9073486328125e-08
#epoch  460    val-loss:  0.6682700577535128  train-loss:  0.5539892271626741  lr:  1.9073486328125e-08
#epoch  461    val-loss:  0.6671985858365109  train-loss:  0.5539552036207169  lr:  1.9073486328125e-08
#epoch  462    val-loss:  0.6689090760130632  train-loss:  0.5540101507212967  lr:  1.9073486328125e-08
#epoch  463    val-loss:  0.6682992514811064  train-loss:  0.5539910581428558  lr:  1.9073486328125e-08
#epoch  464    val-loss:  0.6645454827107882  train-loss:  0.5540446261875331  lr:  1.9073486328125e-08
#epoch  465    val-loss:  0.667527857579683  train-loss:  0.5539629594422877  lr:  1.9073486328125e-08
#epoch  466    val-loss:  0.667359079185285  train-loss:  0.5540417919401079  lr:  1.9073486328125e-08
#epoch  467    val-loss:  0.6707977809404072  train-loss:  0.5540330961812288  lr:  1.9073486328125e-08
#epoch  468    val-loss:  0.6707918079275834  train-loss:  0.5539856648538262  lr:  1.9073486328125e-08
#epoch  469    val-loss:  0.6691354513168335  train-loss:  0.5540368573274463  lr:  1.9073486328125e-08
#epoch  470    val-loss:  0.66890780863009  train-loss:  0.5539959500310943  lr:  1.9073486328125e-08
#epoch  471    val-loss:  0.6653249891180741  train-loss:  0.5540436871815473  lr:  1.9073486328125e-08
#epoch  472    val-loss:  0.6671904890160811  train-loss:  0.554129138821736  lr:  1.9073486328125e-08
#epoch  473    val-loss:  0.6654497259541562  train-loss:  0.5539948134683073  lr:  1.9073486328125e-08
#epoch  474    val-loss:  0.6670726788671393  train-loss:  0.553929049288854  lr:  1.9073486328125e-08
#epoch  475    val-loss:  0.6688130403819837  train-loss:  0.5539586716331542  lr:  1.9073486328125e-08
#epoch  476    val-loss:  0.6682006371648688  train-loss:  0.5539224410895258  lr:  1.9073486328125e-08
#epoch  477    val-loss:  0.6697396667380082  train-loss:  0.5538991531357169  lr:  1.9073486328125e-08
#epoch  478    val-loss:  0.6699916751761186  train-loss:  0.5540283030131832  lr:  1.9073486328125e-08
#epoch  479    val-loss:  0.667752018100337  train-loss:  0.5540342167951167  lr:  1.9073486328125e-08
#epoch  480    val-loss:  0.6648250159464384  train-loss:  0.5540378452278674  lr:  1.9073486328125e-08
#epoch  481    val-loss:  0.6675381691832292  train-loss:  0.5540561303496361  lr:  1.9073486328125e-08
#epoch  482    val-loss:  0.6668560473542464  train-loss:  0.5539006514009088  lr:  1.9073486328125e-08
#epoch  483    val-loss:  0.6686903144183912  train-loss:  0.553956370218657  lr:  1.9073486328125e-08
#epoch  484    val-loss:  0.6663450724200198  train-loss:  0.5540738084819168  lr:  1.9073486328125e-08
#epoch  485    val-loss:  0.666703528479526  train-loss:  0.553978105308488  lr:  1.9073486328125e-08
#epoch  486    val-loss:  0.6685101107547158  train-loss:  0.5540789343649521  lr:  1.9073486328125e-08
#epoch  487    val-loss:  0.6653069979266116  train-loss:  0.5539964570198208  lr:  1.9073486328125e-08
#epoch  488    val-loss:  0.6661285758018494  train-loss:  0.5539803190622479  lr:  1.9073486328125e-08
#epoch  489    val-loss:  0.6711411727102179  train-loss:  0.5539320076350123  lr:  1.9073486328125e-08
#epoch  490    val-loss:  0.670096544842971  train-loss:  0.5539616574533284  lr:  1.9073486328125e-08
#epoch  491    val-loss:  0.666665277983013  train-loss:  0.553925571963191  lr:  1.9073486328125e-08
#epoch  492    val-loss:  0.67029995667307  train-loss:  0.5539234508760273  lr:  1.9073486328125e-08
#epoch  493    val-loss:  0.667631889644422  train-loss:  0.5540440215263516  lr:  1.9073486328125e-08
#epoch  494    val-loss:  0.6699579452213488  train-loss:  0.5539788608439267  lr:  1.9073486328125e-08
#epoch  495    val-loss:  0.6673811642747176  train-loss:  0.5539463362656534  lr:  1.9073486328125e-08
#epoch  496    val-loss:  0.6687427382720145  train-loss:  0.5540936680044979  lr:  1.9073486328125e-08
#epoch  497    val-loss:  0.6690524471433539  train-loss:  0.5539240054786205  lr:  1.9073486328125e-08
#epoch  498    val-loss:  0.6689887674231279  train-loss:  0.5539375231601298  lr:  1.9073486328125e-08
#epoch  499    val-loss:  0.6689562546579462  train-loss:  0.5539158547762781  lr:  1.9073486328125e-08
