model f26388b3f7c1b45cfbc557f8c7c1a3bf05e1b9978ea2779633470446 state_dict has not been found
Model was not found
torch.cuda.is_available():	 True
runargs:	 Namespace(co2=False, depth=110.0, disp=-1, domain='global', epoch=0, latitude=False, linsupres=False, lossfun='MSE', lr=0.01, lsrp_span=12, maxepoch=500, minibatch=4, mode='train', normalization='standard', num_workers=40, parts=[1, 1], persistent_workers=False, prefetch_factor=1, relog=True, rerun=True, sanity=False, sigma=8, temperature=True)
data_address /scratch/zanna/data/cm2.6/coarse_8_beneath_surface.zarr
using device: cuda:0
epochs started
#epoch  0    val-loss:  0.5544925567350889  train-loss:  0.8739304430782795  lr:  0.01
#epoch  1    val-loss:  0.34546193009928655  train-loss:  0.37148971704300493  lr:  0.01
#epoch  2    val-loss:  0.2582046122927415  train-loss:  0.26384325133403763  lr:  0.01
#epoch  3    val-loss:  0.22353195673541018  train-loss:  0.2123674910981208  lr:  0.01
#epoch  4    val-loss:  0.2160722001602775  train-loss:  0.18271274858852848  lr:  0.01
#epoch  5    val-loss:  0.16666449920127266  train-loss:  0.16452816996024922  lr:  0.01
#epoch  6    val-loss:  0.16331230652959725  train-loss:  0.15048218102310784  lr:  0.01
#epoch  7    val-loss:  0.16637844474692093  train-loss:  0.14023877459112555  lr:  0.01
#epoch  8    val-loss:  0.1745230390837318  train-loss:  0.13589115007198416  lr:  0.01
#epoch  9    val-loss:  0.15978796780109406  train-loss:  0.12952087659505196  lr:  0.01
#epoch  10    val-loss:  0.13867335099922984  train-loss:  0.12418548940331675  lr:  0.01
#epoch  11    val-loss:  0.15184746368935234  train-loss:  0.12163466511992738  lr:  0.01
#epoch  12    val-loss:  0.1323048566517077  train-loss:  0.11763167718891054  lr:  0.01
#epoch  13    val-loss:  0.14567156998734726  train-loss:  0.11498723499244079  lr:  0.01
#epoch  14    val-loss:  0.1298515588829392  train-loss:  0.11177191042224877  lr:  0.01
#epoch  15    val-loss:  0.12886009404533788  train-loss:  0.11015666197636165  lr:  0.01
#epoch  16    val-loss:  0.12463764532616264  train-loss:  0.10863885868457146  lr:  0.01
#epoch  17    val-loss:  0.12579558240739921  train-loss:  0.10731744836084545  lr:  0.01
#epoch  18    val-loss:  0.15200934284611753  train-loss:  0.10442367073846981  lr:  0.01
#epoch  19    val-loss:  0.11714325492319308  train-loss:  0.10364953195676208  lr:  0.01
#epoch  20    val-loss:  0.11717052287177036  train-loss:  0.10318525461480021  lr:  0.01
#epoch  21    val-loss:  0.12261962733770672  train-loss:  0.10114246234297752  lr:  0.01
#epoch  22    val-loss:  0.13107428307596006  train-loss:  0.10073933671810664  lr:  0.01
#epoch  23    val-loss:  0.10573348324549825  train-loss:  0.09025152976391837  lr:  0.005
#epoch  24    val-loss:  0.10405954914657693  train-loss:  0.08958267493289895  lr:  0.005
#epoch  25    val-loss:  0.11318128281518032  train-loss:  0.08994622796308249  lr:  0.005
#epoch  26    val-loss:  0.10142676767550017  train-loss:  0.09002129035070539  lr:  0.005
#epoch  27    val-loss:  0.1188814189088972  train-loss:  0.08947299755527638  lr:  0.005
#epoch  28    val-loss:  0.10483255707903912  train-loss:  0.08916020521428436  lr:  0.005
#epoch  29    val-loss:  0.11068193339987804  train-loss:  0.08856541948625818  lr:  0.005
#epoch  30    val-loss:  0.0973922724002286  train-loss:  0.08351141808088869  lr:  0.0025
#epoch  31    val-loss:  0.09656221262718502  train-loss:  0.08329704971401952  lr:  0.0025
#epoch  32    val-loss:  0.09906322626691115  train-loss:  0.08319032218423672  lr:  0.0025
#epoch  33    val-loss:  0.100328150548433  train-loss:  0.08309066016227007  lr:  0.0025
#epoch  34    val-loss:  0.09687439352273941  train-loss:  0.08266368249314837  lr:  0.0025
#epoch  35    val-loss:  0.09444235618177213  train-loss:  0.08006256172666326  lr:  0.00125
#epoch  36    val-loss:  0.09391809803874869  train-loss:  0.07984821969876066  lr:  0.00125
#epoch  37    val-loss:  0.09417933107990968  train-loss:  0.07967484762775712  lr:  0.00125
#epoch  38    val-loss:  0.09335989818761223  train-loss:  0.0794618263898883  lr:  0.00125
#epoch  39    val-loss:  0.09322779939362877  train-loss:  0.07951891617267393  lr:  0.00125
#epoch  40    val-loss:  0.09470351667780626  train-loss:  0.07956587689113803  lr:  0.00125
#epoch  41    val-loss:  0.09279949296461909  train-loss:  0.07939594131312333  lr:  0.00125
#epoch  42    val-loss:  0.09441631797112916  train-loss:  0.07898297635256313  lr:  0.00125
#epoch  43    val-loss:  0.09338838646286413  train-loss:  0.0787571135442704  lr:  0.00125
#epoch  44    val-loss:  0.0915786569055758  train-loss:  0.07859894045395777  lr:  0.00125
#epoch  45    val-loss:  0.09256469928904583  train-loss:  0.07835915050236508  lr:  0.00125
#epoch  46    val-loss:  0.09380870273238734  train-loss:  0.07848844546242617  lr:  0.00125
#epoch  47    val-loss:  0.09218883279122804  train-loss:  0.07798634161008522  lr:  0.00125
#epoch  48    val-loss:  0.09112749209529475  train-loss:  0.07646125022438355  lr:  0.000625
#epoch  49    val-loss:  0.08999598496838619  train-loss:  0.07638669895823114  lr:  0.000625
#epoch  50    val-loss:  0.09152678400278091  train-loss:  0.07627028922433965  lr:  0.000625
#epoch  51    val-loss:  0.0917077193918981  train-loss:  0.07629684775019996  lr:  0.000625
#epoch  52    val-loss:  0.09037708922436363  train-loss:  0.07613142815534957  lr:  0.000625
#epoch  53    val-loss:  0.08996768217337758  train-loss:  0.07531183146056719  lr:  0.0003125
#epoch  54    val-loss:  0.08982421849903308  train-loss:  0.07529452518792823  lr:  0.0003125
#epoch  55    val-loss:  0.08926988432281896  train-loss:  0.07521463115699589  lr:  0.0003125
#epoch  56    val-loss:  0.09011924227601603  train-loss:  0.07521230468410067  lr:  0.0003125
#epoch  57    val-loss:  0.08928575405949041  train-loss:  0.0751098079199437  lr:  0.0003125
#epoch  58    val-loss:  0.09067110364374362  train-loss:  0.07510709614143707  lr:  0.0003125
#epoch  59    val-loss:  0.08943027336346476  train-loss:  0.07456841395469382  lr:  0.00015625
#epoch  60    val-loss:  0.08952592666211881  train-loss:  0.07459500769618899  lr:  0.00015625
#epoch  61    val-loss:  0.08878954892095767  train-loss:  0.0745695018558763  lr:  0.00015625
#epoch  62    val-loss:  0.08947079981628217  train-loss:  0.07448938704328611  lr:  0.00015625
#epoch  63    val-loss:  0.08940027222821587  train-loss:  0.0744987279176712  lr:  0.00015625
#epoch  64    val-loss:  0.08937598686469228  train-loss:  0.07443112100008875  lr:  0.00015625
#epoch  65    val-loss:  0.08934272943358672  train-loss:  0.07424146027187817  lr:  7.8125e-05
#epoch  66    val-loss:  0.08866607633076216  train-loss:  0.07418623042758554  lr:  7.8125e-05
#epoch  67    val-loss:  0.08883518607992875  train-loss:  0.07415203010896221  lr:  7.8125e-05
#epoch  68    val-loss:  0.08946108857267782  train-loss:  0.07415899401530623  lr:  7.8125e-05
#epoch  69    val-loss:  0.08890733240466368  train-loss:  0.07411061230232008  lr:  7.8125e-05
#epoch  70    val-loss:  0.08930092893148724  train-loss:  0.07401350061991252  lr:  3.90625e-05
#epoch  71    val-loss:  0.08869717426990208  train-loss:  0.07402235717745498  lr:  3.90625e-05
#epoch  72    val-loss:  0.08886400178859108  train-loss:  0.07401502158609219  lr:  3.90625e-05
#epoch  73    val-loss:  0.08881089993213352  train-loss:  0.07396336409146897  lr:  1.953125e-05
#epoch  74    val-loss:  0.08982265622992265  train-loss:  0.07397556054638699  lr:  1.953125e-05
#epoch  75    val-loss:  0.08826249759448201  train-loss:  0.07391777730663307  lr:  1.953125e-05
#epoch  76    val-loss:  0.08908273358094065  train-loss:  0.07391537984949537  lr:  1.953125e-05
#epoch  77    val-loss:  0.08839883576882512  train-loss:  0.0739039647160098  lr:  1.953125e-05
#epoch  78    val-loss:  0.0885744530119394  train-loss:  0.07389980382868089  lr:  1.953125e-05
#epoch  79    val-loss:  0.08840599146328475  train-loss:  0.0738646719546523  lr:  9.765625e-06
#epoch  80    val-loss:  0.08839603160556994  train-loss:  0.07386434497311711  lr:  9.765625e-06
#epoch  81    val-loss:  0.08913148900395945  train-loss:  0.0738938125432469  lr:  9.765625e-06
#epoch  82    val-loss:  0.08874626771399849  train-loss:  0.07385287745273672  lr:  4.8828125e-06
#epoch  83    val-loss:  0.0893036856463081  train-loss:  0.07387127159745432  lr:  4.8828125e-06
#epoch  84    val-loss:  0.08913646912888477  train-loss:  0.07384991197613999  lr:  4.8828125e-06
#epoch  85    val-loss:  0.08862204928147166  train-loss:  0.07385148238972761  lr:  2.44140625e-06
#epoch  86    val-loss:  0.08876743638201763  train-loss:  0.07384839406586252  lr:  2.44140625e-06
#epoch  87    val-loss:  0.0886758660015307  train-loss:  0.07388950671884231  lr:  2.44140625e-06
#epoch  88    val-loss:  0.08927569420714128  train-loss:  0.07384751256904565  lr:  1.220703125e-06
#epoch  89    val-loss:  0.08911647569192083  train-loss:  0.07382319873431697  lr:  1.220703125e-06
#epoch  90    val-loss:  0.0884894909043061  train-loss:  0.07381445198552683  lr:  1.220703125e-06
#epoch  91    val-loss:  0.08828368351647728  train-loss:  0.07382104257703759  lr:  6.103515625e-07
#epoch  92    val-loss:  0.08883271483998549  train-loss:  0.07384608432766981  lr:  6.103515625e-07
#epoch  93    val-loss:  0.08926224002712652  train-loss:  0.07383765690610744  lr:  6.103515625e-07
#epoch  94    val-loss:  0.08886823018914775  train-loss:  0.0738651986757759  lr:  3.0517578125e-07
#epoch  95    val-loss:  0.08890000338617124  train-loss:  0.07384434551931918  lr:  3.0517578125e-07
#epoch  96    val-loss:  0.08968819560188997  train-loss:  0.07385812059510499  lr:  3.0517578125e-07
#epoch  97    val-loss:  0.08855941852456645  train-loss:  0.07382708322256804  lr:  1.52587890625e-07
#epoch  98    val-loss:  0.08941575100547389  train-loss:  0.07382984602008946  lr:  1.52587890625e-07
#epoch  99    val-loss:  0.08835575180618387  train-loss:  0.07378726196475327  lr:  1.52587890625e-07
#epoch  100    val-loss:  0.08826571232394169  train-loss:  0.07382626965409145  lr:  7.62939453125e-08
#epoch  101    val-loss:  0.0888997606540981  train-loss:  0.07380910590291023  lr:  7.62939453125e-08
#epoch  102    val-loss:  0.08930587297991703  train-loss:  0.07378985575633124  lr:  7.62939453125e-08
#epoch  103    val-loss:  0.08915640021625318  train-loss:  0.07382321960176341  lr:  3.814697265625e-08
#epoch  104    val-loss:  0.0881784526925338  train-loss:  0.07379425727413036  lr:  3.814697265625e-08
#epoch  105    val-loss:  0.08856395475174252  train-loss:  0.07380628219107166  lr:  3.814697265625e-08
#epoch  106    val-loss:  0.08901844408951308  train-loss:  0.07383255090098828  lr:  3.814697265625e-08
#epoch  107    val-loss:  0.08885002097016886  train-loss:  0.07382185032474808  lr:  3.814697265625e-08
#epoch  108    val-loss:  0.0894884918081133  train-loss:  0.0737911333271768  lr:  1.9073486328125e-08
#epoch  109    val-loss:  0.08867091489465613  train-loss:  0.07384807229391299  lr:  1.9073486328125e-08
#epoch  110    val-loss:  0.08899661937826558  train-loss:  0.07381368786445819  lr:  1.9073486328125e-08
#epoch  111    val-loss:  0.08917601406574249  train-loss:  0.07378215898643248  lr:  1.9073486328125e-08
#epoch  112    val-loss:  0.08868188881560375  train-loss:  0.07384175146580674  lr:  1.9073486328125e-08
#epoch  113    val-loss:  0.08909949895582701  train-loss:  0.07376006167032756  lr:  1.9073486328125e-08
#epoch  114    val-loss:  0.08827363150684457  train-loss:  0.07384726949385367  lr:  1.9073486328125e-08
#epoch  115    val-loss:  0.08850256510471043  train-loss:  0.07379558772663586  lr:  1.9073486328125e-08
#epoch  116    val-loss:  0.08967656014781249  train-loss:  0.07386028688051738  lr:  1.9073486328125e-08
#epoch  117    val-loss:  0.0892105094696346  train-loss:  0.07380268548149616  lr:  1.9073486328125e-08
#epoch  118    val-loss:  0.08880767539927834  train-loss:  0.07380198841565289  lr:  1.9073486328125e-08
#epoch  119    val-loss:  0.08888541632576992  train-loss:  0.07383854986983351  lr:  1.9073486328125e-08
#epoch  120    val-loss:  0.08936495373123571  train-loss:  0.0737798871123232  lr:  1.9073486328125e-08
#epoch  121    val-loss:  0.0885713990581663  train-loss:  0.07378273401991464  lr:  1.9073486328125e-08
#epoch  122    val-loss:  0.08820512537893496  train-loss:  0.07382285592029803  lr:  1.9073486328125e-08
#epoch  123    val-loss:  0.08927750665890544  train-loss:  0.07380667014513165  lr:  1.9073486328125e-08
#epoch  124    val-loss:  0.08864652287018926  train-loss:  0.07376948598539457  lr:  1.9073486328125e-08
#epoch  125    val-loss:  0.08858464030843032  train-loss:  0.07381328029441647  lr:  1.9073486328125e-08
#epoch  126    val-loss:  0.08861992821881645  train-loss:  0.07379394792951643  lr:  1.9073486328125e-08
#epoch  127    val-loss:  0.08922009091628225  train-loss:  0.07381824855110608  lr:  1.9073486328125e-08
#epoch  128    val-loss:  0.0882255956530571  train-loss:  0.0737576361570973  lr:  1.9073486328125e-08
#epoch  129    val-loss:  0.08936375340348796  train-loss:  0.07378147725830786  lr:  1.9073486328125e-08
#epoch  130    val-loss:  0.0894054743020158  train-loss:  0.07378031947882846  lr:  1.9073486328125e-08
#epoch  131    val-loss:  0.08859751608810927  train-loss:  0.07377652410650626  lr:  1.9073486328125e-08
#epoch  132    val-loss:  0.08877424229132502  train-loss:  0.07380643641226925  lr:  1.9073486328125e-08
#epoch  133    val-loss:  0.08877734643848319  train-loss:  0.07377617481688503  lr:  1.9073486328125e-08
#epoch  134    val-loss:  0.08856279285330522  train-loss:  0.07383901326102205  lr:  1.9073486328125e-08
#epoch  135    val-loss:  0.08931083859581697  train-loss:  0.07380732172168791  lr:  1.9073486328125e-08
#epoch  136    val-loss:  0.08851770546875502  train-loss:  0.07382936833892018  lr:  1.9073486328125e-08
#epoch  137    val-loss:  0.08856046395866495  train-loss:  0.07378946503740735  lr:  1.9073486328125e-08
#epoch  138    val-loss:  0.08910405714260905  train-loss:  0.07380153442500159  lr:  1.9073486328125e-08
#epoch  139    val-loss:  0.08901601637664594  train-loss:  0.07377998111769557  lr:  1.9073486328125e-08
#epoch  140    val-loss:  0.08856697537397083  train-loss:  0.07376353853032924  lr:  1.9073486328125e-08
#epoch  141    val-loss:  0.08967649701394532  train-loss:  0.07377630026894622  lr:  1.9073486328125e-08
#epoch  142    val-loss:  0.08875502528328645  train-loss:  0.07379684878105763  lr:  1.9073486328125e-08
#epoch  143    val-loss:  0.08857746147795727  train-loss:  0.07379458288778551  lr:  1.9073486328125e-08
#epoch  144    val-loss:  0.08925755478833851  train-loss:  0.07381151997833513  lr:  1.9073486328125e-08
#epoch  145    val-loss:  0.08932974032665554  train-loss:  0.07380258198827505  lr:  1.9073486328125e-08
#epoch  146    val-loss:  0.08857082889268272  train-loss:  0.07380805310094729  lr:  1.9073486328125e-08
#epoch  147    val-loss:  0.08856336380306043  train-loss:  0.07380502676824108  lr:  1.9073486328125e-08
#epoch  148    val-loss:  0.08864808004153402  train-loss:  0.0738263503590133  lr:  1.9073486328125e-08
#epoch  149    val-loss:  0.08839761191292812  train-loss:  0.07385794873698615  lr:  1.9073486328125e-08
#epoch  150    val-loss:  0.08910828632743735  train-loss:  0.07382071518804878  lr:  1.9073486328125e-08
#epoch  151    val-loss:  0.08925685992366389  train-loss:  0.07381661122781225  lr:  1.9073486328125e-08
#epoch  152    val-loss:  0.08827597530264604  train-loss:  0.07383635031874292  lr:  1.9073486328125e-08
#epoch  153    val-loss:  0.08840230303375345  train-loss:  0.0738055090769194  lr:  1.9073486328125e-08
#epoch  154    val-loss:  0.08940518098442178  train-loss:  0.07380629048566334  lr:  1.9073486328125e-08
#epoch  155    val-loss:  0.08825906483750594  train-loss:  0.07376388923148625  lr:  1.9073486328125e-08
#epoch  156    val-loss:  0.08846271077269002  train-loss:  0.07382043192046694  lr:  1.9073486328125e-08
#epoch  157    val-loss:  0.08843330097825904  train-loss:  0.07384104712400585  lr:  1.9073486328125e-08
#epoch  158    val-loss:  0.08883036006438105  train-loss:  0.07382490357849747  lr:  1.9073486328125e-08
#epoch  159    val-loss:  0.08864232819331319  train-loss:  0.07379058608785272  lr:  1.9073486328125e-08
#epoch  160    val-loss:  0.08846263822756316  train-loss:  0.07379005724214949  lr:  1.9073486328125e-08
#epoch  161    val-loss:  0.08901700102969219  train-loss:  0.07383069628849626  lr:  1.9073486328125e-08
#epoch  162    val-loss:  0.08921615308836887  train-loss:  0.0738449944765307  lr:  1.9073486328125e-08
#epoch  163    val-loss:  0.08908273201239736  train-loss:  0.07384630621527322  lr:  1.9073486328125e-08
#epoch  164    val-loss:  0.08906838297843933  train-loss:  0.07381672694464214  lr:  1.9073486328125e-08
#epoch  165    val-loss:  0.08928802962365903  train-loss:  0.0738143312628381  lr:  1.9073486328125e-08
#epoch  166    val-loss:  0.0887578098397506  train-loss:  0.07379591758945026  lr:  1.9073486328125e-08
#epoch  167    val-loss:  0.08890238325846822  train-loss:  0.07382007918204181  lr:  1.9073486328125e-08
#epoch  168    val-loss:  0.08819344365283062  train-loss:  0.07377490182989277  lr:  1.9073486328125e-08
#epoch  169    val-loss:  0.08946883796077025  train-loss:  0.07376662574824877  lr:  1.9073486328125e-08
#epoch  170    val-loss:  0.08892798580621418  train-loss:  0.0738070891238749  lr:  1.9073486328125e-08
#epoch  171    val-loss:  0.08888595943388186  train-loss:  0.07383512522210367  lr:  1.9073486328125e-08
#epoch  172    val-loss:  0.08928933504380678  train-loss:  0.07381267490563914  lr:  1.9073486328125e-08
#epoch  173    val-loss:  0.08844874407115735  train-loss:  0.07379079941892996  lr:  1.9073486328125e-08
#epoch  174    val-loss:  0.0887040393917184  train-loss:  0.07384114747401327  lr:  1.9073486328125e-08
#epoch  175    val-loss:  0.08827922610860121  train-loss:  0.07381525047821924  lr:  1.9073486328125e-08
#epoch  176    val-loss:  0.08863802920830877  train-loss:  0.07382438782951795  lr:  1.9073486328125e-08
#epoch  177    val-loss:  0.08940972701499336  train-loss:  0.07379928449518047  lr:  1.9073486328125e-08
#epoch  178    val-loss:  0.08901881073650561  train-loss:  0.07378932752180845  lr:  1.9073486328125e-08
#epoch  179    val-loss:  0.08857661407244832  train-loss:  0.07381700276164338  lr:  1.9073486328125e-08
#epoch  180    val-loss:  0.08842015972262934  train-loss:  0.07379751795087941  lr:  1.9073486328125e-08
#epoch  181    val-loss:  0.08912582656270579  train-loss:  0.07383064908208326  lr:  1.9073486328125e-08
#epoch  182    val-loss:  0.08894182506360505  train-loss:  0.07381896988954395  lr:  1.9073486328125e-08
#epoch  183    val-loss:  0.08856235287691418  train-loss:  0.073847768624546  lr:  1.9073486328125e-08
#epoch  184    val-loss:  0.08824071523390319  train-loss:  0.07378296399838291  lr:  1.9073486328125e-08
#epoch  185    val-loss:  0.08927284298758757  train-loss:  0.07378575997427106  lr:  1.9073486328125e-08
#epoch  186    val-loss:  0.08912221656033867  train-loss:  0.07380473465309478  lr:  1.9073486328125e-08
#epoch  187    val-loss:  0.0886461817120251  train-loss:  0.07378684639115818  lr:  1.9073486328125e-08
#epoch  188    val-loss:  0.08822774847871379  train-loss:  0.07385190189233981  lr:  1.9073486328125e-08
#epoch  189    val-loss:  0.0885104670336372  train-loss:  0.07379504092386924  lr:  1.9073486328125e-08
#epoch  190    val-loss:  0.08914361541208468  train-loss:  0.07381903758505359  lr:  1.9073486328125e-08
#epoch  191    val-loss:  0.08867827959750828  train-loss:  0.07378780463477597  lr:  1.9073486328125e-08
#epoch  192    val-loss:  0.08854962767739046  train-loss:  0.07379294189740904  lr:  1.9073486328125e-08
#epoch  193    val-loss:  0.08829479115573984  train-loss:  0.07379872666206211  lr:  1.9073486328125e-08
#epoch  194    val-loss:  0.08872954194483004  train-loss:  0.0737978269753512  lr:  1.9073486328125e-08
#epoch  195    val-loss:  0.08894593974477366  train-loss:  0.07381497006281279  lr:  1.9073486328125e-08
#epoch  196    val-loss:  0.0886022130909719  train-loss:  0.07385203300509602  lr:  1.9073486328125e-08
#epoch  197    val-loss:  0.08890005593237124  train-loss:  0.07381468152743764  lr:  1.9073486328125e-08
#epoch  198    val-loss:  0.08886536406843286  train-loss:  0.07384093213477172  lr:  1.9073486328125e-08
#epoch  199    val-loss:  0.08929246624833659  train-loss:  0.07382640862488188  lr:  1.9073486328125e-08
#epoch  200    val-loss:  0.08864228231342215  train-loss:  0.07382105526630767  lr:  1.9073486328125e-08
#epoch  201    val-loss:  0.08862429857254028  train-loss:  0.07380079990252852  lr:  1.9073486328125e-08
#epoch  202    val-loss:  0.08874942244667756  train-loss:  0.0737634141696617  lr:  1.9073486328125e-08
#epoch  203    val-loss:  0.08929286348192315  train-loss:  0.07379432072048075  lr:  1.9073486328125e-08
#epoch  204    val-loss:  0.0885696383683305  train-loss:  0.0738356405927334  lr:  1.9073486328125e-08
#epoch  205    val-loss:  0.0897039226011226  train-loss:  0.07379302926710807  lr:  1.9073486328125e-08
#epoch  206    val-loss:  0.08913179879125796  train-loss:  0.07379048148868605  lr:  1.9073486328125e-08
#epoch  207    val-loss:  0.08929386891816792  train-loss:  0.07385028182761744  lr:  1.9073486328125e-08
#epoch  208    val-loss:  0.088922287288465  train-loss:  0.07383756776107475  lr:  1.9073486328125e-08
#epoch  209    val-loss:  0.0891064083889911  train-loss:  0.0737865045084618  lr:  1.9073486328125e-08
#epoch  210    val-loss:  0.08909846567793896  train-loss:  0.0738140350440517  lr:  1.9073486328125e-08
#epoch  211    val-loss:  0.08854165712469503  train-loss:  0.07379669620422646  lr:  1.9073486328125e-08
#epoch  212    val-loss:  0.0891148514653507  train-loss:  0.07382060389500111  lr:  1.9073486328125e-08
#epoch  213    val-loss:  0.08843508205915752  train-loss:  0.07379009141004644  lr:  1.9073486328125e-08
#epoch  214    val-loss:  0.08964848832080238  train-loss:  0.0738553055562079  lr:  1.9073486328125e-08
#epoch  215    val-loss:  0.08857884375672591  train-loss:  0.07380346904392354  lr:  1.9073486328125e-08
#epoch  216    val-loss:  0.08821113133116772  train-loss:  0.07382717484142631  lr:  1.9073486328125e-08
#epoch  217    val-loss:  0.08954309828971561  train-loss:  0.07381653122138232  lr:  1.9073486328125e-08
#epoch  218    val-loss:  0.08910265015928369  train-loss:  0.07378232595510781  lr:  1.9073486328125e-08
#epoch  219    val-loss:  0.08861220824091058  train-loss:  0.07376816548639908  lr:  1.9073486328125e-08
#epoch  220    val-loss:  0.08936212956905365  train-loss:  0.07380795097560622  lr:  1.9073486328125e-08
#epoch  221    val-loss:  0.0886601135134697  train-loss:  0.07381659807288088  lr:  1.9073486328125e-08
#epoch  222    val-loss:  0.08872208744287491  train-loss:  0.07380835773074068  lr:  1.9073486328125e-08
#epoch  223    val-loss:  0.08834842514050634  train-loss:  0.07382490028976463  lr:  1.9073486328125e-08
#epoch  224    val-loss:  0.08862751016491338  train-loss:  0.07381599882501177  lr:  1.9073486328125e-08
#epoch  225    val-loss:  0.08860674304397483  train-loss:  0.07377057391568087  lr:  1.9073486328125e-08
#epoch  226    val-loss:  0.08941198179596349  train-loss:  0.07385354363941588  lr:  1.9073486328125e-08
#epoch  227    val-loss:  0.0886511786987907  train-loss:  0.07384943947545253  lr:  1.9073486328125e-08
#epoch  228    val-loss:  0.08816893320334585  train-loss:  0.07382077974034473  lr:  1.9073486328125e-08
#epoch  229    val-loss:  0.08925351422084005  train-loss:  0.07376772542193066  lr:  1.9073486328125e-08
#epoch  230    val-loss:  0.08912096564707003  train-loss:  0.0738786492147483  lr:  1.9073486328125e-08
#epoch  231    val-loss:  0.08996552777917761  train-loss:  0.07382241825689562  lr:  1.9073486328125e-08
#epoch  232    val-loss:  0.08894608052153337  train-loss:  0.0737660353188403  lr:  1.9073486328125e-08
#epoch  233    val-loss:  0.08864816631141462  train-loss:  0.0737578846164979  lr:  1.9073486328125e-08
#epoch  234    val-loss:  0.08864827807012357  train-loss:  0.07384606919367798  lr:  1.9073486328125e-08
#epoch  235    val-loss:  0.08924644165917446  train-loss:  0.07381718922988512  lr:  1.9073486328125e-08
#epoch  236    val-loss:  0.0889131254271457  train-loss:  0.07385179502307437  lr:  1.9073486328125e-08
#epoch  237    val-loss:  0.08926105381626832  train-loss:  0.073774182877969  lr:  1.9073486328125e-08
#epoch  238    val-loss:  0.08870435937454826  train-loss:  0.07382854755269364  lr:  1.9073486328125e-08
#epoch  239    val-loss:  0.08937134436870876  train-loss:  0.07380846349406056  lr:  1.9073486328125e-08
#epoch  240    val-loss:  0.08976282806772935  train-loss:  0.07381395087577403  lr:  1.9073486328125e-08
#epoch  241    val-loss:  0.0881395936012268  train-loss:  0.07385301546310075  lr:  1.9073486328125e-08
#epoch  242    val-loss:  0.08918502534690656  train-loss:  0.07386893828515895  lr:  1.9073486328125e-08
#epoch  243    val-loss:  0.0890347189024875  train-loss:  0.07383088979986496  lr:  1.9073486328125e-08
#epoch  244    val-loss:  0.08847998043424204  train-loss:  0.07386589038651437  lr:  1.9073486328125e-08
#epoch  245    val-loss:  0.08872966821256437  train-loss:  0.07379663648316637  lr:  1.9073486328125e-08
#epoch  246    val-loss:  0.0891216087498163  train-loss:  0.07382160425186157  lr:  1.9073486328125e-08
#epoch  247    val-loss:  0.08858625669228404  train-loss:  0.07382798232720234  lr:  1.9073486328125e-08
#epoch  248    val-loss:  0.08946311709127928  train-loss:  0.07379763154312968  lr:  1.9073486328125e-08
#epoch  249    val-loss:  0.08848206189117934  train-loss:  0.07381793789681979  lr:  1.9073486328125e-08
#epoch  250    val-loss:  0.08841112216836527  train-loss:  0.07379057232174091  lr:  1.9073486328125e-08
#epoch  251    val-loss:  0.08875452452584316  train-loss:  0.07384002330945805  lr:  1.9073486328125e-08
#epoch  252    val-loss:  0.08828902675917275  train-loss:  0.07381987010012381  lr:  1.9073486328125e-08
#epoch  253    val-loss:  0.08994577432933606  train-loss:  0.07376178263803013  lr:  1.9073486328125e-08
#epoch  254    val-loss:  0.08879648501935758  train-loss:  0.07384337784606032  lr:  1.9073486328125e-08
#epoch  255    val-loss:  0.08907589786931087  train-loss:  0.07380670830025338  lr:  1.9073486328125e-08
#epoch  256    val-loss:  0.08908959282071967  train-loss:  0.0737964840955101  lr:  1.9073486328125e-08
#epoch  257    val-loss:  0.08971589568414186  train-loss:  0.07383555982960388  lr:  1.9073486328125e-08
#epoch  258    val-loss:  0.08839239062447297  train-loss:  0.07382436477928422  lr:  1.9073486328125e-08
#epoch  259    val-loss:  0.0882299130684451  train-loss:  0.07382956592482515  lr:  1.9073486328125e-08
#epoch  260    val-loss:  0.08882016531730953  train-loss:  0.07374854426598176  lr:  1.9073486328125e-08
#epoch  261    val-loss:  0.08864470218357287  train-loss:  0.07378540467470884  lr:  1.9073486328125e-08
#epoch  262    val-loss:  0.08933475613594055  train-loss:  0.07379042607499287  lr:  1.9073486328125e-08
#epoch  263    val-loss:  0.08840250812078777  train-loss:  0.07376499209203757  lr:  1.9073486328125e-08
#epoch  264    val-loss:  0.08895652427485115  train-loss:  0.07383208168903366  lr:  1.9073486328125e-08
#epoch  265    val-loss:  0.08866096523247267  train-loss:  0.0738531565584708  lr:  1.9073486328125e-08
#epoch  266    val-loss:  0.08903245706307261  train-loss:  0.07380860380362719  lr:  1.9073486328125e-08
#epoch  267    val-loss:  0.08972987807110737  train-loss:  0.0738451405777596  lr:  1.9073486328125e-08
#epoch  268    val-loss:  0.08923801191543278  train-loss:  0.073814642499201  lr:  1.9073486328125e-08
#epoch  269    val-loss:  0.08916924972283213  train-loss:  0.07385129094473086  lr:  1.9073486328125e-08
#epoch  270    val-loss:  0.08828146755695343  train-loss:  0.07378890810650773  lr:  1.9073486328125e-08
#epoch  271    val-loss:  0.08967315444820806  train-loss:  0.07380874175578356  lr:  1.9073486328125e-08
#epoch  272    val-loss:  0.08859833565197493  train-loss:  0.07382285548374057  lr:  1.9073486328125e-08
#epoch  273    val-loss:  0.08891407831719048  train-loss:  0.0738583817583276  lr:  1.9073486328125e-08
#epoch  274    val-loss:  0.08856395514387834  train-loss:  0.07380051986547187  lr:  1.9073486328125e-08
#epoch  275    val-loss:  0.08953670216234107  train-loss:  0.07379608924384229  lr:  1.9073486328125e-08
#epoch  276    val-loss:  0.08891427281655763  train-loss:  0.07386011266498826  lr:  1.9073486328125e-08
#epoch  277    val-loss:  0.08937009659252669  train-loss:  0.07380733962054364  lr:  1.9073486328125e-08
#epoch  278    val-loss:  0.08841345145514137  train-loss:  0.07382748150848784  lr:  1.9073486328125e-08
#epoch  279    val-loss:  0.08852046963415648  train-loss:  0.07378919969778508  lr:  1.9073486328125e-08
#epoch  280    val-loss:  0.08859070508103621  train-loss:  0.07375113730086014  lr:  1.9073486328125e-08
#epoch  281    val-loss:  0.0886319142423178  train-loss:  0.0737956395605579  lr:  1.9073486328125e-08
#epoch  282    val-loss:  0.08912508934736252  train-loss:  0.07378850958775729  lr:  1.9073486328125e-08
#epoch  283    val-loss:  0.08883967838789288  train-loss:  0.07384405462653376  lr:  1.9073486328125e-08
#epoch  284    val-loss:  0.08884693054776442  train-loss:  0.0738087909121532  lr:  1.9073486328125e-08
#epoch  285    val-loss:  0.08926946120826822  train-loss:  0.07381726719904691  lr:  1.9073486328125e-08
#epoch  286    val-loss:  0.08917095316083808  train-loss:  0.07377994700800627  lr:  1.9073486328125e-08
#epoch  287    val-loss:  0.08970144940050025  train-loss:  0.07381811505183578  lr:  1.9073486328125e-08
#epoch  288    val-loss:  0.08937594333761617  train-loss:  0.07378985307877883  lr:  1.9073486328125e-08
#epoch  289    val-loss:  0.08863050216122677  train-loss:  0.07383458846015856  lr:  1.9073486328125e-08
#epoch  290    val-loss:  0.08936703244322225  train-loss:  0.07382036605849862  lr:  1.9073486328125e-08
#epoch  291    val-loss:  0.08927404566815025  train-loss:  0.07384098882903345  lr:  1.9073486328125e-08
#epoch  292    val-loss:  0.08992652712683928  train-loss:  0.0738317493814975  lr:  1.9073486328125e-08
#epoch  293    val-loss:  0.0883131556605038  train-loss:  0.07383899236447178  lr:  1.9073486328125e-08
#epoch  294    val-loss:  0.08864500922592063  train-loss:  0.07380835720687173  lr:  1.9073486328125e-08
#epoch  295    val-loss:  0.08834040753151241  train-loss:  0.07383173884591088  lr:  1.9073486328125e-08
#epoch  296    val-loss:  0.08822143783694819  train-loss:  0.07382101539405994  lr:  1.9073486328125e-08
#epoch  297    val-loss:  0.08855231616057847  train-loss:  0.07381302997237071  lr:  1.9073486328125e-08
#epoch  298    val-loss:  0.08875648089145359  train-loss:  0.073804290703265  lr:  1.9073486328125e-08
#epoch  299    val-loss:  0.08975546022779063  train-loss:  0.0738056310074171  lr:  1.9073486328125e-08
#epoch  300    val-loss:  0.08818074119718451  train-loss:  0.07383056606340688  lr:  1.9073486328125e-08
#epoch  301    val-loss:  0.08940235878291883  train-loss:  0.07384299408295192  lr:  1.9073486328125e-08
#epoch  302    val-loss:  0.0883730685240344  train-loss:  0.07381141150835901  lr:  1.9073486328125e-08
#epoch  303    val-loss:  0.08853382813303094  train-loss:  0.07375904786749743  lr:  1.9073486328125e-08
#epoch  304    val-loss:  0.08921971328948673  train-loss:  0.07379745939397253  lr:  1.9073486328125e-08
#epoch  305    val-loss:  0.08914765597958314  train-loss:  0.0738294085895177  lr:  1.9073486328125e-08
#epoch  306    val-loss:  0.08865116066054295  train-loss:  0.0738431497302372  lr:  1.9073486328125e-08
#epoch  307    val-loss:  0.08903000425351293  train-loss:  0.07380462498986162  lr:  1.9073486328125e-08
#epoch  308    val-loss:  0.08913360810593556  train-loss:  0.07380539996665902  lr:  1.9073486328125e-08
#epoch  309    val-loss:  0.0891803165799693  train-loss:  0.07379389097332023  lr:  1.9073486328125e-08
#epoch  310    val-loss:  0.08994250940649133  train-loss:  0.07384078836184926  lr:  1.9073486328125e-08
#epoch  311    val-loss:  0.0891395426894489  train-loss:  0.07379528906312771  lr:  1.9073486328125e-08
#epoch  312    val-loss:  0.08908242849927199  train-loss:  0.0738295289920643  lr:  1.9073486328125e-08
#epoch  313    val-loss:  0.08947201582946275  train-loss:  0.07376728398958221  lr:  1.9073486328125e-08
#epoch  314    val-loss:  0.08839167340805656  train-loss:  0.07383470007334836  lr:  1.9073486328125e-08
#epoch  315    val-loss:  0.08857419341802597  train-loss:  0.07381243235431612  lr:  1.9073486328125e-08
#epoch  316    val-loss:  0.08990963626849025  train-loss:  0.07383062911685556  lr:  1.9073486328125e-08
#epoch  317    val-loss:  0.0882834623518743  train-loss:  0.07382219363353215  lr:  1.9073486328125e-08
#epoch  318    val-loss:  0.08856396298659475  train-loss:  0.07375352529925294  lr:  1.9073486328125e-08
#epoch  319    val-loss:  0.0887535190895984  train-loss:  0.07381562670343556  lr:  1.9073486328125e-08
#epoch  320    val-loss:  0.08879889900747098  train-loss:  0.073804821819067  lr:  1.9073486328125e-08
#epoch  321    val-loss:  0.08927977594890092  train-loss:  0.07378857576986775  lr:  1.9073486328125e-08
#epoch  322    val-loss:  0.08925196763716246  train-loss:  0.07381445428472944  lr:  1.9073486328125e-08
#epoch  323    val-loss:  0.08860445885281813  train-loss:  0.0737960927945096  lr:  1.9073486328125e-08
#epoch  324    val-loss:  0.08865309389013994  train-loss:  0.0738132145779673  lr:  1.9073486328125e-08
#epoch  325    val-loss:  0.0885220542550087  train-loss:  0.07378154684556648  lr:  1.9073486328125e-08
#epoch  326    val-loss:  0.08876402989814156  train-loss:  0.07378418580628932  lr:  1.9073486328125e-08
#epoch  327    val-loss:  0.08882639439482438  train-loss:  0.07380210675182752  lr:  1.9073486328125e-08
#epoch  328    val-loss:  0.08851221360658344  train-loss:  0.07380747792194597  lr:  1.9073486328125e-08
#epoch  329    val-loss:  0.08872404851411518  train-loss:  0.0738129839010071  lr:  1.9073486328125e-08
#epoch  330    val-loss:  0.0889158452811994  train-loss:  0.07379800334456377  lr:  1.9073486328125e-08
#epoch  331    val-loss:  0.08916582559284411  train-loss:  0.07378832381800748  lr:  1.9073486328125e-08
#epoch  332    val-loss:  0.0890482319028754  train-loss:  0.07383215936715715  lr:  1.9073486328125e-08
#epoch  333    val-loss:  0.08884745836257935  train-loss:  0.07380078083951958  lr:  1.9073486328125e-08
#epoch  334    val-loss:  0.08926059815444444  train-loss:  0.07383092227973975  lr:  1.9073486328125e-08
#epoch  335    val-loss:  0.0885713727850663  train-loss:  0.0738068484060932  lr:  1.9073486328125e-08
#epoch  336    val-loss:  0.08935140073299408  train-loss:  0.07383691224094946  lr:  1.9073486328125e-08
#epoch  337    val-loss:  0.0893710016420013  train-loss:  0.07382482051616535  lr:  1.9073486328125e-08
#epoch  338    val-loss:  0.0891089666830866  train-loss:  0.0738085582270287  lr:  1.9073486328125e-08
#epoch  339    val-loss:  0.08927210694865177  train-loss:  0.07382972387131304  lr:  1.9073486328125e-08
#epoch  340    val-loss:  0.08845740791998412  train-loss:  0.07378868703381158  lr:  1.9073486328125e-08
#epoch  341    val-loss:  0.08917935584720812  train-loss:  0.0737857376516331  lr:  1.9073486328125e-08
#epoch  342    val-loss:  0.08892292529344559  train-loss:  0.07382607035106048  lr:  1.9073486328125e-08
#epoch  343    val-loss:  0.08844081312417984  train-loss:  0.07378830361994915  lr:  1.9073486328125e-08
#epoch  344    val-loss:  0.08976542832035768  train-loss:  0.07385667145717889  lr:  1.9073486328125e-08
#epoch  345    val-loss:  0.08823361247777939  train-loss:  0.07378939920454286  lr:  1.9073486328125e-08
#epoch  346    val-loss:  0.08849410320583143  train-loss:  0.07385807315586135  lr:  1.9073486328125e-08
#epoch  347    val-loss:  0.08867224737217552  train-loss:  0.07378452463308349  lr:  1.9073486328125e-08
#epoch  348    val-loss:  0.08845070318171852  train-loss:  0.07377409384935163  lr:  1.9073486328125e-08
#epoch  349    val-loss:  0.08915392623135918  train-loss:  0.07384922297205776  lr:  1.9073486328125e-08
#epoch  350    val-loss:  0.08853596213616823  train-loss:  0.07381267013261095  lr:  1.9073486328125e-08
#epoch  351    val-loss:  0.0891329936291042  train-loss:  0.07379057796788402  lr:  1.9073486328125e-08
#epoch  352    val-loss:  0.08891657779091283  train-loss:  0.07379516714718193  lr:  1.9073486328125e-08
#epoch  353    val-loss:  0.08909269892855694  train-loss:  0.07379370933631435  lr:  1.9073486328125e-08
#epoch  354    val-loss:  0.08933236920519878  train-loss:  0.07382139062974602  lr:  1.9073486328125e-08
#epoch  355    val-loss:  0.0886214155899851  train-loss:  0.07382392001454718  lr:  1.9073486328125e-08
#epoch  356    val-loss:  0.0891214381707342  train-loss:  0.07381147604610305  lr:  1.9073486328125e-08
#epoch  357    val-loss:  0.08972984356315512  train-loss:  0.07381962146610022  lr:  1.9073486328125e-08
#epoch  358    val-loss:  0.08927185323677565  train-loss:  0.07382941420655698  lr:  1.9073486328125e-08
#epoch  359    val-loss:  0.08852203033472363  train-loss:  0.07382083628908731  lr:  1.9073486328125e-08
#epoch  360    val-loss:  0.0888909607341415  train-loss:  0.07379275365383364  lr:  1.9073486328125e-08
#epoch  361    val-loss:  0.08863441685312673  train-loss:  0.07379374228185043  lr:  1.9073486328125e-08
#epoch  362    val-loss:  0.08873332958472402  train-loss:  0.07381757954135537  lr:  1.9073486328125e-08
#epoch  363    val-loss:  0.08937077734031175  train-loss:  0.07382512156618759  lr:  1.9073486328125e-08
#epoch  364    val-loss:  0.08966055747709777  train-loss:  0.07381433495902456  lr:  1.9073486328125e-08
#epoch  365    val-loss:  0.08854877399770837  train-loss:  0.07377424315200187  lr:  1.9073486328125e-08
#epoch  366    val-loss:  0.08937083694495652  train-loss:  0.07384876610012725  lr:  1.9073486328125e-08
#epoch  367    val-loss:  0.0892482254850237  train-loss:  0.07383464663871564  lr:  1.9073486328125e-08
#epoch  368    val-loss:  0.08834869963558097  train-loss:  0.07380503488820978  lr:  1.9073486328125e-08
#epoch  369    val-loss:  0.08885591673223596  train-loss:  0.07377582250046544  lr:  1.9073486328125e-08
#epoch  370    val-loss:  0.08938349783420563  train-loss:  0.07378015929134563  lr:  1.9073486328125e-08
#epoch  371    val-loss:  0.08892274608737544  train-loss:  0.07381821077433415  lr:  1.9073486328125e-08
#epoch  372    val-loss:  0.08908224184262126  train-loss:  0.07382851341390051  lr:  1.9073486328125e-08
#epoch  373    val-loss:  0.08915906164206956  train-loss:  0.07384527954855002  lr:  1.9073486328125e-08
#epoch  374    val-loss:  0.08837675224793584  train-loss:  0.07378322383738123  lr:  1.9073486328125e-08
#epoch  375    val-loss:  0.08864987955281609  train-loss:  0.07384670813917182  lr:  1.9073486328125e-08
#epoch  376    val-loss:  0.08913518802115791  train-loss:  0.0738511064555496  lr:  1.9073486328125e-08
#epoch  377    val-loss:  0.08864920076571013  train-loss:  0.07376377243781462  lr:  1.9073486328125e-08
#epoch  378    val-loss:  0.08974089826408185  train-loss:  0.07382216516998596  lr:  1.9073486328125e-08
#epoch  379    val-loss:  0.0891137852480537  train-loss:  0.07377480922150426  lr:  1.9073486328125e-08
#epoch  380    val-loss:  0.08914678465378911  train-loss:  0.07379089068854228  lr:  1.9073486328125e-08
#epoch  381    val-loss:  0.08881149127295143  train-loss:  0.07382704591145739  lr:  1.9073486328125e-08
#epoch  382    val-loss:  0.08837142821989562  train-loss:  0.07382488489383832  lr:  1.9073486328125e-08
#epoch  383    val-loss:  0.08862058818340302  train-loss:  0.07384425852796994  lr:  1.9073486328125e-08
#epoch  384    val-loss:  0.08840713689201757  train-loss:  0.07382918942312244  lr:  1.9073486328125e-08
#epoch  385    val-loss:  0.08865958765933388  train-loss:  0.07381183333927765  lr:  1.9073486328125e-08
#epoch  386    val-loss:  0.08969954244400326  train-loss:  0.0738020455755759  lr:  1.9073486328125e-08
#epoch  387    val-loss:  0.08828490815664593  train-loss:  0.07380885101156309  lr:  1.9073486328125e-08
#epoch  388    val-loss:  0.08856003966770674  train-loss:  0.0738523978216108  lr:  1.9073486328125e-08
#epoch  389    val-loss:  0.08859356022194813  train-loss:  0.07383646207745187  lr:  1.9073486328125e-08
#epoch  390    val-loss:  0.08904454425761574  train-loss:  0.07380833191564307  lr:  1.9073486328125e-08
#epoch  391    val-loss:  0.08828930595987722  train-loss:  0.07378772654919885  lr:  1.9073486328125e-08
#epoch  392    val-loss:  0.08887302640237306  train-loss:  0.07379532585036941  lr:  1.9073486328125e-08
#epoch  393    val-loss:  0.08853050752689964  train-loss:  0.07387574695167132  lr:  1.9073486328125e-08
#epoch  394    val-loss:  0.08910990427983434  train-loss:  0.07382606354076415  lr:  1.9073486328125e-08
#epoch  395    val-loss:  0.088934619960032  train-loss:  0.07375390402739868  lr:  1.9073486328125e-08
#epoch  396    val-loss:  0.08851232183607001  train-loss:  0.07378925030934624  lr:  1.9073486328125e-08
#epoch  397    val-loss:  0.08856451629023802  train-loss:  0.07380430461489595  lr:  1.9073486328125e-08
#epoch  398    val-loss:  0.08874593400641491  train-loss:  0.07381949640694074  lr:  1.9073486328125e-08
#epoch  399    val-loss:  0.08857866611919905  train-loss:  0.07383997360011563  lr:  1.9073486328125e-08
#epoch  400    val-loss:  0.08866026997566223  train-loss:  0.07383412757189944  lr:  1.9073486328125e-08
#epoch  401    val-loss:  0.08898611327535227  train-loss:  0.07384524293593131  lr:  1.9073486328125e-08
#epoch  402    val-loss:  0.08836026136812411  train-loss:  0.07385355062433518  lr:  1.9073486328125e-08
#epoch  403    val-loss:  0.08918200746962898  train-loss:  0.07379262315225787  lr:  1.9073486328125e-08
#epoch  404    val-loss:  0.0899515975462763  train-loss:  0.07383976614801213  lr:  1.9073486328125e-08
#epoch  405    val-loss:  0.08880231725542169  train-loss:  0.0738102693867404  lr:  1.9073486328125e-08
#epoch  406    val-loss:  0.0899717180352462  train-loss:  0.0738100711023435  lr:  1.9073486328125e-08
#epoch  407    val-loss:  0.08970241209394053  train-loss:  0.07379897756618448  lr:  1.9073486328125e-08
#epoch  408    val-loss:  0.08839994041543257  train-loss:  0.07383091347583104  lr:  1.9073486328125e-08
#epoch  409    val-loss:  0.08828373919976384  train-loss:  0.0738557118747849  lr:  1.9073486328125e-08
#epoch  410    val-loss:  0.08858796875727803  train-loss:  0.07376030046725646  lr:  1.9073486328125e-08
#epoch  411    val-loss:  0.08909350163058231  train-loss:  0.07381336292019114  lr:  1.9073486328125e-08
#epoch  412    val-loss:  0.0891374702516355  train-loss:  0.07388181262649596  lr:  1.9073486328125e-08
#epoch  413    val-loss:  0.08864692284872658  train-loss:  0.07379214453976601  lr:  1.9073486328125e-08
#epoch  414    val-loss:  0.08935554207939851  train-loss:  0.07382325516664423  lr:  1.9073486328125e-08
#epoch  415    val-loss:  0.08856217641579478  train-loss:  0.07378336531110108  lr:  1.9073486328125e-08
#epoch  416    val-loss:  0.08876673406676243  train-loss:  0.07377493183594197  lr:  1.9073486328125e-08
#epoch  417    val-loss:  0.08864178077170723  train-loss:  0.07385138876270503  lr:  1.9073486328125e-08
#epoch  418    val-loss:  0.08928763827210978  train-loss:  0.07381895490107127  lr:  1.9073486328125e-08
#epoch  419    val-loss:  0.08927481111727263  train-loss:  0.07379087168374099  lr:  1.9073486328125e-08
#epoch  420    val-loss:  0.0892790548111263  train-loss:  0.0738206550013274  lr:  1.9073486328125e-08
#epoch  421    val-loss:  0.08885294002921958  train-loss:  0.07382803483051248  lr:  1.9073486328125e-08
#epoch  422    val-loss:  0.08851449622919685  train-loss:  0.0737809416023083  lr:  1.9073486328125e-08
#epoch  423    val-loss:  0.08875563662303121  train-loss:  0.07377887135953642  lr:  1.9073486328125e-08
#epoch  424    val-loss:  0.08966335222909325  train-loss:  0.07386597106233239  lr:  1.9073486328125e-08
#epoch  425    val-loss:  0.088717336325269  train-loss:  0.07377182347408962  lr:  1.9073486328125e-08
#epoch  426    val-loss:  0.08839886870823409  train-loss:  0.07380458107218146  lr:  1.9073486328125e-08
#epoch  427    val-loss:  0.08919805994159297  train-loss:  0.07377959380391985  lr:  1.9073486328125e-08
#epoch  428    val-loss:  0.08907433011029896  train-loss:  0.07381850315141492  lr:  1.9073486328125e-08
#epoch  429    val-loss:  0.08863615126986253  train-loss:  0.07381458912277594  lr:  1.9073486328125e-08
#epoch  430    val-loss:  0.08939895465185768  train-loss:  0.07381004479248077  lr:  1.9073486328125e-08
#epoch  431    val-loss:  0.08860136137196892  train-loss:  0.07384446042124182  lr:  1.9073486328125e-08
#epoch  432    val-loss:  0.08998841243354898  train-loss:  0.07383977199788205  lr:  1.9073486328125e-08
#epoch  433    val-loss:  0.0893249080369347  train-loss:  0.07378401354071684  lr:  1.9073486328125e-08
#epoch  434    val-loss:  0.08862645100606115  train-loss:  0.07381701588747092  lr:  1.9073486328125e-08
#epoch  435    val-loss:  0.08872113337642268  train-loss:  0.07387326547177508  lr:  1.9073486328125e-08
#epoch  436    val-loss:  0.0892118344965734  train-loss:  0.07383191614644602  lr:  1.9073486328125e-08
#epoch  437    val-loss:  0.08830884138220235  train-loss:  0.0738282885577064  lr:  1.9073486328125e-08
#epoch  438    val-loss:  0.08856883958766334  train-loss:  0.07380701942020096  lr:  1.9073486328125e-08
#epoch  439    val-loss:  0.08999457837719667  train-loss:  0.07384441999602132  lr:  1.9073486328125e-08
#epoch  440    val-loss:  0.08932801179195705  train-loss:  0.07385332969715819  lr:  1.9073486328125e-08
#epoch  441    val-loss:  0.08896924398447338  train-loss:  0.07377299858490005  lr:  1.9073486328125e-08
#epoch  442    val-loss:  0.08937267606195651  train-loss:  0.0738126649230253  lr:  1.9073486328125e-08
#epoch  443    val-loss:  0.08862342136470895  train-loss:  0.07381701684789732  lr:  1.9073486328125e-08
#epoch  444    val-loss:  0.08881575967136182  train-loss:  0.07384797316626646  lr:  1.9073486328125e-08
#epoch  445    val-loss:  0.08848269871975246  train-loss:  0.07381375439581461  lr:  1.9073486328125e-08
#epoch  446    val-loss:  0.0886508445990713  train-loss:  0.0738165486836806  lr:  1.9073486328125e-08
#epoch  447    val-loss:  0.08849095945295535  train-loss:  0.073778327612672  lr:  1.9073486328125e-08
#epoch  448    val-loss:  0.08937079929991772  train-loss:  0.07380740018561482  lr:  1.9073486328125e-08
#epoch  449    val-loss:  0.08858655589191537  train-loss:  0.07380349986488  lr:  1.9073486328125e-08
#epoch  450    val-loss:  0.08923724725058205  train-loss:  0.07379671392845921  lr:  1.9073486328125e-08
#epoch  451    val-loss:  0.08821726629608556  train-loss:  0.07382539368700236  lr:  1.9073486328125e-08
#epoch  452    val-loss:  0.0884592415470826  train-loss:  0.0738255689793732  lr:  1.9073486328125e-08
#epoch  453    val-loss:  0.08970801493054942  train-loss:  0.07382182881701738  lr:  1.9073486328125e-08
#epoch  454    val-loss:  0.08973071253613422  train-loss:  0.07385341043118387  lr:  1.9073486328125e-08
#epoch  455    val-loss:  0.08828212085523103  train-loss:  0.07382296214927919  lr:  1.9073486328125e-08
#epoch  456    val-loss:  0.089070888334199  train-loss:  0.07384096927125938  lr:  1.9073486328125e-08
#epoch  457    val-loss:  0.08915824874451286  train-loss:  0.07380295579787344  lr:  1.9073486328125e-08
#epoch  458    val-loss:  0.08877692685315483  train-loss:  0.07385131932096556  lr:  1.9073486328125e-08
#epoch  459    val-loss:  0.08872243369880475  train-loss:  0.07380917971022427  lr:  1.9073486328125e-08
#epoch  460    val-loss:  0.08854048110936817  train-loss:  0.07380356764770113  lr:  1.9073486328125e-08
#epoch  461    val-loss:  0.08890673400540101  train-loss:  0.07381042634369805  lr:  1.9073486328125e-08
#epoch  462    val-loss:  0.0887946459023576  train-loss:  0.07380134641425684  lr:  1.9073486328125e-08
#epoch  463    val-loss:  0.08918123574633348  train-loss:  0.07382539342506789  lr:  1.9073486328125e-08
#epoch  464    val-loss:  0.08825996204426415  train-loss:  0.07378213372430764  lr:  1.9073486328125e-08
#epoch  465    val-loss:  0.08928070687933971  train-loss:  0.0738106353674084  lr:  1.9073486328125e-08
#epoch  466    val-loss:  0.08823000012259734  train-loss:  0.07383940721047111  lr:  1.9073486328125e-08
#epoch  467    val-loss:  0.08874939186008353  train-loss:  0.07382526117726229  lr:  1.9073486328125e-08
#epoch  468    val-loss:  0.08861870279437617  train-loss:  0.0737907798611559  lr:  1.9073486328125e-08
#epoch  469    val-loss:  0.08878479780335176  train-loss:  0.07379279777524062  lr:  1.9073486328125e-08
#epoch  470    val-loss:  0.08841673088701148  train-loss:  0.07381350215291604  lr:  1.9073486328125e-08
#epoch  471    val-loss:  0.0885148350345461  train-loss:  0.07379295022110455  lr:  1.9073486328125e-08
#epoch  472    val-loss:  0.08848744317104942  train-loss:  0.07383629697142169  lr:  1.9073486328125e-08
#epoch  473    val-loss:  0.08851229085734016  train-loss:  0.07381570956204087  lr:  1.9073486328125e-08
#epoch  474    val-loss:  0.08913462412984748  train-loss:  0.07385102633270435  lr:  1.9073486328125e-08
#epoch  475    val-loss:  0.08919811052711386  train-loss:  0.07381490014086012  lr:  1.9073486328125e-08
#epoch  476    val-loss:  0.08939153544212643  train-loss:  0.07379069272428751  lr:  1.9073486328125e-08
#epoch  477    val-loss:  0.08863016766937155  train-loss:  0.07376782217761502  lr:  1.9073486328125e-08
#epoch  478    val-loss:  0.08895458398680937  train-loss:  0.07381446615909226  lr:  1.9073486328125e-08
#epoch  479    val-loss:  0.08874415253338061  train-loss:  0.0738178277388215  lr:  1.9073486328125e-08
#epoch  480    val-loss:  0.08946774586250908  train-loss:  0.07385310617974028  lr:  1.9073486328125e-08
#epoch  481    val-loss:  0.0894112292873232  train-loss:  0.0738566844665911  lr:  1.9073486328125e-08
#epoch  482    val-loss:  0.08935344101567018  train-loss:  0.0738087282225024  lr:  1.9073486328125e-08
#epoch  483    val-loss:  0.08860576113587931  train-loss:  0.07382814947050065  lr:  1.9073486328125e-08
#epoch  484    val-loss:  0.08905084235103507  train-loss:  0.073786600260064  lr:  1.9073486328125e-08
#epoch  485    val-loss:  0.08887547254562378  train-loss:  0.07377559383166954  lr:  1.9073486328125e-08
#epoch  486    val-loss:  0.08922557768068816  train-loss:  0.07377410912886262  lr:  1.9073486328125e-08
#epoch  487    val-loss:  0.08879134019738749  train-loss:  0.07381338026607409  lr:  1.9073486328125e-08
#epoch  488    val-loss:  0.08925859355612804  train-loss:  0.07383309514261782  lr:  1.9073486328125e-08
#epoch  489    val-loss:  0.08829558170155476  train-loss:  0.0737907006405294  lr:  1.9073486328125e-08
#epoch  490    val-loss:  0.08861106516499269  train-loss:  0.07382289387169294  lr:  1.9073486328125e-08
#epoch  491    val-loss:  0.08938250690698624  train-loss:  0.0738349745515734  lr:  1.9073486328125e-08
#epoch  492    val-loss:  0.08825108212860007  train-loss:  0.07380237986217253  lr:  1.9073486328125e-08
#epoch  493    val-loss:  0.08860972209980614  train-loss:  0.07378892286214978  lr:  1.9073486328125e-08
#epoch  494    val-loss:  0.08921370812152561  train-loss:  0.07380512557574548  lr:  1.9073486328125e-08
#epoch  495    val-loss:  0.08871108842523474  train-loss:  0.07376460279920138  lr:  1.9073486328125e-08
#epoch  496    val-loss:  0.08869894633167669  train-loss:  0.07384862384060398  lr:  1.9073486328125e-08
#epoch  497    val-loss:  0.08823925374369872  train-loss:  0.07378219498787075  lr:  1.9073486328125e-08
#epoch  498    val-loss:  0.08858067503100947  train-loss:  0.07383005533483811  lr:  1.9073486328125e-08
#epoch  499    val-loss:  0.08862841599865963  train-loss:  0.07378397032152861  lr:  1.9073486328125e-08
