model 33b38198b8587744ea2285f7e28e0cb326c1b4681ced52d4f0d94d99 state_dict has not been found
Model was not found
torch.cuda.is_available():	 True
runargs:	 Namespace(co2=False, depth=1497.0, disp=-1, domain='global', epoch=0, latitude=False, linsupres=True, lossfun='MSE', lr=0.01, lsrp_span=12, maxepoch=500, minibatch=4, mode='train', normalization='standard', num_workers=40, parts=[1, 1], persistent_workers=False, prefetch_factor=1, relog=True, rerun=True, sanity=False, sigma=8, temperature=True)
data_address /scratch/zanna/data/cm2.6/coarse_8_beneath_surface.zarr
using device: cuda:0
epochs started
#epoch  0    val-loss:  3.708673201109234  train-loss:  2.2329848599620163  lr:  0.01
#epoch  1    val-loss:  3.23782101430391  train-loss:  1.985303775407374  lr:  0.01
#epoch  2    val-loss:  2.5372699122679863  train-loss:  1.5733616794459522  lr:  0.01
#epoch  3    val-loss:  2.300501503442463  train-loss:  1.3040499712806195  lr:  0.01
#epoch  4    val-loss:  2.225416421890259  train-loss:  1.1838144734501839  lr:  0.01
#epoch  5    val-loss:  2.140403891864576  train-loss:  1.1241013081744313  lr:  0.01
#epoch  6    val-loss:  2.0394929082770097  train-loss:  1.0843039357569069  lr:  0.01
#epoch  7    val-loss:  2.024253907956575  train-loss:  1.0522164101712406  lr:  0.01
#epoch  8    val-loss:  1.994299380402816  train-loss:  1.0260232291184366  lr:  0.01
#epoch  9    val-loss:  2.013981668572677  train-loss:  1.0049588321708143  lr:  0.01
#epoch  10    val-loss:  1.9090790058437146  train-loss:  0.9872476209420711  lr:  0.01
#epoch  11    val-loss:  1.871645682736447  train-loss:  0.9696310758590698  lr:  0.01
#epoch  12    val-loss:  1.926103999740199  train-loss:  0.9572851955890656  lr:  0.01
#epoch  13    val-loss:  1.8522314021461888  train-loss:  0.9439303758554161  lr:  0.01
#epoch  14    val-loss:  1.8968134867517572  train-loss:  0.9300793097354472  lr:  0.01
#epoch  15    val-loss:  1.888561581310473  train-loss:  0.9143386585637927  lr:  0.01
#epoch  16    val-loss:  1.8345259616249485  train-loss:  0.9007725201081485  lr:  0.01
#epoch  17    val-loss:  1.8121604480241473  train-loss:  0.8896390227600932  lr:  0.01
#epoch  18    val-loss:  1.7868343027014482  train-loss:  0.8777030024211854  lr:  0.01
#epoch  19    val-loss:  1.8084808964478343  train-loss:  0.8628274861257523  lr:  0.01
#epoch  20    val-loss:  1.7537369665346647  train-loss:  0.8553177481517196  lr:  0.01
#epoch  21    val-loss:  1.7592786362296657  train-loss:  0.8378794845193624  lr:  0.01
#epoch  22    val-loss:  1.7535849056745831  train-loss:  0.8300381151493639  lr:  0.01
#epoch  23    val-loss:  1.7643174121254368  train-loss:  0.8181988501455635  lr:  0.01
#epoch  24    val-loss:  1.7289882584622032  train-loss:  0.7688639373518527  lr:  0.005
#epoch  25    val-loss:  1.6928426090039705  train-loss:  0.756204241188243  lr:  0.005
#epoch  26    val-loss:  1.688709158646433  train-loss:  0.7501603460405022  lr:  0.005
#epoch  27    val-loss:  1.6889046618812962  train-loss:  0.7430645695421845  lr:  0.005
#epoch  28    val-loss:  1.666545598130477  train-loss:  0.7371364056598395  lr:  0.005
#epoch  29    val-loss:  1.692743690390336  train-loss:  0.7307646835688502  lr:  0.005
#epoch  30    val-loss:  1.6791449220556962  train-loss:  0.7243024567142129  lr:  0.005
#epoch  31    val-loss:  1.6884512462114032  train-loss:  0.717790064169094  lr:  0.005
#epoch  32    val-loss:  1.6652715770821822  train-loss:  0.6877718674950302  lr:  0.0025
#epoch  33    val-loss:  1.687305212020874  train-loss:  0.6791863883845508  lr:  0.0025
#epoch  34    val-loss:  1.6658054276516563  train-loss:  0.6758948692586273  lr:  0.0025
#epoch  35    val-loss:  1.6683837802786576  train-loss:  0.6714761289767921  lr:  0.0025
#epoch  36    val-loss:  1.6708465438140065  train-loss:  0.6551863143686205  lr:  0.00125
#epoch  37    val-loss:  1.6933432880200838  train-loss:  0.6514231654582545  lr:  0.00125
#epoch  38    val-loss:  1.6833434544111554  train-loss:  0.648831584258005  lr:  0.00125
#epoch  39    val-loss:  1.6676861361453408  train-loss:  0.6397347101010382  lr:  0.000625
#epoch  40    val-loss:  1.6916859714608443  train-loss:  0.637764630257152  lr:  0.000625
#epoch  41    val-loss:  1.7060852678198564  train-loss:  0.6366503753233701  lr:  0.000625
#epoch  42    val-loss:  1.6762306690216064  train-loss:  0.6318401052849367  lr:  0.0003125
#epoch  43    val-loss:  1.6823420210888511  train-loss:  0.6308376030065119  lr:  0.0003125
#epoch  44    val-loss:  1.707687164607801  train-loss:  0.6303125920239836  lr:  0.0003125
#epoch  45    val-loss:  1.6971763058712608  train-loss:  0.6275191557360813  lr:  0.00015625
#epoch  46    val-loss:  1.6798466820465892  train-loss:  0.6272846222855151  lr:  0.00015625
#epoch  47    val-loss:  1.7006209586796008  train-loss:  0.62691744370386  lr:  0.00015625
#epoch  48    val-loss:  1.6906930961106952  train-loss:  0.6253176388563588  lr:  7.8125e-05
#epoch  49    val-loss:  1.711343815452174  train-loss:  0.6252508915495127  lr:  7.8125e-05
#epoch  50    val-loss:  1.688334490123548  train-loss:  0.6253250685986131  lr:  7.8125e-05
#epoch  51    val-loss:  1.7013000877279985  train-loss:  0.6243106719339266  lr:  3.90625e-05
#epoch  52    val-loss:  1.692753791809082  train-loss:  0.6240656409645453  lr:  3.90625e-05
#epoch  53    val-loss:  1.682744120296679  train-loss:  0.6241104232612997  lr:  3.90625e-05
#epoch  54    val-loss:  1.686394070324145  train-loss:  0.623732150066644  lr:  1.953125e-05
#epoch  55    val-loss:  1.704876836977507  train-loss:  0.6234974176622927  lr:  1.953125e-05
#epoch  56    val-loss:  1.6912675029353093  train-loss:  0.6236707761418074  lr:  1.953125e-05
#epoch  57    val-loss:  1.7368269029416536  train-loss:  0.6234845737926662  lr:  9.765625e-06
#epoch  58    val-loss:  1.6861762247587506  train-loss:  0.6233298224397004  lr:  9.765625e-06
#epoch  59    val-loss:  1.6969974354693764  train-loss:  0.6234517091652378  lr:  9.765625e-06
#epoch  60    val-loss:  1.6903806673853021  train-loss:  0.6231953719398007  lr:  4.8828125e-06
#epoch  61    val-loss:  1.7068119927456504  train-loss:  0.6231798125663772  lr:  4.8828125e-06
#epoch  62    val-loss:  1.6863913536071777  train-loss:  0.6233634841628373  lr:  4.8828125e-06
#epoch  63    val-loss:  1.6902440284427844  train-loss:  0.6232546990504488  lr:  2.44140625e-06
#epoch  64    val-loss:  1.687349752375954  train-loss:  0.6231101171579212  lr:  2.44140625e-06
#epoch  65    val-loss:  1.6984524664125944  train-loss:  0.6231430014595389  lr:  2.44140625e-06
#epoch  66    val-loss:  1.6983935832977295  train-loss:  0.6231218155007809  lr:  1.220703125e-06
#epoch  67    val-loss:  1.6797058896014565  train-loss:  0.6229758537374437  lr:  1.220703125e-06
#epoch  68    val-loss:  1.678489220769782  train-loss:  0.6233782630879432  lr:  1.220703125e-06
#epoch  69    val-loss:  1.686245780242117  train-loss:  0.6230806051753461  lr:  6.103515625e-07
#epoch  70    val-loss:  1.6788626532805593  train-loss:  0.6230991993797943  lr:  6.103515625e-07
#epoch  71    val-loss:  1.6966673198499178  train-loss:  0.6232704280409962  lr:  6.103515625e-07
#epoch  72    val-loss:  1.69152505774247  train-loss:  0.623126728227362  lr:  3.0517578125e-07
#epoch  73    val-loss:  1.6926061667894061  train-loss:  0.623318251222372  lr:  3.0517578125e-07
#epoch  74    val-loss:  1.6720922306964272  train-loss:  0.6230552163906395  lr:  3.0517578125e-07
#epoch  75    val-loss:  1.6946705203307302  train-loss:  0.6230524679413065  lr:  1.52587890625e-07
#epoch  76    val-loss:  1.6881878940682662  train-loss:  0.6229963647201657  lr:  1.52587890625e-07
#epoch  77    val-loss:  1.716740281958329  train-loss:  0.622964013600722  lr:  1.52587890625e-07
#epoch  78    val-loss:  1.6801764902315641  train-loss:  0.6233477581990883  lr:  7.62939453125e-08
#epoch  79    val-loss:  1.7052754728417647  train-loss:  0.6232088643591851  lr:  7.62939453125e-08
#epoch  80    val-loss:  1.7164007237083034  train-loss:  0.623155735200271  lr:  7.62939453125e-08
#epoch  81    val-loss:  1.683136500810322  train-loss:  0.6234141060849652  lr:  3.814697265625e-08
#epoch  82    val-loss:  1.6871466573915983  train-loss:  0.6231249428819865  lr:  3.814697265625e-08
#epoch  83    val-loss:  1.6768705531170494  train-loss:  0.6229727712925524  lr:  3.814697265625e-08
#epoch  84    val-loss:  1.697850359113593  train-loss:  0.6231855396181345  lr:  1.9073486328125e-08
#epoch  85    val-loss:  1.6788819087179083  train-loss:  0.6234027068130672  lr:  1.9073486328125e-08
#epoch  86    val-loss:  1.6871782478533293  train-loss:  0.6233799088513479  lr:  1.9073486328125e-08
#epoch  87    val-loss:  1.6907627080616199  train-loss:  0.623391195316799  lr:  1.9073486328125e-08
#epoch  88    val-loss:  1.670750015660336  train-loss:  0.623005990870297  lr:  1.9073486328125e-08
#epoch  89    val-loss:  1.6905776074058132  train-loss:  0.62304618046619  lr:  1.9073486328125e-08
#epoch  90    val-loss:  1.703465273505763  train-loss:  0.6231508769560605  lr:  1.9073486328125e-08
#epoch  91    val-loss:  1.711058547622279  train-loss:  0.6230651359073818  lr:  1.9073486328125e-08
#epoch  92    val-loss:  1.6898359123029207  train-loss:  0.6231703696539626  lr:  1.9073486328125e-08
#epoch  93    val-loss:  1.672953122540524  train-loss:  0.6232609506696463  lr:  1.9073486328125e-08
#epoch  94    val-loss:  1.6862277859135677  train-loss:  0.623253098456189  lr:  1.9073486328125e-08
#epoch  95    val-loss:  1.6859097104323537  train-loss:  0.623133608372882  lr:  1.9073486328125e-08
#epoch  96    val-loss:  1.671140708421406  train-loss:  0.6234696174506098  lr:  1.9073486328125e-08
#epoch  97    val-loss:  1.698941946029663  train-loss:  0.6230920811649412  lr:  1.9073486328125e-08
#epoch  98    val-loss:  1.6729783886357357  train-loss:  0.6231686655664816  lr:  1.9073486328125e-08
#epoch  99    val-loss:  1.7366257466767963  train-loss:  0.6231170301325619  lr:  1.9073486328125e-08
#epoch  100    val-loss:  1.7152190584885447  train-loss:  0.6230865507386625  lr:  1.9073486328125e-08
#epoch  101    val-loss:  1.702706594216196  train-loss:  0.6231779402587563  lr:  1.9073486328125e-08
#epoch  102    val-loss:  1.6791713300504183  train-loss:  0.6230310020036995  lr:  1.9073486328125e-08
#epoch  103    val-loss:  1.682661771774292  train-loss:  0.6230727264191955  lr:  1.9073486328125e-08
#epoch  104    val-loss:  1.7170712759620266  train-loss:  0.6230355416191742  lr:  1.9073486328125e-08
#epoch  105    val-loss:  1.6795234052758468  train-loss:  0.6230393962468952  lr:  1.9073486328125e-08
#epoch  106    val-loss:  1.696733782165929  train-loss:  0.6233136365190148  lr:  1.9073486328125e-08
#epoch  107    val-loss:  1.6887003810782182  train-loss:  0.6230072162579745  lr:  1.9073486328125e-08
#epoch  108    val-loss:  1.6779770976618718  train-loss:  0.622991886222735  lr:  1.9073486328125e-08
#epoch  109    val-loss:  1.6773551639757658  train-loss:  0.6231603835476562  lr:  1.9073486328125e-08
#epoch  110    val-loss:  1.7110152746501721  train-loss:  0.6234694833401591  lr:  1.9073486328125e-08
#epoch  111    val-loss:  1.685751055416308  train-loss:  0.6230165497399867  lr:  1.9073486328125e-08
#epoch  112    val-loss:  1.6779832965449284  train-loss:  0.6231642025522888  lr:  1.9073486328125e-08
#epoch  113    val-loss:  1.6858386052282233  train-loss:  0.6233218299457803  lr:  1.9073486328125e-08
#epoch  114    val-loss:  1.69242168727674  train-loss:  0.6232240728568286  lr:  1.9073486328125e-08
#epoch  115    val-loss:  1.698808889640005  train-loss:  0.6231764965923503  lr:  1.9073486328125e-08
#epoch  116    val-loss:  1.6732633615794934  train-loss:  0.6230813140282407  lr:  1.9073486328125e-08
#epoch  117    val-loss:  1.677331993454381  train-loss:  0.6230903037358075  lr:  1.9073486328125e-08
#epoch  118    val-loss:  1.702772855758667  train-loss:  0.6232161514926702  lr:  1.9073486328125e-08
#epoch  119    val-loss:  1.6698367595672607  train-loss:  0.6230426013935357  lr:  1.9073486328125e-08
#epoch  120    val-loss:  1.6842564156180935  train-loss:  0.6232614815235138  lr:  1.9073486328125e-08
#epoch  121    val-loss:  1.6917964972947772  train-loss:  0.6231277536135167  lr:  1.9073486328125e-08
#epoch  122    val-loss:  1.714742754635058  train-loss:  0.6228520997101441  lr:  1.9073486328125e-08
#epoch  123    val-loss:  1.6682631530259784  train-loss:  0.6231223114300519  lr:  1.9073486328125e-08
#epoch  124    val-loss:  1.6912149128160978  train-loss:  0.6230457600904629  lr:  1.9073486328125e-08
#epoch  125    val-loss:  1.7092414215991372  train-loss:  0.622916737687774  lr:  1.9073486328125e-08
#epoch  126    val-loss:  1.680760527911939  train-loss:  0.6230669869109988  lr:  1.9073486328125e-08
#epoch  127    val-loss:  1.6910474174901058  train-loss:  0.6229510554112494  lr:  1.9073486328125e-08
#epoch  128    val-loss:  1.7143030041142513  train-loss:  0.6231124689802527  lr:  1.9073486328125e-08
#epoch  129    val-loss:  1.6769373542384098  train-loss:  0.6232191936578602  lr:  1.9073486328125e-08
#epoch  130    val-loss:  1.6842205273477655  train-loss:  0.6233498703222722  lr:  1.9073486328125e-08
#epoch  131    val-loss:  1.707113316184596  train-loss:  0.6232364913448691  lr:  1.9073486328125e-08
#epoch  132    val-loss:  1.7023431250923557  train-loss:  0.6230767770903185  lr:  1.9073486328125e-08
#epoch  133    val-loss:  1.6849014947288914  train-loss:  0.623105064034462  lr:  1.9073486328125e-08
#epoch  134    val-loss:  1.7090107014304714  train-loss:  0.623212999664247  lr:  1.9073486328125e-08
#epoch  135    val-loss:  1.667908003455714  train-loss:  0.6232315128436312  lr:  1.9073486328125e-08
#epoch  136    val-loss:  1.7103253979431956  train-loss:  0.6229779549175873  lr:  1.9073486328125e-08
#epoch  137    val-loss:  1.6989337519595498  train-loss:  0.6229711748892441  lr:  1.9073486328125e-08
#epoch  138    val-loss:  1.6852115706393593  train-loss:  0.62318870855961  lr:  1.9073486328125e-08
#epoch  139    val-loss:  1.6871552530087923  train-loss:  0.6232492415001616  lr:  1.9073486328125e-08
#epoch  140    val-loss:  1.7084055825283653  train-loss:  0.6232964107766747  lr:  1.9073486328125e-08
#epoch  141    val-loss:  1.6722105929726048  train-loss:  0.6233884749235585  lr:  1.9073486328125e-08
#epoch  142    val-loss:  1.6917391325298108  train-loss:  0.6234411881305277  lr:  1.9073486328125e-08
#epoch  143    val-loss:  1.7081485484775745  train-loss:  0.6232164027169347  lr:  1.9073486328125e-08
#epoch  144    val-loss:  1.6976707420851056  train-loss:  0.6231200738111511  lr:  1.9073486328125e-08
#epoch  145    val-loss:  1.6917084580973576  train-loss:  0.6230794776929542  lr:  1.9073486328125e-08
#epoch  146    val-loss:  1.7030178496712132  train-loss:  0.6230688896030188  lr:  1.9073486328125e-08
#epoch  147    val-loss:  1.7099822759628296  train-loss:  0.6230728438822553  lr:  1.9073486328125e-08
#epoch  148    val-loss:  1.6884850138112117  train-loss:  0.6231271780561656  lr:  1.9073486328125e-08
#epoch  149    val-loss:  1.70158725035818  train-loss:  0.6232340467395261  lr:  1.9073486328125e-08
#epoch  150    val-loss:  1.6826569908543636  train-loss:  0.6230871507432312  lr:  1.9073486328125e-08
#epoch  151    val-loss:  1.6784629759035612  train-loss:  0.6230634568491951  lr:  1.9073486328125e-08
#epoch  152    val-loss:  1.7133211775829917  train-loss:  0.6232340910937637  lr:  1.9073486328125e-08
#epoch  153    val-loss:  1.702660133964137  train-loss:  0.6229274136712775  lr:  1.9073486328125e-08
#epoch  154    val-loss:  1.6698427764992965  train-loss:  0.6230697981081903  lr:  1.9073486328125e-08
#epoch  155    val-loss:  1.6952793911883706  train-loss:  0.6231743125244975  lr:  1.9073486328125e-08
#epoch  156    val-loss:  1.7038472075211375  train-loss:  0.6231447561876848  lr:  1.9073486328125e-08
#epoch  157    val-loss:  1.7040222130323712  train-loss:  0.6232661592075601  lr:  1.9073486328125e-08
#epoch  158    val-loss:  1.6914710935793424  train-loss:  0.622963480418548  lr:  1.9073486328125e-08
#epoch  159    val-loss:  1.679733483414901  train-loss:  0.6231151376850903  lr:  1.9073486328125e-08
#epoch  160    val-loss:  1.7051937642850374  train-loss:  0.6232489810790867  lr:  1.9073486328125e-08
#epoch  161    val-loss:  1.6876796797702187  train-loss:  0.6231109211221337  lr:  1.9073486328125e-08
#epoch  162    val-loss:  1.6920750894044574  train-loss:  0.6231803493574262  lr:  1.9073486328125e-08
#epoch  163    val-loss:  1.6906665626325106  train-loss:  0.6230357452295721  lr:  1.9073486328125e-08
#epoch  164    val-loss:  1.6859819449876483  train-loss:  0.623241524095647  lr:  1.9073486328125e-08
#epoch  165    val-loss:  1.672241405436867  train-loss:  0.6233660735888407  lr:  1.9073486328125e-08
#epoch  166    val-loss:  1.6843548824912624  train-loss:  0.6231008870527148  lr:  1.9073486328125e-08
#epoch  167    val-loss:  1.6706726111863788  train-loss:  0.6231437592068687  lr:  1.9073486328125e-08
#epoch  168    val-loss:  1.7159262142683331  train-loss:  0.6231523196911439  lr:  1.9073486328125e-08
#epoch  169    val-loss:  1.6746834767492194  train-loss:  0.6234260200290009  lr:  1.9073486328125e-08
#epoch  170    val-loss:  1.6975689624485217  train-loss:  0.6230367386015132  lr:  1.9073486328125e-08
#epoch  171    val-loss:  1.6869624288458573  train-loss:  0.6229770618956536  lr:  1.9073486328125e-08
#epoch  172    val-loss:  1.6786547271828902  train-loss:  0.6231591918040067  lr:  1.9073486328125e-08
#epoch  173    val-loss:  1.688889139576962  train-loss:  0.6233494572807103  lr:  1.9073486328125e-08
#epoch  174    val-loss:  1.6845230115087408  train-loss:  0.6231091923546046  lr:  1.9073486328125e-08
#epoch  175    val-loss:  1.7109539446077848  train-loss:  0.6231663756771013  lr:  1.9073486328125e-08
#epoch  176    val-loss:  1.7137337860308195  train-loss:  0.6230510789901018  lr:  1.9073486328125e-08
#epoch  177    val-loss:  1.6773814464870251  train-loss:  0.6231363236438483  lr:  1.9073486328125e-08
#epoch  178    val-loss:  1.6833121713839079  train-loss:  0.6232422697357833  lr:  1.9073486328125e-08
#epoch  179    val-loss:  1.6815589603624845  train-loss:  0.6232882377225906  lr:  1.9073486328125e-08
#epoch  180    val-loss:  1.6893421035063894  train-loss:  0.6232227901928127  lr:  1.9073486328125e-08
#epoch  181    val-loss:  1.6836928568388287  train-loss:  0.6232628109864891  lr:  1.9073486328125e-08
#epoch  182    val-loss:  1.6858633317445453  train-loss:  0.6229523653164506  lr:  1.9073486328125e-08
#epoch  183    val-loss:  1.698398276379234  train-loss:  0.622945119976066  lr:  1.9073486328125e-08
#epoch  184    val-loss:  1.6971634375421625  train-loss:  0.6232537727337331  lr:  1.9073486328125e-08
#epoch  185    val-loss:  1.678300468545211  train-loss:  0.6228376398794353  lr:  1.9073486328125e-08
#epoch  186    val-loss:  1.6847700758984214  train-loss:  0.6234777177451178  lr:  1.9073486328125e-08
#epoch  187    val-loss:  1.6815774628990574  train-loss:  0.6232274699723348  lr:  1.9073486328125e-08
#epoch  188    val-loss:  1.6968173416037309  train-loss:  0.6233025591354817  lr:  1.9073486328125e-08
#epoch  189    val-loss:  1.7048493874700446  train-loss:  0.622823245357722  lr:  1.9073486328125e-08
#epoch  190    val-loss:  1.6820102992810702  train-loss:  0.6234404159476981  lr:  1.9073486328125e-08
#epoch  191    val-loss:  1.6835953561883223  train-loss:  0.62326669273898  lr:  1.9073486328125e-08
#epoch  192    val-loss:  1.6971312071147717  train-loss:  0.6229789794888347  lr:  1.9073486328125e-08
#epoch  193    val-loss:  1.7142465930236013  train-loss:  0.6229986845282838  lr:  1.9073486328125e-08
#epoch  194    val-loss:  1.6827946085678904  train-loss:  0.6231454857625067  lr:  1.9073486328125e-08
#epoch  195    val-loss:  1.685405128880551  train-loss:  0.6228912823135033  lr:  1.9073486328125e-08
#epoch  196    val-loss:  1.6972644391812777  train-loss:  0.6232469362439588  lr:  1.9073486328125e-08
#epoch  197    val-loss:  1.686211479337592  train-loss:  0.623459791764617  lr:  1.9073486328125e-08
#epoch  198    val-loss:  1.67128502695184  train-loss:  0.6231385817518458  lr:  1.9073486328125e-08
#epoch  199    val-loss:  1.6790450121227063  train-loss:  0.6230880153598264  lr:  1.9073486328125e-08
#epoch  200    val-loss:  1.6820574685146934  train-loss:  0.6232312930515036  lr:  1.9073486328125e-08
#epoch  201    val-loss:  1.6913165544208728  train-loss:  0.6233550899196416  lr:  1.9073486328125e-08
#epoch  202    val-loss:  1.6883052901217812  train-loss:  0.623123686062172  lr:  1.9073486328125e-08
#epoch  203    val-loss:  1.6767954449904592  train-loss:  0.6230987864546478  lr:  1.9073486328125e-08
#epoch  204    val-loss:  1.6968170404434204  train-loss:  0.62324218894355  lr:  1.9073486328125e-08
#epoch  205    val-loss:  1.672134518623352  train-loss:  0.6229098857147619  lr:  1.9073486328125e-08
#epoch  206    val-loss:  1.764889303006624  train-loss:  0.6230177283287048  lr:  1.9073486328125e-08
#epoch  207    val-loss:  1.6694373645280536  train-loss:  0.6230816151946783  lr:  1.9073486328125e-08
#epoch  208    val-loss:  1.7120083633222078  train-loss:  0.6232033510459587  lr:  1.9073486328125e-08
#epoch  209    val-loss:  1.6823703427063792  train-loss:  0.623209796147421  lr:  1.9073486328125e-08
#epoch  210    val-loss:  1.6991408247696727  train-loss:  0.6232018971350044  lr:  1.9073486328125e-08
#epoch  211    val-loss:  1.7013357940473055  train-loss:  0.6230510766617954  lr:  1.9073486328125e-08
#epoch  212    val-loss:  1.7660937246523405  train-loss:  0.6229579441715032  lr:  1.9073486328125e-08
#epoch  213    val-loss:  1.7029293963783665  train-loss:  0.6229567067930475  lr:  1.9073486328125e-08
#epoch  214    val-loss:  1.6713811598326032  train-loss:  0.6232676585204899  lr:  1.9073486328125e-08
#epoch  215    val-loss:  1.7081036379462795  train-loss:  0.6231963959289715  lr:  1.9073486328125e-08
#epoch  216    val-loss:  1.7163594333749068  train-loss:  0.6230955070350319  lr:  1.9073486328125e-08
#epoch  217    val-loss:  1.6757391628466154  train-loss:  0.6231973167741671  lr:  1.9073486328125e-08
#epoch  218    val-loss:  1.6811308045136302  train-loss:  0.6232234677299857  lr:  1.9073486328125e-08
#epoch  219    val-loss:  1.7081084878821122  train-loss:  0.6232681727269664  lr:  1.9073486328125e-08
#epoch  220    val-loss:  1.6712656648535478  train-loss:  0.6232021623291075  lr:  1.9073486328125e-08
#epoch  221    val-loss:  1.7117713564320614  train-loss:  0.623259506188333  lr:  1.9073486328125e-08
#epoch  222    val-loss:  1.679039848478217  train-loss:  0.6230027333367616  lr:  1.9073486328125e-08
#epoch  223    val-loss:  1.7149696412839388  train-loss:  0.6232385677285492  lr:  1.9073486328125e-08
#epoch  224    val-loss:  1.6782402490314685  train-loss:  0.6230635752435774  lr:  1.9073486328125e-08
#epoch  225    val-loss:  1.6975996682518406  train-loss:  0.6232206064742059  lr:  1.9073486328125e-08
#epoch  226    val-loss:  1.6786679092206453  train-loss:  0.6229459516471252  lr:  1.9073486328125e-08
#epoch  227    val-loss:  1.6830874430505853  train-loss:  0.6231214839499444  lr:  1.9073486328125e-08
#epoch  228    val-loss:  1.7078106528834294  train-loss:  0.623251858050935  lr:  1.9073486328125e-08
#epoch  229    val-loss:  1.6717374826732434  train-loss:  0.6233989780303091  lr:  1.9073486328125e-08
#epoch  230    val-loss:  1.6897784722478766  train-loss:  0.6231153743574396  lr:  1.9073486328125e-08
#epoch  231    val-loss:  1.67400482453798  train-loss:  0.6231449539773166  lr:  1.9073486328125e-08
#epoch  232    val-loss:  1.696426184553849  train-loss:  0.623221981455572  lr:  1.9073486328125e-08
#epoch  233    val-loss:  1.6886104282579923  train-loss:  0.6232219089288265  lr:  1.9073486328125e-08
#epoch  234    val-loss:  1.697723206720854  train-loss:  0.6227999731199816  lr:  1.9073486328125e-08
#epoch  235    val-loss:  1.6725510986227738  train-loss:  0.6234527711058035  lr:  1.9073486328125e-08
#epoch  236    val-loss:  1.6901991367340088  train-loss:  0.6230089515447617  lr:  1.9073486328125e-08
#epoch  237    val-loss:  1.676117978597942  train-loss:  0.6233269877266139  lr:  1.9073486328125e-08
#epoch  238    val-loss:  1.6917511852164018  train-loss:  0.6232129746349528  lr:  1.9073486328125e-08
#epoch  239    val-loss:  1.677285163026107  train-loss:  0.6230179105186835  lr:  1.9073486328125e-08
#epoch  240    val-loss:  1.6716870194987248  train-loss:  0.6230806648964062  lr:  1.9073486328125e-08
#epoch  241    val-loss:  1.715721237032037  train-loss:  0.622934065409936  lr:  1.9073486328125e-08
#epoch  242    val-loss:  1.6982736022848832  train-loss:  0.6231510861543939  lr:  1.9073486328125e-08
#epoch  243    val-loss:  1.6831157960389789  train-loss:  0.6232963007641956  lr:  1.9073486328125e-08
#epoch  244    val-loss:  1.691823915431374  train-loss:  0.6232196049531922  lr:  1.9073486328125e-08
#epoch  245    val-loss:  1.7113205633665387  train-loss:  0.6231979683507234  lr:  1.9073486328125e-08
#epoch  246    val-loss:  1.6882558872825222  train-loss:  0.6231623766943812  lr:  1.9073486328125e-08
#epoch  247    val-loss:  1.6823384950035496  train-loss:  0.6231623768107966  lr:  1.9073486328125e-08
#epoch  248    val-loss:  1.6764439783598248  train-loss:  0.6232600643998012  lr:  1.9073486328125e-08
#epoch  249    val-loss:  1.6865648972360712  train-loss:  0.6232019318267703  lr:  1.9073486328125e-08
#epoch  250    val-loss:  1.692426976404692  train-loss:  0.6230864832177758  lr:  1.9073486328125e-08
#epoch  251    val-loss:  1.6803955592607196  train-loss:  0.6233508741715923  lr:  1.9073486328125e-08
#epoch  252    val-loss:  1.7155393236561824  train-loss:  0.6231949861394241  lr:  1.9073486328125e-08
#epoch  253    val-loss:  1.6742838432914333  train-loss:  0.6231319471262395  lr:  1.9073486328125e-08
#epoch  254    val-loss:  1.7044583057102405  train-loss:  0.6230081375688314  lr:  1.9073486328125e-08
#epoch  255    val-loss:  1.682666446033277  train-loss:  0.6232631118036807  lr:  1.9073486328125e-08
#epoch  256    val-loss:  1.6868092323604382  train-loss:  0.6230821673525497  lr:  1.9073486328125e-08
#epoch  257    val-loss:  1.6721561707948382  train-loss:  0.6232352171791717  lr:  1.9073486328125e-08
#epoch  258    val-loss:  1.7363918517765247  train-loss:  0.6231528499629349  lr:  1.9073486328125e-08
#epoch  259    val-loss:  1.71686715828745  train-loss:  0.6229931863490492  lr:  1.9073486328125e-08
#epoch  260    val-loss:  1.687592205248381  train-loss:  0.6231764373369515  lr:  1.9073486328125e-08
#epoch  261    val-loss:  1.6940259368796098  train-loss:  0.6231063811574131  lr:  1.9073486328125e-08
#epoch  262    val-loss:  1.6775122692710476  train-loss:  0.6233623279258609  lr:  1.9073486328125e-08
#epoch  263    val-loss:  1.7362721656498157  train-loss:  0.6232481077313423  lr:  1.9073486328125e-08
#epoch  264    val-loss:  1.6881916836688393  train-loss:  0.62315277766902  lr:  1.9073486328125e-08
#epoch  265    val-loss:  1.6892695740649575  train-loss:  0.6231381339021027  lr:  1.9073486328125e-08
#epoch  266    val-loss:  1.6833041529906423  train-loss:  0.6232092303689569  lr:  1.9073486328125e-08
#epoch  267    val-loss:  1.6735379884117527  train-loss:  0.6230268849758431  lr:  1.9073486328125e-08
#epoch  268    val-loss:  1.680840724392941  train-loss:  0.6230082169640809  lr:  1.9073486328125e-08
#epoch  269    val-loss:  1.7644028726376986  train-loss:  0.6231999082956463  lr:  1.9073486328125e-08
#epoch  270    val-loss:  1.6923815137461613  train-loss:  0.6228947411291301  lr:  1.9073486328125e-08
#epoch  271    val-loss:  1.6729500419215153  train-loss:  0.623107643565163  lr:  1.9073486328125e-08
#epoch  272    val-loss:  1.699363482625861  train-loss:  0.6231460478156805  lr:  1.9073486328125e-08
#epoch  273    val-loss:  1.7133860337106805  train-loss:  0.6229344814782962  lr:  1.9073486328125e-08
#epoch  274    val-loss:  1.6990835603914762  train-loss:  0.6232543834485114  lr:  1.9073486328125e-08
#epoch  275    val-loss:  1.6762899474093789  train-loss:  0.6230436266632751  lr:  1.9073486328125e-08
#epoch  276    val-loss:  1.6868479502828497  train-loss:  0.6231092535890639  lr:  1.9073486328125e-08
#epoch  277    val-loss:  1.6775785810069035  train-loss:  0.6231616162694991  lr:  1.9073486328125e-08
#epoch  278    val-loss:  1.7016241173995168  train-loss:  0.6232012240216136  lr:  1.9073486328125e-08
#epoch  279    val-loss:  1.6854144773985211  train-loss:  0.6232189182192087  lr:  1.9073486328125e-08
#epoch  280    val-loss:  1.6798279724623029  train-loss:  0.6230745173525065  lr:  1.9073486328125e-08
#epoch  281    val-loss:  1.6821925326397544  train-loss:  0.6228763189865276  lr:  1.9073486328125e-08
#epoch  282    val-loss:  1.7640466250871356  train-loss:  0.6231317397905514  lr:  1.9073486328125e-08
#epoch  283    val-loss:  1.685704375568189  train-loss:  0.6232644391711801  lr:  1.9073486328125e-08
#epoch  284    val-loss:  1.6697747644625212  train-loss:  0.6233854588354006  lr:  1.9073486328125e-08
#epoch  285    val-loss:  1.6767675939359163  train-loss:  0.6233427184633911  lr:  1.9073486328125e-08
#epoch  286    val-loss:  1.684118716340316  train-loss:  0.6232886943034828  lr:  1.9073486328125e-08
#epoch  287    val-loss:  1.6713010951092369  train-loss:  0.6231728841084987  lr:  1.9073486328125e-08
#epoch  288    val-loss:  1.6773767722280402  train-loss:  0.6230650634970516  lr:  1.9073486328125e-08
#epoch  289    val-loss:  1.6923050064789622  train-loss:  0.623049525776878  lr:  1.9073486328125e-08
#epoch  290    val-loss:  1.6778699912522967  train-loss:  0.6231161819305271  lr:  1.9073486328125e-08
#epoch  291    val-loss:  1.6727969646453857  train-loss:  0.6232290465850383  lr:  1.9073486328125e-08
#epoch  292    val-loss:  1.675762320819654  train-loss:  0.6229683668352664  lr:  1.9073486328125e-08
#epoch  293    val-loss:  1.714589984793412  train-loss:  0.6232764718588442  lr:  1.9073486328125e-08
#epoch  294    val-loss:  1.6822605070314909  train-loss:  0.6231509350473061  lr:  1.9073486328125e-08
#epoch  295    val-loss:  1.7144863480015804  train-loss:  0.6230167268076912  lr:  1.9073486328125e-08
#epoch  296    val-loss:  1.694835060521176  train-loss:  0.6231691292487085  lr:  1.9073486328125e-08
#epoch  297    val-loss:  1.7003466643785174  train-loss:  0.6230063120601699  lr:  1.9073486328125e-08
#epoch  298    val-loss:  1.6858410333332263  train-loss:  0.6232933040009812  lr:  1.9073486328125e-08
#epoch  299    val-loss:  1.6729528276543868  train-loss:  0.6230379240587354  lr:  1.9073486328125e-08
#epoch  300    val-loss:  1.714271539135983  train-loss:  0.6231333232717589  lr:  1.9073486328125e-08
#epoch  301    val-loss:  1.6832791755073948  train-loss:  0.6232402661116794  lr:  1.9073486328125e-08
#epoch  302    val-loss:  1.7361620915563483  train-loss:  0.6232077307067811  lr:  1.9073486328125e-08
#epoch  303    val-loss:  1.6922822688755237  train-loss:  0.6230205789906904  lr:  1.9073486328125e-08
#epoch  304    val-loss:  1.678354118999682  train-loss:  0.6231171019608155  lr:  1.9073486328125e-08
#epoch  305    val-loss:  1.6900558408937956  train-loss:  0.6231804902199656  lr:  1.9073486328125e-08
#epoch  306    val-loss:  1.6831783369967812  train-loss:  0.6234884152654558  lr:  1.9073486328125e-08
#epoch  307    val-loss:  1.6831444941068952  train-loss:  0.6231635499279946  lr:  1.9073486328125e-08
#epoch  308    val-loss:  1.6867113050661589  train-loss:  0.6231527242343873  lr:  1.9073486328125e-08
#epoch  309    val-loss:  1.68300283582587  train-loss:  0.6229560375213623  lr:  1.9073486328125e-08
#epoch  310    val-loss:  1.6738330502259104  train-loss:  0.6231796948704869  lr:  1.9073486328125e-08
#epoch  311    val-loss:  1.7658044978191978  train-loss:  0.6229725008597597  lr:  1.9073486328125e-08
#epoch  312    val-loss:  1.6838840748134412  train-loss:  0.6231232732534409  lr:  1.9073486328125e-08
#epoch  313    val-loss:  1.6752573314465975  train-loss:  0.6230913256295025  lr:  1.9073486328125e-08
#epoch  314    val-loss:  1.6907523556759483  train-loss:  0.6229900810867548  lr:  1.9073486328125e-08
#epoch  315    val-loss:  1.6982644168954146  train-loss:  0.6228259654017165  lr:  1.9073486328125e-08
#epoch  316    val-loss:  1.6748201909818148  train-loss:  0.6230979822576046  lr:  1.9073486328125e-08
#epoch  317    val-loss:  1.7141648091767963  train-loss:  0.6229932755231857  lr:  1.9073486328125e-08
#epoch  318    val-loss:  1.6776083519584255  train-loss:  0.6232867693761364  lr:  1.9073486328125e-08
#epoch  319    val-loss:  1.6918426689348722  train-loss:  0.6231541589368135  lr:  1.9073486328125e-08
#epoch  320    val-loss:  1.6867909745166176  train-loss:  0.6230456256307662  lr:  1.9073486328125e-08
#epoch  321    val-loss:  1.6796515238912482  train-loss:  0.623214588034898  lr:  1.9073486328125e-08
#epoch  322    val-loss:  1.6733757884878862  train-loss:  0.6230913558974862  lr:  1.9073486328125e-08
#epoch  323    val-loss:  1.6798195023285716  train-loss:  0.6233075440395623  lr:  1.9073486328125e-08
#epoch  324    val-loss:  1.6958543187693547  train-loss:  0.6231729949358851  lr:  1.9073486328125e-08
#epoch  325    val-loss:  1.699024432583859  train-loss:  0.6231962412130088  lr:  1.9073486328125e-08
#epoch  326    val-loss:  1.685439806235464  train-loss:  0.6231667490210384  lr:  1.9073486328125e-08
#epoch  327    val-loss:  1.684095395238776  train-loss:  0.6230484873522073  lr:  1.9073486328125e-08
#epoch  328    val-loss:  1.6990647504204197  train-loss:  0.6231287980917841  lr:  1.9073486328125e-08
#epoch  329    val-loss:  1.682486377264324  train-loss:  0.6229095082962885  lr:  1.9073486328125e-08
#epoch  330    val-loss:  1.6880433747642918  train-loss:  0.6229796491097659  lr:  1.9073486328125e-08
#epoch  331    val-loss:  1.688932927031266  train-loss:  0.6231444295262918  lr:  1.9073486328125e-08
#epoch  332    val-loss:  1.6917729691455239  train-loss:  0.6231177090667188  lr:  1.9073486328125e-08
#epoch  333    val-loss:  1.6884807536476536  train-loss:  0.623288240400143  lr:  1.9073486328125e-08
#epoch  334    val-loss:  1.6740338739595915  train-loss:  0.6231277950573713  lr:  1.9073486328125e-08
#epoch  335    val-loss:  1.679405877464696  train-loss:  0.6232647948199883  lr:  1.9073486328125e-08
#epoch  336    val-loss:  1.672592658745615  train-loss:  0.6230382428038865  lr:  1.9073486328125e-08
#epoch  337    val-loss:  1.686429550773219  train-loss:  0.6233689950313419  lr:  1.9073486328125e-08
#epoch  338    val-loss:  1.6850848950837787  train-loss:  0.6230533247580752  lr:  1.9073486328125e-08
#epoch  339    val-loss:  1.6771529850206877  train-loss:  0.6230141317937523  lr:  1.9073486328125e-08
#epoch  340    val-loss:  1.6885601972278796  train-loss:  0.6233329391106963  lr:  1.9073486328125e-08
#epoch  341    val-loss:  1.6955888145848323  train-loss:  0.6230868926504627  lr:  1.9073486328125e-08
#epoch  342    val-loss:  1.685731655672977  train-loss:  0.623452817555517  lr:  1.9073486328125e-08
#epoch  343    val-loss:  1.7022563030845241  train-loss:  0.623230077791959  lr:  1.9073486328125e-08
#epoch  344    val-loss:  1.6728878334948891  train-loss:  0.6231282668886706  lr:  1.9073486328125e-08
#epoch  345    val-loss:  1.6951626539230347  train-loss:  0.6231130955275148  lr:  1.9073486328125e-08
#epoch  346    val-loss:  1.7012972392533954  train-loss:  0.6231187327066436  lr:  1.9073486328125e-08
#epoch  347    val-loss:  1.677410878633198  train-loss:  0.6229851153912023  lr:  1.9073486328125e-08
#epoch  348    val-loss:  1.705758665737353  train-loss:  0.6230660328874364  lr:  1.9073486328125e-08
#epoch  349    val-loss:  1.695279874299702  train-loss:  0.6235641925595701  lr:  1.9073486328125e-08
#epoch  350    val-loss:  1.6891673050428693  train-loss:  0.6232075844891369  lr:  1.9073486328125e-08
#epoch  351    val-loss:  1.6818219674260992  train-loss:  0.6229947564424947  lr:  1.9073486328125e-08
#epoch  352    val-loss:  1.7118718498631527  train-loss:  0.6233814519364387  lr:  1.9073486328125e-08
#epoch  353    val-loss:  1.7644155778382953  train-loss:  0.6232321937568486  lr:  1.9073486328125e-08
#epoch  354    val-loss:  1.6912333463367664  train-loss:  0.623006209731102  lr:  1.9073486328125e-08
#epoch  355    val-loss:  1.691950798034668  train-loss:  0.6229125882964581  lr:  1.9073486328125e-08
#epoch  356    val-loss:  1.6852740174845646  train-loss:  0.6232050803955644  lr:  1.9073486328125e-08
#epoch  357    val-loss:  1.6721387850610834  train-loss:  0.6233573220670223  lr:  1.9073486328125e-08
#epoch  358    val-loss:  1.6785461651651483  train-loss:  0.6230936682550237  lr:  1.9073486328125e-08
#epoch  359    val-loss:  1.6993530486759387  train-loss:  0.6231225483352318  lr:  1.9073486328125e-08
#epoch  360    val-loss:  1.6875110927381014  train-loss:  0.6230878767091781  lr:  1.9073486328125e-08
#epoch  361    val-loss:  1.712656435213591  train-loss:  0.6230159836122766  lr:  1.9073486328125e-08
#epoch  362    val-loss:  1.6800523808127956  train-loss:  0.6230475007323548  lr:  1.9073486328125e-08
#epoch  363    val-loss:  1.6731604086725336  train-loss:  0.6230491838650778  lr:  1.9073486328125e-08
#epoch  364    val-loss:  1.672246594178049  train-loss:  0.6230722478358075  lr:  1.9073486328125e-08
#epoch  365    val-loss:  1.6798501077451204  train-loss:  0.6231898508267477  lr:  1.9073486328125e-08
#epoch  366    val-loss:  1.678260364030537  train-loss:  0.6230860914802179  lr:  1.9073486328125e-08
#epoch  367    val-loss:  1.673773119324132  train-loss:  0.6231561219319701  lr:  1.9073486328125e-08
#epoch  368    val-loss:  1.7066720535880642  train-loss:  0.6232090728590265  lr:  1.9073486328125e-08
#epoch  369    val-loss:  1.6874254941940308  train-loss:  0.6232321271672845  lr:  1.9073486328125e-08
#epoch  370    val-loss:  1.6733037233352661  train-loss:  0.6231424439465627  lr:  1.9073486328125e-08
#epoch  371    val-loss:  1.687448865488956  train-loss:  0.6232235060306266  lr:  1.9073486328125e-08
#epoch  372    val-loss:  1.6829222879911725  train-loss:  0.6231833260972053  lr:  1.9073486328125e-08
#epoch  373    val-loss:  1.6838672161102295  train-loss:  0.6230703023029491  lr:  1.9073486328125e-08
#epoch  374    val-loss:  1.692949840897008  train-loss:  0.6231563135515898  lr:  1.9073486328125e-08
#epoch  375    val-loss:  1.6763453671806736  train-loss:  0.6233250326476991  lr:  1.9073486328125e-08
#epoch  376    val-loss:  1.6817601730949001  train-loss:  0.6232373646926135  lr:  1.9073486328125e-08
#epoch  377    val-loss:  1.6885123503835577  train-loss:  0.6231367122381926  lr:  1.9073486328125e-08
#epoch  378    val-loss:  1.6740624151731793  train-loss:  0.6229366410989314  lr:  1.9073486328125e-08
#epoch  379    val-loss:  1.6902160895498175  train-loss:  0.6233258735155687  lr:  1.9073486328125e-08
#epoch  380    val-loss:  1.6839935528604608  train-loss:  0.6235360563732684  lr:  1.9073486328125e-08
#epoch  381    val-loss:  1.7022435790614079  train-loss:  0.62328364350833  lr:  1.9073486328125e-08
#epoch  382    val-loss:  1.7356671973278648  train-loss:  0.6232360384892672  lr:  1.9073486328125e-08
#epoch  383    val-loss:  1.6780575827548379  train-loss:  0.623409069608897  lr:  1.9073486328125e-08
#epoch  384    val-loss:  1.6920602321624756  train-loss:  0.6231440898263827  lr:  1.9073486328125e-08
#epoch  385    val-loss:  1.6910069678959094  train-loss:  0.6232006371719763  lr:  1.9073486328125e-08
#epoch  386    val-loss:  1.6712734009090222  train-loss:  0.6231644211802632  lr:  1.9073486328125e-08
#epoch  387    val-loss:  1.6931261828071194  train-loss:  0.623139661969617  lr:  1.9073486328125e-08
#epoch  388    val-loss:  1.7080100398314626  train-loss:  0.6232844407204539  lr:  1.9073486328125e-08
#epoch  389    val-loss:  1.6917963467146222  train-loss:  0.6231096795527264  lr:  1.9073486328125e-08
#epoch  390    val-loss:  1.6819506256203902  train-loss:  0.6233040017541498  lr:  1.9073486328125e-08
#epoch  391    val-loss:  1.7147150227898045  train-loss:  0.6230253535322845  lr:  1.9073486328125e-08
#epoch  392    val-loss:  1.6876752125589471  train-loss:  0.6231932049850002  lr:  1.9073486328125e-08
#epoch  393    val-loss:  1.6922925334227712  train-loss:  0.623140886775218  lr:  1.9073486328125e-08
#epoch  394    val-loss:  1.683025692638598  train-loss:  0.6229451990220696  lr:  1.9073486328125e-08
#epoch  395    val-loss:  1.686942589910407  train-loss:  0.6231834662612528  lr:  1.9073486328125e-08
#epoch  396    val-loss:  1.708149646457873  train-loss:  0.6230193763040006  lr:  1.9073486328125e-08
#epoch  397    val-loss:  1.690777998221548  train-loss:  0.6230762051418424  lr:  1.9073486328125e-08
#epoch  398    val-loss:  1.692755467013309  train-loss:  0.6229566154070199  lr:  1.9073486328125e-08
#epoch  399    val-loss:  1.6964133162247508  train-loss:  0.6229751212522388  lr:  1.9073486328125e-08
#epoch  400    val-loss:  1.6911735471926237  train-loss:  0.622959605534561  lr:  1.9073486328125e-08
#epoch  401    val-loss:  1.686246018660696  train-loss:  0.623086069477722  lr:  1.9073486328125e-08
#epoch  402    val-loss:  1.7102742383354588  train-loss:  0.6230586271267384  lr:  1.9073486328125e-08
#epoch  403    val-loss:  1.76574422811207  train-loss:  0.6230289096711203  lr:  1.9073486328125e-08
#epoch  404    val-loss:  1.673806159119857  train-loss:  0.6233414823655039  lr:  1.9073486328125e-08
#epoch  405    val-loss:  1.703822280231275  train-loss:  0.6231005131267011  lr:  1.9073486328125e-08
#epoch  406    val-loss:  1.6737334226307117  train-loss:  0.6233972973423079  lr:  1.9073486328125e-08
#epoch  407    val-loss:  1.6726648305591785  train-loss:  0.623118944466114  lr:  1.9073486328125e-08
#epoch  408    val-loss:  1.6943998901467574  train-loss:  0.6231128168292344  lr:  1.9073486328125e-08
#epoch  409    val-loss:  1.714150635819686  train-loss:  0.6231167479418218  lr:  1.9073486328125e-08
#epoch  410    val-loss:  1.698343647153754  train-loss:  0.6231051069917157  lr:  1.9073486328125e-08
#epoch  411    val-loss:  1.6818356325751858  train-loss:  0.6230774570722133  lr:  1.9073486328125e-08
#epoch  412    val-loss:  1.7652627857107865  train-loss:  0.6229868831578642  lr:  1.9073486328125e-08
#epoch  413    val-loss:  1.6881162743819387  train-loss:  0.6231302890228108  lr:  1.9073486328125e-08
#epoch  414    val-loss:  1.6784066212804694  train-loss:  0.6232694865902886  lr:  1.9073486328125e-08
#epoch  415    val-loss:  1.70567450397893  train-loss:  0.6231671570567414  lr:  1.9073486328125e-08
#epoch  416    val-loss:  1.6859404601548846  train-loss:  0.6232207471039146  lr:  1.9073486328125e-08
#epoch  417    val-loss:  1.6923263261192723  train-loss:  0.6229817244457081  lr:  1.9073486328125e-08
#epoch  418    val-loss:  1.669400597873487  train-loss:  0.6229753463994712  lr:  1.9073486328125e-08
#epoch  419    val-loss:  1.6736751104656018  train-loss:  0.6231378150405362  lr:  1.9073486328125e-08
#epoch  420    val-loss:  1.6788594910972996  train-loss:  0.6234634219435975  lr:  1.9073486328125e-08
#epoch  421    val-loss:  1.6881208419799805  train-loss:  0.622942223912105  lr:  1.9073486328125e-08
#epoch  422    val-loss:  1.690862774848938  train-loss:  0.623257065191865  lr:  1.9073486328125e-08
#epoch  423    val-loss:  1.6899264674437673  train-loss:  0.6231760474620387  lr:  1.9073486328125e-08
#epoch  424    val-loss:  1.673772560922723  train-loss:  0.6228869601618499  lr:  1.9073486328125e-08
#epoch  425    val-loss:  1.6788385667298968  train-loss:  0.6232675125356764  lr:  1.9073486328125e-08
#epoch  426    val-loss:  1.7020116228806346  train-loss:  0.6229483365314081  lr:  1.9073486328125e-08
#epoch  427    val-loss:  1.6919935878954435  train-loss:  0.6230893656611443  lr:  1.9073486328125e-08
#epoch  428    val-loss:  1.6899372652957314  train-loss:  0.6232360679423437  lr:  1.9073486328125e-08
#epoch  429    val-loss:  1.699632111348604  train-loss:  0.6232383472379297  lr:  1.9073486328125e-08
#epoch  430    val-loss:  1.6848589621092145  train-loss:  0.6231710994616151  lr:  1.9073486328125e-08
#epoch  431    val-loss:  1.6809238634611432  train-loss:  0.6231252157595009  lr:  1.9073486328125e-08
#epoch  432    val-loss:  1.673995294068989  train-loss:  0.623205459676683  lr:  1.9073486328125e-08
#epoch  433    val-loss:  1.6678162248511064  train-loss:  0.6232035908615217  lr:  1.9073486328125e-08
#epoch  434    val-loss:  1.697837233543396  train-loss:  0.6233155791414902  lr:  1.9073486328125e-08
#epoch  435    val-loss:  1.6772950009295815  train-loss:  0.623369719251059  lr:  1.9073486328125e-08
#epoch  436    val-loss:  1.684480108712849  train-loss:  0.6231758065987378  lr:  1.9073486328125e-08
#epoch  437    val-loss:  1.7142802163174278  train-loss:  0.6231253533624113  lr:  1.9073486328125e-08
#epoch  438    val-loss:  1.70462713743511  train-loss:  0.6229497389867902  lr:  1.9073486328125e-08
#epoch  439    val-loss:  1.6715712986494367  train-loss:  0.6232963138027117  lr:  1.9073486328125e-08
#epoch  440    val-loss:  1.6681933967690719  train-loss:  0.623094363254495  lr:  1.9073486328125e-08
#epoch  441    val-loss:  1.6872649506518715  train-loss:  0.6231544687179849  lr:  1.9073486328125e-08
#epoch  442    val-loss:  1.6771834837762933  train-loss:  0.6230249969521537  lr:  1.9073486328125e-08
#epoch  443    val-loss:  1.6796363027472245  train-loss:  0.6232600690564141  lr:  1.9073486328125e-08
#epoch  444    val-loss:  1.702479412681178  train-loss:  0.622996615129523  lr:  1.9073486328125e-08
#epoch  445    val-loss:  1.6986731165333797  train-loss:  0.6228507233317941  lr:  1.9073486328125e-08
#epoch  446    val-loss:  1.700520578183626  train-loss:  0.623288536677137  lr:  1.9073486328125e-08
#epoch  447    val-loss:  1.6967726632168418  train-loss:  0.6233351639239118  lr:  1.9073486328125e-08
#epoch  448    val-loss:  1.6729344756979692  train-loss:  0.6229360421421006  lr:  1.9073486328125e-08
#epoch  449    val-loss:  1.6982318225659823  train-loss:  0.6230536955408752  lr:  1.9073486328125e-08
#epoch  450    val-loss:  1.697173469945004  train-loss:  0.6231210972182453  lr:  1.9073486328125e-08
#epoch  451    val-loss:  1.7077228144595498  train-loss:  0.6232487050583586  lr:  1.9073486328125e-08
#epoch  452    val-loss:  1.7359292569913363  train-loss:  0.6233691626694053  lr:  1.9073486328125e-08
#epoch  453    val-loss:  1.6743703766873008  train-loss:  0.6231182410847396  lr:  1.9073486328125e-08
#epoch  454    val-loss:  1.6721579401116622  train-loss:  0.6229152205633  lr:  1.9073486328125e-08
#epoch  455    val-loss:  1.711194540324964  train-loss:  0.6229521038476378  lr:  1.9073486328125e-08
#epoch  456    val-loss:  1.6842442625447323  train-loss:  0.6232303094584495  lr:  1.9073486328125e-08
#epoch  457    val-loss:  1.6856128479305066  train-loss:  0.6232576428446919  lr:  1.9073486328125e-08
#epoch  458    val-loss:  1.6819486680783724  train-loss:  0.6230903523974121  lr:  1.9073486328125e-08
#epoch  459    val-loss:  1.689665813195078  train-loss:  0.6234197148587555  lr:  1.9073486328125e-08
#epoch  460    val-loss:  1.6864450040616488  train-loss:  0.6233436968177557  lr:  1.9073486328125e-08
#epoch  461    val-loss:  1.7135670749764693  train-loss:  0.6231853284407407  lr:  1.9073486328125e-08
#epoch  462    val-loss:  1.7012383686868768  train-loss:  0.6232624534750357  lr:  1.9073486328125e-08
#epoch  463    val-loss:  1.6854476677744012  train-loss:  0.6231945940526202  lr:  1.9073486328125e-08
#epoch  464    val-loss:  1.7101784756309109  train-loss:  0.6231231497367844  lr:  1.9073486328125e-08
#epoch  465    val-loss:  1.6735293802462126  train-loss:  0.6229060922050849  lr:  1.9073486328125e-08
#epoch  466    val-loss:  1.7152411435779773  train-loss:  0.6230602251598611  lr:  1.9073486328125e-08
#epoch  467    val-loss:  1.6861927634791325  train-loss:  0.6232182367239147  lr:  1.9073486328125e-08
#epoch  468    val-loss:  1.679379707888553  train-loss:  0.6233218660345301  lr:  1.9073486328125e-08
#epoch  469    val-loss:  1.6915650179511623  train-loss:  0.6230066583957523  lr:  1.9073486328125e-08
#epoch  470    val-loss:  1.7357155084609985  train-loss:  0.6233150407206267  lr:  1.9073486328125e-08
#epoch  471    val-loss:  1.6860563880518864  train-loss:  0.6230929672019556  lr:  1.9073486328125e-08
#epoch  472    val-loss:  1.695096536686546  train-loss:  0.6231549293734133  lr:  1.9073486328125e-08
#epoch  473    val-loss:  1.693395865590949  train-loss:  0.6231403131969273  lr:  1.9073486328125e-08
#epoch  474    val-loss:  1.7648728458504928  train-loss:  0.623009409639053  lr:  1.9073486328125e-08
#epoch  475    val-loss:  1.682108904186048  train-loss:  0.6230566285084933  lr:  1.9073486328125e-08
#epoch  476    val-loss:  1.6781060632906462  train-loss:  0.6231346926651895  lr:  1.9073486328125e-08
#epoch  477    val-loss:  1.7106634190208034  train-loss:  0.6231831300538033  lr:  1.9073486328125e-08
#epoch  478    val-loss:  1.6975642317219783  train-loss:  0.6232037565205246  lr:  1.9073486328125e-08
#epoch  479    val-loss:  1.6820843345240544  train-loss:  0.6229036066215485  lr:  1.9073486328125e-08
#epoch  480    val-loss:  1.6773356073781063  train-loss:  0.6232204503612593  lr:  1.9073486328125e-08
#epoch  481    val-loss:  1.6767938199796175  train-loss:  0.6232258814852685  lr:  1.9073486328125e-08
#epoch  482    val-loss:  1.6774158540524935  train-loss:  0.6231019920669496  lr:  1.9073486328125e-08
#epoch  483    val-loss:  1.6970585772865696  train-loss:  0.623031267314218  lr:  1.9073486328125e-08
#epoch  484    val-loss:  1.6840848169828717  train-loss:  0.6231012856587768  lr:  1.9073486328125e-08
#epoch  485    val-loss:  1.6703595613178455  train-loss:  0.6230194026138633  lr:  1.9073486328125e-08
#epoch  486    val-loss:  1.6784977222743787  train-loss:  0.6232369625940919  lr:  1.9073486328125e-08
#epoch  487    val-loss:  1.6822160419664884  train-loss:  0.623141075251624  lr:  1.9073486328125e-08
#epoch  488    val-loss:  1.6794067872198004  train-loss:  0.6233875026227906  lr:  1.9073486328125e-08
#epoch  489    val-loss:  1.6943307801296836  train-loss:  0.6230001212097704  lr:  1.9073486328125e-08
#epoch  490    val-loss:  1.693461160910757  train-loss:  0.6230878550559282  lr:  1.9073486328125e-08
#epoch  491    val-loss:  1.6834835253263776  train-loss:  0.6233035582117736  lr:  1.9073486328125e-08
#epoch  492    val-loss:  1.6953362916645252  train-loss:  0.6231297792401165  lr:  1.9073486328125e-08
#epoch  493    val-loss:  1.6825893113487644  train-loss:  0.6233513974584639  lr:  1.9073486328125e-08
#epoch  494    val-loss:  1.6906346835588153  train-loss:  0.6232146655675024  lr:  1.9073486328125e-08
#epoch  495    val-loss:  1.6999036073684692  train-loss:  0.6230074551422149  lr:  1.9073486328125e-08
#epoch  496    val-loss:  1.6833381150898181  train-loss:  0.6232872233958915  lr:  1.9073486328125e-08
#epoch  497    val-loss:  1.714552829140111  train-loss:  0.6231195555301383  lr:  1.9073486328125e-08
#epoch  498    val-loss:  1.7088054795014231  train-loss:  0.6230809200787917  lr:  1.9073486328125e-08
#epoch  499    val-loss:  1.6930343226382607  train-loss:  0.6232964489609003  lr:  1.9073486328125e-08
