model 41abf4feb20e92478210f59883a85c35dad61f2369a8925206e68def state_dict has not been found
Model was not found
torch.cuda.is_available():	 True
runargs:	 Namespace(co2=False, depth=5.0, disp=-1, domain='global', epoch=0, latitude=False, linsupres=True, lossfun='MSE', lr=0.01, lsrp_span=12, maxepoch=500, minibatch=4, mode='train', normalization='standard', num_workers=40, parts=[1, 1], persistent_workers=False, prefetch_factor=1, relog=True, rerun=True, sanity=False, sigma=8, temperature=True)
data_address /scratch/zanna/data/cm2.6/coarse_8_beneath_surface.zarr
using device: cuda:0
epochs started
#epoch  0    val-loss:  1.6769882189600092  train-loss:  2.0789173152297735  lr:  0.01
#epoch  1    val-loss:  1.2525172986482318  train-loss:  1.3421051730401814  lr:  0.01
#epoch  2    val-loss:  1.068028399818822  train-loss:  1.0890509113669395  lr:  0.01
#epoch  3    val-loss:  1.0175402540909617  train-loss:  0.9856317779049277  lr:  0.01
#epoch  4    val-loss:  0.9441570137676439  train-loss:  0.9319422859698534  lr:  0.01
#epoch  5    val-loss:  0.9738463665309706  train-loss:  0.8881880710832775  lr:  0.01
#epoch  6    val-loss:  0.8993243512354399  train-loss:  0.8585909912362695  lr:  0.01
#epoch  7    val-loss:  0.9887300196446871  train-loss:  0.8294586532283574  lr:  0.01
#epoch  8    val-loss:  0.8695149515804491  train-loss:  0.8071231706999242  lr:  0.01
#epoch  9    val-loss:  0.8357332223340085  train-loss:  0.7853009537793696  lr:  0.01
#epoch  10    val-loss:  0.8340298251101845  train-loss:  0.7675290561746806  lr:  0.01
#epoch  11    val-loss:  0.7997953860383284  train-loss:  0.7518469232600182  lr:  0.01
#epoch  12    val-loss:  0.7822330939142328  train-loss:  0.7383137252181768  lr:  0.01
#epoch  13    val-loss:  0.779858222133235  train-loss:  0.7245015627704561  lr:  0.01
#epoch  14    val-loss:  0.7746128690870184  train-loss:  0.7145532115828246  lr:  0.01
#epoch  15    val-loss:  0.7611065601047716  train-loss:  0.7057929078582674  lr:  0.01
#epoch  16    val-loss:  0.7494114856970938  train-loss:  0.6956586155574769  lr:  0.01
#epoch  17    val-loss:  0.7493973750817148  train-loss:  0.6877983992453665  lr:  0.01
#epoch  18    val-loss:  0.7829099893569946  train-loss:  0.6817058015149087  lr:  0.01
#epoch  19    val-loss:  0.7421522987516302  train-loss:  0.6763497502543032  lr:  0.01
#epoch  20    val-loss:  0.7312875076344139  train-loss:  0.6719433919060975  lr:  0.01
#epoch  21    val-loss:  0.7331749985092565  train-loss:  0.6640182714909315  lr:  0.01
#epoch  22    val-loss:  0.7619332765278063  train-loss:  0.6606851832475513  lr:  0.01
#epoch  23    val-loss:  0.7472982375245345  train-loss:  0.6572815629187971  lr:  0.01
#epoch  24    val-loss:  0.7041121909492895  train-loss:  0.6276460685767233  lr:  0.005
#epoch  25    val-loss:  0.7015132245264555  train-loss:  0.6237470365595073  lr:  0.005
#epoch  26    val-loss:  0.7087222212239316  train-loss:  0.622250146465376  lr:  0.005
#epoch  27    val-loss:  0.7062420154872694  train-loss:  0.62071488564834  lr:  0.005
#epoch  28    val-loss:  0.69765788944144  train-loss:  0.619406312238425  lr:  0.005
#epoch  29    val-loss:  0.6949639885049117  train-loss:  0.6163454600609839  lr:  0.005
#epoch  30    val-loss:  0.6915087260698017  train-loss:  0.6151120441500098  lr:  0.005
#epoch  31    val-loss:  0.7056654942663092  train-loss:  0.6127613049466163  lr:  0.005
#epoch  32    val-loss:  0.6917487257405331  train-loss:  0.6108663901686668  lr:  0.005
#epoch  33    val-loss:  0.6921052211209348  train-loss:  0.609169005183503  lr:  0.005
#epoch  34    val-loss:  0.6788884620917471  train-loss:  0.592658257111907  lr:  0.0025
#epoch  35    val-loss:  0.6817780827221117  train-loss:  0.5907571618445218  lr:  0.0025
#epoch  36    val-loss:  0.6774436392282185  train-loss:  0.5897159103769809  lr:  0.0025
#epoch  37    val-loss:  0.687357297069148  train-loss:  0.588793826289475  lr:  0.0025
#epoch  38    val-loss:  0.6766383710660433  train-loss:  0.5877395288553089  lr:  0.0025
#epoch  39    val-loss:  0.6797210197699698  train-loss:  0.5866337514016777  lr:  0.0025
#epoch  40    val-loss:  0.678077547173751  train-loss:  0.5854507670737803  lr:  0.0025
#epoch  41    val-loss:  0.6800272621606526  train-loss:  0.584384593879804  lr:  0.0025
#epoch  42    val-loss:  0.6723624530591463  train-loss:  0.5752266766503453  lr:  0.00125
#epoch  43    val-loss:  0.6731820043764616  train-loss:  0.5741922694724053  lr:  0.00125
#epoch  44    val-loss:  0.6715637821900217  train-loss:  0.5734536095988005  lr:  0.00125
#epoch  45    val-loss:  0.6737710425728246  train-loss:  0.5727318858262151  lr:  0.00125
#epoch  46    val-loss:  0.6658942166127657  train-loss:  0.5724145881831646  lr:  0.00125
#epoch  47    val-loss:  0.6681411360439501  train-loss:  0.5716727962717414  lr:  0.00125
#epoch  48    val-loss:  0.6727037994485152  train-loss:  0.5709778370801359  lr:  0.00125
#epoch  49    val-loss:  0.6713636360670391  train-loss:  0.5708113538566977  lr:  0.00125
#epoch  50    val-loss:  0.6700699486230549  train-loss:  0.5653630263404921  lr:  0.000625
#epoch  51    val-loss:  0.6695402044998972  train-loss:  0.5649990139063448  lr:  0.000625
#epoch  52    val-loss:  0.6707218854050887  train-loss:  0.5647865049540997  lr:  0.000625
#epoch  53    val-loss:  0.6679430164788899  train-loss:  0.5620664714369923  lr:  0.0003125
#epoch  54    val-loss:  0.6669904903361672  train-loss:  0.561721813166514  lr:  0.0003125
#epoch  55    val-loss:  0.6686976740234777  train-loss:  0.5616235642228276  lr:  0.0003125
#epoch  56    val-loss:  0.6642477324134425  train-loss:  0.5602762205526233  lr:  0.00015625
#epoch  57    val-loss:  0.6642348766326904  train-loss:  0.5601044436916709  lr:  0.00015625
#epoch  58    val-loss:  0.667832678870151  train-loss:  0.5599542902782559  lr:  0.00015625
#epoch  59    val-loss:  0.6666561553352758  train-loss:  0.5598325475584716  lr:  0.00015625
#epoch  60    val-loss:  0.6642547971323917  train-loss:  0.5591108929365873  lr:  7.8125e-05
#epoch  61    val-loss:  0.6681877343278182  train-loss:  0.5590241397731006  lr:  7.8125e-05
#epoch  62    val-loss:  0.6684011754236723  train-loss:  0.5589137121569365  lr:  7.8125e-05
#epoch  63    val-loss:  0.66908986317484  train-loss:  0.5585860423743725  lr:  3.90625e-05
#epoch  64    val-loss:  0.6685294854013544  train-loss:  0.5584711637347937  lr:  3.90625e-05
#epoch  65    val-loss:  0.66782188729236  train-loss:  0.5585441822186112  lr:  3.90625e-05
#epoch  66    val-loss:  0.6671071585855985  train-loss:  0.5581133962841704  lr:  1.953125e-05
#epoch  67    val-loss:  0.6654492553911711  train-loss:  0.5581725877709687  lr:  1.953125e-05
#epoch  68    val-loss:  0.6697131646306891  train-loss:  0.5581869452726096  lr:  1.953125e-05
#epoch  69    val-loss:  0.6663211740945515  train-loss:  0.5580997844226658  lr:  9.765625e-06
#epoch  70    val-loss:  0.667021349856728  train-loss:  0.5581437898799777  lr:  9.765625e-06
#epoch  71    val-loss:  0.6668350445596796  train-loss:  0.558077763998881  lr:  9.765625e-06
#epoch  72    val-loss:  0.6695007274025365  train-loss:  0.558074408210814  lr:  4.8828125e-06
#epoch  73    val-loss:  0.6691891394163433  train-loss:  0.5581826625857502  lr:  4.8828125e-06
#epoch  74    val-loss:  0.6681692223799857  train-loss:  0.5581416091881692  lr:  4.8828125e-06
#epoch  75    val-loss:  0.6637058132573178  train-loss:  0.558001609519124  lr:  2.44140625e-06
#epoch  76    val-loss:  0.6683160254829809  train-loss:  0.5580496760085225  lr:  2.44140625e-06
#epoch  77    val-loss:  0.6643005640883195  train-loss:  0.5580404733773321  lr:  2.44140625e-06
#epoch  78    val-loss:  0.6676571526025471  train-loss:  0.5580861980561167  lr:  2.44140625e-06
#epoch  79    val-loss:  0.6630555705020302  train-loss:  0.5580886846873909  lr:  1.220703125e-06
#epoch  80    val-loss:  0.6645472771243045  train-loss:  0.5581018945667893  lr:  1.220703125e-06
#epoch  81    val-loss:  0.6664563605659887  train-loss:  0.5581013774499297  lr:  1.220703125e-06
#epoch  82    val-loss:  0.6666837460116336  train-loss:  0.5580875473096967  lr:  1.220703125e-06
#epoch  83    val-loss:  0.6669160535461024  train-loss:  0.5580454678274691  lr:  6.103515625e-07
#epoch  84    val-loss:  0.6678242777523241  train-loss:  0.557960115140304  lr:  6.103515625e-07
#epoch  85    val-loss:  0.6658314999781156  train-loss:  0.5581082270946354  lr:  6.103515625e-07
#epoch  86    val-loss:  0.6673307732531899  train-loss:  0.5580400885082781  lr:  3.0517578125e-07
#epoch  87    val-loss:  0.66555318706914  train-loss:  0.5581366549013183  lr:  3.0517578125e-07
#epoch  88    val-loss:  0.6699079055535165  train-loss:  0.5579506510403007  lr:  3.0517578125e-07
#epoch  89    val-loss:  0.6635691178472418  train-loss:  0.5580288944765925  lr:  1.52587890625e-07
#epoch  90    val-loss:  0.6668359009843123  train-loss:  0.558071490842849  lr:  1.52587890625e-07
#epoch  91    val-loss:  0.6651322810273421  train-loss:  0.5580886292736977  lr:  1.52587890625e-07
#epoch  92    val-loss:  0.6669933639074627  train-loss:  0.5580473884474486  lr:  7.62939453125e-08
#epoch  93    val-loss:  0.6674720237129613  train-loss:  0.5581024379935116  lr:  7.62939453125e-08
#epoch  94    val-loss:  0.6682104186007851  train-loss:  0.558185244910419  lr:  7.62939453125e-08
#epoch  95    val-loss:  0.6654916531161258  train-loss:  0.5579783734865487  lr:  3.814697265625e-08
#epoch  96    val-loss:  0.6702060887688085  train-loss:  0.5579498850274831  lr:  3.814697265625e-08
#epoch  97    val-loss:  0.6660230630322507  train-loss:  0.5581142187584192  lr:  3.814697265625e-08
#epoch  98    val-loss:  0.6677111042173285  train-loss:  0.5578938941471279  lr:  1.9073486328125e-08
#epoch  99    val-loss:  0.6645266570542988  train-loss:  0.5579957661684602  lr:  1.9073486328125e-08
#epoch  100    val-loss:  0.6641165425902918  train-loss:  0.5579965403303504  lr:  1.9073486328125e-08
#epoch  101    val-loss:  0.6677865166413156  train-loss:  0.5580141246318817  lr:  1.9073486328125e-08
#epoch  102    val-loss:  0.6681292119779085  train-loss:  0.557954331394285  lr:  1.9073486328125e-08
#epoch  103    val-loss:  0.6635985217596355  train-loss:  0.5580071194563061  lr:  1.9073486328125e-08
#epoch  104    val-loss:  0.6659296186346757  train-loss:  0.5579743469133973  lr:  1.9073486328125e-08
#epoch  105    val-loss:  0.6659060214695177  train-loss:  0.5579841104336083  lr:  1.9073486328125e-08
#epoch  106    val-loss:  0.6665222425209848  train-loss:  0.5581358189228922  lr:  1.9073486328125e-08
#epoch  107    val-loss:  0.6666345972763864  train-loss:  0.5580000882036984  lr:  1.9073486328125e-08
#epoch  108    val-loss:  0.6675607781661185  train-loss:  0.5579221600200981  lr:  1.9073486328125e-08
#epoch  109    val-loss:  0.6664553033678156  train-loss:  0.5579936045687646  lr:  1.9073486328125e-08
#epoch  110    val-loss:  0.6663488808431124  train-loss:  0.5579464184120297  lr:  1.9073486328125e-08
#epoch  111    val-loss:  0.6654800741296065  train-loss:  0.5579524459317327  lr:  1.9073486328125e-08
#epoch  112    val-loss:  0.6668504947110226  train-loss:  0.5581584351602942  lr:  1.9073486328125e-08
#epoch  113    val-loss:  0.6655694120808652  train-loss:  0.558040272211656  lr:  1.9073486328125e-08
#epoch  114    val-loss:  0.6633891839730112  train-loss:  0.5579877183772624  lr:  1.9073486328125e-08
#epoch  115    val-loss:  0.6666781306266785  train-loss:  0.5580677688121796  lr:  1.9073486328125e-08
#epoch  116    val-loss:  0.669014500944238  train-loss:  0.5580020295456052  lr:  1.9073486328125e-08
#epoch  117    val-loss:  0.6672360677468149  train-loss:  0.5579936029389501  lr:  1.9073486328125e-08
#epoch  118    val-loss:  0.6679800780195939  train-loss:  0.5579509793315083  lr:  1.9073486328125e-08
#epoch  119    val-loss:  0.6675161782063936  train-loss:  0.5580330381635576  lr:  1.9073486328125e-08
#epoch  120    val-loss:  0.6674487998611048  train-loss:  0.5579521115869284  lr:  1.9073486328125e-08
#epoch  121    val-loss:  0.6656721924480639  train-loss:  0.5579024525359273  lr:  1.9073486328125e-08
#epoch  122    val-loss:  0.6637826781523856  train-loss:  0.5580237084068358  lr:  1.9073486328125e-08
#epoch  123    val-loss:  0.6672339062941702  train-loss:  0.5579645473044366  lr:  1.9073486328125e-08
#epoch  124    val-loss:  0.6646588883901897  train-loss:  0.5579370928462595  lr:  1.9073486328125e-08
#epoch  125    val-loss:  0.665521480535206  train-loss:  0.558064172277227  lr:  1.9073486328125e-08
#epoch  126    val-loss:  0.6674274174790633  train-loss:  0.5580312490928918  lr:  1.9073486328125e-08
#epoch  127    val-loss:  0.6678992886292306  train-loss:  0.558003094047308  lr:  1.9073486328125e-08
#epoch  128    val-loss:  0.6638252327316686  train-loss:  0.5579621312208474  lr:  1.9073486328125e-08
#epoch  129    val-loss:  0.6689087811269259  train-loss:  0.5579660192597657  lr:  1.9073486328125e-08
#epoch  130    val-loss:  0.6674762085864419  train-loss:  0.557954665273428  lr:  1.9073486328125e-08
#epoch  131    val-loss:  0.667801000569996  train-loss:  0.558007900021039  lr:  1.9073486328125e-08
#epoch  132    val-loss:  0.6676194354107505  train-loss:  0.5579783774446696  lr:  1.9073486328125e-08
#epoch  133    val-loss:  0.6652688289943495  train-loss:  0.5579147166572511  lr:  1.9073486328125e-08
#epoch  134    val-loss:  0.6679827257206565  train-loss:  0.5580225118901581  lr:  1.9073486328125e-08
#epoch  135    val-loss:  0.6669730544090271  train-loss:  0.5580067795235664  lr:  1.9073486328125e-08
#epoch  136    val-loss:  0.6657143297948336  train-loss:  0.5579877765849233  lr:  1.9073486328125e-08
#epoch  137    val-loss:  0.6662756204605103  train-loss:  0.5579645892139524  lr:  1.9073486328125e-08
#epoch  138    val-loss:  0.6661979242375022  train-loss:  0.5580077168997377  lr:  1.9073486328125e-08
#epoch  139    val-loss:  0.6666294775511089  train-loss:  0.5579855828545988  lr:  1.9073486328125e-08
#epoch  140    val-loss:  0.6648279867674175  train-loss:  0.5580377306323498  lr:  1.9073486328125e-08
#epoch  141    val-loss:  0.6697999270338761  train-loss:  0.5579561784397811  lr:  1.9073486328125e-08
#epoch  142    val-loss:  0.6688941654406095  train-loss:  0.5580430056434125  lr:  1.9073486328125e-08
#epoch  143    val-loss:  0.6682291877897162  train-loss:  0.5580281703732908  lr:  1.9073486328125e-08
#epoch  144    val-loss:  0.667638832016995  train-loss:  0.558010003529489  lr:  1.9073486328125e-08
#epoch  145    val-loss:  0.6674667816413077  train-loss:  0.558076238958165  lr:  1.9073486328125e-08
#epoch  146    val-loss:  0.666681214382774  train-loss:  0.558036153903231  lr:  1.9073486328125e-08
#epoch  147    val-loss:  0.6676290317585594  train-loss:  0.5579832557123154  lr:  1.9073486328125e-08
#epoch  148    val-loss:  0.6667211181239078  train-loss:  0.5580170878674835  lr:  1.9073486328125e-08
#epoch  149    val-loss:  0.66254239647012  train-loss:  0.5579741012770683  lr:  1.9073486328125e-08
#epoch  150    val-loss:  0.6634684989326879  train-loss:  0.5581101668067276  lr:  1.9073486328125e-08
#epoch  151    val-loss:  0.6670768574664467  train-loss:  0.5579802428837866  lr:  1.9073486328125e-08
#epoch  152    val-loss:  0.6636442824413902  train-loss:  0.5581003788392991  lr:  1.9073486328125e-08
#epoch  153    val-loss:  0.6630615529261137  train-loss:  0.5579896501731128  lr:  1.9073486328125e-08
#epoch  154    val-loss:  0.6697021879647908  train-loss:  0.5580524497199804  lr:  1.9073486328125e-08
#epoch  155    val-loss:  0.6636178085678502  train-loss:  0.5579880827572197  lr:  1.9073486328125e-08
#epoch  156    val-loss:  0.6675201497579876  train-loss:  0.5579756738152355  lr:  1.9073486328125e-08
#epoch  157    val-loss:  0.6669952147885373  train-loss:  0.5581558307167143  lr:  1.9073486328125e-08
#epoch  158    val-loss:  0.6691829781783255  train-loss:  0.5580442242790014  lr:  1.9073486328125e-08
#epoch  159    val-loss:  0.6663354133304796  train-loss:  0.5579372376669198  lr:  1.9073486328125e-08
#epoch  160    val-loss:  0.6672100958071256  train-loss:  0.5579955063294619  lr:  1.9073486328125e-08
#epoch  161    val-loss:  0.6683774810088309  train-loss:  0.5580446533858776  lr:  1.9073486328125e-08
#epoch  162    val-loss:  0.6676969434085646  train-loss:  0.5581115963868797  lr:  1.9073486328125e-08
#epoch  163    val-loss:  0.6692202561780026  train-loss:  0.5580620653927326  lr:  1.9073486328125e-08
#epoch  164    val-loss:  0.6699375510215759  train-loss:  0.55798360100016  lr:  1.9073486328125e-08
#epoch  165    val-loss:  0.667741342594749  train-loss:  0.5580764729529619  lr:  1.9073486328125e-08
#epoch  166    val-loss:  0.6656275987625122  train-loss:  0.5579476174898446  lr:  1.9073486328125e-08
#epoch  167    val-loss:  0.6671632089112934  train-loss:  0.5580400744220242  lr:  1.9073486328125e-08
#epoch  168    val-loss:  0.6658086368912145  train-loss:  0.5580670705530792  lr:  1.9073486328125e-08
#epoch  169    val-loss:  0.6682190048067194  train-loss:  0.5579518796876073  lr:  1.9073486328125e-08
#epoch  170    val-loss:  0.6665332505577489  train-loss:  0.5579878287389874  lr:  1.9073486328125e-08
#epoch  171    val-loss:  0.6679434744935286  train-loss:  0.5580226453021169  lr:  1.9073486328125e-08
#epoch  172    val-loss:  0.669153985224272  train-loss:  0.5581137589178979  lr:  1.9073486328125e-08
#epoch  173    val-loss:  0.6656208697118258  train-loss:  0.5580738231074065  lr:  1.9073486328125e-08
#epoch  174    val-loss:  0.667684627206702  train-loss:  0.5580190001055598  lr:  1.9073486328125e-08
#epoch  175    val-loss:  0.6648545265197754  train-loss:  0.5580053592566401  lr:  1.9073486328125e-08
#epoch  176    val-loss:  0.6658426993771603  train-loss:  0.557994419708848  lr:  1.9073486328125e-08
#epoch  177    val-loss:  0.6692380811038771  train-loss:  0.5580214350484312  lr:  1.9073486328125e-08
#epoch  178    val-loss:  0.6674798664293791  train-loss:  0.5581527152098715  lr:  1.9073486328125e-08
#epoch  179    val-loss:  0.6672567505585519  train-loss:  0.5580377546139061  lr:  1.9073486328125e-08
#epoch  180    val-loss:  0.6661342727510553  train-loss:  0.5580663797445595  lr:  1.9073486328125e-08
#epoch  181    val-loss:  0.6668468305939123  train-loss:  0.557989860419184  lr:  1.9073486328125e-08
#epoch  182    val-loss:  0.6652278492325231  train-loss:  0.5579662404488772  lr:  1.9073486328125e-08
#epoch  183    val-loss:  0.6686508435952035  train-loss:  0.5580631899647415  lr:  1.9073486328125e-08
#epoch  184    val-loss:  0.6630084765584845  train-loss:  0.5581384869292378  lr:  1.9073486328125e-08
#epoch  185    val-loss:  0.6694648736401608  train-loss:  0.5579541753977537  lr:  1.9073486328125e-08
#epoch  186    val-loss:  0.665803711665304  train-loss:  0.5579128442332149  lr:  1.9073486328125e-08
#epoch  187    val-loss:  0.6656435037914076  train-loss:  0.5580227749887854  lr:  1.9073486328125e-08
#epoch  188    val-loss:  0.6634510661426344  train-loss:  0.5579366176389158  lr:  1.9073486328125e-08
#epoch  189    val-loss:  0.6675756981498316  train-loss:  0.5579735131468624  lr:  1.9073486328125e-08
#epoch  190    val-loss:  0.6696498676350242  train-loss:  0.5579922918695956  lr:  1.9073486328125e-08
#epoch  191    val-loss:  0.6660310814255163  train-loss:  0.5579748935997486  lr:  1.9073486328125e-08
#epoch  192    val-loss:  0.6686998417502955  train-loss:  0.5580426882952452  lr:  1.9073486328125e-08
#epoch  193    val-loss:  0.6644341004522223  train-loss:  0.5580567179713398  lr:  1.9073486328125e-08
#epoch  194    val-loss:  0.6648768688503065  train-loss:  0.557958230143413  lr:  1.9073486328125e-08
#epoch  195    val-loss:  0.6655435718988117  train-loss:  0.5580278573324904  lr:  1.9073486328125e-08
#epoch  196    val-loss:  0.6667327002475136  train-loss:  0.5580014367587864  lr:  1.9073486328125e-08
#epoch  197    val-loss:  0.6684886530825966  train-loss:  0.5581096936948597  lr:  1.9073486328125e-08
#epoch  198    val-loss:  0.6675960547045657  train-loss:  0.5579768975730985  lr:  1.9073486328125e-08
#epoch  199    val-loss:  0.6691903346463254  train-loss:  0.5580655285157263  lr:  1.9073486328125e-08
#epoch  200    val-loss:  0.6660372301151878  train-loss:  0.5580025939270854  lr:  1.9073486328125e-08
#epoch  201    val-loss:  0.6652439550349587  train-loss:  0.5581032396294177  lr:  1.9073486328125e-08
#epoch  202    val-loss:  0.6667213722279197  train-loss:  0.558028825558722  lr:  1.9073486328125e-08
#epoch  203    val-loss:  0.6670785263965004  train-loss:  0.5580797167494893  lr:  1.9073486328125e-08
#epoch  204    val-loss:  0.6688168111600374  train-loss:  0.5580264590680599  lr:  1.9073486328125e-08
#epoch  205    val-loss:  0.6695248076790258  train-loss:  0.5579964434728026  lr:  1.9073486328125e-08
#epoch  206    val-loss:  0.6689625507906863  train-loss:  0.5580131013412029  lr:  1.9073486328125e-08
#epoch  207    val-loss:  0.6697563591756319  train-loss:  0.5579837814439088  lr:  1.9073486328125e-08
#epoch  208    val-loss:  0.6658975827066522  train-loss:  0.5580516059417278  lr:  1.9073486328125e-08
#epoch  209    val-loss:  0.6635253743121499  train-loss:  0.5579439820721745  lr:  1.9073486328125e-08
#epoch  210    val-loss:  0.6678266211559898  train-loss:  0.5579977149609476  lr:  1.9073486328125e-08
#epoch  211    val-loss:  0.6660377100894326  train-loss:  0.5580836932640523  lr:  1.9073486328125e-08
#epoch  212    val-loss:  0.6695969042025114  train-loss:  0.5579425084870309  lr:  1.9073486328125e-08
#epoch  213    val-loss:  0.6626624684584769  train-loss:  0.558069126913324  lr:  1.9073486328125e-08
#epoch  214    val-loss:  0.6699450047392594  train-loss:  0.5580998084042221  lr:  1.9073486328125e-08
#epoch  215    val-loss:  0.667904910288359  train-loss:  0.557976903161034  lr:  1.9073486328125e-08
#epoch  216    val-loss:  0.6656148214089243  train-loss:  0.5580157479271293  lr:  1.9073486328125e-08
#epoch  217    val-loss:  0.66807443530936  train-loss:  0.5580901301000267  lr:  1.9073486328125e-08
#epoch  218    val-loss:  0.6637682036349648  train-loss:  0.5580335485283285  lr:  1.9073486328125e-08
#epoch  219    val-loss:  0.6680133060405129  train-loss:  0.5579830277711153  lr:  1.9073486328125e-08
#epoch  220    val-loss:  0.6685175236902738  train-loss:  0.5580420945771039  lr:  1.9073486328125e-08
#epoch  221    val-loss:  0.665875654471548  train-loss:  0.5579042262397707  lr:  1.9073486328125e-08
#epoch  222    val-loss:  0.6651526344449896  train-loss:  0.5581493999343365  lr:  1.9073486328125e-08
#epoch  223    val-loss:  0.664756649418881  train-loss:  0.55808907141909  lr:  1.9073486328125e-08
#epoch  224    val-loss:  0.6664022646452251  train-loss:  0.5580069799907506  lr:  1.9073486328125e-08
#epoch  225    val-loss:  0.6639146867551302  train-loss:  0.5580616078805178  lr:  1.9073486328125e-08
#epoch  226    val-loss:  0.6689707103528475  train-loss:  0.5580172329209745  lr:  1.9073486328125e-08
#epoch  227    val-loss:  0.6655421853065491  train-loss:  0.5580992614850402  lr:  1.9073486328125e-08
#epoch  228    val-loss:  0.6650029640448721  train-loss:  0.5579931112006307  lr:  1.9073486328125e-08
#epoch  229    val-loss:  0.667407678930383  train-loss:  0.5578645089408383  lr:  1.9073486328125e-08
#epoch  230    val-loss:  0.6694023075856661  train-loss:  0.5579759783577174  lr:  1.9073486328125e-08
#epoch  231    val-loss:  0.6695186903602198  train-loss:  0.5579904888290912  lr:  1.9073486328125e-08
#epoch  232    val-loss:  0.6668303263814825  train-loss:  0.5579983696807176  lr:  1.9073486328125e-08
#epoch  233    val-loss:  0.6671951946459318  train-loss:  0.5579349419567734  lr:  1.9073486328125e-08
#epoch  234    val-loss:  0.6651862546017295  train-loss:  0.5580674530938268  lr:  1.9073486328125e-08
#epoch  235    val-loss:  0.6672020742767736  train-loss:  0.5580759113654494  lr:  1.9073486328125e-08
#epoch  236    val-loss:  0.6678238354231182  train-loss:  0.5580283703748137  lr:  1.9073486328125e-08
#epoch  237    val-loss:  0.6671613360706129  train-loss:  0.5580188727471977  lr:  1.9073486328125e-08
#epoch  238    val-loss:  0.6656619310379028  train-loss:  0.5580813055858016  lr:  1.9073486328125e-08
#epoch  239    val-loss:  0.6687392498317518  train-loss:  0.5580041769426316  lr:  1.9073486328125e-08
#epoch  240    val-loss:  0.6697237522978532  train-loss:  0.5580345124471933  lr:  1.9073486328125e-08
#epoch  241    val-loss:  0.6655080475305256  train-loss:  0.5579783380962908  lr:  1.9073486328125e-08
#epoch  242    val-loss:  0.6674625026552301  train-loss:  0.5580980477388948  lr:  1.9073486328125e-08
#epoch  243    val-loss:  0.6671348590599863  train-loss:  0.5580993525218219  lr:  1.9073486328125e-08
#epoch  244    val-loss:  0.6642339762888456  train-loss:  0.5580169255845249  lr:  1.9073486328125e-08
#epoch  245    val-loss:  0.6658121567023428  train-loss:  0.5581024896819144  lr:  1.9073486328125e-08
#epoch  246    val-loss:  0.6693529298430995  train-loss:  0.5580588963348418  lr:  1.9073486328125e-08
#epoch  247    val-loss:  0.6658189139868084  train-loss:  0.5579926825594157  lr:  1.9073486328125e-08
#epoch  248    val-loss:  0.6677188465469762  train-loss:  0.5580377120058984  lr:  1.9073486328125e-08
#epoch  249    val-loss:  0.6676918832879317  train-loss:  0.5580096254125237  lr:  1.9073486328125e-08
#epoch  250    val-loss:  0.6654456571528786  train-loss:  0.5579608504194766  lr:  1.9073486328125e-08
#epoch  251    val-loss:  0.6657558397242898  train-loss:  0.5580474908929318  lr:  1.9073486328125e-08
#epoch  252    val-loss:  0.663919913141351  train-loss:  0.557959504891187  lr:  1.9073486328125e-08
#epoch  253    val-loss:  0.6707042424302352  train-loss:  0.5579925249330699  lr:  1.9073486328125e-08
#epoch  254    val-loss:  0.6679960583385668  train-loss:  0.5579531500115991  lr:  1.9073486328125e-08
#epoch  255    val-loss:  0.6669411125936007  train-loss:  0.5580247186589986  lr:  1.9073486328125e-08
#epoch  256    val-loss:  0.6651576820172762  train-loss:  0.5580509607680142  lr:  1.9073486328125e-08
#epoch  257    val-loss:  0.6688686954347711  train-loss:  0.5580842078197747  lr:  1.9073486328125e-08
#epoch  258    val-loss:  0.6646688329546075  train-loss:  0.5579610269051045  lr:  1.9073486328125e-08
#epoch  259    val-loss:  0.6664385199546814  train-loss:  0.5579455643892288  lr:  1.9073486328125e-08
#epoch  260    val-loss:  0.6686015129089355  train-loss:  0.5579387343022972  lr:  1.9073486328125e-08
#epoch  261    val-loss:  0.6660430619591161  train-loss:  0.5580076691694558  lr:  1.9073486328125e-08
#epoch  262    val-loss:  0.6686917731636449  train-loss:  0.5579480906017125  lr:  1.9073486328125e-08
#epoch  263    val-loss:  0.6650548734162983  train-loss:  0.5580246448516846  lr:  1.9073486328125e-08
#epoch  264    val-loss:  0.666315778305656  train-loss:  0.5579629179555923  lr:  1.9073486328125e-08
#epoch  265    val-loss:  0.6669039600773862  train-loss:  0.5580931219737977  lr:  1.9073486328125e-08
#epoch  266    val-loss:  0.6672020178092154  train-loss:  0.5579825106542557  lr:  1.9073486328125e-08
#epoch  267    val-loss:  0.6699134519225672  train-loss:  0.5580162829719484  lr:  1.9073486328125e-08
#epoch  268    val-loss:  0.6680282762176112  train-loss:  0.5580671709030867  lr:  1.9073486328125e-08
#epoch  269    val-loss:  0.669179524246015  train-loss:  0.557992247864604  lr:  1.9073486328125e-08
#epoch  270    val-loss:  0.6638157053997642  train-loss:  0.5580126026179641  lr:  1.9073486328125e-08
#epoch  271    val-loss:  0.670180763068952  train-loss:  0.5579890517983586  lr:  1.9073486328125e-08
#epoch  272    val-loss:  0.6663912628826342  train-loss:  0.5580097725614905  lr:  1.9073486328125e-08
#epoch  273    val-loss:  0.6659537522416366  train-loss:  0.5580107879359275  lr:  1.9073486328125e-08
#epoch  274    val-loss:  0.6658783084467838  train-loss:  0.5580825502984226  lr:  1.9073486328125e-08
#epoch  275    val-loss:  0.6678806637462816  train-loss:  0.558026926824823  lr:  1.9073486328125e-08
#epoch  276    val-loss:  0.6680241917309008  train-loss:  0.5580664286389947  lr:  1.9073486328125e-08
#epoch  277    val-loss:  0.6689796698720831  train-loss:  0.5580344209447503  lr:  1.9073486328125e-08
#epoch  278    val-loss:  0.6625883704737613  train-loss:  0.558030323125422  lr:  1.9073486328125e-08
#epoch  279    val-loss:  0.6676564655805889  train-loss:  0.557933384552598  lr:  1.9073486328125e-08
#epoch  280    val-loss:  0.6670727918022558  train-loss:  0.558003693819046  lr:  1.9073486328125e-08
#epoch  281    val-loss:  0.6656362947664762  train-loss:  0.5580978991929442  lr:  1.9073486328125e-08
#epoch  282    val-loss:  0.6693014973088315  train-loss:  0.5579697024077177  lr:  1.9073486328125e-08
#epoch  283    val-loss:  0.6686289969243502  train-loss:  0.5580714750103652  lr:  1.9073486328125e-08
#epoch  284    val-loss:  0.6672148673157943  train-loss:  0.557942345039919  lr:  1.9073486328125e-08
#epoch  285    val-loss:  0.66701550860154  train-loss:  0.5580567526631057  lr:  1.9073486328125e-08
#epoch  286    val-loss:  0.66750294911234  train-loss:  0.5579441618174314  lr:  1.9073486328125e-08
#epoch  287    val-loss:  0.6704992840164586  train-loss:  0.5580110398586839  lr:  1.9073486328125e-08
#epoch  288    val-loss:  0.6693542850644965  train-loss:  0.558091425569728  lr:  1.9073486328125e-08
#epoch  289    val-loss:  0.6654972528156481  train-loss:  0.5580501253716648  lr:  1.9073486328125e-08
#epoch  290    val-loss:  0.669204034303364  train-loss:  0.5580195896327496  lr:  1.9073486328125e-08
#epoch  291    val-loss:  0.667187866411711  train-loss:  0.5580788491060957  lr:  1.9073486328125e-08
#epoch  292    val-loss:  0.6701039013109709  train-loss:  0.5579153479775414  lr:  1.9073486328125e-08
#epoch  293    val-loss:  0.6637839800433109  train-loss:  0.5580409241374582  lr:  1.9073486328125e-08
#epoch  294    val-loss:  0.6654096779070402  train-loss:  0.558048122562468  lr:  1.9073486328125e-08
#epoch  295    val-loss:  0.6639799350186398  train-loss:  0.5580193412024528  lr:  1.9073486328125e-08
#epoch  296    val-loss:  0.6634395655832792  train-loss:  0.558090447448194  lr:  1.9073486328125e-08
#epoch  297    val-loss:  0.6668649441317508  train-loss:  0.5580300020519644  lr:  1.9073486328125e-08
#epoch  298    val-loss:  0.6658818251208255  train-loss:  0.5579321950208396  lr:  1.9073486328125e-08
#epoch  299    val-loss:  0.6681439217768217  train-loss:  0.5580154485069215  lr:  1.9073486328125e-08
#epoch  300    val-loss:  0.6634012711675543  train-loss:  0.5580933750607073  lr:  1.9073486328125e-08
#epoch  301    val-loss:  0.6675053238868713  train-loss:  0.5580449460539967  lr:  1.9073486328125e-08
#epoch  302    val-loss:  0.6649680074892546  train-loss:  0.5580188189633191  lr:  1.9073486328125e-08
#epoch  303    val-loss:  0.6646471619606018  train-loss:  0.5580246432218701  lr:  1.9073486328125e-08
#epoch  304    val-loss:  0.6671722813656455  train-loss:  0.5579960572067648  lr:  1.9073486328125e-08
#epoch  305    val-loss:  0.669112923898195  train-loss:  0.5579586210660636  lr:  1.9073486328125e-08
#epoch  306    val-loss:  0.6655940601700231  train-loss:  0.5580576562788337  lr:  1.9073486328125e-08
#epoch  307    val-loss:  0.6668892283188669  train-loss:  0.5580678167752922  lr:  1.9073486328125e-08
#epoch  308    val-loss:  0.6659961405553316  train-loss:  0.5579101720359176  lr:  1.9073486328125e-08
#epoch  309    val-loss:  0.6674800828883523  train-loss:  0.558043998433277  lr:  1.9073486328125e-08
#epoch  310    val-loss:  0.6702006804315668  train-loss:  0.5580010719131678  lr:  1.9073486328125e-08
#epoch  311    val-loss:  0.668800833978151  train-loss:  0.5579916520509869  lr:  1.9073486328125e-08
#epoch  312    val-loss:  0.6695704240547983  train-loss:  0.5579666453413665  lr:  1.9073486328125e-08
#epoch  313    val-loss:  0.6678548235642282  train-loss:  0.5580554504413158  lr:  1.9073486328125e-08
#epoch  314    val-loss:  0.6657401229205885  train-loss:  0.5580512792803347  lr:  1.9073486328125e-08
#epoch  315    val-loss:  0.6638884638485155  train-loss:  0.5580567342694849  lr:  1.9073486328125e-08
#epoch  316    val-loss:  0.6703267317069205  train-loss:  0.5579635156318545  lr:  1.9073486328125e-08
#epoch  317    val-loss:  0.6636366059905604  train-loss:  0.5580270695500076  lr:  1.9073486328125e-08
#epoch  318    val-loss:  0.6674569500120062  train-loss:  0.5579426968470216  lr:  1.9073486328125e-08
#epoch  319    val-loss:  0.6696493625640869  train-loss:  0.5580888385884464  lr:  1.9073486328125e-08
#epoch  320    val-loss:  0.6658360895357633  train-loss:  0.5578997624106705  lr:  1.9073486328125e-08
#epoch  321    val-loss:  0.6689372470504359  train-loss:  0.5579604813829064  lr:  1.9073486328125e-08
#epoch  322    val-loss:  0.6672930780209994  train-loss:  0.5580284837633371  lr:  1.9073486328125e-08
#epoch  323    val-loss:  0.6653708439124258  train-loss:  0.5580624137073755  lr:  1.9073486328125e-08
#epoch  324    val-loss:  0.6653369884741934  train-loss:  0.5580145248677582  lr:  1.9073486328125e-08
#epoch  325    val-loss:  0.6669528296119288  train-loss:  0.5580524792894721  lr:  1.9073486328125e-08
#epoch  326    val-loss:  0.6681410482055262  train-loss:  0.5580284099560231  lr:  1.9073486328125e-08
#epoch  327    val-loss:  0.6679181644791051  train-loss:  0.5579990549013019  lr:  1.9073486328125e-08
#epoch  328    val-loss:  0.6665176498262506  train-loss:  0.5580104577820748  lr:  1.9073486328125e-08
#epoch  329    val-loss:  0.6650852435513547  train-loss:  0.5580117406789213  lr:  1.9073486328125e-08
#epoch  330    val-loss:  0.6679866564901251  train-loss:  0.5580253747757524  lr:  1.9073486328125e-08
#epoch  331    val-loss:  0.6699682285911158  train-loss:  0.5579766014125198  lr:  1.9073486328125e-08
#epoch  332    val-loss:  0.6642694692862662  train-loss:  0.5580158582888544  lr:  1.9073486328125e-08
#epoch  333    val-loss:  0.6668225809147483  train-loss:  0.5580069441348314  lr:  1.9073486328125e-08
#epoch  334    val-loss:  0.6674119045859889  train-loss:  0.5580299363937229  lr:  1.9073486328125e-08
#epoch  335    val-loss:  0.6653706996064437  train-loss:  0.5580885473173112  lr:  1.9073486328125e-08
#epoch  336    val-loss:  0.6681465412441053  train-loss:  0.5580186734441668  lr:  1.9073486328125e-08
#epoch  337    val-loss:  0.6678387867776971  train-loss:  0.5580618190579116  lr:  1.9073486328125e-08
#epoch  338    val-loss:  0.6674708473054987  train-loss:  0.5579200268257409  lr:  1.9073486328125e-08
#epoch  339    val-loss:  0.6669708427629972  train-loss:  0.558042542077601  lr:  1.9073486328125e-08
#epoch  340    val-loss:  0.6659708023071289  train-loss:  0.5580812494736165  lr:  1.9073486328125e-08
#epoch  341    val-loss:  0.6680515973191512  train-loss:  0.5580027683172375  lr:  1.9073486328125e-08
#epoch  342    val-loss:  0.6679360113645855  train-loss:  0.5581140364520252  lr:  1.9073486328125e-08
#epoch  343    val-loss:  0.6632341711144698  train-loss:  0.5579917642753571  lr:  1.9073486328125e-08
#epoch  344    val-loss:  0.6681006895868402  train-loss:  0.5580881976056844  lr:  1.9073486328125e-08
#epoch  345    val-loss:  0.6632440529371563  train-loss:  0.5580010144039989  lr:  1.9073486328125e-08
#epoch  346    val-loss:  0.6629802208197745  train-loss:  0.55811224761419  lr:  1.9073486328125e-08
#epoch  347    val-loss:  0.6663902872487119  train-loss:  0.5580205840524286  lr:  1.9073486328125e-08
#epoch  348    val-loss:  0.6670396735793666  train-loss:  0.558015049668029  lr:  1.9073486328125e-08
#epoch  349    val-loss:  0.6674830537093314  train-loss:  0.5581156413536519  lr:  1.9073486328125e-08
#epoch  350    val-loss:  0.6659387977499711  train-loss:  0.5579808838665485  lr:  1.9073486328125e-08
#epoch  351    val-loss:  0.663719864268052  train-loss:  0.5578773622401059  lr:  1.9073486328125e-08
#epoch  352    val-loss:  0.6663761138916016  train-loss:  0.5579685615375638  lr:  1.9073486328125e-08
#epoch  353    val-loss:  0.6690428068763331  train-loss:  0.557950341142714  lr:  1.9073486328125e-08
#epoch  354    val-loss:  0.6673238622514825  train-loss:  0.5580815291032195  lr:  1.9073486328125e-08
#epoch  355    val-loss:  0.6649551077892906  train-loss:  0.5579540352337062  lr:  1.9073486328125e-08
#epoch  356    val-loss:  0.6674016714096069  train-loss:  0.5580418782774359  lr:  1.9073486328125e-08
#epoch  357    val-loss:  0.6682684484281038  train-loss:  0.558040055911988  lr:  1.9073486328125e-08
#epoch  358    val-loss:  0.6692571326305992  train-loss:  0.5579401603899896  lr:  1.9073486328125e-08
#epoch  359    val-loss:  0.6666833758354187  train-loss:  0.5580690340138972  lr:  1.9073486328125e-08
#epoch  360    val-loss:  0.6671709669263739  train-loss:  0.5579105317592621  lr:  1.9073486328125e-08
#epoch  361    val-loss:  0.6656841510220578  train-loss:  0.5580715928226709  lr:  1.9073486328125e-08
#epoch  362    val-loss:  0.6647789948864987  train-loss:  0.5580267463810742  lr:  1.9073486328125e-08
#epoch  363    val-loss:  0.6683025736557809  train-loss:  0.5581527634058148  lr:  1.9073486328125e-08
#epoch  364    val-loss:  0.6694966899721246  train-loss:  0.558006054488942  lr:  1.9073486328125e-08
#epoch  365    val-loss:  0.6682050416344091  train-loss:  0.5579854815732688  lr:  1.9073486328125e-08
#epoch  366    val-loss:  0.6683190841423837  train-loss:  0.5580145148560405  lr:  1.9073486328125e-08
#epoch  367    val-loss:  0.6673202765615363  train-loss:  0.557982299476862  lr:  1.9073486328125e-08
#epoch  368    val-loss:  0.6636068099423459  train-loss:  0.5579597901087254  lr:  1.9073486328125e-08
#epoch  369    val-loss:  0.6663485608602825  train-loss:  0.55801250343211  lr:  1.9073486328125e-08
#epoch  370    val-loss:  0.6682199239730835  train-loss:  0.5580336807761341  lr:  1.9073486328125e-08
#epoch  371    val-loss:  0.6677531098064623  train-loss:  0.558055599918589  lr:  1.9073486328125e-08
#epoch  372    val-loss:  0.6694743633270264  train-loss:  0.5581012063194066  lr:  1.9073486328125e-08
#epoch  373    val-loss:  0.6666064764323988  train-loss:  0.5580030353739858  lr:  1.9073486328125e-08
#epoch  374    val-loss:  0.6654560158127233  train-loss:  0.5581034335773438  lr:  1.9073486328125e-08
#epoch  375    val-loss:  0.6669165617541263  train-loss:  0.5579235150944442  lr:  1.9073486328125e-08
#epoch  376    val-loss:  0.663808286190033  train-loss:  0.5580292115919292  lr:  1.9073486328125e-08
#epoch  377    val-loss:  0.6670380234718323  train-loss:  0.5578806871781126  lr:  1.9073486328125e-08
#epoch  378    val-loss:  0.6685824707934731  train-loss:  0.55801100586541  lr:  1.9073486328125e-08
#epoch  379    val-loss:  0.6688920447700902  train-loss:  0.5580120217055082  lr:  1.9073486328125e-08
#epoch  380    val-loss:  0.6657602536050897  train-loss:  0.5579737240914255  lr:  1.9073486328125e-08
#epoch  381    val-loss:  0.6681672679750543  train-loss:  0.5580633848439902  lr:  1.9073486328125e-08
#epoch  382    val-loss:  0.6647973562541761  train-loss:  0.5579730658791959  lr:  1.9073486328125e-08
#epoch  383    val-loss:  0.6667325433931852  train-loss:  0.5579501697793603  lr:  1.9073486328125e-08
#epoch  384    val-loss:  0.6656545494732103  train-loss:  0.5580448303371668  lr:  1.9073486328125e-08
#epoch  385    val-loss:  0.664570130799946  train-loss:  0.5579762235283852  lr:  1.9073486328125e-08
#epoch  386    val-loss:  0.6686077212032518  train-loss:  0.5580503784585744  lr:  1.9073486328125e-08
#epoch  387    val-loss:  0.663394548391041  train-loss:  0.5579474726691842  lr:  1.9073486328125e-08
#epoch  388    val-loss:  0.6657060667088157  train-loss:  0.5579856024123728  lr:  1.9073486328125e-08
#epoch  389    val-loss:  0.6644856835666456  train-loss:  0.558115521678701  lr:  1.9073486328125e-08
#epoch  390    val-loss:  0.667281825291483  train-loss:  0.5579621921060607  lr:  1.9073486328125e-08
#epoch  391    val-loss:  0.6638028684415316  train-loss:  0.5579618066549301  lr:  1.9073486328125e-08
#epoch  392    val-loss:  0.6669557784733019  train-loss:  0.5580056284088641  lr:  1.9073486328125e-08
#epoch  393    val-loss:  0.6641839491693597  train-loss:  0.5580462659709156  lr:  1.9073486328125e-08
#epoch  394    val-loss:  0.6699240427268179  train-loss:  0.5580103846732527  lr:  1.9073486328125e-08
#epoch  395    val-loss:  0.668539894254584  train-loss:  0.5580321168527007  lr:  1.9073486328125e-08
#epoch  396    val-loss:  0.6654301881790161  train-loss:  0.5579920471645892  lr:  1.9073486328125e-08
#epoch  397    val-loss:  0.6649964671385916  train-loss:  0.5580750631634146  lr:  1.9073486328125e-08
#epoch  398    val-loss:  0.6692914021642584  train-loss:  0.5579624080564827  lr:  1.9073486328125e-08
#epoch  399    val-loss:  0.6651465767308286  train-loss:  0.5579468884970993  lr:  1.9073486328125e-08
#epoch  400    val-loss:  0.6657061137651142  train-loss:  0.5579933589324355  lr:  1.9073486328125e-08
#epoch  401    val-loss:  0.6652890694768805  train-loss:  0.5580450913403183  lr:  1.9073486328125e-08
#epoch  402    val-loss:  0.6647720368284928  train-loss:  0.5579476689454168  lr:  1.9073486328125e-08
#epoch  403    val-loss:  0.6692252253231249  train-loss:  0.5579213695600629  lr:  1.9073486328125e-08
#epoch  404    val-loss:  0.6698643784773978  train-loss:  0.5581252099946141  lr:  1.9073486328125e-08
#epoch  405    val-loss:  0.6676683394532454  train-loss:  0.5579679494258016  lr:  1.9073486328125e-08
#epoch  406    val-loss:  0.6700476941309477  train-loss:  0.5579678646754473  lr:  1.9073486328125e-08
#epoch  407    val-loss:  0.6681176737735146  train-loss:  0.5580095332115889  lr:  1.9073486328125e-08
#epoch  408    val-loss:  0.6632499600711622  train-loss:  0.5581340296193957  lr:  1.9073486328125e-08
#epoch  409    val-loss:  0.664523720741272  train-loss:  0.5579639310017228  lr:  1.9073486328125e-08
#epoch  410    val-loss:  0.664232799881383  train-loss:  0.5579240557271987  lr:  1.9073486328125e-08
#epoch  411    val-loss:  0.6633995865520678  train-loss:  0.5580550702288747  lr:  1.9073486328125e-08
#epoch  412    val-loss:  0.6685991883277893  train-loss:  0.5580850928090513  lr:  1.9073486328125e-08
#epoch  413    val-loss:  0.6668428715906645  train-loss:  0.5578839811496437  lr:  1.9073486328125e-08
#epoch  414    val-loss:  0.6685846573428104  train-loss:  0.5580089977011085  lr:  1.9073486328125e-08
#epoch  415    val-loss:  0.6665076017379761  train-loss:  0.5581223955377936  lr:  1.9073486328125e-08
#epoch  416    val-loss:  0.6675791489450555  train-loss:  0.5580289294011891  lr:  1.9073486328125e-08
#epoch  417    val-loss:  0.6656413109678971  train-loss:  0.5580313478130847  lr:  1.9073486328125e-08
#epoch  418    val-loss:  0.6697923886148553  train-loss:  0.5580768345389515  lr:  1.9073486328125e-08
#epoch  419    val-loss:  0.6673186891957333  train-loss:  0.5579950974788517  lr:  1.9073486328125e-08
#epoch  420    val-loss:  0.6689721377272355  train-loss:  0.5580638356041163  lr:  1.9073486328125e-08
#epoch  421    val-loss:  0.6665773799544886  train-loss:  0.5579710968304425  lr:  1.9073486328125e-08
#epoch  422    val-loss:  0.665578117496089  train-loss:  0.5579510992392898  lr:  1.9073486328125e-08
#epoch  423    val-loss:  0.6692071086481998  train-loss:  0.5580522222444415  lr:  1.9073486328125e-08
#epoch  424    val-loss:  0.6695009375873365  train-loss:  0.5580285037867725  lr:  1.9073486328125e-08
#epoch  425    val-loss:  0.666616461778942  train-loss:  0.5579263127874583  lr:  1.9073486328125e-08
#epoch  426    val-loss:  0.6626473006449247  train-loss:  0.5580577484797686  lr:  1.9073486328125e-08
#epoch  427    val-loss:  0.668367790548425  train-loss:  0.5579503157641739  lr:  1.9073486328125e-08
#epoch  428    val-loss:  0.6694045662879944  train-loss:  0.5580500529613346  lr:  1.9073486328125e-08
#epoch  429    val-loss:  0.6666933298110962  train-loss:  0.5580135353375226  lr:  1.9073486328125e-08
#epoch  430    val-loss:  0.6678311040526942  train-loss:  0.5579439168795943  lr:  1.9073486328125e-08
#epoch  431    val-loss:  0.6656490909425836  train-loss:  0.5579390800558031  lr:  1.9073486328125e-08
#epoch  432    val-loss:  0.6705119421607569  train-loss:  0.5579917496070266  lr:  1.9073486328125e-08
#epoch  433    val-loss:  0.6668022620050531  train-loss:  0.5581630964297801  lr:  1.9073486328125e-08
#epoch  434    val-loss:  0.6666868203564694  train-loss:  0.5580699625425041  lr:  1.9073486328125e-08
#epoch  435    val-loss:  0.6662939473202354  train-loss:  0.5581917287781835  lr:  1.9073486328125e-08
#epoch  436    val-loss:  0.6677009149601585  train-loss:  0.5579456489067525  lr:  1.9073486328125e-08
#epoch  437    val-loss:  0.6641393429354617  train-loss:  0.5580868273973465  lr:  1.9073486328125e-08
#epoch  438    val-loss:  0.6678464538172671  train-loss:  0.5580603705020621  lr:  1.9073486328125e-08
#epoch  439    val-loss:  0.6699065064129076  train-loss:  0.558013474335894  lr:  1.9073486328125e-08
#epoch  440    val-loss:  0.666626164787694  train-loss:  0.5580173716880381  lr:  1.9073486328125e-08
#epoch  441    val-loss:  0.6665947186319452  train-loss:  0.557937182020396  lr:  1.9073486328125e-08
#epoch  442    val-loss:  0.6687134786656028  train-loss:  0.557925819652155  lr:  1.9073486328125e-08
#epoch  443    val-loss:  0.6653812308060495  train-loss:  0.5580959359649569  lr:  1.9073486328125e-08
#epoch  444    val-loss:  0.6677830972169575  train-loss:  0.5579904622863978  lr:  1.9073486328125e-08
#epoch  445    val-loss:  0.66623581396906  train-loss:  0.5579863816965371  lr:  1.9073486328125e-08
#epoch  446    val-loss:  0.6664968791760897  train-loss:  0.5581027900334448  lr:  1.9073486328125e-08
#epoch  447    val-loss:  0.6683962439235888  train-loss:  0.5579538985621184  lr:  1.9073486328125e-08
#epoch  448    val-loss:  0.6682330307207609  train-loss:  0.5579387738835067  lr:  1.9073486328125e-08
#epoch  449    val-loss:  0.6651724514208341  train-loss:  0.5579940853640437  lr:  1.9073486328125e-08
#epoch  450    val-loss:  0.6677841763747366  train-loss:  0.5580366665963084  lr:  1.9073486328125e-08
#epoch  451    val-loss:  0.6652891322186119  train-loss:  0.557921813800931  lr:  1.9073486328125e-08
#epoch  452    val-loss:  0.6646175572746679  train-loss:  0.5581928312312812  lr:  1.9073486328125e-08
#epoch  453    val-loss:  0.6684701599572834  train-loss:  0.5580463830847293  lr:  1.9073486328125e-08
#epoch  454    val-loss:  0.6685267812327335  train-loss:  0.5580212031491101  lr:  1.9073486328125e-08
#epoch  455    val-loss:  0.6648029339940924  train-loss:  0.5580064132809639  lr:  1.9073486328125e-08
#epoch  456    val-loss:  0.6695610378917894  train-loss:  0.5580606642179191  lr:  1.9073486328125e-08
#epoch  457    val-loss:  0.6674755937174747  train-loss:  0.5580690621864051  lr:  1.9073486328125e-08
#epoch  458    val-loss:  0.6649772336608485  train-loss:  0.5581573508679867  lr:  1.9073486328125e-08
#epoch  459    val-loss:  0.664422311280903  train-loss:  0.5580355355050415  lr:  1.9073486328125e-08
#epoch  460    val-loss:  0.6676231434470729  train-loss:  0.5579974388238043  lr:  1.9073486328125e-08
#epoch  461    val-loss:  0.6661780947133115  train-loss:  0.5579552040435374  lr:  1.9073486328125e-08
#epoch  462    val-loss:  0.6680266229729903  train-loss:  0.5579995198640972  lr:  1.9073486328125e-08
#epoch  463    val-loss:  0.6672635329397101  train-loss:  0.5580441220663488  lr:  1.9073486328125e-08
#epoch  464    val-loss:  0.6652400336767498  train-loss:  0.5579248751746491  lr:  1.9073486328125e-08
#epoch  465    val-loss:  0.6671827121784812  train-loss:  0.5579917600844055  lr:  1.9073486328125e-08
#epoch  466    val-loss:  0.6635284643424185  train-loss:  0.5580390328541398  lr:  1.9073486328125e-08
#epoch  467    val-loss:  0.6668991697461981  train-loss:  0.5580753681715578  lr:  1.9073486328125e-08
#epoch  468    val-loss:  0.6681098498796162  train-loss:  0.5579574916046113  lr:  1.9073486328125e-08
#epoch  469    val-loss:  0.6694053944788481  train-loss:  0.5580125544220209  lr:  1.9073486328125e-08
#epoch  470    val-loss:  0.6650083472854212  train-loss:  0.5578925248701125  lr:  1.9073486328125e-08
#epoch  471    val-loss:  0.6678766263158697  train-loss:  0.5580384549684823  lr:  1.9073486328125e-08
#epoch  472    val-loss:  0.6663959496899655  train-loss:  0.5580601519905031  lr:  1.9073486328125e-08
#epoch  473    val-loss:  0.6654930459825616  train-loss:  0.5580010805279016  lr:  1.9073486328125e-08
#epoch  474    val-loss:  0.6690426719816107  train-loss:  0.5580449847038835  lr:  1.9073486328125e-08
#epoch  475    val-loss:  0.6635298258379886  train-loss:  0.5581193529069424  lr:  1.9073486328125e-08
#epoch  476    val-loss:  0.6695407095708346  train-loss:  0.5578756665345281  lr:  1.9073486328125e-08
#epoch  477    val-loss:  0.6662573124233045  train-loss:  0.5579240956576541  lr:  1.9073486328125e-08
#epoch  478    val-loss:  0.6668165326118469  train-loss:  0.5579343275167048  lr:  1.9073486328125e-08
#epoch  479    val-loss:  0.664664836306321  train-loss:  0.5579527254449204  lr:  1.9073486328125e-08
#epoch  480    val-loss:  0.6678776772398698  train-loss:  0.5579542103223503  lr:  1.9073486328125e-08
#epoch  481    val-loss:  0.6688891210054096  train-loss:  0.5581552865915  lr:  1.9073486328125e-08
#epoch  482    val-loss:  0.6670072298300894  train-loss:  0.5579965715296566  lr:  1.9073486328125e-08
#epoch  483    val-loss:  0.6650948806812889  train-loss:  0.5579809925984591  lr:  1.9073486328125e-08
#epoch  484    val-loss:  0.6675842937670255  train-loss:  0.5580253356602043  lr:  1.9073486328125e-08
#epoch  485    val-loss:  0.666982678990615  train-loss:  0.5580417562741786  lr:  1.9073486328125e-08
#epoch  486    val-loss:  0.6669162825534218  train-loss:  0.5579484717454761  lr:  1.9073486328125e-08
#epoch  487    val-loss:  0.6649216068418402  train-loss:  0.5580288995988667  lr:  1.9073486328125e-08
#epoch  488    val-loss:  0.6685934537335446  train-loss:  0.5580782557372004  lr:  1.9073486328125e-08
#epoch  489    val-loss:  0.6632300646681535  train-loss:  0.5580611159093678  lr:  1.9073486328125e-08
#epoch  490    val-loss:  0.6659476161003113  train-loss:  0.5580899922642857  lr:  1.9073486328125e-08
#epoch  491    val-loss:  0.6672828919009158  train-loss:  0.5580929841380566  lr:  1.9073486328125e-08
#epoch  492    val-loss:  0.6637804445467497  train-loss:  0.5579922023462132  lr:  1.9073486328125e-08
#epoch  493    val-loss:  0.666046606866937  train-loss:  0.5579796158708632  lr:  1.9073486328125e-08
#epoch  494    val-loss:  0.6670601775771693  train-loss:  0.5580625175498426  lr:  1.9073486328125e-08
#epoch  495    val-loss:  0.6666837836566725  train-loss:  0.5579978772439063  lr:  1.9073486328125e-08
#epoch  496    val-loss:  0.6677994037929335  train-loss:  0.5580890513956547  lr:  1.9073486328125e-08
#epoch  497    val-loss:  0.664351319011889  train-loss:  0.5580809866078198  lr:  1.9073486328125e-08
#epoch  498    val-loss:  0.6648779135001334  train-loss:  0.5580049157142639  lr:  1.9073486328125e-08
#epoch  499    val-loss:  0.6663015610293338  train-loss:  0.5579419815912843  lr:  1.9073486328125e-08
