model f9b212578bea8251a455039c85ae6649b642fd16022bd152b55462a6 state_dict has not been found
Model was not found
torch.cuda.is_available():	 True
runargs:	 Namespace(co2=False, depth=181.0, disp=-1, domain='global', epoch=0, latitude=False, linsupres=True, lossfun='MSE', lr=0.01, lsrp_span=12, maxepoch=500, minibatch=4, mode='train', normalization='standard', num_workers=40, parts=[1, 1], persistent_workers=False, prefetch_factor=1, relog=True, rerun=True, sanity=False, sigma=8, temperature=True)
data_address /scratch/zanna/data/cm2.6/coarse_8_beneath_surface.zarr
using device: cuda:0
epochs started
#epoch  0    val-loss:  1.4724725484848022  train-loss:  1.8542585596442223  lr:  0.01
#epoch  1    val-loss:  1.0014464886564958  train-loss:  1.105087153147906  lr:  0.01
#epoch  2    val-loss:  0.8550354995225605  train-loss:  0.8183168501127511  lr:  0.01
#epoch  3    val-loss:  0.7539054123978866  train-loss:  0.7119763905648142  lr:  0.01
#epoch  4    val-loss:  0.7018587683376513  train-loss:  0.6604507381562144  lr:  0.01
#epoch  5    val-loss:  0.6893921996417799  train-loss:  0.6296599409542978  lr:  0.01
#epoch  6    val-loss:  0.6524217818912706  train-loss:  0.6016502175480127  lr:  0.01
#epoch  7    val-loss:  0.6394665523579246  train-loss:  0.5818211720325053  lr:  0.01
#epoch  8    val-loss:  0.6332254064710516  train-loss:  0.5649310675216839  lr:  0.01
#epoch  9    val-loss:  0.6184391128389459  train-loss:  0.5502470387145877  lr:  0.01
#epoch  10    val-loss:  0.6261931438195077  train-loss:  0.5391985562164336  lr:  0.01
#epoch  11    val-loss:  0.6119015248198258  train-loss:  0.5259866614360362  lr:  0.01
#epoch  12    val-loss:  0.5940026515408566  train-loss:  0.5163367823697627  lr:  0.01
#epoch  13    val-loss:  0.5804735453505265  train-loss:  0.5078888211864978  lr:  0.01
#epoch  14    val-loss:  0.5780650753723947  train-loss:  0.5005581002915278  lr:  0.01
#epoch  15    val-loss:  0.5912512634929857  train-loss:  0.4944115848047659  lr:  0.01
#epoch  16    val-loss:  0.5645385008109244  train-loss:  0.4865275628399104  lr:  0.01
#epoch  17    val-loss:  0.5712009793833682  train-loss:  0.479511916753836  lr:  0.01
#epoch  18    val-loss:  0.5562633809290434  train-loss:  0.4728771324735135  lr:  0.01
#epoch  19    val-loss:  0.5959286125082719  train-loss:  0.46794956538360566  lr:  0.01
#epoch  20    val-loss:  0.5611498826428464  train-loss:  0.4627696854295209  lr:  0.01
#epoch  21    val-loss:  0.5487162941380551  train-loss:  0.45813536550849676  lr:  0.01
#epoch  22    val-loss:  0.5655322043519271  train-loss:  0.45437535911332816  lr:  0.01
#epoch  23    val-loss:  0.5329000385184037  train-loss:  0.4502551625482738  lr:  0.01
#epoch  24    val-loss:  0.5410113115059701  train-loss:  0.4467443465255201  lr:  0.01
#epoch  25    val-loss:  0.5257789947484669  train-loss:  0.44456733914557844  lr:  0.01
#epoch  26    val-loss:  0.5430148526241905  train-loss:  0.4386928053572774  lr:  0.01
#epoch  27    val-loss:  0.5559657278813814  train-loss:  0.43606733821798116  lr:  0.01
#epoch  28    val-loss:  0.5328635824354071  train-loss:  0.43487936595920473  lr:  0.01
#epoch  29    val-loss:  0.5146399265841434  train-loss:  0.4108399843098596  lr:  0.005
#epoch  30    val-loss:  0.5157213367913899  train-loss:  0.40740813862066716  lr:  0.005
#epoch  31    val-loss:  0.4985160984491047  train-loss:  0.40608605393208563  lr:  0.005
#epoch  32    val-loss:  0.5144565764226412  train-loss:  0.4054399218875915  lr:  0.005
#epoch  33    val-loss:  0.5112942692480589  train-loss:  0.4039254527306184  lr:  0.005
#epoch  34    val-loss:  0.5111074494688135  train-loss:  0.40186411247123033  lr:  0.005
#epoch  35    val-loss:  0.49164419111452606  train-loss:  0.3895311689702794  lr:  0.0025
#epoch  36    val-loss:  0.49303946526427017  train-loss:  0.3877859538188204  lr:  0.0025
#epoch  37    val-loss:  0.49396478659228277  train-loss:  0.38698711222968996  lr:  0.0025
#epoch  38    val-loss:  0.49567901931310954  train-loss:  0.38609342521522194  lr:  0.0025
#epoch  39    val-loss:  0.49138828170926946  train-loss:  0.3793953206622973  lr:  0.00125
#epoch  40    val-loss:  0.49003813611833674  train-loss:  0.37843162508215755  lr:  0.00125
#epoch  41    val-loss:  0.4899453081582722  train-loss:  0.37797521194443107  lr:  0.00125
#epoch  42    val-loss:  0.49464203338874013  train-loss:  0.37740792497061193  lr:  0.00125
#epoch  43    val-loss:  0.49037209937446996  train-loss:  0.3769293223740533  lr:  0.00125
#epoch  44    val-loss:  0.48942424905927556  train-loss:  0.3763262847205624  lr:  0.00125
#epoch  45    val-loss:  0.48998708160300003  train-loss:  0.3758285864023492  lr:  0.00125
#epoch  46    val-loss:  0.49068793654441833  train-loss:  0.37535904441028833  lr:  0.00125
#epoch  47    val-loss:  0.4894506774450603  train-loss:  0.3748613412026316  lr:  0.00125
#epoch  48    val-loss:  0.48728285965166596  train-loss:  0.37105291604530066  lr:  0.000625
#epoch  49    val-loss:  0.487517596859681  train-loss:  0.3705944011453539  lr:  0.000625
#epoch  50    val-loss:  0.49003413633296367  train-loss:  0.37021018797531724  lr:  0.000625
#epoch  51    val-loss:  0.488863667375163  train-loss:  0.3701375682139769  lr:  0.000625
#epoch  52    val-loss:  0.4879043337545897  train-loss:  0.368108248221688  lr:  0.0003125
#epoch  53    val-loss:  0.48888504975720454  train-loss:  0.3678640335565433  lr:  0.0003125
#epoch  54    val-loss:  0.484346457217869  train-loss:  0.3676701254444197  lr:  0.0003125
#epoch  55    val-loss:  0.4866899957782344  train-loss:  0.3675373364239931  lr:  0.0003125
#epoch  56    val-loss:  0.48886042833328247  train-loss:  0.3674050121335313  lr:  0.0003125
#epoch  57    val-loss:  0.4856911662377809  train-loss:  0.3672270632814616  lr:  0.0003125
#epoch  58    val-loss:  0.4875508672312686  train-loss:  0.3661416337126866  lr:  0.00015625
#epoch  59    val-loss:  0.48826902791073445  train-loss:  0.3659921052167192  lr:  0.00015625
#epoch  60    val-loss:  0.4875114748352452  train-loss:  0.36599690990988165  lr:  0.00015625
#epoch  61    val-loss:  0.4878008977362984  train-loss:  0.36540008964948356  lr:  7.8125e-05
#epoch  62    val-loss:  0.48479695539725454  train-loss:  0.36527006700634956  lr:  7.8125e-05
#epoch  63    val-loss:  0.48796919929353816  train-loss:  0.3653416996821761  lr:  7.8125e-05
#epoch  64    val-loss:  0.4877421573588723  train-loss:  0.3649132555583492  lr:  3.90625e-05
#epoch  65    val-loss:  0.486011803150177  train-loss:  0.3649816291872412  lr:  3.90625e-05
#epoch  66    val-loss:  0.48802870041445684  train-loss:  0.36486512632109225  lr:  3.90625e-05
#epoch  67    val-loss:  0.486075244451824  train-loss:  0.36464884085580707  lr:  1.953125e-05
#epoch  68    val-loss:  0.4858654643359937  train-loss:  0.3646800449350849  lr:  1.953125e-05
#epoch  69    val-loss:  0.4865822462659133  train-loss:  0.3647057678317651  lr:  1.953125e-05
#epoch  70    val-loss:  0.4883685472764467  train-loss:  0.3645968718919903  lr:  9.765625e-06
#epoch  71    val-loss:  0.4852924833172246  train-loss:  0.36462657304946333  lr:  9.765625e-06
#epoch  72    val-loss:  0.4870797364335311  train-loss:  0.36463355005253106  lr:  9.765625e-06
#epoch  73    val-loss:  0.4871381740821035  train-loss:  0.36461754178162664  lr:  4.8828125e-06
#epoch  74    val-loss:  0.4886396464548613  train-loss:  0.36453261016868055  lr:  4.8828125e-06
#epoch  75    val-loss:  0.4863455672013132  train-loss:  0.3645655532600358  lr:  4.8828125e-06
#epoch  76    val-loss:  0.4875672255691729  train-loss:  0.36453839007299393  lr:  2.44140625e-06
#epoch  77    val-loss:  0.48485232183807775  train-loss:  0.36459369328804314  lr:  2.44140625e-06
#epoch  78    val-loss:  0.484492174888912  train-loss:  0.36453310714568943  lr:  2.44140625e-06
#epoch  79    val-loss:  0.48650622211004557  train-loss:  0.3644882863154635  lr:  1.220703125e-06
#epoch  80    val-loss:  0.4850493340115798  train-loss:  0.36451125459279865  lr:  1.220703125e-06
#epoch  81    val-loss:  0.4886467174479836  train-loss:  0.3645146678900346  lr:  1.220703125e-06
#epoch  82    val-loss:  0.48365221525493424  train-loss:  0.3644925414118916  lr:  6.103515625e-07
#epoch  83    val-loss:  0.48801418825199727  train-loss:  0.36458093160763383  lr:  6.103515625e-07
#epoch  84    val-loss:  0.48609879769777  train-loss:  0.3645066657336429  lr:  6.103515625e-07
#epoch  85    val-loss:  0.4863588888394205  train-loss:  0.3645231619011611  lr:  6.103515625e-07
#epoch  86    val-loss:  0.4838787960378747  train-loss:  0.3644742735195905  lr:  3.0517578125e-07
#epoch  87    val-loss:  0.4856904854899959  train-loss:  0.3644651436479762  lr:  3.0517578125e-07
#epoch  88    val-loss:  0.48669992152013275  train-loss:  0.3644914416363463  lr:  3.0517578125e-07
#epoch  89    val-loss:  0.48755933265937  train-loss:  0.36446857010014355  lr:  1.52587890625e-07
#epoch  90    val-loss:  0.4861218505784085  train-loss:  0.3644773893756792  lr:  1.52587890625e-07
#epoch  91    val-loss:  0.48597806692123413  train-loss:  0.36453408177476376  lr:  1.52587890625e-07
#epoch  92    val-loss:  0.4863802492618561  train-loss:  0.3645435260841623  lr:  7.62939453125e-08
#epoch  93    val-loss:  0.48629841365312276  train-loss:  0.36457021499518305  lr:  7.62939453125e-08
#epoch  94    val-loss:  0.4845560663624814  train-loss:  0.36449580162297934  lr:  7.62939453125e-08
#epoch  95    val-loss:  0.4868379815628654  train-loss:  0.3645111077930778  lr:  3.814697265625e-08
#epoch  96    val-loss:  0.48730273780069855  train-loss:  0.3645623963093385  lr:  3.814697265625e-08
#epoch  97    val-loss:  0.4864204541633004  train-loss:  0.36456012167036533  lr:  3.814697265625e-08
#epoch  98    val-loss:  0.4866300272314172  train-loss:  0.36444898368790746  lr:  1.9073486328125e-08
#epoch  99    val-loss:  0.48568231651657506  train-loss:  0.36455669277347624  lr:  1.9073486328125e-08
#epoch  100    val-loss:  0.48484042443727193  train-loss:  0.3644882763037458  lr:  1.9073486328125e-08
#epoch  101    val-loss:  0.48658091614120885  train-loss:  0.3645092035876587  lr:  1.9073486328125e-08
#epoch  102    val-loss:  0.4863539259684713  train-loss:  0.3645361844683066  lr:  1.9073486328125e-08
#epoch  103    val-loss:  0.48727741523792867  train-loss:  0.3644740773597732  lr:  1.9073486328125e-08
#epoch  104    val-loss:  0.4852964109496066  train-loss:  0.3644731077365577  lr:  1.9073486328125e-08
#epoch  105    val-loss:  0.4861815414930645  train-loss:  0.3645216414006427  lr:  1.9073486328125e-08
#epoch  106    val-loss:  0.4876223300632678  train-loss:  0.3645697033498436  lr:  1.9073486328125e-08
#epoch  107    val-loss:  0.48653643695931686  train-loss:  0.36452677194029093  lr:  1.9073486328125e-08
#epoch  108    val-loss:  0.48611067627605636  train-loss:  0.36450285790488124  lr:  1.9073486328125e-08
#epoch  109    val-loss:  0.48533010482788086  train-loss:  0.3645261055789888  lr:  1.9073486328125e-08
#epoch  110    val-loss:  0.4872288123557442  train-loss:  0.3644843311049044  lr:  1.9073486328125e-08
#epoch  111    val-loss:  0.48548786420571177  train-loss:  0.3645677933236584  lr:  1.9073486328125e-08
#epoch  112    val-loss:  0.48547165331087616  train-loss:  0.3645127017516643  lr:  1.9073486328125e-08
#epoch  113    val-loss:  0.4856215056620146  train-loss:  0.3644663547165692  lr:  1.9073486328125e-08
#epoch  114    val-loss:  0.4864321696130853  train-loss:  0.364517318084836  lr:  1.9073486328125e-08
#epoch  115    val-loss:  0.48770058782477127  train-loss:  0.3645144785987213  lr:  1.9073486328125e-08
#epoch  116    val-loss:  0.48850226559137044  train-loss:  0.3644986415747553  lr:  1.9073486328125e-08
#epoch  117    val-loss:  0.4883682241565303  train-loss:  0.36452666600234807  lr:  1.9073486328125e-08
#epoch  118    val-loss:  0.4866689851409511  train-loss:  0.364520127302967  lr:  1.9073486328125e-08
#epoch  119    val-loss:  0.484630391785973  train-loss:  0.3645458265673369  lr:  1.9073486328125e-08
#epoch  120    val-loss:  0.4873504073996293  train-loss:  0.36445551342330873  lr:  1.9073486328125e-08
#epoch  121    val-loss:  0.4863379236898924  train-loss:  0.3644524075789377  lr:  1.9073486328125e-08
#epoch  122    val-loss:  0.4845118177564521  train-loss:  0.36456080875359476  lr:  1.9073486328125e-08
#epoch  123    val-loss:  0.4850909098198539  train-loss:  0.3644525355193764  lr:  1.9073486328125e-08
#epoch  124    val-loss:  0.4856040305212924  train-loss:  0.3644295474514365  lr:  1.9073486328125e-08
#epoch  125    val-loss:  0.4863940900877902  train-loss:  0.3645882090786472  lr:  1.9073486328125e-08
#epoch  126    val-loss:  0.4843233776719947  train-loss:  0.36451368092093617  lr:  1.9073486328125e-08
#epoch  127    val-loss:  0.48792287079911484  train-loss:  0.36453771963715553  lr:  1.9073486328125e-08
#epoch  128    val-loss:  0.48461005405375834  train-loss:  0.36449278926011175  lr:  1.9073486328125e-08
#epoch  129    val-loss:  0.48734189177814285  train-loss:  0.3644631712231785  lr:  1.9073486328125e-08
#epoch  130    val-loss:  0.4873569231284292  train-loss:  0.36445958190597594  lr:  1.9073486328125e-08
#epoch  131    val-loss:  0.4872557128730573  train-loss:  0.36449592758435756  lr:  1.9073486328125e-08
#epoch  132    val-loss:  0.4866236165950173  train-loss:  0.3645179816521704  lr:  1.9073486328125e-08
#epoch  133    val-loss:  0.4864870105919085  train-loss:  0.36448143084999174  lr:  1.9073486328125e-08
#epoch  134    val-loss:  0.4872901078901793  train-loss:  0.3645145953632891  lr:  1.9073486328125e-08
#epoch  135    val-loss:  0.4848842793389371  train-loss:  0.36452527588699013  lr:  1.9073486328125e-08
#epoch  136    val-loss:  0.4863015397598869  train-loss:  0.3645166283240542  lr:  1.9073486328125e-08
#epoch  137    val-loss:  0.48642155998631526  train-loss:  0.3644753225380555  lr:  1.9073486328125e-08
#epoch  138    val-loss:  0.48580230850922435  train-loss:  0.36451399663928896  lr:  1.9073486328125e-08
#epoch  139    val-loss:  0.48564540398748296  train-loss:  0.3645704820519313  lr:  1.9073486328125e-08
#epoch  140    val-loss:  0.48620037342372696  train-loss:  0.364467311068438  lr:  1.9073486328125e-08
#epoch  141    val-loss:  0.48712761778580516  train-loss:  0.36443741561379284  lr:  1.9073486328125e-08
#epoch  142    val-loss:  0.4872801790111943  train-loss:  0.3644325864734128  lr:  1.9073486328125e-08
#epoch  143    val-loss:  0.48746605766446965  train-loss:  0.3645280314376578  lr:  1.9073486328125e-08
#epoch  144    val-loss:  0.4857685456150456  train-loss:  0.3645689419936389  lr:  1.9073486328125e-08
#epoch  145    val-loss:  0.48762995632071243  train-loss:  0.3645474291406572  lr:  1.9073486328125e-08
#epoch  146    val-loss:  0.4857062838579479  train-loss:  0.36458015185780823  lr:  1.9073486328125e-08
#epoch  147    val-loss:  0.4872812785600361  train-loss:  0.3645003754645586  lr:  1.9073486328125e-08
#epoch  148    val-loss:  0.4860383727048573  train-loss:  0.36451786721590906  lr:  1.9073486328125e-08
#epoch  149    val-loss:  0.48450249747226115  train-loss:  0.3645370010053739  lr:  1.9073486328125e-08
#epoch  150    val-loss:  0.48742098871030304  train-loss:  0.36450265964958817  lr:  1.9073486328125e-08
#epoch  151    val-loss:  0.48841590473526403  train-loss:  0.3644913244061172  lr:  1.9073486328125e-08
#epoch  152    val-loss:  0.4843286699370334  train-loss:  0.3645590948872268  lr:  1.9073486328125e-08
#epoch  153    val-loss:  0.48478921934178  train-loss:  0.36448900192044675  lr:  1.9073486328125e-08
#epoch  154    val-loss:  0.48657319733971044  train-loss:  0.3644564769929275  lr:  1.9073486328125e-08
#epoch  155    val-loss:  0.48635213155495494  train-loss:  0.36447797145228833  lr:  1.9073486328125e-08
#epoch  156    val-loss:  0.48614264789380524  train-loss:  0.36459089163690805  lr:  1.9073486328125e-08
#epoch  157    val-loss:  0.4860485619620273  train-loss:  0.3644979714881629  lr:  1.9073486328125e-08
#epoch  158    val-loss:  0.48685798205827413  train-loss:  0.36449231451842934  lr:  1.9073486328125e-08
#epoch  159    val-loss:  0.48531151758997065  train-loss:  0.3645062755094841  lr:  1.9073486328125e-08
#epoch  160    val-loss:  0.4856947974154824  train-loss:  0.3644463212694973  lr:  1.9073486328125e-08
#epoch  161    val-loss:  0.48746833048368754  train-loss:  0.3646134204464033  lr:  1.9073486328125e-08
#epoch  162    val-loss:  0.4877808595958509  train-loss:  0.3645552694797516  lr:  1.9073486328125e-08
#epoch  163    val-loss:  0.48819179127090856  train-loss:  0.36452267155982554  lr:  1.9073486328125e-08
#epoch  164    val-loss:  0.487064308241794  train-loss:  0.3644282347522676  lr:  1.9073486328125e-08
#epoch  165    val-loss:  0.4862295091152191  train-loss:  0.36449185584206134  lr:  1.9073486328125e-08
#epoch  166    val-loss:  0.4867480224684665  train-loss:  0.3644536013016477  lr:  1.9073486328125e-08
#epoch  167    val-loss:  0.4850003907555028  train-loss:  0.36447289993520826  lr:  1.9073486328125e-08
#epoch  168    val-loss:  0.48515029330002635  train-loss:  0.36448864778503776  lr:  1.9073486328125e-08
#epoch  169    val-loss:  0.48637079094585617  train-loss:  0.3644807409727946  lr:  1.9073486328125e-08
#epoch  170    val-loss:  0.4877964415048298  train-loss:  0.36450291227083653  lr:  1.9073486328125e-08
#epoch  171    val-loss:  0.48643240018894796  train-loss:  0.3645331197185442  lr:  1.9073486328125e-08
#epoch  172    val-loss:  0.4860427285495557  train-loss:  0.364500425523147  lr:  1.9073486328125e-08
#epoch  173    val-loss:  0.4857286920672969  train-loss:  0.36446950281970203  lr:  1.9073486328125e-08
#epoch  174    val-loss:  0.48879184064112213  train-loss:  0.3644565400900319  lr:  1.9073486328125e-08
#epoch  175    val-loss:  0.48596495389938354  train-loss:  0.36442370049189776  lr:  1.9073486328125e-08
#epoch  176    val-loss:  0.4861203510510294  train-loss:  0.36450109479483217  lr:  1.9073486328125e-08
#epoch  177    val-loss:  0.48569563031196594  train-loss:  0.3644587593153119  lr:  1.9073486328125e-08
#epoch  178    val-loss:  0.48633302512921783  train-loss:  0.3644713037647307  lr:  1.9073486328125e-08
#epoch  179    val-loss:  0.48453515924905477  train-loss:  0.3644678391283378  lr:  1.9073486328125e-08
#epoch  180    val-loss:  0.4857570576040368  train-loss:  0.3645659035537392  lr:  1.9073486328125e-08
#epoch  181    val-loss:  0.48869589598555313  train-loss:  0.36449293373152614  lr:  1.9073486328125e-08
#epoch  182    val-loss:  0.48651247746066045  train-loss:  0.36450377118308097  lr:  1.9073486328125e-08
#epoch  183    val-loss:  0.48616886138916016  train-loss:  0.3645926280878484  lr:  1.9073486328125e-08
#epoch  184    val-loss:  0.48623722634817423  train-loss:  0.36451260710600764  lr:  1.9073486328125e-08
#epoch  185    val-loss:  0.48592285106056615  train-loss:  0.3645223380299285  lr:  1.9073486328125e-08
#epoch  186    val-loss:  0.48581637520539134  train-loss:  0.36451568722259253  lr:  1.9073486328125e-08
#epoch  187    val-loss:  0.48592915817310933  train-loss:  0.3644469410646707  lr:  1.9073486328125e-08
#epoch  188    val-loss:  0.48619814609226425  train-loss:  0.3645524405874312  lr:  1.9073486328125e-08
#epoch  189    val-loss:  0.4858296137107046  train-loss:  0.36448840890079737  lr:  1.9073486328125e-08
#epoch  190    val-loss:  0.48702708357258845  train-loss:  0.364483407814987  lr:  1.9073486328125e-08
#epoch  191    val-loss:  0.48610657610391317  train-loss:  0.3645264053484425  lr:  1.9073486328125e-08
#epoch  192    val-loss:  0.48617089892688553  train-loss:  0.3645137131679803  lr:  1.9073486328125e-08
#epoch  193    val-loss:  0.4848887716469012  train-loss:  0.36453607492148876  lr:  1.9073486328125e-08
#epoch  194    val-loss:  0.4845531080898486  train-loss:  0.364542348543182  lr:  1.9073486328125e-08
#epoch  195    val-loss:  0.4866470647485633  train-loss:  0.36450878938194364  lr:  1.9073486328125e-08
#epoch  196    val-loss:  0.48779179861671046  train-loss:  0.36454434564802796  lr:  1.9073486328125e-08
#epoch  197    val-loss:  0.4844336494019157  train-loss:  0.3645167675567791  lr:  1.9073486328125e-08
#epoch  198    val-loss:  0.48459325495519134  train-loss:  0.3645314812893048  lr:  1.9073486328125e-08
#epoch  199    val-loss:  0.4857284536487178  train-loss:  0.3644888837588951  lr:  1.9073486328125e-08
#epoch  200    val-loss:  0.4860708980183852  train-loss:  0.36449676437769085  lr:  1.9073486328125e-08
#epoch  201    val-loss:  0.48598044796993856  train-loss:  0.36455433489754796  lr:  1.9073486328125e-08
#epoch  202    val-loss:  0.4836446391908746  train-loss:  0.36447410471737385  lr:  1.9073486328125e-08
#epoch  203    val-loss:  0.48808857014304713  train-loss:  0.364515850902535  lr:  1.9073486328125e-08
#epoch  204    val-loss:  0.4863871508523038  train-loss:  0.3645181691972539  lr:  1.9073486328125e-08
#epoch  205    val-loss:  0.4870204031467438  train-loss:  0.3645289082778618  lr:  1.9073486328125e-08
#epoch  206    val-loss:  0.48944355782709625  train-loss:  0.3645119860302657  lr:  1.9073486328125e-08
#epoch  207    val-loss:  0.48665442278510646  train-loss:  0.3645746997790411  lr:  1.9073486328125e-08
#epoch  208    val-loss:  0.48714019593439606  train-loss:  0.3645629369420931  lr:  1.9073486328125e-08
#epoch  209    val-loss:  0.4876830075916491  train-loss:  0.36451539292465895  lr:  1.9073486328125e-08
#epoch  210    val-loss:  0.48603639163469015  train-loss:  0.3644325352506712  lr:  1.9073486328125e-08
#epoch  211    val-loss:  0.4864042793449603  train-loss:  0.36445529048796743  lr:  1.9073486328125e-08
#epoch  212    val-loss:  0.48936331585833903  train-loss:  0.36446417041588575  lr:  1.9073486328125e-08
#epoch  213    val-loss:  0.4844993854823865  train-loss:  0.36450213845819235  lr:  1.9073486328125e-08
#epoch  214    val-loss:  0.4873402981381667  train-loss:  0.36445039231330156  lr:  1.9073486328125e-08
#epoch  215    val-loss:  0.4870941544833936  train-loss:  0.3645062424475327  lr:  1.9073486328125e-08
#epoch  216    val-loss:  0.48489429135071604  train-loss:  0.3645619972376153  lr:  1.9073486328125e-08
#epoch  217    val-loss:  0.486237285952819  train-loss:  0.3646343008149415  lr:  1.9073486328125e-08
#epoch  218    val-loss:  0.4875178650805825  train-loss:  0.36444669810589403  lr:  1.9073486328125e-08
#epoch  219    val-loss:  0.48728690492479426  train-loss:  0.36447267537005246  lr:  1.9073486328125e-08
#epoch  220    val-loss:  0.4862601600195232  train-loss:  0.3645338823553175  lr:  1.9073486328125e-08
#epoch  221    val-loss:  0.48605320485014664  train-loss:  0.3645134230609983  lr:  1.9073486328125e-08
#epoch  222    val-loss:  0.48583778738975525  train-loss:  0.36450872116256505  lr:  1.9073486328125e-08
#epoch  223    val-loss:  0.48472593175737483  train-loss:  0.3645664893556386  lr:  1.9073486328125e-08
#epoch  224    val-loss:  0.4851906158422169  train-loss:  0.3645189894596115  lr:  1.9073486328125e-08
#epoch  225    val-loss:  0.48593912940276296  train-loss:  0.36448487802408636  lr:  1.9073486328125e-08
#epoch  226    val-loss:  0.48577620794898585  train-loss:  0.36450288258492947  lr:  1.9073486328125e-08
#epoch  227    val-loss:  0.4861090010718295  train-loss:  0.3645516111282632  lr:  1.9073486328125e-08
#epoch  228    val-loss:  0.48432180285453796  train-loss:  0.36449238064233214  lr:  1.9073486328125e-08
#epoch  229    val-loss:  0.4861741834565213  train-loss:  0.3644625678425655  lr:  1.9073486328125e-08
#epoch  230    val-loss:  0.4881278401926944  train-loss:  0.364536278299056  lr:  1.9073486328125e-08
#epoch  231    val-loss:  0.4888046415228593  train-loss:  0.3644908263813704  lr:  1.9073486328125e-08
#epoch  232    val-loss:  0.48796231181998  train-loss:  0.36447103356476873  lr:  1.9073486328125e-08
#epoch  233    val-loss:  0.4863941245957425  train-loss:  0.36444188153836876  lr:  1.9073486328125e-08
#epoch  234    val-loss:  0.48663593750250966  train-loss:  0.36452398472465575  lr:  1.9073486328125e-08
#epoch  235    val-loss:  0.4862773481168245  train-loss:  0.3644553986378014  lr:  1.9073486328125e-08
#epoch  236    val-loss:  0.4878406932479457  train-loss:  0.36447662580758333  lr:  1.9073486328125e-08
#epoch  237    val-loss:  0.48853139187160294  train-loss:  0.3644826264353469  lr:  1.9073486328125e-08
#epoch  238    val-loss:  0.4852899563939948  train-loss:  0.364462548866868  lr:  1.9073486328125e-08
#epoch  239    val-loss:  0.4873338796590504  train-loss:  0.3645171724492684  lr:  1.9073486328125e-08
#epoch  240    val-loss:  0.48702121408362137  train-loss:  0.3644875657046214  lr:  1.9073486328125e-08
#epoch  241    val-loss:  0.48501278852161606  train-loss:  0.3645178594160825  lr:  1.9073486328125e-08
#epoch  242    val-loss:  0.48575106263160706  train-loss:  0.36455764959100634  lr:  1.9073486328125e-08
#epoch  243    val-loss:  0.48657975071354914  train-loss:  0.364583765855059  lr:  1.9073486328125e-08
#epoch  244    val-loss:  0.48489432585866826  train-loss:  0.3644714979454875  lr:  1.9073486328125e-08
#epoch  245    val-loss:  0.48574807298810857  train-loss:  0.3644836621824652  lr:  1.9073486328125e-08
#epoch  246    val-loss:  0.4885111560947017  train-loss:  0.36453490948770195  lr:  1.9073486328125e-08
#epoch  247    val-loss:  0.4860951963223909  train-loss:  0.36448908038437366  lr:  1.9073486328125e-08
#epoch  248    val-loss:  0.4862061942878522  train-loss:  0.36449134163558483  lr:  1.9073486328125e-08
#epoch  249    val-loss:  0.4865829364249581  train-loss:  0.3644408055115491  lr:  1.9073486328125e-08
#epoch  250    val-loss:  0.4846330457612088  train-loss:  0.36453265394084156  lr:  1.9073486328125e-08
#epoch  251    val-loss:  0.48606949574068975  train-loss:  0.3644990555476397  lr:  1.9073486328125e-08
#epoch  252    val-loss:  0.4847982651308963  train-loss:  0.36452024488244206  lr:  1.9073486328125e-08
#epoch  253    val-loss:  0.48875798833997625  train-loss:  0.3644720197189599  lr:  1.9073486328125e-08
#epoch  254    val-loss:  0.4867640467066514  train-loss:  0.3645143872126937  lr:  1.9073486328125e-08
#epoch  255    val-loss:  0.48893116806682785  train-loss:  0.36446985497605056  lr:  1.9073486328125e-08
#epoch  256    val-loss:  0.48548369501766403  train-loss:  0.3644965479616076  lr:  1.9073486328125e-08
#epoch  257    val-loss:  0.48864777150907013  train-loss:  0.36457540071569383  lr:  1.9073486328125e-08
#epoch  258    val-loss:  0.48552276272522776  train-loss:  0.36452393664512783  lr:  1.9073486328125e-08
#epoch  259    val-loss:  0.4852295925742702  train-loss:  0.36450937984045595  lr:  1.9073486328125e-08
#epoch  260    val-loss:  0.48464815553865936  train-loss:  0.36443378299009055  lr:  1.9073486328125e-08
#epoch  261    val-loss:  0.4856187120864266  train-loss:  0.3645405297866091  lr:  1.9073486328125e-08
#epoch  262    val-loss:  0.48747112719636215  train-loss:  0.36444255290552974  lr:  1.9073486328125e-08
#epoch  263    val-loss:  0.48590532102082906  train-loss:  0.36449728335719556  lr:  1.9073486328125e-08
#epoch  264    val-loss:  0.4853421120267165  train-loss:  0.3644984500715509  lr:  1.9073486328125e-08
#epoch  265    val-loss:  0.48631553587160614  train-loss:  0.36456094204913825  lr:  1.9073486328125e-08
#epoch  266    val-loss:  0.486722552462628  train-loss:  0.36446437588892877  lr:  1.9073486328125e-08
#epoch  267    val-loss:  0.4876642776163001  train-loss:  0.3644926358247176  lr:  1.9073486328125e-08
#epoch  268    val-loss:  0.48636664685450104  train-loss:  0.3645190637325868  lr:  1.9073486328125e-08
#epoch  269    val-loss:  0.4893536175552167  train-loss:  0.3645601507741958  lr:  1.9073486328125e-08
#epoch  270    val-loss:  0.4864131196549064  train-loss:  0.3645023035351187  lr:  1.9073486328125e-08
#epoch  271    val-loss:  0.48715853534246745  train-loss:  0.3645066529279575  lr:  1.9073486328125e-08
#epoch  272    val-loss:  0.4863651128191697  train-loss:  0.36450506397522986  lr:  1.9073486328125e-08
#epoch  273    val-loss:  0.4872131755477504  train-loss:  0.3645426931325346  lr:  1.9073486328125e-08
#epoch  274    val-loss:  0.4866236181635606  train-loss:  0.36449302756227553  lr:  1.9073486328125e-08
#epoch  275    val-loss:  0.4862262387024729  train-loss:  0.36451638664584607  lr:  1.9073486328125e-08
#epoch  276    val-loss:  0.48616407262651545  train-loss:  0.3645229631802067  lr:  1.9073486328125e-08
#epoch  277    val-loss:  0.4876828303462581  train-loss:  0.3644852665020153  lr:  1.9073486328125e-08
#epoch  278    val-loss:  0.4847115105704257  train-loss:  0.36450699530541897  lr:  1.9073486328125e-08
#epoch  279    val-loss:  0.48664762785560206  train-loss:  0.36442746222019196  lr:  1.9073486328125e-08
#epoch  280    val-loss:  0.4842224858309093  train-loss:  0.3645355277694762  lr:  1.9073486328125e-08
#epoch  281    val-loss:  0.4859982744643563  train-loss:  0.3645128522766754  lr:  1.9073486328125e-08
#epoch  282    val-loss:  0.4894574645318483  train-loss:  0.36444258864503354  lr:  1.9073486328125e-08
#epoch  283    val-loss:  0.48458128853848104  train-loss:  0.3645517867989838  lr:  1.9073486328125e-08
#epoch  284    val-loss:  0.484738091104909  train-loss:  0.364545040181838  lr:  1.9073486328125e-08
#epoch  285    val-loss:  0.48804933146426555  train-loss:  0.3645153975812718  lr:  1.9073486328125e-08
#epoch  286    val-loss:  0.48731734878138494  train-loss:  0.36447460611816496  lr:  1.9073486328125e-08
#epoch  287    val-loss:  0.48712077580000224  train-loss:  0.36450534127652645  lr:  1.9073486328125e-08
#epoch  288    val-loss:  0.4872320325751054  train-loss:  0.36448806384578347  lr:  1.9073486328125e-08
#epoch  289    val-loss:  0.48538494580670405  train-loss:  0.36450192623306066  lr:  1.9073486328125e-08
#epoch  290    val-loss:  0.4872848658185256  train-loss:  0.36452134826686233  lr:  1.9073486328125e-08
#epoch  291    val-loss:  0.4863794665587576  train-loss:  0.3644704060861841  lr:  1.9073486328125e-08
#epoch  292    val-loss:  0.4886733230791594  train-loss:  0.3645234804134816  lr:  1.9073486328125e-08
#epoch  293    val-loss:  0.4848788474735461  train-loss:  0.36452068702783436  lr:  1.9073486328125e-08
#epoch  294    val-loss:  0.48597952566648783  train-loss:  0.36449927103240043  lr:  1.9073486328125e-08
#epoch  295    val-loss:  0.4849863381762254  train-loss:  0.36454963020514697  lr:  1.9073486328125e-08
#epoch  296    val-loss:  0.48637476877162333  train-loss:  0.36456986621487886  lr:  1.9073486328125e-08
#epoch  297    val-loss:  0.4876180322546708  train-loss:  0.3644628793699667  lr:  1.9073486328125e-08
#epoch  298    val-loss:  0.48678875596899734  train-loss:  0.3644299195148051  lr:  1.9073486328125e-08
#epoch  299    val-loss:  0.4884465211316159  train-loss:  0.3645972298691049  lr:  1.9073486328125e-08
#epoch  300    val-loss:  0.4843440651893616  train-loss:  0.36451457627117634  lr:  1.9073486328125e-08
#epoch  301    val-loss:  0.48746457068543686  train-loss:  0.36448942532297224  lr:  1.9073486328125e-08
#epoch  302    val-loss:  0.4857602590008786  train-loss:  0.3644727241480723  lr:  1.9073486328125e-08
#epoch  303    val-loss:  0.48473572103600754  train-loss:  0.3645160481100902  lr:  1.9073486328125e-08
#epoch  304    val-loss:  0.4881749796239953  train-loss:  0.36451651563402265  lr:  1.9073486328125e-08
#epoch  305    val-loss:  0.48790955857226725  train-loss:  0.36457211431115866  lr:  1.9073486328125e-08
#epoch  306    val-loss:  0.48603729668416473  train-loss:  0.3645144342444837  lr:  1.9073486328125e-08
#epoch  307    val-loss:  0.48665571369622884  train-loss:  0.36450177419465035  lr:  1.9073486328125e-08
#epoch  308    val-loss:  0.4858280937922628  train-loss:  0.3644607411697507  lr:  1.9073486328125e-08
#epoch  309    val-loss:  0.48904390711533396  train-loss:  0.3645229033427313  lr:  1.9073486328125e-08
#epoch  310    val-loss:  0.48874062142874064  train-loss:  0.36456898658070713  lr:  1.9073486328125e-08
#epoch  311    val-loss:  0.4893236411245246  train-loss:  0.36447141401004046  lr:  1.9073486328125e-08
#epoch  312    val-loss:  0.4870673747439134  train-loss:  0.36444546573329717  lr:  1.9073486328125e-08
#epoch  313    val-loss:  0.48626929050997686  train-loss:  0.36442419805098325  lr:  1.9073486328125e-08
#epoch  314    val-loss:  0.48579208788118866  train-loss:  0.36457466578576714  lr:  1.9073486328125e-08
#epoch  315    val-loss:  0.48591472757490056  train-loss:  0.364510219078511  lr:  1.9073486328125e-08
#epoch  316    val-loss:  0.4889177021227385  train-loss:  0.36450173845514655  lr:  1.9073486328125e-08
#epoch  317    val-loss:  0.48421469017079  train-loss:  0.36453066882677376  lr:  1.9073486328125e-08
#epoch  318    val-loss:  0.4848033989730634  train-loss:  0.36444088257849216  lr:  1.9073486328125e-08
#epoch  319    val-loss:  0.48710666361608  train-loss:  0.3645561393350363  lr:  1.9073486328125e-08
#epoch  320    val-loss:  0.4867708322248961  train-loss:  0.3645206257933751  lr:  1.9073486328125e-08
#epoch  321    val-loss:  0.4864470707742791  train-loss:  0.364507821155712  lr:  1.9073486328125e-08
#epoch  322    val-loss:  0.4861108629327071  train-loss:  0.36445801774971187  lr:  1.9073486328125e-08
#epoch  323    val-loss:  0.48602017917131124  train-loss:  0.3645976261468604  lr:  1.9073486328125e-08
#epoch  324    val-loss:  0.4868194037362149  train-loss:  0.36449855007231236  lr:  1.9073486328125e-08
#epoch  325    val-loss:  0.4879795391308634  train-loss:  0.36450188304297626  lr:  1.9073486328125e-08
#epoch  326    val-loss:  0.48869138799215617  train-loss:  0.3644873896846548  lr:  1.9073486328125e-08
#epoch  327    val-loss:  0.48865934735850286  train-loss:  0.36449948814697564  lr:  1.9073486328125e-08
#epoch  328    val-loss:  0.4877639695217735  train-loss:  0.36455166013911366  lr:  1.9073486328125e-08
#epoch  329    val-loss:  0.48465277333008616  train-loss:  0.3645460804691538  lr:  1.9073486328125e-08
#epoch  330    val-loss:  0.4862401516813981  train-loss:  0.36451922229025513  lr:  1.9073486328125e-08
#epoch  331    val-loss:  0.48865807683844315  train-loss:  0.36456801276654005  lr:  1.9073486328125e-08
#epoch  332    val-loss:  0.4878726240835692  train-loss:  0.36451031325850636  lr:  1.9073486328125e-08
#epoch  333    val-loss:  0.48637965007832173  train-loss:  0.364504971774295  lr:  1.9073486328125e-08
#epoch  334    val-loss:  0.4861304963889875  train-loss:  0.3645100506255403  lr:  1.9073486328125e-08
#epoch  335    val-loss:  0.4863188894171464  train-loss:  0.36449313280172646  lr:  1.9073486328125e-08
#epoch  336    val-loss:  0.48587166165050705  train-loss:  0.36447192111518234  lr:  1.9073486328125e-08
#epoch  337    val-loss:  0.4872201336057563  train-loss:  0.3645367947174236  lr:  1.9073486328125e-08
#epoch  338    val-loss:  0.48732676317817286  train-loss:  0.3645372453611344  lr:  1.9073486328125e-08
#epoch  339    val-loss:  0.4882627631488599  train-loss:  0.3645270437700674  lr:  1.9073486328125e-08
#epoch  340    val-loss:  0.485575817133251  train-loss:  0.3644768773810938  lr:  1.9073486328125e-08
#epoch  341    val-loss:  0.4880462037889581  train-loss:  0.3644307206850499  lr:  1.9073486328125e-08
#epoch  342    val-loss:  0.4861310814556323  train-loss:  0.36446687288116664  lr:  1.9073486328125e-08
#epoch  343    val-loss:  0.48486306008539704  train-loss:  0.3644952940521762  lr:  1.9073486328125e-08
#epoch  344    val-loss:  0.488519067827024  train-loss:  0.3645493593066931  lr:  1.9073486328125e-08
#epoch  345    val-loss:  0.4862432040666279  train-loss:  0.36454490525648  lr:  1.9073486328125e-08
#epoch  346    val-loss:  0.48446867654198095  train-loss:  0.36451440351083875  lr:  1.9073486328125e-08
#epoch  347    val-loss:  0.48503474028486954  train-loss:  0.3645173995755613  lr:  1.9073486328125e-08
#epoch  348    val-loss:  0.4859023454942201  train-loss:  0.36448027449660003  lr:  1.9073486328125e-08
#epoch  349    val-loss:  0.48805452647962067  train-loss:  0.3645320403156802  lr:  1.9073486328125e-08
#epoch  350    val-loss:  0.4859038403159694  train-loss:  0.3644385915249586  lr:  1.9073486328125e-08
#epoch  351    val-loss:  0.4874666490052876  train-loss:  0.36454054445493966  lr:  1.9073486328125e-08
#epoch  352    val-loss:  0.4870076712809111  train-loss:  0.3644782757619396  lr:  1.9073486328125e-08
#epoch  353    val-loss:  0.48927807807922363  train-loss:  0.3644676262047142  lr:  1.9073486328125e-08
#epoch  354    val-loss:  0.48773014231732015  train-loss:  0.36451823194511235  lr:  1.9073486328125e-08
#epoch  355    val-loss:  0.48479270778204264  train-loss:  0.36460016132332385  lr:  1.9073486328125e-08
#epoch  356    val-loss:  0.48725107469056783  train-loss:  0.36460666346829385  lr:  1.9073486328125e-08
#epoch  357    val-loss:  0.48867619508191157  train-loss:  0.36445284087676555  lr:  1.9073486328125e-08
#epoch  358    val-loss:  0.4860015056635204  train-loss:  0.364517018198967  lr:  1.9073486328125e-08
#epoch  359    val-loss:  0.4879714548587799  train-loss:  0.36453516338951886  lr:  1.9073486328125e-08
#epoch  360    val-loss:  0.48656228968971654  train-loss:  0.36443630408030003  lr:  1.9073486328125e-08
#epoch  361    val-loss:  0.48601301092850535  train-loss:  0.36453760974109173  lr:  1.9073486328125e-08
#epoch  362    val-loss:  0.4845510674150367  train-loss:  0.36456224566791207  lr:  1.9073486328125e-08
#epoch  363    val-loss:  0.4857179161749388  train-loss:  0.3645571587840095  lr:  1.9073486328125e-08
#epoch  364    val-loss:  0.48710501350854574  train-loss:  0.3645694525912404  lr:  1.9073486328125e-08
#epoch  365    val-loss:  0.48454282472008153  train-loss:  0.3645200169412419  lr:  1.9073486328125e-08
#epoch  366    val-loss:  0.4855952984408328  train-loss:  0.36448469723109156  lr:  1.9073486328125e-08
#epoch  367    val-loss:  0.4860481321811676  train-loss:  0.3644646747270599  lr:  1.9073486328125e-08
#epoch  368    val-loss:  0.486624749083268  train-loss:  0.364487400976941  lr:  1.9073486328125e-08
#epoch  369    val-loss:  0.48625204908220393  train-loss:  0.36444942641537637  lr:  1.9073486328125e-08
#epoch  370    val-loss:  0.4857347968377565  train-loss:  0.36448155413381755  lr:  1.9073486328125e-08
#epoch  371    val-loss:  0.48635607957839966  train-loss:  0.3644860429922119  lr:  1.9073486328125e-08
#epoch  372    val-loss:  0.48704493359515544  train-loss:  0.36456569796428084  lr:  1.9073486328125e-08
#epoch  373    val-loss:  0.4885276979521701  train-loss:  0.3645372681785375  lr:  1.9073486328125e-08
#epoch  374    val-loss:  0.4848357109647048  train-loss:  0.36450418340973556  lr:  1.9073486328125e-08
#epoch  375    val-loss:  0.48541756523282903  train-loss:  0.364499079878442  lr:  1.9073486328125e-08
#epoch  376    val-loss:  0.4875862802329816  train-loss:  0.36451477638911456  lr:  1.9073486328125e-08
#epoch  377    val-loss:  0.4865004263426128  train-loss:  0.3644684664905071  lr:  1.9073486328125e-08
#epoch  378    val-loss:  0.48851796827818217  train-loss:  0.3645438632229343  lr:  1.9073486328125e-08
#epoch  379    val-loss:  0.4884509946170606  train-loss:  0.3645028214668855  lr:  1.9073486328125e-08
#epoch  380    val-loss:  0.4859990571674548  train-loss:  0.3644809186225757  lr:  1.9073486328125e-08
#epoch  381    val-loss:  0.4867113671804729  train-loss:  0.3645445613656193  lr:  1.9073486328125e-08
#epoch  382    val-loss:  0.4859952079622369  train-loss:  0.36445969296619296  lr:  1.9073486328125e-08
#epoch  383    val-loss:  0.48537224688028036  train-loss:  0.3645086393225938  lr:  1.9073486328125e-08
#epoch  384    val-loss:  0.484788726819189  train-loss:  0.36451861064415425  lr:  1.9073486328125e-08
#epoch  385    val-loss:  0.48560553475430135  train-loss:  0.3644962877733633  lr:  1.9073486328125e-08
#epoch  386    val-loss:  0.48870222192061574  train-loss:  0.3644880827050656  lr:  1.9073486328125e-08
#epoch  387    val-loss:  0.4863095440362629  train-loss:  0.3645186744397506  lr:  1.9073486328125e-08
#epoch  388    val-loss:  0.48647399795682805  train-loss:  0.36449670686852187  lr:  1.9073486328125e-08
#epoch  389    val-loss:  0.4846439236088803  train-loss:  0.3645265253726393  lr:  1.9073486328125e-08
#epoch  390    val-loss:  0.48680041024559423  train-loss:  0.3645094067323953  lr:  1.9073486328125e-08
#epoch  391    val-loss:  0.4845982319430301  train-loss:  0.36447490891441703  lr:  1.9073486328125e-08
#epoch  392    val-loss:  0.48616371813573334  train-loss:  0.36449121742043644  lr:  1.9073486328125e-08
#epoch  393    val-loss:  0.4849491935027273  train-loss:  0.3645283173536882  lr:  1.9073486328125e-08
#epoch  394    val-loss:  0.486987452757986  train-loss:  0.3645132670644671  lr:  1.9073486328125e-08
#epoch  395    val-loss:  0.48621632550892074  train-loss:  0.36454254970885813  lr:  1.9073486328125e-08
#epoch  396    val-loss:  0.4863597217359041  train-loss:  0.3644688664935529  lr:  1.9073486328125e-08
#epoch  397    val-loss:  0.4861280965177636  train-loss:  0.36450896912720054  lr:  1.9073486328125e-08
#epoch  398    val-loss:  0.487144703927793  train-loss:  0.36448933731298894  lr:  1.9073486328125e-08
#epoch  399    val-loss:  0.4865505381634361  train-loss:  0.36454442946705967  lr:  1.9073486328125e-08
#epoch  400    val-loss:  0.4852940628403111  train-loss:  0.3645043201977387  lr:  1.9073486328125e-08
#epoch  401    val-loss:  0.4866452295529215  train-loss:  0.36453226348385215  lr:  1.9073486328125e-08
#epoch  402    val-loss:  0.4860824581823851  train-loss:  0.36449323629494756  lr:  1.9073486328125e-08
#epoch  403    val-loss:  0.48936849361971807  train-loss:  0.36448039184324443  lr:  1.9073486328125e-08
#epoch  404    val-loss:  0.488718613197929  train-loss:  0.3645688312826678  lr:  1.9073486328125e-08
#epoch  405    val-loss:  0.4867626538402156  train-loss:  0.36449732130859047  lr:  1.9073486328125e-08
#epoch  406    val-loss:  0.48879097009959976  train-loss:  0.3644421740900725  lr:  1.9073486328125e-08
#epoch  407    val-loss:  0.4884894725523497  train-loss:  0.36450730613432825  lr:  1.9073486328125e-08
#epoch  408    val-loss:  0.4859697034484462  train-loss:  0.3645913606742397  lr:  1.9073486328125e-08
#epoch  409    val-loss:  0.4849239776009007  train-loss:  0.36451262421905994  lr:  1.9073486328125e-08
#epoch  410    val-loss:  0.4859846108838132  train-loss:  0.36448211455717683  lr:  1.9073486328125e-08
#epoch  411    val-loss:  0.48735350684115764  train-loss:  0.3645349434809759  lr:  1.9073486328125e-08
#epoch  412    val-loss:  0.48929609593592194  train-loss:  0.36450350657105446  lr:  1.9073486328125e-08
#epoch  413    val-loss:  0.4865071773529053  train-loss:  0.3644364819629118  lr:  1.9073486328125e-08
#epoch  414    val-loss:  0.4856378718426353  train-loss:  0.36446084547787905  lr:  1.9073486328125e-08
#epoch  415    val-loss:  0.4854530801898555  train-loss:  0.364547012723051  lr:  1.9073486328125e-08
#epoch  416    val-loss:  0.4885900036284798  train-loss:  0.3645203454652801  lr:  1.9073486328125e-08
#epoch  417    val-loss:  0.48535335377642985  train-loss:  0.3645288165425882  lr:  1.9073486328125e-08
#epoch  418    val-loss:  0.4867125859386043  train-loss:  0.3645198094891384  lr:  1.9073486328125e-08
#epoch  419    val-loss:  0.4862281115431535  train-loss:  0.3645172157557681  lr:  1.9073486328125e-08
#epoch  420    val-loss:  0.4858451218981492  train-loss:  0.3645163436885923  lr:  1.9073486328125e-08
#epoch  421    val-loss:  0.48621994413827596  train-loss:  0.3645258570322767  lr:  1.9073486328125e-08
#epoch  422    val-loss:  0.4846532235020085  train-loss:  0.36438921140506864  lr:  1.9073486328125e-08
#epoch  423    val-loss:  0.4871436059474945  train-loss:  0.36448003980331123  lr:  1.9073486328125e-08
#epoch  424    val-loss:  0.48696976115829066  train-loss:  0.3645037041278556  lr:  1.9073486328125e-08
#epoch  425    val-loss:  0.4866557246760318  train-loss:  0.3644273098325357  lr:  1.9073486328125e-08
#epoch  426    val-loss:  0.48430398733992325  train-loss:  0.3645718026673421  lr:  1.9073486328125e-08
#epoch  427    val-loss:  0.4878304130152652  train-loss:  0.36450658517424017  lr:  1.9073486328125e-08
#epoch  428    val-loss:  0.4885648222346055  train-loss:  0.3644654618110508  lr:  1.9073486328125e-08
#epoch  429    val-loss:  0.48627852452428716  train-loss:  0.3644581063417718  lr:  1.9073486328125e-08
#epoch  430    val-loss:  0.4872392149348008  train-loss:  0.3645410545868799  lr:  1.9073486328125e-08
#epoch  431    val-loss:  0.48636045738270406  train-loss:  0.36451948597095907  lr:  1.9073486328125e-08
#epoch  432    val-loss:  0.48889321716208206  train-loss:  0.36446376400999725  lr:  1.9073486328125e-08
#epoch  433    val-loss:  0.484716911064951  train-loss:  0.364502752549015  lr:  1.9073486328125e-08
#epoch  434    val-loss:  0.4875802350671668  train-loss:  0.3645079277921468  lr:  1.9073486328125e-08
#epoch  435    val-loss:  0.48550031687084  train-loss:  0.3644913717871532  lr:  1.9073486328125e-08
#epoch  436    val-loss:  0.48711160923305313  train-loss:  0.3644361182814464  lr:  1.9073486328125e-08
#epoch  437    val-loss:  0.4848575372444956  train-loss:  0.3645281104836613  lr:  1.9073486328125e-08
#epoch  438    val-loss:  0.4858608183107878  train-loss:  0.3645055969245732  lr:  1.9073486328125e-08
#epoch  439    val-loss:  0.4886715365083594  train-loss:  0.3645403146510944  lr:  1.9073486328125e-08
#epoch  440    val-loss:  0.4850570371276454  train-loss:  0.3645960733992979  lr:  1.9073486328125e-08
#epoch  441    val-loss:  0.4854806457695208  train-loss:  0.36449625657405704  lr:  1.9073486328125e-08
#epoch  442    val-loss:  0.487129807472229  train-loss:  0.36445945559535176  lr:  1.9073486328125e-08
#epoch  443    val-loss:  0.4861848699419122  train-loss:  0.3645194936543703  lr:  1.9073486328125e-08
#epoch  444    val-loss:  0.4867276204259772  train-loss:  0.36450622824486345  lr:  1.9073486328125e-08
#epoch  445    val-loss:  0.4852692955418637  train-loss:  0.36451601097360253  lr:  1.9073486328125e-08
#epoch  446    val-loss:  0.4863612542026921  train-loss:  0.3645266767125577  lr:  1.9073486328125e-08
#epoch  447    val-loss:  0.4862139068151775  train-loss:  0.3644855748862028  lr:  1.9073486328125e-08
#epoch  448    val-loss:  0.4857041553447121  train-loss:  0.364500236697495  lr:  1.9073486328125e-08
#epoch  449    val-loss:  0.48679435880560623  train-loss:  0.3644969111774117  lr:  1.9073486328125e-08
#epoch  450    val-loss:  0.48562861743726227  train-loss:  0.36443470511585474  lr:  1.9073486328125e-08
#epoch  451    val-loss:  0.484178165071889  train-loss:  0.3644769025268033  lr:  1.9073486328125e-08
#epoch  452    val-loss:  0.48565275418130976  train-loss:  0.3645262912614271  lr:  1.9073486328125e-08
#epoch  453    val-loss:  0.4887267460948543  train-loss:  0.3645106862531975  lr:  1.9073486328125e-08
#epoch  454    val-loss:  0.48857834621479634  train-loss:  0.3645089855417609  lr:  1.9073486328125e-08
#epoch  455    val-loss:  0.48598700918649373  train-loss:  0.36450546665582806  lr:  1.9073486328125e-08
#epoch  456    val-loss:  0.48687087077843516  train-loss:  0.3645558716962114  lr:  1.9073486328125e-08
#epoch  457    val-loss:  0.48744155544983714  train-loss:  0.36447722429875284  lr:  1.9073486328125e-08
#epoch  458    val-loss:  0.48442157161863225  train-loss:  0.36455279600340873  lr:  1.9073486328125e-08
#epoch  459    val-loss:  0.4855882635242061  train-loss:  0.36453277454711497  lr:  1.9073486328125e-08
#epoch  460    val-loss:  0.48666994822652715  train-loss:  0.3644874499877915  lr:  1.9073486328125e-08
#epoch  461    val-loss:  0.4872202010531175  train-loss:  0.36445910832844675  lr:  1.9073486328125e-08
#epoch  462    val-loss:  0.48665870647681386  train-loss:  0.36443660233635455  lr:  1.9073486328125e-08
#epoch  463    val-loss:  0.48728350118586894  train-loss:  0.3644936505006626  lr:  1.9073486328125e-08
#epoch  464    val-loss:  0.48594028541916295  train-loss:  0.364447187515907  lr:  1.9073486328125e-08
#epoch  465    val-loss:  0.4860615808712809  train-loss:  0.36452041880693287  lr:  1.9073486328125e-08
#epoch  466    val-loss:  0.48410756964432566  train-loss:  0.36453785782214254  lr:  1.9073486328125e-08
#epoch  467    val-loss:  0.48353750925315053  train-loss:  0.36446121998596936  lr:  1.9073486328125e-08
#epoch  468    val-loss:  0.4847920882074456  train-loss:  0.3644218947738409  lr:  1.9073486328125e-08
#epoch  469    val-loss:  0.48724322883706345  train-loss:  0.36455900873988867  lr:  1.9073486328125e-08
#epoch  470    val-loss:  0.4858966297224948  train-loss:  0.36451300571206957  lr:  1.9073486328125e-08
#epoch  471    val-loss:  0.48633680218144465  train-loss:  0.36455415305681527  lr:  1.9073486328125e-08
#epoch  472    val-loss:  0.48546239890550313  train-loss:  0.3645381327951327  lr:  1.9073486328125e-08
#epoch  473    val-loss:  0.48608104492488663  train-loss:  0.3644247791962698  lr:  1.9073486328125e-08
#epoch  474    val-loss:  0.48920341541892604  train-loss:  0.3645461738342419  lr:  1.9073486328125e-08
#epoch  475    val-loss:  0.4874187064798255  train-loss:  0.3645897819660604  lr:  1.9073486328125e-08
#epoch  476    val-loss:  0.4873620757931157  train-loss:  0.36444842524360865  lr:  1.9073486328125e-08
#epoch  477    val-loss:  0.48619319733820465  train-loss:  0.3645077405963093  lr:  1.9073486328125e-08
#epoch  478    val-loss:  0.4878184575783579  train-loss:  0.36446718650404364  lr:  1.9073486328125e-08
#epoch  479    val-loss:  0.48452385946323995  train-loss:  0.36450605478603393  lr:  1.9073486328125e-08
#epoch  480    val-loss:  0.4863008041130869  train-loss:  0.3644711038796231  lr:  1.9073486328125e-08
#epoch  481    val-loss:  0.4872712179234153  train-loss:  0.36453544185496867  lr:  1.9073486328125e-08
#epoch  482    val-loss:  0.4883081693398325  train-loss:  0.36451654764823616  lr:  1.9073486328125e-08
#epoch  483    val-loss:  0.48670732818151774  train-loss:  0.3644728633807972  lr:  1.9073486328125e-08
#epoch  484    val-loss:  0.48664257244059916  train-loss:  0.3644305885536596  lr:  1.9073486328125e-08
#epoch  485    val-loss:  0.48453816771507263  train-loss:  0.36449286295101047  lr:  1.9073486328125e-08
#epoch  486    val-loss:  0.4884021627275567  train-loss:  0.3644631503848359  lr:  1.9073486328125e-08
#epoch  487    val-loss:  0.48458082895529897  train-loss:  0.36455922527238727  lr:  1.9073486328125e-08
#epoch  488    val-loss:  0.48632335819696126  train-loss:  0.36455512745305896  lr:  1.9073486328125e-08
#epoch  489    val-loss:  0.4862561131778516  train-loss:  0.3644841454224661  lr:  1.9073486328125e-08
#epoch  490    val-loss:  0.48555737420132283  train-loss:  0.3645099705317989  lr:  1.9073486328125e-08
#epoch  491    val-loss:  0.4872874915599823  train-loss:  0.364540051901713  lr:  1.9073486328125e-08
#epoch  492    val-loss:  0.4868428518897609  train-loss:  0.36449409963097423  lr:  1.9073486328125e-08
#epoch  493    val-loss:  0.48605671054438543  train-loss:  0.3645092697115615  lr:  1.9073486328125e-08
#epoch  494    val-loss:  0.48779540469771937  train-loss:  0.3645351332379505  lr:  1.9073486328125e-08
#epoch  495    val-loss:  0.4877111033389443  train-loss:  0.36451930715702474  lr:  1.9073486328125e-08
#epoch  496    val-loss:  0.4862305631763057  train-loss:  0.3645922690629959  lr:  1.9073486328125e-08
#epoch  497    val-loss:  0.4848273553346333  train-loss:  0.3644833922153339  lr:  1.9073486328125e-08
#epoch  498    val-loss:  0.4865172615176753  train-loss:  0.36454555462114513  lr:  1.9073486328125e-08
#epoch  499    val-loss:  0.4855709891570242  train-loss:  0.36443653446622193  lr:  1.9073486328125e-08
