model 9c0f6e32e3c279b11c021d9651e5b532a2fe1b2845d6f75cdab4a4ec state_dict has not been found
Model was not found
torch.cuda.is_available():	 True
runargs:	 Namespace(co2=False, depth=55.0, disp=-1, domain='global', epoch=0, latitude=False, linsupres=True, lossfun='MSE', lr=0.01, lsrp_span=12, maxepoch=500, minibatch=4, mode='train', normalization='standard', num_workers=40, parts=[1, 1], persistent_workers=False, prefetch_factor=1, relog=True, rerun=True, sanity=False, sigma=8, temperature=True)
data_address /scratch/zanna/data/cm2.6/coarse_8_beneath_surface.zarr
using device: cuda:0
epochs started
#epoch  0    val-loss:  1.5176980809161538  train-loss:  1.8230691538192332  lr:  0.01
#epoch  1    val-loss:  1.2218206681703265  train-loss:  1.2164522928651422  lr:  0.01
#epoch  2    val-loss:  1.0502661247002452  train-loss:  1.0507788287941366  lr:  0.01
#epoch  3    val-loss:  1.0619905120448063  train-loss:  0.9572037104517221  lr:  0.01
#epoch  4    val-loss:  0.9564062451061449  train-loss:  0.9020834770053625  lr:  0.01
#epoch  5    val-loss:  0.9224183088854739  train-loss:  0.8673234563320875  lr:  0.01
#epoch  6    val-loss:  0.9405166694992467  train-loss:  0.8406357537023723  lr:  0.01
#epoch  7    val-loss:  0.9573446857301813  train-loss:  0.8185972063802183  lr:  0.01
#epoch  8    val-loss:  0.8756441787669533  train-loss:  0.7958486231509596  lr:  0.01
#epoch  9    val-loss:  1.1247131008850901  train-loss:  0.7752011751290411  lr:  0.01
#epoch  10    val-loss:  0.8157026391280325  train-loss:  0.7534460164606571  lr:  0.01
#epoch  11    val-loss:  0.8128761053085327  train-loss:  0.7359479998704046  lr:  0.01
#epoch  12    val-loss:  0.8000801989906713  train-loss:  0.7156892202328891  lr:  0.01
#epoch  13    val-loss:  0.7847775660063091  train-loss:  0.6998108371626586  lr:  0.01
#epoch  14    val-loss:  0.7696760924238908  train-loss:  0.6876371770631522  lr:  0.01
#epoch  15    val-loss:  0.7559772416165  train-loss:  0.6748077895026654  lr:  0.01
#epoch  16    val-loss:  0.7524500897056178  train-loss:  0.6600125918630511  lr:  0.01
#epoch  17    val-loss:  0.7407584535448175  train-loss:  0.6503342415671796  lr:  0.01
#epoch  18    val-loss:  0.7197075266587106  train-loss:  0.6422844415064901  lr:  0.01
#epoch  19    val-loss:  0.732826734844007  train-loss:  0.636895440518856  lr:  0.01
#epoch  20    val-loss:  0.7283912175580075  train-loss:  0.6314202148932964  lr:  0.01
#epoch  21    val-loss:  0.7414135336875916  train-loss:  0.6237229353282601  lr:  0.01
#epoch  22    val-loss:  0.6866957106088337  train-loss:  0.5949428846361116  lr:  0.005
#epoch  23    val-loss:  0.6962861701061851  train-loss:  0.5906413519987836  lr:  0.005
#epoch  24    val-loss:  0.6994862023152804  train-loss:  0.5888925333274528  lr:  0.005
#epoch  25    val-loss:  0.7057295378885771  train-loss:  0.5862049536081031  lr:  0.005
#epoch  26    val-loss:  0.6738442872699938  train-loss:  0.5695287099806592  lr:  0.0025
#epoch  27    val-loss:  0.6739756276732997  train-loss:  0.5674088705563918  lr:  0.0025
#epoch  28    val-loss:  0.6793143435528404  train-loss:  0.5662901243194938  lr:  0.0025
#epoch  29    val-loss:  0.6763096451759338  train-loss:  0.5635400682222098  lr:  0.0025
#epoch  30    val-loss:  0.6666096448898315  train-loss:  0.5546373027609661  lr:  0.00125
#epoch  31    val-loss:  0.6672147292839853  train-loss:  0.5531977134523913  lr:  0.00125
#epoch  32    val-loss:  0.667039272032286  train-loss:  0.5524214906617999  lr:  0.00125
#epoch  33    val-loss:  0.667143326056631  train-loss:  0.5515170292928815  lr:  0.00125
#epoch  34    val-loss:  0.6661545979349237  train-loss:  0.5463862830074504  lr:  0.000625
#epoch  35    val-loss:  0.6635021881053322  train-loss:  0.5458685142220929  lr:  0.000625
#epoch  36    val-loss:  0.6642264943373831  train-loss:  0.5450724543770775  lr:  0.000625
#epoch  37    val-loss:  0.6631480486769425  train-loss:  0.5445171004394069  lr:  0.000625
#epoch  38    val-loss:  0.6635785479294626  train-loss:  0.5439718287670985  lr:  0.000625
#epoch  39    val-loss:  0.6702486307997453  train-loss:  0.5434166520135477  lr:  0.000625
#epoch  40    val-loss:  0.6717559632502104  train-loss:  0.542894751415588  lr:  0.000625
#epoch  41    val-loss:  0.6625256883470636  train-loss:  0.5402283364674076  lr:  0.0003125
#epoch  42    val-loss:  0.6689021744226155  train-loss:  0.5399194101337343  lr:  0.0003125
#epoch  43    val-loss:  0.6621360778808594  train-loss:  0.5395808358443901  lr:  0.0003125
#epoch  44    val-loss:  0.6658488229701394  train-loss:  0.5393284325255081  lr:  0.0003125
#epoch  45    val-loss:  0.6642237180157712  train-loss:  0.5391244762577116  lr:  0.0003125
#epoch  46    val-loss:  0.6637971934519316  train-loss:  0.5387905823299661  lr:  0.0003125
#epoch  47    val-loss:  0.6646141221648768  train-loss:  0.5371152568841353  lr:  0.00015625
#epoch  48    val-loss:  0.6738353120653253  train-loss:  0.5371113030705601  lr:  0.00015625
#epoch  49    val-loss:  0.662156365419689  train-loss:  0.53688914491795  lr:  0.00015625
#epoch  50    val-loss:  0.6653277497542532  train-loss:  0.5359516986645758  lr:  7.8125e-05
#epoch  51    val-loss:  0.6647139222998368  train-loss:  0.5363614670932293  lr:  7.8125e-05
#epoch  52    val-loss:  0.662121593952179  train-loss:  0.5361506976187229  lr:  7.8125e-05
#epoch  53    val-loss:  0.666647804410834  train-loss:  0.5355984618654475  lr:  3.90625e-05
#epoch  54    val-loss:  0.6626025030487462  train-loss:  0.5356806116178632  lr:  3.90625e-05
#epoch  55    val-loss:  0.6619216956590351  train-loss:  0.5355194450821728  lr:  3.90625e-05
#epoch  56    val-loss:  0.6625630855560303  train-loss:  0.5355160610051826  lr:  3.90625e-05
#epoch  57    val-loss:  0.6652884200999611  train-loss:  0.5354091612389311  lr:  3.90625e-05
#epoch  58    val-loss:  0.6645115206116124  train-loss:  0.5353498561307788  lr:  3.90625e-05
#epoch  59    val-loss:  0.6633107348492271  train-loss:  0.5349824581062421  lr:  1.953125e-05
#epoch  60    val-loss:  0.6634058199430767  train-loss:  0.5353813956025988  lr:  1.953125e-05
#epoch  61    val-loss:  0.6714100586740595  train-loss:  0.5351113931974396  lr:  1.953125e-05
#epoch  62    val-loss:  0.6640733668678686  train-loss:  0.5355791100300848  lr:  9.765625e-06
#epoch  63    val-loss:  0.6657908590216386  train-loss:  0.5349905424518511  lr:  9.765625e-06
#epoch  64    val-loss:  0.6622715686496935  train-loss:  0.5350126249250025  lr:  9.765625e-06
#epoch  65    val-loss:  0.6624037372438532  train-loss:  0.534913010080345  lr:  4.8828125e-06
#epoch  66    val-loss:  0.6691580634368094  train-loss:  0.5349171006819233  lr:  4.8828125e-06
#epoch  67    val-loss:  0.6644482518497267  train-loss:  0.534763308474794  lr:  4.8828125e-06
#epoch  68    val-loss:  0.6634337651102167  train-loss:  0.5348158932756633  lr:  2.44140625e-06
#epoch  69    val-loss:  0.6742130957151714  train-loss:  0.5347574746701866  lr:  2.44140625e-06
#epoch  70    val-loss:  0.663431283674742  train-loss:  0.5347224005963653  lr:  2.44140625e-06
#epoch  71    val-loss:  0.6602317032061125  train-loss:  0.5350663090357557  lr:  1.220703125e-06
#epoch  72    val-loss:  0.6620037492952848  train-loss:  0.534940532175824  lr:  1.220703125e-06
#epoch  73    val-loss:  0.6622083657666257  train-loss:  0.534870765870437  lr:  1.220703125e-06
#epoch  74    val-loss:  0.6683714860364011  train-loss:  0.5349772378103808  lr:  1.220703125e-06
#epoch  75    val-loss:  0.6709160585152475  train-loss:  0.5350665788864717  lr:  6.103515625e-07
#epoch  76    val-loss:  0.6622096990284166  train-loss:  0.5349764145212248  lr:  6.103515625e-07
#epoch  77    val-loss:  0.6648498146157515  train-loss:  0.5349192844005302  lr:  6.103515625e-07
#epoch  78    val-loss:  0.6605445617123654  train-loss:  0.5348524125292897  lr:  3.0517578125e-07
#epoch  79    val-loss:  0.6649606572954279  train-loss:  0.5349852060899138  lr:  3.0517578125e-07
#epoch  80    val-loss:  0.6650492486200834  train-loss:  0.5348635964328423  lr:  3.0517578125e-07
#epoch  81    val-loss:  0.6666259859737597  train-loss:  0.5349721406819299  lr:  1.52587890625e-07
#epoch  82    val-loss:  0.662466265653309  train-loss:  0.5350378610892221  lr:  1.52587890625e-07
#epoch  83    val-loss:  0.6629023050007067  train-loss:  0.5348923074780032  lr:  1.52587890625e-07
#epoch  84    val-loss:  0.6627603675189772  train-loss:  0.535038581234403  lr:  7.62939453125e-08
#epoch  85    val-loss:  0.6649969722095289  train-loss:  0.534881355240941  lr:  7.62939453125e-08
#epoch  86    val-loss:  0.6631345999868292  train-loss:  0.5348909387830645  lr:  7.62939453125e-08
#epoch  87    val-loss:  0.660107782012538  train-loss:  0.5350138123612851  lr:  3.814697265625e-08
#epoch  88    val-loss:  0.6670001996190924  train-loss:  0.5347683309810236  lr:  3.814697265625e-08
#epoch  89    val-loss:  0.6626362330035159  train-loss:  0.5347340219886974  lr:  3.814697265625e-08
#epoch  90    val-loss:  0.6618949457218772  train-loss:  0.5349094262346625  lr:  3.814697265625e-08
#epoch  91    val-loss:  0.6698761268665916  train-loss:  0.5349460475845262  lr:  1.9073486328125e-08
#epoch  92    val-loss:  0.6622562784897653  train-loss:  0.534934907220304  lr:  1.9073486328125e-08
#epoch  93    val-loss:  0.6669122137521443  train-loss:  0.5348019427619874  lr:  1.9073486328125e-08
#epoch  94    val-loss:  0.663849369475716  train-loss:  0.5349764577113092  lr:  1.9073486328125e-08
#epoch  95    val-loss:  0.6610109398239538  train-loss:  0.5347497866023332  lr:  1.9073486328125e-08
#epoch  96    val-loss:  0.6693662844206157  train-loss:  0.535323016345501  lr:  1.9073486328125e-08
#epoch  97    val-loss:  0.6629007176349038  train-loss:  0.5349628659896553  lr:  1.9073486328125e-08
#epoch  98    val-loss:  0.6677770457769695  train-loss:  0.5349065058398992  lr:  1.9073486328125e-08
#epoch  99    val-loss:  0.6648997664451599  train-loss:  0.5348030045861378  lr:  1.9073486328125e-08
#epoch  100    val-loss:  0.6644005304888675  train-loss:  0.534904413158074  lr:  1.9073486328125e-08
#epoch  101    val-loss:  0.664148073447378  train-loss:  0.5347633747151121  lr:  1.9073486328125e-08
#epoch  102    val-loss:  0.6685635384760404  train-loss:  0.5348763227229938  lr:  1.9073486328125e-08
#epoch  103    val-loss:  0.6625842797128778  train-loss:  0.534954875241965  lr:  1.9073486328125e-08
#epoch  104    val-loss:  0.6619667442221391  train-loss:  0.5348143706796691  lr:  1.9073486328125e-08
#epoch  105    val-loss:  0.6647029675935444  train-loss:  0.5349065023474395  lr:  1.9073486328125e-08
#epoch  106    val-loss:  0.6630852881230807  train-loss:  0.535044678254053  lr:  1.9073486328125e-08
#epoch  107    val-loss:  0.662414478628259  train-loss:  0.5349573631538078  lr:  1.9073486328125e-08
#epoch  108    val-loss:  0.6653759699118765  train-loss:  0.5349733819020912  lr:  1.9073486328125e-08
#epoch  109    val-loss:  0.6597542762756348  train-loss:  0.5349314719205722  lr:  1.9073486328125e-08
#epoch  110    val-loss:  0.6629609371486463  train-loss:  0.5348989078775048  lr:  1.9073486328125e-08
#epoch  111    val-loss:  0.6668636987083837  train-loss:  0.5348547482863069  lr:  1.9073486328125e-08
#epoch  112    val-loss:  0.6598761207179019  train-loss:  0.535000437987037  lr:  1.9073486328125e-08
#epoch  113    val-loss:  0.667063361720035  train-loss:  0.5349589071702212  lr:  1.9073486328125e-08
#epoch  114    val-loss:  0.6726376351557279  train-loss:  0.5349797948729247  lr:  1.9073486328125e-08
#epoch  115    val-loss:  0.6683166999565927  train-loss:  0.5351201731245965  lr:  1.9073486328125e-08
#epoch  116    val-loss:  0.668788172696766  train-loss:  0.5350013492861763  lr:  1.9073486328125e-08
#epoch  117    val-loss:  0.6634982510616905  train-loss:  0.5349320650566369  lr:  1.9073486328125e-08
#epoch  118    val-loss:  0.6644580866161146  train-loss:  0.5348954427754506  lr:  1.9073486328125e-08
#epoch  119    val-loss:  0.6615794802966871  train-loss:  0.5348008261062205  lr:  1.9073486328125e-08
#epoch  120    val-loss:  0.6638741367741635  train-loss:  0.534773183404468  lr:  1.9073486328125e-08
#epoch  121    val-loss:  0.672570454446893  train-loss:  0.535015067551285  lr:  1.9073486328125e-08
#epoch  122    val-loss:  0.6627644676911203  train-loss:  0.5348969511687756  lr:  1.9073486328125e-08
#epoch  123    val-loss:  0.6651237293293601  train-loss:  0.5347854531137273  lr:  1.9073486328125e-08
#epoch  124    val-loss:  0.6613136404439023  train-loss:  0.5347316334955394  lr:  1.9073486328125e-08
#epoch  125    val-loss:  0.6710887268969887  train-loss:  0.5349468960193917  lr:  1.9073486328125e-08
#epoch  126    val-loss:  0.6605413524728072  train-loss:  0.5351721256738529  lr:  1.9073486328125e-08
#epoch  127    val-loss:  0.6640836690601549  train-loss:  0.534890829352662  lr:  1.9073486328125e-08
#epoch  128    val-loss:  0.6632823442157946  train-loss:  0.5349531066603959  lr:  1.9073486328125e-08
#epoch  129    val-loss:  0.6646997614910728  train-loss:  0.5349706774577498  lr:  1.9073486328125e-08
#epoch  130    val-loss:  0.6644763821049741  train-loss:  0.5348762945504859  lr:  1.9073486328125e-08
#epoch  131    val-loss:  0.6716529444644326  train-loss:  0.534856085665524  lr:  1.9073486328125e-08
#epoch  132    val-loss:  0.6640793618402983  train-loss:  0.5348060711985454  lr:  1.9073486328125e-08
#epoch  133    val-loss:  0.6735608138536152  train-loss:  0.5350093203596771  lr:  1.9073486328125e-08
#epoch  134    val-loss:  0.6712642845354582  train-loss:  0.5347120291553438  lr:  1.9073486328125e-08
#epoch  135    val-loss:  0.6651403527510794  train-loss:  0.534914689604193  lr:  1.9073486328125e-08
#epoch  136    val-loss:  0.6714949168657002  train-loss:  0.5350777053972706  lr:  1.9073486328125e-08
#epoch  137    val-loss:  0.6627783524362665  train-loss:  0.534807721269317  lr:  1.9073486328125e-08
#epoch  138    val-loss:  0.6671187940396761  train-loss:  0.5347852947888896  lr:  1.9073486328125e-08
#epoch  139    val-loss:  0.6653242895477697  train-loss:  0.5349832514766604  lr:  1.9073486328125e-08
#epoch  140    val-loss:  0.6709878915234616  train-loss:  0.5348593622911721  lr:  1.9073486328125e-08
#epoch  141    val-loss:  0.6686354154034665  train-loss:  0.5350194660713896  lr:  1.9073486328125e-08
#epoch  142    val-loss:  0.6620781703999168  train-loss:  0.5349555088905618  lr:  1.9073486328125e-08
#epoch  143    val-loss:  0.671970546245575  train-loss:  0.5349673704477027  lr:  1.9073486328125e-08
#epoch  144    val-loss:  0.662152952269504  train-loss:  0.5349253817694262  lr:  1.9073486328125e-08
#epoch  145    val-loss:  0.6638605626005876  train-loss:  0.5349473474780098  lr:  1.9073486328125e-08
#epoch  146    val-loss:  0.6617130197976765  train-loss:  0.5349853218067437  lr:  1.9073486328125e-08
#epoch  147    val-loss:  0.6715328787502489  train-loss:  0.5351094845682383  lr:  1.9073486328125e-08
#epoch  148    val-loss:  0.6718299608481558  train-loss:  0.5349599224282429  lr:  1.9073486328125e-08
#epoch  149    val-loss:  0.6629828120532789  train-loss:  0.5348674237029627  lr:  1.9073486328125e-08
#epoch  150    val-loss:  0.6629732345279894  train-loss:  0.5349643434165046  lr:  1.9073486328125e-08
#epoch  151    val-loss:  0.6634967891793502  train-loss:  0.5349404675653204  lr:  1.9073486328125e-08
#epoch  152    val-loss:  0.6626291055428354  train-loss:  0.5349686577683315  lr:  1.9073486328125e-08
#epoch  153    val-loss:  0.6632156685778969  train-loss:  0.5349520079325885  lr:  1.9073486328125e-08
#epoch  154    val-loss:  0.6667956709861755  train-loss:  0.5348283643834293  lr:  1.9073486328125e-08
#epoch  155    val-loss:  0.6707299163467005  train-loss:  0.5349143765633926  lr:  1.9073486328125e-08
#epoch  156    val-loss:  0.6626819560402318  train-loss:  0.5351605782052502  lr:  1.9073486328125e-08
#epoch  157    val-loss:  0.6619850899043837  train-loss:  0.5350669735344127  lr:  1.9073486328125e-08
#epoch  158    val-loss:  0.6618949049397519  train-loss:  0.5348479519598186  lr:  1.9073486328125e-08
#epoch  159    val-loss:  0.6599203222676328  train-loss:  0.5348574067465961  lr:  1.9073486328125e-08
#epoch  160    val-loss:  0.6623467050100628  train-loss:  0.5348077123053372  lr:  1.9073486328125e-08
#epoch  161    val-loss:  0.6624324855051542  train-loss:  0.5349724224070087  lr:  1.9073486328125e-08
#epoch  162    val-loss:  0.6635900798596834  train-loss:  0.5350085815880448  lr:  1.9073486328125e-08
#epoch  163    val-loss:  0.6656179710438377  train-loss:  0.534961742698215  lr:  1.9073486328125e-08
#epoch  164    val-loss:  0.6709812816820646  train-loss:  0.534729341045022  lr:  1.9073486328125e-08
#epoch  165    val-loss:  0.6672561545121042  train-loss:  0.5348724720533937  lr:  1.9073486328125e-08
#epoch  166    val-loss:  0.6743572730767099  train-loss:  0.5350405924255028  lr:  1.9073486328125e-08
#epoch  167    val-loss:  0.6622491729886908  train-loss:  0.5348160535795614  lr:  1.9073486328125e-08
#epoch  168    val-loss:  0.6618258670756691  train-loss:  0.5347314114915207  lr:  1.9073486328125e-08
#epoch  169    val-loss:  0.664942270831058  train-loss:  0.5348994728410617  lr:  1.9073486328125e-08
#epoch  170    val-loss:  0.663196745671724  train-loss:  0.5347019007895142  lr:  1.9073486328125e-08
#epoch  171    val-loss:  0.6606258498994928  train-loss:  0.5347947936970741  lr:  1.9073486328125e-08
#epoch  172    val-loss:  0.6638410091400146  train-loss:  0.5349513059481978  lr:  1.9073486328125e-08
#epoch  173    val-loss:  0.6731061558974417  train-loss:  0.5348458018852398  lr:  1.9073486328125e-08
#epoch  174    val-loss:  0.6686821611304032  train-loss:  0.5347959018545225  lr:  1.9073486328125e-08
#epoch  175    val-loss:  0.6699259688979701  train-loss:  0.5348029810702428  lr:  1.9073486328125e-08
#epoch  176    val-loss:  0.6612867179669832  train-loss:  0.5347622835543007  lr:  1.9073486328125e-08
#epoch  177    val-loss:  0.6635964105003759  train-loss:  0.5350083755329251  lr:  1.9073486328125e-08
#epoch  178    val-loss:  0.6675532993517423  train-loss:  0.5350296013057232  lr:  1.9073486328125e-08
#epoch  179    val-loss:  0.6601733251621849  train-loss:  0.5348276935983449  lr:  1.9073486328125e-08
#epoch  180    val-loss:  0.673662709562402  train-loss:  0.5348987956531346  lr:  1.9073486328125e-08
#epoch  181    val-loss:  0.66714713761681  train-loss:  0.534844316309318  lr:  1.9073486328125e-08
#epoch  182    val-loss:  0.66118786209508  train-loss:  0.5348836475750431  lr:  1.9073486328125e-08
#epoch  183    val-loss:  0.6697010052831549  train-loss:  0.5350092138396576  lr:  1.9073486328125e-08
#epoch  184    val-loss:  0.6702898144721985  train-loss:  0.5348438997752964  lr:  1.9073486328125e-08
#epoch  185    val-loss:  0.6640927948449787  train-loss:  0.5350113986060023  lr:  1.9073486328125e-08
#epoch  186    val-loss:  0.6672928145057276  train-loss:  0.5351239365991205  lr:  1.9073486328125e-08
#epoch  187    val-loss:  0.6659573034236306  train-loss:  0.5348936216905713  lr:  1.9073486328125e-08
#epoch  188    val-loss:  0.6705021858215332  train-loss:  0.5347640903200954  lr:  1.9073486328125e-08
#epoch  189    val-loss:  0.6623140730355915  train-loss:  0.5347739919088781  lr:  1.9073486328125e-08
#epoch  190    val-loss:  0.6707517285096017  train-loss:  0.534830690943636  lr:  1.9073486328125e-08
#epoch  191    val-loss:  0.6665341320790743  train-loss:  0.5351186681073159  lr:  1.9073486328125e-08
#epoch  192    val-loss:  0.6699408135916057  train-loss:  0.5350103669334203  lr:  1.9073486328125e-08
#epoch  193    val-loss:  0.6647866368293762  train-loss:  0.5350082162767649  lr:  1.9073486328125e-08
#epoch  194    val-loss:  0.6623263547295019  train-loss:  0.534743563272059  lr:  1.9073486328125e-08
#epoch  195    val-loss:  0.6613494879321048  train-loss:  0.5348584902239963  lr:  1.9073486328125e-08
#epoch  196    val-loss:  0.6686020368023923  train-loss:  0.534795029903762  lr:  1.9073486328125e-08
#epoch  197    val-loss:  0.6634785595693087  train-loss:  0.5349828066537157  lr:  1.9073486328125e-08
#epoch  198    val-loss:  0.6617645997750131  train-loss:  0.5349795923102647  lr:  1.9073486328125e-08
#epoch  199    val-loss:  0.6635381830366034  train-loss:  0.5352171391714364  lr:  1.9073486328125e-08
#epoch  200    val-loss:  0.6659380385750219  train-loss:  0.5348467216826975  lr:  1.9073486328125e-08
#epoch  201    val-loss:  0.6716364057440507  train-loss:  0.5348144173622131  lr:  1.9073486328125e-08
#epoch  202    val-loss:  0.6625162143456308  train-loss:  0.5349194399314001  lr:  1.9073486328125e-08
#epoch  203    val-loss:  0.6630752933652777  train-loss:  0.5349012340884656  lr:  1.9073486328125e-08
#epoch  204    val-loss:  0.6703929744268718  train-loss:  0.5348369842395186  lr:  1.9073486328125e-08
#epoch  205    val-loss:  0.6688932964676305  train-loss:  0.5350770069053397  lr:  1.9073486328125e-08
#epoch  206    val-loss:  0.6755683924022474  train-loss:  0.5347852153936401  lr:  1.9073486328125e-08
#epoch  207    val-loss:  0.6669836734470568  train-loss:  0.5352274934994057  lr:  1.9073486328125e-08
#epoch  208    val-loss:  0.6622771495266965  train-loss:  0.534848983050324  lr:  1.9073486328125e-08
#epoch  209    val-loss:  0.6628569678256386  train-loss:  0.5350684401346371  lr:  1.9073486328125e-08
#epoch  210    val-loss:  0.6620824023296958  train-loss:  0.5347560229711235  lr:  1.9073486328125e-08
#epoch  211    val-loss:  0.6628731677406713  train-loss:  0.5348149803467095  lr:  1.9073486328125e-08
#epoch  212    val-loss:  0.6754890021524931  train-loss:  0.5349214136367664  lr:  1.9073486328125e-08
#epoch  213    val-loss:  0.663320033173812  train-loss:  0.5349460755242035  lr:  1.9073486328125e-08
#epoch  214    val-loss:  0.6690004373851576  train-loss:  0.5347793154651299  lr:  1.9073486328125e-08
#epoch  215    val-loss:  0.671163420928152  train-loss:  0.5353267856407911  lr:  1.9073486328125e-08
#epoch  216    val-loss:  0.6614940856632433  train-loss:  0.5350603759288788  lr:  1.9073486328125e-08
#epoch  217    val-loss:  0.6650817425627458  train-loss:  0.5350035008741543  lr:  1.9073486328125e-08
#epoch  218    val-loss:  0.6629266801633333  train-loss:  0.5348266391083598  lr:  1.9073486328125e-08
#epoch  219    val-loss:  0.6716309189796448  train-loss:  0.5350298051489517  lr:  1.9073486328125e-08
#epoch  220    val-loss:  0.6644212415343836  train-loss:  0.5349034334067255  lr:  1.9073486328125e-08
#epoch  221    val-loss:  0.6615077037560312  train-loss:  0.5351568835321814  lr:  1.9073486328125e-08
#epoch  222    val-loss:  0.6647040655738429  train-loss:  0.5348717517917976  lr:  1.9073486328125e-08
#epoch  223    val-loss:  0.664855094332444  train-loss:  0.534838096355088  lr:  1.9073486328125e-08
#epoch  224    val-loss:  0.6598175732712996  train-loss:  0.5348479828098789  lr:  1.9073486328125e-08
#epoch  225    val-loss:  0.6761502686299776  train-loss:  0.5349618901964277  lr:  1.9073486328125e-08
#epoch  226    val-loss:  0.6630556552033675  train-loss:  0.5347832151455805  lr:  1.9073486328125e-08
#epoch  227    val-loss:  0.6662622345121283  train-loss:  0.5349552844418213  lr:  1.9073486328125e-08
#epoch  228    val-loss:  0.6627671373517889  train-loss:  0.5348158765118569  lr:  1.9073486328125e-08
#epoch  229    val-loss:  0.6671722970510784  train-loss:  0.5350378573639318  lr:  1.9073486328125e-08
#epoch  230    val-loss:  0.6659606161870455  train-loss:  0.5351163395680487  lr:  1.9073486328125e-08
#epoch  231    val-loss:  0.6693116269613567  train-loss:  0.5347248319303617  lr:  1.9073486328125e-08
#epoch  232    val-loss:  0.6634454005642941  train-loss:  0.5348632135428488  lr:  1.9073486328125e-08
#epoch  233    val-loss:  0.672280634704389  train-loss:  0.5348095133667812  lr:  1.9073486328125e-08
#epoch  234    val-loss:  0.6627588617174249  train-loss:  0.5349538660375401  lr:  1.9073486328125e-08
#epoch  235    val-loss:  0.6671950377916035  train-loss:  0.534899030579254  lr:  1.9073486328125e-08
#epoch  236    val-loss:  0.6623663682686655  train-loss:  0.5348322569625452  lr:  1.9073486328125e-08
#epoch  237    val-loss:  0.6637113062958968  train-loss:  0.5350129932630807  lr:  1.9073486328125e-08
#epoch  238    val-loss:  0.6594049083559137  train-loss:  0.5347847959492356  lr:  1.9073486328125e-08
#epoch  239    val-loss:  0.6641856620186254  train-loss:  0.534730814397335  lr:  1.9073486328125e-08
#epoch  240    val-loss:  0.6688347584322879  train-loss:  0.5348538779653609  lr:  1.9073486328125e-08
#epoch  241    val-loss:  0.6613304709133349  train-loss:  0.5348592473892495  lr:  1.9073486328125e-08
#epoch  242    val-loss:  0.6623370082754838  train-loss:  0.5349560251925141  lr:  1.9073486328125e-08
#epoch  243    val-loss:  0.6675173106946444  train-loss:  0.5350338839925826  lr:  1.9073486328125e-08
#epoch  244    val-loss:  0.6614933860929388  train-loss:  0.5348305423976853  lr:  1.9073486328125e-08
#epoch  245    val-loss:  0.6609025472088864  train-loss:  0.5349289913428947  lr:  1.9073486328125e-08
#epoch  246    val-loss:  0.6656761075320997  train-loss:  0.5348731901030988  lr:  1.9073486328125e-08
#epoch  247    val-loss:  0.665817960312492  train-loss:  0.5346924426266924  lr:  1.9073486328125e-08
#epoch  248    val-loss:  0.6654350757598877  train-loss:  0.5348288060631603  lr:  1.9073486328125e-08
#epoch  249    val-loss:  0.6621232566080595  train-loss:  0.5347723610466346  lr:  1.9073486328125e-08
#epoch  250    val-loss:  0.6620005149590341  train-loss:  0.5350031399866566  lr:  1.9073486328125e-08
#epoch  251    val-loss:  0.6648155576304385  train-loss:  0.5349406985333189  lr:  1.9073486328125e-08
#epoch  252    val-loss:  0.6644306810278642  train-loss:  0.5350154970074072  lr:  1.9073486328125e-08
#epoch  253    val-loss:  0.6697282759766829  train-loss:  0.5349682853557169  lr:  1.9073486328125e-08
#epoch  254    val-loss:  0.6645897752360294  train-loss:  0.5348819128703326  lr:  1.9073486328125e-08
#epoch  255    val-loss:  0.6671538792158428  train-loss:  0.5348614389076829  lr:  1.9073486328125e-08
#epoch  256    val-loss:  0.6665870923745004  train-loss:  0.5350459518376738  lr:  1.9073486328125e-08
#epoch  257    val-loss:  0.6685463221449601  train-loss:  0.5348113048821688  lr:  1.9073486328125e-08
#epoch  258    val-loss:  0.664948582649231  train-loss:  0.5348179788561538  lr:  1.9073486328125e-08
#epoch  259    val-loss:  0.6624231369871842  train-loss:  0.5349745796993375  lr:  1.9073486328125e-08
#epoch  260    val-loss:  0.6636530411870856  train-loss:  0.5346391284838319  lr:  1.9073486328125e-08
#epoch  261    val-loss:  0.6600648478457802  train-loss:  0.5353345886105672  lr:  1.9073486328125e-08
#epoch  262    val-loss:  0.6644638682666578  train-loss:  0.5347028638934717  lr:  1.9073486328125e-08
#epoch  263    val-loss:  0.6654681155556127  train-loss:  0.5347699206322432  lr:  1.9073486328125e-08
#epoch  264    val-loss:  0.6646063265047575  train-loss:  0.5348462243564427  lr:  1.9073486328125e-08
#epoch  265    val-loss:  0.6725383777367441  train-loss:  0.5349453176604584  lr:  1.9073486328125e-08
#epoch  266    val-loss:  0.6676320904179623  train-loss:  0.5348597944248468  lr:  1.9073486328125e-08
#epoch  267    val-loss:  0.669111452604595  train-loss:  0.5349923120811582  lr:  1.9073486328125e-08
#epoch  268    val-loss:  0.668471518315767  train-loss:  0.535125647787936  lr:  1.9073486328125e-08
#epoch  269    val-loss:  0.6760195462327254  train-loss:  0.5351815726608038  lr:  1.9073486328125e-08
#epoch  270    val-loss:  0.6721317109308744  train-loss:  0.5351220619631931  lr:  1.9073486328125e-08
#epoch  271    val-loss:  0.6690022631695396  train-loss:  0.5348559875274077  lr:  1.9073486328125e-08
#epoch  272    val-loss:  0.6633385388474715  train-loss:  0.5351712636183947  lr:  1.9073486328125e-08
#epoch  273    val-loss:  0.6625363356188724  train-loss:  0.5349408908514306  lr:  1.9073486328125e-08
#epoch  274    val-loss:  0.6628212928771973  train-loss:  0.5348289404064417  lr:  1.9073486328125e-08
#epoch  275    val-loss:  0.6656514092495567  train-loss:  0.534969317028299  lr:  1.9073486328125e-08
#epoch  276    val-loss:  0.6605572575017026  train-loss:  0.5349442997248843  lr:  1.9073486328125e-08
#epoch  277    val-loss:  0.6648930593540794  train-loss:  0.5350395513232797  lr:  1.9073486328125e-08
#epoch  278    val-loss:  0.6633324591737044  train-loss:  0.5348928016610444  lr:  1.9073486328125e-08
#epoch  279    val-loss:  0.6625675339447824  train-loss:  0.5346848362823948  lr:  1.9073486328125e-08
#epoch  280    val-loss:  0.6602550337189123  train-loss:  0.5349870298523456  lr:  1.9073486328125e-08
#epoch  281    val-loss:  0.6654068200211776  train-loss:  0.534800919238478  lr:  1.9073486328125e-08
#epoch  282    val-loss:  0.6754691726283023  train-loss:  0.5346784526482224  lr:  1.9073486328125e-08
#epoch  283    val-loss:  0.6639603909693266  train-loss:  0.5349560796748847  lr:  1.9073486328125e-08
#epoch  284    val-loss:  0.6615591331532127  train-loss:  0.5347540797665715  lr:  1.9073486328125e-08
#epoch  285    val-loss:  0.6627077805368524  train-loss:  0.534840157139115  lr:  1.9073486328125e-08
#epoch  286    val-loss:  0.6623675195794356  train-loss:  0.535118974163197  lr:  1.9073486328125e-08
#epoch  287    val-loss:  0.6687327999817697  train-loss:  0.5350171207683161  lr:  1.9073486328125e-08
#epoch  288    val-loss:  0.6644680092209264  train-loss:  0.5348975599044934  lr:  1.9073486328125e-08
#epoch  289    val-loss:  0.6593782964505648  train-loss:  0.5350474161095917  lr:  1.9073486328125e-08
#epoch  290    val-loss:  0.6646050653959575  train-loss:  0.5349858223926276  lr:  1.9073486328125e-08
#epoch  291    val-loss:  0.6671628920655501  train-loss:  0.5349683640524745  lr:  1.9073486328125e-08
#epoch  292    val-loss:  0.6692536818353754  train-loss:  0.5348203541943803  lr:  1.9073486328125e-08
#epoch  293    val-loss:  0.6641312429779455  train-loss:  0.5348390255821869  lr:  1.9073486328125e-08
#epoch  294    val-loss:  0.6661365314533836  train-loss:  0.534963775309734  lr:  1.9073486328125e-08
#epoch  295    val-loss:  0.6643883460446408  train-loss:  0.535120569402352  lr:  1.9073486328125e-08
#epoch  296    val-loss:  0.6710299535801536  train-loss:  0.5348290127003565  lr:  1.9073486328125e-08
#epoch  297    val-loss:  0.6686356914670843  train-loss:  0.5351841937517747  lr:  1.9073486328125e-08
#epoch  298    val-loss:  0.674312927220997  train-loss:  0.5351988419424742  lr:  1.9073486328125e-08
#epoch  299    val-loss:  0.6680256536132411  train-loss:  0.5347999534569681  lr:  1.9073486328125e-08
#epoch  300    val-loss:  0.6621256219713312  train-loss:  0.534940269892104  lr:  1.9073486328125e-08
#epoch  301    val-loss:  0.6646472121539869  train-loss:  0.5348323850193992  lr:  1.9073486328125e-08
#epoch  302    val-loss:  0.6651979402491921  train-loss:  0.5350123696262017  lr:  1.9073486328125e-08
#epoch  303    val-loss:  0.6618028596827858  train-loss:  0.5349207249237224  lr:  1.9073486328125e-08
#epoch  304    val-loss:  0.6632640487269351  train-loss:  0.5347087536938488  lr:  1.9073486328125e-08
#epoch  305    val-loss:  0.6655816498555636  train-loss:  0.5347331271041185  lr:  1.9073486328125e-08
#epoch  306    val-loss:  0.6659903777273077  train-loss:  0.5348295879084617  lr:  1.9073486328125e-08
#epoch  307    val-loss:  0.6674533204028481  train-loss:  0.5348308966495097  lr:  1.9073486328125e-08
#epoch  308    val-loss:  0.6676886646371138  train-loss:  0.5349559374153614  lr:  1.9073486328125e-08
#epoch  309    val-loss:  0.6677290922717044  train-loss:  0.5349035812541842  lr:  1.9073486328125e-08
#epoch  310    val-loss:  0.6701381802558899  train-loss:  0.5349428992485628  lr:  1.9073486328125e-08
#epoch  311    val-loss:  0.6751142677507902  train-loss:  0.5348507129820064  lr:  1.9073486328125e-08
#epoch  312    val-loss:  0.6709621015347933  train-loss:  0.5348074603825808  lr:  1.9073486328125e-08
#epoch  313    val-loss:  0.6651004866549843  train-loss:  0.5347616245271638  lr:  1.9073486328125e-08
#epoch  314    val-loss:  0.6730400292496932  train-loss:  0.5349380229599774  lr:  1.9073486328125e-08
#epoch  315    val-loss:  0.6754159425434313  train-loss:  0.5349073717370629  lr:  1.9073486328125e-08
#epoch  316    val-loss:  0.6696734930339613  train-loss:  0.5348618025891483  lr:  1.9073486328125e-08
#epoch  317    val-loss:  0.6622804340563322  train-loss:  0.5349138510646299  lr:  1.9073486328125e-08
#epoch  318    val-loss:  0.6605971800653558  train-loss:  0.5353101086802781  lr:  1.9073486328125e-08
#epoch  319    val-loss:  0.6621388322428653  train-loss:  0.5348680869210511  lr:  1.9073486328125e-08
#epoch  320    val-loss:  0.6741482333133095  train-loss:  0.5348158562555909  lr:  1.9073486328125e-08
#epoch  321    val-loss:  0.6689740074308295  train-loss:  0.5349838891997933  lr:  1.9073486328125e-08
#epoch  322    val-loss:  0.6667311128817106  train-loss:  0.5347316712141037  lr:  1.9073486328125e-08
#epoch  323    val-loss:  0.6647365093231201  train-loss:  0.5348932672059163  lr:  1.9073486328125e-08
#epoch  324    val-loss:  0.6631988004634255  train-loss:  0.5351122946012765  lr:  1.9073486328125e-08
#epoch  325    val-loss:  0.6685503972204108  train-loss:  0.5350313743110746  lr:  1.9073486328125e-08
#epoch  326    val-loss:  0.6689491711164776  train-loss:  0.5348069689935073  lr:  1.9073486328125e-08
#epoch  327    val-loss:  0.6689863299068651  train-loss:  0.5347730283392593  lr:  1.9073486328125e-08
#epoch  328    val-loss:  0.6684793829917908  train-loss:  0.5348179684951901  lr:  1.9073486328125e-08
#epoch  329    val-loss:  0.6623532395613821  train-loss:  0.5351336175808683  lr:  1.9073486328125e-08
#epoch  330    val-loss:  0.6607632542911329  train-loss:  0.5350114514585584  lr:  1.9073486328125e-08
#epoch  331    val-loss:  0.6669625169352481  train-loss:  0.535010771243833  lr:  1.9073486328125e-08
#epoch  332    val-loss:  0.6634098416880557  train-loss:  0.5350732106016949  lr:  1.9073486328125e-08
#epoch  333    val-loss:  0.6622125286805002  train-loss:  0.5347393804695457  lr:  1.9073486328125e-08
#epoch  334    val-loss:  0.6672239868264449  train-loss:  0.535032746149227  lr:  1.9073486328125e-08
#epoch  335    val-loss:  0.6646189219073245  train-loss:  0.5348759322660044  lr:  1.9073486328125e-08
#epoch  336    val-loss:  0.6641534566879272  train-loss:  0.5347485535312444  lr:  1.9073486328125e-08
#epoch  337    val-loss:  0.6641674951503151  train-loss:  0.5349076978163794  lr:  1.9073486328125e-08
#epoch  338    val-loss:  0.6619392570696379  train-loss:  0.5350393356056884  lr:  1.9073486328125e-08
#epoch  339    val-loss:  0.6633064244922838  train-loss:  0.534857889637351  lr:  1.9073486328125e-08
#epoch  340    val-loss:  0.6733964273804113  train-loss:  0.534812520374544  lr:  1.9073486328125e-08
#epoch  341    val-loss:  0.6641636522192704  train-loss:  0.5347365179331973  lr:  1.9073486328125e-08
#epoch  342    val-loss:  0.6606545228707162  train-loss:  0.5349980385508388  lr:  1.9073486328125e-08
#epoch  343    val-loss:  0.6635315543726871  train-loss:  0.5348134179366753  lr:  1.9073486328125e-08
#epoch  344    val-loss:  0.6680380168714022  train-loss:  0.5349937956780195  lr:  1.9073486328125e-08
#epoch  345    val-loss:  0.6703498896799589  train-loss:  0.5348332137800753  lr:  1.9073486328125e-08
#epoch  346    val-loss:  0.6630042791366577  train-loss:  0.5347795163979754  lr:  1.9073486328125e-08
#epoch  347    val-loss:  0.6599944265265214  train-loss:  0.5349177318857983  lr:  1.9073486328125e-08
#epoch  348    val-loss:  0.6619598269462585  train-loss:  0.5349875860847533  lr:  1.9073486328125e-08
#epoch  349    val-loss:  0.6640136712475827  train-loss:  0.5349911375669762  lr:  1.9073486328125e-08
#epoch  350    val-loss:  0.6735776317747015  train-loss:  0.5350054807495326  lr:  1.9073486328125e-08
#epoch  351    val-loss:  0.6626796628299513  train-loss:  0.5348566285101697  lr:  1.9073486328125e-08
#epoch  352    val-loss:  0.662331477591866  train-loss:  0.5347376181744039  lr:  1.9073486328125e-08
#epoch  353    val-loss:  0.6751884378884968  train-loss:  0.5348096900852397  lr:  1.9073486328125e-08
#epoch  354    val-loss:  0.6636969572619388  train-loss:  0.5348394863540307  lr:  1.9073486328125e-08
#epoch  355    val-loss:  0.6621954378328825  train-loss:  0.5348866356071085  lr:  1.9073486328125e-08
#epoch  356    val-loss:  0.6620534093756425  train-loss:  0.5349383506691083  lr:  1.9073486328125e-08
#epoch  357    val-loss:  0.6682493027887846  train-loss:  0.5348977523390204  lr:  1.9073486328125e-08
#epoch  358    val-loss:  0.6637917380583914  train-loss:  0.5347473293077201  lr:  1.9073486328125e-08
#epoch  359    val-loss:  0.6686339786178187  train-loss:  0.5349310641176999  lr:  1.9073486328125e-08
#epoch  360    val-loss:  0.6625233104354457  train-loss:  0.5349005393218249  lr:  1.9073486328125e-08
#epoch  361    val-loss:  0.6609193745412325  train-loss:  0.5348103614524007  lr:  1.9073486328125e-08
#epoch  362    val-loss:  0.6618096452010306  train-loss:  0.5349202593788505  lr:  1.9073486328125e-08
#epoch  363    val-loss:  0.6642466469814903  train-loss:  0.5349075652193278  lr:  1.9073486328125e-08
#epoch  364    val-loss:  0.6689169281407407  train-loss:  0.5348959886468947  lr:  1.9073486328125e-08
#epoch  365    val-loss:  0.6609548706757394  train-loss:  0.5348750234115869  lr:  1.9073486328125e-08
#epoch  366    val-loss:  0.6633274178755911  train-loss:  0.5348732779966667  lr:  1.9073486328125e-08
#epoch  367    val-loss:  0.6667427075536627  train-loss:  0.5348866808926687  lr:  1.9073486328125e-08
#epoch  368    val-loss:  0.6649118379542702  train-loss:  0.5347652222262695  lr:  1.9073486328125e-08
#epoch  369    val-loss:  0.6619718953182823  train-loss:  0.5347045544767752  lr:  1.9073486328125e-08
#epoch  370    val-loss:  0.6641218442665903  train-loss:  0.5347007503733039  lr:  1.9073486328125e-08
#epoch  371    val-loss:  0.6608473031144393  train-loss:  0.5348173043457791  lr:  1.9073486328125e-08
#epoch  372    val-loss:  0.6706062492571379  train-loss:  0.5349954203702509  lr:  1.9073486328125e-08
#epoch  373    val-loss:  0.6668723068739238  train-loss:  0.5348788287956268  lr:  1.9073486328125e-08
#epoch  374    val-loss:  0.6622851020411441  train-loss:  0.5348878127988428  lr:  1.9073486328125e-08
#epoch  375    val-loss:  0.6602181886371813  train-loss:  0.5348602052545175  lr:  1.9073486328125e-08
#epoch  376    val-loss:  0.6630417641840483  train-loss:  0.534836589009501  lr:  1.9073486328125e-08
#epoch  377    val-loss:  0.6723264738133079  train-loss:  0.5347104057436809  lr:  1.9073486328125e-08
#epoch  378    val-loss:  0.6684693694114685  train-loss:  0.5347817169968039  lr:  1.9073486328125e-08
#epoch  379    val-loss:  0.6656021036599812  train-loss:  0.5348907575244084  lr:  1.9073486328125e-08
#epoch  380    val-loss:  0.667154472125204  train-loss:  0.5349285405827686  lr:  1.9073486328125e-08
#epoch  381    val-loss:  0.6647670237641585  train-loss:  0.5347633552737534  lr:  1.9073486328125e-08
#epoch  382    val-loss:  0.6654656717651769  train-loss:  0.5348231957759708  lr:  1.9073486328125e-08
#epoch  383    val-loss:  0.6603093241390429  train-loss:  0.5348655418492854  lr:  1.9073486328125e-08
#epoch  384    val-loss:  0.6620791868159646  train-loss:  0.5349464964820072  lr:  1.9073486328125e-08
#epoch  385    val-loss:  0.661512227434861  train-loss:  0.5348466149298474  lr:  1.9073486328125e-08
#epoch  386    val-loss:  0.6682540586120204  train-loss:  0.5347635870566592  lr:  1.9073486328125e-08
#epoch  387    val-loss:  0.6715891518090901  train-loss:  0.5352649439591914  lr:  1.9073486328125e-08
#epoch  388    val-loss:  0.6718017929478696  train-loss:  0.5349756674841046  lr:  1.9073486328125e-08
#epoch  389    val-loss:  0.6616619793992293  train-loss:  0.5348633307730779  lr:  1.9073486328125e-08
#epoch  390    val-loss:  0.6676830555263319  train-loss:  0.5347520502982661  lr:  1.9073486328125e-08
#epoch  391    val-loss:  0.6639458631214342  train-loss:  0.5348115388769656  lr:  1.9073486328125e-08
#epoch  392    val-loss:  0.6626388681562323  train-loss:  0.5349840186536312  lr:  1.9073486328125e-08
#epoch  393    val-loss:  0.6617446196706671  train-loss:  0.5349839153932407  lr:  1.9073486328125e-08
#epoch  394    val-loss:  0.6709869284378854  train-loss:  0.5350718444678932  lr:  1.9073486328125e-08
#epoch  395    val-loss:  0.6607635460401836  train-loss:  0.5348056440707296  lr:  1.9073486328125e-08
#epoch  396    val-loss:  0.6711403602047971  train-loss:  0.5348231075331569  lr:  1.9073486328125e-08
#epoch  397    val-loss:  0.6719485082124409  train-loss:  0.5348383439704776  lr:  1.9073486328125e-08
#epoch  398    val-loss:  0.662101569928621  train-loss:  0.534787529380992  lr:  1.9073486328125e-08
#epoch  399    val-loss:  0.6627206959222492  train-loss:  0.5348102048737928  lr:  1.9073486328125e-08
#epoch  400    val-loss:  0.6594399496128684  train-loss:  0.5348929709289223  lr:  1.9073486328125e-08
#epoch  401    val-loss:  0.6613817811012268  train-loss:  0.5348953320644796  lr:  1.9073486328125e-08
#epoch  402    val-loss:  0.6696809906708566  train-loss:  0.5348560204729438  lr:  1.9073486328125e-08
#epoch  403    val-loss:  0.6756706708355954  train-loss:  0.5351550311315805  lr:  1.9073486328125e-08
#epoch  404    val-loss:  0.6685623997136166  train-loss:  0.5349138673627749  lr:  1.9073486328125e-08
#epoch  405    val-loss:  0.6642525886234484  train-loss:  0.5348577885888517  lr:  1.9073486328125e-08
#epoch  406    val-loss:  0.6696862797988089  train-loss:  0.534920719335787  lr:  1.9073486328125e-08
#epoch  407    val-loss:  0.6681833110357586  train-loss:  0.534721941454336  lr:  1.9073486328125e-08
#epoch  408    val-loss:  0.6712573264774523  train-loss:  0.5350177766522393  lr:  1.9073486328125e-08
#epoch  409    val-loss:  0.6648349197287309  train-loss:  0.5349645221140236  lr:  1.9073486328125e-08
#epoch  410    val-loss:  0.6759570680166546  train-loss:  0.534924772917293  lr:  1.9073486328125e-08
#epoch  411    val-loss:  0.6625426442999589  train-loss:  0.5348939814139158  lr:  1.9073486328125e-08
#epoch  412    val-loss:  0.6752997260344656  train-loss:  0.5349213457666337  lr:  1.9073486328125e-08
#epoch  413    val-loss:  0.6723228034220243  train-loss:  0.5348998435074463  lr:  1.9073486328125e-08
#epoch  414    val-loss:  0.663575718277379  train-loss:  0.5352048655040562  lr:  1.9073486328125e-08
#epoch  415    val-loss:  0.6617148393078854  train-loss:  0.5349961643805727  lr:  1.9073486328125e-08
#epoch  416    val-loss:  0.6688113683148434  train-loss:  0.5349884979659691  lr:  1.9073486328125e-08
#epoch  417    val-loss:  0.6598414966934606  train-loss:  0.5350380941526964  lr:  1.9073486328125e-08
#epoch  418    val-loss:  0.6665491304899517  train-loss:  0.5347681555431336  lr:  1.9073486328125e-08
#epoch  419    val-loss:  0.6670365490411457  train-loss:  0.5350175139028579  lr:  1.9073486328125e-08
#epoch  420    val-loss:  0.6633634379035548  train-loss:  0.5349554953863844  lr:  1.9073486328125e-08
#epoch  421    val-loss:  0.6620304208052786  train-loss:  0.5348809307906777  lr:  1.9073486328125e-08
#epoch  422    val-loss:  0.6625280097911233  train-loss:  0.5349410080816597  lr:  1.9073486328125e-08
#epoch  423    val-loss:  0.662020720933613  train-loss:  0.5350597148062661  lr:  1.9073486328125e-08
#epoch  424    val-loss:  0.6684111921410811  train-loss:  0.5347929376875982  lr:  1.9073486328125e-08
#epoch  425    val-loss:  0.6659624482456007  train-loss:  0.5351275417488068  lr:  1.9073486328125e-08
#epoch  426    val-loss:  0.6627422477069654  train-loss:  0.5348397841444239  lr:  1.9073486328125e-08
#epoch  427    val-loss:  0.66440412872716  train-loss:  0.534678265103139  lr:  1.9073486328125e-08
#epoch  428    val-loss:  0.6654784679412842  train-loss:  0.5347937069600448  lr:  1.9073486328125e-08
#epoch  429    val-loss:  0.6627916599574842  train-loss:  0.5346528984373435  lr:  1.9073486328125e-08
#epoch  430    val-loss:  0.6638292074203491  train-loss:  0.5348278414458036  lr:  1.9073486328125e-08
#epoch  431    val-loss:  0.6653529844785991  train-loss:  0.5347704383311793  lr:  1.9073486328125e-08
#epoch  432    val-loss:  0.670311218813846  train-loss:  0.5351278319722041  lr:  1.9073486328125e-08
#epoch  433    val-loss:  0.6647026099656758  train-loss:  0.5350438831374049  lr:  1.9073486328125e-08
#epoch  434    val-loss:  0.6684707528666446  train-loss:  0.5349361692788079  lr:  1.9073486328125e-08
#epoch  435    val-loss:  0.6602361578690378  train-loss:  0.5349579532630742  lr:  1.9073486328125e-08
#epoch  436    val-loss:  0.6623635637132745  train-loss:  0.5347420194884762  lr:  1.9073486328125e-08
#epoch  437    val-loss:  0.6644358980028253  train-loss:  0.5347296285908669  lr:  1.9073486328125e-08
#epoch  438    val-loss:  0.6625242076422039  train-loss:  0.5350255630910397  lr:  1.9073486328125e-08
#epoch  439    val-loss:  0.6693141962352552  train-loss:  0.5354395090835169  lr:  1.9073486328125e-08
#epoch  440    val-loss:  0.6647416855159559  train-loss:  0.5348848784342408  lr:  1.9073486328125e-08
#epoch  441    val-loss:  0.6653174506990533  train-loss:  0.5349604142829776  lr:  1.9073486328125e-08
#epoch  442    val-loss:  0.6643746087425634  train-loss:  0.5347570388112217  lr:  1.9073486328125e-08
#epoch  443    val-loss:  0.6648786413042169  train-loss:  0.5349513377295807  lr:  1.9073486328125e-08
#epoch  444    val-loss:  0.6641332507133484  train-loss:  0.534898862009868  lr:  1.9073486328125e-08
#epoch  445    val-loss:  0.66001663396233  train-loss:  0.5348942591808736  lr:  1.9073486328125e-08
#epoch  446    val-loss:  0.6631351050577665  train-loss:  0.5350821944884956  lr:  1.9073486328125e-08
#epoch  447    val-loss:  0.6696948001259252  train-loss:  0.534989720210433  lr:  1.9073486328125e-08
#epoch  448    val-loss:  0.664303045523794  train-loss:  0.5348833419848233  lr:  1.9073486328125e-08
#epoch  449    val-loss:  0.6630169059100904  train-loss:  0.5348263788037002  lr:  1.9073486328125e-08
#epoch  450    val-loss:  0.662334752710242  train-loss:  0.5349010787904263  lr:  1.9073486328125e-08
#epoch  451    val-loss:  0.6620165172376131  train-loss:  0.5349231752334163  lr:  1.9073486328125e-08
#epoch  452    val-loss:  0.6646996611043027  train-loss:  0.535018234164454  lr:  1.9073486328125e-08
#epoch  453    val-loss:  0.6686865812853763  train-loss:  0.5347866408992559  lr:  1.9073486328125e-08
#epoch  454    val-loss:  0.6682311076866952  train-loss:  0.5350083287339658  lr:  1.9073486328125e-08
#epoch  455    val-loss:  0.6692682034090945  train-loss:  0.534792241640389  lr:  1.9073486328125e-08
#epoch  456    val-loss:  0.6706777967904743  train-loss:  0.5348821812076494  lr:  1.9073486328125e-08
#epoch  457    val-loss:  0.6623502342324508  train-loss:  0.5348741590278223  lr:  1.9073486328125e-08
#epoch  458    val-loss:  0.6617692552114788  train-loss:  0.5348870410816744  lr:  1.9073486328125e-08
#epoch  459    val-loss:  0.6616543280450922  train-loss:  0.5354736365843564  lr:  1.9073486328125e-08
#epoch  460    val-loss:  0.6630013020415055  train-loss:  0.5349465162726119  lr:  1.9073486328125e-08
#epoch  461    val-loss:  0.6618472965140092  train-loss:  0.5346763109555468  lr:  1.9073486328125e-08
#epoch  462    val-loss:  0.664315120169991  train-loss:  0.534754482563585  lr:  1.9073486328125e-08
#epoch  463    val-loss:  0.6619217427153337  train-loss:  0.5349708147114143  lr:  1.9073486328125e-08
#epoch  464    val-loss:  0.669788542546724  train-loss:  0.5349506166530773  lr:  1.9073486328125e-08
#epoch  465    val-loss:  0.6668342979330766  train-loss:  0.5348661617608741  lr:  1.9073486328125e-08
#epoch  466    val-loss:  0.6622837876018725  train-loss:  0.5349192494759336  lr:  1.9073486328125e-08
#epoch  467    val-loss:  0.6625837338598151  train-loss:  0.5348847537534311  lr:  1.9073486328125e-08
#epoch  468    val-loss:  0.6609879763502824  train-loss:  0.534870010218583  lr:  1.9073486328125e-08
#epoch  469    val-loss:  0.6623664278733102  train-loss:  0.5349965683417395  lr:  1.9073486328125e-08
#epoch  470    val-loss:  0.6655833187856173  train-loss:  0.534877288970165  lr:  1.9073486328125e-08
#epoch  471    val-loss:  0.6627921148350364  train-loss:  0.5349725483683869  lr:  1.9073486328125e-08
#epoch  472    val-loss:  0.6600788831710815  train-loss:  0.5348010128363967  lr:  1.9073486328125e-08
#epoch  473    val-loss:  0.6722410164381328  train-loss:  0.5347394058480859  lr:  1.9073486328125e-08
#epoch  474    val-loss:  0.6754966064503318  train-loss:  0.5348162878071889  lr:  1.9073486328125e-08
#epoch  475    val-loss:  0.6624080632862291  train-loss:  0.5347975542536005  lr:  1.9073486328125e-08
#epoch  476    val-loss:  0.6648960929167899  train-loss:  0.534803383750841  lr:  1.9073486328125e-08
#epoch  477    val-loss:  0.6615344097739772  train-loss:  0.5351115557132289  lr:  1.9073486328125e-08
#epoch  478    val-loss:  0.6633438467979431  train-loss:  0.5347219412215054  lr:  1.9073486328125e-08
#epoch  479    val-loss:  0.6624074076351366  train-loss:  0.5348775354214013  lr:  1.9073486328125e-08
#epoch  480    val-loss:  0.6650188094691226  train-loss:  0.534692115499638  lr:  1.9073486328125e-08
#epoch  481    val-loss:  0.6646135574892947  train-loss:  0.5350641517434269  lr:  1.9073486328125e-08
#epoch  482    val-loss:  0.6630508491867467  train-loss:  0.5348199375439435  lr:  1.9073486328125e-08
#epoch  483    val-loss:  0.6631289155859696  train-loss:  0.5347774007823318  lr:  1.9073486328125e-08
#epoch  484    val-loss:  0.667396206604807  train-loss:  0.5347945414250717  lr:  1.9073486328125e-08
#epoch  485    val-loss:  0.6613490581512451  train-loss:  0.5348038696683943  lr:  1.9073486328125e-08
#epoch  486    val-loss:  0.663119093367928  train-loss:  0.5347588438307866  lr:  1.9073486328125e-08
#epoch  487    val-loss:  0.6622146085688942  train-loss:  0.5349110251991078  lr:  1.9073486328125e-08
#epoch  488    val-loss:  0.6688460425326699  train-loss:  0.5347591754980385  lr:  1.9073486328125e-08
#epoch  489    val-loss:  0.6715501672343204  train-loss:  0.5348633442772552  lr:  1.9073486328125e-08
#epoch  490    val-loss:  0.6600970123943529  train-loss:  0.534809960750863  lr:  1.9073486328125e-08
#epoch  491    val-loss:  0.6638723015785217  train-loss:  0.5349313439801335  lr:  1.9073486328125e-08
#epoch  492    val-loss:  0.6712522538084733  train-loss:  0.5349006737815216  lr:  1.9073486328125e-08
#epoch  493    val-loss:  0.6661810059296457  train-loss:  0.5350608753506094  lr:  1.9073486328125e-08
#epoch  494    val-loss:  0.6636763748369718  train-loss:  0.5348608375061303  lr:  1.9073486328125e-08
#epoch  495    val-loss:  0.6685158578973067  train-loss:  0.5352486802730709  lr:  1.9073486328125e-08
#epoch  496    val-loss:  0.6620922967007286  train-loss:  0.5348284675274044  lr:  1.9073486328125e-08
#epoch  497    val-loss:  0.6642943338343972  train-loss:  0.5348352544242516  lr:  1.9073486328125e-08
#epoch  498    val-loss:  0.6716033063436809  train-loss:  0.5350094747263938  lr:  1.9073486328125e-08
#epoch  499    val-loss:  0.6601492888049075  train-loss:  0.5349973002448678  lr:  1.9073486328125e-08
