model 222944b735873c68b94c8a09d5b9e4bff52432c254e1c08ab9d5b3c6 state_dict has not been found
Model was not found
torch.cuda.is_available():	 True
runargs:	 Namespace(co2=False, depth=181.0, disp=-1, domain='global', epoch=0, latitude=True, linsupres=False, lossfun='MSE', lr=0.01, lsrp_span=12, maxepoch=500, minibatch=4, mode='train', normalization='standard', num_workers=40, parts=[1, 1], persistent_workers=False, prefetch_factor=1, relog=True, rerun=True, sanity=False, sigma=8, temperature=True)
data_address /scratch/zanna/data/cm2.6/coarse_8_beneath_surface.zarr
using device: cuda:0
epochs started
#epoch  0    val-loss:  0.3900407411550221  train-loss:  0.7445228243013844  lr:  0.01
#epoch  1    val-loss:  0.2524304672291404  train-loss:  0.28591754916124046  lr:  0.01
#epoch  2    val-loss:  0.2070213446491643  train-loss:  0.2107733155717142  lr:  0.01
#epoch  3    val-loss:  0.1860236384366688  train-loss:  0.1749342698021792  lr:  0.01
#epoch  4    val-loss:  0.20870368653222135  train-loss:  0.15193477913271636  lr:  0.01
#epoch  5    val-loss:  0.14872389012261442  train-loss:  0.1365583745064214  lr:  0.01
#epoch  6    val-loss:  0.14432926554428904  train-loss:  0.12763324871775694  lr:  0.01
#epoch  7    val-loss:  0.13714894024949326  train-loss:  0.1199435158923734  lr:  0.01
#epoch  8    val-loss:  0.1323135738310061  train-loss:  0.11246560254949145  lr:  0.01
#epoch  9    val-loss:  0.12927528157045967  train-loss:  0.10899664272437803  lr:  0.01
#epoch  10    val-loss:  0.11949278884812405  train-loss:  0.10509500993066467  lr:  0.01
#epoch  11    val-loss:  0.11415411571138784  train-loss:  0.10166218265658244  lr:  0.01
#epoch  12    val-loss:  0.11678137355729153  train-loss:  0.09964137093629688  lr:  0.01
#epoch  13    val-loss:  0.11431664463720824  train-loss:  0.09752421505982056  lr:  0.01
#epoch  14    val-loss:  0.10840309332860143  train-loss:  0.09539760294137523  lr:  0.01
#epoch  15    val-loss:  0.10889132085599397  train-loss:  0.09380557492841035  lr:  0.01
#epoch  16    val-loss:  0.10320277825782173  train-loss:  0.09245790640125051  lr:  0.01
#epoch  17    val-loss:  0.10025444430740256  train-loss:  0.09118841981398873  lr:  0.01
#epoch  18    val-loss:  0.10781185995591314  train-loss:  0.08929305733181536  lr:  0.01
#epoch  19    val-loss:  0.10626881334342454  train-loss:  0.08864809735678136  lr:  0.01
#epoch  20    val-loss:  0.105312516814784  train-loss:  0.087096852628747  lr:  0.01
#epoch  21    val-loss:  0.09595606319214169  train-loss:  0.07809785689460114  lr:  0.005
#epoch  22    val-loss:  0.09176578921707053  train-loss:  0.0769752224732656  lr:  0.005
#epoch  23    val-loss:  0.0915136537269542  train-loss:  0.07718629989540204  lr:  0.005
#epoch  24    val-loss:  0.0873462526421798  train-loss:  0.07681340869748965  lr:  0.005
#epoch  25    val-loss:  0.0909856099047159  train-loss:  0.07658853445900604  lr:  0.005
#epoch  26    val-loss:  0.09161770735916339  train-loss:  0.076060358871473  lr:  0.005
#epoch  27    val-loss:  0.09184703191644267  train-loss:  0.07625325777917169  lr:  0.005
#epoch  28    val-loss:  0.08413571668298621  train-loss:  0.0712144257267937  lr:  0.0025
#epoch  29    val-loss:  0.08329498728639201  train-loss:  0.07067403581459075  lr:  0.0025
#epoch  30    val-loss:  0.08522496686169975  train-loss:  0.07035812303365674  lr:  0.0025
#epoch  31    val-loss:  0.08376180027660571  train-loss:  0.07076815847540274  lr:  0.0025
#epoch  32    val-loss:  0.08287373577293597  train-loss:  0.07026943992241286  lr:  0.0025
#epoch  33    val-loss:  0.08324806431406423  train-loss:  0.07006331873708405  lr:  0.0025
#epoch  34    val-loss:  0.08295375657709021  train-loss:  0.06966850155731663  lr:  0.0025
#epoch  35    val-loss:  0.08077943011334068  train-loss:  0.06958972578286193  lr:  0.0025
#epoch  36    val-loss:  0.0805762367028939  train-loss:  0.06943179706286173  lr:  0.0025
#epoch  37    val-loss:  0.08497234512316554  train-loss:  0.06882868893444538  lr:  0.0025
#epoch  38    val-loss:  0.0810368629662614  train-loss:  0.06858647885383107  lr:  0.0025
#epoch  39    val-loss:  0.08365539500587865  train-loss:  0.06838906125631183  lr:  0.0025
#epoch  40    val-loss:  0.07834971225575398  train-loss:  0.06548049290722702  lr:  0.00125
#epoch  41    val-loss:  0.07917669768396177  train-loss:  0.06545123441901524  lr:  0.00125
#epoch  42    val-loss:  0.07833411622988551  train-loss:  0.06531484577863012  lr:  0.00125
#epoch  43    val-loss:  0.07949035301020271  train-loss:  0.06526154452876654  lr:  0.00125
#epoch  44    val-loss:  0.07813419362432078  train-loss:  0.06493653905636165  lr:  0.00125
#epoch  45    val-loss:  0.07792723414145018  train-loss:  0.06483165857207496  lr:  0.00125
#epoch  46    val-loss:  0.0786640448005576  train-loss:  0.06484580063261092  lr:  0.00125
#epoch  47    val-loss:  0.07833914654819589  train-loss:  0.06459173254552297  lr:  0.00125
#epoch  48    val-loss:  0.0785007276817372  train-loss:  0.0646635996963596  lr:  0.00125
#epoch  49    val-loss:  0.07767117180322346  train-loss:  0.06301029480528086  lr:  0.000625
#epoch  50    val-loss:  0.0766619749759373  train-loss:  0.06306802574545145  lr:  0.000625
#epoch  51    val-loss:  0.07693237144696086  train-loss:  0.06281369885255117  lr:  0.000625
#epoch  52    val-loss:  0.07722471732842295  train-loss:  0.06275586593255866  lr:  0.000625
#epoch  53    val-loss:  0.07725182410917784  train-loss:  0.06270612188382074  lr:  0.000625
#epoch  54    val-loss:  0.07610367787511725  train-loss:  0.06199876879691146  lr:  0.0003125
#epoch  55    val-loss:  0.07622650775470231  train-loss:  0.06192345073213801  lr:  0.0003125
#epoch  56    val-loss:  0.07611347891782459  train-loss:  0.06182870270276908  lr:  0.0003125
#epoch  57    val-loss:  0.07627983940275092  train-loss:  0.061868939592386596  lr:  0.0003125
#epoch  58    val-loss:  0.0757844495145898  train-loss:  0.06143399144639261  lr:  0.00015625
#epoch  59    val-loss:  0.07561343320106205  train-loss:  0.0613787422189489  lr:  0.00015625
#epoch  60    val-loss:  0.0760952469549681  train-loss:  0.06132471023011021  lr:  0.00015625
#epoch  61    val-loss:  0.07572107448389656  train-loss:  0.06132552310009487  lr:  0.00015625
#epoch  62    val-loss:  0.07569264973464765  train-loss:  0.061335421036346816  lr:  0.00015625
#epoch  63    val-loss:  0.07550588524655293  train-loss:  0.06111771806899924  lr:  7.8125e-05
#epoch  64    val-loss:  0.07525040130866201  train-loss:  0.061042530156555586  lr:  7.8125e-05
#epoch  65    val-loss:  0.0754673802538922  train-loss:  0.0610579351632623  lr:  7.8125e-05
#epoch  66    val-loss:  0.07525950278106489  train-loss:  0.06106323326821439  lr:  7.8125e-05
#epoch  67    val-loss:  0.07541842484160473  train-loss:  0.06098987036966719  lr:  7.8125e-05
#epoch  68    val-loss:  0.07545870542526245  train-loss:  0.060893147994647734  lr:  3.90625e-05
#epoch  69    val-loss:  0.07511539247475173  train-loss:  0.06088897114386782  lr:  3.90625e-05
#epoch  70    val-loss:  0.0757157084973235  train-loss:  0.0608840430068085  lr:  3.90625e-05
#epoch  71    val-loss:  0.07529449423677043  train-loss:  0.06088044855277985  lr:  3.90625e-05
#epoch  72    val-loss:  0.07544521869797456  train-loss:  0.06084533091052435  lr:  3.90625e-05
#epoch  73    val-loss:  0.07571402427397277  train-loss:  0.06078863423317671  lr:  1.953125e-05
#epoch  74    val-loss:  0.0754890155635382  train-loss:  0.06079029700777028  lr:  1.953125e-05
#epoch  75    val-loss:  0.07543146767114338  train-loss:  0.06080509968160186  lr:  1.953125e-05
#epoch  76    val-loss:  0.07554272601478978  train-loss:  0.06077117650420405  lr:  9.765625e-06
#epoch  77    val-loss:  0.07541221223379437  train-loss:  0.060790532908868045  lr:  9.765625e-06
#epoch  78    val-loss:  0.07537973593724401  train-loss:  0.0607388028583955  lr:  9.765625e-06
#epoch  79    val-loss:  0.07546288324029822  train-loss:  0.06076963098894339  lr:  4.8828125e-06
#epoch  80    val-loss:  0.07594803210936095  train-loss:  0.06074369452835526  lr:  4.8828125e-06
#epoch  81    val-loss:  0.07548365741968155  train-loss:  0.060730093653546646  lr:  4.8828125e-06
#epoch  82    val-loss:  0.07535803435664427  train-loss:  0.06072974743437953  lr:  2.44140625e-06
#epoch  83    val-loss:  0.07533945809853704  train-loss:  0.06067988353606779  lr:  2.44140625e-06
#epoch  84    val-loss:  0.07574202434012764  train-loss:  0.06068129857885651  lr:  2.44140625e-06
#epoch  85    val-loss:  0.07580354025489405  train-loss:  0.06072025207686238  lr:  1.220703125e-06
#epoch  86    val-loss:  0.07554083199877488  train-loss:  0.060708717224770226  lr:  1.220703125e-06
#epoch  87    val-loss:  0.07569047377297752  train-loss:  0.060727526230039075  lr:  1.220703125e-06
#epoch  88    val-loss:  0.07538485409397828  train-loss:  0.060680001028231345  lr:  6.103515625e-07
#epoch  89    val-loss:  0.07539838709329304  train-loss:  0.0607238752709236  lr:  6.103515625e-07
#epoch  90    val-loss:  0.07528718717788395  train-loss:  0.060720037057762966  lr:  6.103515625e-07
#epoch  91    val-loss:  0.07523413943616968  train-loss:  0.06070798428845592  lr:  3.0517578125e-07
#epoch  92    val-loss:  0.07538495095152604  train-loss:  0.060713065264280885  lr:  3.0517578125e-07
#epoch  93    val-loss:  0.07542246070347335  train-loss:  0.06071506814623717  lr:  3.0517578125e-07
#epoch  94    val-loss:  0.07535070024038616  train-loss:  0.06068159620917868  lr:  1.52587890625e-07
#epoch  95    val-loss:  0.0754178236973913  train-loss:  0.06074084145075176  lr:  1.52587890625e-07
#epoch  96    val-loss:  0.07541534265405253  train-loss:  0.06068949107429944  lr:  1.52587890625e-07
#epoch  97    val-loss:  0.07582978590538628  train-loss:  0.060703021415974945  lr:  7.62939453125e-08
#epoch  98    val-loss:  0.07576461685331244  train-loss:  0.06072600879997481  lr:  7.62939453125e-08
#epoch  99    val-loss:  0.07535094532527421  train-loss:  0.06071490669273771  lr:  7.62939453125e-08
#epoch  100    val-loss:  0.07550841883609169  train-loss:  0.060701852693455294  lr:  3.814697265625e-08
#epoch  101    val-loss:  0.07546832373267726  train-loss:  0.06073240499245003  lr:  3.814697265625e-08
#epoch  102    val-loss:  0.07541876521549727  train-loss:  0.06071329927362967  lr:  3.814697265625e-08
#epoch  103    val-loss:  0.07509814830202806  train-loss:  0.060722513269865885  lr:  1.9073486328125e-08
#epoch  104    val-loss:  0.07507368451670597  train-loss:  0.060702406146447174  lr:  1.9073486328125e-08
#epoch  105    val-loss:  0.0753812393859813  train-loss:  0.06070665080915205  lr:  1.9073486328125e-08
#epoch  106    val-loss:  0.07527972718602732  train-loss:  0.06069716646743473  lr:  1.9073486328125e-08
#epoch  107    val-loss:  0.07536181650663677  train-loss:  0.06071885969140567  lr:  1.9073486328125e-08
#epoch  108    val-loss:  0.07511489720720994  train-loss:  0.06071629034704529  lr:  1.9073486328125e-08
#epoch  109    val-loss:  0.07532874534004613  train-loss:  0.06073105520044919  lr:  1.9073486328125e-08
#epoch  110    val-loss:  0.07588765025138855  train-loss:  0.06071802685619332  lr:  1.9073486328125e-08
#epoch  111    val-loss:  0.07538117115434848  train-loss:  0.06066314084455371  lr:  1.9073486328125e-08
#epoch  112    val-loss:  0.0754187620784107  train-loss:  0.06069479569850955  lr:  1.9073486328125e-08
#epoch  113    val-loss:  0.07571829188811152  train-loss:  0.06070776665001176  lr:  1.9073486328125e-08
#epoch  114    val-loss:  0.07537618514738585  train-loss:  0.060690386351780035  lr:  1.9073486328125e-08
#epoch  115    val-loss:  0.07538796137822301  train-loss:  0.06066700587689411  lr:  1.9073486328125e-08
#epoch  116    val-loss:  0.07543846925622538  train-loss:  0.06069575775472913  lr:  1.9073486328125e-08
#epoch  117    val-loss:  0.07543276524857472  train-loss:  0.06071496657386888  lr:  1.9073486328125e-08
#epoch  118    val-loss:  0.0753092738358598  train-loss:  0.06072653137380257  lr:  1.9073486328125e-08
#epoch  119    val-loss:  0.07537395977660229  train-loss:  0.06076061321073212  lr:  1.9073486328125e-08
#epoch  120    val-loss:  0.0751891277338329  train-loss:  0.060703295181156136  lr:  1.9073486328125e-08
#epoch  121    val-loss:  0.07552557595466312  train-loss:  0.060740529879694805  lr:  1.9073486328125e-08
#epoch  122    val-loss:  0.0754319429397583  train-loss:  0.060682997602270916  lr:  1.9073486328125e-08
#epoch  123    val-loss:  0.07529243787652568  train-loss:  0.06067243962024804  lr:  1.9073486328125e-08
#epoch  124    val-loss:  0.07579813191765233  train-loss:  0.060696527623804286  lr:  1.9073486328125e-08
#epoch  125    val-loss:  0.07529426993508088  train-loss:  0.06072254211176187  lr:  1.9073486328125e-08
#epoch  126    val-loss:  0.07576891975967508  train-loss:  0.06068818527273834  lr:  1.9073486328125e-08
#epoch  127    val-loss:  0.07522910794145182  train-loss:  0.06073621747782454  lr:  1.9073486328125e-08
#epoch  128    val-loss:  0.07566798556792109  train-loss:  0.0607011774845887  lr:  1.9073486328125e-08
#epoch  129    val-loss:  0.07531784553276866  train-loss:  0.06072790268808603  lr:  1.9073486328125e-08
#epoch  130    val-loss:  0.07519134526190005  train-loss:  0.06070971250301227  lr:  1.9073486328125e-08
#epoch  131    val-loss:  0.07520364303337901  train-loss:  0.06071275522117503  lr:  1.9073486328125e-08
#epoch  132    val-loss:  0.07534528758965041  train-loss:  0.060692176659358665  lr:  1.9073486328125e-08
#epoch  133    val-loss:  0.07532941353948493  train-loss:  0.060685349177219905  lr:  1.9073486328125e-08
#epoch  134    val-loss:  0.07552392976848703  train-loss:  0.06063617844483815  lr:  1.9073486328125e-08
#epoch  135    val-loss:  0.07526486915977378  train-loss:  0.06072006112663075  lr:  1.9073486328125e-08
#epoch  136    val-loss:  0.07541067349283319  train-loss:  0.06068460992537439  lr:  1.9073486328125e-08
#epoch  137    val-loss:  0.07572408961622339  train-loss:  0.06067761372833047  lr:  1.9073486328125e-08
#epoch  138    val-loss:  0.07564257869594976  train-loss:  0.06070591184834484  lr:  1.9073486328125e-08
#epoch  139    val-loss:  0.07584291500480551  train-loss:  0.060712817634339444  lr:  1.9073486328125e-08
#epoch  140    val-loss:  0.0756589891879182  train-loss:  0.060704322284436785  lr:  1.9073486328125e-08
#epoch  141    val-loss:  0.07530587284188521  train-loss:  0.060701931521180086  lr:  1.9073486328125e-08
#epoch  142    val-loss:  0.07554389418740022  train-loss:  0.0607195120974211  lr:  1.9073486328125e-08
#epoch  143    val-loss:  0.07530530620562403  train-loss:  0.06071192900708411  lr:  1.9073486328125e-08
#epoch  144    val-loss:  0.07509523434074301  train-loss:  0.06071415946644265  lr:  1.9073486328125e-08
#epoch  145    val-loss:  0.07532857123174165  train-loss:  0.06070956456824206  lr:  1.9073486328125e-08
#epoch  146    val-loss:  0.07525020759356649  train-loss:  0.0607181322411634  lr:  1.9073486328125e-08
#epoch  147    val-loss:  0.07536791539505909  train-loss:  0.06071514560608193  lr:  1.9073486328125e-08
#epoch  148    val-loss:  0.07565519448957946  train-loss:  0.060685924254357815  lr:  1.9073486328125e-08
#epoch  149    val-loss:  0.07548661530017853  train-loss:  0.06071115941449534  lr:  1.9073486328125e-08
#epoch  150    val-loss:  0.07537639337150674  train-loss:  0.06070346293563489  lr:  1.9073486328125e-08
#epoch  151    val-loss:  0.07541377136581823  train-loss:  0.06074775886372663  lr:  1.9073486328125e-08
#epoch  152    val-loss:  0.07569171096149244  train-loss:  0.060710548495990224  lr:  1.9073486328125e-08
#epoch  153    val-loss:  0.07537909126595448  train-loss:  0.06070212516351603  lr:  1.9073486328125e-08
#epoch  154    val-loss:  0.07579375332907627  train-loss:  0.06067489361157641  lr:  1.9073486328125e-08
#epoch  155    val-loss:  0.07521289587020874  train-loss:  0.0607213728944771  lr:  1.9073486328125e-08
#epoch  156    val-loss:  0.07578988569347482  train-loss:  0.060724106268025935  lr:  1.9073486328125e-08
#epoch  157    val-loss:  0.07533107384255058  train-loss:  0.06070482607174199  lr:  1.9073486328125e-08
#epoch  158    val-loss:  0.07536076126914275  train-loss:  0.06070021938649006  lr:  1.9073486328125e-08
#epoch  159    val-loss:  0.07534836428730111  train-loss:  0.06070149403240066  lr:  1.9073486328125e-08
#epoch  160    val-loss:  0.07542553583258077  train-loss:  0.060692962957546115  lr:  1.9073486328125e-08
#epoch  161    val-loss:  0.07575214614993647  train-loss:  0.06073014499270357  lr:  1.9073486328125e-08
#epoch  162    val-loss:  0.075605950073192  train-loss:  0.0607193448668113  lr:  1.9073486328125e-08
#epoch  163    val-loss:  0.0757056400179863  train-loss:  0.060684444950311445  lr:  1.9073486328125e-08
#epoch  164    val-loss:  0.07534249715114895  train-loss:  0.06070083606755361  lr:  1.9073486328125e-08
#epoch  165    val-loss:  0.07528513630754069  train-loss:  0.06072069024958182  lr:  1.9073486328125e-08
#epoch  166    val-loss:  0.0754023845258512  train-loss:  0.06068264007626567  lr:  1.9073486328125e-08
#epoch  167    val-loss:  0.07513649487181713  train-loss:  0.06069324004056398  lr:  1.9073486328125e-08
#epoch  168    val-loss:  0.07591034550415843  train-loss:  0.06075413622602355  lr:  1.9073486328125e-08
#epoch  169    val-loss:  0.07539247799860804  train-loss:  0.060680497117573395  lr:  1.9073486328125e-08
#epoch  170    val-loss:  0.07546531016889371  train-loss:  0.060716217863955535  lr:  1.9073486328125e-08
#epoch  171    val-loss:  0.0758170485496521  train-loss:  0.06074446988350246  lr:  1.9073486328125e-08
#epoch  172    val-loss:  0.07527676107067811  train-loss:  0.06072081332968082  lr:  1.9073486328125e-08
#epoch  173    val-loss:  0.07526614948322899  train-loss:  0.0607080384506844  lr:  1.9073486328125e-08
#epoch  174    val-loss:  0.07569258973786705  train-loss:  0.060693878986057825  lr:  1.9073486328125e-08
#epoch  175    val-loss:  0.07506375093209117  train-loss:  0.060684669340844266  lr:  1.9073486328125e-08
#epoch  176    val-loss:  0.07578471499054056  train-loss:  0.06070798265864141  lr:  1.9073486328125e-08
#epoch  177    val-loss:  0.07539505707590204  train-loss:  0.060671461309539154  lr:  1.9073486328125e-08
#epoch  178    val-loss:  0.07567215005033895  train-loss:  0.06069781172845978  lr:  1.9073486328125e-08
#epoch  179    val-loss:  0.07593940865052373  train-loss:  0.060702529532136396  lr:  1.9073486328125e-08
#epoch  180    val-loss:  0.07527471255314977  train-loss:  0.0607339078997029  lr:  1.9073486328125e-08
#epoch  181    val-loss:  0.07546380946510717  train-loss:  0.0606917916884413  lr:  1.9073486328125e-08
#epoch  182    val-loss:  0.07538685477093647  train-loss:  0.06070206090225838  lr:  1.9073486328125e-08
#epoch  183    val-loss:  0.07550003654078434  train-loss:  0.0607374906539917  lr:  1.9073486328125e-08
#epoch  184    val-loss:  0.07542638402236135  train-loss:  0.060731423043762334  lr:  1.9073486328125e-08
#epoch  185    val-loss:  0.07507880816334173  train-loss:  0.06070343707688153  lr:  1.9073486328125e-08
#epoch  186    val-loss:  0.07543847200117614  train-loss:  0.06068747359677218  lr:  1.9073486328125e-08
#epoch  187    val-loss:  0.0753278606816342  train-loss:  0.06069142410706263  lr:  1.9073486328125e-08
#epoch  188    val-loss:  0.075180427024239  train-loss:  0.06071389437420294  lr:  1.9073486328125e-08
#epoch  189    val-loss:  0.07545055135300285  train-loss:  0.0607224392297212  lr:  1.9073486328125e-08
#epoch  190    val-loss:  0.0753423442181788  train-loss:  0.06068357598269358  lr:  1.9073486328125e-08
#epoch  191    val-loss:  0.0753500571376399  train-loss:  0.060718590451870114  lr:  1.9073486328125e-08
#epoch  192    val-loss:  0.07543499493285229  train-loss:  0.06068429980950896  lr:  1.9073486328125e-08
#epoch  193    val-loss:  0.07534279517437283  train-loss:  0.060660153860226274  lr:  1.9073486328125e-08
#epoch  194    val-loss:  0.0752922449457018  train-loss:  0.06071518272801768  lr:  1.9073486328125e-08
#epoch  195    val-loss:  0.07521680154298481  train-loss:  0.06075010659697  lr:  1.9073486328125e-08
#epoch  196    val-loss:  0.07587494269797676  train-loss:  0.0606919257552363  lr:  1.9073486328125e-08
#epoch  197    val-loss:  0.07541790486950624  train-loss:  0.06071042375697289  lr:  1.9073486328125e-08
#epoch  198    val-loss:  0.0753080613519016  train-loss:  0.06076342494634446  lr:  1.9073486328125e-08
#epoch  199    val-loss:  0.07519381061980598  train-loss:  0.06067704770248383  lr:  1.9073486328125e-08
#epoch  200    val-loss:  0.07549951735295747  train-loss:  0.06071229463850614  lr:  1.9073486328125e-08
#epoch  201    val-loss:  0.07534328691269222  train-loss:  0.0606816604413325  lr:  1.9073486328125e-08
#epoch  202    val-loss:  0.07536558767682627  train-loss:  0.06074603054730687  lr:  1.9073486328125e-08
#epoch  203    val-loss:  0.07541223850689437  train-loss:  0.06072436361864675  lr:  1.9073486328125e-08
#epoch  204    val-loss:  0.07561426099977996  train-loss:  0.060729504548362456  lr:  1.9073486328125e-08
#epoch  205    val-loss:  0.07513384991570522  train-loss:  0.06073518858465832  lr:  1.9073486328125e-08
#epoch  206    val-loss:  0.07529807639749427  train-loss:  0.06068345232051797  lr:  1.9073486328125e-08
#epoch  207    val-loss:  0.07528601822100188  train-loss:  0.06073216920776758  lr:  1.9073486328125e-08
#epoch  208    val-loss:  0.07529211318806599  train-loss:  0.06070992104650941  lr:  1.9073486328125e-08
#epoch  209    val-loss:  0.07580344967151943  train-loss:  0.060716243911883794  lr:  1.9073486328125e-08
#epoch  210    val-loss:  0.07545822741169679  train-loss:  0.06069481429585721  lr:  1.9073486328125e-08
#epoch  211    val-loss:  0.0758365306415056  train-loss:  0.06071972714562435  lr:  1.9073486328125e-08
#epoch  212    val-loss:  0.07535945898608158  train-loss:  0.060672282095765695  lr:  1.9073486328125e-08
#epoch  213    val-loss:  0.07541814877798683  train-loss:  0.06072538912121672  lr:  1.9073486328125e-08
#epoch  214    val-loss:  0.07519255343236421  train-loss:  0.060693317936966196  lr:  1.9073486328125e-08
#epoch  215    val-loss:  0.07539139766442149  train-loss:  0.06072280708758626  lr:  1.9073486328125e-08
#epoch  216    val-loss:  0.0751401993789171  train-loss:  0.060728425698471256  lr:  1.9073486328125e-08
#epoch  217    val-loss:  0.07542308929719423  train-loss:  0.060705771305947565  lr:  1.9073486328125e-08
#epoch  218    val-loss:  0.07511884915201288  train-loss:  0.06070299023122061  lr:  1.9073486328125e-08
#epoch  219    val-loss:  0.07553850231986296  train-loss:  0.060721358939190395  lr:  1.9073486328125e-08
#epoch  220    val-loss:  0.07570538003193705  train-loss:  0.06070804051705636  lr:  1.9073486328125e-08
#epoch  221    val-loss:  0.07534297712539371  train-loss:  0.06065545437741093  lr:  1.9073486328125e-08
#epoch  222    val-loss:  0.07545547187328339  train-loss:  0.06071420983062126  lr:  1.9073486328125e-08
#epoch  223    val-loss:  0.07537867677839179  train-loss:  0.060696363711031154  lr:  1.9073486328125e-08
#epoch  224    val-loss:  0.07579128797117032  train-loss:  0.060705008494551294  lr:  1.9073486328125e-08
#epoch  225    val-loss:  0.07520362734794617  train-loss:  0.060686896948027425  lr:  1.9073486328125e-08
#epoch  226    val-loss:  0.07540779443163621  train-loss:  0.060712950449669734  lr:  1.9073486328125e-08
#epoch  227    val-loss:  0.07522424428086531  train-loss:  0.060702629445586354  lr:  1.9073486328125e-08
#epoch  228    val-loss:  0.07530763745307922  train-loss:  0.06070417826413177  lr:  1.9073486328125e-08
#epoch  229    val-loss:  0.0753430818256579  train-loss:  0.06068172329105437  lr:  1.9073486328125e-08
#epoch  230    val-loss:  0.07519007395756871  train-loss:  0.06068642339960206  lr:  1.9073486328125e-08
#epoch  231    val-loss:  0.07519886054490742  train-loss:  0.06070566165726632  lr:  1.9073486328125e-08
#epoch  232    val-loss:  0.07550610601902008  train-loss:  0.06068090822373051  lr:  1.9073486328125e-08
#epoch  233    val-loss:  0.07549922560390673  train-loss:  0.060682868730509654  lr:  1.9073486328125e-08
#epoch  234    val-loss:  0.07542037022741217  train-loss:  0.06073267162719276  lr:  1.9073486328125e-08
#epoch  235    val-loss:  0.0756110407804188  train-loss:  0.06068628666980658  lr:  1.9073486328125e-08
#epoch  236    val-loss:  0.07519703123130296  train-loss:  0.060696783984894864  lr:  1.9073486328125e-08
#epoch  237    val-loss:  0.07535966328884426  train-loss:  0.06071110065386165  lr:  1.9073486328125e-08
#epoch  238    val-loss:  0.07532544786992826  train-loss:  0.06074355966120493  lr:  1.9073486328125e-08
#epoch  239    val-loss:  0.07560455720675618  train-loss:  0.06069135697907768  lr:  1.9073486328125e-08
#epoch  240    val-loss:  0.07539310071029161  train-loss:  0.06067249577608891  lr:  1.9073486328125e-08
#epoch  241    val-loss:  0.07532843790556255  train-loss:  0.060730447876267135  lr:  1.9073486328125e-08
#epoch  242    val-loss:  0.07541107229496304  train-loss:  0.06069189681147691  lr:  1.9073486328125e-08
#epoch  243    val-loss:  0.07578088029434807  train-loss:  0.060678260852000676  lr:  1.9073486328125e-08
#epoch  244    val-loss:  0.07529078384763316  train-loss:  0.0606964057078585  lr:  1.9073486328125e-08
#epoch  245    val-loss:  0.07571733115535033  train-loss:  0.06072938223951496  lr:  1.9073486328125e-08
#epoch  246    val-loss:  0.07524249075274718  train-loss:  0.06071958245593123  lr:  1.9073486328125e-08
#epoch  247    val-loss:  0.07544946043114913  train-loss:  0.06075522651372012  lr:  1.9073486328125e-08
#epoch  248    val-loss:  0.07570993704231162  train-loss:  0.06068361774669029  lr:  1.9073486328125e-08
#epoch  249    val-loss:  0.07509923843961012  train-loss:  0.060738797052181326  lr:  1.9073486328125e-08
#epoch  250    val-loss:  0.07538790883202302  train-loss:  0.060710976424161345  lr:  1.9073486328125e-08
#epoch  251    val-loss:  0.0754605665018684  train-loss:  0.06069814437068999  lr:  1.9073486328125e-08
#epoch  252    val-loss:  0.0757690366161497  train-loss:  0.0606816693325527  lr:  1.9073486328125e-08
#epoch  253    val-loss:  0.07567157596349716  train-loss:  0.060736617757356726  lr:  1.9073486328125e-08
#epoch  254    val-loss:  0.07532529140773572  train-loss:  0.06066061381716281  lr:  1.9073486328125e-08
#epoch  255    val-loss:  0.07533144362662968  train-loss:  0.060738038635463454  lr:  1.9073486328125e-08
#epoch  256    val-loss:  0.07583797330919065  train-loss:  0.06071240725577809  lr:  1.9073486328125e-08
#epoch  257    val-loss:  0.0753613929999502  train-loss:  0.060695946391206235  lr:  1.9073486328125e-08
#epoch  258    val-loss:  0.07528501043194219  train-loss:  0.06072380402474664  lr:  1.9073486328125e-08
#epoch  259    val-loss:  0.07509886081281461  train-loss:  0.0607545746024698  lr:  1.9073486328125e-08
#epoch  260    val-loss:  0.07556505854192533  train-loss:  0.06070931628346443  lr:  1.9073486328125e-08
#epoch  261    val-loss:  0.07579766174680308  train-loss:  0.06070080058998428  lr:  1.9073486328125e-08
#epoch  262    val-loss:  0.07546439649243104  train-loss:  0.06071891034662258  lr:  1.9073486328125e-08
#epoch  263    val-loss:  0.07537278415341127  train-loss:  0.06067766544583719  lr:  1.9073486328125e-08
#epoch  264    val-loss:  0.07552137225866318  train-loss:  0.0606879601982655  lr:  1.9073486328125e-08
#epoch  265    val-loss:  0.07575871716988714  train-loss:  0.06068050711473916  lr:  1.9073486328125e-08
#epoch  266    val-loss:  0.07513897238593352  train-loss:  0.060730962999514304  lr:  1.9073486328125e-08
#epoch  267    val-loss:  0.0753209661496313  train-loss:  0.060735642851796  lr:  1.9073486328125e-08
#epoch  268    val-loss:  0.07532353895275216  train-loss:  0.060698470144416206  lr:  1.9073486328125e-08
#epoch  269    val-loss:  0.0752960423889913  train-loss:  0.06069759518140927  lr:  1.9073486328125e-08
#epoch  270    val-loss:  0.07577492022200634  train-loss:  0.0607037392037455  lr:  1.9073486328125e-08
#epoch  271    val-loss:  0.07525649745213359  train-loss:  0.06072583586501423  lr:  1.9073486328125e-08
#epoch  272    val-loss:  0.07529767288973457  train-loss:  0.06072163501812611  lr:  1.9073486328125e-08
#epoch  273    val-loss:  0.07578179593148984  train-loss:  0.06067140641971491  lr:  1.9073486328125e-08
#epoch  274    val-loss:  0.0750807543334208  train-loss:  0.060691964768921025  lr:  1.9073486328125e-08
#epoch  275    val-loss:  0.07531909958312386  train-loss:  0.06071676638384815  lr:  1.9073486328125e-08
#epoch  276    val-loss:  0.07545540442592219  train-loss:  0.060705790543579496  lr:  1.9073486328125e-08
#epoch  277    val-loss:  0.0754417730005164  train-loss:  0.06067035907472018  lr:  1.9073486328125e-08
#epoch  278    val-loss:  0.07523106234638315  train-loss:  0.060682924202410504  lr:  1.9073486328125e-08
#epoch  279    val-loss:  0.07556481541771638  train-loss:  0.060714708975865506  lr:  1.9073486328125e-08
#epoch  280    val-loss:  0.07544864831786406  train-loss:  0.06070678326068446  lr:  1.9073486328125e-08
#epoch  281    val-loss:  0.07568504543680894  train-loss:  0.060687126984703355  lr:  1.9073486328125e-08
#epoch  282    val-loss:  0.07538606187230662  train-loss:  0.06070822740730364  lr:  1.9073486328125e-08
#epoch  283    val-loss:  0.07552600769620192  train-loss:  0.06071383651578799  lr:  1.9073486328125e-08
#epoch  284    val-loss:  0.07527377926989605  train-loss:  0.06073653636849485  lr:  1.9073486328125e-08
#epoch  285    val-loss:  0.07539392733260204  train-loss:  0.060727770352968946  lr:  1.9073486328125e-08
#epoch  286    val-loss:  0.07523773414523978  train-loss:  0.060678150854073465  lr:  1.9073486328125e-08
#epoch  287    val-loss:  0.075691976829579  train-loss:  0.060710482008289546  lr:  1.9073486328125e-08
#epoch  288    val-loss:  0.07527863587203779  train-loss:  0.060713677186868154  lr:  1.9073486328125e-08
#epoch  289    val-loss:  0.07542962188783445  train-loss:  0.06076951013528742  lr:  1.9073486328125e-08
#epoch  290    val-loss:  0.07540967864425559  train-loss:  0.06072519885492511  lr:  1.9073486328125e-08
#epoch  291    val-loss:  0.07534042000770569  train-loss:  0.060710967212799005  lr:  1.9073486328125e-08
#epoch  292    val-loss:  0.07553506956288689  train-loss:  0.06069205631501973  lr:  1.9073486328125e-08
#epoch  293    val-loss:  0.07543887354825672  train-loss:  0.06070946730324067  lr:  1.9073486328125e-08
#epoch  294    val-loss:  0.07567199437241805  train-loss:  0.06069558864692226  lr:  1.9073486328125e-08
#epoch  295    val-loss:  0.07546145116028033  train-loss:  0.060711303289281204  lr:  1.9073486328125e-08
#epoch  296    val-loss:  0.07536997842161279  train-loss:  0.06072039238642901  lr:  1.9073486328125e-08
#epoch  297    val-loss:  0.07568041117567766  train-loss:  0.06067579478258267  lr:  1.9073486328125e-08
#epoch  298    val-loss:  0.07545250144444014  train-loss:  0.0607171795272734  lr:  1.9073486328125e-08
#epoch  299    val-loss:  0.07541160010977795  train-loss:  0.06069992917764466  lr:  1.9073486328125e-08
#epoch  300    val-loss:  0.0754379253638418  train-loss:  0.06071485891880002  lr:  1.9073486328125e-08
#epoch  301    val-loss:  0.07569707537952222  train-loss:  0.06070627982262522  lr:  1.9073486328125e-08
#epoch  302    val-loss:  0.0751383563405589  train-loss:  0.06073385389754549  lr:  1.9073486328125e-08
#epoch  303    val-loss:  0.0753834016228977  train-loss:  0.060694773550494574  lr:  1.9073486328125e-08
#epoch  304    val-loss:  0.07549694454983662  train-loss:  0.060653260719846  lr:  1.9073486328125e-08
#epoch  305    val-loss:  0.07518416603929118  train-loss:  0.06067994638578966  lr:  1.9073486328125e-08
#epoch  306    val-loss:  0.07537665884745748  train-loss:  0.0606958662829129  lr:  1.9073486328125e-08
#epoch  307    val-loss:  0.07529107677309137  train-loss:  0.06072593935823534  lr:  1.9073486328125e-08
#epoch  308    val-loss:  0.07532287192972083  train-loss:  0.0607079165201867  lr:  1.9073486328125e-08
#epoch  309    val-loss:  0.07565268207537501  train-loss:  0.060713683094945736  lr:  1.9073486328125e-08
#epoch  310    val-loss:  0.07537916655603208  train-loss:  0.06071004171099048  lr:  1.9073486328125e-08
#epoch  311    val-loss:  0.07529759485470622  train-loss:  0.06072434638917912  lr:  1.9073486328125e-08
#epoch  312    val-loss:  0.07550973053041257  train-loss:  0.06071256037103012  lr:  1.9073486328125e-08
#epoch  313    val-loss:  0.07512448728084564  train-loss:  0.06069342557748314  lr:  1.9073486328125e-08
#epoch  314    val-loss:  0.07566778753933154  train-loss:  0.06068650847009849  lr:  1.9073486328125e-08
#epoch  315    val-loss:  0.07521484007960871  train-loss:  0.06071821894147433  lr:  1.9073486328125e-08
#epoch  316    val-loss:  0.07542044512535397  train-loss:  0.06071218999568373  lr:  1.9073486328125e-08
#epoch  317    val-loss:  0.07535180567126525  train-loss:  0.06071588057966437  lr:  1.9073486328125e-08
#epoch  318    val-loss:  0.07577001695570193  train-loss:  0.06072136576403864  lr:  1.9073486328125e-08
#epoch  319    val-loss:  0.07531526841615376  train-loss:  0.06070304484455846  lr:  1.9073486328125e-08
#epoch  320    val-loss:  0.07520338657655214  train-loss:  0.060696590051520616  lr:  1.9073486328125e-08
#epoch  321    val-loss:  0.075666328401942  train-loss:  0.06072049727663398  lr:  1.9073486328125e-08
#epoch  322    val-loss:  0.07595350671755641  train-loss:  0.06070062548678834  lr:  1.9073486328125e-08
#epoch  323    val-loss:  0.07577288229214518  train-loss:  0.06072762100666296  lr:  1.9073486328125e-08
#epoch  324    val-loss:  0.07543900569802836  train-loss:  0.060705637151841074  lr:  1.9073486328125e-08
#epoch  325    val-loss:  0.07507908657977455  train-loss:  0.060693630352034234  lr:  1.9073486328125e-08
#epoch  326    val-loss:  0.07568634575919102  train-loss:  0.06070447160163894  lr:  1.9073486328125e-08
#epoch  327    val-loss:  0.07576932248316313  train-loss:  0.060731199409929104  lr:  1.9073486328125e-08
#epoch  328    val-loss:  0.07538129193218131  train-loss:  0.060698765417328104  lr:  1.9073486328125e-08
#epoch  329    val-loss:  0.07520629622434315  train-loss:  0.06070865051879082  lr:  1.9073486328125e-08
#epoch  330    val-loss:  0.07552822718494817  train-loss:  0.06071200747101102  lr:  1.9073486328125e-08
#epoch  331    val-loss:  0.07539061456918716  train-loss:  0.06072563423367683  lr:  1.9073486328125e-08
#epoch  332    val-loss:  0.07603559760670912  train-loss:  0.06075741759559605  lr:  1.9073486328125e-08
#epoch  333    val-loss:  0.07547419165310107  train-loss:  0.06066961484611966  lr:  1.9073486328125e-08
#epoch  334    val-loss:  0.07535381379880403  train-loss:  0.06071109062759206  lr:  1.9073486328125e-08
#epoch  335    val-loss:  0.07539062790180508  train-loss:  0.06072432186920196  lr:  1.9073486328125e-08
#epoch  336    val-loss:  0.07528122945835716  train-loss:  0.06068687893275637  lr:  1.9073486328125e-08
#epoch  337    val-loss:  0.07520293875744469  train-loss:  0.0607215405034367  lr:  1.9073486328125e-08
#epoch  338    val-loss:  0.07547721188319356  train-loss:  0.06070416515285615  lr:  1.9073486328125e-08
#epoch  339    val-loss:  0.0752579185523485  train-loss:  0.06069262890378013  lr:  1.9073486328125e-08
#epoch  340    val-loss:  0.07514268316720661  train-loss:  0.060723796326783486  lr:  1.9073486328125e-08
#epoch  341    val-loss:  0.07573369968878596  train-loss:  0.06069356406806037  lr:  1.9073486328125e-08
#epoch  342    val-loss:  0.07533653982375797  train-loss:  0.0607201228995109  lr:  1.9073486328125e-08
#epoch  343    val-loss:  0.07530795939658817  train-loss:  0.06074345581873786  lr:  1.9073486328125e-08
#epoch  344    val-loss:  0.0757987561978792  train-loss:  0.060686213488224894  lr:  1.9073486328125e-08
#epoch  345    val-loss:  0.07534616322893846  train-loss:  0.060736593790352345  lr:  1.9073486328125e-08
#epoch  346    val-loss:  0.07514913262505281  train-loss:  0.06069828855106607  lr:  1.9073486328125e-08
#epoch  347    val-loss:  0.0757209176295682  train-loss:  0.06072077802673448  lr:  1.9073486328125e-08
#epoch  348    val-loss:  0.07549215500292025  train-loss:  0.060695295498589985  lr:  1.9073486328125e-08
#epoch  349    val-loss:  0.07511492740166814  train-loss:  0.06072062879684381  lr:  1.9073486328125e-08
#epoch  350    val-loss:  0.07530506935558821  train-loss:  0.0606982386962045  lr:  1.9073486328125e-08
#epoch  351    val-loss:  0.07546758141956832  train-loss:  0.06069806986488402  lr:  1.9073486328125e-08
#epoch  352    val-loss:  0.07533966593052212  train-loss:  0.060720780049450696  lr:  1.9073486328125e-08
#epoch  353    val-loss:  0.07527385299143038  train-loss:  0.06070234763319604  lr:  1.9073486328125e-08
#epoch  354    val-loss:  0.07513632115564849  train-loss:  0.06067588005680591  lr:  1.9073486328125e-08
#epoch  355    val-loss:  0.07576629872384824  train-loss:  0.06070631876355037  lr:  1.9073486328125e-08
#epoch  356    val-loss:  0.07518682158307026  train-loss:  0.060697668566717766  lr:  1.9073486328125e-08
#epoch  357    val-loss:  0.07558893569205936  train-loss:  0.06069076345011126  lr:  1.9073486328125e-08
#epoch  358    val-loss:  0.07520816122230731  train-loss:  0.06069539634336252  lr:  1.9073486328125e-08
#epoch  359    val-loss:  0.07527958170363777  train-loss:  0.06069893791573122  lr:  1.9073486328125e-08
#epoch  360    val-loss:  0.07545909560040424  train-loss:  0.060699268768075854  lr:  1.9073486328125e-08
#epoch  361    val-loss:  0.07533115579893715  train-loss:  0.060699902576743625  lr:  1.9073486328125e-08
#epoch  362    val-loss:  0.07537413780626498  train-loss:  0.06072551975375973  lr:  1.9073486328125e-08
#epoch  363    val-loss:  0.07581079280690144  train-loss:  0.060714461767929606  lr:  1.9073486328125e-08
#epoch  364    val-loss:  0.07556631808218203  train-loss:  0.060717716653016396  lr:  1.9073486328125e-08
#epoch  365    val-loss:  0.07534407079219818  train-loss:  0.060703801398631185  lr:  1.9073486328125e-08
#epoch  366    val-loss:  0.07518562909803893  train-loss:  0.06072753432090394  lr:  1.9073486328125e-08
#epoch  367    val-loss:  0.0757338130160382  train-loss:  0.060696278771501966  lr:  1.9073486328125e-08
#epoch  368    val-loss:  0.07535908135928605  train-loss:  0.06066565090441145  lr:  1.9073486328125e-08
#epoch  369    val-loss:  0.07520401124891482  train-loss:  0.0606863855937263  lr:  1.9073486328125e-08
#epoch  370    val-loss:  0.07556638552954323  train-loss:  0.06071096182859037  lr:  1.9073486328125e-08
#epoch  371    val-loss:  0.07538402825593948  train-loss:  0.06070449930848554  lr:  1.9073486328125e-08
#epoch  372    val-loss:  0.07547465868686375  train-loss:  0.06076352151285391  lr:  1.9073486328125e-08
#epoch  373    val-loss:  0.07533496500630128  train-loss:  0.06067275474197231  lr:  1.9073486328125e-08
#epoch  374    val-loss:  0.0756783959896941  train-loss:  0.060711380472639576  lr:  1.9073486328125e-08
#epoch  375    val-loss:  0.07549219774572473  train-loss:  0.06068953970680013  lr:  1.9073486328125e-08
#epoch  376    val-loss:  0.07521800736063405  train-loss:  0.060685428863507695  lr:  1.9073486328125e-08
#epoch  377    val-loss:  0.07528685072534963  train-loss:  0.06071210881054867  lr:  1.9073486328125e-08
#epoch  378    val-loss:  0.07578840577288677  train-loss:  0.06068574087112211  lr:  1.9073486328125e-08
#epoch  379    val-loss:  0.07537053799942921  train-loss:  0.060709913494065404  lr:  1.9073486328125e-08
#epoch  380    val-loss:  0.07537859952763508  train-loss:  0.06070167351572309  lr:  1.9073486328125e-08
#epoch  381    val-loss:  0.07563662372137371  train-loss:  0.06072396434319671  lr:  1.9073486328125e-08
#epoch  382    val-loss:  0.07579883736999411  train-loss:  0.060716757681802846  lr:  1.9073486328125e-08
#epoch  383    val-loss:  0.07549403843126799  train-loss:  0.060710977762937546  lr:  1.9073486328125e-08
#epoch  384    val-loss:  0.07535393065527866  train-loss:  0.060742653760826215  lr:  1.9073486328125e-08
#epoch  385    val-loss:  0.0754698522781071  train-loss:  0.06069290533196181  lr:  1.9073486328125e-08
#epoch  386    val-loss:  0.07516152372485713  train-loss:  0.06070788370561786  lr:  1.9073486328125e-08
#epoch  387    val-loss:  0.07534937835053394  train-loss:  0.06067778074066155  lr:  1.9073486328125e-08
#epoch  388    val-loss:  0.07532448321580887  train-loss:  0.060697319902828895  lr:  1.9073486328125e-08
#epoch  389    val-loss:  0.07538825038232301  train-loss:  0.06071515077201184  lr:  1.9073486328125e-08
#epoch  390    val-loss:  0.0753870677006872  train-loss:  0.060733428996172734  lr:  1.9073486328125e-08
#epoch  391    val-loss:  0.0754337428431762  train-loss:  0.060713498314726166  lr:  1.9073486328125e-08
#epoch  392    val-loss:  0.07536232902815468  train-loss:  0.0607223237893777  lr:  1.9073486328125e-08
#epoch  393    val-loss:  0.07530384628396285  train-loss:  0.06074259371962398  lr:  1.9073486328125e-08
#epoch  394    val-loss:  0.07520646915624016  train-loss:  0.06068466017313767  lr:  1.9073486328125e-08
#epoch  395    val-loss:  0.0752792048611139  train-loss:  0.06071106411400251  lr:  1.9073486328125e-08
#epoch  396    val-loss:  0.07518183832105838  train-loss:  0.06069397761893924  lr:  1.9073486328125e-08
#epoch  397    val-loss:  0.07547461672833092  train-loss:  0.060711289348546416  lr:  1.9073486328125e-08
#epoch  398    val-loss:  0.07539941566555124  train-loss:  0.06071032994077541  lr:  1.9073486328125e-08
#epoch  399    val-loss:  0.07537414917820379  train-loss:  0.060708987424732186  lr:  1.9073486328125e-08
#epoch  400    val-loss:  0.0752745290335856  train-loss:  0.060679718779283576  lr:  1.9073486328125e-08
#epoch  401    val-loss:  0.07538513917672007  train-loss:  0.06068890310416464  lr:  1.9073486328125e-08
#epoch  402    val-loss:  0.07527282990907368  train-loss:  0.0607219824596541  lr:  1.9073486328125e-08
#epoch  403    val-loss:  0.07550492921942159  train-loss:  0.060697435576003045  lr:  1.9073486328125e-08
#epoch  404    val-loss:  0.0751952430919597  train-loss:  0.0606743805547012  lr:  1.9073486328125e-08
#epoch  405    val-loss:  0.07535019085595482  train-loss:  0.06071169210190419  lr:  1.9073486328125e-08
#epoch  406    val-loss:  0.07534595892617577  train-loss:  0.060690024532959796  lr:  1.9073486328125e-08
#epoch  407    val-loss:  0.07538821901145734  train-loss:  0.06071198188874405  lr:  1.9073486328125e-08
#epoch  408    val-loss:  0.07548448012063377  train-loss:  0.06069094596023206  lr:  1.9073486328125e-08
#epoch  409    val-loss:  0.07529277746614657  train-loss:  0.06072969095839653  lr:  1.9073486328125e-08
#epoch  410    val-loss:  0.07571961181728463  train-loss:  0.06072808011958841  lr:  1.9073486328125e-08
#epoch  411    val-loss:  0.07553730199211522  train-loss:  0.060713985600159504  lr:  1.9073486328125e-08
#epoch  412    val-loss:  0.0752109430338207  train-loss:  0.060716990745277144  lr:  1.9073486328125e-08
#epoch  413    val-loss:  0.07578074422321822  train-loss:  0.060710877005476505  lr:  1.9073486328125e-08
#epoch  414    val-loss:  0.07576456665992737  train-loss:  0.060712615406373516  lr:  1.9073486328125e-08
#epoch  415    val-loss:  0.07541564146154806  train-loss:  0.060658156289719045  lr:  1.9073486328125e-08
#epoch  416    val-loss:  0.07577454926151979  train-loss:  0.06072463536111172  lr:  1.9073486328125e-08
#epoch  417    val-loss:  0.07580217052447169  train-loss:  0.06072840160049964  lr:  1.9073486328125e-08
#epoch  418    val-loss:  0.07532681289472078  train-loss:  0.0607632884348277  lr:  1.9073486328125e-08
#epoch  419    val-loss:  0.07557015591546108  train-loss:  0.060704163057380356  lr:  1.9073486328125e-08
#epoch  420    val-loss:  0.07534884739863246  train-loss:  0.060698400644469075  lr:  1.9073486328125e-08
#epoch  421    val-loss:  0.07568215657221644  train-loss:  0.06071166603942402  lr:  1.9073486328125e-08
#epoch  422    val-loss:  0.07527956248898256  train-loss:  0.06069832082721405  lr:  1.9073486328125e-08
#epoch  423    val-loss:  0.0754329789625971  train-loss:  0.060703683586325496  lr:  1.9073486328125e-08
#epoch  424    val-loss:  0.07520168980485514  train-loss:  0.060695952794048935  lr:  1.9073486328125e-08
#epoch  425    val-loss:  0.07517143613413761  train-loss:  0.06070129077124875  lr:  1.9073486328125e-08
#epoch  426    val-loss:  0.07532320328448948  train-loss:  0.06073783119791187  lr:  1.9073486328125e-08
#epoch  427    val-loss:  0.07536951923056652  train-loss:  0.06071123923175037  lr:  1.9073486328125e-08
#epoch  428    val-loss:  0.07561342614261728  train-loss:  0.06070389394881204  lr:  1.9073486328125e-08
#epoch  429    val-loss:  0.07529665372873608  train-loss:  0.06069613978615962  lr:  1.9073486328125e-08
#epoch  430    val-loss:  0.07512015927779048  train-loss:  0.06070751906372607  lr:  1.9073486328125e-08
#epoch  431    val-loss:  0.07559909436263536  train-loss:  0.060714820137945935  lr:  1.9073486328125e-08
#epoch  432    val-loss:  0.07531024280347322  train-loss:  0.06070769720827229  lr:  1.9073486328125e-08
#epoch  433    val-loss:  0.07540856693920336  train-loss:  0.060717897475115024  lr:  1.9073486328125e-08
#epoch  434    val-loss:  0.07543433026263588  train-loss:  0.06070417637238279  lr:  1.9073486328125e-08
#epoch  435    val-loss:  0.0754158340002361  train-loss:  0.060698424946167506  lr:  1.9073486328125e-08
#epoch  436    val-loss:  0.07561469862335607  train-loss:  0.06072877545375377  lr:  1.9073486328125e-08
#epoch  437    val-loss:  0.07567255512664192  train-loss:  0.0607199185033096  lr:  1.9073486328125e-08
#epoch  438    val-loss:  0.07521224453261025  train-loss:  0.060726223833626136  lr:  1.9073486328125e-08
#epoch  439    val-loss:  0.07576072176820353  train-loss:  0.060721071902662516  lr:  1.9073486328125e-08
#epoch  440    val-loss:  0.0755615591218597  train-loss:  0.06071012148458976  lr:  1.9073486328125e-08
#epoch  441    val-loss:  0.07543903197112836  train-loss:  0.06067212992638815  lr:  1.9073486328125e-08
#epoch  442    val-loss:  0.0753324200448237  train-loss:  0.06072082476748619  lr:  1.9073486328125e-08
#epoch  443    val-loss:  0.0751873066550807  train-loss:  0.060699280933476985  lr:  1.9073486328125e-08
#epoch  444    val-loss:  0.07531051886709113  train-loss:  0.060715528336004354  lr:  1.9073486328125e-08
#epoch  445    val-loss:  0.07536221530876662  train-loss:  0.06073618066147901  lr:  1.9073486328125e-08
#epoch  446    val-loss:  0.07530583088335238  train-loss:  0.06069239249336533  lr:  1.9073486328125e-08
#epoch  447    val-loss:  0.07568815193678204  train-loss:  0.06070977986382786  lr:  1.9073486328125e-08
#epoch  448    val-loss:  0.07587922835036327  train-loss:  0.06069199445482809  lr:  1.9073486328125e-08
#epoch  449    val-loss:  0.07562365618191268  train-loss:  0.06070592511969153  lr:  1.9073486328125e-08
#epoch  450    val-loss:  0.07577498100305859  train-loss:  0.06068746422533877  lr:  1.9073486328125e-08
#epoch  451    val-loss:  0.07544886830605958  train-loss:  0.06069185977685265  lr:  1.9073486328125e-08
#epoch  452    val-loss:  0.07576555523433183  train-loss:  0.06072760352981277  lr:  1.9073486328125e-08
#epoch  453    val-loss:  0.07541737627041967  train-loss:  0.0607205437408993  lr:  1.9073486328125e-08
#epoch  454    val-loss:  0.07530727119822252  train-loss:  0.06071699688618537  lr:  1.9073486328125e-08
#epoch  455    val-loss:  0.07541354314277046  train-loss:  0.06069625056989025  lr:  1.9073486328125e-08
#epoch  456    val-loss:  0.07540930807590485  train-loss:  0.06068246247014031  lr:  1.9073486328125e-08
#epoch  457    val-loss:  0.07531633424131494  train-loss:  0.06069926300551742  lr:  1.9073486328125e-08
#epoch  458    val-loss:  0.07534876857933245  train-loss:  0.060730994679033756  lr:  1.9073486328125e-08
#epoch  459    val-loss:  0.07511061900540401  train-loss:  0.06071087851887569  lr:  1.9073486328125e-08
#epoch  460    val-loss:  0.07543107318250757  train-loss:  0.06067974530742504  lr:  1.9073486328125e-08
#epoch  461    val-loss:  0.0753635403357054  train-loss:  0.060682262541376986  lr:  1.9073486328125e-08
#epoch  462    val-loss:  0.07567623610559263  train-loss:  0.06070536738843657  lr:  1.9073486328125e-08
#epoch  463    val-loss:  0.07551495652449758  train-loss:  0.06072923372266814  lr:  1.9073486328125e-08
#epoch  464    val-loss:  0.07541475797954358  train-loss:  0.06073214176285546  lr:  1.9073486328125e-08
#epoch  465    val-loss:  0.075339674949646  train-loss:  0.06069355820363853  lr:  1.9073486328125e-08
#epoch  466    val-loss:  0.07535449768367566  train-loss:  0.060679118148982525  lr:  1.9073486328125e-08
#epoch  467    val-loss:  0.07569442689418793  train-loss:  0.06072364319697954  lr:  1.9073486328125e-08
#epoch  468    val-loss:  0.07578382484222713  train-loss:  0.06071252237597946  lr:  1.9073486328125e-08
#epoch  469    val-loss:  0.07560833465111882  train-loss:  0.060746399249183014  lr:  1.9073486328125e-08
#epoch  470    val-loss:  0.07562163236894105  train-loss:  0.06070044788066298  lr:  1.9073486328125e-08
#epoch  471    val-loss:  0.07535095277585481  train-loss:  0.06069816379749682  lr:  1.9073486328125e-08
#epoch  472    val-loss:  0.07541135737770482  train-loss:  0.060732382378773764  lr:  1.9073486328125e-08
#epoch  473    val-loss:  0.07517980548896287  train-loss:  0.06069199195189867  lr:  1.9073486328125e-08
#epoch  474    val-loss:  0.07548042857333233  train-loss:  0.060691307749948464  lr:  1.9073486328125e-08
#epoch  475    val-loss:  0.07568306985654329  train-loss:  0.06070860376348719  lr:  1.9073486328125e-08
#epoch  476    val-loss:  0.07568735786174473  train-loss:  0.060695172505802475  lr:  1.9073486328125e-08
#epoch  477    val-loss:  0.07540790187685113  train-loss:  0.06070342675957363  lr:  1.9073486328125e-08
#epoch  478    val-loss:  0.07579680022440459  train-loss:  0.06070139854273293  lr:  1.9073486328125e-08
#epoch  479    val-loss:  0.07531090747368963  train-loss:  0.06074340661871247  lr:  1.9073486328125e-08
#epoch  480    val-loss:  0.07534321946533103  train-loss:  0.0607146653928794  lr:  1.9073486328125e-08
#epoch  481    val-loss:  0.07549949068772166  train-loss:  0.060705996947945096  lr:  1.9073486328125e-08
#epoch  482    val-loss:  0.07530087938434199  train-loss:  0.06069386695162393  lr:  1.9073486328125e-08
#epoch  483    val-loss:  0.07565771905999434  train-loss:  0.060710052159265615  lr:  1.9073486328125e-08
#epoch  484    val-loss:  0.07537784231336493  train-loss:  0.060719470275216736  lr:  1.9073486328125e-08
#epoch  485    val-loss:  0.07550363870043504  train-loss:  0.06067559240909759  lr:  1.9073486328125e-08
#epoch  486    val-loss:  0.07511067155160402  train-loss:  0.06070971244480461  lr:  1.9073486328125e-08
#epoch  487    val-loss:  0.07529556751251221  train-loss:  0.06070868675305974  lr:  1.9073486328125e-08
#epoch  488    val-loss:  0.07531116628333141  train-loss:  0.06073875159199815  lr:  1.9073486328125e-08
#epoch  489    val-loss:  0.07563851773738861  train-loss:  0.060723735674400814  lr:  1.9073486328125e-08
#epoch  490    val-loss:  0.07546476039447282  train-loss:  0.06075663398951292  lr:  1.9073486328125e-08
#epoch  491    val-loss:  0.07547658289733686  train-loss:  0.06070216104853898  lr:  1.9073486328125e-08
#epoch  492    val-loss:  0.07539321521395131  train-loss:  0.060698633213178255  lr:  1.9073486328125e-08
#epoch  493    val-loss:  0.07531272031758961  train-loss:  0.06070476617605891  lr:  1.9073486328125e-08
#epoch  494    val-loss:  0.07567078933904045  train-loss:  0.0606921886355849  lr:  1.9073486328125e-08
#epoch  495    val-loss:  0.07530640261737924  train-loss:  0.06072299860534258  lr:  1.9073486328125e-08
#epoch  496    val-loss:  0.07562890884123351  train-loss:  0.0607184725231491  lr:  1.9073486328125e-08
#epoch  497    val-loss:  0.07587767980600658  train-loss:  0.06068695762951393  lr:  1.9073486328125e-08
#epoch  498    val-loss:  0.07552078013357363  train-loss:  0.060673159183352254  lr:  1.9073486328125e-08
#epoch  499    val-loss:  0.07521686075549376  train-loss:  0.06069431909418199  lr:  1.9073486328125e-08
