model 9864ce17d89e58be4e7a0fe53a6983ed59c5d301dd1273944145663f state_dict has not been found
Model was not found
torch.cuda.is_available():	 True
runargs:	 Namespace(co2=False, depth=1497.0, disp=-1, domain='global', epoch=0, latitude=True, linsupres=False, lossfun='MSE', lr=0.01, lsrp_span=12, maxepoch=500, minibatch=4, mode='train', normalization='standard', num_workers=40, parts=[1, 1], persistent_workers=False, prefetch_factor=1, relog=True, rerun=True, sanity=False, sigma=8, temperature=True)
data_address /scratch/zanna/data/cm2.6/coarse_8_beneath_surface.zarr
using device: cuda:0
epochs started
#epoch  0    val-loss:  0.9064667758188749  train-loss:  1.352739188587293  lr:  0.01
#epoch  1    val-loss:  0.7706393850477118  train-loss:  0.6647184123285115  lr:  0.01
#epoch  2    val-loss:  0.7052407358822069  train-loss:  0.5785180213861167  lr:  0.01
#epoch  3    val-loss:  0.5731442021696191  train-loss:  0.5011935881339014  lr:  0.01
#epoch  4    val-loss:  0.5136967960156893  train-loss:  0.41000039281789213  lr:  0.01
#epoch  5    val-loss:  0.5210548011880172  train-loss:  0.3450315914815292  lr:  0.01
#epoch  6    val-loss:  0.37986162148023905  train-loss:  0.29297656106064096  lr:  0.01
#epoch  7    val-loss:  0.34794815433652776  train-loss:  0.24564363242825493  lr:  0.01
#epoch  8    val-loss:  0.3090606159285495  train-loss:  0.21341482450952753  lr:  0.01
#epoch  9    val-loss:  0.27949902728984233  train-loss:  0.19588257634313777  lr:  0.01
#epoch  10    val-loss:  0.2957004936117875  train-loss:  0.18102735065622255  lr:  0.01
#epoch  11    val-loss:  0.26681812578126  train-loss:  0.16685917269205675  lr:  0.01
#epoch  12    val-loss:  0.25747876731972946  train-loss:  0.16033626458374783  lr:  0.01
#epoch  13    val-loss:  0.23834721116643204  train-loss:  0.15369820408523083  lr:  0.01
#epoch  14    val-loss:  0.25219313565053436  train-loss:  0.14676321001024917  lr:  0.01
#epoch  15    val-loss:  0.24166682127274966  train-loss:  0.14137156275683083  lr:  0.01
#epoch  16    val-loss:  0.24564835115482933  train-loss:  0.14014953502919525  lr:  0.01
#epoch  17    val-loss:  0.2009174031646628  train-loss:  0.11985315044876188  lr:  0.005
#epoch  18    val-loss:  0.20948530419876701  train-loss:  0.1159094930626452  lr:  0.005
#epoch  19    val-loss:  0.2054714278170937  train-loss:  0.11620708295959048  lr:  0.005
#epoch  20    val-loss:  0.20656802230759672  train-loss:  0.11485828194417991  lr:  0.005
#epoch  21    val-loss:  0.18972956742111005  train-loss:  0.10593192253145389  lr:  0.0025
#epoch  22    val-loss:  0.1882359040410895  train-loss:  0.10524558811448514  lr:  0.0025
#epoch  23    val-loss:  0.19050573126265877  train-loss:  0.1050192934635561  lr:  0.0025
#epoch  24    val-loss:  0.18768469754018283  train-loss:  0.10406409928691573  lr:  0.0025
#epoch  25    val-loss:  0.18819401138707212  train-loss:  0.10357003449462354  lr:  0.0025
#epoch  26    val-loss:  0.18872304652866564  train-loss:  0.10269345578853972  lr:  0.0025
#epoch  27    val-loss:  0.18705905189639643  train-loss:  0.10176980696269311  lr:  0.0025
#epoch  28    val-loss:  0.18642753833218625  train-loss:  0.10135830496437848  lr:  0.0025
#epoch  29    val-loss:  0.18494185726893575  train-loss:  0.10028193090693094  lr:  0.0025
#epoch  30    val-loss:  0.18564950870840172  train-loss:  0.09954786580055952  lr:  0.0025
#epoch  31    val-loss:  0.18309694371725382  train-loss:  0.09906706775655039  lr:  0.0025
#epoch  32    val-loss:  0.18557255989626834  train-loss:  0.09830997744575143  lr:  0.0025
#epoch  33    val-loss:  0.18741979253919502  train-loss:  0.0975613777700346  lr:  0.0025
#epoch  34    val-loss:  0.18263968746913106  train-loss:  0.09585144763696007  lr:  0.0025
#epoch  35    val-loss:  0.1810446310984461  train-loss:  0.09631736052688211  lr:  0.0025
#epoch  36    val-loss:  0.18180367036869652  train-loss:  0.09431203687563539  lr:  0.0025
#epoch  37    val-loss:  0.18139454800831645  train-loss:  0.0943662008503452  lr:  0.0025
#epoch  38    val-loss:  0.18510062600436963  train-loss:  0.09327952048624866  lr:  0.0025
#epoch  39    val-loss:  0.1737128778507835  train-loss:  0.08779233097448014  lr:  0.00125
#epoch  40    val-loss:  0.17584271964273954  train-loss:  0.08670688577694818  lr:  0.00125
#epoch  41    val-loss:  0.17305070279460205  train-loss:  0.08677164759137668  lr:  0.00125
#epoch  42    val-loss:  0.17517355162846415  train-loss:  0.0861411466030404  lr:  0.00125
#epoch  43    val-loss:  0.17837992702659808  train-loss:  0.08585474340361543  lr:  0.00125
#epoch  44    val-loss:  0.17775979951808327  train-loss:  0.08552526630228385  lr:  0.00125
#epoch  45    val-loss:  0.17231625867517372  train-loss:  0.08281668287236243  lr:  0.000625
#epoch  46    val-loss:  0.17355333111788096  train-loss:  0.08244498174462933  lr:  0.000625
#epoch  47    val-loss:  0.17545840771574722  train-loss:  0.08211556405876763  lr:  0.000625
#epoch  48    val-loss:  0.1747184035025145  train-loss:  0.08206717181019485  lr:  0.000625
#epoch  49    val-loss:  0.17274396670492073  train-loss:  0.08041521403356455  lr:  0.0003125
#epoch  50    val-loss:  0.17490443822584653  train-loss:  0.0802073519298574  lr:  0.0003125
#epoch  51    val-loss:  0.17548601799889615  train-loss:  0.08012598461937159  lr:  0.0003125
#epoch  52    val-loss:  0.17253302194570241  train-loss:  0.07939628904568963  lr:  0.00015625
#epoch  53    val-loss:  0.1724362451779215  train-loss:  0.07931978936539963  lr:  0.00015625
#epoch  54    val-loss:  0.1726550397120024  train-loss:  0.07926503149792552  lr:  0.00015625
#epoch  55    val-loss:  0.17181116107263064  train-loss:  0.07888925130828284  lr:  7.8125e-05
#epoch  56    val-loss:  0.17243645457844986  train-loss:  0.07881144716520794  lr:  7.8125e-05
#epoch  57    val-loss:  0.17521287500858307  train-loss:  0.07877642908715643  lr:  7.8125e-05
#epoch  58    val-loss:  0.1716739480432711  train-loss:  0.07877952206763439  lr:  7.8125e-05
#epoch  59    val-loss:  0.1748303527894773  train-loss:  0.07868292929197196  lr:  7.8125e-05
#epoch  60    val-loss:  0.17144657867519478  train-loss:  0.07863112162158359  lr:  7.8125e-05
#epoch  61    val-loss:  0.17337348743488915  train-loss:  0.07861220595077612  lr:  7.8125e-05
#epoch  62    val-loss:  0.17345700452202245  train-loss:  0.07863707689102739  lr:  7.8125e-05
#epoch  63    val-loss:  0.17313718795776367  train-loss:  0.07854689937084913  lr:  7.8125e-05
#epoch  64    val-loss:  0.1727794675450576  train-loss:  0.07836570125073195  lr:  3.90625e-05
#epoch  65    val-loss:  0.17358378517000297  train-loss:  0.07828757497190963  lr:  3.90625e-05
#epoch  66    val-loss:  0.1730398527885738  train-loss:  0.07823695651313756  lr:  3.90625e-05
#epoch  67    val-loss:  0.176250433451251  train-loss:  0.078108250600053  lr:  1.953125e-05
#epoch  68    val-loss:  0.17233194018665113  train-loss:  0.0780901872785762  lr:  1.953125e-05
#epoch  69    val-loss:  0.17338339043290993  train-loss:  0.0781018337002024  lr:  1.953125e-05
#epoch  70    val-loss:  0.17308499468000313  train-loss:  0.07803701949887909  lr:  9.765625e-06
#epoch  71    val-loss:  0.17377830100686928  train-loss:  0.07803798577515408  lr:  9.765625e-06
#epoch  72    val-loss:  0.17363048854627108  train-loss:  0.07801972693414427  lr:  9.765625e-06
#epoch  73    val-loss:  0.17394154322774788  train-loss:  0.07798325848125387  lr:  4.8828125e-06
#epoch  74    val-loss:  0.1738307115278746  train-loss:  0.07798043728689663  lr:  4.8828125e-06
#epoch  75    val-loss:  0.1716337635328895  train-loss:  0.07796501225675456  lr:  4.8828125e-06
#epoch  76    val-loss:  0.17194334378367976  train-loss:  0.07797169125115033  lr:  2.44140625e-06
#epoch  77    val-loss:  0.17412221588586507  train-loss:  0.07793828236754052  lr:  2.44140625e-06
#epoch  78    val-loss:  0.17611595282429143  train-loss:  0.07798878560424782  lr:  2.44140625e-06
#epoch  79    val-loss:  0.1730014007342489  train-loss:  0.07794525126519147  lr:  1.220703125e-06
#epoch  80    val-loss:  0.17252833435409948  train-loss:  0.07793823022802826  lr:  1.220703125e-06
#epoch  81    val-loss:  0.17372635399040423  train-loss:  0.07797501153254416  lr:  1.220703125e-06
#epoch  82    val-loss:  0.17249151672187604  train-loss:  0.07797466072952375  lr:  6.103515625e-07
#epoch  83    val-loss:  0.1731793362843363  train-loss:  0.077924775032443  lr:  6.103515625e-07
#epoch  84    val-loss:  0.17370126357204035  train-loss:  0.07796079127001576  lr:  6.103515625e-07
#epoch  85    val-loss:  0.18046477907582334  train-loss:  0.07796162407612428  lr:  3.0517578125e-07
#epoch  86    val-loss:  0.1743538371826473  train-loss:  0.07790901020052843  lr:  3.0517578125e-07
#epoch  87    val-loss:  0.17295843205953898  train-loss:  0.07789415642037056  lr:  3.0517578125e-07
#epoch  88    val-loss:  0.173208560598524  train-loss:  0.07793422072427347  lr:  1.52587890625e-07
#epoch  89    val-loss:  0.17168088374953522  train-loss:  0.07791665075637866  lr:  1.52587890625e-07
#epoch  90    val-loss:  0.17196775502280184  train-loss:  0.07792024934315123  lr:  1.52587890625e-07
#epoch  91    val-loss:  0.17535547519984998  train-loss:  0.0779360375017859  lr:  7.62939453125e-08
#epoch  92    val-loss:  0.1713438614418632  train-loss:  0.0779287931509316  lr:  7.62939453125e-08
#epoch  93    val-loss:  0.17320383849896884  train-loss:  0.07792672284995206  lr:  7.62939453125e-08
#epoch  94    val-loss:  0.17249129320445813  train-loss:  0.07791165573871695  lr:  7.62939453125e-08
#epoch  95    val-loss:  0.174954996297234  train-loss:  0.07795333123067394  lr:  7.62939453125e-08
#epoch  96    val-loss:  0.17362024517435776  train-loss:  0.07789992341713514  lr:  3.814697265625e-08
#epoch  97    val-loss:  0.17309258878231049  train-loss:  0.07791298703523353  lr:  3.814697265625e-08
#epoch  98    val-loss:  0.17360900420891612  train-loss:  0.07792664990120102  lr:  3.814697265625e-08
#epoch  99    val-loss:  0.17465058047520488  train-loss:  0.07793259099707939  lr:  1.9073486328125e-08
#epoch  100    val-loss:  0.17296650613609113  train-loss:  0.07789642558782361  lr:  1.9073486328125e-08
#epoch  101    val-loss:  0.17249701525035657  train-loss:  0.07792217134556267  lr:  1.9073486328125e-08
#epoch  102    val-loss:  0.172280006502804  train-loss:  0.0779142327082809  lr:  1.9073486328125e-08
#epoch  103    val-loss:  0.17286438926270134  train-loss:  0.07796874865016434  lr:  1.9073486328125e-08
#epoch  104    val-loss:  0.17319005335632123  train-loss:  0.07792898315528873  lr:  1.9073486328125e-08
#epoch  105    val-loss:  0.1733713651958265  train-loss:  0.07795290186186321  lr:  1.9073486328125e-08
#epoch  106    val-loss:  0.17351079300830238  train-loss:  0.07793840550584719  lr:  1.9073486328125e-08
#epoch  107    val-loss:  0.17313270113970103  train-loss:  0.07795060551143251  lr:  1.9073486328125e-08
#epoch  108    val-loss:  0.1731333763975846  train-loss:  0.07793745801609475  lr:  1.9073486328125e-08
#epoch  109    val-loss:  0.1738879664948112  train-loss:  0.07793001047684811  lr:  1.9073486328125e-08
#epoch  110    val-loss:  0.1726037632477911  train-loss:  0.07792728193453513  lr:  1.9073486328125e-08
#epoch  111    val-loss:  0.17137604010732552  train-loss:  0.07791802557767369  lr:  1.9073486328125e-08
#epoch  112    val-loss:  0.17227499343846975  train-loss:  0.07792109972797334  lr:  1.9073486328125e-08
#epoch  113    val-loss:  0.17208221554756165  train-loss:  0.07792906551912893  lr:  1.9073486328125e-08
#epoch  114    val-loss:  0.1735064214781711  train-loss:  0.07796064761350863  lr:  1.9073486328125e-08
#epoch  115    val-loss:  0.1736587482063394  train-loss:  0.07792438261094503  lr:  1.9073486328125e-08
#epoch  116    val-loss:  0.17290293150826505  train-loss:  0.07792097573110368  lr:  1.9073486328125e-08
#epoch  117    val-loss:  0.17133464350512154  train-loss:  0.07791241099766921  lr:  1.9073486328125e-08
#epoch  118    val-loss:  0.17409594749149523  train-loss:  0.07794295481289737  lr:  1.9073486328125e-08
#epoch  119    val-loss:  0.17292175245912453  train-loss:  0.07791676274791826  lr:  1.9073486328125e-08
#epoch  120    val-loss:  0.17678000032901764  train-loss:  0.0779338261927478  lr:  1.9073486328125e-08
#epoch  121    val-loss:  0.17403859292206011  train-loss:  0.07794857170665637  lr:  1.9073486328125e-08
#epoch  122    val-loss:  0.17494453332926097  train-loss:  0.0779415625584079  lr:  1.9073486328125e-08
#epoch  123    val-loss:  0.17583789401932767  train-loss:  0.0779525462858146  lr:  1.9073486328125e-08
#epoch  124    val-loss:  0.1805007206766229  train-loss:  0.07790394146286417  lr:  1.9073486328125e-08
#epoch  125    val-loss:  0.17531428446895198  train-loss:  0.07794237036432605  lr:  1.9073486328125e-08
#epoch  126    val-loss:  0.1713017091939324  train-loss:  0.07794929436931852  lr:  1.9073486328125e-08
#epoch  127    val-loss:  0.17540644971947922  train-loss:  0.07790592618403025  lr:  1.9073486328125e-08
#epoch  128    val-loss:  0.17396827042102814  train-loss:  0.077907499493449  lr:  1.9073486328125e-08
#epoch  129    val-loss:  0.17368154463015104  train-loss:  0.0779602084949147  lr:  1.9073486328125e-08
#epoch  130    val-loss:  0.17662976760613291  train-loss:  0.07791545195505023  lr:  1.9073486328125e-08
#epoch  131    val-loss:  0.1721242179996089  train-loss:  0.07789942908857483  lr:  1.9073486328125e-08
#epoch  132    val-loss:  0.17382950610236117  train-loss:  0.07792350128875114  lr:  1.9073486328125e-08
#epoch  133    val-loss:  0.17372270006882518  train-loss:  0.07793138906708919  lr:  1.9073486328125e-08
#epoch  134    val-loss:  0.17199037576976575  train-loss:  0.07793377792404499  lr:  1.9073486328125e-08
#epoch  135    val-loss:  0.17376099840590828  train-loss:  0.07794655172619969  lr:  1.9073486328125e-08
#epoch  136    val-loss:  0.17314039170742035  train-loss:  0.07791784816072322  lr:  1.9073486328125e-08
#epoch  137    val-loss:  0.17373163057001015  train-loss:  0.07796954679361079  lr:  1.9073486328125e-08
#epoch  138    val-loss:  0.17319105016557793  train-loss:  0.07794188283151016  lr:  1.9073486328125e-08
#epoch  139    val-loss:  0.17306250255358846  train-loss:  0.07794226024998352  lr:  1.9073486328125e-08
#epoch  140    val-loss:  0.17311771135581167  train-loss:  0.07792596140643582  lr:  1.9073486328125e-08
#epoch  141    val-loss:  0.17224498328409696  train-loss:  0.07790375588228926  lr:  1.9073486328125e-08
#epoch  142    val-loss:  0.17357247126729866  train-loss:  0.07792744689504616  lr:  1.9073486328125e-08
#epoch  143    val-loss:  0.1739308747806047  train-loss:  0.07792493619490415  lr:  1.9073486328125e-08
#epoch  144    val-loss:  0.17316591112237228  train-loss:  0.07792767045611981  lr:  1.9073486328125e-08
#epoch  145    val-loss:  0.1741833945638255  train-loss:  0.07795336388517171  lr:  1.9073486328125e-08
#epoch  146    val-loss:  0.17528798391944483  train-loss:  0.0779497808398446  lr:  1.9073486328125e-08
#epoch  147    val-loss:  0.17466809953513898  train-loss:  0.07791188100236468  lr:  1.9073486328125e-08
#epoch  148    val-loss:  0.17260843985959104  train-loss:  0.0779495249298634  lr:  1.9073486328125e-08
#epoch  149    val-loss:  0.1720413377410487  train-loss:  0.07795112306484953  lr:  1.9073486328125e-08
#epoch  150    val-loss:  0.17363786697387695  train-loss:  0.07798245633603074  lr:  1.9073486328125e-08
#epoch  151    val-loss:  0.17175274852075076  train-loss:  0.07791801264102105  lr:  1.9073486328125e-08
#epoch  152    val-loss:  0.17200985864589088  train-loss:  0.07795818957674783  lr:  1.9073486328125e-08
#epoch  153    val-loss:  0.17366250565177516  train-loss:  0.07793859360390343  lr:  1.9073486328125e-08
#epoch  154    val-loss:  0.17327445118050827  train-loss:  0.07791362289572135  lr:  1.9073486328125e-08
#epoch  155    val-loss:  0.1737310651101564  train-loss:  0.0779387196234893  lr:  1.9073486328125e-08
#epoch  156    val-loss:  0.1712618101584284  train-loss:  0.07793197710998356  lr:  1.9073486328125e-08
#epoch  157    val-loss:  0.17270715064124056  train-loss:  0.07792034404701553  lr:  1.9073486328125e-08
#epoch  158    val-loss:  0.1724805235862732  train-loss:  0.07794011748046614  lr:  1.9073486328125e-08
#epoch  159    val-loss:  0.17325301703653836  train-loss:  0.07793750835116953  lr:  1.9073486328125e-08
#epoch  160    val-loss:  0.1717136517951363  train-loss:  0.07796766553656198  lr:  1.9073486328125e-08
#epoch  161    val-loss:  0.1729775275054731  train-loss:  0.07791684156109113  lr:  1.9073486328125e-08
#epoch  162    val-loss:  0.17354797532683924  train-loss:  0.07796009710000362  lr:  1.9073486328125e-08
#epoch  163    val-loss:  0.17316308068601707  train-loss:  0.07793113656225614  lr:  1.9073486328125e-08
#epoch  164    val-loss:  0.17339607916380229  train-loss:  0.0779337984859012  lr:  1.9073486328125e-08
#epoch  165    val-loss:  0.17282550272188688  train-loss:  0.0779127999121556  lr:  1.9073486328125e-08
#epoch  166    val-loss:  0.17312536584703545  train-loss:  0.07792770523519721  lr:  1.9073486328125e-08
#epoch  167    val-loss:  0.17260881395716415  train-loss:  0.07792445659288205  lr:  1.9073486328125e-08
#epoch  168    val-loss:  0.1725155687645862  train-loss:  0.07791445081238635  lr:  1.9073486328125e-08
#epoch  169    val-loss:  0.17325086421088168  train-loss:  0.07791699669905938  lr:  1.9073486328125e-08
#epoch  170    val-loss:  0.1745931929663608  train-loss:  0.07793143308663275  lr:  1.9073486328125e-08
#epoch  171    val-loss:  0.1730814293811196  train-loss:  0.0779463351063896  lr:  1.9073486328125e-08
#epoch  172    val-loss:  0.1728531428073582  train-loss:  0.07791993525461294  lr:  1.9073486328125e-08
#epoch  173    val-loss:  0.17285374904933729  train-loss:  0.07791876830742694  lr:  1.9073486328125e-08
#epoch  174    val-loss:  0.17286348813458494  train-loss:  0.07796414120821282  lr:  1.9073486328125e-08
#epoch  175    val-loss:  0.17301899116290242  train-loss:  0.07797074221889488  lr:  1.9073486328125e-08
#epoch  176    val-loss:  0.18056194248952365  train-loss:  0.07794163042854052  lr:  1.9073486328125e-08
#epoch  177    val-loss:  0.17128537007068334  train-loss:  0.07791336103400681  lr:  1.9073486328125e-08
#epoch  178    val-loss:  0.17312134723914296  train-loss:  0.07789726181363221  lr:  1.9073486328125e-08
#epoch  179    val-loss:  0.17257908692485407  train-loss:  0.07792030536802486  lr:  1.9073486328125e-08
#epoch  180    val-loss:  0.172390206079734  train-loss:  0.07790799984650221  lr:  1.9073486328125e-08
#epoch  181    val-loss:  0.17408321327284762  train-loss:  0.07792835548752919  lr:  1.9073486328125e-08
#epoch  182    val-loss:  0.17316879253638418  train-loss:  0.07797282384126447  lr:  1.9073486328125e-08
#epoch  183    val-loss:  0.17379581379263023  train-loss:  0.0779650371405296  lr:  1.9073486328125e-08
#epoch  184    val-loss:  0.17349168893538022  train-loss:  0.07792805209464859  lr:  1.9073486328125e-08
#epoch  185    val-loss:  0.17307194126279732  train-loss:  0.07794331666082144  lr:  1.9073486328125e-08
#epoch  186    val-loss:  0.17298178923757454  train-loss:  0.07798198037198745  lr:  1.9073486328125e-08
#epoch  187    val-loss:  0.177339726372769  train-loss:  0.07795309451466892  lr:  1.9073486328125e-08
#epoch  188    val-loss:  0.17216440956843526  train-loss:  0.07796058639360126  lr:  1.9073486328125e-08
#epoch  189    val-loss:  0.17488484790450648  train-loss:  0.07795316820556764  lr:  1.9073486328125e-08
#epoch  190    val-loss:  0.17468522175362236  train-loss:  0.07792635490477551  lr:  1.9073486328125e-08
#epoch  191    val-loss:  0.17319421470165253  train-loss:  0.07800494629191235  lr:  1.9073486328125e-08
#epoch  192    val-loss:  0.17162073678091952  train-loss:  0.07795250244089402  lr:  1.9073486328125e-08
#epoch  193    val-loss:  0.17372124916628787  train-loss:  0.07791220198851079  lr:  1.9073486328125e-08
#epoch  194    val-loss:  0.1738303021380776  train-loss:  0.07794598123291507  lr:  1.9073486328125e-08
#epoch  195    val-loss:  0.17403999990538546  train-loss:  0.07789810829854105  lr:  1.9073486328125e-08
#epoch  196    val-loss:  0.17248987759414472  train-loss:  0.07792098986101337  lr:  1.9073486328125e-08
#epoch  197    val-loss:  0.17371589102243123  train-loss:  0.07795672555221245  lr:  1.9073486328125e-08
#epoch  198    val-loss:  0.17624639758938238  train-loss:  0.07793208184011746  lr:  1.9073486328125e-08
#epoch  199    val-loss:  0.17384331006752818  train-loss:  0.07796351546130609  lr:  1.9073486328125e-08
#epoch  200    val-loss:  0.1720036817224402  train-loss:  0.07793092817883007  lr:  1.9073486328125e-08
#epoch  201    val-loss:  0.1733461673322477  train-loss:  0.07791650286526419  lr:  1.9073486328125e-08
#epoch  202    val-loss:  0.17438683384343198  train-loss:  0.0779202629782958  lr:  1.9073486328125e-08
#epoch  203    val-loss:  0.17338835408813075  train-loss:  0.07793441688409075  lr:  1.9073486328125e-08
#epoch  204    val-loss:  0.173538717000108  train-loss:  0.07792745533515699  lr:  1.9073486328125e-08
#epoch  205    val-loss:  0.17309552352679403  train-loss:  0.07795510835421737  lr:  1.9073486328125e-08
#epoch  206    val-loss:  0.17390648863817515  train-loss:  0.0779544597316999  lr:  1.9073486328125e-08
#epoch  207    val-loss:  0.17380963265895844  train-loss:  0.07790544656745624  lr:  1.9073486328125e-08
#epoch  208    val-loss:  0.17593451079569364  train-loss:  0.0779339347500354  lr:  1.9073486328125e-08
#epoch  209    val-loss:  0.1805440979568582  train-loss:  0.07791522369370796  lr:  1.9073486328125e-08
#epoch  210    val-loss:  0.1729484482815391  train-loss:  0.0779090349242324  lr:  1.9073486328125e-08
#epoch  211    val-loss:  0.1731173137300893  train-loss:  0.07793892572226468  lr:  1.9073486328125e-08
#epoch  212    val-loss:  0.17367790482546153  train-loss:  0.07788519325549714  lr:  1.9073486328125e-08
#epoch  213    val-loss:  0.1746679403279957  train-loss:  0.07792075703036971  lr:  1.9073486328125e-08
#epoch  214    val-loss:  0.17209122761299736  train-loss:  0.07790764610399492  lr:  1.9073486328125e-08
#epoch  215    val-loss:  0.17371534752218346  train-loss:  0.0779110208095517  lr:  1.9073486328125e-08
#epoch  216    val-loss:  0.1729165001919395  train-loss:  0.07793412257160526  lr:  1.9073486328125e-08
#epoch  217    val-loss:  0.17458733210438176  train-loss:  0.07792752093519084  lr:  1.9073486328125e-08
#epoch  218    val-loss:  0.17266299379499336  train-loss:  0.07794437638949603  lr:  1.9073486328125e-08
#epoch  219    val-loss:  0.17434534430503845  train-loss:  0.07793052367924247  lr:  1.9073486328125e-08
#epoch  220    val-loss:  0.1731982819343868  train-loss:  0.07789226554450579  lr:  1.9073486328125e-08
#epoch  221    val-loss:  0.17336634742586235  train-loss:  0.07792651292402297  lr:  1.9073486328125e-08
#epoch  222    val-loss:  0.17375034015429647  train-loss:  0.07797045484767295  lr:  1.9073486328125e-08
#epoch  223    val-loss:  0.17461196999800832  train-loss:  0.07792553976469208  lr:  1.9073486328125e-08
#epoch  224    val-loss:  0.17322338490109696  train-loss:  0.07793082311400212  lr:  1.9073486328125e-08
#epoch  225    val-loss:  0.17211957432721792  train-loss:  0.07794789510080591  lr:  1.9073486328125e-08
#epoch  226    val-loss:  0.17441520330153013  train-loss:  0.07791585975792259  lr:  1.9073486328125e-08
#epoch  227    val-loss:  0.17529381184201492  train-loss:  0.07793030742323026  lr:  1.9073486328125e-08
#epoch  228    val-loss:  0.1734469070246345  train-loss:  0.07791345147415996  lr:  1.9073486328125e-08
#epoch  229    val-loss:  0.1732052666576285  train-loss:  0.0779364970367169  lr:  1.9073486328125e-08
#epoch  230    val-loss:  0.17384753886022067  train-loss:  0.0779376826249063  lr:  1.9073486328125e-08
#epoch  231    val-loss:  0.17380332633068687  train-loss:  0.07789551670430228  lr:  1.9073486328125e-08
#epoch  232    val-loss:  0.17302331798955015  train-loss:  0.07790307485265657  lr:  1.9073486328125e-08
#epoch  233    val-loss:  0.17218013343058133  train-loss:  0.07791675148473587  lr:  1.9073486328125e-08
#epoch  234    val-loss:  0.17497295219647258  train-loss:  0.07791278892545961  lr:  1.9073486328125e-08
#epoch  235    val-loss:  0.17625412815495542  train-loss:  0.07792369037633762  lr:  1.9073486328125e-08
#epoch  236    val-loss:  0.17213211796785655  train-loss:  0.07791037626157049  lr:  1.9073486328125e-08
#epoch  237    val-loss:  0.17366039047115728  train-loss:  0.07791435785475187  lr:  1.9073486328125e-08
#epoch  238    val-loss:  0.1746533348372108  train-loss:  0.07794427368207835  lr:  1.9073486328125e-08
#epoch  239    val-loss:  0.17358592780012833  train-loss:  0.07793624707846902  lr:  1.9073486328125e-08
#epoch  240    val-loss:  0.17134461081341693  train-loss:  0.0779272695799591  lr:  1.9073486328125e-08
#epoch  241    val-loss:  0.173350738067376  train-loss:  0.07792885671369731  lr:  1.9073486328125e-08
#epoch  242    val-loss:  0.1719480501978021  train-loss:  0.0779201587283751  lr:  1.9073486328125e-08
#epoch  243    val-loss:  0.18057763498080404  train-loss:  0.07792785952915438  lr:  1.9073486328125e-08
#epoch  244    val-loss:  0.1759735588964663  train-loss:  0.07789558741205838  lr:  1.9073486328125e-08
#epoch  245    val-loss:  0.173980082336225  train-loss:  0.07791025392361917  lr:  1.9073486328125e-08
#epoch  246    val-loss:  0.17535720765590668  train-loss:  0.07790503615979105  lr:  1.9073486328125e-08
#epoch  247    val-loss:  0.17627254991154923  train-loss:  0.0778992029663641  lr:  1.9073486328125e-08
#epoch  248    val-loss:  0.17310948905191922  train-loss:  0.07797408515762072  lr:  1.9073486328125e-08
#epoch  249    val-loss:  0.17302315564532028  train-loss:  0.07796365692047402  lr:  1.9073486328125e-08
#epoch  250    val-loss:  0.17362572095896067  train-loss:  0.07792039847117849  lr:  1.9073486328125e-08
#epoch  251    val-loss:  0.1740861464487879  train-loss:  0.07794230492436327  lr:  1.9073486328125e-08
#epoch  252    val-loss:  0.17130002300990255  train-loss:  0.07790723833022639  lr:  1.9073486328125e-08
#epoch  253    val-loss:  0.17309137629835228  train-loss:  0.07792801488540135  lr:  1.9073486328125e-08
#epoch  254    val-loss:  0.17379405074997953  train-loss:  0.07791436537809204  lr:  1.9073486328125e-08
#epoch  255    val-loss:  0.17333510910209857  train-loss:  0.07792096282355487  lr:  1.9073486328125e-08
#epoch  256    val-loss:  0.17309828181015818  train-loss:  0.07790338341146708  lr:  1.9073486328125e-08
#epoch  257    val-loss:  0.17388388122382917  train-loss:  0.07797830611525569  lr:  1.9073486328125e-08
#epoch  258    val-loss:  0.17249037325382233  train-loss:  0.07789620438416023  lr:  1.9073486328125e-08
#epoch  259    val-loss:  0.17296995849985825  train-loss:  0.07792582396359649  lr:  1.9073486328125e-08
#epoch  260    val-loss:  0.17354563819734672  train-loss:  0.07794776718947105  lr:  1.9073486328125e-08
#epoch  261    val-loss:  0.18060612521673503  train-loss:  0.07794377570098732  lr:  1.9073486328125e-08
#epoch  262    val-loss:  0.17471108860091158  train-loss:  0.07792532842722721  lr:  1.9073486328125e-08
#epoch  263    val-loss:  0.17465309485008843  train-loss:  0.07794688415015116  lr:  1.9073486328125e-08
#epoch  264    val-loss:  0.1731267273426056  train-loss:  0.07791612978326157  lr:  1.9073486328125e-08
#epoch  265    val-loss:  0.17123158040799594  train-loss:  0.07792058572522365  lr:  1.9073486328125e-08
#epoch  266    val-loss:  0.17260884924938805  train-loss:  0.07796829674043693  lr:  1.9073486328125e-08
#epoch  267    val-loss:  0.17370462339175374  train-loss:  0.07791395536332857  lr:  1.9073486328125e-08
#epoch  268    val-loss:  0.17415064808569455  train-loss:  0.07791294157505035  lr:  1.9073486328125e-08
#epoch  269    val-loss:  0.17415456473827362  train-loss:  0.07791319138777908  lr:  1.9073486328125e-08
#epoch  270    val-loss:  0.1805334326468016  train-loss:  0.07796268272795714  lr:  1.9073486328125e-08
#epoch  271    val-loss:  0.17281791881511085  train-loss:  0.07792915138998069  lr:  1.9073486328125e-08
#epoch  272    val-loss:  0.1762747623418507  train-loss:  0.07795747808995657  lr:  1.9073486328125e-08
#epoch  273    val-loss:  0.17368971360357185  train-loss:  0.07789162169501651  lr:  1.9073486328125e-08
#epoch  274    val-loss:  0.1731005287484119  train-loss:  0.07793812194722705  lr:  1.9073486328125e-08
#epoch  275    val-loss:  0.17623691652950488  train-loss:  0.07794283024850301  lr:  1.9073486328125e-08
#epoch  276    val-loss:  0.17296101623459867  train-loss:  0.077915334579302  lr:  1.9073486328125e-08
#epoch  277    val-loss:  0.1731460933622561  train-loss:  0.07790996943367645  lr:  1.9073486328125e-08
#epoch  278    val-loss:  0.1740278201667886  train-loss:  0.07789411155681591  lr:  1.9073486328125e-08
#epoch  279    val-loss:  0.17347351108726702  train-loss:  0.07794943092449103  lr:  1.9073486328125e-08
#epoch  280    val-loss:  0.17410192442567726  train-loss:  0.07792144079576246  lr:  1.9073486328125e-08
#epoch  281    val-loss:  0.1730060067616011  train-loss:  0.07792119507212192  lr:  1.9073486328125e-08
#epoch  282    val-loss:  0.1724576550094705  train-loss:  0.07788489895756356  lr:  1.9073486328125e-08
#epoch  283    val-loss:  0.17489222162648252  train-loss:  0.07791411154903471  lr:  1.9073486328125e-08
#epoch  284    val-loss:  0.17237865689553714  train-loss:  0.07793571583169978  lr:  1.9073486328125e-08
#epoch  285    val-loss:  0.17337747388764432  train-loss:  0.07792826234071981  lr:  1.9073486328125e-08
#epoch  286    val-loss:  0.1720940141301406  train-loss:  0.07793646995560266  lr:  1.9073486328125e-08
#epoch  287    val-loss:  0.17321213923002543  train-loss:  0.0779067331168335  lr:  1.9073486328125e-08
#epoch  288    val-loss:  0.17385589213747726  train-loss:  0.07790426525752991  lr:  1.9073486328125e-08
#epoch  289    val-loss:  0.17245542493305707  train-loss:  0.07791723473928869  lr:  1.9073486328125e-08
#epoch  290    val-loss:  0.17168336675355308  train-loss:  0.07793639105511829  lr:  1.9073486328125e-08
#epoch  291    val-loss:  0.17323046530547895  train-loss:  0.0779508572013583  lr:  1.9073486328125e-08
#epoch  292    val-loss:  0.17268078107582896  train-loss:  0.07792748798965476  lr:  1.9073486328125e-08
#epoch  293    val-loss:  0.17224659574659248  train-loss:  0.07791577422176488  lr:  1.9073486328125e-08
#epoch  294    val-loss:  0.1740007792648516  train-loss:  0.07790423612459563  lr:  1.9073486328125e-08
#epoch  295    val-loss:  0.1746908089047984  train-loss:  0.07792110668378882  lr:  1.9073486328125e-08
#epoch  296    val-loss:  0.1732443006415116  train-loss:  0.0779244050354464  lr:  1.9073486328125e-08
#epoch  297    val-loss:  0.17283260979150472  train-loss:  0.07791472334065475  lr:  1.9073486328125e-08
#epoch  298    val-loss:  0.17324097846683703  train-loss:  0.0779389176168479  lr:  1.9073486328125e-08
#epoch  299    val-loss:  0.17464089942605873  train-loss:  0.07790149183711037  lr:  1.9073486328125e-08
#epoch  300    val-loss:  0.17459601163864136  train-loss:  0.07795180387620348  lr:  1.9073486328125e-08
#epoch  301    val-loss:  0.17293738691430344  train-loss:  0.07792764829355292  lr:  1.9073486328125e-08
#epoch  302    val-loss:  0.172780589837777  train-loss:  0.07791107271623332  lr:  1.9073486328125e-08
#epoch  303    val-loss:  0.17392239680415705  train-loss:  0.07792329951189458  lr:  1.9073486328125e-08
#epoch  304    val-loss:  0.1762110732103649  train-loss:  0.077924773315317  lr:  1.9073486328125e-08
#epoch  305    val-loss:  0.1767854188617907  train-loss:  0.07792126627464313  lr:  1.9073486328125e-08
#epoch  306    val-loss:  0.17464696106157804  train-loss:  0.07791461603483185  lr:  1.9073486328125e-08
#epoch  307    val-loss:  0.1734470136855778  train-loss:  0.07793461212713737  lr:  1.9073486328125e-08
#epoch  308    val-loss:  0.17257074227458552  train-loss:  0.07791625140816905  lr:  1.9073486328125e-08
#epoch  309    val-loss:  0.1719051756356892  train-loss:  0.0779478158801794  lr:  1.9073486328125e-08
#epoch  310    val-loss:  0.17264972784017263  train-loss:  0.07792136145872064  lr:  1.9073486328125e-08
#epoch  311    val-loss:  0.1720284215713802  train-loss:  0.07792742128367536  lr:  1.9073486328125e-08
#epoch  312    val-loss:  0.17193092797931872  train-loss:  0.07798035553423688  lr:  1.9073486328125e-08
#epoch  313    val-loss:  0.17292800075129458  train-loss:  0.07793711240810808  lr:  1.9073486328125e-08
#epoch  314    val-loss:  0.1729813139689596  train-loss:  0.07793916402442846  lr:  1.9073486328125e-08
#epoch  315    val-loss:  0.1752934628411343  train-loss:  0.07792275707470253  lr:  1.9073486328125e-08
#epoch  316    val-loss:  0.17314995041019038  train-loss:  0.07796775830502156  lr:  1.9073486328125e-08
#epoch  317    val-loss:  0.1761819147749951  train-loss:  0.07796301462803967  lr:  1.9073486328125e-08
#epoch  318    val-loss:  0.18056267813632362  train-loss:  0.07790831370220985  lr:  1.9073486328125e-08
#epoch  319    val-loss:  0.1762638437120538  train-loss:  0.0779632821213454  lr:  1.9073486328125e-08
#epoch  320    val-loss:  0.17670345071114993  train-loss:  0.07798681693384424  lr:  1.9073486328125e-08
#epoch  321    val-loss:  0.173871459145295  train-loss:  0.07793382005183958  lr:  1.9073486328125e-08
#epoch  322    val-loss:  0.17257490283564517  train-loss:  0.07794557238230482  lr:  1.9073486328125e-08
#epoch  323    val-loss:  0.1712724233144208  train-loss:  0.07792579209490214  lr:  1.9073486328125e-08
#epoch  324    val-loss:  0.17492837733344027  train-loss:  0.07792821765178815  lr:  1.9073486328125e-08
#epoch  325    val-loss:  0.17313087064968913  train-loss:  0.07794825092423707  lr:  1.9073486328125e-08
#epoch  326    val-loss:  0.17394727154781944  train-loss:  0.07794541410112288  lr:  1.9073486328125e-08
#epoch  327    val-loss:  0.17129051175556684  train-loss:  0.0778916189156007  lr:  1.9073486328125e-08
#epoch  328    val-loss:  0.17354737222194672  train-loss:  0.07794904432375915  lr:  1.9073486328125e-08
#epoch  329    val-loss:  0.17667097480673538  train-loss:  0.07795251237985212  lr:  1.9073486328125e-08
#epoch  330    val-loss:  0.17308240815212853  train-loss:  0.07792414516734425  lr:  1.9073486328125e-08
#epoch  331    val-loss:  0.1743596972603547  train-loss:  0.07794142368948087  lr:  1.9073486328125e-08
#epoch  332    val-loss:  0.17247524857521057  train-loss:  0.07793766490067355  lr:  1.9073486328125e-08
#epoch  333    val-loss:  0.17217254638671875  train-loss:  0.07793934817891568  lr:  1.9073486328125e-08
#epoch  334    val-loss:  0.17431093360248365  train-loss:  0.07790219284652267  lr:  1.9073486328125e-08
#epoch  335    val-loss:  0.17466985238225838  train-loss:  0.07792675816745032  lr:  1.9073486328125e-08
#epoch  336    val-loss:  0.17193516383045598  train-loss:  0.0779217779636383  lr:  1.9073486328125e-08
#epoch  337    val-loss:  0.17671563201829008  train-loss:  0.07792521000374109  lr:  1.9073486328125e-08
#epoch  338    val-loss:  0.17298265115210884  train-loss:  0.07796088061877526  lr:  1.9073486328125e-08
#epoch  339    val-loss:  0.17289240893564725  train-loss:  0.07796137945842929  lr:  1.9073486328125e-08
#epoch  340    val-loss:  0.17269769154096903  train-loss:  0.07795658626127988  lr:  1.9073486328125e-08
#epoch  341    val-loss:  0.1720828398277885  train-loss:  0.07792444435472135  lr:  1.9073486328125e-08
#epoch  342    val-loss:  0.17725701237979688  train-loss:  0.07794205352547579  lr:  1.9073486328125e-08
#epoch  343    val-loss:  0.17369038572436885  train-loss:  0.07795156908105128  lr:  1.9073486328125e-08
#epoch  344    val-loss:  0.1804802590294888  train-loss:  0.07793320609198418  lr:  1.9073486328125e-08
#epoch  345    val-loss:  0.17341448523496328  train-loss:  0.07793277104792651  lr:  1.9073486328125e-08
#epoch  346    val-loss:  0.17259715654348073  train-loss:  0.07795716298278421  lr:  1.9073486328125e-08
#epoch  347    val-loss:  0.17282324950946004  train-loss:  0.07799817924387753  lr:  1.9073486328125e-08
#epoch  348    val-loss:  0.17389180079886787  train-loss:  0.07791556333540939  lr:  1.9073486328125e-08
#epoch  349    val-loss:  0.1731666397107275  train-loss:  0.07794202197692357  lr:  1.9073486328125e-08
#epoch  350    val-loss:  0.17301393653217115  train-loss:  0.07798029237892479  lr:  1.9073486328125e-08
#epoch  351    val-loss:  0.17626756115963585  train-loss:  0.07794583041686565  lr:  1.9073486328125e-08
#epoch  352    val-loss:  0.17206356321510516  train-loss:  0.07795645743317436  lr:  1.9073486328125e-08
#epoch  353    val-loss:  0.17288809701016075  train-loss:  0.07798944461683277  lr:  1.9073486328125e-08
#epoch  354    val-loss:  0.173292139643117  train-loss:  0.0779098724888172  lr:  1.9073486328125e-08
#epoch  355    val-loss:  0.17132093992672467  train-loss:  0.07793751839199103  lr:  1.9073486328125e-08
#epoch  356    val-loss:  0.17208692666731382  train-loss:  0.07793412733008154  lr:  1.9073486328125e-08
#epoch  357    val-loss:  0.17352999040954992  train-loss:  0.07791368980542757  lr:  1.9073486328125e-08
#epoch  358    val-loss:  0.1741369719568052  train-loss:  0.07789752278767992  lr:  1.9073486328125e-08
#epoch  359    val-loss:  0.17292806035593936  train-loss:  0.07789707666961476  lr:  1.9073486328125e-08
#epoch  360    val-loss:  0.17407439335396416  train-loss:  0.0779013317078352  lr:  1.9073486328125e-08
#epoch  361    val-loss:  0.17741135076472633  train-loss:  0.07794703052786645  lr:  1.9073486328125e-08
#epoch  362    val-loss:  0.17467142955252998  train-loss:  0.077912903012475  lr:  1.9073486328125e-08
#epoch  363    val-loss:  0.18073217178645887  train-loss:  0.07791104138595983  lr:  1.9073486328125e-08
#epoch  364    val-loss:  0.1734613038991627  train-loss:  0.07793258657329716  lr:  1.9073486328125e-08
#epoch  365    val-loss:  0.17221471510435404  train-loss:  0.07797891958034597  lr:  1.9073486328125e-08
#epoch  366    val-loss:  0.1767277207813765  train-loss:  0.07794895078404807  lr:  1.9073486328125e-08
#epoch  367    val-loss:  0.1735995302074834  train-loss:  0.07791868125787005  lr:  1.9073486328125e-08
#epoch  368    val-loss:  0.17433671731697886  train-loss:  0.0779422507766867  lr:  1.9073486328125e-08
#epoch  369    val-loss:  0.17215377170788615  train-loss:  0.07795951594016515  lr:  1.9073486328125e-08
#epoch  370    val-loss:  0.17293451177446464  train-loss:  0.0779218683601357  lr:  1.9073486328125e-08
#epoch  371    val-loss:  0.17740762469015622  train-loss:  0.07792697915283497  lr:  1.9073486328125e-08
#epoch  372    val-loss:  0.17491327069307627  train-loss:  0.0778902638121508  lr:  1.9073486328125e-08
#epoch  373    val-loss:  0.17733850290900782  train-loss:  0.07795682523283176  lr:  1.9073486328125e-08
#epoch  374    val-loss:  0.17332534256734347  train-loss:  0.0779653326026164  lr:  1.9073486328125e-08
#epoch  375    val-loss:  0.17201031352344312  train-loss:  0.07792850297119003  lr:  1.9073486328125e-08
#epoch  376    val-loss:  0.17378325760364532  train-loss:  0.07794424799794797  lr:  1.9073486328125e-08
#epoch  377    val-loss:  0.17368302611928238  train-loss:  0.07789336855057627  lr:  1.9073486328125e-08
#epoch  378    val-loss:  0.17306723328013168  train-loss:  0.0779436364537105  lr:  1.9073486328125e-08
#epoch  379    val-loss:  0.17346192112094477  train-loss:  0.07790929496695753  lr:  1.9073486328125e-08
#epoch  380    val-loss:  0.17359219020918795  train-loss:  0.07791346323210746  lr:  1.9073486328125e-08
#epoch  381    val-loss:  0.17181457735990224  train-loss:  0.07792540889931843  lr:  1.9073486328125e-08
#epoch  382    val-loss:  0.17313739735829203  train-loss:  0.07792602918925695  lr:  1.9073486328125e-08
#epoch  383    val-loss:  0.1728951350638741  train-loss:  0.07791685336269438  lr:  1.9073486328125e-08
#epoch  384    val-loss:  0.17310714643252523  train-loss:  0.07792793432599865  lr:  1.9073486328125e-08
#epoch  385    val-loss:  0.17490952109035693  train-loss:  0.07793661183677614  lr:  1.9073486328125e-08
#epoch  386    val-loss:  0.1726337028177161  train-loss:  0.07792665059969295  lr:  1.9073486328125e-08
#epoch  387    val-loss:  0.1733549880354028  train-loss:  0.0779475381859811  lr:  1.9073486328125e-08
#epoch  388    val-loss:  0.1762120966848574  train-loss:  0.07791531851398759  lr:  1.9073486328125e-08
#epoch  389    val-loss:  0.17340585824690366  train-loss:  0.07791385742893908  lr:  1.9073486328125e-08
#epoch  390    val-loss:  0.17438606212013646  train-loss:  0.07793490189942531  lr:  1.9073486328125e-08
#epoch  391    val-loss:  0.17488622351696617  train-loss:  0.07791605933743995  lr:  1.9073486328125e-08
#epoch  392    val-loss:  0.1760875316042649  train-loss:  0.07793574847164564  lr:  1.9073486328125e-08
#epoch  393    val-loss:  0.17466428483787336  train-loss:  0.07789258097182028  lr:  1.9073486328125e-08
#epoch  394    val-loss:  0.17207904473731392  train-loss:  0.07795492958393879  lr:  1.9073486328125e-08
#epoch  395    val-loss:  0.17227296609627574  train-loss:  0.07794619275955483  lr:  1.9073486328125e-08
#epoch  396    val-loss:  0.17667702546245173  train-loss:  0.07796558330301195  lr:  1.9073486328125e-08
#epoch  397    val-loss:  0.17340031893629776  train-loss:  0.07791486781206913  lr:  1.9073486328125e-08
#epoch  398    val-loss:  0.1716744323310099  train-loss:  0.07795273134252056  lr:  1.9073486328125e-08
#epoch  399    val-loss:  0.17241728619525307  train-loss:  0.0779126319102943  lr:  1.9073486328125e-08
#epoch  400    val-loss:  0.17539355472514503  train-loss:  0.07790958443365525  lr:  1.9073486328125e-08
#epoch  401    val-loss:  0.17336051636620572  train-loss:  0.07794954584096558  lr:  1.9073486328125e-08
#epoch  402    val-loss:  0.17371940691220134  train-loss:  0.07794656140322331  lr:  1.9073486328125e-08
#epoch  403    val-loss:  0.17378291801402443  train-loss:  0.0779338389984332  lr:  1.9073486328125e-08
#epoch  404    val-loss:  0.1726886222237035  train-loss:  0.07795512527809478  lr:  1.9073486328125e-08
#epoch  405    val-loss:  0.17613783870872698  train-loss:  0.07794211633154191  lr:  1.9073486328125e-08
#epoch  406    val-loss:  0.17468726713406413  train-loss:  0.07793047481391113  lr:  1.9073486328125e-08
#epoch  407    val-loss:  0.1732276466331984  train-loss:  0.07789842385682277  lr:  1.9073486328125e-08
#epoch  408    val-loss:  0.17490323515314804  train-loss:  0.07792178563249763  lr:  1.9073486328125e-08
#epoch  409    val-loss:  0.172146118000934  train-loss:  0.07792916445760056  lr:  1.9073486328125e-08
#epoch  410    val-loss:  0.1736283435633308  train-loss:  0.07796254569257144  lr:  1.9073486328125e-08
#epoch  411    val-loss:  0.1734890318230579  train-loss:  0.07793101930292323  lr:  1.9073486328125e-08
#epoch  412    val-loss:  0.17532132487548024  train-loss:  0.07794353651115671  lr:  1.9073486328125e-08
#epoch  413    val-loss:  0.18057301562083394  train-loss:  0.07791273445764091  lr:  1.9073486328125e-08
#epoch  414    val-loss:  0.18053764418551796  train-loss:  0.07792983579565771  lr:  1.9073486328125e-08
#epoch  415    val-loss:  0.1748873199287214  train-loss:  0.07796818540373351  lr:  1.9073486328125e-08
#epoch  416    val-loss:  0.18051488305393018  train-loss:  0.07794172552530654  lr:  1.9073486328125e-08
#epoch  417    val-loss:  0.17304907190172295  train-loss:  0.07794072454271372  lr:  1.9073486328125e-08
#epoch  418    val-loss:  0.17735217746935392  train-loss:  0.07792124606203288  lr:  1.9073486328125e-08
#epoch  419    val-loss:  0.17294524296333916  train-loss:  0.07792177211376838  lr:  1.9073486328125e-08
#epoch  420    val-loss:  0.17427602488743632  train-loss:  0.07793994079111144  lr:  1.9073486328125e-08
#epoch  421    val-loss:  0.17397445205010867  train-loss:  0.0779260408889968  lr:  1.9073486328125e-08
#epoch  422    val-loss:  0.17290642543842918  train-loss:  0.07793245618813671  lr:  1.9073486328125e-08
#epoch  423    val-loss:  0.17471580285775035  train-loss:  0.07795973999600392  lr:  1.9073486328125e-08
#epoch  424    val-loss:  0.1740328277412214  train-loss:  0.07794165326049551  lr:  1.9073486328125e-08
#epoch  425    val-loss:  0.17292662435456327  train-loss:  0.07794196730537806  lr:  1.9073486328125e-08
#epoch  426    val-loss:  0.17626385626040006  train-loss:  0.07793417180073448  lr:  1.9073486328125e-08
#epoch  427    val-loss:  0.17462422737949773  train-loss:  0.077915025074617  lr:  1.9073486328125e-08
#epoch  428    val-loss:  0.17355835516201823  train-loss:  0.07793038542149588  lr:  1.9073486328125e-08
#epoch  429    val-loss:  0.17370194824118362  train-loss:  0.07789486172259785  lr:  1.9073486328125e-08
#epoch  430    val-loss:  0.17340379482821414  train-loss:  0.07790236295841169  lr:  1.9073486328125e-08
#epoch  431    val-loss:  0.17353892953772293  train-loss:  0.07792197287199087  lr:  1.9073486328125e-08
#epoch  432    val-loss:  0.174625216346038  train-loss:  0.07795077509945258  lr:  1.9073486328125e-08
#epoch  433    val-loss:  0.1748277286165639  train-loss:  0.07794757043302525  lr:  1.9073486328125e-08
#epoch  434    val-loss:  0.17371750270065509  train-loss:  0.07793119444977492  lr:  1.9073486328125e-08
#epoch  435    val-loss:  0.1746549731806705  train-loss:  0.07791632419684902  lr:  1.9073486328125e-08
#epoch  436    val-loss:  0.17347646465426997  train-loss:  0.077943082418642  lr:  1.9073486328125e-08
#epoch  437    val-loss:  0.17313607429203234  train-loss:  0.07790357482735999  lr:  1.9073486328125e-08
#epoch  438    val-loss:  0.172096491644257  train-loss:  0.07797237735940143  lr:  1.9073486328125e-08
#epoch  439    val-loss:  0.17127437419012972  train-loss:  0.0779597106447909  lr:  1.9073486328125e-08
#epoch  440    val-loss:  0.17613328130621658  train-loss:  0.07792986137792468  lr:  1.9073486328125e-08
#epoch  441    val-loss:  0.17483979855713092  train-loss:  0.07792627421440557  lr:  1.9073486328125e-08
#epoch  442    val-loss:  0.1734461070675599  train-loss:  0.07793913778732531  lr:  1.9073486328125e-08
#epoch  443    val-loss:  0.17211293625204185  train-loss:  0.07794927927898243  lr:  1.9073486328125e-08
#epoch  444    val-loss:  0.1746492762314646  train-loss:  0.07796929081087  lr:  1.9073486328125e-08
#epoch  445    val-loss:  0.17361492310699664  train-loss:  0.07793446620053146  lr:  1.9073486328125e-08
#epoch  446    val-loss:  0.17345972751316271  train-loss:  0.07795281975995749  lr:  1.9073486328125e-08
#epoch  447    val-loss:  0.1729898899793625  train-loss:  0.07791708168224432  lr:  1.9073486328125e-08
#epoch  448    val-loss:  0.17255888487163343  train-loss:  0.07794017266132869  lr:  1.9073486328125e-08
#epoch  449    val-loss:  0.17353607635749013  train-loss:  0.07788139169861097  lr:  1.9073486328125e-08
#epoch  450    val-loss:  0.18055535068637446  train-loss:  0.07795300266298  lr:  1.9073486328125e-08
#epoch  451    val-loss:  0.17279912374521555  train-loss:  0.07790402226964943  lr:  1.9073486328125e-08
#epoch  452    val-loss:  0.1719827440224196  train-loss:  0.07792765836347826  lr:  1.9073486328125e-08
#epoch  453    val-loss:  0.17170284257123344  train-loss:  0.07793262775521725  lr:  1.9073486328125e-08
#epoch  454    val-loss:  0.17733015825873927  train-loss:  0.0779581520910142  lr:  1.9073486328125e-08
#epoch  455    val-loss:  0.1716963566447559  train-loss:  0.07795005432853941  lr:  1.9073486328125e-08
#epoch  456    val-loss:  0.17130649011386068  train-loss:  0.07797545721405186  lr:  1.9073486328125e-08
#epoch  457    val-loss:  0.17468339204788208  train-loss:  0.07789650582708418  lr:  1.9073486328125e-08
#epoch  458    val-loss:  0.17362307561071297  train-loss:  0.07793846479034983  lr:  1.9073486328125e-08
#epoch  459    val-loss:  0.17266875976010373  train-loss:  0.07789164985297248  lr:  1.9073486328125e-08
#epoch  460    val-loss:  0.17493436289461037  train-loss:  0.07793387286073994  lr:  1.9073486328125e-08
#epoch  461    val-loss:  0.17313453319825625  train-loss:  0.07796968403272331  lr:  1.9073486328125e-08
#epoch  462    val-loss:  0.17256561705940648  train-loss:  0.07791984188952483  lr:  1.9073486328125e-08
#epoch  463    val-loss:  0.17302686211309934  train-loss:  0.0779119846993126  lr:  1.9073486328125e-08
#epoch  464    val-loss:  0.17466259316394203  train-loss:  0.07792347864597104  lr:  1.9073486328125e-08
#epoch  465    val-loss:  0.17466674352947034  train-loss:  0.0779235446389066  lr:  1.9073486328125e-08
#epoch  466    val-loss:  0.173627833002492  train-loss:  0.07796141228755005  lr:  1.9073486328125e-08
#epoch  467    val-loss:  0.17311906422439374  train-loss:  0.07796434569172561  lr:  1.9073486328125e-08
#epoch  468    val-loss:  0.17130667598623978  train-loss:  0.0779300049180165  lr:  1.9073486328125e-08
#epoch  469    val-loss:  0.17262810625528036  train-loss:  0.07788138267642353  lr:  1.9073486328125e-08
#epoch  470    val-loss:  0.1736215039303428  train-loss:  0.07792619607062079  lr:  1.9073486328125e-08
#epoch  471    val-loss:  0.1727186802186464  train-loss:  0.07788174976303708  lr:  1.9073486328125e-08
#epoch  472    val-loss:  0.17299286393742813  train-loss:  0.07794339550309815  lr:  1.9073486328125e-08
#epoch  473    val-loss:  0.1766880750656128  train-loss:  0.07795780265587382  lr:  1.9073486328125e-08
#epoch  474    val-loss:  0.17375462149318896  train-loss:  0.07795037177857012  lr:  1.9073486328125e-08
#epoch  475    val-loss:  0.17290227272008596  train-loss:  0.07791885879123583  lr:  1.9073486328125e-08
#epoch  476    val-loss:  0.1727981520326514  train-loss:  0.07793668651720509  lr:  1.9073486328125e-08
#epoch  477    val-loss:  0.17165429615660718  train-loss:  0.07793099206173792  lr:  1.9073486328125e-08
#epoch  478    val-loss:  0.18049228348230062  train-loss:  0.07792076264740899  lr:  1.9073486328125e-08
#epoch  479    val-loss:  0.17411078434241445  train-loss:  0.07792054914170876  lr:  1.9073486328125e-08
#epoch  480    val-loss:  0.17613330875572406  train-loss:  0.07790940615814179  lr:  1.9073486328125e-08
#epoch  481    val-loss:  0.17406461583940605  train-loss:  0.07792166504077613  lr:  1.9073486328125e-08
#epoch  482    val-loss:  0.17230682153450816  train-loss:  0.07796002585382666  lr:  1.9073486328125e-08
#epoch  483    val-loss:  0.17259221798495242  train-loss:  0.0778966806246899  lr:  1.9073486328125e-08
#epoch  484    val-loss:  0.17330573969765714  train-loss:  0.077938722766703  lr:  1.9073486328125e-08
#epoch  485    val-loss:  0.17372760490367287  train-loss:  0.07795971125597134  lr:  1.9073486328125e-08
#epoch  486    val-loss:  0.17297881841659546  train-loss:  0.07790160030708648  lr:  1.9073486328125e-08
#epoch  487    val-loss:  0.17345493012352994  train-loss:  0.07794216756883543  lr:  1.9073486328125e-08
#epoch  488    val-loss:  0.1764136890047475  train-loss:  0.07791036934941076  lr:  1.9073486328125e-08
#epoch  489    val-loss:  0.17299831227252357  train-loss:  0.07794956731959246  lr:  1.9073486328125e-08
#epoch  490    val-loss:  0.17350489057992635  train-loss:  0.07787676235602703  lr:  1.9073486328125e-08
#epoch  491    val-loss:  0.173797911719272  train-loss:  0.07796151650836691  lr:  1.9073486328125e-08
#epoch  492    val-loss:  0.17357173562049866  train-loss:  0.07790140440920368  lr:  1.9073486328125e-08
#epoch  493    val-loss:  0.17418302830896878  train-loss:  0.07789018042967655  lr:  1.9073486328125e-08
#epoch  494    val-loss:  0.1740541536557047  train-loss:  0.07792197295930237  lr:  1.9073486328125e-08
#epoch  495    val-loss:  0.17407361770931043  train-loss:  0.07793428185686935  lr:  1.9073486328125e-08
#epoch  496    val-loss:  0.17365374769035138  train-loss:  0.07790895801736042  lr:  1.9073486328125e-08
#epoch  497    val-loss:  0.17255788806237674  train-loss:  0.07791191237629391  lr:  1.9073486328125e-08
#epoch  498    val-loss:  0.17261367095144173  train-loss:  0.07793913132627495  lr:  1.9073486328125e-08
#epoch  499    val-loss:  0.1721567778210891  train-loss:  0.07791598860058002  lr:  1.9073486328125e-08
