model a818b4baa8b7f00862e527638d0070d027a96f2a5528a6645e2703fd state_dict has not been found
Model was not found
torch.cuda.is_available():	 True
runargs:	 Namespace(co2=False, depth=55.0, disp=-1, domain='global', epoch=0, latitude=True, linsupres=True, lossfun='MSE', lr=0.01, lsrp_span=12, maxepoch=500, minibatch=4, mode='train', normalization='standard', num_workers=40, parts=[1, 1], persistent_workers=False, prefetch_factor=1, relog=True, rerun=True, sanity=False, sigma=8, temperature=True)
data_address /scratch/zanna/data/cm2.6/coarse_8_beneath_surface.zarr
using device: cuda:0
epochs started
#epoch  0    val-loss:  1.4743954319702952  train-loss:  1.8455110862851143  lr:  0.01
#epoch  1    val-loss:  1.1340914462742053  train-loss:  1.152430223301053  lr:  0.01
#epoch  2    val-loss:  1.0528289675712585  train-loss:  0.9972156567964703  lr:  0.01
#epoch  3    val-loss:  1.0450911835620278  train-loss:  0.9270336930640042  lr:  0.01
#epoch  4    val-loss:  0.9590921872540524  train-loss:  0.8882910280954093  lr:  0.01
#epoch  5    val-loss:  0.9423527529365138  train-loss:  0.8579021187033504  lr:  0.01
#epoch  6    val-loss:  0.9016309631498236  train-loss:  0.8333320003002882  lr:  0.01
#epoch  7    val-loss:  0.9443028067287645  train-loss:  0.8131403285078704  lr:  0.01
#epoch  8    val-loss:  0.9239215411637959  train-loss:  0.7863667444325984  lr:  0.01
#epoch  9    val-loss:  0.8576332424816332  train-loss:  0.7648047772236168  lr:  0.01
#epoch  10    val-loss:  0.8173682595554151  train-loss:  0.7380135422572494  lr:  0.01
#epoch  11    val-loss:  0.7748383001277321  train-loss:  0.7174778108019382  lr:  0.01
#epoch  12    val-loss:  0.819512919375771  train-loss:  0.6974690295755863  lr:  0.01
#epoch  13    val-loss:  0.7653930908755252  train-loss:  0.6798703067470342  lr:  0.01
#epoch  14    val-loss:  0.7277362534874364  train-loss:  0.6666317235212773  lr:  0.01
#epoch  15    val-loss:  0.7263576325617338  train-loss:  0.6508735599927604  lr:  0.01
#epoch  16    val-loss:  0.8253197607241178  train-loss:  0.6434660237282515  lr:  0.01
#epoch  17    val-loss:  0.722701580900895  train-loss:  0.6359302676282823  lr:  0.01
#epoch  18    val-loss:  0.7192279727835404  train-loss:  0.6263380290474743  lr:  0.01
#epoch  19    val-loss:  0.7694948001911766  train-loss:  0.6200644609052688  lr:  0.01
#epoch  20    val-loss:  0.7123395455510992  train-loss:  0.6149583894293755  lr:  0.01
#epoch  21    val-loss:  0.7221485721437555  train-loss:  0.6084683149820194  lr:  0.01
#epoch  22    val-loss:  0.7126666934866654  train-loss:  0.6032541100867093  lr:  0.01
#epoch  23    val-loss:  0.7138763258331701  train-loss:  0.5992248306283727  lr:  0.01
#epoch  24    val-loss:  0.6823295856776991  train-loss:  0.5731438674265519  lr:  0.005
#epoch  25    val-loss:  0.6819394983743367  train-loss:  0.5685876529896632  lr:  0.005
#epoch  26    val-loss:  0.6713371747418454  train-loss:  0.5672190790064633  lr:  0.005
#epoch  27    val-loss:  0.6776041764962045  train-loss:  0.5651032119058073  lr:  0.005
#epoch  28    val-loss:  0.6890444347732946  train-loss:  0.5635706565808505  lr:  0.005
#epoch  29    val-loss:  0.6755056193000392  train-loss:  0.5612876889063045  lr:  0.005
#epoch  30    val-loss:  0.6700919395998904  train-loss:  0.5452840713551268  lr:  0.0025
#epoch  31    val-loss:  0.6618191160653767  train-loss:  0.543074538349174  lr:  0.0025
#epoch  32    val-loss:  0.6632156340699447  train-loss:  0.541818434256129  lr:  0.0025
#epoch  33    val-loss:  0.6594720482826233  train-loss:  0.5410022208234295  lr:  0.0025
#epoch  34    val-loss:  0.6643468894456562  train-loss:  0.5393158656079322  lr:  0.0025
#epoch  35    val-loss:  0.6624467310152555  train-loss:  0.5384635670343414  lr:  0.0025
#epoch  36    val-loss:  0.663109860922161  train-loss:  0.5371812789235264  lr:  0.0025
#epoch  37    val-loss:  0.6600929718268546  train-loss:  0.5285206910921261  lr:  0.00125
#epoch  38    val-loss:  0.6604689798857036  train-loss:  0.527121544117108  lr:  0.00125
#epoch  39    val-loss:  0.6559695381867258  train-loss:  0.5265769518446177  lr:  0.00125
#epoch  40    val-loss:  0.6561675322683234  train-loss:  0.5261830391827971  lr:  0.00125
#epoch  41    val-loss:  0.6632603093197471  train-loss:  0.5251230999128893  lr:  0.00125
#epoch  42    val-loss:  0.6629147278635126  train-loss:  0.5246631922200322  lr:  0.00125
#epoch  43    val-loss:  0.6541436628291482  train-loss:  0.5200599477393553  lr:  0.000625
#epoch  44    val-loss:  0.6607599728985837  train-loss:  0.5192814843030646  lr:  0.000625
#epoch  45    val-loss:  0.6516205480224208  train-loss:  0.5188158110249788  lr:  0.000625
#epoch  46    val-loss:  0.6517626141246996  train-loss:  0.5184231264283881  lr:  0.000625
#epoch  47    val-loss:  0.6555187733549821  train-loss:  0.5178452733671293  lr:  0.000625
#epoch  48    val-loss:  0.6548337183500591  train-loss:  0.5177092818776146  lr:  0.000625
#epoch  49    val-loss:  0.6545886209136561  train-loss:  0.5153624451486394  lr:  0.0003125
#epoch  50    val-loss:  0.6523576974868774  train-loss:  0.5149030118482187  lr:  0.0003125
#epoch  51    val-loss:  0.6513251944592124  train-loss:  0.5149087314493954  lr:  0.0003125
#epoch  52    val-loss:  0.6543693511109603  train-loss:  0.5144609563285485  lr:  0.0003125
#epoch  53    val-loss:  0.6546522567146703  train-loss:  0.5143105104798451  lr:  0.0003125
#epoch  54    val-loss:  0.6549803018569946  train-loss:  0.514132386771962  lr:  0.0003125
#epoch  55    val-loss:  0.6596208246130693  train-loss:  0.5127876817714423  lr:  0.00015625
#epoch  56    val-loss:  0.6542518013402036  train-loss:  0.5127511536702514  lr:  0.00015625
#epoch  57    val-loss:  0.653451354880082  train-loss:  0.5125120658194646  lr:  0.00015625
#epoch  58    val-loss:  0.6554766924757707  train-loss:  0.5119205148657784  lr:  7.8125e-05
#epoch  59    val-loss:  0.65162214793657  train-loss:  0.5117032371927053  lr:  7.8125e-05
#epoch  60    val-loss:  0.6598390121208993  train-loss:  0.5116779651725665  lr:  7.8125e-05
#epoch  61    val-loss:  0.6635178233447828  train-loss:  0.51127977471333  lr:  3.90625e-05
#epoch  62    val-loss:  0.662593286288412  train-loss:  0.5115097508532926  lr:  3.90625e-05
#epoch  63    val-loss:  0.6531281659477636  train-loss:  0.5112001734087244  lr:  3.90625e-05
#epoch  64    val-loss:  0.6536497003153751  train-loss:  0.5110465519828722  lr:  1.953125e-05
#epoch  65    val-loss:  0.662288464997944  train-loss:  0.5110010588541627  lr:  1.953125e-05
#epoch  66    val-loss:  0.6541306878391066  train-loss:  0.5111404214985669  lr:  1.953125e-05
#epoch  67    val-loss:  0.6550371991960626  train-loss:  0.5110518407309428  lr:  9.765625e-06
#epoch  68    val-loss:  0.6565359611260263  train-loss:  0.5108150868909433  lr:  9.765625e-06
#epoch  69    val-loss:  0.6533878037804052  train-loss:  0.5108823269838467  lr:  9.765625e-06
#epoch  70    val-loss:  0.6562822461128235  train-loss:  0.5107574639841914  lr:  4.8828125e-06
#epoch  71    val-loss:  0.6505135987934313  train-loss:  0.5108271293574944  lr:  4.8828125e-06
#epoch  72    val-loss:  0.6592390380407634  train-loss:  0.5109721353510395  lr:  4.8828125e-06
#epoch  73    val-loss:  0.651559685405932  train-loss:  0.510930337710306  lr:  4.8828125e-06
#epoch  74    val-loss:  0.6536060759895727  train-loss:  0.5107680321671069  lr:  4.8828125e-06
#epoch  75    val-loss:  0.6555904118638289  train-loss:  0.5108411404071376  lr:  2.44140625e-06
#epoch  76    val-loss:  0.6572738446687397  train-loss:  0.5108791312668473  lr:  2.44140625e-06
#epoch  77    val-loss:  0.6627666511033711  train-loss:  0.5110063999891281  lr:  2.44140625e-06
#epoch  78    val-loss:  0.6543525959316053  train-loss:  0.5106330300914124  lr:  1.220703125e-06
#epoch  79    val-loss:  0.6539500857654371  train-loss:  0.510773588437587  lr:  1.220703125e-06
#epoch  80    val-loss:  0.6570482630478708  train-loss:  0.5107353777857497  lr:  1.220703125e-06
#epoch  81    val-loss:  0.6541598345104017  train-loss:  0.5109140585409477  lr:  6.103515625e-07
#epoch  82    val-loss:  0.6553947643229836  train-loss:  0.5107053035171703  lr:  6.103515625e-07
#epoch  83    val-loss:  0.6527755040871469  train-loss:  0.5106809891294688  lr:  6.103515625e-07
#epoch  84    val-loss:  0.6541703468874881  train-loss:  0.510836708243005  lr:  3.0517578125e-07
#epoch  85    val-loss:  0.665865863624372  train-loss:  0.5107387038879097  lr:  3.0517578125e-07
#epoch  86    val-loss:  0.6593945873411078  train-loss:  0.5107327119912952  lr:  3.0517578125e-07
#epoch  87    val-loss:  0.658466078733143  train-loss:  0.5106436640489846  lr:  1.52587890625e-07
#epoch  88    val-loss:  0.6638507560679787  train-loss:  0.5107222679071128  lr:  1.52587890625e-07
#epoch  89    val-loss:  0.6556946917584068  train-loss:  0.5107604048680514  lr:  1.52587890625e-07
#epoch  90    val-loss:  0.6501530910793104  train-loss:  0.5108965651597828  lr:  7.62939453125e-08
#epoch  91    val-loss:  0.6526488222573933  train-loss:  0.5106812985613942  lr:  7.62939453125e-08
#epoch  92    val-loss:  0.6550143580687674  train-loss:  0.5105683223810047  lr:  7.62939453125e-08
#epoch  93    val-loss:  0.6636336006616291  train-loss:  0.5108120391378179  lr:  7.62939453125e-08
#epoch  94    val-loss:  0.6553225234935158  train-loss:  0.5107206485699862  lr:  3.814697265625e-08
#epoch  95    val-loss:  0.6518678445565073  train-loss:  0.5107210641726851  lr:  3.814697265625e-08
#epoch  96    val-loss:  0.6593587492641649  train-loss:  0.5108793482650071  lr:  3.814697265625e-08
#epoch  97    val-loss:  0.6524235167001423  train-loss:  0.5108082137303427  lr:  1.9073486328125e-08
#epoch  98    val-loss:  0.6538732992975336  train-loss:  0.5107273630565032  lr:  1.9073486328125e-08
#epoch  99    val-loss:  0.6548964883151808  train-loss:  0.5107890440849587  lr:  1.9073486328125e-08
#epoch  100    val-loss:  0.658394854319723  train-loss:  0.510762432590127  lr:  1.9073486328125e-08
#epoch  101    val-loss:  0.6553607614416825  train-loss:  0.5109183330787346  lr:  1.9073486328125e-08
#epoch  102    val-loss:  0.6568440230269181  train-loss:  0.5107499671867117  lr:  1.9073486328125e-08
#epoch  103    val-loss:  0.653884398309808  train-loss:  0.5109818489290774  lr:  1.9073486328125e-08
#epoch  104    val-loss:  0.6537990162247106  train-loss:  0.5107657701009884  lr:  1.9073486328125e-08
#epoch  105    val-loss:  0.6621724837704709  train-loss:  0.5107557832961902  lr:  1.9073486328125e-08
#epoch  106    val-loss:  0.6525101912649054  train-loss:  0.5107896982226521  lr:  1.9073486328125e-08
#epoch  107    val-loss:  0.6528179802392658  train-loss:  0.5112015365157276  lr:  1.9073486328125e-08
#epoch  108    val-loss:  0.6538314129176893  train-loss:  0.5107697646599263  lr:  1.9073486328125e-08
#epoch  109    val-loss:  0.6505332181328222  train-loss:  0.5108521556248888  lr:  1.9073486328125e-08
#epoch  110    val-loss:  0.657646474085356  train-loss:  0.5107068325160071  lr:  1.9073486328125e-08
#epoch  111    val-loss:  0.6556211208042345  train-loss:  0.5108356433920562  lr:  1.9073486328125e-08
#epoch  112    val-loss:  0.6572120628858867  train-loss:  0.5108928732806817  lr:  1.9073486328125e-08
#epoch  113    val-loss:  0.6587631137747514  train-loss:  0.5108031680574641  lr:  1.9073486328125e-08
#epoch  114    val-loss:  0.6530330777168274  train-loss:  0.5110102803446352  lr:  1.9073486328125e-08
#epoch  115    val-loss:  0.6592292660161069  train-loss:  0.5110370095353574  lr:  1.9073486328125e-08
#epoch  116    val-loss:  0.6646546564604107  train-loss:  0.5106466254219413  lr:  1.9073486328125e-08
#epoch  117    val-loss:  0.6553085916920712  train-loss:  0.5105758282588795  lr:  1.9073486328125e-08
#epoch  118    val-loss:  0.6633025156824213  train-loss:  0.5109599846182391  lr:  1.9073486328125e-08
#epoch  119    val-loss:  0.6532869370360124  train-loss:  0.5105892723659053  lr:  1.9073486328125e-08
#epoch  120    val-loss:  0.6515849201302779  train-loss:  0.5106902653351426  lr:  1.9073486328125e-08
#epoch  121    val-loss:  0.650614553376248  train-loss:  0.510919111315161  lr:  1.9073486328125e-08
#epoch  122    val-loss:  0.6521618805433574  train-loss:  0.5109398983186111  lr:  1.9073486328125e-08
#epoch  123    val-loss:  0.6577205406992059  train-loss:  0.5107645455282182  lr:  1.9073486328125e-08
#epoch  124    val-loss:  0.6668139978459007  train-loss:  0.5107726771384478  lr:  1.9073486328125e-08
#epoch  125    val-loss:  0.6530368484948811  train-loss:  0.5106520341942087  lr:  1.9073486328125e-08
#epoch  126    val-loss:  0.6593666860931798  train-loss:  0.5106131471693516  lr:  1.9073486328125e-08
#epoch  127    val-loss:  0.652818312770442  train-loss:  0.5108754113316536  lr:  1.9073486328125e-08
#epoch  128    val-loss:  0.6514648606902674  train-loss:  0.5106876102508977  lr:  1.9073486328125e-08
#epoch  129    val-loss:  0.6529586377896761  train-loss:  0.5107839517295361  lr:  1.9073486328125e-08
#epoch  130    val-loss:  0.6518175162767109  train-loss:  0.5109019700903445  lr:  1.9073486328125e-08
#epoch  131    val-loss:  0.6521772303079304  train-loss:  0.5108601733809337  lr:  1.9073486328125e-08
#epoch  132    val-loss:  0.6535372639957228  train-loss:  0.5106828428106382  lr:  1.9073486328125e-08
#epoch  133    val-loss:  0.6535098270366066  train-loss:  0.5108312611700967  lr:  1.9073486328125e-08
#epoch  134    val-loss:  0.6583702313272577  train-loss:  0.5108055410673842  lr:  1.9073486328125e-08
#epoch  135    val-loss:  0.6512248045519778  train-loss:  0.5110179274342954  lr:  1.9073486328125e-08
#epoch  136    val-loss:  0.6639007549536856  train-loss:  0.5106125156162307  lr:  1.9073486328125e-08
#epoch  137    val-loss:  0.6547949533713492  train-loss:  0.5108461159979925  lr:  1.9073486328125e-08
#epoch  138    val-loss:  0.6563652032300046  train-loss:  0.5107520452002063  lr:  1.9073486328125e-08
#epoch  139    val-loss:  0.6538525411957189  train-loss:  0.5108517055632547  lr:  1.9073486328125e-08
#epoch  140    val-loss:  0.6564126736239383  train-loss:  0.5108372579561546  lr:  1.9073486328125e-08
#epoch  141    val-loss:  0.6539675781601354  train-loss:  0.5107205959502608  lr:  1.9073486328125e-08
#epoch  142    val-loss:  0.653401603824214  train-loss:  0.510823953198269  lr:  1.9073486328125e-08
#epoch  143    val-loss:  0.6508419356848064  train-loss:  0.5107108742231503  lr:  1.9073486328125e-08
#epoch  144    val-loss:  0.6534537327916998  train-loss:  0.5108265437884256  lr:  1.9073486328125e-08
#epoch  145    val-loss:  0.6661085141332526  train-loss:  0.5106470671016723  lr:  1.9073486328125e-08
#epoch  146    val-loss:  0.653258784821159  train-loss:  0.5107789575122297  lr:  1.9073486328125e-08
#epoch  147    val-loss:  0.6611777700875935  train-loss:  0.5109760956838727  lr:  1.9073486328125e-08
#epoch  148    val-loss:  0.6551412563574942  train-loss:  0.510671557392925  lr:  1.9073486328125e-08
#epoch  149    val-loss:  0.6578837507649472  train-loss:  0.5108834960265085  lr:  1.9073486328125e-08
#epoch  150    val-loss:  0.6592027137154027  train-loss:  0.5107108971569687  lr:  1.9073486328125e-08
#epoch  151    val-loss:  0.6557118202510633  train-loss:  0.5107160683255643  lr:  1.9073486328125e-08
#epoch  152    val-loss:  0.6591638922691345  train-loss:  0.5106149592902511  lr:  1.9073486328125e-08
#epoch  153    val-loss:  0.6531037437288385  train-loss:  0.5106227386277169  lr:  1.9073486328125e-08
#epoch  154    val-loss:  0.6543929608244645  train-loss:  0.5107825106242672  lr:  1.9073486328125e-08
#epoch  155    val-loss:  0.6507849065881026  train-loss:  0.5106427147984505  lr:  1.9073486328125e-08
#epoch  156    val-loss:  0.6591238975524902  train-loss:  0.510762088233605  lr:  1.9073486328125e-08
#epoch  157    val-loss:  0.655993169859836  train-loss:  0.510718198493123  lr:  1.9073486328125e-08
#epoch  158    val-loss:  0.6556814438418338  train-loss:  0.510814234148711  lr:  1.9073486328125e-08
#epoch  159    val-loss:  0.6513258312877855  train-loss:  0.510780121665448  lr:  1.9073486328125e-08
#epoch  160    val-loss:  0.6569016983634547  train-loss:  0.5110540190944448  lr:  1.9073486328125e-08
#epoch  161    val-loss:  0.6561709642410278  train-loss:  0.510668299975805  lr:  1.9073486328125e-08
#epoch  162    val-loss:  0.6530385362474542  train-loss:  0.5107217862969264  lr:  1.9073486328125e-08
#epoch  163    val-loss:  0.6543689558380529  train-loss:  0.5106635788688436  lr:  1.9073486328125e-08
#epoch  164    val-loss:  0.6623492335018358  train-loss:  0.5107321124523878  lr:  1.9073486328125e-08
#epoch  165    val-loss:  0.6509815925046017  train-loss:  0.5107967291260138  lr:  1.9073486328125e-08
#epoch  166    val-loss:  0.6542670915001317  train-loss:  0.5107738329097629  lr:  1.9073486328125e-08
#epoch  167    val-loss:  0.6528460948090804  train-loss:  0.5108485113596544  lr:  1.9073486328125e-08
#epoch  168    val-loss:  0.6570646417768378  train-loss:  0.5107082690810785  lr:  1.9073486328125e-08
#epoch  169    val-loss:  0.6641580776164406  train-loss:  0.5106825527036563  lr:  1.9073486328125e-08
#epoch  170    val-loss:  0.6623515863167612  train-loss:  0.5107041790615767  lr:  1.9073486328125e-08
#epoch  171    val-loss:  0.6541493284074884  train-loss:  0.5108087301487103  lr:  1.9073486328125e-08
#epoch  172    val-loss:  0.6510054688704642  train-loss:  0.5109769934788346  lr:  1.9073486328125e-08
#epoch  173    val-loss:  0.6510089635848999  train-loss:  0.5109386184485629  lr:  1.9073486328125e-08
#epoch  174    val-loss:  0.6583354943676999  train-loss:  0.5107176516903564  lr:  1.9073486328125e-08
#epoch  175    val-loss:  0.6513339155598691  train-loss:  0.5106261173496023  lr:  1.9073486328125e-08
#epoch  176    val-loss:  0.6664514541625977  train-loss:  0.510667635127902  lr:  1.9073486328125e-08
#epoch  177    val-loss:  0.6557213601313139  train-loss:  0.5106226998614147  lr:  1.9073486328125e-08
#epoch  178    val-loss:  0.6540669830221879  train-loss:  0.5106933118076995  lr:  1.9073486328125e-08
#epoch  179    val-loss:  0.6568063654397663  train-loss:  0.510846221470274  lr:  1.9073486328125e-08
#epoch  180    val-loss:  0.6542662037046332  train-loss:  0.5107075680280104  lr:  1.9073486328125e-08
#epoch  181    val-loss:  0.6509309787499277  train-loss:  0.5110508529469371  lr:  1.9073486328125e-08
#epoch  182    val-loss:  0.6641241719848231  train-loss:  0.5109197596320882  lr:  1.9073486328125e-08
#epoch  183    val-loss:  0.6533162813437613  train-loss:  0.5107573735294864  lr:  1.9073486328125e-08
#epoch  184    val-loss:  0.6526898678980375  train-loss:  0.5108889555558562  lr:  1.9073486328125e-08
#epoch  185    val-loss:  0.6514602491730138  train-loss:  0.5106199362780899  lr:  1.9073486328125e-08
#epoch  186    val-loss:  0.6544035328061957  train-loss:  0.5108320495346561  lr:  1.9073486328125e-08
#epoch  187    val-loss:  0.6565567255020142  train-loss:  0.5106172675732523  lr:  1.9073486328125e-08
#epoch  188    val-loss:  0.652034508554559  train-loss:  0.5106555310776457  lr:  1.9073486328125e-08
#epoch  189    val-loss:  0.6515689649079975  train-loss:  0.5106295361183584  lr:  1.9073486328125e-08
#epoch  190    val-loss:  0.6531132867461756  train-loss:  0.5108251068741083  lr:  1.9073486328125e-08
#epoch  191    val-loss:  0.6526792018037093  train-loss:  0.5106859321240336  lr:  1.9073486328125e-08
#epoch  192    val-loss:  0.6552693310536837  train-loss:  0.5107233935268596  lr:  1.9073486328125e-08
#epoch  193    val-loss:  0.6540206168827257  train-loss:  0.5106544028967619  lr:  1.9073486328125e-08
#epoch  194    val-loss:  0.652832103402991  train-loss:  0.5108821497997269  lr:  1.9073486328125e-08
#epoch  195    val-loss:  0.6612840922255265  train-loss:  0.5107860170537606  lr:  1.9073486328125e-08
#epoch  196    val-loss:  0.6568908565922787  train-loss:  0.5106491686310619  lr:  1.9073486328125e-08
#epoch  197    val-loss:  0.659733816197044  train-loss:  0.5108825992792845  lr:  1.9073486328125e-08
#epoch  198    val-loss:  0.6514110439702084  train-loss:  0.5106802397640422  lr:  1.9073486328125e-08
#epoch  199    val-loss:  0.650340011245326  train-loss:  0.5105705088935792  lr:  1.9073486328125e-08
#epoch  200    val-loss:  0.6578100606014854  train-loss:  0.5107868830673397  lr:  1.9073486328125e-08
#epoch  201    val-loss:  0.6624529079387063  train-loss:  0.5107146323425695  lr:  1.9073486328125e-08
#epoch  202    val-loss:  0.652396211498662  train-loss:  0.5110397846437991  lr:  1.9073486328125e-08
#epoch  203    val-loss:  0.6532029227206582  train-loss:  0.5106293739518151  lr:  1.9073486328125e-08
#epoch  204    val-loss:  0.6530809935770536  train-loss:  0.5109871729509905  lr:  1.9073486328125e-08
#epoch  205    val-loss:  0.6512333782095658  train-loss:  0.5107742820400745  lr:  1.9073486328125e-08
#epoch  206    val-loss:  0.6507059335708618  train-loss:  0.5105271757347509  lr:  1.9073486328125e-08
#epoch  207    val-loss:  0.6529830694198608  train-loss:  0.5107170140836388  lr:  1.9073486328125e-08
#epoch  208    val-loss:  0.6584022201989826  train-loss:  0.5106878817314282  lr:  1.9073486328125e-08
#epoch  209    val-loss:  0.6667167575735795  train-loss:  0.5106254938291386  lr:  1.9073486328125e-08
#epoch  210    val-loss:  0.6580357488832975  train-loss:  0.5107021078001708  lr:  1.9073486328125e-08
#epoch  211    val-loss:  0.653134568741447  train-loss:  0.5110325865680352  lr:  1.9073486328125e-08
#epoch  212    val-loss:  0.6533582085057309  train-loss:  0.5107657592743635  lr:  1.9073486328125e-08
#epoch  213    val-loss:  0.654536413519006  train-loss:  0.5108700229320675  lr:  1.9073486328125e-08
#epoch  214    val-loss:  0.6518670289139998  train-loss:  0.5109744541114196  lr:  1.9073486328125e-08
#epoch  215    val-loss:  0.6589233687049464  train-loss:  0.5105794559931383  lr:  1.9073486328125e-08
#epoch  216    val-loss:  0.6532926308481317  train-loss:  0.5110140390461311  lr:  1.9073486328125e-08
#epoch  217    val-loss:  0.662506313700425  train-loss:  0.5107523961924016  lr:  1.9073486328125e-08
#epoch  218    val-loss:  0.6524463452790913  train-loss:  0.5107786082662642  lr:  1.9073486328125e-08
#epoch  219    val-loss:  0.6589383482933044  train-loss:  0.5107391481287777  lr:  1.9073486328125e-08
#epoch  220    val-loss:  0.6545780301094055  train-loss:  0.5107884933240712  lr:  1.9073486328125e-08
#epoch  221    val-loss:  0.6627283253167805  train-loss:  0.5106819054344669  lr:  1.9073486328125e-08
#epoch  222    val-loss:  0.6540603731807909  train-loss:  0.5108808457152918  lr:  1.9073486328125e-08
#epoch  223    val-loss:  0.6609898146830107  train-loss:  0.510597629705444  lr:  1.9073486328125e-08
#epoch  224    val-loss:  0.6546577277936434  train-loss:  0.5107267720159143  lr:  1.9073486328125e-08
#epoch  225    val-loss:  0.651821277643505  train-loss:  0.5108002361375839  lr:  1.9073486328125e-08
#epoch  226    val-loss:  0.6524201757029483  train-loss:  0.5107716689817607  lr:  1.9073486328125e-08
#epoch  227    val-loss:  0.6529823667124698  train-loss:  0.5109471519244835  lr:  1.9073486328125e-08
#epoch  228    val-loss:  0.6523710489273071  train-loss:  0.5107491423841566  lr:  1.9073486328125e-08
#epoch  229    val-loss:  0.65109321004466  train-loss:  0.5107169814873487  lr:  1.9073486328125e-08
#epoch  230    val-loss:  0.650488931881754  train-loss:  0.5107428275514394  lr:  1.9073486328125e-08
#epoch  231    val-loss:  0.6502948152391534  train-loss:  0.5107713748002425  lr:  1.9073486328125e-08
#epoch  232    val-loss:  0.6570824133722406  train-loss:  0.5108172933105379  lr:  1.9073486328125e-08
#epoch  233    val-loss:  0.658511713931435  train-loss:  0.510808864957653  lr:  1.9073486328125e-08
#epoch  234    val-loss:  0.6523770062546981  train-loss:  0.510893514030613  lr:  1.9073486328125e-08
#epoch  235    val-loss:  0.6556688547134399  train-loss:  0.5107288205763325  lr:  1.9073486328125e-08
#epoch  236    val-loss:  0.6516931245201513  train-loss:  0.5111271140631288  lr:  1.9073486328125e-08
#epoch  237    val-loss:  0.6530652203057942  train-loss:  0.5108489270787686  lr:  1.9073486328125e-08
#epoch  238    val-loss:  0.6545560140358774  train-loss:  0.5109749722760171  lr:  1.9073486328125e-08
#epoch  239    val-loss:  0.6529368193526017  train-loss:  0.5107222843216732  lr:  1.9073486328125e-08
#epoch  240    val-loss:  0.6552325047944721  train-loss:  0.5109024539124221  lr:  1.9073486328125e-08
#epoch  241    val-loss:  0.6623108073284751  train-loss:  0.510660593979992  lr:  1.9073486328125e-08
#epoch  242    val-loss:  0.6555989321909452  train-loss:  0.5107668134151027  lr:  1.9073486328125e-08
#epoch  243    val-loss:  0.6663338228275901  train-loss:  0.5107285297708586  lr:  1.9073486328125e-08
#epoch  244    val-loss:  0.6585099759854769  train-loss:  0.5108313389355317  lr:  1.9073486328125e-08
#epoch  245    val-loss:  0.6521372261800265  train-loss:  0.5107229363638908  lr:  1.9073486328125e-08
#epoch  246    val-loss:  0.6522993288542095  train-loss:  0.5106345763197169  lr:  1.9073486328125e-08
#epoch  247    val-loss:  0.661357719647257  train-loss:  0.510991767514497  lr:  1.9073486328125e-08
#epoch  248    val-loss:  0.6546455747202823  train-loss:  0.511022332473658  lr:  1.9073486328125e-08
#epoch  249    val-loss:  0.6510462196249711  train-loss:  0.5106199105503038  lr:  1.9073486328125e-08
#epoch  250    val-loss:  0.6528971446187872  train-loss:  0.51103997125756  lr:  1.9073486328125e-08
#epoch  251    val-loss:  0.6508850204317194  train-loss:  0.5110451641958207  lr:  1.9073486328125e-08
#epoch  252    val-loss:  0.6592259281559995  train-loss:  0.5110005806200206  lr:  1.9073486328125e-08
#epoch  253    val-loss:  0.6548056508365431  train-loss:  0.510961108491756  lr:  1.9073486328125e-08
#epoch  254    val-loss:  0.6536893217187179  train-loss:  0.5109308811370283  lr:  1.9073486328125e-08
#epoch  255    val-loss:  0.6508113334053441  train-loss:  0.5108038380276412  lr:  1.9073486328125e-08
#epoch  256    val-loss:  0.652792679636102  train-loss:  0.5107509248191491  lr:  1.9073486328125e-08
#epoch  257    val-loss:  0.6511195302009583  train-loss:  0.5108046343084425  lr:  1.9073486328125e-08
#epoch  258    val-loss:  0.6546639423621329  train-loss:  0.5107857460388914  lr:  1.9073486328125e-08
#epoch  259    val-loss:  0.6536306142807007  train-loss:  0.5108387330546975  lr:  1.9073486328125e-08
#epoch  260    val-loss:  0.6536917843316731  train-loss:  0.5107383467257023  lr:  1.9073486328125e-08
#epoch  261    val-loss:  0.6665500873013547  train-loss:  0.5107883776072413  lr:  1.9073486328125e-08
#epoch  262    val-loss:  0.6627278767134014  train-loss:  0.5107372597558424  lr:  1.9073486328125e-08
#epoch  263    val-loss:  0.6552284924607528  train-loss:  0.5107126838993281  lr:  1.9073486328125e-08
#epoch  264    val-loss:  0.6573633363372401  train-loss:  0.5111069726990536  lr:  1.9073486328125e-08
#epoch  265    val-loss:  0.6590970723252547  train-loss:  0.5109283165074885  lr:  1.9073486328125e-08
#epoch  266    val-loss:  0.6528537273406982  train-loss:  0.5109491606708616  lr:  1.9073486328125e-08
#epoch  267    val-loss:  0.6534920334815979  train-loss:  0.510813596774824  lr:  1.9073486328125e-08
#epoch  268    val-loss:  0.6629309403268915  train-loss:  0.5106749142287299  lr:  1.9073486328125e-08
#epoch  269    val-loss:  0.6509491079731992  train-loss:  0.5107190168928355  lr:  1.9073486328125e-08
#epoch  270    val-loss:  0.6661314619214911  train-loss:  0.5106659199809656  lr:  1.9073486328125e-08
#epoch  271    val-loss:  0.6508747841182508  train-loss:  0.5110720442607999  lr:  1.9073486328125e-08
#epoch  272    val-loss:  0.651280048646425  train-loss:  0.5108958698110655  lr:  1.9073486328125e-08
#epoch  273    val-loss:  0.6543935192258734  train-loss:  0.5107636923203245  lr:  1.9073486328125e-08
#epoch  274    val-loss:  0.6535771489143372  train-loss:  0.5107245330000296  lr:  1.9073486328125e-08
#epoch  275    val-loss:  0.6515520058180156  train-loss:  0.5108664488652721  lr:  1.9073486328125e-08
#epoch  276    val-loss:  0.6540079650126005  train-loss:  0.5107000280404463  lr:  1.9073486328125e-08
#epoch  277    val-loss:  0.6520665225229765  train-loss:  0.5108379129087552  lr:  1.9073486328125e-08
#epoch  278    val-loss:  0.6607745195689955  train-loss:  0.5107931459788233  lr:  1.9073486328125e-08
#epoch  279    val-loss:  0.6530226249443857  train-loss:  0.5106779937632382  lr:  1.9073486328125e-08
#epoch  280    val-loss:  0.6509438251194201  train-loss:  0.5110733871115372  lr:  1.9073486328125e-08
#epoch  281    val-loss:  0.6530086711833352  train-loss:  0.510738130309619  lr:  1.9073486328125e-08
#epoch  282    val-loss:  0.6565289811084145  train-loss:  0.510794460773468  lr:  1.9073486328125e-08
#epoch  283    val-loss:  0.6520448013355857  train-loss:  0.5110425014281645  lr:  1.9073486328125e-08
#epoch  284    val-loss:  0.6542012001338758  train-loss:  0.5109695041319355  lr:  1.9073486328125e-08
#epoch  285    val-loss:  0.6524813237943148  train-loss:  0.510613264865242  lr:  1.9073486328125e-08
#epoch  286    val-loss:  0.6522331896581148  train-loss:  0.5105997808277607  lr:  1.9073486328125e-08
#epoch  287    val-loss:  0.6544997472512094  train-loss:  0.5107487426139414  lr:  1.9073486328125e-08
#epoch  288    val-loss:  0.6529814287235862  train-loss:  0.5107548609375954  lr:  1.9073486328125e-08
#epoch  289    val-loss:  0.6569919743035969  train-loss:  0.5108874409925193  lr:  1.9073486328125e-08
#epoch  290    val-loss:  0.6558028334065488  train-loss:  0.5107745024142787  lr:  1.9073486328125e-08
#epoch  291    val-loss:  0.6525743540964628  train-loss:  0.5107956054853275  lr:  1.9073486328125e-08
#epoch  292    val-loss:  0.6547295388422514  train-loss:  0.5109270896064118  lr:  1.9073486328125e-08
#epoch  293    val-loss:  0.6567355739442926  train-loss:  0.510702894302085  lr:  1.9073486328125e-08
#epoch  294    val-loss:  0.6516783519795066  train-loss:  0.5106083680875599  lr:  1.9073486328125e-08
#epoch  295    val-loss:  0.6622688017393413  train-loss:  0.5107844556914642  lr:  1.9073486328125e-08
#epoch  296    val-loss:  0.6508312413566991  train-loss:  0.5108198680682108  lr:  1.9073486328125e-08
#epoch  297    val-loss:  0.6585411994080794  train-loss:  0.5107098515145481  lr:  1.9073486328125e-08
#epoch  298    val-loss:  0.6594722835641158  train-loss:  0.5106834451435134  lr:  1.9073486328125e-08
#epoch  299    val-loss:  0.6629565546387121  train-loss:  0.5108313020318747  lr:  1.9073486328125e-08
#epoch  300    val-loss:  0.6633694862064562  train-loss:  0.5108398940647021  lr:  1.9073486328125e-08
#epoch  301    val-loss:  0.6579563366739374  train-loss:  0.5106593876844272  lr:  1.9073486328125e-08
#epoch  302    val-loss:  0.6527995592669437  train-loss:  0.5106181835290045  lr:  1.9073486328125e-08
#epoch  303    val-loss:  0.6513838705263639  train-loss:  0.5106388702988625  lr:  1.9073486328125e-08
#epoch  304    val-loss:  0.6615564823150635  train-loss:  0.5107274191686884  lr:  1.9073486328125e-08
#epoch  305    val-loss:  0.6516512475515667  train-loss:  0.5108289560303092  lr:  1.9073486328125e-08
#epoch  306    val-loss:  0.6612848890455145  train-loss:  0.5106921136612073  lr:  1.9073486328125e-08
#epoch  307    val-loss:  0.6524437603197599  train-loss:  0.5106716341106221  lr:  1.9073486328125e-08
#epoch  308    val-loss:  0.655058973713925  train-loss:  0.5108834049897268  lr:  1.9073486328125e-08
#epoch  309    val-loss:  0.6596992360918146  train-loss:  0.5108695096569136  lr:  1.9073486328125e-08
#epoch  310    val-loss:  0.6554084765283685  train-loss:  0.5106768319383264  lr:  1.9073486328125e-08
#epoch  311    val-loss:  0.649716832135853  train-loss:  0.5107230053981766  lr:  1.9073486328125e-08
#epoch  312    val-loss:  0.6581798070355466  train-loss:  0.5109316165326163  lr:  1.9073486328125e-08
#epoch  313    val-loss:  0.6537106099881624  train-loss:  0.5106834026519209  lr:  1.9073486328125e-08
#epoch  314    val-loss:  0.6557108383429678  train-loss:  0.5111366064520553  lr:  1.9073486328125e-08
#epoch  315    val-loss:  0.6530518782766241  train-loss:  0.5106866529677063  lr:  1.9073486328125e-08
#epoch  316    val-loss:  0.664068949849982  train-loss:  0.5107865438330919  lr:  1.9073486328125e-08
#epoch  317    val-loss:  0.6520871927863673  train-loss:  0.5109468728769571  lr:  1.9073486328125e-08
#epoch  318    val-loss:  0.6664885470741674  train-loss:  0.5109546830644831  lr:  1.9073486328125e-08
#epoch  319    val-loss:  0.6513880397144117  train-loss:  0.5108168640872464  lr:  1.9073486328125e-08
#epoch  320    val-loss:  0.6517996568428842  train-loss:  0.5108617388177663  lr:  1.9073486328125e-08
#epoch  321    val-loss:  0.6517112098242107  train-loss:  0.510865606367588  lr:  1.9073486328125e-08
#epoch  322    val-loss:  0.657078460643166  train-loss:  0.5107870033243671  lr:  1.9073486328125e-08
#epoch  323    val-loss:  0.6590168978038587  train-loss:  0.5108481014613062  lr:  1.9073486328125e-08
#epoch  324    val-loss:  0.6519234619642559  train-loss:  0.51059513411019  lr:  1.9073486328125e-08
#epoch  325    val-loss:  0.651092065008063  train-loss:  0.5106583578744903  lr:  1.9073486328125e-08
#epoch  326    val-loss:  0.6518696766150626  train-loss:  0.5107387666357681  lr:  1.9073486328125e-08
#epoch  327    val-loss:  0.6592355182296351  train-loss:  0.5108372489921749  lr:  1.9073486328125e-08
#epoch  328    val-loss:  0.6528862557913128  train-loss:  0.510624322341755  lr:  1.9073486328125e-08
#epoch  329    val-loss:  0.6513415888736123  train-loss:  0.5108253214275464  lr:  1.9073486328125e-08
#epoch  330    val-loss:  0.6568381911829898  train-loss:  0.5107374927029014  lr:  1.9073486328125e-08
#epoch  331    val-loss:  0.6525707119389584  train-loss:  0.5108828353695571  lr:  1.9073486328125e-08
#epoch  332    val-loss:  0.656747181164591  train-loss:  0.5108600094681606  lr:  1.9073486328125e-08
#epoch  333    val-loss:  0.6568960735672399  train-loss:  0.5107957514701411  lr:  1.9073486328125e-08
#epoch  334    val-loss:  0.6668601224296972  train-loss:  0.5106709420215338  lr:  1.9073486328125e-08
#epoch  335    val-loss:  0.6612214477438676  train-loss:  0.5107801945414394  lr:  1.9073486328125e-08
#epoch  336    val-loss:  0.6497552583092138  train-loss:  0.5107545350911096  lr:  1.9073486328125e-08
#epoch  337    val-loss:  0.65211715510017  train-loss:  0.5108554726466537  lr:  1.9073486328125e-08
#epoch  338    val-loss:  0.6580898573524073  train-loss:  0.510905246483162  lr:  1.9073486328125e-08
#epoch  339    val-loss:  0.6511423054494356  train-loss:  0.5106455701170489  lr:  1.9073486328125e-08
#epoch  340    val-loss:  0.6524138638847753  train-loss:  0.5106877278303728  lr:  1.9073486328125e-08
#epoch  341    val-loss:  0.6591774570314508  train-loss:  0.51074308459647  lr:  1.9073486328125e-08
#epoch  342    val-loss:  0.6565470099449158  train-loss:  0.5107492501847446  lr:  1.9073486328125e-08
#epoch  343    val-loss:  0.6530392358177587  train-loss:  0.5109123421134427  lr:  1.9073486328125e-08
#epoch  344    val-loss:  0.6663601869031003  train-loss:  0.510742804268375  lr:  1.9073486328125e-08
#epoch  345    val-loss:  0.662479441416891  train-loss:  0.5106762737268582  lr:  1.9073486328125e-08
#epoch  346    val-loss:  0.6529165098541662  train-loss:  0.5106873592594638  lr:  1.9073486328125e-08
#epoch  347    val-loss:  0.6586257658506695  train-loss:  0.5106887191068381  lr:  1.9073486328125e-08
#epoch  348    val-loss:  0.6538830368142379  train-loss:  0.5108499161433429  lr:  1.9073486328125e-08
#epoch  349    val-loss:  0.653444296435306  train-loss:  0.5109143601730466  lr:  1.9073486328125e-08
#epoch  350    val-loss:  0.6540468021443016  train-loss:  0.5109236959833652  lr:  1.9073486328125e-08
#epoch  351    val-loss:  0.6616916468268946  train-loss:  0.5108243632130325  lr:  1.9073486328125e-08
#epoch  352    val-loss:  0.6517376931090104  train-loss:  0.5108092627488077  lr:  1.9073486328125e-08
#epoch  353    val-loss:  0.6516806200930947  train-loss:  0.5108047599205747  lr:  1.9073486328125e-08
#epoch  354    val-loss:  0.6518147587776184  train-loss:  0.5106544278096408  lr:  1.9073486328125e-08
#epoch  355    val-loss:  0.659111267641971  train-loss:  0.5107066266937181  lr:  1.9073486328125e-08
#epoch  356    val-loss:  0.6522459732858759  train-loss:  0.5107471216470003  lr:  1.9073486328125e-08
#epoch  357    val-loss:  0.6528080388119346  train-loss:  0.5109015766065568  lr:  1.9073486328125e-08
#epoch  358    val-loss:  0.6609886884689331  train-loss:  0.5105996333295479  lr:  1.9073486328125e-08
#epoch  359    val-loss:  0.6543089590574566  train-loss:  0.5110940767917782  lr:  1.9073486328125e-08
#epoch  360    val-loss:  0.651248922473506  train-loss:  0.5108598032966256  lr:  1.9073486328125e-08
#epoch  361    val-loss:  0.6564166232159263  train-loss:  0.5106798257911578  lr:  1.9073486328125e-08
#epoch  362    val-loss:  0.6608360535220096  train-loss:  0.5106991465436295  lr:  1.9073486328125e-08
#epoch  363    val-loss:  0.6666236770780463  train-loss:  0.5107263864483684  lr:  1.9073486328125e-08
#epoch  364    val-loss:  0.653447875851079  train-loss:  0.5106614406686276  lr:  1.9073486328125e-08
#epoch  365    val-loss:  0.6539299676292821  train-loss:  0.5108322671148926  lr:  1.9073486328125e-08
#epoch  366    val-loss:  0.6517370154983119  train-loss:  0.5107790145557374  lr:  1.9073486328125e-08
#epoch  367    val-loss:  0.654179805203488  train-loss:  0.5106035805074498  lr:  1.9073486328125e-08
#epoch  368    val-loss:  0.6520666762402183  train-loss:  0.5109177707927302  lr:  1.9073486328125e-08
#epoch  369    val-loss:  0.6514564689837004  train-loss:  0.5108018044847995  lr:  1.9073486328125e-08
#epoch  370    val-loss:  0.6570055108321341  train-loss:  0.5109352666186169  lr:  1.9073486328125e-08
#epoch  371    val-loss:  0.6570691434960616  train-loss:  0.5106069035828114  lr:  1.9073486328125e-08
#epoch  372    val-loss:  0.6526576719785991  train-loss:  0.5107536565046757  lr:  1.9073486328125e-08
#epoch  373    val-loss:  0.6563140655818739  train-loss:  0.5108149783918634  lr:  1.9073486328125e-08
#epoch  374    val-loss:  0.6544508024265892  train-loss:  0.5107852361397818  lr:  1.9073486328125e-08
#epoch  375    val-loss:  0.6577500638208891  train-loss:  0.510848268866539  lr:  1.9073486328125e-08
#epoch  376    val-loss:  0.6504679541838797  train-loss:  0.5106575536774471  lr:  1.9073486328125e-08
#epoch  377    val-loss:  0.6527958794644004  train-loss:  0.5106263430789113  lr:  1.9073486328125e-08
#epoch  378    val-loss:  0.6543704459541723  train-loss:  0.5108733042143285  lr:  1.9073486328125e-08
#epoch  379    val-loss:  0.6533355430552834  train-loss:  0.51092798425816  lr:  1.9073486328125e-08
#epoch  380    val-loss:  0.65276311886938  train-loss:  0.5106848028954118  lr:  1.9073486328125e-08
#epoch  381    val-loss:  0.6597325613624171  train-loss:  0.5107116247527301  lr:  1.9073486328125e-08
#epoch  382    val-loss:  0.6540535813883731  train-loss:  0.5107744468841702  lr:  1.9073486328125e-08
#epoch  383    val-loss:  0.6642433969598067  train-loss:  0.5106968337204307  lr:  1.9073486328125e-08
#epoch  384    val-loss:  0.6527773612423947  train-loss:  0.5106563450535759  lr:  1.9073486328125e-08
#epoch  385    val-loss:  0.6519740882672762  train-loss:  0.5106655732961372  lr:  1.9073486328125e-08
#epoch  386    val-loss:  0.6524603241368344  train-loss:  0.5106973878573626  lr:  1.9073486328125e-08
#epoch  387    val-loss:  0.6625107150328787  train-loss:  0.5107663776725531  lr:  1.9073486328125e-08
#epoch  388    val-loss:  0.6515116691589355  train-loss:  0.5105950279394165  lr:  1.9073486328125e-08
#epoch  389    val-loss:  0.6619449822526229  train-loss:  0.5106371579458937  lr:  1.9073486328125e-08
#epoch  390    val-loss:  0.6523748918583518  train-loss:  0.5107499517034739  lr:  1.9073486328125e-08
#epoch  391    val-loss:  0.6523239675321078  train-loss:  0.5108427648665383  lr:  1.9073486328125e-08
#epoch  392    val-loss:  0.6549353693660936  train-loss:  0.5107907586498186  lr:  1.9073486328125e-08
#epoch  393    val-loss:  0.6520016130648161  train-loss:  0.5107809626497328  lr:  1.9073486328125e-08
#epoch  394    val-loss:  0.6523610353469849  train-loss:  0.5106966929743066  lr:  1.9073486328125e-08
#epoch  395    val-loss:  0.6538482496612951  train-loss:  0.5108782035531476  lr:  1.9073486328125e-08
#epoch  396    val-loss:  0.6516738408490231  train-loss:  0.5107310365419835  lr:  1.9073486328125e-08
#epoch  397    val-loss:  0.659594156240162  train-loss:  0.5107571246335283  lr:  1.9073486328125e-08
#epoch  398    val-loss:  0.6557713182348954  train-loss:  0.5105952409794554  lr:  1.9073486328125e-08
#epoch  399    val-loss:  0.656236259560836  train-loss:  0.5106821747031063  lr:  1.9073486328125e-08
#epoch  400    val-loss:  0.6537861541697854  train-loss:  0.5106706394581124  lr:  1.9073486328125e-08
#epoch  401    val-loss:  0.6530989753572565  train-loss:  0.5109299854375422  lr:  1.9073486328125e-08
#epoch  402    val-loss:  0.653005556056374  train-loss:  0.5107343787094578  lr:  1.9073486328125e-08
#epoch  403    val-loss:  0.653590064299734  train-loss:  0.5105974674224854  lr:  1.9073486328125e-08
#epoch  404    val-loss:  0.6524403346212286  train-loss:  0.510708830668591  lr:  1.9073486328125e-08
#epoch  405    val-loss:  0.6550391473268208  train-loss:  0.5107724552508444  lr:  1.9073486328125e-08
#epoch  406    val-loss:  0.6514559043081183  train-loss:  0.5108554624021053  lr:  1.9073486328125e-08
#epoch  407    val-loss:  0.6640614616243463  train-loss:  0.5106239217566326  lr:  1.9073486328125e-08
#epoch  408    val-loss:  0.6521460570787129  train-loss:  0.5107313792686909  lr:  1.9073486328125e-08
#epoch  409    val-loss:  0.6536725383055838  train-loss:  0.5108155341586098  lr:  1.9073486328125e-08
#epoch  410    val-loss:  0.6541375988408139  train-loss:  0.510799148818478  lr:  1.9073486328125e-08
#epoch  411    val-loss:  0.6533451205805728  train-loss:  0.5107388041215017  lr:  1.9073486328125e-08
#epoch  412    val-loss:  0.6534649698357833  train-loss:  0.5110500862356275  lr:  1.9073486328125e-08
#epoch  413    val-loss:  0.6671052010435807  train-loss:  0.5108719288837165  lr:  1.9073486328125e-08
#epoch  414    val-loss:  0.666207021788547  train-loss:  0.5107908649370074  lr:  1.9073486328125e-08
#epoch  415    val-loss:  0.6519561692288047  train-loss:  0.5107591815758497  lr:  1.9073486328125e-08
#epoch  416    val-loss:  0.666976411091654  train-loss:  0.5108792160172015  lr:  1.9073486328125e-08
#epoch  417    val-loss:  0.6526130877043071  train-loss:  0.5109042677795514  lr:  1.9073486328125e-08
#epoch  418    val-loss:  0.6565521986860978  train-loss:  0.5107172029092908  lr:  1.9073486328125e-08
#epoch  419    val-loss:  0.6574731061333104  train-loss:  0.5106372316367924  lr:  1.9073486328125e-08
#epoch  420    val-loss:  0.6667978449871665  train-loss:  0.5107139939209446  lr:  1.9073486328125e-08
#epoch  421    val-loss:  0.6522862597515708  train-loss:  0.5106605611508712  lr:  1.9073486328125e-08
#epoch  422    val-loss:  0.6534119279761064  train-loss:  0.5106199346482754  lr:  1.9073486328125e-08
#epoch  423    val-loss:  0.6625010433949923  train-loss:  0.5105773688992485  lr:  1.9073486328125e-08
#epoch  424    val-loss:  0.6609794622973392  train-loss:  0.5107526921201497  lr:  1.9073486328125e-08
#epoch  425    val-loss:  0.6539061947872764  train-loss:  0.5107390503399074  lr:  1.9073486328125e-08
#epoch  426    val-loss:  0.6519848704338074  train-loss:  0.5108229957986623  lr:  1.9073486328125e-08
#epoch  427    val-loss:  0.6511437234125639  train-loss:  0.5107078630244359  lr:  1.9073486328125e-08
#epoch  428    val-loss:  0.6525206126664814  train-loss:  0.51096152048558  lr:  1.9073486328125e-08
#epoch  429    val-loss:  0.6528856409223456  train-loss:  0.5107865807367489  lr:  1.9073486328125e-08
#epoch  430    val-loss:  0.6514967052560103  train-loss:  0.5109025755664334  lr:  1.9073486328125e-08
#epoch  431    val-loss:  0.6528875043517665  train-loss:  0.5107000874122605  lr:  1.9073486328125e-08
#epoch  432    val-loss:  0.654516129117263  train-loss:  0.5110298328800127  lr:  1.9073486328125e-08
#epoch  433    val-loss:  0.6520497987144872  train-loss:  0.5106126831378788  lr:  1.9073486328125e-08
#epoch  434    val-loss:  0.6587565666750858  train-loss:  0.5108047593384981  lr:  1.9073486328125e-08
#epoch  435    val-loss:  0.6628499156550357  train-loss:  0.5107717274222523  lr:  1.9073486328125e-08
#epoch  436    val-loss:  0.6528456430686148  train-loss:  0.5106864968547598  lr:  1.9073486328125e-08
#epoch  437    val-loss:  0.6544124327207866  train-loss:  0.5107721869135275  lr:  1.9073486328125e-08
#epoch  438    val-loss:  0.6513306624010989  train-loss:  0.5107435456011444  lr:  1.9073486328125e-08
#epoch  439    val-loss:  0.6591609653673673  train-loss:  0.5107773166382685  lr:  1.9073486328125e-08
#epoch  440    val-loss:  0.655812078400662  train-loss:  0.5108266025781631  lr:  1.9073486328125e-08
#epoch  441    val-loss:  0.6518145580040781  train-loss:  0.5106675275601447  lr:  1.9073486328125e-08
#epoch  442    val-loss:  0.6525917492414776  train-loss:  0.5106827801791951  lr:  1.9073486328125e-08
#epoch  443    val-loss:  0.6523113125248959  train-loss:  0.5109100366244093  lr:  1.9073486328125e-08
#epoch  444    val-loss:  0.6516222232266476  train-loss:  0.510818213224411  lr:  1.9073486328125e-08
#epoch  445    val-loss:  0.6528906069303814  train-loss:  0.5107140867039561  lr:  1.9073486328125e-08
#epoch  446    val-loss:  0.6524076148083335  train-loss:  0.5108716432005167  lr:  1.9073486328125e-08
#epoch  447    val-loss:  0.6585344734944796  train-loss:  0.5106643688632175  lr:  1.9073486328125e-08
#epoch  448    val-loss:  0.6573538968437597  train-loss:  0.5108575138729066  lr:  1.9073486328125e-08
#epoch  449    val-loss:  0.6525033555532757  train-loss:  0.5107689235592261  lr:  1.9073486328125e-08
#epoch  450    val-loss:  0.6671707190965351  train-loss:  0.5109740881016478  lr:  1.9073486328125e-08
#epoch  451    val-loss:  0.6641043895169308  train-loss:  0.5108392494730651  lr:  1.9073486328125e-08
#epoch  452    val-loss:  0.6594520524928444  train-loss:  0.5106764772208408  lr:  1.9073486328125e-08
#epoch  453    val-loss:  0.655512339190433  train-loss:  0.5106535019585863  lr:  1.9073486328125e-08
#epoch  454    val-loss:  0.6566363384849147  train-loss:  0.510804585646838  lr:  1.9073486328125e-08
#epoch  455    val-loss:  0.6554933158974898  train-loss:  0.5107719555962831  lr:  1.9073486328125e-08
#epoch  456    val-loss:  0.655480544818075  train-loss:  0.5108687699539587  lr:  1.9073486328125e-08
#epoch  457    val-loss:  0.6548260607217488  train-loss:  0.5108207581797615  lr:  1.9073486328125e-08
#epoch  458    val-loss:  0.652960501219097  train-loss:  0.5107518060831353  lr:  1.9073486328125e-08
#epoch  459    val-loss:  0.6523410897505911  train-loss:  0.5108297152910382  lr:  1.9073486328125e-08
#epoch  460    val-loss:  0.6523386083151165  train-loss:  0.5107314051128924  lr:  1.9073486328125e-08
#epoch  461    val-loss:  0.6511864034753096  train-loss:  0.510915020131506  lr:  1.9073486328125e-08
#epoch  462    val-loss:  0.6551816808549982  train-loss:  0.5109595039393753  lr:  1.9073486328125e-08
#epoch  463    val-loss:  0.657139640105398  train-loss:  0.5107228172710165  lr:  1.9073486328125e-08
#epoch  464    val-loss:  0.6609487564940202  train-loss:  0.5107035766122863  lr:  1.9073486328125e-08
#epoch  465    val-loss:  0.6518573196310746  train-loss:  0.5107855295063928  lr:  1.9073486328125e-08
#epoch  466    val-loss:  0.653225933250628  train-loss:  0.5107177675236017  lr:  1.9073486328125e-08
#epoch  467    val-loss:  0.6538048480686388  train-loss:  0.5107921382877976  lr:  1.9073486328125e-08
#epoch  468    val-loss:  0.6592966349501359  train-loss:  0.5108062156941742  lr:  1.9073486328125e-08
#epoch  469    val-loss:  0.65493517172964  train-loss:  0.5108325496548787  lr:  1.9073486328125e-08
#epoch  470    val-loss:  0.6533021205349973  train-loss:  0.5109255043789744  lr:  1.9073486328125e-08
#epoch  471    val-loss:  0.6553498412433424  train-loss:  0.510953051620163  lr:  1.9073486328125e-08
#epoch  472    val-loss:  0.6538887274892706  train-loss:  0.5107269053114578  lr:  1.9073486328125e-08
#epoch  473    val-loss:  0.6516260598835192  train-loss:  0.5109392148442566  lr:  1.9073486328125e-08
#epoch  474    val-loss:  0.6542787081316898  train-loss:  0.5108487469842657  lr:  1.9073486328125e-08
#epoch  475    val-loss:  0.658627914754968  train-loss:  0.5111000102479011  lr:  1.9073486328125e-08
#epoch  476    val-loss:  0.6585998723381444  train-loss:  0.510756206465885  lr:  1.9073486328125e-08
#epoch  477    val-loss:  0.6551165423895183  train-loss:  0.5109475919744  lr:  1.9073486328125e-08
#epoch  478    val-loss:  0.6664145745729145  train-loss:  0.5107216003816575  lr:  1.9073486328125e-08
#epoch  479    val-loss:  0.66309927952917  train-loss:  0.5107971066609025  lr:  1.9073486328125e-08
#epoch  480    val-loss:  0.6546323142553631  train-loss:  0.510824475903064  lr:  1.9073486328125e-08
#epoch  481    val-loss:  0.6511328816413879  train-loss:  0.5107545310165733  lr:  1.9073486328125e-08
#epoch  482    val-loss:  0.6538168160538924  train-loss:  0.510635330923833  lr:  1.9073486328125e-08
#epoch  483    val-loss:  0.6551140703653034  train-loss:  0.5107839570846409  lr:  1.9073486328125e-08
#epoch  484    val-loss:  0.6634680283697028  train-loss:  0.5108785285847262  lr:  1.9073486328125e-08
#epoch  485    val-loss:  0.6536963833005804  train-loss:  0.5108737231930718  lr:  1.9073486328125e-08
#epoch  486    val-loss:  0.6532453643648248  train-loss:  0.5108453464927152  lr:  1.9073486328125e-08
#epoch  487    val-loss:  0.6527224183082581  train-loss:  0.5107629869598895  lr:  1.9073486328125e-08
#epoch  488    val-loss:  0.6516019419619912  train-loss:  0.5106836560880765  lr:  1.9073486328125e-08
#epoch  489    val-loss:  0.656280423465528  train-loss:  0.5106466081924736  lr:  1.9073486328125e-08
#epoch  490    val-loss:  0.6592257273824591  train-loss:  0.5107720450032502  lr:  1.9073486328125e-08
#epoch  491    val-loss:  0.6541881122087178  train-loss:  0.5109857255592942  lr:  1.9073486328125e-08
#epoch  492    val-loss:  0.6528383713019522  train-loss:  0.5108234982471913  lr:  1.9073486328125e-08
#epoch  493    val-loss:  0.6630835721367284  train-loss:  0.51079447416123  lr:  1.9073486328125e-08
#epoch  494    val-loss:  0.6519127990070143  train-loss:  0.510704240296036  lr:  1.9073486328125e-08
#epoch  495    val-loss:  0.6508648709246987  train-loss:  0.5107578287133947  lr:  1.9073486328125e-08
#epoch  496    val-loss:  0.6527533154738577  train-loss:  0.5111842120531946  lr:  1.9073486328125e-08
#epoch  497    val-loss:  0.6572544511995817  train-loss:  0.5107552949339151  lr:  1.9073486328125e-08
#epoch  498    val-loss:  0.6541040790708441  train-loss:  0.510838994756341  lr:  1.9073486328125e-08
#epoch  499    val-loss:  0.6516237384394595  train-loss:  0.5105130795855075  lr:  1.9073486328125e-08
