model 5da4ab95b2a855720071e0b8ffef13090158b673d0529ef1e029f75c state_dict has not been found
Model was not found
torch.cuda.is_available():	 True
runargs:	 Namespace(co2=False, depth=181.0, disp=-1, domain='global', epoch=0, latitude=True, linsupres=True, lossfun='MSE', lr=0.01, lsrp_span=12, maxepoch=500, minibatch=4, mode='train', normalization='standard', num_workers=40, parts=[1, 1], persistent_workers=False, prefetch_factor=1, relog=True, rerun=True, sanity=False, sigma=8, temperature=True)
data_address /scratch/zanna/data/cm2.6/coarse_8_beneath_surface.zarr
using device: cuda:0
epochs started
#epoch  0    val-loss:  1.177140712738037  train-loss:  1.6719751446507871  lr:  0.01
#epoch  1    val-loss:  0.8532975755239788  train-loss:  0.8800664201844484  lr:  0.01
#epoch  2    val-loss:  0.7446642800381309  train-loss:  0.722413890529424  lr:  0.01
#epoch  3    val-loss:  0.688775476656462  train-loss:  0.6590125395450741  lr:  0.01
#epoch  4    val-loss:  0.6625421235435888  train-loss:  0.6223586271516979  lr:  0.01
#epoch  5    val-loss:  0.6639111355731362  train-loss:  0.5930782621726394  lr:  0.01
#epoch  6    val-loss:  0.6699631778817428  train-loss:  0.5729932577814907  lr:  0.01
#epoch  7    val-loss:  0.6300434940739682  train-loss:  0.5567541137570515  lr:  0.01
#epoch  8    val-loss:  0.6169972545222232  train-loss:  0.5416437491076067  lr:  0.01
#epoch  9    val-loss:  0.6026385112812644  train-loss:  0.5285296399379149  lr:  0.01
#epoch  10    val-loss:  0.5872075400854412  train-loss:  0.5187341698911041  lr:  0.01
#epoch  11    val-loss:  0.6109028364482679  train-loss:  0.506070721312426  lr:  0.01
#epoch  12    val-loss:  0.5677340752200076  train-loss:  0.49679989309515804  lr:  0.01
#epoch  13    val-loss:  0.5556160054708782  train-loss:  0.4893198147183284  lr:  0.01
#epoch  14    val-loss:  0.5584446756463302  train-loss:  0.48125798848923296  lr:  0.01
#epoch  15    val-loss:  0.5539403055843554  train-loss:  0.4732254274422303  lr:  0.01
#epoch  16    val-loss:  0.5403511775167364  train-loss:  0.46697170520201325  lr:  0.01
#epoch  17    val-loss:  0.557527664460634  train-loss:  0.461434397730045  lr:  0.01
#epoch  18    val-loss:  0.543291101330205  train-loss:  0.45388781500514597  lr:  0.01
#epoch  19    val-loss:  0.5378033267824274  train-loss:  0.45160890580154955  lr:  0.01
#epoch  20    val-loss:  0.5195401954023462  train-loss:  0.44655063981190324  lr:  0.01
#epoch  21    val-loss:  0.5280320142444811  train-loss:  0.4411356635391712  lr:  0.01
#epoch  22    val-loss:  0.5197299122810364  train-loss:  0.43849116610363126  lr:  0.01
#epoch  23    val-loss:  0.5176327306973306  train-loss:  0.43564237898681313  lr:  0.01
#epoch  24    val-loss:  0.5326849614319048  train-loss:  0.4328561312286183  lr:  0.01
#epoch  25    val-loss:  0.5111990398482272  train-loss:  0.4293107111006975  lr:  0.01
#epoch  26    val-loss:  0.5119991945592981  train-loss:  0.425803656806238  lr:  0.01
#epoch  27    val-loss:  0.5249306449764654  train-loss:  0.42331209941767156  lr:  0.01
#epoch  28    val-loss:  0.5112514542905908  train-loss:  0.42055276851169765  lr:  0.01
#epoch  29    val-loss:  0.49535148708443894  train-loss:  0.3986363970907405  lr:  0.005
#epoch  30    val-loss:  0.49427442801626104  train-loss:  0.395725681562908  lr:  0.005
#epoch  31    val-loss:  0.49575553128593847  train-loss:  0.3948283604113385  lr:  0.005
#epoch  32    val-loss:  0.4890533246492085  train-loss:  0.39407478750217706  lr:  0.005
#epoch  33    val-loss:  0.49585231354362086  train-loss:  0.39294643385801464  lr:  0.005
#epoch  34    val-loss:  0.49528133712316813  train-loss:  0.39143312466330826  lr:  0.005
#epoch  35    val-loss:  0.49580592701309606  train-loss:  0.3908353550359607  lr:  0.005
#epoch  36    val-loss:  0.48147024449549225  train-loss:  0.3779850129503757  lr:  0.0025
#epoch  37    val-loss:  0.48133383299175064  train-loss:  0.37681031529791653  lr:  0.0025
#epoch  38    val-loss:  0.4859988156117891  train-loss:  0.37572636373806745  lr:  0.0025
#epoch  39    val-loss:  0.49079257406686483  train-loss:  0.37528584292158484  lr:  0.0025
#epoch  40    val-loss:  0.4814281196970689  train-loss:  0.3741427609929815  lr:  0.0025
#epoch  41    val-loss:  0.4843929017844953  train-loss:  0.3678983224090189  lr:  0.00125
#epoch  42    val-loss:  0.48190262286286606  train-loss:  0.3668978102505207  lr:  0.00125
#epoch  43    val-loss:  0.47697969329984563  train-loss:  0.3665908353868872  lr:  0.00125
#epoch  44    val-loss:  0.47816430581243413  train-loss:  0.36605337355285883  lr:  0.00125
#epoch  45    val-loss:  0.4784624372657977  train-loss:  0.36567576497327536  lr:  0.00125
#epoch  46    val-loss:  0.47735186940745306  train-loss:  0.36529349524062127  lr:  0.00125
#epoch  47    val-loss:  0.47694179886265803  train-loss:  0.36151446297299117  lr:  0.000625
#epoch  48    val-loss:  0.4772618961961646  train-loss:  0.3612252470338717  lr:  0.000625
#epoch  49    val-loss:  0.4774262967862581  train-loss:  0.36097095638979226  lr:  0.000625
#epoch  50    val-loss:  0.4747119483194853  train-loss:  0.35905653168447316  lr:  0.0003125
#epoch  51    val-loss:  0.4755591985426451  train-loss:  0.35882562899496406  lr:  0.0003125
#epoch  52    val-loss:  0.4784717842152244  train-loss:  0.35854210483375937  lr:  0.0003125
#epoch  53    val-loss:  0.47845830885987534  train-loss:  0.35857098281849176  lr:  0.0003125
#epoch  54    val-loss:  0.47668713801785517  train-loss:  0.35742487653624266  lr:  0.00015625
#epoch  55    val-loss:  0.4780549673657668  train-loss:  0.3572823296999559  lr:  0.00015625
#epoch  56    val-loss:  0.4760520975840719  train-loss:  0.35724671417847276  lr:  0.00015625
#epoch  57    val-loss:  0.4749412913071482  train-loss:  0.3568007319699973  lr:  7.8125e-05
#epoch  58    val-loss:  0.47664625864279897  train-loss:  0.35667188721708953  lr:  7.8125e-05
#epoch  59    val-loss:  0.47631147190144185  train-loss:  0.3566901939921081  lr:  7.8125e-05
#epoch  60    val-loss:  0.48034689457792984  train-loss:  0.35632508143316954  lr:  3.90625e-05
#epoch  61    val-loss:  0.47677749395370483  train-loss:  0.3562470867764205  lr:  3.90625e-05
#epoch  62    val-loss:  0.4772472412962663  train-loss:  0.3562572026858106  lr:  3.90625e-05
#epoch  63    val-loss:  0.4774831909882395  train-loss:  0.35617155209183693  lr:  1.953125e-05
#epoch  64    val-loss:  0.47450413986256246  train-loss:  0.35607440304011106  lr:  1.953125e-05
#epoch  65    val-loss:  0.47701412439346313  train-loss:  0.3560677310451865  lr:  1.953125e-05
#epoch  66    val-loss:  0.47482135107642726  train-loss:  0.3560652907472104  lr:  1.953125e-05
#epoch  67    val-loss:  0.47642183617541667  train-loss:  0.35616006271447986  lr:  1.953125e-05
#epoch  68    val-loss:  0.47750720381736755  train-loss:  0.3560527735389769  lr:  9.765625e-06
#epoch  69    val-loss:  0.47391717998605026  train-loss:  0.35593107831664383  lr:  9.765625e-06
#epoch  70    val-loss:  0.4776369443065242  train-loss:  0.3559092478826642  lr:  9.765625e-06
#epoch  71    val-loss:  0.47540288536172165  train-loss:  0.35597352974582464  lr:  9.765625e-06
#epoch  72    val-loss:  0.47593255262625844  train-loss:  0.35599093919154257  lr:  9.765625e-06
#epoch  73    val-loss:  0.47711528445545  train-loss:  0.35593590943608433  lr:  4.8828125e-06
#epoch  74    val-loss:  0.4782829394465999  train-loss:  0.3559044797439128  lr:  4.8828125e-06
#epoch  75    val-loss:  0.4763341985250774  train-loss:  0.3559112526709214  lr:  4.8828125e-06
#epoch  76    val-loss:  0.4778290798789577  train-loss:  0.3559183336328715  lr:  2.44140625e-06
#epoch  77    val-loss:  0.4762803614139557  train-loss:  0.3559497653041035  lr:  2.44140625e-06
#epoch  78    val-loss:  0.4762045505799745  train-loss:  0.35588797414675355  lr:  2.44140625e-06
#epoch  79    val-loss:  0.4757621790233411  train-loss:  0.3559715037699789  lr:  1.220703125e-06
#epoch  80    val-loss:  0.47940866570723684  train-loss:  0.3558450387790799  lr:  1.220703125e-06
#epoch  81    val-loss:  0.4784654567116185  train-loss:  0.35592607932630926  lr:  1.220703125e-06
#epoch  82    val-loss:  0.4756434999014202  train-loss:  0.35582357074599713  lr:  6.103515625e-07
#epoch  83    val-loss:  0.47718271299412374  train-loss:  0.35584479640237987  lr:  6.103515625e-07
#epoch  84    val-loss:  0.47787956658162567  train-loss:  0.3558468045666814  lr:  6.103515625e-07
#epoch  85    val-loss:  0.4791943791665529  train-loss:  0.3558587050065398  lr:  3.0517578125e-07
#epoch  86    val-loss:  0.4778728469421989  train-loss:  0.35580069303978235  lr:  3.0517578125e-07
#epoch  87    val-loss:  0.4783009792629041  train-loss:  0.3558589817257598  lr:  3.0517578125e-07
#epoch  88    val-loss:  0.4767785009584929  train-loss:  0.3558819121681154  lr:  1.52587890625e-07
#epoch  89    val-loss:  0.47646590283042506  train-loss:  0.35585955367423594  lr:  1.52587890625e-07
#epoch  90    val-loss:  0.47615277139764084  train-loss:  0.3558842804050073  lr:  1.52587890625e-07
#epoch  91    val-loss:  0.4744058188639189  train-loss:  0.3558445783564821  lr:  7.62939453125e-08
#epoch  92    val-loss:  0.47703386921631663  train-loss:  0.35587536182720214  lr:  7.62939453125e-08
#epoch  93    val-loss:  0.4764389991760254  train-loss:  0.355875035864301  lr:  7.62939453125e-08
#epoch  94    val-loss:  0.47575539350509644  train-loss:  0.35579490242525935  lr:  3.814697265625e-08
#epoch  95    val-loss:  0.4770554962911104  train-loss:  0.3558492142474279  lr:  3.814697265625e-08
#epoch  96    val-loss:  0.476104094793922  train-loss:  0.355897571076639  lr:  3.814697265625e-08
#epoch  97    val-loss:  0.47922971844673157  train-loss:  0.3558423847425729  lr:  1.9073486328125e-08
#epoch  98    val-loss:  0.4775977291558918  train-loss:  0.3558564614504576  lr:  1.9073486328125e-08
#epoch  99    val-loss:  0.4768640665631545  train-loss:  0.355828222935088  lr:  1.9073486328125e-08
#epoch  100    val-loss:  0.4755317960914813  train-loss:  0.35591320833191276  lr:  1.9073486328125e-08
#epoch  101    val-loss:  0.4755714974905315  train-loss:  0.35592976259067655  lr:  1.9073486328125e-08
#epoch  102    val-loss:  0.4761080067408712  train-loss:  0.3558831055415794  lr:  1.9073486328125e-08
#epoch  103    val-loss:  0.4746459785260652  train-loss:  0.355836485279724  lr:  1.9073486328125e-08
#epoch  104    val-loss:  0.4739230824144263  train-loss:  0.3558587327133864  lr:  1.9073486328125e-08
#epoch  105    val-loss:  0.4771644284850673  train-loss:  0.35586291551589966  lr:  1.9073486328125e-08
#epoch  106    val-loss:  0.47597095370292664  train-loss:  0.35590377100743353  lr:  1.9073486328125e-08
#epoch  107    val-loss:  0.47732992862400253  train-loss:  0.35582102451007813  lr:  1.9073486328125e-08
#epoch  108    val-loss:  0.47393188507933365  train-loss:  0.3558562722755596  lr:  1.9073486328125e-08
#epoch  109    val-loss:  0.47486400604248047  train-loss:  0.3558875103481114  lr:  1.9073486328125e-08
#epoch  110    val-loss:  0.4791617220953891  train-loss:  0.355821818113327  lr:  1.9073486328125e-08
#epoch  111    val-loss:  0.4769919561712365  train-loss:  0.3558702199952677  lr:  1.9073486328125e-08
#epoch  112    val-loss:  0.4762416293746547  train-loss:  0.35586001945193857  lr:  1.9073486328125e-08
#epoch  113    val-loss:  0.4792204122794302  train-loss:  0.35588421300053596  lr:  1.9073486328125e-08
#epoch  114    val-loss:  0.4758328168015731  train-loss:  0.35581765917595476  lr:  1.9073486328125e-08
#epoch  115    val-loss:  0.47629000011243317  train-loss:  0.35586484032683074  lr:  1.9073486328125e-08
#epoch  116    val-loss:  0.47724492298929316  train-loss:  0.3558137036161497  lr:  1.9073486328125e-08
#epoch  117    val-loss:  0.4769135556722942  train-loss:  0.3558200830593705  lr:  1.9073486328125e-08
#epoch  118    val-loss:  0.4768298864364624  train-loss:  0.35591014940291643  lr:  1.9073486328125e-08
#epoch  119    val-loss:  0.4754342719128257  train-loss:  0.35593970655463636  lr:  1.9073486328125e-08
#epoch  120    val-loss:  0.4751271056501489  train-loss:  0.3558303622994572  lr:  1.9073486328125e-08
#epoch  121    val-loss:  0.47603264294172587  train-loss:  0.355961142340675  lr:  1.9073486328125e-08
#epoch  122    val-loss:  0.4771240212415394  train-loss:  0.3558395452564582  lr:  1.9073486328125e-08
#epoch  123    val-loss:  0.47669856328713267  train-loss:  0.35585992771666497  lr:  1.9073486328125e-08
#epoch  124    val-loss:  0.47925710521246256  train-loss:  0.35589194984640926  lr:  1.9073486328125e-08
#epoch  125    val-loss:  0.47447154396458674  train-loss:  0.3558807171648368  lr:  1.9073486328125e-08
#epoch  126    val-loss:  0.48009230431757477  train-loss:  0.35581650538370013  lr:  1.9073486328125e-08
#epoch  127    val-loss:  0.4744757209953509  train-loss:  0.3558898741612211  lr:  1.9073486328125e-08
#epoch  128    val-loss:  0.4768216798180028  train-loss:  0.3559328228002414  lr:  1.9073486328125e-08
#epoch  129    val-loss:  0.47532887364688675  train-loss:  0.3558993205660954  lr:  1.9073486328125e-08
#epoch  130    val-loss:  0.4753221947895853  train-loss:  0.35584805510006845  lr:  1.9073486328125e-08
#epoch  131    val-loss:  0.474955091350957  train-loss:  0.3558863744838163  lr:  1.9073486328125e-08
#epoch  132    val-loss:  0.4772947791375612  train-loss:  0.35587648255750537  lr:  1.9073486328125e-08
#epoch  133    val-loss:  0.4770541787147522  train-loss:  0.35590584168676287  lr:  1.9073486328125e-08
#epoch  134    val-loss:  0.47810019787989166  train-loss:  0.3558088925201446  lr:  1.9073486328125e-08
#epoch  135    val-loss:  0.4757531834276099  train-loss:  0.3558833027491346  lr:  1.9073486328125e-08
#epoch  136    val-loss:  0.4769483616477565  train-loss:  0.3558294653194025  lr:  1.9073486328125e-08
#epoch  137    val-loss:  0.47797747662192897  train-loss:  0.3558017574250698  lr:  1.9073486328125e-08
#epoch  138    val-loss:  0.47790434485987615  train-loss:  0.3558830711990595  lr:  1.9073486328125e-08
#epoch  139    val-loss:  0.47702017583345113  train-loss:  0.35583148628938943  lr:  1.9073486328125e-08
#epoch  140    val-loss:  0.4778476937821037  train-loss:  0.35591377632226795  lr:  1.9073486328125e-08
#epoch  141    val-loss:  0.47598661874469955  train-loss:  0.3558868707623333  lr:  1.9073486328125e-08
#epoch  142    val-loss:  0.47814225836804036  train-loss:  0.3558832927374169  lr:  1.9073486328125e-08
#epoch  143    val-loss:  0.47510236344839396  train-loss:  0.3558311793021858  lr:  1.9073486328125e-08
#epoch  144    val-loss:  0.47380288023697703  train-loss:  0.3558793216943741  lr:  1.9073486328125e-08
#epoch  145    val-loss:  0.4764136170086108  train-loss:  0.3559276123996824  lr:  1.9073486328125e-08
#epoch  146    val-loss:  0.4748481072877583  train-loss:  0.35583059408236295  lr:  1.9073486328125e-08
#epoch  147    val-loss:  0.47618451243952703  train-loss:  0.3559129838831723  lr:  1.9073486328125e-08
#epoch  148    val-loss:  0.47877583064531026  train-loss:  0.3557817260734737  lr:  1.9073486328125e-08
#epoch  149    val-loss:  0.4778618043974826  train-loss:  0.3558404514333233  lr:  1.9073486328125e-08
#epoch  150    val-loss:  0.47625493219024256  train-loss:  0.3558918267954141  lr:  1.9073486328125e-08
#epoch  151    val-loss:  0.4763313563246476  train-loss:  0.35593697614967823  lr:  1.9073486328125e-08
#epoch  152    val-loss:  0.478974102359069  train-loss:  0.35578398569487035  lr:  1.9073486328125e-08
#epoch  153    val-loss:  0.4768932367625989  train-loss:  0.3558752585668117  lr:  1.9073486328125e-08
#epoch  154    val-loss:  0.47738815138214513  train-loss:  0.3558277926640585  lr:  1.9073486328125e-08
#epoch  155    val-loss:  0.47526068750180694  train-loss:  0.3558093491010368  lr:  1.9073486328125e-08
#epoch  156    val-loss:  0.4800941787267986  train-loss:  0.3558463811641559  lr:  1.9073486328125e-08
#epoch  157    val-loss:  0.4755563814389078  train-loss:  0.35584194015245885  lr:  1.9073486328125e-08
#epoch  158    val-loss:  0.4758820376898113  train-loss:  0.3558668369660154  lr:  1.9073486328125e-08
#epoch  159    val-loss:  0.4771826408411327  train-loss:  0.35578072583302855  lr:  1.9073486328125e-08
#epoch  160    val-loss:  0.4773541626177336  train-loss:  0.3558809853857383  lr:  1.9073486328125e-08
#epoch  161    val-loss:  0.4776131197025901  train-loss:  0.3559337432961911  lr:  1.9073486328125e-08
#epoch  162    val-loss:  0.4770997841107218  train-loss:  0.3558909221319482  lr:  1.9073486328125e-08
#epoch  163    val-loss:  0.47904163285305623  train-loss:  0.3558846878586337  lr:  1.9073486328125e-08
#epoch  164    val-loss:  0.4769525198560012  train-loss:  0.35584244690835476  lr:  1.9073486328125e-08
#epoch  165    val-loss:  0.47611552163174276  train-loss:  0.3559579743305221  lr:  1.9073486328125e-08
#epoch  166    val-loss:  0.4760926475650386  train-loss:  0.3558467437978834  lr:  1.9073486328125e-08
#epoch  167    val-loss:  0.4745323940327293  train-loss:  0.35588630521669984  lr:  1.9073486328125e-08
#epoch  168    val-loss:  0.4792892650554055  train-loss:  0.35590610187500715  lr:  1.9073486328125e-08
#epoch  169    val-loss:  0.4769402397306342  train-loss:  0.35585742723196745  lr:  1.9073486328125e-08
#epoch  170    val-loss:  0.4774879436743887  train-loss:  0.3558563062688336  lr:  1.9073486328125e-08
#epoch  171    val-loss:  0.477336784726695  train-loss:  0.3559083230793476  lr:  1.9073486328125e-08
#epoch  172    val-loss:  0.4763267526501103  train-loss:  0.3558277109405026  lr:  1.9073486328125e-08
#epoch  173    val-loss:  0.476717577168816  train-loss:  0.3558755798730999  lr:  1.9073486328125e-08
#epoch  174    val-loss:  0.4783560429748736  train-loss:  0.3557983598439023  lr:  1.9073486328125e-08
#epoch  175    val-loss:  0.47522348165512085  train-loss:  0.3558791462564841  lr:  1.9073486328125e-08
#epoch  176    val-loss:  0.4792620774946715  train-loss:  0.3558663653675467  lr:  1.9073486328125e-08
#epoch  177    val-loss:  0.4769751617782994  train-loss:  0.35582964948844165  lr:  1.9073486328125e-08
#epoch  178    val-loss:  0.47920052942476776  train-loss:  0.35585907474160194  lr:  1.9073486328125e-08
#epoch  179    val-loss:  0.4788793560705687  train-loss:  0.3558580568060279  lr:  1.9073486328125e-08
#epoch  180    val-loss:  0.47556759966047185  train-loss:  0.35590228345245123  lr:  1.9073486328125e-08
#epoch  181    val-loss:  0.47567431079713923  train-loss:  0.35590851737651974  lr:  1.9073486328125e-08
#epoch  182    val-loss:  0.4767075479030609  train-loss:  0.3558120074449107  lr:  1.9073486328125e-08
#epoch  183    val-loss:  0.4783292365701575  train-loss:  0.35588808089960366  lr:  1.9073486328125e-08
#epoch  184    val-loss:  0.47715095783534806  train-loss:  0.35589758458081633  lr:  1.9073486328125e-08
#epoch  185    val-loss:  0.4753162092284152  train-loss:  0.35593187424819916  lr:  1.9073486328125e-08
#epoch  186    val-loss:  0.47634161773480865  train-loss:  0.3559201257303357  lr:  1.9073486328125e-08
#epoch  187    val-loss:  0.476463971953643  train-loss:  0.355773099581711  lr:  1.9073486328125e-08
#epoch  188    val-loss:  0.4749540482696734  train-loss:  0.3558107768185437  lr:  1.9073486328125e-08
#epoch  189    val-loss:  0.4770414766512419  train-loss:  0.35588742967229337  lr:  1.9073486328125e-08
#epoch  190    val-loss:  0.4752163589000702  train-loss:  0.3558102985844016  lr:  1.9073486328125e-08
#epoch  191    val-loss:  0.4774237118269268  train-loss:  0.3558759887237102  lr:  1.9073486328125e-08
#epoch  192    val-loss:  0.47644615643902827  train-loss:  0.35582490789238364  lr:  1.9073486328125e-08
#epoch  193    val-loss:  0.47702544613888387  train-loss:  0.3557782055577263  lr:  1.9073486328125e-08
#epoch  194    val-loss:  0.47526486610111435  train-loss:  0.3559411196038127  lr:  1.9073486328125e-08
#epoch  195    val-loss:  0.47563757080780833  train-loss:  0.35587712877895683  lr:  1.9073486328125e-08
#epoch  196    val-loss:  0.47883223546178716  train-loss:  0.3558436358580366  lr:  1.9073486328125e-08
#epoch  197    val-loss:  0.47636635366239044  train-loss:  0.3557999395998195  lr:  1.9073486328125e-08
#epoch  198    val-loss:  0.47639110998103495  train-loss:  0.35590994416270405  lr:  1.9073486328125e-08
#epoch  199    val-loss:  0.4753855655067845  train-loss:  0.35583784081973135  lr:  1.9073486328125e-08
#epoch  200    val-loss:  0.4779050820752194  train-loss:  0.3558939158683643  lr:  1.9073486328125e-08
#epoch  201    val-loss:  0.47711843252182007  train-loss:  0.35584198613651097  lr:  1.9073486328125e-08
#epoch  202    val-loss:  0.4764590530019057  train-loss:  0.3558854424627498  lr:  1.9073486328125e-08
#epoch  203    val-loss:  0.47677551758916753  train-loss:  0.35584267135709524  lr:  1.9073486328125e-08
#epoch  204    val-loss:  0.47708996659831  train-loss:  0.35584135924000293  lr:  1.9073486328125e-08
#epoch  205    val-loss:  0.47529989951535273  train-loss:  0.35585724480915815  lr:  1.9073486328125e-08
#epoch  206    val-loss:  0.475066403025075  train-loss:  0.35578502248972654  lr:  1.9073486328125e-08
#epoch  207    val-loss:  0.47508126654123006  train-loss:  0.35586661170236766  lr:  1.9073486328125e-08
#epoch  208    val-loss:  0.47681016827884476  train-loss:  0.3558795852586627  lr:  1.9073486328125e-08
#epoch  209    val-loss:  0.4794338612180007  train-loss:  0.35583881894126534  lr:  1.9073486328125e-08
#epoch  210    val-loss:  0.47562986612319946  train-loss:  0.3558961844537407  lr:  1.9073486328125e-08
#epoch  211    val-loss:  0.47933489241098104  train-loss:  0.35587906173896044  lr:  1.9073486328125e-08
#epoch  212    val-loss:  0.47689767103446157  train-loss:  0.3558708892669529  lr:  1.9073486328125e-08
#epoch  213    val-loss:  0.476553560871827  train-loss:  0.35591845004819334  lr:  1.9073486328125e-08
#epoch  214    val-loss:  0.4746440994112115  train-loss:  0.3558859070762992  lr:  1.9073486328125e-08
#epoch  215    val-loss:  0.4762654822123678  train-loss:  0.35584640386514366  lr:  1.9073486328125e-08
#epoch  216    val-loss:  0.47471477797156886  train-loss:  0.3559056033845991  lr:  1.9073486328125e-08
#epoch  217    val-loss:  0.4775438559682746  train-loss:  0.3559039883548394  lr:  1.9073486328125e-08
#epoch  218    val-loss:  0.4746973608669482  train-loss:  0.3558523947140202  lr:  1.9073486328125e-08
#epoch  219    val-loss:  0.47772357808916194  train-loss:  0.35580184659920633  lr:  1.9073486328125e-08
#epoch  220    val-loss:  0.4795393943786621  train-loss:  0.3559081527637318  lr:  1.9073486328125e-08
#epoch  221    val-loss:  0.4769034903300436  train-loss:  0.355821251636371  lr:  1.9073486328125e-08
#epoch  222    val-loss:  0.47861029129279287  train-loss:  0.35588032414671034  lr:  1.9073486328125e-08
#epoch  223    val-loss:  0.47585724058904144  train-loss:  0.35591311450116336  lr:  1.9073486328125e-08
#epoch  224    val-loss:  0.47728480320227773  train-loss:  0.35589183517731726  lr:  1.9073486328125e-08
#epoch  225    val-loss:  0.4748501118860747  train-loss:  0.35579571314156055  lr:  1.9073486328125e-08
#epoch  226    val-loss:  0.47671415303882797  train-loss:  0.3558601678814739  lr:  1.9073486328125e-08
#epoch  227    val-loss:  0.47428909571547256  train-loss:  0.355911408085376  lr:  1.9073486328125e-08
#epoch  228    val-loss:  0.4760641941898747  train-loss:  0.35591246036347  lr:  1.9073486328125e-08
#epoch  229    val-loss:  0.4770595164675462  train-loss:  0.3558154775528237  lr:  1.9073486328125e-08
#epoch  230    val-loss:  0.4756382703781128  train-loss:  0.3558730563381687  lr:  1.9073486328125e-08
#epoch  231    val-loss:  0.4754888493763773  train-loss:  0.3559186952188611  lr:  1.9073486328125e-08
#epoch  232    val-loss:  0.47691734370432404  train-loss:  0.35587579023558646  lr:  1.9073486328125e-08
#epoch  233    val-loss:  0.4781194423374377  train-loss:  0.35584319359622896  lr:  1.9073486328125e-08
#epoch  234    val-loss:  0.47745483172567266  train-loss:  0.3558915206231177  lr:  1.9073486328125e-08
#epoch  235    val-loss:  0.47696245030352946  train-loss:  0.35583128058351576  lr:  1.9073486328125e-08
#epoch  236    val-loss:  0.474781942994971  train-loss:  0.3558975288178772  lr:  1.9073486328125e-08
#epoch  237    val-loss:  0.475963399598473  train-loss:  0.3558626763988286  lr:  1.9073486328125e-08
#epoch  238    val-loss:  0.47689257013170344  train-loss:  0.35588295152410865  lr:  1.9073486328125e-08
#epoch  239    val-loss:  0.47706326528599385  train-loss:  0.35585946403443813  lr:  1.9073486328125e-08
#epoch  240    val-loss:  0.47712463767904983  train-loss:  0.35588011576328427  lr:  1.9073486328125e-08
#epoch  241    val-loss:  0.47680997534802083  train-loss:  0.35582242137752473  lr:  1.9073486328125e-08
#epoch  242    val-loss:  0.47639896210871246  train-loss:  0.35578689514659345  lr:  1.9073486328125e-08
#epoch  243    val-loss:  0.4794160190381502  train-loss:  0.3558970430167392  lr:  1.9073486328125e-08
#epoch  244    val-loss:  0.4768171059457879  train-loss:  0.3558848868124187  lr:  1.9073486328125e-08
#epoch  245    val-loss:  0.476854239639483  train-loss:  0.35593852575402707  lr:  1.9073486328125e-08
#epoch  246    val-loss:  0.4743488101582778  train-loss:  0.3559054508805275  lr:  1.9073486328125e-08
#epoch  247    val-loss:  0.4758344935743432  train-loss:  0.35588555748108774  lr:  1.9073486328125e-08
#epoch  248    val-loss:  0.4796943962574005  train-loss:  0.3558823065832257  lr:  1.9073486328125e-08
#epoch  249    val-loss:  0.4753819264863667  train-loss:  0.3558615136425942  lr:  1.9073486328125e-08
#epoch  250    val-loss:  0.47567407081001684  train-loss:  0.3559215491404757  lr:  1.9073486328125e-08
#epoch  251    val-loss:  0.47590795473048564  train-loss:  0.35585304733831435  lr:  1.9073486328125e-08
#epoch  252    val-loss:  0.48018693767095866  train-loss:  0.35590032767504454  lr:  1.9073486328125e-08
#epoch  253    val-loss:  0.4796810056033887  train-loss:  0.3558646631427109  lr:  1.9073486328125e-08
#epoch  254    val-loss:  0.4770061891329916  train-loss:  0.35587727441452444  lr:  1.9073486328125e-08
#epoch  255    val-loss:  0.47713253058885274  train-loss:  0.355893274769187  lr:  1.9073486328125e-08
#epoch  256    val-loss:  0.4791837083665948  train-loss:  0.35585845657624304  lr:  1.9073486328125e-08
#epoch  257    val-loss:  0.4755586903346212  train-loss:  0.35582872526720166  lr:  1.9073486328125e-08
#epoch  258    val-loss:  0.4759309542806525  train-loss:  0.35591733711771667  lr:  1.9073486328125e-08
#epoch  259    val-loss:  0.4747224371684225  train-loss:  0.3558679944835603  lr:  1.9073486328125e-08
#epoch  260    val-loss:  0.4783078839904384  train-loss:  0.3558306701015681  lr:  1.9073486328125e-08
#epoch  261    val-loss:  0.47955340931290075  train-loss:  0.3558701896108687  lr:  1.9073486328125e-08
#epoch  262    val-loss:  0.47756953772745636  train-loss:  0.35585658298805356  lr:  1.9073486328125e-08
#epoch  263    val-loss:  0.4771844760367745  train-loss:  0.3558355199638754  lr:  1.9073486328125e-08
#epoch  264    val-loss:  0.47701223273026316  train-loss:  0.3558933474123478  lr:  1.9073486328125e-08
#epoch  265    val-loss:  0.47988769882603693  train-loss:  0.3558409947436303  lr:  1.9073486328125e-08
#epoch  266    val-loss:  0.4748961345145577  train-loss:  0.3558865840313956  lr:  1.9073486328125e-08
#epoch  267    val-loss:  0.47534402263791936  train-loss:  0.35585721652023494  lr:  1.9073486328125e-08
#epoch  268    val-loss:  0.4763825629886828  train-loss:  0.35585328028537333  lr:  1.9073486328125e-08
#epoch  269    val-loss:  0.47508648979036433  train-loss:  0.35587677359580994  lr:  1.9073486328125e-08
#epoch  270    val-loss:  0.47905398199432775  train-loss:  0.35586161992978305  lr:  1.9073486328125e-08
#epoch  271    val-loss:  0.4764748403900548  train-loss:  0.35590598348062485  lr:  1.9073486328125e-08
#epoch  272    val-loss:  0.4763160489107433  train-loss:  0.35589298547711223  lr:  1.9073486328125e-08
#epoch  273    val-loss:  0.4781500179516642  train-loss:  0.35589623486157507  lr:  1.9073486328125e-08
#epoch  274    val-loss:  0.474093391707069  train-loss:  0.35583980253431946  lr:  1.9073486328125e-08
#epoch  275    val-loss:  0.47617972838251216  train-loss:  0.35587200382724404  lr:  1.9073486328125e-08
#epoch  276    val-loss:  0.47619035683180155  train-loss:  0.3559061990818009  lr:  1.9073486328125e-08
#epoch  277    val-loss:  0.4772026507478011  train-loss:  0.35582272324245423  lr:  1.9073486328125e-08
#epoch  278    val-loss:  0.4754292463001452  train-loss:  0.3558779067825526  lr:  1.9073486328125e-08
#epoch  279    val-loss:  0.4782140819649947  train-loss:  0.35585985181387514  lr:  1.9073486328125e-08
#epoch  280    val-loss:  0.4758391850873044  train-loss:  0.3559320908971131  lr:  1.9073486328125e-08
#epoch  281    val-loss:  0.4783421660724439  train-loss:  0.3558371034450829  lr:  1.9073486328125e-08
#epoch  282    val-loss:  0.4773546206323724  train-loss:  0.35591989546082914  lr:  1.9073486328125e-08
#epoch  283    val-loss:  0.47693983504646703  train-loss:  0.35590029356535524  lr:  1.9073486328125e-08
#epoch  284    val-loss:  0.4758344324011552  train-loss:  0.35589934478048235  lr:  1.9073486328125e-08
#epoch  285    val-loss:  0.476725498312398  train-loss:  0.3559578073909506  lr:  1.9073486328125e-08
#epoch  286    val-loss:  0.47494831210688543  train-loss:  0.35584331932477653  lr:  1.9073486328125e-08
#epoch  287    val-loss:  0.4793513840750644  train-loss:  0.3558556316420436  lr:  1.9073486328125e-08
#epoch  288    val-loss:  0.4753527751094417  train-loss:  0.35584968351759017  lr:  1.9073486328125e-08
#epoch  289    val-loss:  0.47791093117312383  train-loss:  0.35582868242636323  lr:  1.9073486328125e-08
#epoch  290    val-loss:  0.47623036252824885  train-loss:  0.3558928263373673  lr:  1.9073486328125e-08
#epoch  291    val-loss:  0.47719815059712056  train-loss:  0.3558741584420204  lr:  1.9073486328125e-08
#epoch  292    val-loss:  0.4787293452965586  train-loss:  0.35584612214006484  lr:  1.9073486328125e-08
#epoch  293    val-loss:  0.4759383609420375  train-loss:  0.355902225128375  lr:  1.9073486328125e-08
#epoch  294    val-loss:  0.47675456028235585  train-loss:  0.3558809288078919  lr:  1.9073486328125e-08
#epoch  295    val-loss:  0.47758795085706207  train-loss:  0.35596293630078435  lr:  1.9073486328125e-08
#epoch  296    val-loss:  0.4771254784182498  train-loss:  0.35586661973502487  lr:  1.9073486328125e-08
#epoch  297    val-loss:  0.478262932677018  train-loss:  0.3558781895553693  lr:  1.9073486328125e-08
#epoch  298    val-loss:  0.47668304725697164  train-loss:  0.35583846422377974  lr:  1.9073486328125e-08
#epoch  299    val-loss:  0.47758988173384415  train-loss:  0.35582506260834634  lr:  1.9073486328125e-08
#epoch  300    val-loss:  0.4778355469829158  train-loss:  0.35579008515924215  lr:  1.9073486328125e-08
#epoch  301    val-loss:  0.47816354036331177  train-loss:  0.3559227485675365  lr:  1.9073486328125e-08
#epoch  302    val-loss:  0.47498951303331477  train-loss:  0.3558390726102516  lr:  1.9073486328125e-08
#epoch  303    val-loss:  0.47560913311807734  train-loss:  0.3558170273900032  lr:  1.9073486328125e-08
#epoch  304    val-loss:  0.47602806593242447  train-loss:  0.3557972882408649  lr:  1.9073486328125e-08
#epoch  305    val-loss:  0.4753855325673756  train-loss:  0.3558342147152871  lr:  1.9073486328125e-08
#epoch  306    val-loss:  0.476046179470263  train-loss:  0.3558946306584403  lr:  1.9073486328125e-08
#epoch  307    val-loss:  0.4762831110703318  train-loss:  0.35590558289550245  lr:  1.9073486328125e-08
#epoch  308    val-loss:  0.4756872889242674  train-loss:  0.35587267263326794  lr:  1.9073486328125e-08
#epoch  309    val-loss:  0.4783734302771719  train-loss:  0.3558325545163825  lr:  1.9073486328125e-08
#epoch  310    val-loss:  0.4758367585508447  train-loss:  0.3558447868563235  lr:  1.9073486328125e-08
#epoch  311    val-loss:  0.4758752772682591  train-loss:  0.3558609050232917  lr:  1.9073486328125e-08
#epoch  312    val-loss:  0.47822096316437973  train-loss:  0.35586396302096546  lr:  1.9073486328125e-08
#epoch  313    val-loss:  0.47453323163484273  train-loss:  0.3558539195219055  lr:  1.9073486328125e-08
#epoch  314    val-loss:  0.4776939279154727  train-loss:  0.3558630703482777  lr:  1.9073486328125e-08
#epoch  315    val-loss:  0.4747659313051324  train-loss:  0.35587162722367793  lr:  1.9073486328125e-08
#epoch  316    val-loss:  0.4769108577778465  train-loss:  0.35588999767787755  lr:  1.9073486328125e-08
#epoch  317    val-loss:  0.47688715708883184  train-loss:  0.3558735593687743  lr:  1.9073486328125e-08
#epoch  318    val-loss:  0.47910747716301366  train-loss:  0.3559613674879074  lr:  1.9073486328125e-08
#epoch  319    val-loss:  0.47615494853571844  train-loss:  0.35588436108082533  lr:  1.9073486328125e-08
#epoch  320    val-loss:  0.47516716938269765  train-loss:  0.35585669486317784  lr:  1.9073486328125e-08
#epoch  321    val-loss:  0.4767653957793587  train-loss:  0.3558335223933682  lr:  1.9073486328125e-08
#epoch  322    val-loss:  0.47881026958164413  train-loss:  0.35587029135785997  lr:  1.9073486328125e-08
#epoch  323    val-loss:  0.48023432022646856  train-loss:  0.3559252511477098  lr:  1.9073486328125e-08
#epoch  324    val-loss:  0.477248268692117  train-loss:  0.3558346142526716  lr:  1.9073486328125e-08
#epoch  325    val-loss:  0.47544139937350627  train-loss:  0.3558638367103413  lr:  1.9073486328125e-08
#epoch  326    val-loss:  0.4767475755591142  train-loss:  0.35587517882231623  lr:  1.9073486328125e-08
#epoch  327    val-loss:  0.47996649616643  train-loss:  0.35590291069820523  lr:  1.9073486328125e-08
#epoch  328    val-loss:  0.4756476408556888  train-loss:  0.35580371995456517  lr:  1.9073486328125e-08
#epoch  329    val-loss:  0.4752015816537957  train-loss:  0.355914342449978  lr:  1.9073486328125e-08
#epoch  330    val-loss:  0.47697756008098  train-loss:  0.3558103677351028  lr:  1.9073486328125e-08
#epoch  331    val-loss:  0.4768477631242652  train-loss:  0.3558296546107158  lr:  1.9073486328125e-08
#epoch  332    val-loss:  0.47867328712814733  train-loss:  0.3558959412621334  lr:  1.9073486328125e-08
#epoch  333    val-loss:  0.4758301440038179  train-loss:  0.35585367819294333  lr:  1.9073486328125e-08
#epoch  334    val-loss:  0.4765538259556419  train-loss:  0.35583782522007823  lr:  1.9073486328125e-08
#epoch  335    val-loss:  0.47576970959964554  train-loss:  0.35592790064401925  lr:  1.9073486328125e-08
#epoch  336    val-loss:  0.475986300330413  train-loss:  0.3558359987800941  lr:  1.9073486328125e-08
#epoch  337    val-loss:  0.47531218120926305  train-loss:  0.35584709397517145  lr:  1.9073486328125e-08
#epoch  338    val-loss:  0.4757311783338848  train-loss:  0.3558051702566445  lr:  1.9073486328125e-08
#epoch  339    val-loss:  0.4764615344373803  train-loss:  0.35585442860610783  lr:  1.9073486328125e-08
#epoch  340    val-loss:  0.4745576240514454  train-loss:  0.3558862768113613  lr:  1.9073486328125e-08
#epoch  341    val-loss:  0.47931606361740514  train-loss:  0.3558386033400893  lr:  1.9073486328125e-08
#epoch  342    val-loss:  0.4765433731832002  train-loss:  0.3559315912425518  lr:  1.9073486328125e-08
#epoch  343    val-loss:  0.47520740565500763  train-loss:  0.35591280518565327  lr:  1.9073486328125e-08
#epoch  344    val-loss:  0.4790010875777194  train-loss:  0.3558220717823133  lr:  1.9073486328125e-08
#epoch  345    val-loss:  0.47726330004240336  train-loss:  0.3558426753152162  lr:  1.9073486328125e-08
#epoch  346    val-loss:  0.47495229463828237  train-loss:  0.3558490901486948  lr:  1.9073486328125e-08
#epoch  347    val-loss:  0.4784664245028245  train-loss:  0.3558483613887802  lr:  1.9073486328125e-08
#epoch  348    val-loss:  0.4783317760417336  train-loss:  0.3558517675846815  lr:  1.9073486328125e-08
#epoch  349    val-loss:  0.4738206784976156  train-loss:  0.35585090529639274  lr:  1.9073486328125e-08
#epoch  350    val-loss:  0.47554123401641846  train-loss:  0.35582528018858284  lr:  1.9073486328125e-08
#epoch  351    val-loss:  0.47604000411535563  train-loss:  0.3558047453407198  lr:  1.9073486328125e-08
#epoch  352    val-loss:  0.47447698210415085  train-loss:  0.35584540315903723  lr:  1.9073486328125e-08
#epoch  353    val-loss:  0.47643707771050303  train-loss:  0.35583202610723674  lr:  1.9073486328125e-08
#epoch  354    val-loss:  0.4755056704345502  train-loss:  0.3558989749290049  lr:  1.9073486328125e-08
#epoch  355    val-loss:  0.4802537340866892  train-loss:  0.35587321571074426  lr:  1.9073486328125e-08
#epoch  356    val-loss:  0.47509134286328364  train-loss:  0.3558559656376019  lr:  1.9073486328125e-08
#epoch  357    val-loss:  0.4772673343357287  train-loss:  0.35582749836612493  lr:  1.9073486328125e-08
#epoch  358    val-loss:  0.4758098596020749  train-loss:  0.35585206316318363  lr:  1.9073486328125e-08
#epoch  359    val-loss:  0.4755066194032368  train-loss:  0.3558725289767608  lr:  1.9073486328125e-08
#epoch  360    val-loss:  0.47578880661412287  train-loss:  0.35591694328468293  lr:  1.9073486328125e-08
#epoch  361    val-loss:  0.47665709413980184  train-loss:  0.35586021991912276  lr:  1.9073486328125e-08
#epoch  362    val-loss:  0.47578905130687515  train-loss:  0.35592175472993404  lr:  1.9073486328125e-08
#epoch  363    val-loss:  0.47909802355264364  train-loss:  0.3558354543056339  lr:  1.9073486328125e-08
#epoch  364    val-loss:  0.47805792250131307  train-loss:  0.35584463097620755  lr:  1.9073486328125e-08
#epoch  365    val-loss:  0.47593493053787633  train-loss:  0.3559129050699994  lr:  1.9073486328125e-08
#epoch  366    val-loss:  0.47525719435591446  train-loss:  0.3559079790720716  lr:  1.9073486328125e-08
#epoch  367    val-loss:  0.4779625487954993  train-loss:  0.3558742755558342  lr:  1.9073486328125e-08
#epoch  368    val-loss:  0.476312728304612  train-loss:  0.35580301040317863  lr:  1.9073486328125e-08
#epoch  369    val-loss:  0.4746654190515217  train-loss:  0.35586661065462977  lr:  1.9073486328125e-08
#epoch  370    val-loss:  0.47692766471912984  train-loss:  0.3558774422854185  lr:  1.9073486328125e-08
#epoch  371    val-loss:  0.4768164032383969  train-loss:  0.3558028500992805  lr:  1.9073486328125e-08
#epoch  372    val-loss:  0.47712246054097224  train-loss:  0.35592101723887026  lr:  1.9073486328125e-08
#epoch  373    val-loss:  0.47673869446704265  train-loss:  0.3558428620453924  lr:  1.9073486328125e-08
#epoch  374    val-loss:  0.47928919133387116  train-loss:  0.3558777536964044  lr:  1.9073486328125e-08
#epoch  375    val-loss:  0.47807357970036957  train-loss:  0.3558820004109293  lr:  1.9073486328125e-08
#epoch  376    val-loss:  0.47532257123997335  train-loss:  0.3558396066073328  lr:  1.9073486328125e-08
#epoch  377    val-loss:  0.47505569301153483  train-loss:  0.3558784316992387  lr:  1.9073486328125e-08
#epoch  378    val-loss:  0.4771369585865422  train-loss:  0.35583825851790607  lr:  1.9073486328125e-08
#epoch  379    val-loss:  0.47734271695739344  train-loss:  0.3558863496873528  lr:  1.9073486328125e-08
#epoch  380    val-loss:  0.47594978464277166  train-loss:  0.3558546061394736  lr:  1.9073486328125e-08
#epoch  381    val-loss:  0.4783652801262705  train-loss:  0.35586063005030155  lr:  1.9073486328125e-08
#epoch  382    val-loss:  0.4770597784142745  train-loss:  0.35587893368210644  lr:  1.9073486328125e-08
#epoch  383    val-loss:  0.47717684193661336  train-loss:  0.3558801523176953  lr:  1.9073486328125e-08
#epoch  384    val-loss:  0.47736052619783503  train-loss:  0.3558909292332828  lr:  1.9073486328125e-08
#epoch  385    val-loss:  0.47755181475689534  train-loss:  0.3558862984646112  lr:  1.9073486328125e-08
#epoch  386    val-loss:  0.4745586090966275  train-loss:  0.355968996649608  lr:  1.9073486328125e-08
#epoch  387    val-loss:  0.47730050745763275  train-loss:  0.35584870527964085  lr:  1.9073486328125e-08
#epoch  388    val-loss:  0.4761887145669837  train-loss:  0.3558428109390661  lr:  1.9073486328125e-08
#epoch  389    val-loss:  0.47690870259937485  train-loss:  0.3558581518009305  lr:  1.9073486328125e-08
#epoch  390    val-loss:  0.47640567861105265  train-loss:  0.3558733343379572  lr:  1.9073486328125e-08
#epoch  391    val-loss:  0.4775376382626985  train-loss:  0.35584416589699686  lr:  1.9073486328125e-08
#epoch  392    val-loss:  0.47640492571027654  train-loss:  0.355806001345627  lr:  1.9073486328125e-08
#epoch  393    val-loss:  0.47634698842701156  train-loss:  0.35583772673271596  lr:  1.9073486328125e-08
#epoch  394    val-loss:  0.474957171239351  train-loss:  0.35588134569115937  lr:  1.9073486328125e-08
#epoch  395    val-loss:  0.47599823537625763  train-loss:  0.35585036606062204  lr:  1.9073486328125e-08
#epoch  396    val-loss:  0.47518144626366465  train-loss:  0.355825089616701  lr:  1.9073486328125e-08
#epoch  397    val-loss:  0.4770186245441437  train-loss:  0.35583243530709296  lr:  1.9073486328125e-08
#epoch  398    val-loss:  0.476299629399651  train-loss:  0.35587341827340424  lr:  1.9073486328125e-08
#epoch  399    val-loss:  0.47753432549928365  train-loss:  0.3558742682216689  lr:  1.9073486328125e-08
#epoch  400    val-loss:  0.47505128697345134  train-loss:  0.3558603379642591  lr:  1.9073486328125e-08
#epoch  401    val-loss:  0.477138489484787  train-loss:  0.35587029007729143  lr:  1.9073486328125e-08
#epoch  402    val-loss:  0.47504948942284836  train-loss:  0.35588588507380337  lr:  1.9073486328125e-08
#epoch  403    val-loss:  0.4785207274713014  train-loss:  0.355797330965288  lr:  1.9073486328125e-08
#epoch  404    val-loss:  0.47458418733195257  train-loss:  0.35581945173908025  lr:  1.9073486328125e-08
#epoch  405    val-loss:  0.47641339741255107  train-loss:  0.35585839359555393  lr:  1.9073486328125e-08
#epoch  406    val-loss:  0.47643408649846125  train-loss:  0.355834161513485  lr:  1.9073486328125e-08
#epoch  407    val-loss:  0.47695301865276535  train-loss:  0.3558411457343027  lr:  1.9073486328125e-08
#epoch  408    val-loss:  0.477274300236451  train-loss:  0.3558571001049131  lr:  1.9073486328125e-08
#epoch  409    val-loss:  0.4758944746695067  train-loss:  0.3559531989740208  lr:  1.9073486328125e-08
#epoch  410    val-loss:  0.4778600382177453  train-loss:  0.3558212077477947  lr:  1.9073486328125e-08
#epoch  411    val-loss:  0.4784196176026997  train-loss:  0.3558541445527226  lr:  1.9073486328125e-08
#epoch  412    val-loss:  0.47458428144454956  train-loss:  0.3558364805066958  lr:  1.9073486328125e-08
#epoch  413    val-loss:  0.4791091555043271  train-loss:  0.3558746000053361  lr:  1.9073486328125e-08
#epoch  414    val-loss:  0.4791323903359865  train-loss:  0.35587677522562444  lr:  1.9073486328125e-08
#epoch  415    val-loss:  0.4769554577375713  train-loss:  0.35582113557029516  lr:  1.9073486328125e-08
#epoch  416    val-loss:  0.4793735068095358  train-loss:  0.3558147008297965  lr:  1.9073486328125e-08
#epoch  417    val-loss:  0.47885507031490926  train-loss:  0.35587959305848926  lr:  1.9073486328125e-08
#epoch  418    val-loss:  0.47654395354421514  train-loss:  0.35584670619573444  lr:  1.9073486328125e-08
#epoch  419    val-loss:  0.47670046593013565  train-loss:  0.3558210104238242  lr:  1.9073486328125e-08
#epoch  420    val-loss:  0.4764988171426873  train-loss:  0.3558490596478805  lr:  1.9073486328125e-08
#epoch  421    val-loss:  0.47710489599328293  train-loss:  0.3558112527243793  lr:  1.9073486328125e-08
#epoch  422    val-loss:  0.475807249546051  train-loss:  0.35582823713775724  lr:  1.9073486328125e-08
#epoch  423    val-loss:  0.4778148673082653  train-loss:  0.35587641585152596  lr:  1.9073486328125e-08
#epoch  424    val-loss:  0.47577535478692307  train-loss:  0.35581978876143694  lr:  1.9073486328125e-08
#epoch  425    val-loss:  0.47479848642098277  train-loss:  0.35588674643076956  lr:  1.9073486328125e-08
#epoch  426    val-loss:  0.4764395732628672  train-loss:  0.3558794545242563  lr:  1.9073486328125e-08
#epoch  427    val-loss:  0.4762463208876158  train-loss:  0.3558464989764616  lr:  1.9073486328125e-08
#epoch  428    val-loss:  0.47692424215768514  train-loss:  0.3558625434525311  lr:  1.9073486328125e-08
#epoch  429    val-loss:  0.4748472838025344  train-loss:  0.355915425112471  lr:  1.9073486328125e-08
#epoch  430    val-loss:  0.4749886330805327  train-loss:  0.35588139307219535  lr:  1.9073486328125e-08
#epoch  431    val-loss:  0.4772336561428873  train-loss:  0.35587129334453493  lr:  1.9073486328125e-08
#epoch  432    val-loss:  0.4769866137128127  train-loss:  0.3558969561709091  lr:  1.9073486328125e-08
#epoch  433    val-loss:  0.47722724864357396  train-loss:  0.3558412690181285  lr:  1.9073486328125e-08
#epoch  434    val-loss:  0.4762041694239566  train-loss:  0.3558771527605131  lr:  1.9073486328125e-08
#epoch  435    val-loss:  0.4776413989694495  train-loss:  0.35584014747291803  lr:  1.9073486328125e-08
#epoch  436    val-loss:  0.47738346771190043  train-loss:  0.35593897628132254  lr:  1.9073486328125e-08
#epoch  437    val-loss:  0.4793003389709874  train-loss:  0.35585213999729604  lr:  1.9073486328125e-08
#epoch  438    val-loss:  0.47462012893275213  train-loss:  0.3558188545284793  lr:  1.9073486328125e-08
#epoch  439    val-loss:  0.48022044175549555  train-loss:  0.3558840644545853  lr:  1.9073486328125e-08
#epoch  440    val-loss:  0.47661299611392777  train-loss:  0.35592710645869374  lr:  1.9073486328125e-08
#epoch  441    val-loss:  0.47689134509939896  train-loss:  0.35584135784301907  lr:  1.9073486328125e-08
#epoch  442    val-loss:  0.47603412521512883  train-loss:  0.3558955993503332  lr:  1.9073486328125e-08
#epoch  443    val-loss:  0.4748882776812503  train-loss:  0.35582113021519035  lr:  1.9073486328125e-08
#epoch  444    val-loss:  0.4761763716998853  train-loss:  0.35584718466270715  lr:  1.9073486328125e-08
#epoch  445    val-loss:  0.47593895385139867  train-loss:  0.3558578252559528  lr:  1.9073486328125e-08
#epoch  446    val-loss:  0.47632924192830134  train-loss:  0.3558711801888421  lr:  1.9073486328125e-08
#epoch  447    val-loss:  0.47822873843343633  train-loss:  0.35586153145413846  lr:  1.9073486328125e-08
#epoch  448    val-loss:  0.47898493001335546  train-loss:  0.35578321770299226  lr:  1.9073486328125e-08
#epoch  449    val-loss:  0.47703500170456736  train-loss:  0.3558941553346813  lr:  1.9073486328125e-08
#epoch  450    val-loss:  0.4792003678648095  train-loss:  0.3558510864386335  lr:  1.9073486328125e-08
#epoch  451    val-loss:  0.47706622826425654  train-loss:  0.35587088752072304  lr:  1.9073486328125e-08
#epoch  452    val-loss:  0.4791436571823923  train-loss:  0.35583492438308895  lr:  1.9073486328125e-08
#epoch  453    val-loss:  0.4764627673124012  train-loss:  0.35585890361107886  lr:  1.9073486328125e-08
#epoch  454    val-loss:  0.4765461228395763  train-loss:  0.3558870193082839  lr:  1.9073486328125e-08
#epoch  455    val-loss:  0.4763177460745761  train-loss:  0.35585504840128124  lr:  1.9073486328125e-08
#epoch  456    val-loss:  0.47677725396658244  train-loss:  0.3557890652446076  lr:  1.9073486328125e-08
#epoch  457    val-loss:  0.47699866639940364  train-loss:  0.35588679276406765  lr:  1.9073486328125e-08
#epoch  458    val-loss:  0.4761193190750323  train-loss:  0.35583964409306645  lr:  1.9073486328125e-08
#epoch  459    val-loss:  0.47460836799521194  train-loss:  0.35589652962516993  lr:  1.9073486328125e-08
#epoch  460    val-loss:  0.47746100864912333  train-loss:  0.3559109742054716  lr:  1.9073486328125e-08
#epoch  461    val-loss:  0.47697684953087255  train-loss:  0.3558792454423383  lr:  1.9073486328125e-08
#epoch  462    val-loss:  0.4781863250230488  train-loss:  0.35584529931657016  lr:  1.9073486328125e-08
#epoch  463    val-loss:  0.47707611165548625  train-loss:  0.35590823751408607  lr:  1.9073486328125e-08
#epoch  464    val-loss:  0.47621621897346095  train-loss:  0.35580657923128456  lr:  1.9073486328125e-08
#epoch  465    val-loss:  0.47663992643356323  train-loss:  0.35583369550295174  lr:  1.9073486328125e-08
#epoch  466    val-loss:  0.47713850987584966  train-loss:  0.35581883892882615  lr:  1.9073486328125e-08
#epoch  467    val-loss:  0.4792588588438536  train-loss:  0.3559204515768215  lr:  1.9073486328125e-08
#epoch  468    val-loss:  0.48006820835565267  train-loss:  0.35589156742207706  lr:  1.9073486328125e-08
#epoch  469    val-loss:  0.4785650435246919  train-loss:  0.35591537202708423  lr:  1.9073486328125e-08
#epoch  470    val-loss:  0.4769716639267771  train-loss:  0.35582559334579855  lr:  1.9073486328125e-08
#epoch  471    val-loss:  0.4758872013343008  train-loss:  0.35591722605749965  lr:  1.9073486328125e-08
#epoch  472    val-loss:  0.4762282057812339  train-loss:  0.3558664423180744  lr:  1.9073486328125e-08
#epoch  473    val-loss:  0.4750773624369973  train-loss:  0.355820860597305  lr:  1.9073486328125e-08
#epoch  474    val-loss:  0.4785306390963103  train-loss:  0.355782026425004  lr:  1.9073486328125e-08
#epoch  475    val-loss:  0.4782763217624865  train-loss:  0.35583995352499187  lr:  1.9073486328125e-08
#epoch  476    val-loss:  0.47859625283040497  train-loss:  0.35585492849349976  lr:  1.9073486328125e-08
#epoch  477    val-loss:  0.4765965295465369  train-loss:  0.3558884300291538  lr:  1.9073486328125e-08
#epoch  478    val-loss:  0.47917716754110234  train-loss:  0.35583604231942445  lr:  1.9073486328125e-08
#epoch  479    val-loss:  0.4763770777928202  train-loss:  0.35586246708408  lr:  1.9073486328125e-08
#epoch  480    val-loss:  0.4764689991348668  train-loss:  0.35589324799366295  lr:  1.9073486328125e-08
#epoch  481    val-loss:  0.47636062063668905  train-loss:  0.3558845006627962  lr:  1.9073486328125e-08
#epoch  482    val-loss:  0.4761883036086434  train-loss:  0.3558446146780625  lr:  1.9073486328125e-08
#epoch  483    val-loss:  0.4785149677803642  train-loss:  0.3558711991645396  lr:  1.9073486328125e-08
#epoch  484    val-loss:  0.4765160742558931  train-loss:  0.35590604634489864  lr:  1.9073486328125e-08
#epoch  485    val-loss:  0.4783039751805757  train-loss:  0.3558981636306271  lr:  1.9073486328125e-08
#epoch  486    val-loss:  0.4746832847595215  train-loss:  0.3558587863808498  lr:  1.9073486328125e-08
#epoch  487    val-loss:  0.4761323285730262  train-loss:  0.35584203945472836  lr:  1.9073486328125e-08
#epoch  488    val-loss:  0.4761776437884883  train-loss:  0.35592129605356604  lr:  1.9073486328125e-08
#epoch  489    val-loss:  0.477768527834039  train-loss:  0.35581399383954704  lr:  1.9073486328125e-08
#epoch  490    val-loss:  0.4769951795276843  train-loss:  0.355924608069472  lr:  1.9073486328125e-08
#epoch  491    val-loss:  0.47844651498292623  train-loss:  0.35590955475345254  lr:  1.9073486328125e-08
#epoch  492    val-loss:  0.47599086635991145  train-loss:  0.35586956364568323  lr:  1.9073486328125e-08
#epoch  493    val-loss:  0.47643857723788213  train-loss:  0.3559285325463861  lr:  1.9073486328125e-08
#epoch  494    val-loss:  0.47682681993434306  train-loss:  0.35581009020097554  lr:  1.9073486328125e-08
#epoch  495    val-loss:  0.4752001636906674  train-loss:  0.35592249571345747  lr:  1.9073486328125e-08
#epoch  496    val-loss:  0.47713337917076915  train-loss:  0.35591771895997226  lr:  1.9073486328125e-08
#epoch  497    val-loss:  0.4792284730233644  train-loss:  0.3558364767814055  lr:  1.9073486328125e-08
#epoch  498    val-loss:  0.47823446047933477  train-loss:  0.3558156352955848  lr:  1.9073486328125e-08
#epoch  499    val-loss:  0.4747617150607862  train-loss:  0.3558173117926344  lr:  1.9073486328125e-08
