model 54ea7814c644a45e3de221b5d7b99f9179a2e5d12acf25fb5a1fefa6 state_dict has been found
Loaded the existing model
data_address /scratch/zanna/data/cm2.6/coarse_4_surface.zarr
0 0.0 0.0
1 0.0 1.0
2 0.0 2.0
3 0.0 3.0
4 0.0 4.0
5 0.0 5.0
6 0.0 6.0
7 0.0 7.0
data_address /scratch/zanna/data/cm2.6/coarse_4_beneath_surface.zarr
0 5.03355 0.0
1 5.03355 1.0
2 5.03355 2.0
3 5.03355 3.0
4 5.03355 4.0
5 5.03355 5.0
6 5.03355 6.0
7 5.03355 7.0
data_address /scratch/zanna/data/cm2.6/coarse_4_beneath_surface.zarr
0 55.85325 0.0
1 55.85325 1.0
2 55.85325 2.0
3 55.85325 3.0
4 55.85325 4.0
5 55.85325 5.0
6 55.85325 6.0
7 55.85325 7.0
data_address /scratch/zanna/data/cm2.6/coarse_4_beneath_surface.zarr
0 110.09615 0.0
1 110.09615 1.0
2 110.09615 2.0
3 110.09615 3.0
4 110.09615 4.0
5 110.09615 5.0
6 110.09615 6.0
7 110.09615 7.0
data_address /scratch/zanna/data/cm2.6/coarse_4_beneath_surface.zarr
0 181.31245 0.0
1 181.31245 1.0
2 181.31245 2.0
3 181.31245 3.0
4 181.31245 4.0
5 181.31245 5.0
6 181.31245 6.0
7 181.31245 7.0
data_address /scratch/zanna/data/cm2.6/coarse_4_beneath_surface.zarr
0 330.00775 0.0
1 330.00775 1.0
2 330.00775 2.0
3 330.00775 3.0
4 330.00775 4.0
5 330.00775 5.0
6 330.00775 6.0
7 330.00775 7.0
data_address /scratch/zanna/data/cm2.6/coarse_4_beneath_surface.zarr
0 1497.5619 0.0
1 1497.5619 1.0
2 1497.5619 2.0
3 1497.5619 3.0
4 1497.5619 4.0
5 1497.5619 5.0
6 1497.5619 6.0
7 1497.5619 7.0
